2021-07-25 13:00:26,290 - root - ERROR - Logger has been set to: INFO
2021-07-25 13:00:26,297 - root - INFO - OMP_NUM_THREADS was not found in environment variables. An automatic value will be set.
2021-07-25 13:00:26,301 - root - INFO - OMP_NUM_THREADS will be set to 2
2021-07-25 13:00:26,304 - root - INFO - >> No specified state-file. By default, Deformetrica state will by saved in file: output/deformetrica-state.p.
2021-07-25 13:00:26,331 - deformetrica.core.models.model_functions - INFO - >> Reading 200 initial control points from file images/mask_initial_control_points/mask_03_initial_control_points.txt.
2021-07-25 13:00:26,333 - deformetrica.core.models.model_functions - INFO - >> Momenta initialized to zero, for 5 subjects.
2021-07-25 13:00:26,334 - root - INFO - >> Started estimator: GradientAscent
2021-07-25 13:00:27,195 - deformetrica.core.estimators.gradient_ascent - INFO - ------------------------------------- Iteration: 0 -------------------------------------
2021-07-25 13:00:27,196 - deformetrica.core.estimators.gradient_ascent - INFO - >> Log-likelihood = -7.236E+05 	 [ attachment = -7.236E+05 ; regularity = 0.000E+00 ]
2021-07-25 13:00:27,198 - deformetrica.core.estimators.gradient_ascent - INFO - >> Step size and gradient norm: 
2021-07-25 13:00:27,200 - deformetrica.core.estimators.gradient_ascent - INFO - 		2.627E-05   and   3.807E+04 	[ landmark_points ]
2021-07-25 13:00:27,202 - deformetrica.core.estimators.gradient_ascent - INFO - 		7.573E-05   and   1.320E+04 	[ momenta ]
2021-07-25 13:00:27,667 - deformetrica.core.estimators.gradient_ascent - INFO - ------------------------------------- Iteration: 1 -------------------------------------
2021-07-25 13:00:27,668 - deformetrica.core.estimators.gradient_ascent - INFO - >> Log-likelihood = -7.036E+05 	 [ attachment = -7.036E+05 ; regularity = -1.777E+00 ]
2021-07-25 13:00:28,369 - deformetrica.core.estimators.gradient_ascent - INFO - >> Step size and gradient norm: 
2021-07-25 13:00:28,371 - deformetrica.core.estimators.gradient_ascent - INFO - 		3.940E-05   and   3.690E+04 	[ landmark_points ]
2021-07-25 13:00:28,374 - deformetrica.core.estimators.gradient_ascent - INFO - 		1.136E-04   and   1.295E+04 	[ momenta ]
2021-07-25 13:00:28,835 - deformetrica.core.estimators.gradient_ascent - INFO - ------------------------------------- Iteration: 2 -------------------------------------
2021-07-25 13:00:28,837 - deformetrica.core.estimators.gradient_ascent - INFO - >> Log-likelihood = -6.753E+05 	 [ attachment = -6.753E+05 ; regularity = -1.084E+01 ]
2021-07-25 13:00:29,625 - deformetrica.core.estimators.gradient_ascent - INFO - >> Step size and gradient norm: 
2021-07-25 13:00:29,627 - deformetrica.core.estimators.gradient_ascent - INFO - 		5.910E-05   and   3.518E+04 	[ landmark_points ]
2021-07-25 13:00:29,629 - deformetrica.core.estimators.gradient_ascent - INFO - 		1.704E-04   and   1.256E+04 	[ momenta ]
2021-07-25 13:00:30,076 - deformetrica.core.estimators.gradient_ascent - INFO - ------------------------------------- Iteration: 3 -------------------------------------
2021-07-25 13:00:30,078 - deformetrica.core.estimators.gradient_ascent - INFO - >> Log-likelihood = -6.359E+05 	 [ attachment = -6.358E+05 ; regularity = -3.774E+01 ]
2021-07-25 13:00:31,068 - deformetrica.core.estimators.gradient_ascent - INFO - >> Step size and gradient norm: 
2021-07-25 13:00:31,069 - deformetrica.core.estimators.gradient_ascent - INFO - 		8.865E-05   and   3.266E+04 	[ landmark_points ]
2021-07-25 13:00:31,072 - deformetrica.core.estimators.gradient_ascent - INFO - 		2.556E-04   and   1.200E+04 	[ momenta ]
2021-07-25 13:00:31,768 - deformetrica.core.estimators.gradient_ascent - INFO - ------------------------------------- Iteration: 4 -------------------------------------
2021-07-25 13:00:31,770 - deformetrica.core.estimators.gradient_ascent - INFO - >> Log-likelihood = -5.834E+05 	 [ attachment = -5.833E+05 ; regularity = -1.045E+02 ]
2021-07-25 13:00:32,830 - deformetrica.core.estimators.gradient_ascent - INFO - >> Step size and gradient norm: 
2021-07-25 13:00:32,833 - deformetrica.core.estimators.gradient_ascent - INFO - 		1.330E-04   and   2.909E+04 	[ landmark_points ]
2021-07-25 13:00:32,834 - deformetrica.core.estimators.gradient_ascent - INFO - 		3.834E-04   and   1.120E+04 	[ momenta ]
2021-07-25 13:00:33,471 - deformetrica.core.estimators.gradient_ascent - INFO - ------------------------------------- Iteration: 5 -------------------------------------
2021-07-25 13:00:33,474 - deformetrica.core.estimators.gradient_ascent - INFO - >> Log-likelihood = -5.177E+05 	 [ attachment = -5.174E+05 ; regularity = -2.534E+02 ]
2021-07-25 13:00:34,508 - deformetrica.core.estimators.gradient_ascent - INFO - >> Step size and gradient norm: 
2021-07-25 13:00:34,510 - deformetrica.core.estimators.gradient_ascent - INFO - 		1.995E-04   and   2.424E+04 	[ landmark_points ]
2021-07-25 13:00:34,511 - deformetrica.core.estimators.gradient_ascent - INFO - 		5.751E-04   and   1.008E+04 	[ momenta ]
2021-07-25 13:00:35,308 - deformetrica.core.estimators.gradient_ascent - INFO - ------------------------------------- Iteration: 6 -------------------------------------
2021-07-25 13:00:35,309 - deformetrica.core.estimators.gradient_ascent - INFO - >> Log-likelihood = -4.423E+05 	 [ attachment = -4.418E+05 ; regularity = -5.548E+02 ]
2021-07-25 13:00:37,011 - deformetrica.core.estimators.gradient_ascent - INFO - >> Step size and gradient norm: 
2021-07-25 13:00:37,014 - deformetrica.core.estimators.gradient_ascent - INFO - 		2.992E-04   and   1.827E+04 	[ landmark_points ]
2021-07-25 13:00:37,015 - deformetrica.core.estimators.gradient_ascent - INFO - 		8.627E-04   and   8.623E+03 	[ momenta ]
2021-07-25 13:00:38,051 - deformetrica.core.estimators.gradient_ascent - INFO - ------------------------------------- Iteration: 7 -------------------------------------
2021-07-25 13:00:38,052 - deformetrica.core.estimators.gradient_ascent - INFO - >> Log-likelihood = -3.657E+05 	 [ attachment = -3.646E+05 ; regularity = -1.103E+03 ]
2021-07-25 13:00:39,137 - deformetrica.core.estimators.gradient_ascent - INFO - >> Step size and gradient norm: 
2021-07-25 13:00:39,140 - deformetrica.core.estimators.gradient_ascent - INFO - 		4.488E-04   and   1.208E+04 	[ landmark_points ]
2021-07-25 13:00:39,144 - deformetrica.core.estimators.gradient_ascent - INFO - 		1.294E-03   and   6.910E+03 	[ momenta ]
2021-07-25 13:00:39,859 - deformetrica.core.estimators.gradient_ascent - INFO - ------------------------------------- Iteration: 8 -------------------------------------
2021-07-25 13:00:39,861 - deformetrica.core.estimators.gradient_ascent - INFO - >> Log-likelihood = -2.980E+05 	 [ attachment = -2.961E+05 ; regularity = -1.974E+03 ]
2021-07-25 13:00:40,753 - deformetrica.core.estimators.gradient_ascent - INFO - >> Step size and gradient norm: 
2021-07-25 13:00:40,756 - deformetrica.core.estimators.gradient_ascent - INFO - 		6.732E-04   and   7.303E+03 	[ landmark_points ]
2021-07-25 13:00:40,758 - deformetrica.core.estimators.gradient_ascent - INFO - 		1.941E-03   and   5.137E+03 	[ momenta ]
2021-07-25 13:00:41,324 - deformetrica.core.estimators.gradient_ascent - INFO - ------------------------------------- Iteration: 9 -------------------------------------
2021-07-25 13:00:41,326 - deformetrica.core.estimators.gradient_ascent - INFO - >> Log-likelihood = -2.463E+05 	 [ attachment = -2.432E+05 ; regularity = -3.137E+03 ]
2021-07-25 13:00:42,215 - deformetrica.core.estimators.gradient_ascent - INFO - >> Step size and gradient norm: 
2021-07-25 13:00:42,217 - deformetrica.core.estimators.gradient_ascent - INFO - 		1.010E-03   and   4.836E+03 	[ landmark_points ]
2021-07-25 13:00:42,247 - deformetrica.core.estimators.gradient_ascent - INFO - 		2.911E-03   and   3.491E+03 	[ momenta ]
2021-07-25 13:00:42,946 - deformetrica.core.estimators.gradient_ascent - INFO - ------------------------------------- Iteration: 10 -------------------------------------
2021-07-25 13:00:42,947 - deformetrica.core.estimators.gradient_ascent - INFO - >> Log-likelihood = -2.105E+05 	 [ attachment = -2.061E+05 ; regularity = -4.376E+03 ]
2021-07-25 13:00:44,951 - deformetrica.core.estimators.gradient_ascent - INFO - >> Step size and gradient norm: 
2021-07-25 13:00:44,958 - deformetrica.core.estimators.gradient_ascent - INFO - 		1.515E-03   and   3.974E+03 	[ landmark_points ]
2021-07-25 13:00:44,960 - deformetrica.core.estimators.gradient_ascent - INFO - 		4.367E-03   and   2.425E+03 	[ momenta ]
2021-07-25 13:00:45,892 - deformetrica.core.estimators.gradient_ascent - INFO - ------------------------------------- Iteration: 11 -------------------------------------
2021-07-25 13:00:45,893 - deformetrica.core.estimators.gradient_ascent - INFO - >> Log-likelihood = -1.832E+05 	 [ attachment = -1.776E+05 ; regularity = -5.512E+03 ]
2021-07-25 13:00:46,909 - deformetrica.core.estimators.gradient_ascent - INFO - >> Step size and gradient norm: 
2021-07-25 13:00:46,911 - deformetrica.core.estimators.gradient_ascent - INFO - 		2.272E-03   and   4.067E+03 	[ landmark_points ]
2021-07-25 13:00:46,913 - deformetrica.core.estimators.gradient_ascent - INFO - 		6.551E-03   and   2.179E+03 	[ momenta ]
2021-07-25 13:00:47,411 - deformetrica.core.estimators.gradient_ascent - INFO - ------------------------------------- Iteration: 12 -------------------------------------
2021-07-25 13:00:47,413 - deformetrica.core.estimators.gradient_ascent - INFO - >> Log-likelihood = -1.804E+05 	 [ attachment = -1.732E+05 ; regularity = -7.184E+03 ]
2021-07-25 13:00:48,218 - deformetrica.core.estimators.gradient_ascent - INFO - >> Step size and gradient norm: 
2021-07-25 13:00:48,219 - deformetrica.core.estimators.gradient_ascent - INFO - 		3.408E-03   and   9.638E+03 	[ landmark_points ]
2021-07-25 13:00:48,221 - deformetrica.core.estimators.gradient_ascent - INFO - 		9.826E-03   and   4.515E+03 	[ momenta ]
2021-07-25 13:00:49,489 - deformetrica.core.estimators.gradient_ascent - INFO - >> Step size and gradient norm: 
2021-07-25 13:00:49,490 - deformetrica.core.estimators.gradient_ascent - INFO - 		1.704E-03   and   9.638E+03 	[ landmark_points ]
2021-07-25 13:00:49,491 - deformetrica.core.estimators.gradient_ascent - INFO - 		4.913E-03   and   4.515E+03 	[ momenta ]
2021-07-25 13:00:50,726 - deformetrica.core.estimators.gradient_ascent - INFO - ------------------------------------- Iteration: 13 -------------------------------------
2021-07-25 13:00:50,727 - deformetrica.core.estimators.gradient_ascent - INFO - >> Log-likelihood = -1.803E+05 	 [ attachment = -1.723E+05 ; regularity = -7.947E+03 ]
2021-07-25 13:00:51,388 - deformetrica.core.estimators.gradient_ascent - INFO - >> Step size and gradient norm: 
2021-07-25 13:00:51,390 - deformetrica.core.estimators.gradient_ascent - INFO - 		8.520E-04   and   1.095E+04 	[ landmark_points ]
2021-07-25 13:00:51,391 - deformetrica.core.estimators.gradient_ascent - INFO - 		4.913E-03   and   4.995E+03 	[ momenta ]
2021-07-25 13:00:52,806 - deformetrica.core.estimators.gradient_ascent - INFO - ------------------------------------- Iteration: 14 -------------------------------------
2021-07-25 13:00:52,809 - deformetrica.core.estimators.gradient_ascent - INFO - >> Log-likelihood = -1.641E+05 	 [ attachment = -1.560E+05 ; regularity = -8.102E+03 ]
2021-07-25 13:00:53,782 - deformetrica.core.estimators.gradient_ascent - INFO - >> Step size and gradient norm: 
2021-07-25 13:00:53,783 - deformetrica.core.estimators.gradient_ascent - INFO - 		8.520E-04   and   7.677E+03 	[ landmark_points ]
2021-07-25 13:00:53,785 - deformetrica.core.estimators.gradient_ascent - INFO - 		2.457E-03   and   4.658E+03 	[ momenta ]
2021-07-25 13:00:54,296 - deformetrica.core.estimators.gradient_ascent - INFO - ------------------------------------- Iteration: 15 -------------------------------------
2021-07-25 13:00:54,297 - deformetrica.core.estimators.gradient_ascent - INFO - >> Log-likelihood = -1.503E+05 	 [ attachment = -1.418E+05 ; regularity = -8.538E+03 ]
2021-07-25 13:00:55,104 - deformetrica.core.estimators.gradient_ascent - INFO - >> Step size and gradient norm: 
2021-07-25 13:00:55,105 - deformetrica.core.estimators.gradient_ascent - INFO - 		1.278E-03   and   7.858E+03 	[ landmark_points ]
2021-07-25 13:00:55,106 - deformetrica.core.estimators.gradient_ascent - INFO - 		3.685E-03   and   4.284E+03 	[ momenta ]
2021-07-25 13:00:56,514 - deformetrica.core.estimators.gradient_ascent - INFO - ------------------------------------- Iteration: 16 -------------------------------------
2021-07-25 13:00:56,515 - deformetrica.core.estimators.gradient_ascent - INFO - >> Log-likelihood = -1.484E+05 	 [ attachment = -1.397E+05 ; regularity = -8.691E+03 ]
2021-07-25 13:00:57,277 - deformetrica.core.estimators.gradient_ascent - INFO - >> Step size and gradient norm: 
2021-07-25 13:00:57,279 - deformetrica.core.estimators.gradient_ascent - INFO - 		1.278E-03   and   1.114E+04 	[ landmark_points ]
2021-07-25 13:00:57,280 - deformetrica.core.estimators.gradient_ascent - INFO - 		1.842E-03   and   4.329E+03 	[ momenta ]
2021-07-25 13:00:58,591 - deformetrica.core.estimators.gradient_ascent - INFO - ------------------------------------- Iteration: 17 -------------------------------------
2021-07-25 13:00:58,593 - deformetrica.core.estimators.gradient_ascent - INFO - >> Log-likelihood = -1.304E+05 	 [ attachment = -1.214E+05 ; regularity = -9.024E+03 ]
2021-07-25 13:00:59,619 - deformetrica.core.estimators.gradient_ascent - INFO - >> Step size and gradient norm: 
2021-07-25 13:00:59,620 - deformetrica.core.estimators.gradient_ascent - INFO - 		6.390E-04   and   7.976E+03 	[ landmark_points ]
2021-07-25 13:00:59,622 - deformetrica.core.estimators.gradient_ascent - INFO - 		1.842E-03   and   3.535E+03 	[ momenta ]
2021-07-25 13:01:00,121 - deformetrica.core.estimators.gradient_ascent - INFO - ------------------------------------- Iteration: 18 -------------------------------------
2021-07-25 13:01:00,122 - deformetrica.core.estimators.gradient_ascent - INFO - >> Log-likelihood = -1.258E+05 	 [ attachment = -1.166E+05 ; regularity = -9.167E+03 ]
2021-07-25 13:01:00,932 - deformetrica.core.estimators.gradient_ascent - INFO - >> Step size and gradient norm: 
2021-07-25 13:01:00,933 - deformetrica.core.estimators.gradient_ascent - INFO - 		9.585E-04   and   8.171E+03 	[ landmark_points ]
2021-07-25 13:01:00,934 - deformetrica.core.estimators.gradient_ascent - INFO - 		2.764E-03   and   3.270E+03 	[ momenta ]
2021-07-25 13:01:02,334 - deformetrica.core.estimators.gradient_ascent - INFO - >> Step size and gradient norm: 
2021-07-25 13:01:02,335 - deformetrica.core.estimators.gradient_ascent - INFO - 		4.793E-04   and   8.171E+03 	[ landmark_points ]
2021-07-25 13:01:02,336 - deformetrica.core.estimators.gradient_ascent - INFO - 		1.382E-03   and   3.270E+03 	[ momenta ]
2021-07-25 13:01:02,835 - deformetrica.core.estimators.gradient_ascent - INFO - ------------------------------------- Iteration: 19 -------------------------------------
2021-07-25 13:01:02,837 - deformetrica.core.estimators.gradient_ascent - INFO - >> Log-likelihood = -1.169E+05 	 [ attachment = -1.075E+05 ; regularity = -9.346E+03 ]
2021-07-25 13:01:03,584 - deformetrica.core.estimators.gradient_ascent - INFO - >> Step size and gradient norm: 
2021-07-25 13:01:03,585 - deformetrica.core.estimators.gradient_ascent - INFO - 		7.189E-04   and   4.481E+03 	[ landmark_points ]
2021-07-25 13:01:03,589 - deformetrica.core.estimators.gradient_ascent - INFO - 		2.073E-03   and   2.038E+03 	[ momenta ]
2021-07-25 13:01:04,064 - deformetrica.core.estimators.gradient_ascent - INFO - ------------------------------------- Iteration: 20 -------------------------------------
2021-07-25 13:01:04,066 - deformetrica.core.estimators.gradient_ascent - INFO - >> Log-likelihood = -1.164E+05 	 [ attachment = -1.069E+05 ; regularity = -9.509E+03 ]
2021-07-25 13:01:05,018 - deformetrica.core.estimators.gradient_ascent - INFO - >> Step size and gradient norm: 
2021-07-25 13:01:05,020 - deformetrica.core.estimators.gradient_ascent - INFO - 		1.078E-03   and   6.279E+03 	[ landmark_points ]
2021-07-25 13:01:05,022 - deformetrica.core.estimators.gradient_ascent - INFO - 		3.109E-03   and   2.589E+03 	[ momenta ]
2021-07-25 13:01:06,632 - deformetrica.core.estimators.gradient_ascent - INFO - >> Step size and gradient norm: 
2021-07-25 13:01:06,633 - deformetrica.core.estimators.gradient_ascent - INFO - 		5.392E-04   and   6.279E+03 	[ landmark_points ]
2021-07-25 13:01:06,635 - deformetrica.core.estimators.gradient_ascent - INFO - 		1.555E-03   and   2.589E+03 	[ momenta ]
2021-07-25 13:01:07,469 - deformetrica.core.estimators.gradient_ascent - INFO - ------------------------------------- Iteration: 21 -------------------------------------
2021-07-25 13:01:07,470 - deformetrica.core.estimators.gradient_ascent - INFO - >> Log-likelihood = -1.133E+05 	 [ attachment = -1.036E+05 ; regularity = -9.673E+03 ]
2021-07-25 13:01:08,267 - deformetrica.core.estimators.gradient_ascent - INFO - >> Step size and gradient norm: 
2021-07-25 13:01:08,269 - deformetrica.core.estimators.gradient_ascent - INFO - 		8.087E-04   and   5.199E+03 	[ landmark_points ]
2021-07-25 13:01:08,270 - deformetrica.core.estimators.gradient_ascent - INFO - 		2.332E-03   and   2.291E+03 	[ momenta ]
2021-07-25 13:01:09,771 - deformetrica.core.estimators.gradient_ascent - INFO - ------------------------------------- Iteration: 22 -------------------------------------
2021-07-25 13:01:09,774 - deformetrica.core.estimators.gradient_ascent - INFO - >> Log-likelihood = -1.125E+05 	 [ attachment = -1.028E+05 ; regularity = -9.732E+03 ]
2021-07-25 13:01:11,323 - deformetrica.core.estimators.gradient_ascent - INFO - >> Step size and gradient norm: 
2021-07-25 13:01:11,325 - deformetrica.core.estimators.gradient_ascent - INFO - 		8.087E-04   and   6.014E+03 	[ landmark_points ]
2021-07-25 13:01:11,328 - deformetrica.core.estimators.gradient_ascent - INFO - 		1.166E-03   and   2.213E+03 	[ momenta ]
2021-07-25 13:01:11,872 - deformetrica.core.estimators.gradient_ascent - INFO - ------------------------------------- Iteration: 23 -------------------------------------
2021-07-25 13:01:11,874 - deformetrica.core.estimators.gradient_ascent - INFO - >> Log-likelihood = -1.124E+05 	 [ attachment = -1.025E+05 ; regularity = -9.847E+03 ]
2021-07-25 13:01:12,793 - deformetrica.core.estimators.gradient_ascent - INFO - >> Step size and gradient norm: 
2021-07-25 13:01:12,794 - deformetrica.core.estimators.gradient_ascent - INFO - 		1.213E-03   and   6.371E+03 	[ landmark_points ]
2021-07-25 13:01:12,796 - deformetrica.core.estimators.gradient_ascent - INFO - 		1.749E-03   and   2.615E+03 	[ momenta ]
2021-07-25 13:01:14,609 - deformetrica.core.estimators.gradient_ascent - INFO - ------------------------------------- Iteration: 24 -------------------------------------
2021-07-25 13:01:14,611 - deformetrica.core.estimators.gradient_ascent - INFO - >> Log-likelihood = -1.121E+05 	 [ attachment = -1.021E+05 ; regularity = -9.934E+03 ]
2021-07-25 13:01:15,412 - deformetrica.core.estimators.gradient_ascent - INFO - >> Step size and gradient norm: 
2021-07-25 13:01:15,413 - deformetrica.core.estimators.gradient_ascent - INFO - 		6.066E-04   and   6.827E+03 	[ landmark_points ]
2021-07-25 13:01:15,415 - deformetrica.core.estimators.gradient_ascent - INFO - 		1.749E-03   and   2.840E+03 	[ momenta ]
2021-07-25 13:01:16,064 - deformetrica.core.estimators.gradient_ascent - INFO - ------------------------------------- Iteration: 25 -------------------------------------
2021-07-25 13:01:16,065 - deformetrica.core.estimators.gradient_ascent - INFO - >> Log-likelihood = -1.120E+05 	 [ attachment = -1.019E+05 ; regularity = -1.007E+04 ]
2021-07-25 13:01:17,046 - deformetrica.core.estimators.gradient_ascent - INFO - >> Step size and gradient norm: 
2021-07-25 13:01:17,048 - deformetrica.core.estimators.gradient_ascent - INFO - 		9.098E-04   and   7.257E+03 	[ landmark_points ]
2021-07-25 13:01:17,050 - deformetrica.core.estimators.gradient_ascent - INFO - 		2.623E-03   and   3.165E+03 	[ momenta ]
2021-07-25 13:01:19,539 - deformetrica.core.estimators.gradient_ascent - INFO - >> Step size and gradient norm: 
2021-07-25 13:01:19,540 - deformetrica.core.estimators.gradient_ascent - INFO - 		4.549E-04   and   7.257E+03 	[ landmark_points ]
2021-07-25 13:01:19,542 - deformetrica.core.estimators.gradient_ascent - INFO - 		1.312E-03   and   3.165E+03 	[ momenta ]
2021-07-25 13:01:20,042 - deformetrica.core.estimators.gradient_ascent - INFO - ------------------------------------- Iteration: 26 -------------------------------------
2021-07-25 13:01:20,044 - deformetrica.core.estimators.gradient_ascent - INFO - >> Log-likelihood = -1.065E+05 	 [ attachment = -9.636E+04 ; regularity = -1.012E+04 ]
2021-07-25 13:01:20,865 - deformetrica.core.estimators.gradient_ascent - INFO - >> Step size and gradient norm: 
2021-07-25 13:01:20,868 - deformetrica.core.estimators.gradient_ascent - INFO - 		6.824E-04   and   4.379E+03 	[ landmark_points ]
2021-07-25 13:01:20,895 - deformetrica.core.estimators.gradient_ascent - INFO - 		1.967E-03   and   1.920E+03 	[ momenta ]
2021-07-25 13:01:22,381 - deformetrica.core.estimators.gradient_ascent - INFO - ------------------------------------- Iteration: 27 -------------------------------------
2021-07-25 13:01:22,382 - deformetrica.core.estimators.gradient_ascent - INFO - >> Log-likelihood = -1.046E+05 	 [ attachment = -9.447E+04 ; regularity = -1.018E+04 ]
2021-07-25 13:01:23,358 - deformetrica.core.estimators.gradient_ascent - INFO - >> Step size and gradient norm: 
2021-07-25 13:01:23,359 - deformetrica.core.estimators.gradient_ascent - INFO - 		6.824E-04   and   3.565E+03 	[ landmark_points ]
2021-07-25 13:01:23,361 - deformetrica.core.estimators.gradient_ascent - INFO - 		9.837E-04   and   1.508E+03 	[ momenta ]
2021-07-25 13:01:23,853 - deformetrica.core.estimators.gradient_ascent - INFO - ------------------------------------- Iteration: 28 -------------------------------------
2021-07-25 13:01:23,855 - deformetrica.core.estimators.gradient_ascent - INFO - >> Log-likelihood = -1.033E+05 	 [ attachment = -9.306E+04 ; regularity = -1.024E+04 ]
2021-07-25 13:01:24,763 - deformetrica.core.estimators.gradient_ascent - INFO - >> Step size and gradient norm: 
2021-07-25 13:01:24,764 - deformetrica.core.estimators.gradient_ascent - INFO - 		1.024E-03   and   2.865E+03 	[ landmark_points ]
2021-07-25 13:01:24,765 - deformetrica.core.estimators.gradient_ascent - INFO - 		1.476E-03   and   1.264E+03 	[ momenta ]
2021-07-25 13:01:26,294 - deformetrica.core.estimators.gradient_ascent - INFO - ------------------------------------- Iteration: 29 -------------------------------------
2021-07-25 13:01:26,295 - deformetrica.core.estimators.gradient_ascent - INFO - >> Log-likelihood = -1.022E+05 	 [ attachment = -9.190E+04 ; regularity = -1.033E+04 ]
2021-07-25 13:01:27,102 - deformetrica.core.estimators.gradient_ascent - INFO - >> Step size and gradient norm: 
2021-07-25 13:01:27,103 - deformetrica.core.estimators.gradient_ascent - INFO - 		5.118E-04   and   2.419E+03 	[ landmark_points ]
2021-07-25 13:01:27,105 - deformetrica.core.estimators.gradient_ascent - INFO - 		1.476E-03   and   1.182E+03 	[ momenta ]
2021-07-25 13:01:27,583 - deformetrica.core.estimators.gradient_ascent - INFO - ------------------------------------- Iteration: 30 -------------------------------------
2021-07-25 13:01:27,584 - deformetrica.core.estimators.gradient_ascent - INFO - >> Log-likelihood = -1.012E+05 	 [ attachment = -9.081E+04 ; regularity = -1.040E+04 ]
2021-07-25 13:01:28,436 - deformetrica.core.estimators.gradient_ascent - INFO - >> Step size and gradient norm: 
2021-07-25 13:01:28,437 - deformetrica.core.estimators.gradient_ascent - INFO - 		7.677E-04   and   2.225E+03 	[ landmark_points ]
2021-07-25 13:01:28,439 - deformetrica.core.estimators.gradient_ascent - INFO - 		2.213E-03   and   1.053E+03 	[ momenta ]
2021-07-25 13:01:28,900 - deformetrica.core.estimators.gradient_ascent - INFO - ------------------------------------- Iteration: 31 -------------------------------------
2021-07-25 13:01:28,901 - deformetrica.core.estimators.gradient_ascent - INFO - >> Log-likelihood = -1.012E+05 	 [ attachment = -9.062E+04 ; regularity = -1.054E+04 ]
2021-07-25 13:01:29,616 - deformetrica.core.estimators.gradient_ascent - INFO - >> Step size and gradient norm: 
2021-07-25 13:01:29,618 - deformetrica.core.estimators.gradient_ascent - INFO - 		1.152E-03   and   3.718E+03 	[ landmark_points ]
2021-07-25 13:01:29,619 - deformetrica.core.estimators.gradient_ascent - INFO - 		3.320E-03   and   1.704E+03 	[ momenta ]
2021-07-25 13:01:30,955 - deformetrica.core.estimators.gradient_ascent - INFO - >> Step size and gradient norm: 
2021-07-25 13:01:30,957 - deformetrica.core.estimators.gradient_ascent - INFO - 		5.758E-04   and   3.718E+03 	[ landmark_points ]
2021-07-25 13:01:30,959 - deformetrica.core.estimators.gradient_ascent - INFO - 		1.660E-03   and   1.704E+03 	[ momenta ]
2021-07-25 13:01:31,881 - deformetrica.core.estimators.gradient_ascent - INFO - ------------------------------------- Iteration: 32 -------------------------------------
2021-07-25 13:01:31,883 - deformetrica.core.estimators.gradient_ascent - INFO - >> Log-likelihood = -1.006E+05 	 [ attachment = -9.002E+04 ; regularity = -1.062E+04 ]
2021-07-25 13:01:32,680 - deformetrica.core.estimators.gradient_ascent - INFO - >> Step size and gradient norm: 
2021-07-25 13:01:32,681 - deformetrica.core.estimators.gradient_ascent - INFO - 		8.636E-04   and   4.237E+03 	[ landmark_points ]
2021-07-25 13:01:32,684 - deformetrica.core.estimators.gradient_ascent - INFO - 		2.490E-03   and   1.808E+03 	[ momenta ]
2021-07-25 13:01:33,932 - deformetrica.core.estimators.gradient_ascent - INFO - >> Step size and gradient norm: 
2021-07-25 13:01:33,933 - deformetrica.core.estimators.gradient_ascent - INFO - 		4.318E-04   and   4.237E+03 	[ landmark_points ]
2021-07-25 13:01:33,934 - deformetrica.core.estimators.gradient_ascent - INFO - 		1.245E-03   and   1.808E+03 	[ momenta ]
2021-07-25 13:01:34,384 - deformetrica.core.estimators.gradient_ascent - INFO - ------------------------------------- Iteration: 33 -------------------------------------
2021-07-25 13:01:34,386 - deformetrica.core.estimators.gradient_ascent - INFO - >> Log-likelihood = -9.856E+04 	 [ attachment = -8.787E+04 ; regularity = -1.069E+04 ]
2021-07-25 13:01:35,074 - deformetrica.core.estimators.gradient_ascent - INFO - >> Step size and gradient norm: 
2021-07-25 13:01:35,076 - deformetrica.core.estimators.gradient_ascent - INFO - 		6.477E-04   and   2.531E+03 	[ landmark_points ]
2021-07-25 13:01:35,077 - deformetrica.core.estimators.gradient_ascent - INFO - 		1.868E-03   and   1.209E+03 	[ momenta ]
2021-07-25 13:01:35,520 - deformetrica.core.estimators.gradient_ascent - INFO - ------------------------------------- Iteration: 34 -------------------------------------
2021-07-25 13:01:35,521 - deformetrica.core.estimators.gradient_ascent - INFO - >> Log-likelihood = -9.823E+04 	 [ attachment = -8.744E+04 ; regularity = -1.078E+04 ]
2021-07-25 13:01:36,222 - deformetrica.core.estimators.gradient_ascent - INFO - >> Step size and gradient norm: 
2021-07-25 13:01:36,223 - deformetrica.core.estimators.gradient_ascent - INFO - 		9.716E-04   and   3.551E+03 	[ landmark_points ]
2021-07-25 13:01:36,224 - deformetrica.core.estimators.gradient_ascent - INFO - 		2.801E-03   and   1.514E+03 	[ momenta ]
2021-07-25 13:01:37,487 - deformetrica.core.estimators.gradient_ascent - INFO - >> Step size and gradient norm: 
2021-07-25 13:01:37,488 - deformetrica.core.estimators.gradient_ascent - INFO - 		4.858E-04   and   3.551E+03 	[ landmark_points ]
2021-07-25 13:01:37,489 - deformetrica.core.estimators.gradient_ascent - INFO - 		1.401E-03   and   1.514E+03 	[ momenta ]
2021-07-25 13:01:37,935 - deformetrica.core.estimators.gradient_ascent - INFO - ------------------------------------- Iteration: 35 -------------------------------------
2021-07-25 13:01:37,937 - deformetrica.core.estimators.gradient_ascent - INFO - >> Log-likelihood = -9.689E+04 	 [ attachment = -8.603E+04 ; regularity = -1.086E+04 ]
2021-07-25 13:01:38,651 - deformetrica.core.estimators.gradient_ascent - INFO - >> Step size and gradient norm: 
2021-07-25 13:01:38,653 - deformetrica.core.estimators.gradient_ascent - INFO - 		7.287E-04   and   2.812E+03 	[ landmark_points ]
2021-07-25 13:01:38,654 - deformetrica.core.estimators.gradient_ascent - INFO - 		2.101E-03   and   1.309E+03 	[ momenta ]
2021-07-25 13:01:39,895 - deformetrica.core.estimators.gradient_ascent - INFO - ------------------------------------- Iteration: 36 -------------------------------------
2021-07-25 13:01:39,897 - deformetrica.core.estimators.gradient_ascent - INFO - >> Log-likelihood = -9.604E+04 	 [ attachment = -8.507E+04 ; regularity = -1.097E+04 ]
2021-07-25 13:01:40,624 - deformetrica.core.estimators.gradient_ascent - INFO - >> Step size and gradient norm: 
2021-07-25 13:01:40,625 - deformetrica.core.estimators.gradient_ascent - INFO - 		3.643E-04   and   2.976E+03 	[ landmark_points ]
2021-07-25 13:01:40,627 - deformetrica.core.estimators.gradient_ascent - INFO - 		2.101E-03   and   1.422E+03 	[ momenta ]
2021-07-25 13:01:41,111 - deformetrica.core.estimators.gradient_ascent - INFO - ------------------------------------- Iteration: 37 -------------------------------------
2021-07-25 13:01:41,112 - deformetrica.core.estimators.gradient_ascent - INFO - >> Log-likelihood = -9.528E+04 	 [ attachment = -8.419E+04 ; regularity = -1.109E+04 ]
2021-07-25 13:01:41,812 - deformetrica.core.estimators.gradient_ascent - INFO - >> Step size and gradient norm: 
2021-07-25 13:01:41,813 - deformetrica.core.estimators.gradient_ascent - INFO - 		5.465E-04   and   3.139E+03 	[ landmark_points ]
2021-07-25 13:01:41,815 - deformetrica.core.estimators.gradient_ascent - INFO - 		3.152E-03   and   1.599E+03 	[ momenta ]
2021-07-25 13:01:43,153 - deformetrica.core.estimators.gradient_ascent - INFO - ------------------------------------- Iteration: 38 -------------------------------------
2021-07-25 13:01:43,155 - deformetrica.core.estimators.gradient_ascent - INFO - >> Log-likelihood = -9.430E+04 	 [ attachment = -8.313E+04 ; regularity = -1.117E+04 ]
2021-07-25 13:01:43,975 - deformetrica.core.estimators.gradient_ascent - INFO - >> Step size and gradient norm: 
2021-07-25 13:01:43,976 - deformetrica.core.estimators.gradient_ascent - INFO - 		5.465E-04   and   3.456E+03 	[ landmark_points ]
2021-07-25 13:01:43,977 - deformetrica.core.estimators.gradient_ascent - INFO - 		1.576E-03   and   1.524E+03 	[ momenta ]
2021-07-25 13:01:44,409 - deformetrica.core.estimators.gradient_ascent - INFO - ------------------------------------- Iteration: 39 -------------------------------------
2021-07-25 13:01:44,410 - deformetrica.core.estimators.gradient_ascent - INFO - >> Log-likelihood = -9.348E+04 	 [ attachment = -8.222E+04 ; regularity = -1.126E+04 ]
2021-07-25 13:01:45,209 - deformetrica.core.estimators.gradient_ascent - INFO - >> Step size and gradient norm: 
2021-07-25 13:01:45,211 - deformetrica.core.estimators.gradient_ascent - INFO - 		8.198E-04   and   3.437E+03 	[ landmark_points ]
2021-07-25 13:01:45,212 - deformetrica.core.estimators.gradient_ascent - INFO - 		2.364E-03   and   1.587E+03 	[ momenta ]
2021-07-25 13:01:46,534 - deformetrica.core.estimators.gradient_ascent - INFO - ------------------------------------- Iteration: 40 -------------------------------------
2021-07-25 13:01:46,535 - deformetrica.core.estimators.gradient_ascent - INFO - >> Log-likelihood = -9.315E+04 	 [ attachment = -8.182E+04 ; regularity = -1.133E+04 ]
2021-07-25 13:01:47,284 - deformetrica.core.estimators.gradient_ascent - INFO - >> Step size and gradient norm: 
2021-07-25 13:01:47,286 - deformetrica.core.estimators.gradient_ascent - INFO - 		8.198E-04   and   4.587E+03 	[ landmark_points ]
2021-07-25 13:01:47,287 - deformetrica.core.estimators.gradient_ascent - INFO - 		1.182E-03   and   1.711E+03 	[ momenta ]
2021-07-25 13:01:48,925 - deformetrica.core.estimators.gradient_ascent - INFO - ------------------------------------- Iteration: 41 -------------------------------------
2021-07-25 13:01:48,926 - deformetrica.core.estimators.gradient_ascent - INFO - >> Log-likelihood = -9.089E+04 	 [ attachment = -7.949E+04 ; regularity = -1.140E+04 ]
2021-07-25 13:01:49,981 - deformetrica.core.estimators.gradient_ascent - INFO - >> Step size and gradient norm: 
2021-07-25 13:01:49,982 - deformetrica.core.estimators.gradient_ascent - INFO - 		4.099E-04   and   2.402E+03 	[ landmark_points ]
2021-07-25 13:01:49,984 - deformetrica.core.estimators.gradient_ascent - INFO - 		1.182E-03   and   1.176E+03 	[ momenta ]
2021-07-25 13:01:50,959 - deformetrica.core.estimators.gradient_ascent - INFO - ------------------------------------- Iteration: 42 -------------------------------------
2021-07-25 13:01:50,960 - deformetrica.core.estimators.gradient_ascent - INFO - >> Log-likelihood = -8.967E+04 	 [ attachment = -7.820E+04 ; regularity = -1.146E+04 ]
2021-07-25 13:01:51,784 - deformetrica.core.estimators.gradient_ascent - INFO - >> Step size and gradient norm: 
2021-07-25 13:01:51,786 - deformetrica.core.estimators.gradient_ascent - INFO - 		6.148E-04   and   1.693E+03 	[ landmark_points ]
2021-07-25 13:01:51,787 - deformetrica.core.estimators.gradient_ascent - INFO - 		1.773E-03   and   8.433E+02 	[ momenta ]
2021-07-25 13:01:52,522 - deformetrica.core.estimators.gradient_ascent - INFO - ------------------------------------- Iteration: 43 -------------------------------------
2021-07-25 13:01:52,524 - deformetrica.core.estimators.gradient_ascent - INFO - >> Log-likelihood = -8.851E+04 	 [ attachment = -7.694E+04 ; regularity = -1.158E+04 ]
2021-07-25 13:01:53,837 - deformetrica.core.estimators.gradient_ascent - INFO - >> Step size and gradient norm: 
2021-07-25 13:01:53,839 - deformetrica.core.estimators.gradient_ascent - INFO - 		9.222E-04   and   1.943E+03 	[ landmark_points ]
2021-07-25 13:01:53,846 - deformetrica.core.estimators.gradient_ascent - INFO - 		2.659E-03   and   9.842E+02 	[ momenta ]
2021-07-25 13:01:54,449 - deformetrica.core.estimators.gradient_ascent - INFO - ------------------------------------- Iteration: 44 -------------------------------------
2021-07-25 13:01:54,451 - deformetrica.core.estimators.gradient_ascent - INFO - >> Log-likelihood = -8.817E+04 	 [ attachment = -7.644E+04 ; regularity = -1.173E+04 ]
2021-07-25 13:01:55,237 - deformetrica.core.estimators.gradient_ascent - INFO - >> Step size and gradient norm: 
2021-07-25 13:01:55,239 - deformetrica.core.estimators.gradient_ascent - INFO - 		1.383E-03   and   4.377E+03 	[ landmark_points ]
2021-07-25 13:01:55,240 - deformetrica.core.estimators.gradient_ascent - INFO - 		3.989E-03   and   1.688E+03 	[ momenta ]
2021-07-25 13:01:56,666 - deformetrica.core.estimators.gradient_ascent - INFO - >> Step size and gradient norm: 
2021-07-25 13:01:56,668 - deformetrica.core.estimators.gradient_ascent - INFO - 		6.917E-04   and   4.377E+03 	[ landmark_points ]
2021-07-25 13:01:56,669 - deformetrica.core.estimators.gradient_ascent - INFO - 		1.994E-03   and   1.688E+03 	[ momenta ]
2021-07-25 13:02:00,107 - deformetrica.core.estimators.gradient_ascent - INFO - ------------------------------------- Iteration: 45 -------------------------------------
2021-07-25 13:02:00,109 - deformetrica.core.estimators.gradient_ascent - INFO - >> Log-likelihood = -8.678E+04 	 [ attachment = -7.490E+04 ; regularity = -1.188E+04 ]
2021-07-25 13:02:01,882 - deformetrica.core.estimators.gradient_ascent - INFO - >> Step size and gradient norm: 
2021-07-25 13:02:01,883 - deformetrica.core.estimators.gradient_ascent - INFO - 		3.458E-04   and   3.729E+03 	[ landmark_points ]
2021-07-25 13:02:01,884 - deformetrica.core.estimators.gradient_ascent - INFO - 		1.994E-03   and   1.752E+03 	[ momenta ]
2021-07-25 13:02:02,450 - deformetrica.core.estimators.gradient_ascent - INFO - ------------------------------------- Iteration: 46 -------------------------------------
2021-07-25 13:02:02,452 - deformetrica.core.estimators.gradient_ascent - INFO - >> Log-likelihood = -8.543E+04 	 [ attachment = -7.346E+04 ; regularity = -1.197E+04 ]
2021-07-25 13:02:03,347 - deformetrica.core.estimators.gradient_ascent - INFO - >> Step size and gradient norm: 
2021-07-25 13:02:03,349 - deformetrica.core.estimators.gradient_ascent - INFO - 		5.188E-04   and   3.786E+03 	[ landmark_points ]
2021-07-25 13:02:03,351 - deformetrica.core.estimators.gradient_ascent - INFO - 		2.991E-03   and   1.714E+03 	[ momenta ]
2021-07-25 13:02:05,027 - deformetrica.core.estimators.gradient_ascent - INFO - ------------------------------------- Iteration: 47 -------------------------------------
2021-07-25 13:02:05,028 - deformetrica.core.estimators.gradient_ascent - INFO - >> Log-likelihood = -8.398E+04 	 [ attachment = -7.190E+04 ; regularity = -1.208E+04 ]
2021-07-25 13:02:05,760 - deformetrica.core.estimators.gradient_ascent - INFO - >> Step size and gradient norm: 
2021-07-25 13:02:05,763 - deformetrica.core.estimators.gradient_ascent - INFO - 		5.188E-04   and   3.635E+03 	[ landmark_points ]
2021-07-25 13:02:05,793 - deformetrica.core.estimators.gradient_ascent - INFO - 		1.496E-03   and   1.581E+03 	[ momenta ]
2021-07-25 13:02:06,518 - deformetrica.core.estimators.gradient_ascent - INFO - ------------------------------------- Iteration: 48 -------------------------------------
2021-07-25 13:02:06,519 - deformetrica.core.estimators.gradient_ascent - INFO - >> Log-likelihood = -8.259E+04 	 [ attachment = -7.043E+04 ; regularity = -1.216E+04 ]
2021-07-25 13:02:07,658 - deformetrica.core.estimators.gradient_ascent - INFO - >> Step size and gradient norm: 
2021-07-25 13:02:07,660 - deformetrica.core.estimators.gradient_ascent - INFO - 		7.781E-04   and   3.458E+03 	[ landmark_points ]
2021-07-25 13:02:07,667 - deformetrica.core.estimators.gradient_ascent - INFO - 		2.244E-03   and   1.447E+03 	[ momenta ]
2021-07-25 13:02:09,438 - deformetrica.core.estimators.gradient_ascent - INFO - ------------------------------------- Iteration: 49 -------------------------------------
2021-07-25 13:02:09,439 - deformetrica.core.estimators.gradient_ascent - INFO - >> Log-likelihood = -8.178E+04 	 [ attachment = -6.946E+04 ; regularity = -1.232E+04 ]
2021-07-25 13:02:10,448 - deformetrica.core.estimators.gradient_ascent - INFO - >> Step size and gradient norm: 
2021-07-25 13:02:10,451 - deformetrica.core.estimators.gradient_ascent - INFO - 		3.891E-04   and   3.751E+03 	[ landmark_points ]
2021-07-25 13:02:10,452 - deformetrica.core.estimators.gradient_ascent - INFO - 		2.244E-03   and   1.771E+03 	[ momenta ]
2021-07-25 13:02:10,991 - deformetrica.core.estimators.gradient_ascent - INFO - ------------------------------------- Iteration: 50 -------------------------------------
2021-07-25 13:02:10,993 - deformetrica.core.estimators.gradient_ascent - INFO - >> Log-likelihood = -8.133E+04 	 [ attachment = -6.889E+04 ; regularity = -1.244E+04 ]
2021-07-25 13:02:11,855 - deformetrica.core.estimators.gradient_ascent - INFO - >> Step size and gradient norm: 
2021-07-25 13:02:11,857 - deformetrica.core.estimators.gradient_ascent - INFO - 		5.836E-04   and   4.526E+03 	[ landmark_points ]
2021-07-25 13:02:11,858 - deformetrica.core.estimators.gradient_ascent - INFO - 		3.365E-03   and   2.083E+03 	[ momenta ]
2021-07-25 13:02:13,390 - deformetrica.core.estimators.gradient_ascent - INFO - ------------------------------------- Iteration: 51 -------------------------------------
2021-07-25 13:02:13,391 - deformetrica.core.estimators.gradient_ascent - INFO - >> Log-likelihood = -8.071E+04 	 [ attachment = -6.816E+04 ; regularity = -1.255E+04 ]
2021-07-25 13:02:14,295 - deformetrica.core.estimators.gradient_ascent - INFO - >> Step size and gradient norm: 
2021-07-25 13:02:14,297 - deformetrica.core.estimators.gradient_ascent - INFO - 		5.836E-04   and   5.236E+03 	[ landmark_points ]
2021-07-25 13:02:14,301 - deformetrica.core.estimators.gradient_ascent - INFO - 		1.683E-03   and   2.239E+03 	[ momenta ]
2021-07-25 13:02:15,024 - deformetrica.core.estimators.gradient_ascent - INFO - ------------------------------------- Iteration: 52 -------------------------------------
2021-07-25 13:02:15,025 - deformetrica.core.estimators.gradient_ascent - INFO - >> Log-likelihood = -8.041E+04 	 [ attachment = -6.776E+04 ; regularity = -1.265E+04 ]
2021-07-25 13:02:16,514 - deformetrica.core.estimators.gradient_ascent - INFO - >> Step size and gradient norm: 
2021-07-25 13:02:16,519 - deformetrica.core.estimators.gradient_ascent - INFO - 		8.754E-04   and   5.949E+03 	[ landmark_points ]
2021-07-25 13:02:16,522 - deformetrica.core.estimators.gradient_ascent - INFO - 		2.524E-03   and   2.365E+03 	[ momenta ]
2021-07-25 13:02:18,260 - deformetrica.core.estimators.gradient_ascent - INFO - >> Step size and gradient norm: 
2021-07-25 13:02:18,262 - deformetrica.core.estimators.gradient_ascent - INFO - 		4.377E-04   and   5.949E+03 	[ landmark_points ]
2021-07-25 13:02:18,292 - deformetrica.core.estimators.gradient_ascent - INFO - 		1.262E-03   and   2.365E+03 	[ momenta ]
2021-07-25 13:02:18,836 - deformetrica.core.estimators.gradient_ascent - INFO - ------------------------------------- Iteration: 53 -------------------------------------
2021-07-25 13:02:18,837 - deformetrica.core.estimators.gradient_ascent - INFO - >> Log-likelihood = -7.688E+04 	 [ attachment = -6.416E+04 ; regularity = -1.272E+04 ]
2021-07-25 13:02:19,525 - deformetrica.core.estimators.gradient_ascent - INFO - >> Step size and gradient norm: 
2021-07-25 13:02:19,527 - deformetrica.core.estimators.gradient_ascent - INFO - 		6.566E-04   and   3.607E+03 	[ landmark_points ]
2021-07-25 13:02:19,528 - deformetrica.core.estimators.gradient_ascent - INFO - 		1.893E-03   and   1.514E+03 	[ momenta ]
2021-07-25 13:02:20,944 - deformetrica.core.estimators.gradient_ascent - INFO - ------------------------------------- Iteration: 54 -------------------------------------
2021-07-25 13:02:20,945 - deformetrica.core.estimators.gradient_ascent - INFO - >> Log-likelihood = -7.548E+04 	 [ attachment = -6.265E+04 ; regularity = -1.283E+04 ]
2021-07-25 13:02:21,866 - deformetrica.core.estimators.gradient_ascent - INFO - >> Step size and gradient norm: 
2021-07-25 13:02:21,868 - deformetrica.core.estimators.gradient_ascent - INFO - 		3.283E-04   and   2.776E+03 	[ landmark_points ]
2021-07-25 13:02:21,870 - deformetrica.core.estimators.gradient_ascent - INFO - 		1.893E-03   and   1.351E+03 	[ momenta ]
2021-07-25 13:02:22,421 - deformetrica.core.estimators.gradient_ascent - INFO - ------------------------------------- Iteration: 55 -------------------------------------
2021-07-25 13:02:22,422 - deformetrica.core.estimators.gradient_ascent - INFO - >> Log-likelihood = -7.430E+04 	 [ attachment = -6.136E+04 ; regularity = -1.294E+04 ]
2021-07-25 13:02:23,462 - deformetrica.core.estimators.gradient_ascent - INFO - >> Step size and gradient norm: 
2021-07-25 13:02:23,465 - deformetrica.core.estimators.gradient_ascent - INFO - 		4.924E-04   and   2.473E+03 	[ landmark_points ]
2021-07-25 13:02:23,494 - deformetrica.core.estimators.gradient_ascent - INFO - 		2.840E-03   and   1.246E+03 	[ momenta ]
2021-07-25 13:02:24,980 - deformetrica.core.estimators.gradient_ascent - INFO - ------------------------------------- Iteration: 56 -------------------------------------
2021-07-25 13:02:24,981 - deformetrica.core.estimators.gradient_ascent - INFO - >> Log-likelihood = -7.326E+04 	 [ attachment = -6.024E+04 ; regularity = -1.302E+04 ]
2021-07-25 13:02:25,795 - deformetrica.core.estimators.gradient_ascent - INFO - >> Step size and gradient norm: 
2021-07-25 13:02:25,797 - deformetrica.core.estimators.gradient_ascent - INFO - 		4.924E-04   and   2.166E+03 	[ landmark_points ]
2021-07-25 13:02:25,799 - deformetrica.core.estimators.gradient_ascent - INFO - 		1.420E-03   and   1.016E+03 	[ momenta ]
2021-07-25 13:02:26,348 - deformetrica.core.estimators.gradient_ascent - INFO - ------------------------------------- Iteration: 57 -------------------------------------
2021-07-25 13:02:26,349 - deformetrica.core.estimators.gradient_ascent - INFO - >> Log-likelihood = -7.240E+04 	 [ attachment = -5.930E+04 ; regularity = -1.310E+04 ]
2021-07-25 13:02:27,116 - deformetrica.core.estimators.gradient_ascent - INFO - >> Step size and gradient norm: 
2021-07-25 13:02:27,118 - deformetrica.core.estimators.gradient_ascent - INFO - 		7.386E-04   and   1.890E+03 	[ landmark_points ]
2021-07-25 13:02:27,119 - deformetrica.core.estimators.gradient_ascent - INFO - 		2.130E-03   and   9.302E+02 	[ momenta ]
2021-07-25 13:02:27,559 - deformetrica.core.estimators.gradient_ascent - INFO - ------------------------------------- Iteration: 58 -------------------------------------
2021-07-25 13:02:27,561 - deformetrica.core.estimators.gradient_ascent - INFO - >> Log-likelihood = -7.197E+04 	 [ attachment = -5.875E+04 ; regularity = -1.322E+04 ]
2021-07-25 13:02:28,291 - deformetrica.core.estimators.gradient_ascent - INFO - >> Step size and gradient norm: 
2021-07-25 13:02:28,293 - deformetrica.core.estimators.gradient_ascent - INFO - 		1.108E-03   and   3.168E+03 	[ landmark_points ]
2021-07-25 13:02:28,294 - deformetrica.core.estimators.gradient_ascent - INFO - 		3.195E-03   and   1.299E+03 	[ momenta ]
2021-07-25 13:02:29,561 - deformetrica.core.estimators.gradient_ascent - INFO - >> Step size and gradient norm: 
2021-07-25 13:02:29,562 - deformetrica.core.estimators.gradient_ascent - INFO - 		5.540E-04   and   3.168E+03 	[ landmark_points ]
2021-07-25 13:02:29,563 - deformetrica.core.estimators.gradient_ascent - INFO - 		1.597E-03   and   1.299E+03 	[ momenta ]
2021-07-25 13:02:30,002 - deformetrica.core.estimators.gradient_ascent - INFO - ------------------------------------- Iteration: 59 -------------------------------------
2021-07-25 13:02:30,003 - deformetrica.core.estimators.gradient_ascent - INFO - >> Log-likelihood = -7.135E+04 	 [ attachment = -5.806E+04 ; regularity = -1.330E+04 ]
2021-07-25 13:02:30,715 - deformetrica.core.estimators.gradient_ascent - INFO - >> Step size and gradient norm: 
2021-07-25 13:02:30,716 - deformetrica.core.estimators.gradient_ascent - INFO - 		8.310E-04   and   3.543E+03 	[ landmark_points ]
2021-07-25 13:02:30,717 - deformetrica.core.estimators.gradient_ascent - INFO - 		2.396E-03   and   1.408E+03 	[ momenta ]
2021-07-25 13:02:32,044 - deformetrica.core.estimators.gradient_ascent - INFO - >> Step size and gradient norm: 
2021-07-25 13:02:32,046 - deformetrica.core.estimators.gradient_ascent - INFO - 		4.155E-04   and   3.543E+03 	[ landmark_points ]
2021-07-25 13:02:32,047 - deformetrica.core.estimators.gradient_ascent - INFO - 		1.198E-03   and   1.408E+03 	[ momenta ]
2021-07-25 13:02:32,498 - deformetrica.core.estimators.gradient_ascent - INFO - ------------------------------------- Iteration: 60 -------------------------------------
2021-07-25 13:02:32,499 - deformetrica.core.estimators.gradient_ascent - INFO - >> Log-likelihood = -7.004E+04 	 [ attachment = -5.667E+04 ; regularity = -1.337E+04 ]
2021-07-25 13:02:33,185 - deformetrica.core.estimators.gradient_ascent - INFO - >> Step size and gradient norm: 
2021-07-25 13:02:33,186 - deformetrica.core.estimators.gradient_ascent - INFO - 		6.232E-04   and   2.183E+03 	[ landmark_points ]
2021-07-25 13:02:33,187 - deformetrica.core.estimators.gradient_ascent - INFO - 		1.797E-03   and   9.141E+02 	[ momenta ]
2021-07-25 13:02:33,628 - deformetrica.core.estimators.gradient_ascent - INFO - ------------------------------------- Iteration: 61 -------------------------------------
2021-07-25 13:02:33,629 - deformetrica.core.estimators.gradient_ascent - INFO - >> Log-likelihood = -6.960E+04 	 [ attachment = -5.614E+04 ; regularity = -1.345E+04 ]
2021-07-25 13:02:34,292 - deformetrica.core.estimators.gradient_ascent - INFO - >> Step size and gradient norm: 
2021-07-25 13:02:34,293 - deformetrica.core.estimators.gradient_ascent - INFO - 		9.348E-04   and   3.181E+03 	[ landmark_points ]
2021-07-25 13:02:34,294 - deformetrica.core.estimators.gradient_ascent - INFO - 		2.695E-03   and   1.166E+03 	[ momenta ]
2021-07-25 13:02:35,657 - deformetrica.core.estimators.gradient_ascent - INFO - >> Step size and gradient norm: 
2021-07-25 13:02:35,659 - deformetrica.core.estimators.gradient_ascent - INFO - 		4.674E-04   and   3.181E+03 	[ landmark_points ]
2021-07-25 13:02:35,661 - deformetrica.core.estimators.gradient_ascent - INFO - 		1.348E-03   and   1.166E+03 	[ momenta ]
2021-07-25 13:02:36,125 - deformetrica.core.estimators.gradient_ascent - INFO - ------------------------------------- Iteration: 62 -------------------------------------
2021-07-25 13:02:36,126 - deformetrica.core.estimators.gradient_ascent - INFO - >> Log-likelihood = -6.876E+04 	 [ attachment = -5.523E+04 ; regularity = -1.353E+04 ]
2021-07-25 13:02:36,866 - deformetrica.core.estimators.gradient_ascent - INFO - >> Step size and gradient norm: 
2021-07-25 13:02:36,867 - deformetrica.core.estimators.gradient_ascent - INFO - 		7.011E-04   and   2.733E+03 	[ landmark_points ]
2021-07-25 13:02:36,870 - deformetrica.core.estimators.gradient_ascent - INFO - 		2.022E-03   and   9.789E+02 	[ momenta ]
2021-07-25 13:02:38,213 - deformetrica.core.estimators.gradient_ascent - INFO - ------------------------------------- Iteration: 63 -------------------------------------
2021-07-25 13:02:38,214 - deformetrica.core.estimators.gradient_ascent - INFO - >> Log-likelihood = -6.792E+04 	 [ attachment = -5.431E+04 ; regularity = -1.362E+04 ]
2021-07-25 13:02:38,915 - deformetrica.core.estimators.gradient_ascent - INFO - >> Step size and gradient norm: 
2021-07-25 13:02:38,916 - deformetrica.core.estimators.gradient_ascent - INFO - 		3.506E-04   and   2.574E+03 	[ landmark_points ]
2021-07-25 13:02:38,917 - deformetrica.core.estimators.gradient_ascent - INFO - 		2.022E-03   and   1.026E+03 	[ momenta ]
2021-07-25 13:02:39,339 - deformetrica.core.estimators.gradient_ascent - INFO - ------------------------------------- Iteration: 64 -------------------------------------
2021-07-25 13:02:39,340 - deformetrica.core.estimators.gradient_ascent - INFO - >> Log-likelihood = -6.716E+04 	 [ attachment = -5.344E+04 ; regularity = -1.373E+04 ]
2021-07-25 13:02:40,027 - deformetrica.core.estimators.gradient_ascent - INFO - >> Step size and gradient norm: 
2021-07-25 13:02:40,028 - deformetrica.core.estimators.gradient_ascent - INFO - 		5.258E-04   and   2.525E+03 	[ landmark_points ]
2021-07-25 13:02:40,030 - deformetrica.core.estimators.gradient_ascent - INFO - 		3.032E-03   and   1.028E+03 	[ momenta ]
2021-07-25 13:02:41,331 - deformetrica.core.estimators.gradient_ascent - INFO - ------------------------------------- Iteration: 65 -------------------------------------
2021-07-25 13:02:41,333 - deformetrica.core.estimators.gradient_ascent - INFO - >> Log-likelihood = -6.660E+04 	 [ attachment = -5.281E+04 ; regularity = -1.379E+04 ]
2021-07-25 13:02:42,180 - deformetrica.core.estimators.gradient_ascent - INFO - >> Step size and gradient norm: 
2021-07-25 13:02:42,181 - deformetrica.core.estimators.gradient_ascent - INFO - 		5.258E-04   and   3.092E+03 	[ landmark_points ]
2021-07-25 13:02:42,182 - deformetrica.core.estimators.gradient_ascent - INFO - 		1.516E-03   and   1.054E+03 	[ momenta ]
2021-07-25 13:02:42,631 - deformetrica.core.estimators.gradient_ascent - INFO - ------------------------------------- Iteration: 66 -------------------------------------
2021-07-25 13:02:42,633 - deformetrica.core.estimators.gradient_ascent - INFO - >> Log-likelihood = -6.616E+04 	 [ attachment = -5.229E+04 ; regularity = -1.387E+04 ]
2021-07-25 13:02:43,320 - deformetrica.core.estimators.gradient_ascent - INFO - >> Step size and gradient norm: 
2021-07-25 13:02:43,322 - deformetrica.core.estimators.gradient_ascent - INFO - 		7.888E-04   and   3.496E+03 	[ landmark_points ]
2021-07-25 13:02:43,323 - deformetrica.core.estimators.gradient_ascent - INFO - 		2.274E-03   and   1.102E+03 	[ momenta ]
2021-07-25 13:02:44,577 - deformetrica.core.estimators.gradient_ascent - INFO - ------------------------------------- Iteration: 67 -------------------------------------
2021-07-25 13:02:44,579 - deformetrica.core.estimators.gradient_ascent - INFO - >> Log-likelihood = -6.591E+04 	 [ attachment = -5.196E+04 ; regularity = -1.395E+04 ]
2021-07-25 13:02:45,280 - deformetrica.core.estimators.gradient_ascent - INFO - >> Step size and gradient norm: 
2021-07-25 13:02:45,282 - deformetrica.core.estimators.gradient_ascent - INFO - 		3.944E-04   and   4.153E+03 	[ landmark_points ]
2021-07-25 13:02:45,283 - deformetrica.core.estimators.gradient_ascent - INFO - 		2.274E-03   and   1.378E+03 	[ momenta ]
2021-07-25 13:02:46,665 - deformetrica.core.estimators.gradient_ascent - INFO - ------------------------------------- Iteration: 68 -------------------------------------
2021-07-25 13:02:46,666 - deformetrica.core.estimators.gradient_ascent - INFO - >> Log-likelihood = -6.461E+04 	 [ attachment = -5.061E+04 ; regularity = -1.401E+04 ]
2021-07-25 13:02:47,354 - deformetrica.core.estimators.gradient_ascent - INFO - >> Step size and gradient norm: 
2021-07-25 13:02:47,355 - deformetrica.core.estimators.gradient_ascent - INFO - 		3.944E-04   and   2.696E+03 	[ landmark_points ]
2021-07-25 13:02:47,356 - deformetrica.core.estimators.gradient_ascent - INFO - 		1.137E-03   and   8.474E+02 	[ momenta ]
2021-07-25 13:02:47,812 - deformetrica.core.estimators.gradient_ascent - INFO - ------------------------------------- Iteration: 69 -------------------------------------
2021-07-25 13:02:47,813 - deformetrica.core.estimators.gradient_ascent - INFO - >> Log-likelihood = -6.391E+04 	 [ attachment = -4.987E+04 ; regularity = -1.405E+04 ]
2021-07-25 13:02:48,515 - deformetrica.core.estimators.gradient_ascent - INFO - >> Step size and gradient norm: 
2021-07-25 13:02:48,518 - deformetrica.core.estimators.gradient_ascent - INFO - 		5.916E-04   and   1.838E+03 	[ landmark_points ]
2021-07-25 13:02:48,519 - deformetrica.core.estimators.gradient_ascent - INFO - 		1.706E-03   and   7.009E+02 	[ momenta ]
2021-07-25 13:02:48,945 - deformetrica.core.estimators.gradient_ascent - INFO - ------------------------------------- Iteration: 70 -------------------------------------
2021-07-25 13:02:48,947 - deformetrica.core.estimators.gradient_ascent - INFO - >> Log-likelihood = -6.351E+04 	 [ attachment = -4.939E+04 ; regularity = -1.413E+04 ]
2021-07-25 13:02:49,658 - deformetrica.core.estimators.gradient_ascent - INFO - >> Step size and gradient norm: 
2021-07-25 13:02:49,660 - deformetrica.core.estimators.gradient_ascent - INFO - 		8.874E-04   and   2.533E+03 	[ landmark_points ]
2021-07-25 13:02:49,662 - deformetrica.core.estimators.gradient_ascent - INFO - 		2.558E-03   and   7.951E+02 	[ momenta ]
2021-07-25 13:02:50,928 - deformetrica.core.estimators.gradient_ascent - INFO - ------------------------------------- Iteration: 71 -------------------------------------
2021-07-25 13:02:50,930 - deformetrica.core.estimators.gradient_ascent - INFO - >> Log-likelihood = -6.324E+04 	 [ attachment = -4.903E+04 ; regularity = -1.422E+04 ]
2021-07-25 13:02:51,623 - deformetrica.core.estimators.gradient_ascent - INFO - >> Step size and gradient norm: 
2021-07-25 13:02:51,625 - deformetrica.core.estimators.gradient_ascent - INFO - 		4.437E-04   and   3.617E+03 	[ landmark_points ]
2021-07-25 13:02:51,626 - deformetrica.core.estimators.gradient_ascent - INFO - 		2.558E-03   and   1.117E+03 	[ momenta ]
2021-07-25 13:02:52,930 - deformetrica.core.estimators.gradient_ascent - INFO - ------------------------------------- Iteration: 72 -------------------------------------
2021-07-25 13:02:52,932 - deformetrica.core.estimators.gradient_ascent - INFO - >> Log-likelihood = -6.254E+04 	 [ attachment = -4.821E+04 ; regularity = -1.433E+04 ]
2021-07-25 13:02:54,193 - deformetrica.core.estimators.gradient_ascent - INFO - >> Step size and gradient norm: 
2021-07-25 13:02:54,195 - deformetrica.core.estimators.gradient_ascent - INFO - 		2.218E-04   and   3.120E+03 	[ landmark_points ]
2021-07-25 13:02:54,196 - deformetrica.core.estimators.gradient_ascent - INFO - 		2.558E-03   and   1.178E+03 	[ momenta ]
2021-07-25 13:02:54,854 - deformetrica.core.estimators.gradient_ascent - INFO - ------------------------------------- Iteration: 73 -------------------------------------
2021-07-25 13:02:54,855 - deformetrica.core.estimators.gradient_ascent - INFO - >> Log-likelihood = -6.218E+04 	 [ attachment = -4.777E+04 ; regularity = -1.442E+04 ]
2021-07-25 13:02:55,579 - deformetrica.core.estimators.gradient_ascent - INFO - >> Step size and gradient norm: 
2021-07-25 13:02:55,581 - deformetrica.core.estimators.gradient_ascent - INFO - 		3.328E-04   and   3.372E+03 	[ landmark_points ]
2021-07-25 13:02:55,582 - deformetrica.core.estimators.gradient_ascent - INFO - 		3.838E-03   and   1.361E+03 	[ momenta ]
2021-07-25 13:02:56,923 - deformetrica.core.estimators.gradient_ascent - INFO - ------------------------------------- Iteration: 74 -------------------------------------
2021-07-25 13:02:56,925 - deformetrica.core.estimators.gradient_ascent - INFO - >> Log-likelihood = -6.159E+04 	 [ attachment = -4.712E+04 ; regularity = -1.448E+04 ]
2021-07-25 13:02:57,615 - deformetrica.core.estimators.gradient_ascent - INFO - >> Step size and gradient norm: 
2021-07-25 13:02:57,617 - deformetrica.core.estimators.gradient_ascent - INFO - 		3.328E-04   and   3.188E+03 	[ landmark_points ]
2021-07-25 13:02:57,618 - deformetrica.core.estimators.gradient_ascent - INFO - 		1.919E-03   and   1.242E+03 	[ momenta ]
2021-07-25 13:02:58,045 - deformetrica.core.estimators.gradient_ascent - INFO - ------------------------------------- Iteration: 75 -------------------------------------
2021-07-25 13:02:58,047 - deformetrica.core.estimators.gradient_ascent - INFO - >> Log-likelihood = -6.104E+04 	 [ attachment = -4.650E+04 ; regularity = -1.454E+04 ]
2021-07-25 13:02:59,268 - deformetrica.core.estimators.gradient_ascent - INFO - >> Step size and gradient norm: 
2021-07-25 13:02:59,271 - deformetrica.core.estimators.gradient_ascent - INFO - 		4.991E-04   and   3.186E+03 	[ landmark_points ]
2021-07-25 13:02:59,273 - deformetrica.core.estimators.gradient_ascent - INFO - 		2.878E-03   and   1.210E+03 	[ momenta ]
2021-07-25 13:03:00,584 - deformetrica.core.estimators.gradient_ascent - INFO - ------------------------------------- Iteration: 76 -------------------------------------
2021-07-25 13:03:00,586 - deformetrica.core.estimators.gradient_ascent - INFO - >> Log-likelihood = -6.057E+04 	 [ attachment = -4.598E+04 ; regularity = -1.458E+04 ]
2021-07-25 13:03:01,266 - deformetrica.core.estimators.gradient_ascent - INFO - >> Step size and gradient norm: 
2021-07-25 13:03:01,268 - deformetrica.core.estimators.gradient_ascent - INFO - 		4.991E-04   and   3.407E+03 	[ landmark_points ]
2021-07-25 13:03:01,269 - deformetrica.core.estimators.gradient_ascent - INFO - 		1.439E-03   and   1.087E+03 	[ momenta ]
2021-07-25 13:03:01,722 - deformetrica.core.estimators.gradient_ascent - INFO - ------------------------------------- Iteration: 77 -------------------------------------
2021-07-25 13:03:01,724 - deformetrica.core.estimators.gradient_ascent - INFO - >> Log-likelihood = -6.030E+04 	 [ attachment = -4.568E+04 ; regularity = -1.463E+04 ]
2021-07-25 13:03:02,406 - deformetrica.core.estimators.gradient_ascent - INFO - >> Step size and gradient norm: 
2021-07-25 13:03:02,408 - deformetrica.core.estimators.gradient_ascent - INFO - 		7.487E-04   and   3.948E+03 	[ landmark_points ]
2021-07-25 13:03:02,410 - deformetrica.core.estimators.gradient_ascent - INFO - 		2.159E-03   and   1.162E+03 	[ momenta ]
2021-07-25 13:03:03,802 - deformetrica.core.estimators.gradient_ascent - INFO - ------------------------------------- Iteration: 78 -------------------------------------
2021-07-25 13:03:03,803 - deformetrica.core.estimators.gradient_ascent - INFO - >> Log-likelihood = -6.014E+04 	 [ attachment = -4.544E+04 ; regularity = -1.470E+04 ]
2021-07-25 13:03:04,488 - deformetrica.core.estimators.gradient_ascent - INFO - >> Step size and gradient norm: 
2021-07-25 13:03:04,490 - deformetrica.core.estimators.gradient_ascent - INFO - 		3.744E-04   and   4.157E+03 	[ landmark_points ]
2021-07-25 13:03:04,491 - deformetrica.core.estimators.gradient_ascent - INFO - 		2.159E-03   and   1.367E+03 	[ momenta ]
2021-07-25 13:03:05,772 - deformetrica.core.estimators.gradient_ascent - INFO - ------------------------------------- Iteration: 79 -------------------------------------
2021-07-25 13:03:05,773 - deformetrica.core.estimators.gradient_ascent - INFO - >> Log-likelihood = -5.890E+04 	 [ attachment = -4.418E+04 ; regularity = -1.473E+04 ]
2021-07-25 13:03:06,455 - deformetrica.core.estimators.gradient_ascent - INFO - >> Step size and gradient norm: 
2021-07-25 13:03:06,457 - deformetrica.core.estimators.gradient_ascent - INFO - 		3.744E-04   and   2.806E+03 	[ landmark_points ]
2021-07-25 13:03:06,459 - deformetrica.core.estimators.gradient_ascent - INFO - 		1.079E-03   and   7.918E+02 	[ momenta ]
2021-07-25 13:03:06,892 - deformetrica.core.estimators.gradient_ascent - INFO - ------------------------------------- Iteration: 80 -------------------------------------
2021-07-25 13:03:06,893 - deformetrica.core.estimators.gradient_ascent - INFO - >> Log-likelihood = -5.826E+04 	 [ attachment = -4.350E+04 ; regularity = -1.476E+04 ]
2021-07-25 13:03:07,614 - deformetrica.core.estimators.gradient_ascent - INFO - >> Step size and gradient norm: 
2021-07-25 13:03:07,615 - deformetrica.core.estimators.gradient_ascent - INFO - 		5.615E-04   and   1.572E+03 	[ landmark_points ]
2021-07-25 13:03:07,617 - deformetrica.core.estimators.gradient_ascent - INFO - 		1.619E-03   and   6.153E+02 	[ momenta ]
2021-07-25 13:03:08,045 - deformetrica.core.estimators.gradient_ascent - INFO - ------------------------------------- Iteration: 81 -------------------------------------
2021-07-25 13:03:08,046 - deformetrica.core.estimators.gradient_ascent - INFO - >> Log-likelihood = -5.796E+04 	 [ attachment = -4.315E+04 ; regularity = -1.481E+04 ]
2021-07-25 13:03:08,753 - deformetrica.core.estimators.gradient_ascent - INFO - >> Step size and gradient norm: 
2021-07-25 13:03:08,755 - deformetrica.core.estimators.gradient_ascent - INFO - 		8.423E-04   and   2.386E+03 	[ landmark_points ]
2021-07-25 13:03:08,785 - deformetrica.core.estimators.gradient_ascent - INFO - 		2.429E-03   and   7.080E+02 	[ momenta ]
2021-07-25 13:03:10,160 - deformetrica.core.estimators.gradient_ascent - INFO - ------------------------------------- Iteration: 82 -------------------------------------
2021-07-25 13:03:10,161 - deformetrica.core.estimators.gradient_ascent - INFO - >> Log-likelihood = -5.770E+04 	 [ attachment = -4.280E+04 ; regularity = -1.490E+04 ]
2021-07-25 13:03:10,930 - deformetrica.core.estimators.gradient_ascent - INFO - >> Step size and gradient norm: 
2021-07-25 13:03:10,931 - deformetrica.core.estimators.gradient_ascent - INFO - 		4.211E-04   and   2.836E+03 	[ landmark_points ]
2021-07-25 13:03:10,933 - deformetrica.core.estimators.gradient_ascent - INFO - 		2.429E-03   and   9.439E+02 	[ momenta ]
2021-07-25 13:03:12,638 - deformetrica.core.estimators.gradient_ascent - INFO - ------------------------------------- Iteration: 83 -------------------------------------
2021-07-25 13:03:12,639 - deformetrica.core.estimators.gradient_ascent - INFO - >> Log-likelihood = -5.702E+04 	 [ attachment = -4.205E+04 ; regularity = -1.497E+04 ]
2021-07-25 13:03:13,516 - deformetrica.core.estimators.gradient_ascent - INFO - >> Step size and gradient norm: 
2021-07-25 13:03:13,517 - deformetrica.core.estimators.gradient_ascent - INFO - 		2.106E-04   and   2.428E+03 	[ landmark_points ]
2021-07-25 13:03:13,519 - deformetrica.core.estimators.gradient_ascent - INFO - 		2.429E-03   and   9.350E+02 	[ momenta ]
2021-07-25 13:03:13,972 - deformetrica.core.estimators.gradient_ascent - INFO - ------------------------------------- Iteration: 84 -------------------------------------
2021-07-25 13:03:13,973 - deformetrica.core.estimators.gradient_ascent - INFO - >> Log-likelihood = -5.653E+04 	 [ attachment = -4.149E+04 ; regularity = -1.504E+04 ]
2021-07-25 13:03:14,850 - deformetrica.core.estimators.gradient_ascent - INFO - >> Step size and gradient norm: 
2021-07-25 13:03:14,851 - deformetrica.core.estimators.gradient_ascent - INFO - 		3.159E-04   and   2.184E+03 	[ landmark_points ]
2021-07-25 13:03:14,852 - deformetrica.core.estimators.gradient_ascent - INFO - 		3.643E-03   and   9.623E+02 	[ momenta ]
2021-07-25 13:03:16,287 - deformetrica.core.estimators.gradient_ascent - INFO - ------------------------------------- Iteration: 85 -------------------------------------
2021-07-25 13:03:16,290 - deformetrica.core.estimators.gradient_ascent - INFO - >> Log-likelihood = -5.593E+04 	 [ attachment = -4.082E+04 ; regularity = -1.510E+04 ]
2021-07-25 13:03:17,122 - deformetrica.core.estimators.gradient_ascent - INFO - >> Step size and gradient norm: 
2021-07-25 13:03:17,123 - deformetrica.core.estimators.gradient_ascent - INFO - 		3.159E-04   and   2.119E+03 	[ landmark_points ]
2021-07-25 13:03:17,125 - deformetrica.core.estimators.gradient_ascent - INFO - 		1.821E-03   and   8.580E+02 	[ momenta ]
2021-07-25 13:03:17,735 - deformetrica.core.estimators.gradient_ascent - INFO - ------------------------------------- Iteration: 86 -------------------------------------
2021-07-25 13:03:17,736 - deformetrica.core.estimators.gradient_ascent - INFO - >> Log-likelihood = -5.537E+04 	 [ attachment = -4.020E+04 ; regularity = -1.516E+04 ]
2021-07-25 13:03:18,434 - deformetrica.core.estimators.gradient_ascent - INFO - >> Step size and gradient norm: 
2021-07-25 13:03:18,436 - deformetrica.core.estimators.gradient_ascent - INFO - 		4.738E-04   and   1.714E+03 	[ landmark_points ]
2021-07-25 13:03:18,438 - deformetrica.core.estimators.gradient_ascent - INFO - 		2.732E-03   and   7.734E+02 	[ momenta ]
2021-07-25 13:03:19,714 - deformetrica.core.estimators.gradient_ascent - INFO - ------------------------------------- Iteration: 87 -------------------------------------
2021-07-25 13:03:19,716 - deformetrica.core.estimators.gradient_ascent - INFO - >> Log-likelihood = -5.491E+04 	 [ attachment = -3.970E+04 ; regularity = -1.521E+04 ]
2021-07-25 13:03:20,381 - deformetrica.core.estimators.gradient_ascent - INFO - >> Step size and gradient norm: 
2021-07-25 13:03:20,382 - deformetrica.core.estimators.gradient_ascent - INFO - 		4.738E-04   and   1.861E+03 	[ landmark_points ]
2021-07-25 13:03:20,384 - deformetrica.core.estimators.gradient_ascent - INFO - 		1.366E-03   and   7.027E+02 	[ momenta ]
2021-07-25 13:03:20,811 - deformetrica.core.estimators.gradient_ascent - INFO - ------------------------------------- Iteration: 88 -------------------------------------
2021-07-25 13:03:20,812 - deformetrica.core.estimators.gradient_ascent - INFO - >> Log-likelihood = -5.457E+04 	 [ attachment = -3.931E+04 ; regularity = -1.526E+04 ]
2021-07-25 13:03:21,530 - deformetrica.core.estimators.gradient_ascent - INFO - >> Step size and gradient norm: 
2021-07-25 13:03:21,532 - deformetrica.core.estimators.gradient_ascent - INFO - 		7.107E-04   and   1.778E+03 	[ landmark_points ]
2021-07-25 13:03:21,534 - deformetrica.core.estimators.gradient_ascent - INFO - 		2.049E-03   and   6.729E+02 	[ momenta ]
2021-07-25 13:03:22,934 - deformetrica.core.estimators.gradient_ascent - INFO - ------------------------------------- Iteration: 89 -------------------------------------
2021-07-25 13:03:22,936 - deformetrica.core.estimators.gradient_ascent - INFO - >> Log-likelihood = -5.413E+04 	 [ attachment = -3.881E+04 ; regularity = -1.532E+04 ]
2021-07-25 13:03:23,655 - deformetrica.core.estimators.gradient_ascent - INFO - >> Step size and gradient norm: 
2021-07-25 13:03:23,656 - deformetrica.core.estimators.gradient_ascent - INFO - 		3.553E-04   and   1.841E+03 	[ landmark_points ]
2021-07-25 13:03:23,657 - deformetrica.core.estimators.gradient_ascent - INFO - 		2.049E-03   and   7.294E+02 	[ momenta ]
2021-07-25 13:03:24,095 - deformetrica.core.estimators.gradient_ascent - INFO - ------------------------------------- Iteration: 90 -------------------------------------
2021-07-25 13:03:24,096 - deformetrica.core.estimators.gradient_ascent - INFO - >> Log-likelihood = -5.375E+04 	 [ attachment = -3.836E+04 ; regularity = -1.539E+04 ]
2021-07-25 13:03:24,786 - deformetrica.core.estimators.gradient_ascent - INFO - >> Step size and gradient norm: 
2021-07-25 13:03:24,787 - deformetrica.core.estimators.gradient_ascent - INFO - 		5.330E-04   and   1.910E+03 	[ landmark_points ]
2021-07-25 13:03:24,789 - deformetrica.core.estimators.gradient_ascent - INFO - 		3.074E-03   and   7.508E+02 	[ momenta ]
2021-07-25 13:03:26,112 - deformetrica.core.estimators.gradient_ascent - INFO - ------------------------------------- Iteration: 91 -------------------------------------
2021-07-25 13:03:26,114 - deformetrica.core.estimators.gradient_ascent - INFO - >> Log-likelihood = -5.354E+04 	 [ attachment = -3.809E+04 ; regularity = -1.544E+04 ]
2021-07-25 13:03:26,816 - deformetrica.core.estimators.gradient_ascent - INFO - >> Step size and gradient norm: 
2021-07-25 13:03:26,817 - deformetrica.core.estimators.gradient_ascent - INFO - 		5.330E-04   and   2.526E+03 	[ landmark_points ]
2021-07-25 13:03:26,820 - deformetrica.core.estimators.gradient_ascent - INFO - 		1.537E-03   and   8.445E+02 	[ momenta ]
2021-07-25 13:03:27,243 - deformetrica.core.estimators.gradient_ascent - INFO - ------------------------------------- Iteration: 92 -------------------------------------
2021-07-25 13:03:27,244 - deformetrica.core.estimators.gradient_ascent - INFO - >> Log-likelihood = -5.345E+04 	 [ attachment = -3.796E+04 ; regularity = -1.549E+04 ]
2021-07-25 13:03:27,952 - deformetrica.core.estimators.gradient_ascent - INFO - >> Step size and gradient norm: 
2021-07-25 13:03:27,954 - deformetrica.core.estimators.gradient_ascent - INFO - 		7.995E-04   and   3.113E+03 	[ landmark_points ]
2021-07-25 13:03:27,955 - deformetrica.core.estimators.gradient_ascent - INFO - 		2.305E-03   and   9.681E+02 	[ momenta ]
2021-07-25 13:03:29,217 - deformetrica.core.estimators.gradient_ascent - INFO - >> Step size and gradient norm: 
2021-07-25 13:03:29,218 - deformetrica.core.estimators.gradient_ascent - INFO - 		3.998E-04   and   3.113E+03 	[ landmark_points ]
2021-07-25 13:03:29,219 - deformetrica.core.estimators.gradient_ascent - INFO - 		1.153E-03   and   9.681E+02 	[ momenta ]
2021-07-25 13:03:29,862 - deformetrica.core.estimators.gradient_ascent - INFO - ------------------------------------- Iteration: 93 -------------------------------------
2021-07-25 13:03:29,864 - deformetrica.core.estimators.gradient_ascent - INFO - >> Log-likelihood = -5.278E+04 	 [ attachment = -3.725E+04 ; regularity = -1.553E+04 ]
2021-07-25 13:03:30,750 - deformetrica.core.estimators.gradient_ascent - INFO - >> Step size and gradient norm: 
2021-07-25 13:03:30,752 - deformetrica.core.estimators.gradient_ascent - INFO - 		5.996E-04   and   2.239E+03 	[ landmark_points ]
2021-07-25 13:03:30,754 - deformetrica.core.estimators.gradient_ascent - INFO - 		1.729E-03   and   7.500E+02 	[ momenta ]
2021-07-25 13:03:32,081 - deformetrica.core.estimators.gradient_ascent - INFO - ------------------------------------- Iteration: 94 -------------------------------------
2021-07-25 13:03:32,082 - deformetrica.core.estimators.gradient_ascent - INFO - >> Log-likelihood = -5.230E+04 	 [ attachment = -3.672E+04 ; regularity = -1.558E+04 ]
2021-07-25 13:03:32,797 - deformetrica.core.estimators.gradient_ascent - INFO - >> Step size and gradient norm: 
2021-07-25 13:03:32,799 - deformetrica.core.estimators.gradient_ascent - INFO - 		2.998E-04   and   1.490E+03 	[ landmark_points ]
2021-07-25 13:03:32,800 - deformetrica.core.estimators.gradient_ascent - INFO - 		1.729E-03   and   6.374E+02 	[ momenta ]
2021-07-25 13:03:33,227 - deformetrica.core.estimators.gradient_ascent - INFO - ------------------------------------- Iteration: 95 -------------------------------------
2021-07-25 13:03:33,228 - deformetrica.core.estimators.gradient_ascent - INFO - >> Log-likelihood = -5.187E+04 	 [ attachment = -3.623E+04 ; regularity = -1.564E+04 ]
2021-07-25 13:03:33,917 - deformetrica.core.estimators.gradient_ascent - INFO - >> Step size and gradient norm: 
2021-07-25 13:03:33,919 - deformetrica.core.estimators.gradient_ascent - INFO - 		4.497E-04   and   1.262E+03 	[ landmark_points ]
2021-07-25 13:03:33,921 - deformetrica.core.estimators.gradient_ascent - INFO - 		2.593E-03   and   5.580E+02 	[ momenta ]
2021-07-25 13:03:34,342 - deformetrica.core.estimators.gradient_ascent - INFO - ------------------------------------- Iteration: 96 -------------------------------------
2021-07-25 13:03:34,343 - deformetrica.core.estimators.gradient_ascent - INFO - >> Log-likelihood = -5.164E+04 	 [ attachment = -3.593E+04 ; regularity = -1.571E+04 ]
2021-07-25 13:03:35,157 - deformetrica.core.estimators.gradient_ascent - INFO - >> Step size and gradient norm: 
2021-07-25 13:03:35,160 - deformetrica.core.estimators.gradient_ascent - INFO - 		6.746E-04   and   1.962E+03 	[ landmark_points ]
2021-07-25 13:03:35,189 - deformetrica.core.estimators.gradient_ascent - INFO - 		3.890E-03   and   7.585E+02 	[ momenta ]
2021-07-25 13:03:36,643 - deformetrica.core.estimators.gradient_ascent - INFO - >> Step size and gradient norm: 
2021-07-25 13:03:36,645 - deformetrica.core.estimators.gradient_ascent - INFO - 		3.373E-04   and   1.962E+03 	[ landmark_points ]
2021-07-25 13:03:36,647 - deformetrica.core.estimators.gradient_ascent - INFO - 		1.945E-03   and   7.585E+02 	[ momenta ]
2021-07-25 13:03:37,270 - deformetrica.core.estimators.gradient_ascent - INFO - ------------------------------------- Iteration: 97 -------------------------------------
2021-07-25 13:03:37,271 - deformetrica.core.estimators.gradient_ascent - INFO - >> Log-likelihood = -5.135E+04 	 [ attachment = -3.557E+04 ; regularity = -1.579E+04 ]
2021-07-25 13:03:38,130 - deformetrica.core.estimators.gradient_ascent - INFO - >> Step size and gradient norm: 
2021-07-25 13:03:38,132 - deformetrica.core.estimators.gradient_ascent - INFO - 		5.059E-04   and   2.004E+03 	[ landmark_points ]
2021-07-25 13:03:38,135 - deformetrica.core.estimators.gradient_ascent - INFO - 		2.918E-03   and   8.108E+02 	[ momenta ]
2021-07-25 13:03:39,462 - deformetrica.core.estimators.gradient_ascent - INFO - ------------------------------------- Iteration: 98 -------------------------------------
2021-07-25 13:03:39,463 - deformetrica.core.estimators.gradient_ascent - INFO - >> Log-likelihood = -5.123E+04 	 [ attachment = -3.541E+04 ; regularity = -1.581E+04 ]
2021-07-25 13:03:40,150 - deformetrica.core.estimators.gradient_ascent - INFO - >> Step size and gradient norm: 
2021-07-25 13:03:40,151 - deformetrica.core.estimators.gradient_ascent - INFO - 		5.059E-04   and   2.552E+03 	[ landmark_points ]
2021-07-25 13:03:40,152 - deformetrica.core.estimators.gradient_ascent - INFO - 		1.459E-03   and   8.021E+02 	[ momenta ]
2021-07-25 13:03:40,674 - deformetrica.core.estimators.gradient_ascent - INFO - Tolerance threshold met. Stopping the optimization process.
2021-07-25 13:03:41,829 - root - INFO - >> Estimation took: 03 minutes and 14 seconds
