2021-08-10 13:57:15,917 - root - ERROR - Logger has been set to: INFO
2021-08-10 13:57:15,938 - root - INFO - OMP_NUM_THREADS was not found in environment variables. An automatic value will be set.
2021-08-10 13:57:15,945 - root - INFO - OMP_NUM_THREADS will be set to 2
2021-08-10 13:57:15,949 - root - INFO - >> No specified state-file. By default, Deformetrica state will by saved in file: output/deformetrica-state.p.
2021-08-10 13:57:15,955 - root - INFO - >> Removing the pre-existing state file with same path.
2021-08-10 13:57:16,010 - deformetrica.core.models.model_functions - INFO - >> Reading 200 initial control points from file images/mask_initial_control_points/mask_01_initial_control_points.txt.
2021-08-10 13:57:16,012 - deformetrica.core.models.model_functions - INFO - >> Momenta initialized to zero, for 5 subjects.
2021-08-10 13:57:16,014 - root - INFO - >> Started estimator: GradientAscent
2021-08-10 13:57:16,849 - deformetrica.core.estimators.gradient_ascent - INFO - ------------------------------------- Iteration: 0 -------------------------------------
2021-08-10 13:57:16,850 - deformetrica.core.estimators.gradient_ascent - INFO - >> Log-likelihood = -2.368E+07 	 [ attachment = -2.368E+07 ; regularity = 0.000E+00 ]
2021-08-10 13:57:16,851 - deformetrica.core.estimators.gradient_ascent - INFO - >> Step size and gradient norm: 
2021-08-10 13:57:16,854 - deformetrica.core.estimators.gradient_ascent - INFO - 		7.930E-07   and   1.261E+06 	[ landmark_points ]
2021-08-10 13:57:16,856 - deformetrica.core.estimators.gradient_ascent - INFO - 		2.825E-06   and   3.540E+05 	[ momenta ]
2021-08-10 13:57:17,282 - deformetrica.core.estimators.gradient_ascent - INFO - ------------------------------------- Iteration: 1 -------------------------------------
2021-08-10 13:57:17,283 - deformetrica.core.estimators.gradient_ascent - INFO - >> Log-likelihood = -2.314E+07 	 [ attachment = -2.314E+07 ; regularity = -1.873E+00 ]
2021-08-10 13:57:17,993 - deformetrica.core.estimators.gradient_ascent - INFO - >> Step size and gradient norm: 
2021-08-10 13:57:17,994 - deformetrica.core.estimators.gradient_ascent - INFO - 		1.190E-06   and   1.240E+06 	[ landmark_points ]
2021-08-10 13:57:17,995 - deformetrica.core.estimators.gradient_ascent - INFO - 		4.237E-06   and   3.496E+05 	[ momenta ]
2021-08-10 13:57:18,935 - deformetrica.core.estimators.gradient_ascent - INFO - ------------------------------------- Iteration: 2 -------------------------------------
2021-08-10 13:57:18,937 - deformetrica.core.estimators.gradient_ascent - INFO - >> Log-likelihood = -2.235E+07 	 [ attachment = -2.235E+07 ; regularity = -1.154E+01 ]
2021-08-10 13:57:19,746 - deformetrica.core.estimators.gradient_ascent - INFO - >> Step size and gradient norm: 
2021-08-10 13:57:19,747 - deformetrica.core.estimators.gradient_ascent - INFO - 		1.784E-06   and   1.208E+06 	[ landmark_points ]
2021-08-10 13:57:19,749 - deformetrica.core.estimators.gradient_ascent - INFO - 		6.356E-06   and   3.430E+05 	[ momenta ]
2021-08-10 13:57:20,186 - deformetrica.core.estimators.gradient_ascent - INFO - ------------------------------------- Iteration: 3 -------------------------------------
2021-08-10 13:57:20,187 - deformetrica.core.estimators.gradient_ascent - INFO - >> Log-likelihood = -2.123E+07 	 [ attachment = -2.123E+07 ; regularity = -4.072E+01 ]
2021-08-10 13:57:21,020 - deformetrica.core.estimators.gradient_ascent - INFO - >> Step size and gradient norm: 
2021-08-10 13:57:21,021 - deformetrica.core.estimators.gradient_ascent - INFO - 		2.676E-06   and   1.158E+06 	[ landmark_points ]
2021-08-10 13:57:21,051 - deformetrica.core.estimators.gradient_ascent - INFO - 		9.534E-06   and   3.329E+05 	[ momenta ]
2021-08-10 13:57:21,754 - deformetrica.core.estimators.gradient_ascent - INFO - ------------------------------------- Iteration: 4 -------------------------------------
2021-08-10 13:57:21,755 - deformetrica.core.estimators.gradient_ascent - INFO - >> Log-likelihood = -1.967E+07 	 [ attachment = -1.967E+07 ; regularity = -1.150E+02 ]
2021-08-10 13:57:22,509 - deformetrica.core.estimators.gradient_ascent - INFO - >> Step size and gradient norm: 
2021-08-10 13:57:22,510 - deformetrica.core.estimators.gradient_ascent - INFO - 		4.015E-06   and   1.083E+06 	[ landmark_points ]
2021-08-10 13:57:22,512 - deformetrica.core.estimators.gradient_ascent - INFO - 		1.430E-05   and   3.175E+05 	[ momenta ]
2021-08-10 13:57:22,954 - deformetrica.core.estimators.gradient_ascent - INFO - ------------------------------------- Iteration: 5 -------------------------------------
2021-08-10 13:57:22,956 - deformetrica.core.estimators.gradient_ascent - INFO - >> Log-likelihood = -1.760E+07 	 [ attachment = -1.760E+07 ; regularity = -2.867E+02 ]
2021-08-10 13:57:23,632 - deformetrica.core.estimators.gradient_ascent - INFO - >> Step size and gradient norm: 
2021-08-10 13:57:23,634 - deformetrica.core.estimators.gradient_ascent - INFO - 		6.022E-06   and   9.674E+05 	[ landmark_points ]
2021-08-10 13:57:23,635 - deformetrica.core.estimators.gradient_ascent - INFO - 		2.145E-05   and   2.943E+05 	[ momenta ]
2021-08-10 13:57:24,043 - deformetrica.core.estimators.gradient_ascent - INFO - ------------------------------------- Iteration: 6 -------------------------------------
2021-08-10 13:57:24,044 - deformetrica.core.estimators.gradient_ascent - INFO - >> Log-likelihood = -1.506E+07 	 [ attachment = -1.505E+07 ; regularity = -6.518E+02 ]
2021-08-10 13:57:24,682 - deformetrica.core.estimators.gradient_ascent - INFO - >> Step size and gradient norm: 
2021-08-10 13:57:24,683 - deformetrica.core.estimators.gradient_ascent - INFO - 		9.033E-06   and   7.978E+05 	[ landmark_points ]
2021-08-10 13:57:24,685 - deformetrica.core.estimators.gradient_ascent - INFO - 		3.218E-05   and   2.600E+05 	[ momenta ]
2021-08-10 13:57:25,093 - deformetrica.core.estimators.gradient_ascent - INFO - ------------------------------------- Iteration: 7 -------------------------------------
2021-08-10 13:57:25,094 - deformetrica.core.estimators.gradient_ascent - INFO - >> Log-likelihood = -1.230E+07 	 [ attachment = -1.229E+07 ; regularity = -1.354E+03 ]
2021-08-10 13:57:25,704 - deformetrica.core.estimators.gradient_ascent - INFO - >> Step size and gradient norm: 
2021-08-10 13:57:25,706 - deformetrica.core.estimators.gradient_ascent - INFO - 		1.355E-05   and   5.711E+05 	[ landmark_points ]
2021-08-10 13:57:25,707 - deformetrica.core.estimators.gradient_ascent - INFO - 		4.827E-05   and   2.134E+05 	[ momenta ]
2021-08-10 13:57:26,099 - deformetrica.core.estimators.gradient_ascent - INFO - ------------------------------------- Iteration: 8 -------------------------------------
2021-08-10 13:57:26,101 - deformetrica.core.estimators.gradient_ascent - INFO - >> Log-likelihood = -9.789E+06 	 [ attachment = -9.786E+06 ; regularity = -2.526E+03 ]
2021-08-10 13:57:26,841 - deformetrica.core.estimators.gradient_ascent - INFO - >> Step size and gradient norm: 
2021-08-10 13:57:26,843 - deformetrica.core.estimators.gradient_ascent - INFO - 		2.032E-05   and   3.354E+05 	[ landmark_points ]
2021-08-10 13:57:26,844 - deformetrica.core.estimators.gradient_ascent - INFO - 		7.240E-05   and   1.588E+05 	[ momenta ]
2021-08-10 13:57:27,228 - deformetrica.core.estimators.gradient_ascent - INFO - ------------------------------------- Iteration: 9 -------------------------------------
2021-08-10 13:57:27,229 - deformetrica.core.estimators.gradient_ascent - INFO - >> Log-likelihood = -7.913E+06 	 [ attachment = -7.909E+06 ; regularity = -4.107E+03 ]
2021-08-10 13:57:27,889 - deformetrica.core.estimators.gradient_ascent - INFO - >> Step size and gradient norm: 
2021-08-10 13:57:27,890 - deformetrica.core.estimators.gradient_ascent - INFO - 		3.049E-05   and   1.941E+05 	[ landmark_points ]
2021-08-10 13:57:27,891 - deformetrica.core.estimators.gradient_ascent - INFO - 		1.086E-04   and   1.080E+05 	[ momenta ]
2021-08-10 13:57:28,313 - deformetrica.core.estimators.gradient_ascent - INFO - ------------------------------------- Iteration: 10 -------------------------------------
2021-08-10 13:57:28,314 - deformetrica.core.estimators.gradient_ascent - INFO - >> Log-likelihood = -6.611E+06 	 [ attachment = -6.605E+06 ; regularity = -5.727E+03 ]
2021-08-10 13:57:28,954 - deformetrica.core.estimators.gradient_ascent - INFO - >> Step size and gradient norm: 
2021-08-10 13:57:28,955 - deformetrica.core.estimators.gradient_ascent - INFO - 		4.573E-05   and   1.437E+05 	[ landmark_points ]
2021-08-10 13:57:28,956 - deformetrica.core.estimators.gradient_ascent - INFO - 		1.629E-04   and   8.229E+04 	[ momenta ]
2021-08-10 13:57:29,362 - deformetrica.core.estimators.gradient_ascent - INFO - ------------------------------------- Iteration: 11 -------------------------------------
2021-08-10 13:57:29,363 - deformetrica.core.estimators.gradient_ascent - INFO - >> Log-likelihood = -5.422E+06 	 [ attachment = -5.415E+06 ; regularity = -7.223E+03 ]
2021-08-10 13:57:29,989 - deformetrica.core.estimators.gradient_ascent - INFO - >> Step size and gradient norm: 
2021-08-10 13:57:29,991 - deformetrica.core.estimators.gradient_ascent - INFO - 		6.859E-05   and   1.147E+05 	[ landmark_points ]
2021-08-10 13:57:29,992 - deformetrica.core.estimators.gradient_ascent - INFO - 		2.444E-04   and   7.171E+04 	[ momenta ]
2021-08-10 13:57:30,415 - deformetrica.core.estimators.gradient_ascent - INFO - ------------------------------------- Iteration: 12 -------------------------------------
2021-08-10 13:57:30,416 - deformetrica.core.estimators.gradient_ascent - INFO - >> Log-likelihood = -4.497E+06 	 [ attachment = -4.487E+06 ; regularity = -9.674E+03 ]
2021-08-10 13:57:31,133 - deformetrica.core.estimators.gradient_ascent - INFO - >> Step size and gradient norm: 
2021-08-10 13:57:31,134 - deformetrica.core.estimators.gradient_ascent - INFO - 		1.029E-04   and   1.118E+05 	[ landmark_points ]
2021-08-10 13:57:31,164 - deformetrica.core.estimators.gradient_ascent - INFO - 		3.665E-04   and   1.063E+05 	[ momenta ]
2021-08-10 13:57:32,397 - deformetrica.core.estimators.gradient_ascent - INFO - >> Step size and gradient norm: 
2021-08-10 13:57:32,398 - deformetrica.core.estimators.gradient_ascent - INFO - 		5.144E-05   and   1.118E+05 	[ landmark_points ]
2021-08-10 13:57:32,400 - deformetrica.core.estimators.gradient_ascent - INFO - 		1.833E-04   and   1.063E+05 	[ momenta ]
2021-08-10 13:57:33,548 - deformetrica.core.estimators.gradient_ascent - INFO - ------------------------------------- Iteration: 13 -------------------------------------
2021-08-10 13:57:33,549 - deformetrica.core.estimators.gradient_ascent - INFO - >> Log-likelihood = -4.354E+06 	 [ attachment = -4.344E+06 ; regularity = -9.785E+03 ]
2021-08-10 13:57:34,207 - deformetrica.core.estimators.gradient_ascent - INFO - >> Step size and gradient norm: 
2021-08-10 13:57:34,208 - deformetrica.core.estimators.gradient_ascent - INFO - 		5.144E-05   and   2.174E+05 	[ landmark_points ]
2021-08-10 13:57:34,211 - deformetrica.core.estimators.gradient_ascent - INFO - 		9.163E-05   and   1.074E+05 	[ momenta ]
2021-08-10 13:57:35,358 - deformetrica.core.estimators.gradient_ascent - INFO - ------------------------------------- Iteration: 14 -------------------------------------
2021-08-10 13:57:35,360 - deformetrica.core.estimators.gradient_ascent - INFO - >> Log-likelihood = -4.165E+06 	 [ attachment = -4.154E+06 ; regularity = -1.065E+04 ]
2021-08-10 13:57:36,001 - deformetrica.core.estimators.gradient_ascent - INFO - >> Step size and gradient norm: 
2021-08-10 13:57:36,002 - deformetrica.core.estimators.gradient_ascent - INFO - 		2.572E-05   and   2.295E+05 	[ landmark_points ]
2021-08-10 13:57:36,003 - deformetrica.core.estimators.gradient_ascent - INFO - 		9.163E-05   and   1.197E+05 	[ momenta ]
2021-08-10 13:57:37,097 - deformetrica.core.estimators.gradient_ascent - INFO - ------------------------------------- Iteration: 15 -------------------------------------
2021-08-10 13:57:37,099 - deformetrica.core.estimators.gradient_ascent - INFO - >> Log-likelihood = -3.775E+06 	 [ attachment = -3.764E+06 ; regularity = -1.075E+04 ]
2021-08-10 13:57:37,864 - deformetrica.core.estimators.gradient_ascent - INFO - >> Step size and gradient norm: 
2021-08-10 13:57:37,865 - deformetrica.core.estimators.gradient_ascent - INFO - 		2.572E-05   and   1.648E+05 	[ landmark_points ]
2021-08-10 13:57:37,866 - deformetrica.core.estimators.gradient_ascent - INFO - 		4.582E-05   and   8.106E+04 	[ momenta ]
2021-08-10 13:57:38,287 - deformetrica.core.estimators.gradient_ascent - INFO - ------------------------------------- Iteration: 16 -------------------------------------
2021-08-10 13:57:38,288 - deformetrica.core.estimators.gradient_ascent - INFO - >> Log-likelihood = -3.637E+06 	 [ attachment = -3.625E+06 ; regularity = -1.102E+04 ]
2021-08-10 13:57:38,954 - deformetrica.core.estimators.gradient_ascent - INFO - >> Step size and gradient norm: 
2021-08-10 13:57:38,956 - deformetrica.core.estimators.gradient_ascent - INFO - 		3.858E-05   and   1.519E+05 	[ landmark_points ]
2021-08-10 13:57:38,957 - deformetrica.core.estimators.gradient_ascent - INFO - 		6.872E-05   and   7.605E+04 	[ momenta ]
2021-08-10 13:57:40,106 - deformetrica.core.estimators.gradient_ascent - INFO - ------------------------------------- Iteration: 17 -------------------------------------
2021-08-10 13:57:40,107 - deformetrica.core.estimators.gradient_ascent - INFO - >> Log-likelihood = -3.513E+06 	 [ attachment = -3.502E+06 ; regularity = -1.139E+04 ]
2021-08-10 13:57:40,739 - deformetrica.core.estimators.gradient_ascent - INFO - >> Step size and gradient norm: 
2021-08-10 13:57:40,740 - deformetrica.core.estimators.gradient_ascent - INFO - 		1.929E-05   and   1.564E+05 	[ landmark_points ]
2021-08-10 13:57:40,741 - deformetrica.core.estimators.gradient_ascent - INFO - 		6.872E-05   and   8.450E+04 	[ momenta ]
2021-08-10 13:57:41,139 - deformetrica.core.estimators.gradient_ascent - INFO - ------------------------------------- Iteration: 18 -------------------------------------
2021-08-10 13:57:41,139 - deformetrica.core.estimators.gradient_ascent - INFO - >> Log-likelihood = -3.400E+06 	 [ attachment = -3.389E+06 ; regularity = -1.180E+04 ]
2021-08-10 13:57:41,771 - deformetrica.core.estimators.gradient_ascent - INFO - >> Step size and gradient norm: 
2021-08-10 13:57:41,772 - deformetrica.core.estimators.gradient_ascent - INFO - 		2.894E-05   and   1.831E+05 	[ landmark_points ]
2021-08-10 13:57:41,773 - deformetrica.core.estimators.gradient_ascent - INFO - 		1.031E-04   and   9.287E+04 	[ momenta ]
2021-08-10 13:57:42,915 - deformetrica.core.estimators.gradient_ascent - INFO - ------------------------------------- Iteration: 19 -------------------------------------
2021-08-10 13:57:42,916 - deformetrica.core.estimators.gradient_ascent - INFO - >> Log-likelihood = -3.332E+06 	 [ attachment = -3.320E+06 ; regularity = -1.206E+04 ]
2021-08-10 13:57:43,550 - deformetrica.core.estimators.gradient_ascent - INFO - >> Step size and gradient norm: 
2021-08-10 13:57:43,551 - deformetrica.core.estimators.gradient_ascent - INFO - 		2.894E-05   and   2.182E+05 	[ landmark_points ]
2021-08-10 13:57:43,553 - deformetrica.core.estimators.gradient_ascent - INFO - 		5.154E-05   and   1.001E+05 	[ momenta ]
2021-08-10 13:57:43,973 - deformetrica.core.estimators.gradient_ascent - INFO - ------------------------------------- Iteration: 20 -------------------------------------
2021-08-10 13:57:43,974 - deformetrica.core.estimators.gradient_ascent - INFO - >> Log-likelihood = -3.307E+06 	 [ attachment = -3.295E+06 ; regularity = -1.238E+04 ]
2021-08-10 13:57:44,608 - deformetrica.core.estimators.gradient_ascent - INFO - >> Step size and gradient norm: 
2021-08-10 13:57:44,609 - deformetrica.core.estimators.gradient_ascent - INFO - 		4.341E-05   and   2.462E+05 	[ landmark_points ]
2021-08-10 13:57:44,610 - deformetrica.core.estimators.gradient_ascent - INFO - 		7.731E-05   and   1.133E+05 	[ momenta ]
2021-08-10 13:57:45,749 - deformetrica.core.estimators.gradient_ascent - INFO - >> Step size and gradient norm: 
2021-08-10 13:57:45,751 - deformetrica.core.estimators.gradient_ascent - INFO - 		2.170E-05   and   2.462E+05 	[ landmark_points ]
2021-08-10 13:57:45,752 - deformetrica.core.estimators.gradient_ascent - INFO - 		3.866E-05   and   1.133E+05 	[ momenta ]
2021-08-10 13:57:46,135 - deformetrica.core.estimators.gradient_ascent - INFO - ------------------------------------- Iteration: 21 -------------------------------------
2021-08-10 13:57:46,136 - deformetrica.core.estimators.gradient_ascent - INFO - >> Log-likelihood = -3.009E+06 	 [ attachment = -2.996E+06 ; regularity = -1.255E+04 ]
2021-08-10 13:57:46,812 - deformetrica.core.estimators.gradient_ascent - INFO - >> Step size and gradient norm: 
2021-08-10 13:57:46,813 - deformetrica.core.estimators.gradient_ascent - INFO - 		3.256E-05   and   1.538E+05 	[ landmark_points ]
2021-08-10 13:57:46,814 - deformetrica.core.estimators.gradient_ascent - INFO - 		5.799E-05   and   7.524E+04 	[ momenta ]
2021-08-10 13:57:48,175 - deformetrica.core.estimators.gradient_ascent - INFO - ------------------------------------- Iteration: 22 -------------------------------------
2021-08-10 13:57:48,176 - deformetrica.core.estimators.gradient_ascent - INFO - >> Log-likelihood = -2.878E+06 	 [ attachment = -2.865E+06 ; regularity = -1.287E+04 ]
2021-08-10 13:57:49,205 - deformetrica.core.estimators.gradient_ascent - INFO - >> Step size and gradient norm: 
2021-08-10 13:57:49,206 - deformetrica.core.estimators.gradient_ascent - INFO - 		1.628E-05   and   1.349E+05 	[ landmark_points ]
2021-08-10 13:57:49,208 - deformetrica.core.estimators.gradient_ascent - INFO - 		5.799E-05   and   7.154E+04 	[ momenta ]
2021-08-10 13:57:49,639 - deformetrica.core.estimators.gradient_ascent - INFO - ------------------------------------- Iteration: 23 -------------------------------------
2021-08-10 13:57:49,640 - deformetrica.core.estimators.gradient_ascent - INFO - >> Log-likelihood = -2.751E+06 	 [ attachment = -2.738E+06 ; regularity = -1.314E+04 ]
2021-08-10 13:57:50,311 - deformetrica.core.estimators.gradient_ascent - INFO - >> Step size and gradient norm: 
2021-08-10 13:57:50,312 - deformetrica.core.estimators.gradient_ascent - INFO - 		2.442E-05   and   1.225E+05 	[ landmark_points ]
2021-08-10 13:57:50,313 - deformetrica.core.estimators.gradient_ascent - INFO - 		8.698E-05   and   6.937E+04 	[ momenta ]
2021-08-10 13:57:50,719 - deformetrica.core.estimators.gradient_ascent - INFO - ------------------------------------- Iteration: 24 -------------------------------------
2021-08-10 13:57:50,720 - deformetrica.core.estimators.gradient_ascent - INFO - >> Log-likelihood = -2.729E+06 	 [ attachment = -2.716E+06 ; regularity = -1.366E+04 ]
2021-08-10 13:57:51,329 - deformetrica.core.estimators.gradient_ascent - INFO - >> Step size and gradient norm: 
2021-08-10 13:57:51,330 - deformetrica.core.estimators.gradient_ascent - INFO - 		3.662E-05   and   2.131E+05 	[ landmark_points ]
2021-08-10 13:57:51,331 - deformetrica.core.estimators.gradient_ascent - INFO - 		1.305E-04   and   1.109E+05 	[ momenta ]
2021-08-10 13:57:52,494 - deformetrica.core.estimators.gradient_ascent - INFO - >> Step size and gradient norm: 
2021-08-10 13:57:52,495 - deformetrica.core.estimators.gradient_ascent - INFO - 		1.831E-05   and   2.131E+05 	[ landmark_points ]
2021-08-10 13:57:52,496 - deformetrica.core.estimators.gradient_ascent - INFO - 		6.523E-05   and   1.109E+05 	[ momenta ]
2021-08-10 13:57:52,905 - deformetrica.core.estimators.gradient_ascent - INFO - ------------------------------------- Iteration: 25 -------------------------------------
2021-08-10 13:57:52,906 - deformetrica.core.estimators.gradient_ascent - INFO - >> Log-likelihood = -2.631E+06 	 [ attachment = -2.617E+06 ; regularity = -1.399E+04 ]
2021-08-10 13:57:53,531 - deformetrica.core.estimators.gradient_ascent - INFO - >> Step size and gradient norm: 
2021-08-10 13:57:53,533 - deformetrica.core.estimators.gradient_ascent - INFO - 		2.747E-05   and   2.368E+05 	[ landmark_points ]
2021-08-10 13:57:53,562 - deformetrica.core.estimators.gradient_ascent - INFO - 		9.785E-05   and   1.194E+05 	[ momenta ]
2021-08-10 13:57:54,887 - deformetrica.core.estimators.gradient_ascent - INFO - ------------------------------------- Iteration: 26 -------------------------------------
2021-08-10 13:57:54,888 - deformetrica.core.estimators.gradient_ascent - INFO - >> Log-likelihood = -2.560E+06 	 [ attachment = -2.546E+06 ; regularity = -1.430E+04 ]
2021-08-10 13:57:55,500 - deformetrica.core.estimators.gradient_ascent - INFO - >> Step size and gradient norm: 
2021-08-10 13:57:55,501 - deformetrica.core.estimators.gradient_ascent - INFO - 		2.747E-05   and   2.598E+05 	[ landmark_points ]
2021-08-10 13:57:55,503 - deformetrica.core.estimators.gradient_ascent - INFO - 		4.893E-05   and   1.134E+05 	[ momenta ]
2021-08-10 13:57:55,900 - deformetrica.core.estimators.gradient_ascent - INFO - ------------------------------------- Iteration: 27 -------------------------------------
2021-08-10 13:57:55,901 - deformetrica.core.estimators.gradient_ascent - INFO - >> Log-likelihood = -2.441E+06 	 [ attachment = -2.427E+06 ; regularity = -1.456E+04 ]
2021-08-10 13:57:56,527 - deformetrica.core.estimators.gradient_ascent - INFO - >> Step size and gradient norm: 
2021-08-10 13:57:56,529 - deformetrica.core.estimators.gradient_ascent - INFO - 		4.120E-05   and   2.590E+05 	[ landmark_points ]
2021-08-10 13:57:56,531 - deformetrica.core.estimators.gradient_ascent - INFO - 		7.339E-05   and   1.161E+05 	[ momenta ]
2021-08-10 13:57:57,674 - deformetrica.core.estimators.gradient_ascent - INFO - >> Step size and gradient norm: 
2021-08-10 13:57:57,675 - deformetrica.core.estimators.gradient_ascent - INFO - 		2.060E-05   and   2.590E+05 	[ landmark_points ]
2021-08-10 13:57:57,678 - deformetrica.core.estimators.gradient_ascent - INFO - 		3.669E-05   and   1.161E+05 	[ momenta ]
2021-08-10 13:57:58,083 - deformetrica.core.estimators.gradient_ascent - INFO - ------------------------------------- Iteration: 28 -------------------------------------
2021-08-10 13:57:58,085 - deformetrica.core.estimators.gradient_ascent - INFO - >> Log-likelihood = -2.168E+06 	 [ attachment = -2.153E+06 ; regularity = -1.477E+04 ]
2021-08-10 13:57:58,725 - deformetrica.core.estimators.gradient_ascent - INFO - >> Step size and gradient norm: 
2021-08-10 13:57:58,726 - deformetrica.core.estimators.gradient_ascent - INFO - 		3.090E-05   and   1.517E+05 	[ landmark_points ]
2021-08-10 13:57:58,755 - deformetrica.core.estimators.gradient_ascent - INFO - 		5.504E-05   and   7.512E+04 	[ momenta ]
2021-08-10 13:57:59,259 - deformetrica.core.estimators.gradient_ascent - INFO - ------------------------------------- Iteration: 29 -------------------------------------
2021-08-10 13:57:59,260 - deformetrica.core.estimators.gradient_ascent - INFO - >> Log-likelihood = -2.116E+06 	 [ attachment = -2.100E+06 ; regularity = -1.508E+04 ]
2021-08-10 13:57:59,906 - deformetrica.core.estimators.gradient_ascent - INFO - >> Step size and gradient norm: 
2021-08-10 13:57:59,907 - deformetrica.core.estimators.gradient_ascent - INFO - 		4.635E-05   and   2.016E+05 	[ landmark_points ]
2021-08-10 13:57:59,908 - deformetrica.core.estimators.gradient_ascent - INFO - 		8.256E-05   and   9.745E+04 	[ momenta ]
2021-08-10 13:58:01,065 - deformetrica.core.estimators.gradient_ascent - INFO - >> Step size and gradient norm: 
2021-08-10 13:58:01,066 - deformetrica.core.estimators.gradient_ascent - INFO - 		2.318E-05   and   2.016E+05 	[ landmark_points ]
2021-08-10 13:58:01,068 - deformetrica.core.estimators.gradient_ascent - INFO - 		4.128E-05   and   9.745E+04 	[ momenta ]
2021-08-10 13:58:01,465 - deformetrica.core.estimators.gradient_ascent - INFO - ------------------------------------- Iteration: 30 -------------------------------------
2021-08-10 13:58:01,466 - deformetrica.core.estimators.gradient_ascent - INFO - >> Log-likelihood = -1.949E+06 	 [ attachment = -1.933E+06 ; regularity = -1.535E+04 ]
2021-08-10 13:58:02,098 - deformetrica.core.estimators.gradient_ascent - INFO - >> Step size and gradient norm: 
2021-08-10 13:58:02,099 - deformetrica.core.estimators.gradient_ascent - INFO - 		3.476E-05   and   1.614E+05 	[ landmark_points ]
2021-08-10 13:58:02,100 - deformetrica.core.estimators.gradient_ascent - INFO - 		6.192E-05   and   8.342E+04 	[ momenta ]
2021-08-10 13:58:03,294 - deformetrica.core.estimators.gradient_ascent - INFO - ------------------------------------- Iteration: 31 -------------------------------------
2021-08-10 13:58:03,295 - deformetrica.core.estimators.gradient_ascent - INFO - >> Log-likelihood = -1.782E+06 	 [ attachment = -1.766E+06 ; regularity = -1.575E+04 ]
2021-08-10 13:58:03,926 - deformetrica.core.estimators.gradient_ascent - INFO - >> Step size and gradient norm: 
2021-08-10 13:58:03,928 - deformetrica.core.estimators.gradient_ascent - INFO - 		1.738E-05   and   1.455E+05 	[ landmark_points ]
2021-08-10 13:58:03,959 - deformetrica.core.estimators.gradient_ascent - INFO - 		6.192E-05   and   8.563E+04 	[ momenta ]
2021-08-10 13:58:04,450 - deformetrica.core.estimators.gradient_ascent - INFO - ------------------------------------- Iteration: 32 -------------------------------------
2021-08-10 13:58:04,452 - deformetrica.core.estimators.gradient_ascent - INFO - >> Log-likelihood = -1.651E+06 	 [ attachment = -1.635E+06 ; regularity = -1.617E+04 ]
2021-08-10 13:58:05,086 - deformetrica.core.estimators.gradient_ascent - INFO - >> Step size and gradient norm: 
2021-08-10 13:58:05,088 - deformetrica.core.estimators.gradient_ascent - INFO - 		2.607E-05   and   1.540E+05 	[ landmark_points ]
2021-08-10 13:58:05,089 - deformetrica.core.estimators.gradient_ascent - INFO - 		9.288E-05   and   8.288E+04 	[ momenta ]
2021-08-10 13:58:06,262 - deformetrica.core.estimators.gradient_ascent - INFO - ------------------------------------- Iteration: 33 -------------------------------------
2021-08-10 13:58:06,263 - deformetrica.core.estimators.gradient_ascent - INFO - >> Log-likelihood = -1.567E+06 	 [ attachment = -1.550E+06 ; regularity = -1.642E+04 ]
2021-08-10 13:58:06,904 - deformetrica.core.estimators.gradient_ascent - INFO - >> Step size and gradient norm: 
2021-08-10 13:58:06,905 - deformetrica.core.estimators.gradient_ascent - INFO - 		2.607E-05   and   1.640E+05 	[ landmark_points ]
2021-08-10 13:58:06,906 - deformetrica.core.estimators.gradient_ascent - INFO - 		4.644E-05   and   7.567E+04 	[ momenta ]
2021-08-10 13:58:07,540 - deformetrica.core.estimators.gradient_ascent - INFO - ------------------------------------- Iteration: 34 -------------------------------------
2021-08-10 13:58:07,541 - deformetrica.core.estimators.gradient_ascent - INFO - >> Log-likelihood = -1.527E+06 	 [ attachment = -1.510E+06 ; regularity = -1.666E+04 ]
2021-08-10 13:58:08,267 - deformetrica.core.estimators.gradient_ascent - INFO - >> Step size and gradient norm: 
2021-08-10 13:58:08,269 - deformetrica.core.estimators.gradient_ascent - INFO - 		3.911E-05   and   1.655E+05 	[ landmark_points ]
2021-08-10 13:58:08,270 - deformetrica.core.estimators.gradient_ascent - INFO - 		6.966E-05   and   7.494E+04 	[ momenta ]
2021-08-10 13:58:09,600 - deformetrica.core.estimators.gradient_ascent - INFO - >> Step size and gradient norm: 
2021-08-10 13:58:09,602 - deformetrica.core.estimators.gradient_ascent - INFO - 		1.956E-05   and   1.655E+05 	[ landmark_points ]
2021-08-10 13:58:09,604 - deformetrica.core.estimators.gradient_ascent - INFO - 		3.483E-05   and   7.494E+04 	[ momenta ]
2021-08-10 13:58:10,051 - deformetrica.core.estimators.gradient_ascent - INFO - ------------------------------------- Iteration: 35 -------------------------------------
2021-08-10 13:58:10,053 - deformetrica.core.estimators.gradient_ascent - INFO - >> Log-likelihood = -1.402E+06 	 [ attachment = -1.385E+06 ; regularity = -1.677E+04 ]
2021-08-10 13:58:10,898 - deformetrica.core.estimators.gradient_ascent - INFO - >> Step size and gradient norm: 
2021-08-10 13:58:10,901 - deformetrica.core.estimators.gradient_ascent - INFO - 		2.933E-05   and   8.574E+04 	[ landmark_points ]
2021-08-10 13:58:10,905 - deformetrica.core.estimators.gradient_ascent - INFO - 		5.225E-05   and   4.248E+04 	[ momenta ]
2021-08-10 13:58:11,332 - deformetrica.core.estimators.gradient_ascent - INFO - ------------------------------------- Iteration: 36 -------------------------------------
2021-08-10 13:58:11,333 - deformetrica.core.estimators.gradient_ascent - INFO - >> Log-likelihood = -1.389E+06 	 [ attachment = -1.372E+06 ; regularity = -1.696E+04 ]
2021-08-10 13:58:12,449 - deformetrica.core.estimators.gradient_ascent - INFO - >> Step size and gradient norm: 
2021-08-10 13:58:12,450 - deformetrica.core.estimators.gradient_ascent - INFO - 		4.400E-05   and   1.095E+05 	[ landmark_points ]
2021-08-10 13:58:12,453 - deformetrica.core.estimators.gradient_ascent - INFO - 		7.837E-05   and   5.027E+04 	[ momenta ]
2021-08-10 13:58:14,202 - deformetrica.core.estimators.gradient_ascent - INFO - >> Step size and gradient norm: 
2021-08-10 13:58:14,203 - deformetrica.core.estimators.gradient_ascent - INFO - 		2.200E-05   and   1.095E+05 	[ landmark_points ]
2021-08-10 13:58:14,205 - deformetrica.core.estimators.gradient_ascent - INFO - 		3.918E-05   and   5.027E+04 	[ momenta ]
2021-08-10 13:58:14,697 - deformetrica.core.estimators.gradient_ascent - INFO - ------------------------------------- Iteration: 37 -------------------------------------
2021-08-10 13:58:14,698 - deformetrica.core.estimators.gradient_ascent - INFO - >> Log-likelihood = -1.341E+06 	 [ attachment = -1.324E+06 ; regularity = -1.705E+04 ]
2021-08-10 13:58:15,537 - deformetrica.core.estimators.gradient_ascent - INFO - >> Step size and gradient norm: 
2021-08-10 13:58:15,538 - deformetrica.core.estimators.gradient_ascent - INFO - 		3.300E-05   and   8.063E+04 	[ landmark_points ]
2021-08-10 13:58:15,540 - deformetrica.core.estimators.gradient_ascent - INFO - 		5.878E-05   and   3.929E+04 	[ momenta ]
2021-08-10 13:58:17,874 - deformetrica.core.estimators.gradient_ascent - INFO - ------------------------------------- Iteration: 38 -------------------------------------
2021-08-10 13:58:17,875 - deformetrica.core.estimators.gradient_ascent - INFO - >> Log-likelihood = -1.315E+06 	 [ attachment = -1.298E+06 ; regularity = -1.721E+04 ]
2021-08-10 13:58:19,701 - deformetrica.core.estimators.gradient_ascent - INFO - >> Step size and gradient norm: 
2021-08-10 13:58:19,704 - deformetrica.core.estimators.gradient_ascent - INFO - 		1.650E-05   and   7.641E+04 	[ landmark_points ]
2021-08-10 13:58:19,707 - deformetrica.core.estimators.gradient_ascent - INFO - 		5.878E-05   and   3.924E+04 	[ momenta ]
2021-08-10 13:58:20,470 - deformetrica.core.estimators.gradient_ascent - INFO - ------------------------------------- Iteration: 39 -------------------------------------
2021-08-10 13:58:20,471 - deformetrica.core.estimators.gradient_ascent - INFO - >> Log-likelihood = -1.293E+06 	 [ attachment = -1.276E+06 ; regularity = -1.732E+04 ]
2021-08-10 13:58:21,436 - deformetrica.core.estimators.gradient_ascent - INFO - >> Step size and gradient norm: 
2021-08-10 13:58:21,438 - deformetrica.core.estimators.gradient_ascent - INFO - 		2.475E-05   and   7.384E+04 	[ landmark_points ]
2021-08-10 13:58:21,440 - deformetrica.core.estimators.gradient_ascent - INFO - 		8.817E-05   and   3.942E+04 	[ momenta ]
2021-08-10 13:58:22,888 - deformetrica.core.estimators.gradient_ascent - INFO - ------------------------------------- Iteration: 40 -------------------------------------
2021-08-10 13:58:22,889 - deformetrica.core.estimators.gradient_ascent - INFO - >> Log-likelihood = -1.272E+06 	 [ attachment = -1.255E+06 ; regularity = -1.741E+04 ]
2021-08-10 13:58:23,544 - deformetrica.core.estimators.gradient_ascent - INFO - >> Step size and gradient norm: 
2021-08-10 13:58:23,546 - deformetrica.core.estimators.gradient_ascent - INFO - 		2.475E-05   and   7.838E+04 	[ landmark_points ]
2021-08-10 13:58:23,548 - deformetrica.core.estimators.gradient_ascent - INFO - 		4.408E-05   and   3.550E+04 	[ momenta ]
2021-08-10 13:58:24,094 - deformetrica.core.estimators.gradient_ascent - INFO - ------------------------------------- Iteration: 41 -------------------------------------
2021-08-10 13:58:24,096 - deformetrica.core.estimators.gradient_ascent - INFO - >> Log-likelihood = -1.254E+06 	 [ attachment = -1.236E+06 ; regularity = -1.748E+04 ]
2021-08-10 13:58:24,735 - deformetrica.core.estimators.gradient_ascent - INFO - >> Step size and gradient norm: 
2021-08-10 13:58:24,737 - deformetrica.core.estimators.gradient_ascent - INFO - 		3.712E-05   and   7.318E+04 	[ landmark_points ]
2021-08-10 13:58:24,765 - deformetrica.core.estimators.gradient_ascent - INFO - 		6.612E-05   and   3.544E+04 	[ momenta ]
2021-08-10 13:58:26,486 - deformetrica.core.estimators.gradient_ascent - INFO - ------------------------------------- Iteration: 42 -------------------------------------
2021-08-10 13:58:26,488 - deformetrica.core.estimators.gradient_ascent - INFO - >> Log-likelihood = -1.247E+06 	 [ attachment = -1.230E+06 ; regularity = -1.761E+04 ]
2021-08-10 13:58:27,337 - deformetrica.core.estimators.gradient_ascent - INFO - >> Step size and gradient norm: 
2021-08-10 13:58:27,338 - deformetrica.core.estimators.gradient_ascent - INFO - 		1.856E-05   and   8.708E+04 	[ landmark_points ]
2021-08-10 13:58:27,339 - deformetrica.core.estimators.gradient_ascent - INFO - 		6.612E-05   and   4.413E+04 	[ momenta ]
2021-08-10 13:58:28,566 - deformetrica.core.estimators.gradient_ascent - INFO - ------------------------------------- Iteration: 43 -------------------------------------
2021-08-10 13:58:28,567 - deformetrica.core.estimators.gradient_ascent - INFO - >> Log-likelihood = -1.209E+06 	 [ attachment = -1.191E+06 ; regularity = -1.765E+04 ]
2021-08-10 13:58:29,221 - deformetrica.core.estimators.gradient_ascent - INFO - >> Step size and gradient norm: 
2021-08-10 13:58:29,223 - deformetrica.core.estimators.gradient_ascent - INFO - 		1.856E-05   and   4.835E+04 	[ landmark_points ]
2021-08-10 13:58:29,224 - deformetrica.core.estimators.gradient_ascent - INFO - 		3.306E-05   and   2.353E+04 	[ momenta ]
2021-08-10 13:58:29,749 - deformetrica.core.estimators.gradient_ascent - INFO - ------------------------------------- Iteration: 44 -------------------------------------
2021-08-10 13:58:29,750 - deformetrica.core.estimators.gradient_ascent - INFO - >> Log-likelihood = -1.192E+06 	 [ attachment = -1.174E+06 ; regularity = -1.772E+04 ]
2021-08-10 13:58:30,650 - deformetrica.core.estimators.gradient_ascent - INFO - >> Step size and gradient norm: 
2021-08-10 13:58:30,652 - deformetrica.core.estimators.gradient_ascent - INFO - 		2.784E-05   and   2.908E+04 	[ landmark_points ]
2021-08-10 13:58:30,653 - deformetrica.core.estimators.gradient_ascent - INFO - 		4.959E-05   and   1.772E+04 	[ momenta ]
2021-08-10 13:58:31,058 - deformetrica.core.estimators.gradient_ascent - INFO - ------------------------------------- Iteration: 45 -------------------------------------
2021-08-10 13:58:31,059 - deformetrica.core.estimators.gradient_ascent - INFO - >> Log-likelihood = -1.177E+06 	 [ attachment = -1.159E+06 ; regularity = -1.779E+04 ]
2021-08-10 13:58:31,708 - deformetrica.core.estimators.gradient_ascent - INFO - >> Step size and gradient norm: 
2021-08-10 13:58:31,710 - deformetrica.core.estimators.gradient_ascent - INFO - 		4.176E-05   and   3.212E+04 	[ landmark_points ]
2021-08-10 13:58:31,711 - deformetrica.core.estimators.gradient_ascent - INFO - 		7.439E-05   and   1.881E+04 	[ momenta ]
2021-08-10 13:58:32,144 - deformetrica.core.estimators.gradient_ascent - INFO - ------------------------------------- Iteration: 46 -------------------------------------
2021-08-10 13:58:32,145 - deformetrica.core.estimators.gradient_ascent - INFO - >> Log-likelihood = -1.171E+06 	 [ attachment = -1.153E+06 ; regularity = -1.792E+04 ]
2021-08-10 13:58:32,953 - deformetrica.core.estimators.gradient_ascent - INFO - >> Step size and gradient norm: 
2021-08-10 13:58:32,954 - deformetrica.core.estimators.gradient_ascent - INFO - 		6.265E-05   and   6.693E+04 	[ landmark_points ]
2021-08-10 13:58:32,956 - deformetrica.core.estimators.gradient_ascent - INFO - 		1.116E-04   and   3.144E+04 	[ momenta ]
2021-08-10 13:58:34,366 - deformetrica.core.estimators.gradient_ascent - INFO - >> Step size and gradient norm: 
2021-08-10 13:58:34,368 - deformetrica.core.estimators.gradient_ascent - INFO - 		3.132E-05   and   6.693E+04 	[ landmark_points ]
2021-08-10 13:58:34,369 - deformetrica.core.estimators.gradient_ascent - INFO - 		5.579E-05   and   3.144E+04 	[ momenta ]
2021-08-10 13:58:35,523 - deformetrica.core.estimators.gradient_ascent - INFO - ------------------------------------- Iteration: 47 -------------------------------------
2021-08-10 13:58:35,524 - deformetrica.core.estimators.gradient_ascent - INFO - >> Log-likelihood = -1.155E+06 	 [ attachment = -1.137E+06 ; regularity = -1.799E+04 ]
2021-08-10 13:58:36,162 - deformetrica.core.estimators.gradient_ascent - INFO - >> Step size and gradient norm: 
2021-08-10 13:58:36,164 - deformetrica.core.estimators.gradient_ascent - INFO - 		1.566E-05   and   5.546E+04 	[ landmark_points ]
2021-08-10 13:58:36,166 - deformetrica.core.estimators.gradient_ascent - INFO - 		5.579E-05   and   3.113E+04 	[ momenta ]
2021-08-10 13:58:36,560 - deformetrica.core.estimators.gradient_ascent - INFO - ------------------------------------- Iteration: 48 -------------------------------------
2021-08-10 13:58:36,561 - deformetrica.core.estimators.gradient_ascent - INFO - >> Log-likelihood = -1.143E+06 	 [ attachment = -1.125E+06 ; regularity = -1.808E+04 ]
2021-08-10 13:58:37,199 - deformetrica.core.estimators.gradient_ascent - INFO - >> Step size and gradient norm: 
2021-08-10 13:58:37,200 - deformetrica.core.estimators.gradient_ascent - INFO - 		2.349E-05   and   5.680E+04 	[ landmark_points ]
2021-08-10 13:58:37,203 - deformetrica.core.estimators.gradient_ascent - INFO - 		8.369E-05   and   3.021E+04 	[ momenta ]
2021-08-10 13:58:38,374 - deformetrica.core.estimators.gradient_ascent - INFO - ------------------------------------- Iteration: 49 -------------------------------------
2021-08-10 13:58:38,375 - deformetrica.core.estimators.gradient_ascent - INFO - >> Log-likelihood = -1.128E+06 	 [ attachment = -1.110E+06 ; regularity = -1.813E+04 ]
2021-08-10 13:58:39,029 - deformetrica.core.estimators.gradient_ascent - INFO - >> Step size and gradient norm: 
2021-08-10 13:58:39,031 - deformetrica.core.estimators.gradient_ascent - INFO - 		2.349E-05   and   5.387E+04 	[ landmark_points ]
2021-08-10 13:58:39,062 - deformetrica.core.estimators.gradient_ascent - INFO - 		4.184E-05   and   2.595E+04 	[ momenta ]
2021-08-10 13:58:39,632 - deformetrica.core.estimators.gradient_ascent - INFO - ------------------------------------- Iteration: 50 -------------------------------------
2021-08-10 13:58:39,633 - deformetrica.core.estimators.gradient_ascent - INFO - >> Log-likelihood = -1.117E+06 	 [ attachment = -1.098E+06 ; regularity = -1.820E+04 ]
2021-08-10 13:58:40,275 - deformetrica.core.estimators.gradient_ascent - INFO - >> Step size and gradient norm: 
2021-08-10 13:58:40,277 - deformetrica.core.estimators.gradient_ascent - INFO - 		3.524E-05   and   4.977E+04 	[ landmark_points ]
2021-08-10 13:58:40,278 - deformetrica.core.estimators.gradient_ascent - INFO - 		6.277E-05   and   2.403E+04 	[ momenta ]
2021-08-10 13:58:41,458 - deformetrica.core.estimators.gradient_ascent - INFO - ------------------------------------- Iteration: 51 -------------------------------------
2021-08-10 13:58:41,459 - deformetrica.core.estimators.gradient_ascent - INFO - >> Log-likelihood = -1.108E+06 	 [ attachment = -1.090E+06 ; regularity = -1.828E+04 ]
2021-08-10 13:58:42,101 - deformetrica.core.estimators.gradient_ascent - INFO - >> Step size and gradient norm: 
2021-08-10 13:58:42,102 - deformetrica.core.estimators.gradient_ascent - INFO - 		1.762E-05   and   5.257E+04 	[ landmark_points ]
2021-08-10 13:58:42,104 - deformetrica.core.estimators.gradient_ascent - INFO - 		6.277E-05   and   2.895E+04 	[ momenta ]
2021-08-10 13:58:42,520 - deformetrica.core.estimators.gradient_ascent - INFO - ------------------------------------- Iteration: 52 -------------------------------------
2021-08-10 13:58:42,521 - deformetrica.core.estimators.gradient_ascent - INFO - >> Log-likelihood = -1.104E+06 	 [ attachment = -1.086E+06 ; regularity = -1.837E+04 ]
2021-08-10 13:58:43,172 - deformetrica.core.estimators.gradient_ascent - INFO - >> Step size and gradient norm: 
2021-08-10 13:58:43,173 - deformetrica.core.estimators.gradient_ascent - INFO - 		2.643E-05   and   6.571E+04 	[ landmark_points ]
2021-08-10 13:58:43,175 - deformetrica.core.estimators.gradient_ascent - INFO - 		9.415E-05   and   3.489E+04 	[ momenta ]
2021-08-10 13:58:44,371 - deformetrica.core.estimators.gradient_ascent - INFO - ------------------------------------- Iteration: 53 -------------------------------------
2021-08-10 13:58:44,372 - deformetrica.core.estimators.gradient_ascent - INFO - >> Log-likelihood = -1.098E+06 	 [ attachment = -1.080E+06 ; regularity = -1.842E+04 ]
2021-08-10 13:58:45,171 - deformetrica.core.estimators.gradient_ascent - INFO - >> Step size and gradient norm: 
2021-08-10 13:58:45,172 - deformetrica.core.estimators.gradient_ascent - INFO - 		2.643E-05   and   7.927E+04 	[ landmark_points ]
2021-08-10 13:58:45,174 - deformetrica.core.estimators.gradient_ascent - INFO - 		4.707E-05   and   3.600E+04 	[ momenta ]
2021-08-10 13:58:45,677 - deformetrica.core.estimators.gradient_ascent - INFO - Tolerance threshold met. Stopping the optimization process.
2021-08-10 13:58:46,492 - root - INFO - >> Estimation took: 01 minutes and 29 seconds
