2021-08-10 14:02:49,358 - root - ERROR - Logger has been set to: INFO
2021-08-10 14:02:49,372 - root - INFO - OMP_NUM_THREADS was not found in environment variables. An automatic value will be set.
2021-08-10 14:02:49,375 - root - INFO - OMP_NUM_THREADS will be set to 2
2021-08-10 14:02:49,376 - root - INFO - >> No specified state-file. By default, Deformetrica state will by saved in file: output/deformetrica-state.p.
2021-08-10 14:02:49,379 - root - INFO - >> Removing the pre-existing state file with same path.
2021-08-10 14:02:49,406 - deformetrica.core.models.model_functions - INFO - >> Reading 200 initial control points from file images/mask_initial_control_points/mask_03_initial_control_points.txt.
2021-08-10 14:02:49,408 - deformetrica.core.models.model_functions - INFO - >> Momenta initialized to zero, for 5 subjects.
2021-08-10 14:02:49,410 - root - INFO - >> Started estimator: GradientAscent
2021-08-10 14:02:50,149 - deformetrica.core.estimators.gradient_ascent - INFO - ------------------------------------- Iteration: 0 -------------------------------------
2021-08-10 14:02:50,150 - deformetrica.core.estimators.gradient_ascent - INFO - >> Log-likelihood = -1.809E+07 	 [ attachment = -1.809E+07 ; regularity = 0.000E+00 ]
2021-08-10 14:02:50,151 - deformetrica.core.estimators.gradient_ascent - INFO - >> Step size and gradient norm: 
2021-08-10 14:02:50,153 - deformetrica.core.estimators.gradient_ascent - INFO - 		1.051E-06   and   9.518E+05 	[ landmark_points ]
2021-08-10 14:02:50,156 - deformetrica.core.estimators.gradient_ascent - INFO - 		3.029E-06   and   3.301E+05 	[ momenta ]
2021-08-10 14:02:50,601 - deformetrica.core.estimators.gradient_ascent - INFO - ------------------------------------- Iteration: 1 -------------------------------------
2021-08-10 14:02:50,602 - deformetrica.core.estimators.gradient_ascent - INFO - >> Log-likelihood = -1.759E+07 	 [ attachment = -1.759E+07 ; regularity = -1.777E+00 ]
2021-08-10 14:02:51,226 - deformetrica.core.estimators.gradient_ascent - INFO - >> Step size and gradient norm: 
2021-08-10 14:02:51,227 - deformetrica.core.estimators.gradient_ascent - INFO - 		1.576E-06   and   9.226E+05 	[ landmark_points ]
2021-08-10 14:02:51,228 - deformetrica.core.estimators.gradient_ascent - INFO - 		4.544E-06   and   3.237E+05 	[ momenta ]
2021-08-10 14:02:51,668 - deformetrica.core.estimators.gradient_ascent - INFO - ------------------------------------- Iteration: 2 -------------------------------------
2021-08-10 14:02:51,669 - deformetrica.core.estimators.gradient_ascent - INFO - >> Log-likelihood = -1.688E+07 	 [ attachment = -1.688E+07 ; regularity = -1.084E+01 ]
2021-08-10 14:02:52,302 - deformetrica.core.estimators.gradient_ascent - INFO - >> Step size and gradient norm: 
2021-08-10 14:02:52,303 - deformetrica.core.estimators.gradient_ascent - INFO - 		2.364E-06   and   8.795E+05 	[ landmark_points ]
2021-08-10 14:02:52,304 - deformetrica.core.estimators.gradient_ascent - INFO - 		6.816E-06   and   3.143E+05 	[ momenta ]
2021-08-10 14:02:52,723 - deformetrica.core.estimators.gradient_ascent - INFO - ------------------------------------- Iteration: 3 -------------------------------------
2021-08-10 14:02:52,725 - deformetrica.core.estimators.gradient_ascent - INFO - >> Log-likelihood = -1.589E+07 	 [ attachment = -1.589E+07 ; regularity = -3.777E+01 ]
2021-08-10 14:02:53,380 - deformetrica.core.estimators.gradient_ascent - INFO - >> Step size and gradient norm: 
2021-08-10 14:02:53,381 - deformetrica.core.estimators.gradient_ascent - INFO - 		3.546E-06   and   8.166E+05 	[ landmark_points ]
2021-08-10 14:02:53,383 - deformetrica.core.estimators.gradient_ascent - INFO - 		1.022E-05   and   3.005E+05 	[ momenta ]
2021-08-10 14:02:53,775 - deformetrica.core.estimators.gradient_ascent - INFO - ------------------------------------- Iteration: 4 -------------------------------------
2021-08-10 14:02:53,776 - deformetrica.core.estimators.gradient_ascent - INFO - >> Log-likelihood = -1.458E+07 	 [ attachment = -1.458E+07 ; regularity = -1.047E+02 ]
2021-08-10 14:02:54,419 - deformetrica.core.estimators.gradient_ascent - INFO - >> Step size and gradient norm: 
2021-08-10 14:02:54,421 - deformetrica.core.estimators.gradient_ascent - INFO - 		5.319E-06   and   7.271E+05 	[ landmark_points ]
2021-08-10 14:02:54,451 - deformetrica.core.estimators.gradient_ascent - INFO - 		1.534E-05   and   2.806E+05 	[ momenta ]
2021-08-10 14:02:54,940 - deformetrica.core.estimators.gradient_ascent - INFO - ------------------------------------- Iteration: 5 -------------------------------------
2021-08-10 14:02:54,941 - deformetrica.core.estimators.gradient_ascent - INFO - >> Log-likelihood = -1.293E+07 	 [ attachment = -1.293E+07 ; regularity = -2.540E+02 ]
2021-08-10 14:02:55,742 - deformetrica.core.estimators.gradient_ascent - INFO - >> Step size and gradient norm: 
2021-08-10 14:02:55,743 - deformetrica.core.estimators.gradient_ascent - INFO - 		7.978E-06   and   6.059E+05 	[ landmark_points ]
2021-08-10 14:02:55,745 - deformetrica.core.estimators.gradient_ascent - INFO - 		2.300E-05   and   2.529E+05 	[ momenta ]
2021-08-10 14:02:56,253 - deformetrica.core.estimators.gradient_ascent - INFO - ------------------------------------- Iteration: 6 -------------------------------------
2021-08-10 14:02:56,254 - deformetrica.core.estimators.gradient_ascent - INFO - >> Log-likelihood = -1.104E+07 	 [ attachment = -1.104E+07 ; regularity = -5.572E+02 ]
2021-08-10 14:02:56,946 - deformetrica.core.estimators.gradient_ascent - INFO - >> Step size and gradient norm: 
2021-08-10 14:02:56,948 - deformetrica.core.estimators.gradient_ascent - INFO - 		1.197E-05   and   4.563E+05 	[ landmark_points ]
2021-08-10 14:02:56,949 - deformetrica.core.estimators.gradient_ascent - INFO - 		3.451E-05   and   2.169E+05 	[ momenta ]
2021-08-10 14:02:57,396 - deformetrica.core.estimators.gradient_ascent - INFO - ------------------------------------- Iteration: 7 -------------------------------------
2021-08-10 14:02:57,398 - deformetrica.core.estimators.gradient_ascent - INFO - >> Log-likelihood = -9.105E+06 	 [ attachment = -9.104E+06 ; regularity = -1.110E+03 ]
2021-08-10 14:02:58,047 - deformetrica.core.estimators.gradient_ascent - INFO - >> Step size and gradient norm: 
2021-08-10 14:02:58,049 - deformetrica.core.estimators.gradient_ascent - INFO - 		1.795E-05   and   3.013E+05 	[ landmark_points ]
2021-08-10 14:02:58,050 - deformetrica.core.estimators.gradient_ascent - INFO - 		5.176E-05   and   1.743E+05 	[ momenta ]
2021-08-10 14:02:58,496 - deformetrica.core.estimators.gradient_ascent - INFO - ------------------------------------- Iteration: 8 -------------------------------------
2021-08-10 14:02:58,497 - deformetrica.core.estimators.gradient_ascent - INFO - >> Log-likelihood = -7.386E+06 	 [ attachment = -7.384E+06 ; regularity = -1.994E+03 ]
2021-08-10 14:02:59,146 - deformetrica.core.estimators.gradient_ascent - INFO - >> Step size and gradient norm: 
2021-08-10 14:02:59,148 - deformetrica.core.estimators.gradient_ascent - INFO - 		2.693E-05   and   1.818E+05 	[ landmark_points ]
2021-08-10 14:02:59,149 - deformetrica.core.estimators.gradient_ascent - INFO - 		7.764E-05   and   1.302E+05 	[ momenta ]
2021-08-10 14:02:59,550 - deformetrica.core.estimators.gradient_ascent - INFO - ------------------------------------- Iteration: 9 -------------------------------------
2021-08-10 14:02:59,551 - deformetrica.core.estimators.gradient_ascent - INFO - >> Log-likelihood = -6.063E+06 	 [ attachment = -6.060E+06 ; regularity = -3.185E+03 ]
2021-08-10 14:03:00,299 - deformetrica.core.estimators.gradient_ascent - INFO - >> Step size and gradient norm: 
2021-08-10 14:03:00,300 - deformetrica.core.estimators.gradient_ascent - INFO - 		4.039E-05   and   1.208E+05 	[ landmark_points ]
2021-08-10 14:03:00,301 - deformetrica.core.estimators.gradient_ascent - INFO - 		1.165E-04   and   8.892E+04 	[ momenta ]
2021-08-10 14:03:00,705 - deformetrica.core.estimators.gradient_ascent - INFO - ------------------------------------- Iteration: 10 -------------------------------------
2021-08-10 14:03:00,706 - deformetrica.core.estimators.gradient_ascent - INFO - >> Log-likelihood = -5.136E+06 	 [ attachment = -5.131E+06 ; regularity = -4.471E+03 ]
2021-08-10 14:03:01,397 - deformetrica.core.estimators.gradient_ascent - INFO - >> Step size and gradient norm: 
2021-08-10 14:03:01,399 - deformetrica.core.estimators.gradient_ascent - INFO - 		6.059E-05   and   9.939E+04 	[ landmark_points ]
2021-08-10 14:03:01,402 - deformetrica.core.estimators.gradient_ascent - INFO - 		1.747E-04   and   6.224E+04 	[ momenta ]
2021-08-10 14:03:01,887 - deformetrica.core.estimators.gradient_ascent - INFO - ------------------------------------- Iteration: 11 -------------------------------------
2021-08-10 14:03:01,888 - deformetrica.core.estimators.gradient_ascent - INFO - >> Log-likelihood = -4.422E+06 	 [ attachment = -4.416E+06 ; regularity = -5.677E+03 ]
2021-08-10 14:03:02,506 - deformetrica.core.estimators.gradient_ascent - INFO - >> Step size and gradient norm: 
2021-08-10 14:03:02,507 - deformetrica.core.estimators.gradient_ascent - INFO - 		9.088E-05   and   1.027E+05 	[ landmark_points ]
2021-08-10 14:03:02,509 - deformetrica.core.estimators.gradient_ascent - INFO - 		2.620E-04   and   5.625E+04 	[ momenta ]
2021-08-10 14:03:02,905 - deformetrica.core.estimators.gradient_ascent - INFO - ------------------------------------- Iteration: 12 -------------------------------------
2021-08-10 14:03:02,906 - deformetrica.core.estimators.gradient_ascent - INFO - >> Log-likelihood = -4.315E+06 	 [ attachment = -4.307E+06 ; regularity = -7.475E+03 ]
2021-08-10 14:03:03,535 - deformetrica.core.estimators.gradient_ascent - INFO - >> Step size and gradient norm: 
2021-08-10 14:03:03,536 - deformetrica.core.estimators.gradient_ascent - INFO - 		1.363E-04   and   2.418E+05 	[ landmark_points ]
2021-08-10 14:03:03,537 - deformetrica.core.estimators.gradient_ascent - INFO - 		3.931E-04   and   1.130E+05 	[ momenta ]
2021-08-10 14:03:04,694 - deformetrica.core.estimators.gradient_ascent - INFO - >> Step size and gradient norm: 
2021-08-10 14:03:04,696 - deformetrica.core.estimators.gradient_ascent - INFO - 		6.816E-05   and   2.418E+05 	[ landmark_points ]
2021-08-10 14:03:04,726 - deformetrica.core.estimators.gradient_ascent - INFO - 		1.965E-04   and   1.130E+05 	[ momenta ]
2021-08-10 14:03:06,011 - deformetrica.core.estimators.gradient_ascent - INFO - ------------------------------------- Iteration: 13 -------------------------------------
2021-08-10 14:03:06,012 - deformetrica.core.estimators.gradient_ascent - INFO - >> Log-likelihood = -4.267E+06 	 [ attachment = -4.258E+06 ; regularity = -8.362E+03 ]
2021-08-10 14:03:06,625 - deformetrica.core.estimators.gradient_ascent - INFO - >> Step size and gradient norm: 
2021-08-10 14:03:06,627 - deformetrica.core.estimators.gradient_ascent - INFO - 		3.408E-05   and   2.804E+05 	[ landmark_points ]
2021-08-10 14:03:06,628 - deformetrica.core.estimators.gradient_ascent - INFO - 		1.965E-04   and   1.250E+05 	[ momenta ]
2021-08-10 14:03:07,830 - deformetrica.core.estimators.gradient_ascent - INFO - ------------------------------------- Iteration: 14 -------------------------------------
2021-08-10 14:03:07,831 - deformetrica.core.estimators.gradient_ascent - INFO - >> Log-likelihood = -3.864E+06 	 [ attachment = -3.856E+06 ; regularity = -8.541E+03 ]
2021-08-10 14:03:08,459 - deformetrica.core.estimators.gradient_ascent - INFO - >> Step size and gradient norm: 
2021-08-10 14:03:08,460 - deformetrica.core.estimators.gradient_ascent - INFO - 		3.408E-05   and   1.940E+05 	[ landmark_points ]
2021-08-10 14:03:08,462 - deformetrica.core.estimators.gradient_ascent - INFO - 		9.826E-05   and   1.180E+05 	[ momenta ]
2021-08-10 14:03:08,862 - deformetrica.core.estimators.gradient_ascent - INFO - ------------------------------------- Iteration: 15 -------------------------------------
2021-08-10 14:03:08,863 - deformetrica.core.estimators.gradient_ascent - INFO - >> Log-likelihood = -3.498E+06 	 [ attachment = -3.489E+06 ; regularity = -9.014E+03 ]
2021-08-10 14:03:09,499 - deformetrica.core.estimators.gradient_ascent - INFO - >> Step size and gradient norm: 
2021-08-10 14:03:09,501 - deformetrica.core.estimators.gradient_ascent - INFO - 		5.112E-05   and   2.003E+05 	[ landmark_points ]
2021-08-10 14:03:09,502 - deformetrica.core.estimators.gradient_ascent - INFO - 		1.474E-04   and   1.090E+05 	[ momenta ]
2021-08-10 14:03:10,667 - deformetrica.core.estimators.gradient_ascent - INFO - ------------------------------------- Iteration: 16 -------------------------------------
2021-08-10 14:03:10,668 - deformetrica.core.estimators.gradient_ascent - INFO - >> Log-likelihood = -3.468E+06 	 [ attachment = -3.459E+06 ; regularity = -9.194E+03 ]
2021-08-10 14:03:11,293 - deformetrica.core.estimators.gradient_ascent - INFO - >> Step size and gradient norm: 
2021-08-10 14:03:11,295 - deformetrica.core.estimators.gradient_ascent - INFO - 		5.112E-05   and   2.899E+05 	[ landmark_points ]
2021-08-10 14:03:11,296 - deformetrica.core.estimators.gradient_ascent - INFO - 		7.370E-05   and   1.116E+05 	[ momenta ]
2021-08-10 14:03:12,444 - deformetrica.core.estimators.gradient_ascent - INFO - ------------------------------------- Iteration: 17 -------------------------------------
2021-08-10 14:03:12,445 - deformetrica.core.estimators.gradient_ascent - INFO - >> Log-likelihood = -3.017E+06 	 [ attachment = -3.008E+06 ; regularity = -9.567E+03 ]
2021-08-10 14:03:13,094 - deformetrica.core.estimators.gradient_ascent - INFO - >> Step size and gradient norm: 
2021-08-10 14:03:13,095 - deformetrica.core.estimators.gradient_ascent - INFO - 		2.556E-05   and   2.155E+05 	[ landmark_points ]
2021-08-10 14:03:13,096 - deformetrica.core.estimators.gradient_ascent - INFO - 		7.370E-05   and   9.374E+04 	[ momenta ]
2021-08-10 14:03:13,492 - deformetrica.core.estimators.gradient_ascent - INFO - ------------------------------------- Iteration: 18 -------------------------------------
2021-08-10 14:03:13,493 - deformetrica.core.estimators.gradient_ascent - INFO - >> Log-likelihood = -2.920E+06 	 [ attachment = -2.910E+06 ; regularity = -9.729E+03 ]
2021-08-10 14:03:14,126 - deformetrica.core.estimators.gradient_ascent - INFO - >> Step size and gradient norm: 
2021-08-10 14:03:14,128 - deformetrica.core.estimators.gradient_ascent - INFO - 		3.834E-05   and   2.255E+05 	[ landmark_points ]
2021-08-10 14:03:14,129 - deformetrica.core.estimators.gradient_ascent - INFO - 		1.105E-04   and   9.028E+04 	[ momenta ]
2021-08-10 14:03:15,290 - deformetrica.core.estimators.gradient_ascent - INFO - >> Step size and gradient norm: 
2021-08-10 14:03:15,292 - deformetrica.core.estimators.gradient_ascent - INFO - 		1.917E-05   and   2.255E+05 	[ landmark_points ]
2021-08-10 14:03:15,293 - deformetrica.core.estimators.gradient_ascent - INFO - 		5.527E-05   and   9.028E+04 	[ momenta ]
2021-08-10 14:03:15,700 - deformetrica.core.estimators.gradient_ascent - INFO - ------------------------------------- Iteration: 19 -------------------------------------
2021-08-10 14:03:15,701 - deformetrica.core.estimators.gradient_ascent - INFO - >> Log-likelihood = -2.673E+06 	 [ attachment = -2.663E+06 ; regularity = -9.928E+03 ]
2021-08-10 14:03:16,436 - deformetrica.core.estimators.gradient_ascent - INFO - >> Step size and gradient norm: 
2021-08-10 14:03:16,437 - deformetrica.core.estimators.gradient_ascent - INFO - 		2.876E-05   and   1.293E+05 	[ landmark_points ]
2021-08-10 14:03:16,438 - deformetrica.core.estimators.gradient_ascent - INFO - 		8.291E-05   and   5.665E+04 	[ momenta ]
2021-08-10 14:03:17,642 - deformetrica.core.estimators.gradient_ascent - INFO - ------------------------------------- Iteration: 20 -------------------------------------
2021-08-10 14:03:17,643 - deformetrica.core.estimators.gradient_ascent - INFO - >> Log-likelihood = -2.598E+06 	 [ attachment = -2.588E+06 ; regularity = -1.012E+04 ]
2021-08-10 14:03:18,291 - deformetrica.core.estimators.gradient_ascent - INFO - >> Step size and gradient norm: 
2021-08-10 14:03:18,293 - deformetrica.core.estimators.gradient_ascent - INFO - 		1.438E-05   and   1.136E+05 	[ landmark_points ]
2021-08-10 14:03:18,294 - deformetrica.core.estimators.gradient_ascent - INFO - 		8.291E-05   and   5.500E+04 	[ momenta ]
2021-08-10 14:03:18,690 - deformetrica.core.estimators.gradient_ascent - INFO - ------------------------------------- Iteration: 21 -------------------------------------
2021-08-10 14:03:18,691 - deformetrica.core.estimators.gradient_ascent - INFO - >> Log-likelihood = -2.546E+06 	 [ attachment = -2.536E+06 ; regularity = -1.035E+04 ]
2021-08-10 14:03:19,360 - deformetrica.core.estimators.gradient_ascent - INFO - >> Step size and gradient norm: 
2021-08-10 14:03:19,363 - deformetrica.core.estimators.gradient_ascent - INFO - 		2.157E-05   and   1.123E+05 	[ landmark_points ]
2021-08-10 14:03:19,364 - deformetrica.core.estimators.gradient_ascent - INFO - 		1.244E-04   and   5.557E+04 	[ momenta ]
2021-08-10 14:03:20,882 - deformetrica.core.estimators.gradient_ascent - INFO - ------------------------------------- Iteration: 22 -------------------------------------
2021-08-10 14:03:20,883 - deformetrica.core.estimators.gradient_ascent - INFO - >> Log-likelihood = -2.496E+06 	 [ attachment = -2.485E+06 ; regularity = -1.047E+04 ]
2021-08-10 14:03:21,578 - deformetrica.core.estimators.gradient_ascent - INFO - >> Step size and gradient norm: 
2021-08-10 14:03:21,579 - deformetrica.core.estimators.gradient_ascent - INFO - 		2.157E-05   and   1.113E+05 	[ landmark_points ]
2021-08-10 14:03:21,580 - deformetrica.core.estimators.gradient_ascent - INFO - 		6.218E-05   and   4.850E+04 	[ momenta ]
2021-08-10 14:03:21,977 - deformetrica.core.estimators.gradient_ascent - INFO - ------------------------------------- Iteration: 23 -------------------------------------
2021-08-10 14:03:21,978 - deformetrica.core.estimators.gradient_ascent - INFO - >> Log-likelihood = -2.453E+06 	 [ attachment = -2.442E+06 ; regularity = -1.062E+04 ]
2021-08-10 14:03:22,618 - deformetrica.core.estimators.gradient_ascent - INFO - >> Step size and gradient norm: 
2021-08-10 14:03:22,620 - deformetrica.core.estimators.gradient_ascent - INFO - 		3.235E-05   and   1.030E+05 	[ landmark_points ]
2021-08-10 14:03:22,621 - deformetrica.core.estimators.gradient_ascent - INFO - 		9.327E-05   and   4.646E+04 	[ momenta ]
2021-08-10 14:03:23,758 - deformetrica.core.estimators.gradient_ascent - INFO - ------------------------------------- Iteration: 24 -------------------------------------
2021-08-10 14:03:23,759 - deformetrica.core.estimators.gradient_ascent - INFO - >> Log-likelihood = -2.437E+06 	 [ attachment = -2.427E+06 ; regularity = -1.071E+04 ]
2021-08-10 14:03:24,385 - deformetrica.core.estimators.gradient_ascent - INFO - >> Step size and gradient norm: 
2021-08-10 14:03:24,386 - deformetrica.core.estimators.gradient_ascent - INFO - 		3.235E-05   and   1.230E+05 	[ landmark_points ]
2021-08-10 14:03:24,387 - deformetrica.core.estimators.gradient_ascent - INFO - 		4.664E-05   and   4.706E+04 	[ momenta ]
2021-08-10 14:03:24,795 - deformetrica.core.estimators.gradient_ascent - INFO - ------------------------------------- Iteration: 25 -------------------------------------
2021-08-10 14:03:24,796 - deformetrica.core.estimators.gradient_ascent - INFO - >> Log-likelihood = -2.433E+06 	 [ attachment = -2.422E+06 ; regularity = -1.083E+04 ]
2021-08-10 14:03:25,545 - deformetrica.core.estimators.gradient_ascent - INFO - >> Step size and gradient norm: 
2021-08-10 14:03:25,546 - deformetrica.core.estimators.gradient_ascent - INFO - 		4.852E-05   and   1.409E+05 	[ landmark_points ]
2021-08-10 14:03:25,548 - deformetrica.core.estimators.gradient_ascent - INFO - 		6.995E-05   and   5.646E+04 	[ momenta ]
2021-08-10 14:03:26,662 - deformetrica.core.estimators.gradient_ascent - INFO - >> Step size and gradient norm: 
2021-08-10 14:03:26,663 - deformetrica.core.estimators.gradient_ascent - INFO - 		2.426E-05   and   1.409E+05 	[ landmark_points ]
2021-08-10 14:03:26,664 - deformetrica.core.estimators.gradient_ascent - INFO - 		3.498E-05   and   5.646E+04 	[ momenta ]
2021-08-10 14:03:27,039 - deformetrica.core.estimators.gradient_ascent - INFO - ------------------------------------- Iteration: 26 -------------------------------------
2021-08-10 14:03:27,040 - deformetrica.core.estimators.gradient_ascent - INFO - >> Log-likelihood = -2.360E+06 	 [ attachment = -2.349E+06 ; regularity = -1.088E+04 ]
2021-08-10 14:03:27,706 - deformetrica.core.estimators.gradient_ascent - INFO - >> Step size and gradient norm: 
2021-08-10 14:03:27,707 - deformetrica.core.estimators.gradient_ascent - INFO - 		3.639E-05   and   9.296E+04 	[ landmark_points ]
2021-08-10 14:03:27,708 - deformetrica.core.estimators.gradient_ascent - INFO - 		5.247E-05   and   3.681E+04 	[ momenta ]
2021-08-10 14:03:28,984 - deformetrica.core.estimators.gradient_ascent - INFO - ------------------------------------- Iteration: 27 -------------------------------------
2021-08-10 14:03:28,985 - deformetrica.core.estimators.gradient_ascent - INFO - >> Log-likelihood = -2.319E+06 	 [ attachment = -2.308E+06 ; regularity = -1.100E+04 ]
2021-08-10 14:03:29,762 - deformetrica.core.estimators.gradient_ascent - INFO - >> Step size and gradient norm: 
2021-08-10 14:03:29,763 - deformetrica.core.estimators.gradient_ascent - INFO - 		1.820E-05   and   6.320E+04 	[ landmark_points ]
2021-08-10 14:03:29,765 - deformetrica.core.estimators.gradient_ascent - INFO - 		5.247E-05   and   3.047E+04 	[ momenta ]
2021-08-10 14:03:30,298 - deformetrica.core.estimators.gradient_ascent - INFO - ------------------------------------- Iteration: 28 -------------------------------------
2021-08-10 14:03:30,299 - deformetrica.core.estimators.gradient_ascent - INFO - >> Log-likelihood = -2.287E+06 	 [ attachment = -2.276E+06 ; regularity = -1.110E+04 ]
2021-08-10 14:03:31,040 - deformetrica.core.estimators.gradient_ascent - INFO - >> Step size and gradient norm: 
2021-08-10 14:03:31,041 - deformetrica.core.estimators.gradient_ascent - INFO - 		2.729E-05   and   4.912E+04 	[ landmark_points ]
2021-08-10 14:03:31,042 - deformetrica.core.estimators.gradient_ascent - INFO - 		7.870E-05   and   2.435E+04 	[ momenta ]
2021-08-10 14:03:31,514 - deformetrica.core.estimators.gradient_ascent - INFO - ------------------------------------- Iteration: 29 -------------------------------------
2021-08-10 14:03:31,516 - deformetrica.core.estimators.gradient_ascent - INFO - >> Log-likelihood = -2.268E+06 	 [ attachment = -2.257E+06 ; regularity = -1.126E+04 ]
2021-08-10 14:03:32,168 - deformetrica.core.estimators.gradient_ascent - INFO - >> Step size and gradient norm: 
2021-08-10 14:03:32,169 - deformetrica.core.estimators.gradient_ascent - INFO - 		4.094E-05   and   7.148E+04 	[ landmark_points ]
2021-08-10 14:03:32,170 - deformetrica.core.estimators.gradient_ascent - INFO - 		1.180E-04   and   3.288E+04 	[ momenta ]
2021-08-10 14:03:33,350 - deformetrica.core.estimators.gradient_ascent - INFO - >> Step size and gradient norm: 
2021-08-10 14:03:33,352 - deformetrica.core.estimators.gradient_ascent - INFO - 		2.047E-05   and   7.148E+04 	[ landmark_points ]
2021-08-10 14:03:33,353 - deformetrica.core.estimators.gradient_ascent - INFO - 		5.902E-05   and   3.288E+04 	[ momenta ]
2021-08-10 14:03:33,750 - deformetrica.core.estimators.gradient_ascent - INFO - ------------------------------------- Iteration: 30 -------------------------------------
2021-08-10 14:03:33,751 - deformetrica.core.estimators.gradient_ascent - INFO - >> Log-likelihood = -2.240E+06 	 [ attachment = -2.229E+06 ; regularity = -1.137E+04 ]
2021-08-10 14:03:34,383 - deformetrica.core.estimators.gradient_ascent - INFO - >> Step size and gradient norm: 
2021-08-10 14:03:34,385 - deformetrica.core.estimators.gradient_ascent - INFO - 		3.071E-05   and   7.040E+04 	[ landmark_points ]
2021-08-10 14:03:34,386 - deformetrica.core.estimators.gradient_ascent - INFO - 		8.854E-05   and   3.048E+04 	[ momenta ]
2021-08-10 14:03:35,549 - deformetrica.core.estimators.gradient_ascent - INFO - ------------------------------------- Iteration: 31 -------------------------------------
2021-08-10 14:03:35,551 - deformetrica.core.estimators.gradient_ascent - INFO - >> Log-likelihood = -2.216E+06 	 [ attachment = -2.205E+06 ; regularity = -1.156E+04 ]
2021-08-10 14:03:36,197 - deformetrica.core.estimators.gradient_ascent - INFO - >> Step size and gradient norm: 
2021-08-10 14:03:36,198 - deformetrica.core.estimators.gradient_ascent - INFO - 		1.535E-05   and   7.819E+04 	[ landmark_points ]
2021-08-10 14:03:36,199 - deformetrica.core.estimators.gradient_ascent - INFO - 		8.854E-05   and   3.750E+04 	[ momenta ]
2021-08-10 14:03:36,578 - deformetrica.core.estimators.gradient_ascent - INFO - ------------------------------------- Iteration: 32 -------------------------------------
2021-08-10 14:03:36,579 - deformetrica.core.estimators.gradient_ascent - INFO - >> Log-likelihood = -2.204E+06 	 [ attachment = -2.192E+06 ; regularity = -1.171E+04 ]
2021-08-10 14:03:37,195 - deformetrica.core.estimators.gradient_ascent - INFO - >> Step size and gradient norm: 
2021-08-10 14:03:37,196 - deformetrica.core.estimators.gradient_ascent - INFO - 		2.303E-05   and   9.932E+04 	[ landmark_points ]
2021-08-10 14:03:37,226 - deformetrica.core.estimators.gradient_ascent - INFO - 		1.328E-04   and   4.468E+04 	[ momenta ]
2021-08-10 14:03:38,524 - deformetrica.core.estimators.gradient_ascent - INFO - ------------------------------------- Iteration: 33 -------------------------------------
2021-08-10 14:03:38,525 - deformetrica.core.estimators.gradient_ascent - INFO - >> Log-likelihood = -2.193E+06 	 [ attachment = -2.181E+06 ; regularity = -1.185E+04 ]
2021-08-10 14:03:39,154 - deformetrica.core.estimators.gradient_ascent - INFO - >> Step size and gradient norm: 
2021-08-10 14:03:39,155 - deformetrica.core.estimators.gradient_ascent - INFO - 		2.303E-05   and   1.184E+05 	[ landmark_points ]
2021-08-10 14:03:39,158 - deformetrica.core.estimators.gradient_ascent - INFO - 		6.640E-05   and   5.072E+04 	[ momenta ]
2021-08-10 14:03:39,576 - deformetrica.core.estimators.gradient_ascent - INFO - ------------------------------------- Iteration: 34 -------------------------------------
2021-08-10 14:03:39,577 - deformetrica.core.estimators.gradient_ascent - INFO - >> Log-likelihood = -2.190E+06 	 [ attachment = -2.178E+06 ; regularity = -1.196E+04 ]
2021-08-10 14:03:40,227 - deformetrica.core.estimators.gradient_ascent - INFO - >> Step size and gradient norm: 
2021-08-10 14:03:40,229 - deformetrica.core.estimators.gradient_ascent - INFO - 		3.454E-05   and   1.432E+05 	[ landmark_points ]
2021-08-10 14:03:40,230 - deformetrica.core.estimators.gradient_ascent - INFO - 		9.960E-05   and   5.582E+04 	[ momenta ]
2021-08-10 14:03:41,309 - deformetrica.core.estimators.gradient_ascent - INFO - >> Step size and gradient norm: 
2021-08-10 14:03:41,310 - deformetrica.core.estimators.gradient_ascent - INFO - 		1.727E-05   and   1.432E+05 	[ landmark_points ]
2021-08-10 14:03:41,311 - deformetrica.core.estimators.gradient_ascent - INFO - 		4.980E-05   and   5.582E+04 	[ momenta ]
2021-08-10 14:03:41,713 - deformetrica.core.estimators.gradient_ascent - INFO - ------------------------------------- Iteration: 35 -------------------------------------
2021-08-10 14:03:41,714 - deformetrica.core.estimators.gradient_ascent - INFO - >> Log-likelihood = -2.116E+06 	 [ attachment = -2.104E+06 ; regularity = -1.207E+04 ]
2021-08-10 14:03:42,346 - deformetrica.core.estimators.gradient_ascent - INFO - >> Step size and gradient norm: 
2021-08-10 14:03:42,348 - deformetrica.core.estimators.gradient_ascent - INFO - 		2.591E-05   and   9.278E+04 	[ landmark_points ]
2021-08-10 14:03:42,366 - deformetrica.core.estimators.gradient_ascent - INFO - 		7.470E-05   and   3.873E+04 	[ momenta ]
2021-08-10 14:03:43,590 - deformetrica.core.estimators.gradient_ascent - INFO - ------------------------------------- Iteration: 36 -------------------------------------
2021-08-10 14:03:43,592 - deformetrica.core.estimators.gradient_ascent - INFO - >> Log-likelihood = -2.080E+06 	 [ attachment = -2.067E+06 ; regularity = -1.220E+04 ]
2021-08-10 14:03:44,224 - deformetrica.core.estimators.gradient_ascent - INFO - >> Step size and gradient norm: 
2021-08-10 14:03:44,226 - deformetrica.core.estimators.gradient_ascent - INFO - 		1.295E-05   and   7.575E+04 	[ landmark_points ]
2021-08-10 14:03:44,227 - deformetrica.core.estimators.gradient_ascent - INFO - 		7.470E-05   and   3.550E+04 	[ momenta ]
2021-08-10 14:03:44,638 - deformetrica.core.estimators.gradient_ascent - INFO - ------------------------------------- Iteration: 37 -------------------------------------
2021-08-10 14:03:44,639 - deformetrica.core.estimators.gradient_ascent - INFO - >> Log-likelihood = -2.047E+06 	 [ attachment = -2.035E+06 ; regularity = -1.236E+04 ]
2021-08-10 14:03:45,252 - deformetrica.core.estimators.gradient_ascent - INFO - >> Step size and gradient norm: 
2021-08-10 14:03:45,253 - deformetrica.core.estimators.gradient_ascent - INFO - 		1.943E-05   and   6.821E+04 	[ landmark_points ]
2021-08-10 14:03:45,255 - deformetrica.core.estimators.gradient_ascent - INFO - 		1.121E-04   and   3.337E+04 	[ momenta ]
2021-08-10 14:03:46,436 - deformetrica.core.estimators.gradient_ascent - INFO - ------------------------------------- Iteration: 38 -------------------------------------
2021-08-10 14:03:46,438 - deformetrica.core.estimators.gradient_ascent - INFO - >> Log-likelihood = -2.019E+06 	 [ attachment = -2.006E+06 ; regularity = -1.246E+04 ]
2021-08-10 14:03:47,107 - deformetrica.core.estimators.gradient_ascent - INFO - >> Step size and gradient norm: 
2021-08-10 14:03:47,109 - deformetrica.core.estimators.gradient_ascent - INFO - 		1.943E-05   and   6.313E+04 	[ landmark_points ]
2021-08-10 14:03:47,110 - deformetrica.core.estimators.gradient_ascent - INFO - 		5.603E-05   and   2.834E+04 	[ momenta ]
2021-08-10 14:03:47,510 - deformetrica.core.estimators.gradient_ascent - INFO - ------------------------------------- Iteration: 39 -------------------------------------
2021-08-10 14:03:47,511 - deformetrica.core.estimators.gradient_ascent - INFO - >> Log-likelihood = -1.992E+06 	 [ attachment = -1.979E+06 ; regularity = -1.258E+04 ]
2021-08-10 14:03:48,290 - deformetrica.core.estimators.gradient_ascent - INFO - >> Step size and gradient norm: 
2021-08-10 14:03:48,291 - deformetrica.core.estimators.gradient_ascent - INFO - 		2.915E-05   and   5.667E+04 	[ landmark_points ]
2021-08-10 14:03:48,293 - deformetrica.core.estimators.gradient_ascent - INFO - 		8.404E-05   and   2.669E+04 	[ momenta ]
2021-08-10 14:03:48,694 - deformetrica.core.estimators.gradient_ascent - INFO - ------------------------------------- Iteration: 40 -------------------------------------
2021-08-10 14:03:48,695 - deformetrica.core.estimators.gradient_ascent - INFO - >> Log-likelihood = -1.982E+06 	 [ attachment = -1.969E+06 ; regularity = -1.273E+04 ]
2021-08-10 14:03:49,339 - deformetrica.core.estimators.gradient_ascent - INFO - >> Step size and gradient norm: 
2021-08-10 14:03:49,340 - deformetrica.core.estimators.gradient_ascent - INFO - 		4.372E-05   and   9.767E+04 	[ landmark_points ]
2021-08-10 14:03:49,341 - deformetrica.core.estimators.gradient_ascent - INFO - 		1.261E-04   and   3.853E+04 	[ momenta ]
2021-08-10 14:03:50,510 - deformetrica.core.estimators.gradient_ascent - INFO - >> Step size and gradient norm: 
2021-08-10 14:03:50,512 - deformetrica.core.estimators.gradient_ascent - INFO - 		2.186E-05   and   9.767E+04 	[ landmark_points ]
2021-08-10 14:03:50,513 - deformetrica.core.estimators.gradient_ascent - INFO - 		6.303E-05   and   3.853E+04 	[ momenta ]
2021-08-10 14:03:50,906 - deformetrica.core.estimators.gradient_ascent - INFO - ------------------------------------- Iteration: 41 -------------------------------------
2021-08-10 14:03:50,908 - deformetrica.core.estimators.gradient_ascent - INFO - >> Log-likelihood = -1.964E+06 	 [ attachment = -1.951E+06 ; regularity = -1.286E+04 ]
2021-08-10 14:03:51,645 - deformetrica.core.estimators.gradient_ascent - INFO - >> Step size and gradient norm: 
2021-08-10 14:03:51,646 - deformetrica.core.estimators.gradient_ascent - INFO - 		3.279E-05   and   1.062E+05 	[ landmark_points ]
2021-08-10 14:03:51,647 - deformetrica.core.estimators.gradient_ascent - INFO - 		9.455E-05   and   4.253E+04 	[ momenta ]
2021-08-10 14:03:53,034 - deformetrica.core.estimators.gradient_ascent - INFO - >> Step size and gradient norm: 
2021-08-10 14:03:53,035 - deformetrica.core.estimators.gradient_ascent - INFO - 		1.640E-05   and   1.062E+05 	[ landmark_points ]
2021-08-10 14:03:53,063 - deformetrica.core.estimators.gradient_ascent - INFO - 		4.727E-05   and   4.253E+04 	[ momenta ]
2021-08-10 14:03:53,774 - deformetrica.core.estimators.gradient_ascent - INFO - ------------------------------------- Iteration: 42 -------------------------------------
2021-08-10 14:03:53,775 - deformetrica.core.estimators.gradient_ascent - INFO - >> Log-likelihood = -1.913E+06 	 [ attachment = -1.900E+06 ; regularity = -1.294E+04 ]
2021-08-10 14:03:54,428 - deformetrica.core.estimators.gradient_ascent - INFO - >> Step size and gradient norm: 
2021-08-10 14:03:54,429 - deformetrica.core.estimators.gradient_ascent - INFO - 		2.459E-05   and   6.472E+04 	[ landmark_points ]
2021-08-10 14:03:54,430 - deformetrica.core.estimators.gradient_ascent - INFO - 		7.091E-05   and   2.769E+04 	[ momenta ]
2021-08-10 14:03:54,918 - deformetrica.core.estimators.gradient_ascent - INFO - ------------------------------------- Iteration: 43 -------------------------------------
2021-08-10 14:03:54,919 - deformetrica.core.estimators.gradient_ascent - INFO - >> Log-likelihood = -1.895E+06 	 [ attachment = -1.882E+06 ; regularity = -1.308E+04 ]
2021-08-10 14:03:55,678 - deformetrica.core.estimators.gradient_ascent - INFO - >> Step size and gradient norm: 
2021-08-10 14:03:55,679 - deformetrica.core.estimators.gradient_ascent - INFO - 		3.689E-05   and   8.586E+04 	[ landmark_points ]
2021-08-10 14:03:55,683 - deformetrica.core.estimators.gradient_ascent - INFO - 		1.064E-04   and   3.478E+04 	[ momenta ]
2021-08-10 14:03:57,018 - deformetrica.core.estimators.gradient_ascent - INFO - >> Step size and gradient norm: 
2021-08-10 14:03:57,019 - deformetrica.core.estimators.gradient_ascent - INFO - 		1.844E-05   and   8.586E+04 	[ landmark_points ]
2021-08-10 14:03:57,021 - deformetrica.core.estimators.gradient_ascent - INFO - 		5.318E-05   and   3.478E+04 	[ momenta ]
2021-08-10 14:03:57,426 - deformetrica.core.estimators.gradient_ascent - INFO - ------------------------------------- Iteration: 44 -------------------------------------
2021-08-10 14:03:57,427 - deformetrica.core.estimators.gradient_ascent - INFO - >> Log-likelihood = -1.861E+06 	 [ attachment = -1.848E+06 ; regularity = -1.317E+04 ]
2021-08-10 14:03:58,096 - deformetrica.core.estimators.gradient_ascent - INFO - >> Step size and gradient norm: 
2021-08-10 14:03:58,097 - deformetrica.core.estimators.gradient_ascent - INFO - 		2.767E-05   and   6.925E+04 	[ landmark_points ]
2021-08-10 14:03:58,099 - deformetrica.core.estimators.gradient_ascent - INFO - 		7.977E-05   and   2.858E+04 	[ momenta ]
2021-08-10 14:03:58,517 - deformetrica.core.estimators.gradient_ascent - INFO - ------------------------------------- Iteration: 45 -------------------------------------
2021-08-10 14:03:58,519 - deformetrica.core.estimators.gradient_ascent - INFO - >> Log-likelihood = -1.856E+06 	 [ attachment = -1.843E+06 ; regularity = -1.332E+04 ]
2021-08-10 14:03:59,153 - deformetrica.core.estimators.gradient_ascent - INFO - >> Step size and gradient norm: 
2021-08-10 14:03:59,155 - deformetrica.core.estimators.gradient_ascent - INFO - 		4.150E-05   and   1.086E+05 	[ landmark_points ]
2021-08-10 14:03:59,156 - deformetrica.core.estimators.gradient_ascent - INFO - 		1.197E-04   and   4.200E+04 	[ momenta ]
2021-08-10 14:04:00,324 - deformetrica.core.estimators.gradient_ascent - INFO - >> Step size and gradient norm: 
2021-08-10 14:04:00,325 - deformetrica.core.estimators.gradient_ascent - INFO - 		2.075E-05   and   1.086E+05 	[ landmark_points ]
2021-08-10 14:04:00,327 - deformetrica.core.estimators.gradient_ascent - INFO - 		5.983E-05   and   4.200E+04 	[ momenta ]
2021-08-10 14:04:00,717 - deformetrica.core.estimators.gradient_ascent - INFO - ------------------------------------- Iteration: 46 -------------------------------------
2021-08-10 14:04:00,718 - deformetrica.core.estimators.gradient_ascent - INFO - >> Log-likelihood = -1.828E+06 	 [ attachment = -1.814E+06 ; regularity = -1.341E+04 ]
2021-08-10 14:04:01,355 - deformetrica.core.estimators.gradient_ascent - INFO - >> Step size and gradient norm: 
2021-08-10 14:04:01,357 - deformetrica.core.estimators.gradient_ascent - INFO - 		3.113E-05   and   1.084E+05 	[ landmark_points ]
2021-08-10 14:04:01,359 - deformetrica.core.estimators.gradient_ascent - INFO - 		8.974E-05   and   4.003E+04 	[ momenta ]
2021-08-10 14:04:02,549 - deformetrica.core.estimators.gradient_ascent - INFO - ------------------------------------- Iteration: 47 -------------------------------------
2021-08-10 14:04:02,550 - deformetrica.core.estimators.gradient_ascent - INFO - >> Log-likelihood = -1.813E+06 	 [ attachment = -1.799E+06 ; regularity = -1.360E+04 ]
2021-08-10 14:04:03,183 - deformetrica.core.estimators.gradient_ascent - INFO - >> Step size and gradient norm: 
2021-08-10 14:04:03,185 - deformetrica.core.estimators.gradient_ascent - INFO - 		1.556E-05   and   1.168E+05 	[ landmark_points ]
2021-08-10 14:04:03,215 - deformetrica.core.estimators.gradient_ascent - INFO - 		8.974E-05   and   4.990E+04 	[ momenta ]
2021-08-10 14:04:03,707 - deformetrica.core.estimators.gradient_ascent - INFO - ------------------------------------- Iteration: 48 -------------------------------------
2021-08-10 14:04:03,708 - deformetrica.core.estimators.gradient_ascent - INFO - >> Log-likelihood = -1.810E+06 	 [ attachment = -1.797E+06 ; regularity = -1.372E+04 ]
2021-08-10 14:04:04,342 - deformetrica.core.estimators.gradient_ascent - INFO - >> Step size and gradient norm: 
2021-08-10 14:04:04,343 - deformetrica.core.estimators.gradient_ascent - INFO - 		2.334E-05   and   1.390E+05 	[ landmark_points ]
2021-08-10 14:04:04,345 - deformetrica.core.estimators.gradient_ascent - INFO - 		1.346E-04   and   5.879E+04 	[ momenta ]
2021-08-10 14:04:05,537 - deformetrica.core.estimators.gradient_ascent - INFO - >> Step size and gradient norm: 
2021-08-10 14:04:05,538 - deformetrica.core.estimators.gradient_ascent - INFO - 		1.167E-05   and   1.390E+05 	[ landmark_points ]
2021-08-10 14:04:05,539 - deformetrica.core.estimators.gradient_ascent - INFO - 		6.731E-05   and   5.879E+04 	[ momenta ]
2021-08-10 14:04:05,986 - deformetrica.core.estimators.gradient_ascent - INFO - ------------------------------------- Iteration: 49 -------------------------------------
2021-08-10 14:04:05,987 - deformetrica.core.estimators.gradient_ascent - INFO - >> Log-likelihood = -1.731E+06 	 [ attachment = -1.717E+06 ; regularity = -1.384E+04 ]
2021-08-10 14:04:06,607 - deformetrica.core.estimators.gradient_ascent - INFO - >> Step size and gradient norm: 
2021-08-10 14:04:06,609 - deformetrica.core.estimators.gradient_ascent - INFO - 		1.751E-05   and   9.159E+04 	[ landmark_points ]
2021-08-10 14:04:06,610 - deformetrica.core.estimators.gradient_ascent - INFO - 		1.010E-04   and   4.216E+04 	[ momenta ]
2021-08-10 14:04:07,837 - deformetrica.core.estimators.gradient_ascent - INFO - ------------------------------------- Iteration: 50 -------------------------------------
2021-08-10 14:04:07,839 - deformetrica.core.estimators.gradient_ascent - INFO - >> Log-likelihood = -1.686E+06 	 [ attachment = -1.673E+06 ; regularity = -1.391E+04 ]
2021-08-10 14:04:08,483 - deformetrica.core.estimators.gradient_ascent - INFO - >> Step size and gradient norm: 
2021-08-10 14:04:08,484 - deformetrica.core.estimators.gradient_ascent - INFO - 		1.751E-05   and   6.894E+04 	[ landmark_points ]
2021-08-10 14:04:08,505 - deformetrica.core.estimators.gradient_ascent - INFO - 		5.048E-05   and   2.887E+04 	[ momenta ]
2021-08-10 14:04:09,058 - deformetrica.core.estimators.gradient_ascent - INFO - ------------------------------------- Iteration: 51 -------------------------------------
2021-08-10 14:04:09,059 - deformetrica.core.estimators.gradient_ascent - INFO - >> Log-likelihood = -1.654E+06 	 [ attachment = -1.640E+06 ; regularity = -1.400E+04 ]
2021-08-10 14:04:09,723 - deformetrica.core.estimators.gradient_ascent - INFO - >> Step size and gradient norm: 
2021-08-10 14:04:09,724 - deformetrica.core.estimators.gradient_ascent - INFO - 		2.626E-05   and   5.063E+04 	[ landmark_points ]
2021-08-10 14:04:09,726 - deformetrica.core.estimators.gradient_ascent - INFO - 		7.572E-05   and   2.443E+04 	[ momenta ]
2021-08-10 14:04:10,132 - deformetrica.core.estimators.gradient_ascent - INFO - ------------------------------------- Iteration: 52 -------------------------------------
2021-08-10 14:04:10,133 - deformetrica.core.estimators.gradient_ascent - INFO - >> Log-likelihood = -1.635E+06 	 [ attachment = -1.621E+06 ; regularity = -1.412E+04 ]
2021-08-10 14:04:10,763 - deformetrica.core.estimators.gradient_ascent - INFO - >> Step size and gradient norm: 
2021-08-10 14:04:10,764 - deformetrica.core.estimators.gradient_ascent - INFO - 		3.939E-05   and   7.423E+04 	[ landmark_points ]
2021-08-10 14:04:10,765 - deformetrica.core.estimators.gradient_ascent - INFO - 		1.136E-04   and   2.977E+04 	[ momenta ]
2021-08-10 14:04:12,132 - deformetrica.core.estimators.gradient_ascent - INFO - >> Step size and gradient norm: 
2021-08-10 14:04:12,133 - deformetrica.core.estimators.gradient_ascent - INFO - 		1.970E-05   and   7.423E+04 	[ landmark_points ]
2021-08-10 14:04:12,135 - deformetrica.core.estimators.gradient_ascent - INFO - 		5.679E-05   and   2.977E+04 	[ momenta ]
2021-08-10 14:04:12,546 - deformetrica.core.estimators.gradient_ascent - INFO - ------------------------------------- Iteration: 53 -------------------------------------
2021-08-10 14:04:12,548 - deformetrica.core.estimators.gradient_ascent - INFO - >> Log-likelihood = -1.608E+06 	 [ attachment = -1.593E+06 ; regularity = -1.423E+04 ]
2021-08-10 14:04:13,253 - deformetrica.core.estimators.gradient_ascent - INFO - >> Step size and gradient norm: 
2021-08-10 14:04:13,256 - deformetrica.core.estimators.gradient_ascent - INFO - 		2.955E-05   and   6.856E+04 	[ landmark_points ]
2021-08-10 14:04:13,258 - deformetrica.core.estimators.gradient_ascent - INFO - 		8.519E-05   and   2.925E+04 	[ momenta ]
2021-08-10 14:04:14,562 - deformetrica.core.estimators.gradient_ascent - INFO - ------------------------------------- Iteration: 54 -------------------------------------
2021-08-10 14:04:14,563 - deformetrica.core.estimators.gradient_ascent - INFO - >> Log-likelihood = -1.579E+06 	 [ attachment = -1.565E+06 ; regularity = -1.436E+04 ]
2021-08-10 14:04:15,208 - deformetrica.core.estimators.gradient_ascent - INFO - >> Step size and gradient norm: 
2021-08-10 14:04:15,209 - deformetrica.core.estimators.gradient_ascent - INFO - 		1.477E-05   and   7.120E+04 	[ landmark_points ]
2021-08-10 14:04:15,211 - deformetrica.core.estimators.gradient_ascent - INFO - 		8.519E-05   and   3.146E+04 	[ momenta ]
2021-08-10 14:04:15,577 - deformetrica.core.estimators.gradient_ascent - INFO - ------------------------------------- Iteration: 55 -------------------------------------
2021-08-10 14:04:15,578 - deformetrica.core.estimators.gradient_ascent - INFO - >> Log-likelihood = -1.553E+06 	 [ attachment = -1.538E+06 ; regularity = -1.451E+04 ]
2021-08-10 14:04:16,195 - deformetrica.core.estimators.gradient_ascent - INFO - >> Step size and gradient norm: 
2021-08-10 14:04:16,196 - deformetrica.core.estimators.gradient_ascent - INFO - 		2.216E-05   and   7.781E+04 	[ landmark_points ]
2021-08-10 14:04:16,197 - deformetrica.core.estimators.gradient_ascent - INFO - 		1.278E-04   and   3.588E+04 	[ momenta ]
2021-08-10 14:04:17,301 - deformetrica.core.estimators.gradient_ascent - INFO - ------------------------------------- Iteration: 56 -------------------------------------
2021-08-10 14:04:17,302 - deformetrica.core.estimators.gradient_ascent - INFO - >> Log-likelihood = -1.533E+06 	 [ attachment = -1.518E+06 ; regularity = -1.461E+04 ]
2021-08-10 14:04:17,947 - deformetrica.core.estimators.gradient_ascent - INFO - >> Step size and gradient norm: 
2021-08-10 14:04:17,949 - deformetrica.core.estimators.gradient_ascent - INFO - 		2.216E-05   and   9.482E+04 	[ landmark_points ]
2021-08-10 14:04:17,950 - deformetrica.core.estimators.gradient_ascent - INFO - 		6.389E-05   and   3.669E+04 	[ momenta ]
2021-08-10 14:04:18,355 - deformetrica.core.estimators.gradient_ascent - INFO - ------------------------------------- Iteration: 57 -------------------------------------
2021-08-10 14:04:18,357 - deformetrica.core.estimators.gradient_ascent - INFO - >> Log-likelihood = -1.518E+06 	 [ attachment = -1.503E+06 ; regularity = -1.473E+04 ]
2021-08-10 14:04:18,989 - deformetrica.core.estimators.gradient_ascent - INFO - >> Step size and gradient norm: 
2021-08-10 14:04:18,990 - deformetrica.core.estimators.gradient_ascent - INFO - 		3.324E-05   and   1.110E+05 	[ landmark_points ]
2021-08-10 14:04:18,992 - deformetrica.core.estimators.gradient_ascent - INFO - 		9.584E-05   and   4.263E+04 	[ momenta ]
2021-08-10 14:04:20,112 - deformetrica.core.estimators.gradient_ascent - INFO - >> Step size and gradient norm: 
2021-08-10 14:04:20,113 - deformetrica.core.estimators.gradient_ascent - INFO - 		1.662E-05   and   1.110E+05 	[ landmark_points ]
2021-08-10 14:04:20,114 - deformetrica.core.estimators.gradient_ascent - INFO - 		4.792E-05   and   4.263E+04 	[ momenta ]
2021-08-10 14:04:20,513 - deformetrica.core.estimators.gradient_ascent - INFO - ------------------------------------- Iteration: 58 -------------------------------------
2021-08-10 14:04:20,515 - deformetrica.core.estimators.gradient_ascent - INFO - >> Log-likelihood = -1.469E+06 	 [ attachment = -1.454E+06 ; regularity = -1.480E+04 ]
2021-08-10 14:04:21,165 - deformetrica.core.estimators.gradient_ascent - INFO - >> Step size and gradient norm: 
2021-08-10 14:04:21,166 - deformetrica.core.estimators.gradient_ascent - INFO - 		2.493E-05   and   7.546E+04 	[ landmark_points ]
2021-08-10 14:04:21,167 - deformetrica.core.estimators.gradient_ascent - INFO - 		7.188E-05   and   2.887E+04 	[ momenta ]
2021-08-10 14:04:21,559 - deformetrica.core.estimators.gradient_ascent - INFO - ------------------------------------- Iteration: 59 -------------------------------------
2021-08-10 14:04:21,560 - deformetrica.core.estimators.gradient_ascent - INFO - >> Log-likelihood = -1.460E+06 	 [ attachment = -1.445E+06 ; regularity = -1.493E+04 ]
2021-08-10 14:04:22,233 - deformetrica.core.estimators.gradient_ascent - INFO - >> Step size and gradient norm: 
2021-08-10 14:04:22,234 - deformetrica.core.estimators.gradient_ascent - INFO - 		3.739E-05   and   1.103E+05 	[ landmark_points ]
2021-08-10 14:04:22,235 - deformetrica.core.estimators.gradient_ascent - INFO - 		1.078E-04   and   3.941E+04 	[ momenta ]
2021-08-10 14:04:23,826 - deformetrica.core.estimators.gradient_ascent - INFO - >> Step size and gradient norm: 
2021-08-10 14:04:23,827 - deformetrica.core.estimators.gradient_ascent - INFO - 		1.870E-05   and   1.103E+05 	[ landmark_points ]
2021-08-10 14:04:23,829 - deformetrica.core.estimators.gradient_ascent - INFO - 		5.391E-05   and   3.941E+04 	[ momenta ]
2021-08-10 14:04:24,306 - deformetrica.core.estimators.gradient_ascent - INFO - ------------------------------------- Iteration: 60 -------------------------------------
2021-08-10 14:04:24,307 - deformetrica.core.estimators.gradient_ascent - INFO - >> Log-likelihood = -1.428E+06 	 [ attachment = -1.413E+06 ; regularity = -1.502E+04 ]
2021-08-10 14:04:25,048 - deformetrica.core.estimators.gradient_ascent - INFO - >> Step size and gradient norm: 
2021-08-10 14:04:25,049 - deformetrica.core.estimators.gradient_ascent - INFO - 		2.804E-05   and   9.925E+04 	[ landmark_points ]
2021-08-10 14:04:25,050 - deformetrica.core.estimators.gradient_ascent - INFO - 		8.086E-05   and   3.330E+04 	[ momenta ]
2021-08-10 14:04:26,638 - deformetrica.core.estimators.gradient_ascent - INFO - ------------------------------------- Iteration: 61 -------------------------------------
2021-08-10 14:04:26,639 - deformetrica.core.estimators.gradient_ascent - INFO - >> Log-likelihood = -1.398E+06 	 [ attachment = -1.383E+06 ; regularity = -1.516E+04 ]
2021-08-10 14:04:27,301 - deformetrica.core.estimators.gradient_ascent - INFO - >> Step size and gradient norm: 
2021-08-10 14:04:27,302 - deformetrica.core.estimators.gradient_ascent - INFO - 		1.402E-05   and   8.993E+04 	[ landmark_points ]
2021-08-10 14:04:27,303 - deformetrica.core.estimators.gradient_ascent - INFO - 		8.086E-05   and   3.596E+04 	[ momenta ]
2021-08-10 14:04:27,694 - deformetrica.core.estimators.gradient_ascent - INFO - ------------------------------------- Iteration: 62 -------------------------------------
2021-08-10 14:04:27,695 - deformetrica.core.estimators.gradient_ascent - INFO - >> Log-likelihood = -1.371E+06 	 [ attachment = -1.356E+06 ; regularity = -1.529E+04 ]
2021-08-10 14:04:28,327 - deformetrica.core.estimators.gradient_ascent - INFO - >> Step size and gradient norm: 
2021-08-10 14:04:28,328 - deformetrica.core.estimators.gradient_ascent - INFO - 		2.103E-05   and   9.439E+04 	[ landmark_points ]
2021-08-10 14:04:28,329 - deformetrica.core.estimators.gradient_ascent - INFO - 		1.213E-04   and   3.635E+04 	[ momenta ]
2021-08-10 14:04:29,632 - deformetrica.core.estimators.gradient_ascent - INFO - ------------------------------------- Iteration: 63 -------------------------------------
2021-08-10 14:04:29,633 - deformetrica.core.estimators.gradient_ascent - INFO - >> Log-likelihood = -1.355E+06 	 [ attachment = -1.340E+06 ; regularity = -1.540E+04 ]
2021-08-10 14:04:30,234 - deformetrica.core.estimators.gradient_ascent - INFO - >> Step size and gradient norm: 
2021-08-10 14:04:30,236 - deformetrica.core.estimators.gradient_ascent - INFO - 		2.103E-05   and   1.135E+05 	[ landmark_points ]
2021-08-10 14:04:30,238 - deformetrica.core.estimators.gradient_ascent - INFO - 		6.065E-05   and   3.894E+04 	[ momenta ]
2021-08-10 14:04:30,633 - deformetrica.core.estimators.gradient_ascent - INFO - ------------------------------------- Iteration: 64 -------------------------------------
2021-08-10 14:04:30,634 - deformetrica.core.estimators.gradient_ascent - INFO - >> Log-likelihood = -1.345E+06 	 [ attachment = -1.330E+06 ; regularity = -1.550E+04 ]
2021-08-10 14:04:31,292 - deformetrica.core.estimators.gradient_ascent - INFO - >> Step size and gradient norm: 
2021-08-10 14:04:31,293 - deformetrica.core.estimators.gradient_ascent - INFO - 		3.155E-05   and   1.345E+05 	[ landmark_points ]
2021-08-10 14:04:31,294 - deformetrica.core.estimators.gradient_ascent - INFO - 		9.097E-05   and   4.093E+04 	[ momenta ]
2021-08-10 14:04:32,540 - deformetrica.core.estimators.gradient_ascent - INFO - >> Step size and gradient norm: 
2021-08-10 14:04:32,541 - deformetrica.core.estimators.gradient_ascent - INFO - 		1.578E-05   and   1.345E+05 	[ landmark_points ]
2021-08-10 14:04:32,542 - deformetrica.core.estimators.gradient_ascent - INFO - 		4.548E-05   and   4.093E+04 	[ momenta ]
2021-08-10 14:04:32,940 - deformetrica.core.estimators.gradient_ascent - INFO - ------------------------------------- Iteration: 65 -------------------------------------
2021-08-10 14:04:32,942 - deformetrica.core.estimators.gradient_ascent - INFO - >> Log-likelihood = -1.299E+06 	 [ attachment = -1.283E+06 ; regularity = -1.557E+04 ]
2021-08-10 14:04:33,650 - deformetrica.core.estimators.gradient_ascent - INFO - >> Step size and gradient norm: 
2021-08-10 14:04:33,652 - deformetrica.core.estimators.gradient_ascent - INFO - 		2.366E-05   and   9.077E+04 	[ landmark_points ]
2021-08-10 14:04:33,653 - deformetrica.core.estimators.gradient_ascent - INFO - 		6.823E-05   and   2.934E+04 	[ momenta ]
2021-08-10 14:04:34,811 - deformetrica.core.estimators.gradient_ascent - INFO - ------------------------------------- Iteration: 66 -------------------------------------
2021-08-10 14:04:34,812 - deformetrica.core.estimators.gradient_ascent - INFO - >> Log-likelihood = -1.266E+06 	 [ attachment = -1.250E+06 ; regularity = -1.569E+04 ]
2021-08-10 14:04:35,459 - deformetrica.core.estimators.gradient_ascent - INFO - >> Step size and gradient norm: 
2021-08-10 14:04:35,460 - deformetrica.core.estimators.gradient_ascent - INFO - 		1.183E-05   and   6.092E+04 	[ landmark_points ]
2021-08-10 14:04:35,462 - deformetrica.core.estimators.gradient_ascent - INFO - 		6.823E-05   and   2.382E+04 	[ momenta ]
2021-08-10 14:04:35,869 - deformetrica.core.estimators.gradient_ascent - INFO - ------------------------------------- Iteration: 67 -------------------------------------
2021-08-10 14:04:35,870 - deformetrica.core.estimators.gradient_ascent - INFO - >> Log-likelihood = -1.243E+06 	 [ attachment = -1.227E+06 ; regularity = -1.580E+04 ]
2021-08-10 14:04:36,478 - deformetrica.core.estimators.gradient_ascent - INFO - >> Step size and gradient norm: 
2021-08-10 14:04:36,480 - deformetrica.core.estimators.gradient_ascent - INFO - 		1.775E-05   and   4.819E+04 	[ landmark_points ]
2021-08-10 14:04:36,481 - deformetrica.core.estimators.gradient_ascent - INFO - 		1.023E-04   and   2.086E+04 	[ momenta ]
2021-08-10 14:04:36,882 - deformetrica.core.estimators.gradient_ascent - INFO - ------------------------------------- Iteration: 68 -------------------------------------
2021-08-10 14:04:36,884 - deformetrica.core.estimators.gradient_ascent - INFO - >> Log-likelihood = -1.225E+06 	 [ attachment = -1.209E+06 ; regularity = -1.597E+04 ]
2021-08-10 14:04:37,624 - deformetrica.core.estimators.gradient_ascent - INFO - >> Step size and gradient norm: 
2021-08-10 14:04:37,626 - deformetrica.core.estimators.gradient_ascent - INFO - 		2.662E-05   and   7.300E+04 	[ landmark_points ]
2021-08-10 14:04:37,628 - deformetrica.core.estimators.gradient_ascent - INFO - 		1.535E-04   and   2.716E+04 	[ momenta ]
2021-08-10 14:04:39,030 - deformetrica.core.estimators.gradient_ascent - INFO - >> Step size and gradient norm: 
2021-08-10 14:04:39,032 - deformetrica.core.estimators.gradient_ascent - INFO - 		1.331E-05   and   7.300E+04 	[ landmark_points ]
2021-08-10 14:04:39,033 - deformetrica.core.estimators.gradient_ascent - INFO - 		7.675E-05   and   2.716E+04 	[ momenta ]
2021-08-10 14:04:39,478 - deformetrica.core.estimators.gradient_ascent - INFO - ------------------------------------- Iteration: 69 -------------------------------------
2021-08-10 14:04:39,479 - deformetrica.core.estimators.gradient_ascent - INFO - >> Log-likelihood = -1.206E+06 	 [ attachment = -1.190E+06 ; regularity = -1.608E+04 ]
2021-08-10 14:04:40,292 - deformetrica.core.estimators.gradient_ascent - INFO - >> Step size and gradient norm: 
2021-08-10 14:04:40,294 - deformetrica.core.estimators.gradient_ascent - INFO - 		1.997E-05   and   7.624E+04 	[ landmark_points ]
2021-08-10 14:04:40,295 - deformetrica.core.estimators.gradient_ascent - INFO - 		1.151E-04   and   2.782E+04 	[ momenta ]
2021-08-10 14:04:41,934 - deformetrica.core.estimators.gradient_ascent - INFO - ------------------------------------- Iteration: 70 -------------------------------------
2021-08-10 14:04:41,935 - deformetrica.core.estimators.gradient_ascent - INFO - >> Log-likelihood = -1.197E+06 	 [ attachment = -1.181E+06 ; regularity = -1.617E+04 ]
2021-08-10 14:04:42,684 - deformetrica.core.estimators.gradient_ascent - INFO - >> Step size and gradient norm: 
2021-08-10 14:04:42,685 - deformetrica.core.estimators.gradient_ascent - INFO - 		1.997E-05   and   9.577E+04 	[ landmark_points ]
2021-08-10 14:04:42,687 - deformetrica.core.estimators.gradient_ascent - INFO - 		5.757E-05   and   2.814E+04 	[ momenta ]
2021-08-10 14:04:43,163 - deformetrica.core.estimators.gradient_ascent - INFO - ------------------------------------- Iteration: 71 -------------------------------------
2021-08-10 14:04:43,164 - deformetrica.core.estimators.gradient_ascent - INFO - >> Log-likelihood = -1.194E+06 	 [ attachment = -1.178E+06 ; regularity = -1.624E+04 ]
2021-08-10 14:04:43,928 - deformetrica.core.estimators.gradient_ascent - INFO - >> Step size and gradient norm: 
2021-08-10 14:04:43,930 - deformetrica.core.estimators.gradient_ascent - INFO - 		2.995E-05   and   1.309E+05 	[ landmark_points ]
2021-08-10 14:04:43,932 - deformetrica.core.estimators.gradient_ascent - INFO - 		8.635E-05   and   3.335E+04 	[ momenta ]
2021-08-10 14:04:45,292 - deformetrica.core.estimators.gradient_ascent - INFO - >> Step size and gradient norm: 
2021-08-10 14:04:45,294 - deformetrica.core.estimators.gradient_ascent - INFO - 		1.497E-05   and   1.309E+05 	[ landmark_points ]
2021-08-10 14:04:45,295 - deformetrica.core.estimators.gradient_ascent - INFO - 		4.317E-05   and   3.335E+04 	[ momenta ]
2021-08-10 14:04:45,966 - deformetrica.core.estimators.gradient_ascent - INFO - ------------------------------------- Iteration: 72 -------------------------------------
2021-08-10 14:04:45,967 - deformetrica.core.estimators.gradient_ascent - INFO - >> Log-likelihood = -1.169E+06 	 [ attachment = -1.153E+06 ; regularity = -1.632E+04 ]
2021-08-10 14:04:47,107 - deformetrica.core.estimators.gradient_ascent - INFO - >> Step size and gradient norm: 
2021-08-10 14:04:47,109 - deformetrica.core.estimators.gradient_ascent - INFO - 		2.246E-05   and   1.028E+05 	[ landmark_points ]
2021-08-10 14:04:47,111 - deformetrica.core.estimators.gradient_ascent - INFO - 		6.476E-05   and   2.581E+04 	[ momenta ]
2021-08-10 14:04:48,680 - deformetrica.core.estimators.gradient_ascent - INFO - ------------------------------------- Iteration: 73 -------------------------------------
2021-08-10 14:04:48,682 - deformetrica.core.estimators.gradient_ascent - INFO - >> Log-likelihood = -1.144E+06 	 [ attachment = -1.128E+06 ; regularity = -1.639E+04 ]
2021-08-10 14:04:49,381 - deformetrica.core.estimators.gradient_ascent - INFO - >> Step size and gradient norm: 
2021-08-10 14:04:49,382 - deformetrica.core.estimators.gradient_ascent - INFO - 		1.123E-05   and   7.469E+04 	[ landmark_points ]
2021-08-10 14:04:49,384 - deformetrica.core.estimators.gradient_ascent - INFO - 		6.476E-05   and   2.227E+04 	[ momenta ]
2021-08-10 14:04:49,877 - deformetrica.core.estimators.gradient_ascent - INFO - ------------------------------------- Iteration: 74 -------------------------------------
2021-08-10 14:04:49,878 - deformetrica.core.estimators.gradient_ascent - INFO - >> Log-likelihood = -1.126E+06 	 [ attachment = -1.109E+06 ; regularity = -1.649E+04 ]
2021-08-10 14:04:50,633 - deformetrica.core.estimators.gradient_ascent - INFO - >> Step size and gradient norm: 
2021-08-10 14:04:50,635 - deformetrica.core.estimators.gradient_ascent - INFO - 		1.685E-05   and   5.982E+04 	[ landmark_points ]
2021-08-10 14:04:50,665 - deformetrica.core.estimators.gradient_ascent - INFO - 		9.714E-05   and   1.871E+04 	[ momenta ]
2021-08-10 14:04:51,178 - deformetrica.core.estimators.gradient_ascent - INFO - ------------------------------------- Iteration: 75 -------------------------------------
2021-08-10 14:04:51,179 - deformetrica.core.estimators.gradient_ascent - INFO - >> Log-likelihood = -1.117E+06 	 [ attachment = -1.101E+06 ; regularity = -1.662E+04 ]
2021-08-10 14:04:51,836 - deformetrica.core.estimators.gradient_ascent - INFO - >> Step size and gradient norm: 
2021-08-10 14:04:51,838 - deformetrica.core.estimators.gradient_ascent - INFO - 		2.527E-05   and   1.016E+05 	[ landmark_points ]
2021-08-10 14:04:51,839 - deformetrica.core.estimators.gradient_ascent - INFO - 		1.457E-04   and   2.632E+04 	[ momenta ]
2021-08-10 14:04:52,998 - deformetrica.core.estimators.gradient_ascent - INFO - >> Step size and gradient norm: 
2021-08-10 14:04:52,999 - deformetrica.core.estimators.gradient_ascent - INFO - 		1.263E-05   and   1.016E+05 	[ landmark_points ]
2021-08-10 14:04:53,001 - deformetrica.core.estimators.gradient_ascent - INFO - 		7.286E-05   and   2.632E+04 	[ momenta ]
2021-08-10 14:04:53,389 - deformetrica.core.estimators.gradient_ascent - INFO - ------------------------------------- Iteration: 76 -------------------------------------
2021-08-10 14:04:53,390 - deformetrica.core.estimators.gradient_ascent - INFO - >> Log-likelihood = -1.104E+06 	 [ attachment = -1.087E+06 ; regularity = -1.674E+04 ]
2021-08-10 14:04:54,017 - deformetrica.core.estimators.gradient_ascent - INFO - >> Step size and gradient norm: 
2021-08-10 14:04:54,018 - deformetrica.core.estimators.gradient_ascent - INFO - 		1.895E-05   and   1.028E+05 	[ landmark_points ]
2021-08-10 14:04:54,019 - deformetrica.core.estimators.gradient_ascent - INFO - 		1.093E-04   and   2.649E+04 	[ momenta ]
2021-08-10 14:04:55,200 - deformetrica.core.estimators.gradient_ascent - INFO - ------------------------------------- Iteration: 77 -------------------------------------
2021-08-10 14:04:55,201 - deformetrica.core.estimators.gradient_ascent - INFO - >> Log-likelihood = -1.094E+06 	 [ attachment = -1.078E+06 ; regularity = -1.685E+04 ]
2021-08-10 14:04:55,834 - deformetrica.core.estimators.gradient_ascent - INFO - >> Step size and gradient norm: 
2021-08-10 14:04:55,836 - deformetrica.core.estimators.gradient_ascent - INFO - 		9.476E-06   and   1.160E+05 	[ landmark_points ]
2021-08-10 14:04:55,838 - deformetrica.core.estimators.gradient_ascent - INFO - 		1.093E-04   and   3.336E+04 	[ momenta ]
2021-08-10 14:04:56,974 - deformetrica.core.estimators.gradient_ascent - INFO - ------------------------------------- Iteration: 78 -------------------------------------
2021-08-10 14:04:56,975 - deformetrica.core.estimators.gradient_ascent - INFO - >> Log-likelihood = -1.058E+06 	 [ attachment = -1.041E+06 ; regularity = -1.693E+04 ]
2021-08-10 14:04:57,582 - deformetrica.core.estimators.gradient_ascent - INFO - >> Step size and gradient norm: 
2021-08-10 14:04:57,584 - deformetrica.core.estimators.gradient_ascent - INFO - 		9.476E-06   and   6.582E+04 	[ landmark_points ]
2021-08-10 14:04:57,586 - deformetrica.core.estimators.gradient_ascent - INFO - 		5.464E-05   and   1.895E+04 	[ momenta ]
2021-08-10 14:04:57,989 - deformetrica.core.estimators.gradient_ascent - INFO - ------------------------------------- Iteration: 79 -------------------------------------
2021-08-10 14:04:57,990 - deformetrica.core.estimators.gradient_ascent - INFO - >> Log-likelihood = -1.042E+06 	 [ attachment = -1.025E+06 ; regularity = -1.700E+04 ]
2021-08-10 14:04:58,626 - deformetrica.core.estimators.gradient_ascent - INFO - >> Step size and gradient norm: 
2021-08-10 14:04:58,628 - deformetrica.core.estimators.gradient_ascent - INFO - 		1.421E-05   and   3.607E+04 	[ landmark_points ]
2021-08-10 14:04:58,629 - deformetrica.core.estimators.gradient_ascent - INFO - 		8.196E-05   and   1.551E+04 	[ momenta ]
2021-08-10 14:04:59,018 - deformetrica.core.estimators.gradient_ascent - INFO - ------------------------------------- Iteration: 80 -------------------------------------
2021-08-10 14:04:59,020 - deformetrica.core.estimators.gradient_ascent - INFO - >> Log-likelihood = -1.025E+06 	 [ attachment = -1.008E+06 ; regularity = -1.712E+04 ]
2021-08-10 14:04:59,651 - deformetrica.core.estimators.gradient_ascent - INFO - >> Step size and gradient norm: 
2021-08-10 14:04:59,653 - deformetrica.core.estimators.gradient_ascent - INFO - 		2.132E-05   and   4.701E+04 	[ landmark_points ]
2021-08-10 14:04:59,654 - deformetrica.core.estimators.gradient_ascent - INFO - 		1.229E-04   and   1.602E+04 	[ momenta ]
2021-08-10 14:05:00,061 - deformetrica.core.estimators.gradient_ascent - INFO - ------------------------------------- Iteration: 81 -------------------------------------
2021-08-10 14:05:00,062 - deformetrica.core.estimators.gradient_ascent - INFO - >> Log-likelihood = -1.019E+06 	 [ attachment = -1.001E+06 ; regularity = -1.727E+04 ]
2021-08-10 14:05:00,684 - deformetrica.core.estimators.gradient_ascent - INFO - >> Step size and gradient norm: 
2021-08-10 14:05:00,685 - deformetrica.core.estimators.gradient_ascent - INFO - 		3.198E-05   and   1.088E+05 	[ landmark_points ]
2021-08-10 14:05:00,686 - deformetrica.core.estimators.gradient_ascent - INFO - 		1.844E-04   and   2.784E+04 	[ momenta ]
2021-08-10 14:05:01,837 - deformetrica.core.estimators.gradient_ascent - INFO - >> Step size and gradient norm: 
2021-08-10 14:05:01,838 - deformetrica.core.estimators.gradient_ascent - INFO - 		1.599E-05   and   1.088E+05 	[ landmark_points ]
2021-08-10 14:05:01,839 - deformetrica.core.estimators.gradient_ascent - INFO - 		9.221E-05   and   2.784E+04 	[ momenta ]
2021-08-10 14:05:02,984 - deformetrica.core.estimators.gradient_ascent - INFO - ------------------------------------- Iteration: 82 -------------------------------------
2021-08-10 14:05:02,985 - deformetrica.core.estimators.gradient_ascent - INFO - >> Log-likelihood = -9.974E+05 	 [ attachment = -9.800E+05 ; regularity = -1.741E+04 ]
2021-08-10 14:05:03,635 - deformetrica.core.estimators.gradient_ascent - INFO - >> Step size and gradient norm: 
2021-08-10 14:05:03,637 - deformetrica.core.estimators.gradient_ascent - INFO - 		7.995E-06   and   9.361E+04 	[ landmark_points ]
2021-08-10 14:05:03,638 - deformetrica.core.estimators.gradient_ascent - INFO - 		9.221E-05   and   2.734E+04 	[ momenta ]
2021-08-10 14:05:04,043 - deformetrica.core.estimators.gradient_ascent - INFO - ------------------------------------- Iteration: 83 -------------------------------------
2021-08-10 14:05:04,046 - deformetrica.core.estimators.gradient_ascent - INFO - >> Log-likelihood = -9.808E+05 	 [ attachment = -9.633E+05 ; regularity = -1.752E+04 ]
2021-08-10 14:05:04,679 - deformetrica.core.estimators.gradient_ascent - INFO - >> Step size and gradient norm: 
2021-08-10 14:05:04,680 - deformetrica.core.estimators.gradient_ascent - INFO - 		1.199E-05   and   8.581E+04 	[ landmark_points ]
2021-08-10 14:05:04,681 - deformetrica.core.estimators.gradient_ascent - INFO - 		1.383E-04   and   2.828E+04 	[ momenta ]
2021-08-10 14:05:05,799 - deformetrica.core.estimators.gradient_ascent - INFO - ------------------------------------- Iteration: 84 -------------------------------------
2021-08-10 14:05:05,800 - deformetrica.core.estimators.gradient_ascent - INFO - >> Log-likelihood = -9.640E+05 	 [ attachment = -9.464E+05 ; regularity = -1.761E+04 ]
2021-08-10 14:05:06,615 - deformetrica.core.estimators.gradient_ascent - INFO - >> Step size and gradient norm: 
2021-08-10 14:05:06,616 - deformetrica.core.estimators.gradient_ascent - INFO - 		1.199E-05   and   8.934E+04 	[ landmark_points ]
2021-08-10 14:05:06,622 - deformetrica.core.estimators.gradient_ascent - INFO - 		6.916E-05   and   2.444E+04 	[ momenta ]
2021-08-10 14:05:07,240 - deformetrica.core.estimators.gradient_ascent - INFO - ------------------------------------- Iteration: 85 -------------------------------------
2021-08-10 14:05:07,242 - deformetrica.core.estimators.gradient_ascent - INFO - >> Log-likelihood = -9.499E+05 	 [ attachment = -9.322E+05 ; regularity = -1.770E+04 ]
2021-08-10 14:05:08,202 - deformetrica.core.estimators.gradient_ascent - INFO - >> Step size and gradient norm: 
2021-08-10 14:05:08,203 - deformetrica.core.estimators.gradient_ascent - INFO - 		1.799E-05   and   8.667E+04 	[ landmark_points ]
2021-08-10 14:05:08,204 - deformetrica.core.estimators.gradient_ascent - INFO - 		1.037E-04   and   2.433E+04 	[ momenta ]
2021-08-10 14:05:09,630 - deformetrica.core.estimators.gradient_ascent - INFO - ------------------------------------- Iteration: 86 -------------------------------------
2021-08-10 14:05:09,632 - deformetrica.core.estimators.gradient_ascent - INFO - >> Log-likelihood = -9.402E+05 	 [ attachment = -9.223E+05 ; regularity = -1.784E+04 ]
2021-08-10 14:05:10,321 - deformetrica.core.estimators.gradient_ascent - INFO - >> Step size and gradient norm: 
2021-08-10 14:05:10,322 - deformetrica.core.estimators.gradient_ascent - INFO - 		8.995E-06   and   9.996E+04 	[ landmark_points ]
2021-08-10 14:05:10,323 - deformetrica.core.estimators.gradient_ascent - INFO - 		1.037E-04   and   2.906E+04 	[ momenta ]
2021-08-10 14:05:11,579 - deformetrica.core.estimators.gradient_ascent - INFO - ------------------------------------- Iteration: 87 -------------------------------------
2021-08-10 14:05:11,581 - deformetrica.core.estimators.gradient_ascent - INFO - >> Log-likelihood = -9.130E+05 	 [ attachment = -8.952E+05 ; regularity = -1.790E+04 ]
2021-08-10 14:05:12,339 - deformetrica.core.estimators.gradient_ascent - INFO - >> Step size and gradient norm: 
2021-08-10 14:05:12,342 - deformetrica.core.estimators.gradient_ascent - INFO - 		8.995E-06   and   5.628E+04 	[ landmark_points ]
2021-08-10 14:05:12,345 - deformetrica.core.estimators.gradient_ascent - INFO - 		5.187E-05   and   1.686E+04 	[ momenta ]
2021-08-10 14:05:12,766 - deformetrica.core.estimators.gradient_ascent - INFO - ------------------------------------- Iteration: 88 -------------------------------------
2021-08-10 14:05:12,767 - deformetrica.core.estimators.gradient_ascent - INFO - >> Log-likelihood = -9.033E+05 	 [ attachment = -8.853E+05 ; regularity = -1.796E+04 ]
2021-08-10 14:05:13,400 - deformetrica.core.estimators.gradient_ascent - INFO - >> Step size and gradient norm: 
2021-08-10 14:05:13,401 - deformetrica.core.estimators.gradient_ascent - INFO - 		1.349E-05   and   3.320E+04 	[ landmark_points ]
2021-08-10 14:05:13,403 - deformetrica.core.estimators.gradient_ascent - INFO - 		7.780E-05   and   1.247E+04 	[ momenta ]
2021-08-10 14:05:13,793 - deformetrica.core.estimators.gradient_ascent - INFO - ------------------------------------- Iteration: 89 -------------------------------------
2021-08-10 14:05:13,794 - deformetrica.core.estimators.gradient_ascent - INFO - >> Log-likelihood = -8.919E+05 	 [ attachment = -8.739E+05 ; regularity = -1.805E+04 ]
2021-08-10 14:05:14,440 - deformetrica.core.estimators.gradient_ascent - INFO - >> Step size and gradient norm: 
2021-08-10 14:05:14,441 - deformetrica.core.estimators.gradient_ascent - INFO - 		2.024E-05   and   4.111E+04 	[ landmark_points ]
2021-08-10 14:05:14,443 - deformetrica.core.estimators.gradient_ascent - INFO - 		1.167E-04   and   1.375E+04 	[ momenta ]
2021-08-10 14:05:14,858 - deformetrica.core.estimators.gradient_ascent - INFO - Tolerance threshold met. Stopping the optimization process.
2021-08-10 14:05:15,635 - root - INFO - >> Estimation took: 02 minutes and 25 seconds
