2021-08-03 14:26:50,083 - root - ERROR - Logger has been set to: INFO
2021-08-03 14:26:50,099 - root - INFO - OMP_NUM_THREADS was not found in environment variables. An automatic value will be set.
2021-08-03 14:26:50,103 - root - INFO - OMP_NUM_THREADS will be set to 2
2021-08-03 14:26:50,105 - root - INFO - >> No specified state-file. By default, Deformetrica state will by saved in file: output/deformetrica-state.p.
2021-08-03 14:26:50,112 - root - INFO - >> Removing the pre-existing state file with same path.
2021-08-03 14:26:50,137 - deformetrica.core.models.model_functions - INFO - >> Reading 200 initial control points from file images/mask_initial_control_points/mask_03_initial_control_points.txt.
2021-08-03 14:26:50,138 - deformetrica.core.models.model_functions - INFO - >> Momenta initialized to zero, for 5 subjects.
2021-08-03 14:26:50,140 - root - INFO - >> Started estimator: GradientAscent
2021-08-03 14:26:50,970 - deformetrica.core.estimators.gradient_ascent - INFO - ------------------------------------- Iteration: 0 -------------------------------------
2021-08-03 14:26:50,972 - deformetrica.core.estimators.gradient_ascent - INFO - >> Log-likelihood = -4.136E+06 	 [ attachment = -4.136E+06 ; regularity = 0.000E+00 ]
2021-08-03 14:26:50,974 - deformetrica.core.estimators.gradient_ascent - INFO - >> Step size and gradient norm: 
2021-08-03 14:26:50,976 - deformetrica.core.estimators.gradient_ascent - INFO - 		4.260E-06   and   2.348E+05 	[ landmark_points ]
2021-08-03 14:26:50,978 - deformetrica.core.estimators.gradient_ascent - INFO - 		1.215E-05   and   8.231E+04 	[ momenta ]
2021-08-03 14:26:51,504 - deformetrica.core.estimators.gradient_ascent - INFO - ------------------------------------- Iteration: 1 -------------------------------------
2021-08-03 14:26:51,506 - deformetrica.core.estimators.gradient_ascent - INFO - >> Log-likelihood = -4.014E+06 	 [ attachment = -4.014E+06 ; regularity = -1.820E+00 ]
2021-08-03 14:26:52,111 - deformetrica.core.estimators.gradient_ascent - INFO - >> Step size and gradient norm: 
2021-08-03 14:26:52,112 - deformetrica.core.estimators.gradient_ascent - INFO - 		6.390E-06   and   2.273E+05 	[ landmark_points ]
2021-08-03 14:26:52,113 - deformetrica.core.estimators.gradient_ascent - INFO - 		1.822E-05   and   8.061E+04 	[ momenta ]
2021-08-03 14:26:52,515 - deformetrica.core.estimators.gradient_ascent - INFO - ------------------------------------- Iteration: 2 -------------------------------------
2021-08-03 14:26:52,516 - deformetrica.core.estimators.gradient_ascent - INFO - >> Log-likelihood = -3.841E+06 	 [ attachment = -3.841E+06 ; regularity = -1.109E+01 ]
2021-08-03 14:26:53,234 - deformetrica.core.estimators.gradient_ascent - INFO - >> Step size and gradient norm: 
2021-08-03 14:26:53,235 - deformetrica.core.estimators.gradient_ascent - INFO - 		9.585E-06   and   2.163E+05 	[ landmark_points ]
2021-08-03 14:26:53,236 - deformetrica.core.estimators.gradient_ascent - INFO - 		2.733E-05   and   7.810E+04 	[ momenta ]
2021-08-03 14:26:53,636 - deformetrica.core.estimators.gradient_ascent - INFO - ------------------------------------- Iteration: 3 -------------------------------------
2021-08-03 14:26:53,638 - deformetrica.core.estimators.gradient_ascent - INFO - >> Log-likelihood = -3.600E+06 	 [ attachment = -3.600E+06 ; regularity = -3.849E+01 ]
2021-08-03 14:26:54,283 - deformetrica.core.estimators.gradient_ascent - INFO - >> Step size and gradient norm: 
2021-08-03 14:26:54,284 - deformetrica.core.estimators.gradient_ascent - INFO - 		1.438E-05   and   2.003E+05 	[ landmark_points ]
2021-08-03 14:26:54,286 - deformetrica.core.estimators.gradient_ascent - INFO - 		4.100E-05   and   7.444E+04 	[ momenta ]
2021-08-03 14:26:54,671 - deformetrica.core.estimators.gradient_ascent - INFO - ------------------------------------- Iteration: 4 -------------------------------------
2021-08-03 14:26:54,672 - deformetrica.core.estimators.gradient_ascent - INFO - >> Log-likelihood = -3.281E+06 	 [ attachment = -3.281E+06 ; regularity = -1.062E+02 ]
2021-08-03 14:26:55,291 - deformetrica.core.estimators.gradient_ascent - INFO - >> Step size and gradient norm: 
2021-08-03 14:26:55,293 - deformetrica.core.estimators.gradient_ascent - INFO - 		2.157E-05   and   1.778E+05 	[ landmark_points ]
2021-08-03 14:26:55,320 - deformetrica.core.estimators.gradient_ascent - INFO - 		6.150E-05   and   6.921E+04 	[ momenta ]
2021-08-03 14:26:55,757 - deformetrica.core.estimators.gradient_ascent - INFO - ------------------------------------- Iteration: 5 -------------------------------------
2021-08-03 14:26:55,758 - deformetrica.core.estimators.gradient_ascent - INFO - >> Log-likelihood = -2.883E+06 	 [ attachment = -2.883E+06 ; regularity = -2.559E+02 ]
2021-08-03 14:26:56,402 - deformetrica.core.estimators.gradient_ascent - INFO - >> Step size and gradient norm: 
2021-08-03 14:26:56,404 - deformetrica.core.estimators.gradient_ascent - INFO - 		3.235E-05   and   1.476E+05 	[ landmark_points ]
2021-08-03 14:26:56,406 - deformetrica.core.estimators.gradient_ascent - INFO - 		9.226E-05   and   6.205E+04 	[ momenta ]
2021-08-03 14:26:56,827 - deformetrica.core.estimators.gradient_ascent - INFO - ------------------------------------- Iteration: 6 -------------------------------------
2021-08-03 14:26:56,828 - deformetrica.core.estimators.gradient_ascent - INFO - >> Log-likelihood = -2.430E+06 	 [ attachment = -2.429E+06 ; regularity = -5.559E+02 ]
2021-08-03 14:26:57,426 - deformetrica.core.estimators.gradient_ascent - INFO - >> Step size and gradient norm: 
2021-08-03 14:26:57,428 - deformetrica.core.estimators.gradient_ascent - INFO - 		4.852E-05   and   1.110E+05 	[ landmark_points ]
2021-08-03 14:26:57,429 - deformetrica.core.estimators.gradient_ascent - INFO - 		1.384E-04   and   5.288E+04 	[ momenta ]
2021-08-03 14:26:57,832 - deformetrica.core.estimators.gradient_ascent - INFO - ------------------------------------- Iteration: 7 -------------------------------------
2021-08-03 14:26:57,834 - deformetrica.core.estimators.gradient_ascent - INFO - >> Log-likelihood = -1.972E+06 	 [ attachment = -1.970E+06 ; regularity = -1.094E+03 ]
2021-08-03 14:26:58,489 - deformetrica.core.estimators.gradient_ascent - INFO - >> Step size and gradient norm: 
2021-08-03 14:26:58,490 - deformetrica.core.estimators.gradient_ascent - INFO - 		7.278E-05   and   7.348E+04 	[ landmark_points ]
2021-08-03 14:26:58,491 - deformetrica.core.estimators.gradient_ascent - INFO - 		2.076E-04   and   4.231E+04 	[ momenta ]
2021-08-03 14:26:58,875 - deformetrica.core.estimators.gradient_ascent - INFO - ------------------------------------- Iteration: 8 -------------------------------------
2021-08-03 14:26:58,876 - deformetrica.core.estimators.gradient_ascent - INFO - >> Log-likelihood = -1.568E+06 	 [ attachment = -1.566E+06 ; regularity = -1.936E+03 ]
2021-08-03 14:26:59,472 - deformetrica.core.estimators.gradient_ascent - INFO - >> Step size and gradient norm: 
2021-08-03 14:26:59,473 - deformetrica.core.estimators.gradient_ascent - INFO - 		1.092E-04   and   4.344E+04 	[ landmark_points ]
2021-08-03 14:26:59,474 - deformetrica.core.estimators.gradient_ascent - INFO - 		3.114E-04   and   3.152E+04 	[ momenta ]
2021-08-03 14:26:59,857 - deformetrica.core.estimators.gradient_ascent - INFO - ------------------------------------- Iteration: 9 -------------------------------------
2021-08-03 14:26:59,858 - deformetrica.core.estimators.gradient_ascent - INFO - >> Log-likelihood = -1.262E+06 	 [ attachment = -1.259E+06 ; regularity = -3.045E+03 ]
2021-08-03 14:27:00,490 - deformetrica.core.estimators.gradient_ascent - INFO - >> Step size and gradient norm: 
2021-08-03 14:27:00,492 - deformetrica.core.estimators.gradient_ascent - INFO - 		1.638E-04   and   2.913E+04 	[ landmark_points ]
2021-08-03 14:27:00,523 - deformetrica.core.estimators.gradient_ascent - INFO - 		4.670E-04   and   2.214E+04 	[ momenta ]
2021-08-03 14:27:01,042 - deformetrica.core.estimators.gradient_ascent - INFO - ------------------------------------- Iteration: 10 -------------------------------------
2021-08-03 14:27:01,044 - deformetrica.core.estimators.gradient_ascent - INFO - >> Log-likelihood = -1.030E+06 	 [ attachment = -1.026E+06 ; regularity = -4.242E+03 ]
2021-08-03 14:27:01,691 - deformetrica.core.estimators.gradient_ascent - INFO - >> Step size and gradient norm: 
2021-08-03 14:27:01,692 - deformetrica.core.estimators.gradient_ascent - INFO - 		2.456E-04   and   2.372E+04 	[ landmark_points ]
2021-08-03 14:27:01,694 - deformetrica.core.estimators.gradient_ascent - INFO - 		7.006E-04   and   1.731E+04 	[ momenta ]
2021-08-03 14:27:02,087 - deformetrica.core.estimators.gradient_ascent - INFO - ------------------------------------- Iteration: 11 -------------------------------------
2021-08-03 14:27:02,088 - deformetrica.core.estimators.gradient_ascent - INFO - >> Log-likelihood = -8.298E+05 	 [ attachment = -8.242E+05 ; regularity = -5.597E+03 ]
2021-08-03 14:27:02,675 - deformetrica.core.estimators.gradient_ascent - INFO - >> Step size and gradient norm: 
2021-08-03 14:27:02,677 - deformetrica.core.estimators.gradient_ascent - INFO - 		3.685E-04   and   2.311E+04 	[ landmark_points ]
2021-08-03 14:27:02,679 - deformetrica.core.estimators.gradient_ascent - INFO - 		1.051E-03   and   1.381E+04 	[ momenta ]
2021-08-03 14:27:03,068 - deformetrica.core.estimators.gradient_ascent - INFO - ------------------------------------- Iteration: 12 -------------------------------------
2021-08-03 14:27:03,069 - deformetrica.core.estimators.gradient_ascent - INFO - >> Log-likelihood = -7.355E+05 	 [ attachment = -7.281E+05 ; regularity = -7.448E+03 ]
2021-08-03 14:27:03,700 - deformetrica.core.estimators.gradient_ascent - INFO - >> Step size and gradient norm: 
2021-08-03 14:27:03,702 - deformetrica.core.estimators.gradient_ascent - INFO - 		5.527E-04   and   5.551E+04 	[ landmark_points ]
2021-08-03 14:27:03,703 - deformetrica.core.estimators.gradient_ascent - INFO - 		1.576E-03   and   2.437E+04 	[ momenta ]
2021-08-03 14:27:04,860 - deformetrica.core.estimators.gradient_ascent - INFO - >> Step size and gradient norm: 
2021-08-03 14:27:04,862 - deformetrica.core.estimators.gradient_ascent - INFO - 		2.763E-04   and   5.551E+04 	[ landmark_points ]
2021-08-03 14:27:04,863 - deformetrica.core.estimators.gradient_ascent - INFO - 		7.881E-04   and   2.437E+04 	[ momenta ]
2021-08-03 14:27:05,990 - deformetrica.core.estimators.gradient_ascent - INFO - >> Step size and gradient norm: 
2021-08-03 14:27:05,992 - deformetrica.core.estimators.gradient_ascent - INFO - 		1.382E-04   and   5.551E+04 	[ landmark_points ]
2021-08-03 14:27:05,994 - deformetrica.core.estimators.gradient_ascent - INFO - 		3.941E-04   and   2.437E+04 	[ momenta ]
2021-08-03 14:27:06,443 - deformetrica.core.estimators.gradient_ascent - INFO - ------------------------------------- Iteration: 13 -------------------------------------
2021-08-03 14:27:06,445 - deformetrica.core.estimators.gradient_ascent - INFO - >> Log-likelihood = -6.552E+05 	 [ attachment = -6.476E+05 ; regularity = -7.643E+03 ]
2021-08-03 14:27:07,085 - deformetrica.core.estimators.gradient_ascent - INFO - >> Step size and gradient norm: 
2021-08-03 14:27:07,086 - deformetrica.core.estimators.gradient_ascent - INFO - 		2.073E-04   and   5.823E+04 	[ landmark_points ]
2021-08-03 14:27:07,088 - deformetrica.core.estimators.gradient_ascent - INFO - 		5.911E-04   and   2.023E+04 	[ momenta ]
2021-08-03 14:27:08,236 - deformetrica.core.estimators.gradient_ascent - INFO - >> Step size and gradient norm: 
2021-08-03 14:27:08,238 - deformetrica.core.estimators.gradient_ascent - INFO - 		1.036E-04   and   5.823E+04 	[ landmark_points ]
2021-08-03 14:27:08,239 - deformetrica.core.estimators.gradient_ascent - INFO - 		2.955E-04   and   2.023E+04 	[ momenta ]
2021-08-03 14:27:08,635 - deformetrica.core.estimators.gradient_ascent - INFO - ------------------------------------- Iteration: 14 -------------------------------------
2021-08-03 14:27:08,636 - deformetrica.core.estimators.gradient_ascent - INFO - >> Log-likelihood = -5.933E+05 	 [ attachment = -5.853E+05 ; regularity = -8.045E+03 ]
2021-08-03 14:27:09,232 - deformetrica.core.estimators.gradient_ascent - INFO - >> Step size and gradient norm: 
2021-08-03 14:27:09,234 - deformetrica.core.estimators.gradient_ascent - INFO - 		1.554E-04   and   4.282E+04 	[ landmark_points ]
2021-08-03 14:27:09,235 - deformetrica.core.estimators.gradient_ascent - INFO - 		4.433E-04   and   1.656E+04 	[ momenta ]
2021-08-03 14:27:10,482 - deformetrica.core.estimators.gradient_ascent - INFO - ------------------------------------- Iteration: 15 -------------------------------------
2021-08-03 14:27:10,483 - deformetrica.core.estimators.gradient_ascent - INFO - >> Log-likelihood = -5.784E+05 	 [ attachment = -5.702E+05 ; regularity = -8.203E+03 ]
2021-08-03 14:27:11,207 - deformetrica.core.estimators.gradient_ascent - INFO - >> Step size and gradient norm: 
2021-08-03 14:27:11,209 - deformetrica.core.estimators.gradient_ascent - INFO - 		1.554E-04   and   5.070E+04 	[ landmark_points ]
2021-08-03 14:27:11,238 - deformetrica.core.estimators.gradient_ascent - INFO - 		2.217E-04   and   1.857E+04 	[ momenta ]
2021-08-03 14:27:12,634 - deformetrica.core.estimators.gradient_ascent - INFO - ------------------------------------- Iteration: 16 -------------------------------------
2021-08-03 14:27:12,635 - deformetrica.core.estimators.gradient_ascent - INFO - >> Log-likelihood = -5.375E+05 	 [ attachment = -5.290E+05 ; regularity = -8.467E+03 ]
2021-08-03 14:27:13,278 - deformetrica.core.estimators.gradient_ascent - INFO - >> Step size and gradient norm: 
2021-08-03 14:27:13,280 - deformetrica.core.estimators.gradient_ascent - INFO - 		7.772E-05   and   3.236E+04 	[ landmark_points ]
2021-08-03 14:27:13,281 - deformetrica.core.estimators.gradient_ascent - INFO - 		2.217E-04   and   1.438E+04 	[ momenta ]
2021-08-03 14:27:13,701 - deformetrica.core.estimators.gradient_ascent - INFO - ------------------------------------- Iteration: 17 -------------------------------------
2021-08-03 14:27:13,702 - deformetrica.core.estimators.gradient_ascent - INFO - >> Log-likelihood = -5.122E+05 	 [ attachment = -5.036E+05 ; regularity = -8.626E+03 ]
2021-08-03 14:27:14,336 - deformetrica.core.estimators.gradient_ascent - INFO - >> Step size and gradient norm: 
2021-08-03 14:27:14,337 - deformetrica.core.estimators.gradient_ascent - INFO - 		1.166E-04   and   2.545E+04 	[ landmark_points ]
2021-08-03 14:27:14,339 - deformetrica.core.estimators.gradient_ascent - INFO - 		3.325E-04   and   1.161E+04 	[ momenta ]
2021-08-03 14:27:14,753 - deformetrica.core.estimators.gradient_ascent - INFO - ------------------------------------- Iteration: 18 -------------------------------------
2021-08-03 14:27:14,755 - deformetrica.core.estimators.gradient_ascent - INFO - >> Log-likelihood = -4.997E+05 	 [ attachment = -4.908E+05 ; regularity = -8.946E+03 ]
2021-08-03 14:27:15,432 - deformetrica.core.estimators.gradient_ascent - INFO - >> Step size and gradient norm: 
2021-08-03 14:27:15,434 - deformetrica.core.estimators.gradient_ascent - INFO - 		1.749E-04   and   4.001E+04 	[ landmark_points ]
2021-08-03 14:27:15,436 - deformetrica.core.estimators.gradient_ascent - INFO - 		4.987E-04   and   1.603E+04 	[ momenta ]
2021-08-03 14:27:16,589 - deformetrica.core.estimators.gradient_ascent - INFO - >> Step size and gradient norm: 
2021-08-03 14:27:16,590 - deformetrica.core.estimators.gradient_ascent - INFO - 		8.744E-05   and   4.001E+04 	[ landmark_points ]
2021-08-03 14:27:16,621 - deformetrica.core.estimators.gradient_ascent - INFO - 		2.494E-04   and   1.603E+04 	[ momenta ]
2021-08-03 14:27:17,134 - deformetrica.core.estimators.gradient_ascent - INFO - ------------------------------------- Iteration: 19 -------------------------------------
2021-08-03 14:27:17,136 - deformetrica.core.estimators.gradient_ascent - INFO - >> Log-likelihood = -4.825E+05 	 [ attachment = -4.733E+05 ; regularity = -9.118E+03 ]
2021-08-03 14:27:17,764 - deformetrica.core.estimators.gradient_ascent - INFO - >> Step size and gradient norm: 
2021-08-03 14:27:17,766 - deformetrica.core.estimators.gradient_ascent - INFO - 		1.312E-04   and   4.019E+04 	[ landmark_points ]
2021-08-03 14:27:17,767 - deformetrica.core.estimators.gradient_ascent - INFO - 		3.741E-04   and   1.579E+04 	[ momenta ]
2021-08-03 14:27:18,903 - deformetrica.core.estimators.gradient_ascent - INFO - ------------------------------------- Iteration: 20 -------------------------------------
2021-08-03 14:27:18,904 - deformetrica.core.estimators.gradient_ascent - INFO - >> Log-likelihood = -4.741E+05 	 [ attachment = -4.649E+05 ; regularity = -9.278E+03 ]
2021-08-03 14:27:19,509 - deformetrica.core.estimators.gradient_ascent - INFO - >> Step size and gradient norm: 
2021-08-03 14:27:19,511 - deformetrica.core.estimators.gradient_ascent - INFO - 		1.312E-04   and   4.686E+04 	[ landmark_points ]
2021-08-03 14:27:19,512 - deformetrica.core.estimators.gradient_ascent - INFO - 		1.870E-04   and   1.638E+04 	[ momenta ]
2021-08-03 14:27:20,071 - deformetrica.core.estimators.gradient_ascent - INFO - ------------------------------------- Iteration: 21 -------------------------------------
2021-08-03 14:27:20,072 - deformetrica.core.estimators.gradient_ascent - INFO - >> Log-likelihood = -4.685E+05 	 [ attachment = -4.591E+05 ; regularity = -9.403E+03 ]
2021-08-03 14:27:20,700 - deformetrica.core.estimators.gradient_ascent - INFO - >> Step size and gradient norm: 
2021-08-03 14:27:20,701 - deformetrica.core.estimators.gradient_ascent - INFO - 		1.967E-04   and   5.212E+04 	[ landmark_points ]
2021-08-03 14:27:20,702 - deformetrica.core.estimators.gradient_ascent - INFO - 		2.805E-04   and   1.788E+04 	[ momenta ]
2021-08-03 14:27:21,878 - deformetrica.core.estimators.gradient_ascent - INFO - >> Step size and gradient norm: 
2021-08-03 14:27:21,879 - deformetrica.core.estimators.gradient_ascent - INFO - 		9.837E-05   and   5.212E+04 	[ landmark_points ]
2021-08-03 14:27:21,881 - deformetrica.core.estimators.gradient_ascent - INFO - 		1.403E-04   and   1.788E+04 	[ momenta ]
2021-08-03 14:27:22,291 - deformetrica.core.estimators.gradient_ascent - INFO - ------------------------------------- Iteration: 22 -------------------------------------
2021-08-03 14:27:22,292 - deformetrica.core.estimators.gradient_ascent - INFO - >> Log-likelihood = -4.418E+05 	 [ attachment = -4.323E+05 ; regularity = -9.515E+03 ]
2021-08-03 14:27:23,015 - deformetrica.core.estimators.gradient_ascent - INFO - >> Step size and gradient norm: 
2021-08-03 14:27:23,016 - deformetrica.core.estimators.gradient_ascent - INFO - 		1.476E-04   and   3.188E+04 	[ landmark_points ]
2021-08-03 14:27:23,017 - deformetrica.core.estimators.gradient_ascent - INFO - 		2.104E-04   and   1.167E+04 	[ momenta ]
2021-08-03 14:27:24,222 - deformetrica.core.estimators.gradient_ascent - INFO - ------------------------------------- Iteration: 23 -------------------------------------
2021-08-03 14:27:24,224 - deformetrica.core.estimators.gradient_ascent - INFO - >> Log-likelihood = -4.277E+05 	 [ attachment = -4.180E+05 ; regularity = -9.653E+03 ]
2021-08-03 14:27:24,863 - deformetrica.core.estimators.gradient_ascent - INFO - >> Step size and gradient norm: 
2021-08-03 14:27:24,864 - deformetrica.core.estimators.gradient_ascent - INFO - 		7.378E-05   and   2.112E+04 	[ landmark_points ]
2021-08-03 14:27:24,866 - deformetrica.core.estimators.gradient_ascent - INFO - 		2.104E-04   and   9.448E+03 	[ momenta ]
2021-08-03 14:27:25,276 - deformetrica.core.estimators.gradient_ascent - INFO - ------------------------------------- Iteration: 24 -------------------------------------
2021-08-03 14:27:25,277 - deformetrica.core.estimators.gradient_ascent - INFO - >> Log-likelihood = -4.175E+05 	 [ attachment = -4.077E+05 ; regularity = -9.794E+03 ]
2021-08-03 14:27:25,896 - deformetrica.core.estimators.gradient_ascent - INFO - >> Step size and gradient norm: 
2021-08-03 14:27:25,897 - deformetrica.core.estimators.gradient_ascent - INFO - 		1.107E-04   and   1.624E+04 	[ landmark_points ]
2021-08-03 14:27:25,899 - deformetrica.core.estimators.gradient_ascent - INFO - 		3.156E-04   and   7.749E+03 	[ momenta ]
2021-08-03 14:27:26,333 - deformetrica.core.estimators.gradient_ascent - INFO - ------------------------------------- Iteration: 25 -------------------------------------
2021-08-03 14:27:26,334 - deformetrica.core.estimators.gradient_ascent - INFO - >> Log-likelihood = -4.112E+05 	 [ attachment = -4.013E+05 ; regularity = -9.991E+03 ]
2021-08-03 14:27:26,972 - deformetrica.core.estimators.gradient_ascent - INFO - >> Step size and gradient norm: 
2021-08-03 14:27:26,974 - deformetrica.core.estimators.gradient_ascent - INFO - 		1.660E-04   and   2.485E+04 	[ landmark_points ]
2021-08-03 14:27:27,002 - deformetrica.core.estimators.gradient_ascent - INFO - 		4.734E-04   and   1.028E+04 	[ momenta ]
2021-08-03 14:27:28,279 - deformetrica.core.estimators.gradient_ascent - INFO - >> Step size and gradient norm: 
2021-08-03 14:27:28,281 - deformetrica.core.estimators.gradient_ascent - INFO - 		8.300E-05   and   2.485E+04 	[ landmark_points ]
2021-08-03 14:27:28,283 - deformetrica.core.estimators.gradient_ascent - INFO - 		2.367E-04   and   1.028E+04 	[ momenta ]
2021-08-03 14:27:28,672 - deformetrica.core.estimators.gradient_ascent - INFO - ------------------------------------- Iteration: 26 -------------------------------------
2021-08-03 14:27:28,673 - deformetrica.core.estimators.gradient_ascent - INFO - >> Log-likelihood = -4.037E+05 	 [ attachment = -3.936E+05 ; regularity = -1.013E+04 ]
2021-08-03 14:27:29,291 - deformetrica.core.estimators.gradient_ascent - INFO - >> Step size and gradient norm: 
2021-08-03 14:27:29,292 - deformetrica.core.estimators.gradient_ascent - INFO - 		1.245E-04   and   2.414E+04 	[ landmark_points ]
2021-08-03 14:27:29,293 - deformetrica.core.estimators.gradient_ascent - INFO - 		3.551E-04   and   9.841E+03 	[ momenta ]
2021-08-03 14:27:30,470 - deformetrica.core.estimators.gradient_ascent - INFO - ------------------------------------- Iteration: 27 -------------------------------------
2021-08-03 14:27:30,471 - deformetrica.core.estimators.gradient_ascent - INFO - >> Log-likelihood = -3.986E+05 	 [ attachment = -3.884E+05 ; regularity = -1.023E+04 ]
2021-08-03 14:27:31,076 - deformetrica.core.estimators.gradient_ascent - INFO - >> Step size and gradient norm: 
2021-08-03 14:27:31,078 - deformetrica.core.estimators.gradient_ascent - INFO - 		1.245E-04   and   2.651E+04 	[ landmark_points ]
2021-08-03 14:27:31,079 - deformetrica.core.estimators.gradient_ascent - INFO - 		1.775E-04   and   9.888E+03 	[ momenta ]
2021-08-03 14:27:31,491 - deformetrica.core.estimators.gradient_ascent - INFO - ------------------------------------- Iteration: 28 -------------------------------------
2021-08-03 14:27:31,492 - deformetrica.core.estimators.gradient_ascent - INFO - >> Log-likelihood = -3.939E+05 	 [ attachment = -3.836E+05 ; regularity = -1.033E+04 ]
2021-08-03 14:27:32,107 - deformetrica.core.estimators.gradient_ascent - INFO - >> Step size and gradient norm: 
2021-08-03 14:27:32,108 - deformetrica.core.estimators.gradient_ascent - INFO - 		1.867E-04   and   2.821E+04 	[ landmark_points ]
2021-08-03 14:27:32,139 - deformetrica.core.estimators.gradient_ascent - INFO - 		2.663E-04   and   1.036E+04 	[ momenta ]
2021-08-03 14:27:33,421 - deformetrica.core.estimators.gradient_ascent - INFO - ------------------------------------- Iteration: 29 -------------------------------------
2021-08-03 14:27:33,422 - deformetrica.core.estimators.gradient_ascent - INFO - >> Log-likelihood = -3.898E+05 	 [ attachment = -3.793E+05 ; regularity = -1.047E+04 ]
2021-08-03 14:27:34,047 - deformetrica.core.estimators.gradient_ascent - INFO - >> Step size and gradient norm: 
2021-08-03 14:27:34,048 - deformetrica.core.estimators.gradient_ascent - INFO - 		9.337E-05   and   3.177E+04 	[ landmark_points ]
2021-08-03 14:27:34,050 - deformetrica.core.estimators.gradient_ascent - INFO - 		2.663E-04   and   1.223E+04 	[ momenta ]
2021-08-03 14:27:34,474 - deformetrica.core.estimators.gradient_ascent - INFO - ------------------------------------- Iteration: 30 -------------------------------------
2021-08-03 14:27:34,475 - deformetrica.core.estimators.gradient_ascent - INFO - >> Log-likelihood = -3.870E+05 	 [ attachment = -3.764E+05 ; regularity = -1.062E+04 ]
2021-08-03 14:27:35,334 - deformetrica.core.estimators.gradient_ascent - INFO - >> Step size and gradient norm: 
2021-08-03 14:27:35,338 - deformetrica.core.estimators.gradient_ascent - INFO - 		1.401E-04   and   3.765E+04 	[ landmark_points ]
2021-08-03 14:27:35,342 - deformetrica.core.estimators.gradient_ascent - INFO - 		3.994E-04   and   1.415E+04 	[ momenta ]
2021-08-03 14:27:37,370 - deformetrica.core.estimators.gradient_ascent - INFO - >> Step size and gradient norm: 
2021-08-03 14:27:37,371 - deformetrica.core.estimators.gradient_ascent - INFO - 		7.003E-05   and   3.765E+04 	[ landmark_points ]
2021-08-03 14:27:37,373 - deformetrica.core.estimators.gradient_ascent - INFO - 		1.997E-04   and   1.415E+04 	[ momenta ]
2021-08-03 14:27:37,864 - deformetrica.core.estimators.gradient_ascent - INFO - ------------------------------------- Iteration: 31 -------------------------------------
2021-08-03 14:27:37,865 - deformetrica.core.estimators.gradient_ascent - INFO - >> Log-likelihood = -3.710E+05 	 [ attachment = -3.603E+05 ; regularity = -1.071E+04 ]
2021-08-03 14:27:38,487 - deformetrica.core.estimators.gradient_ascent - INFO - >> Step size and gradient norm: 
2021-08-03 14:27:38,488 - deformetrica.core.estimators.gradient_ascent - INFO - 		1.050E-04   and   2.400E+04 	[ landmark_points ]
2021-08-03 14:27:38,490 - deformetrica.core.estimators.gradient_ascent - INFO - 		2.996E-04   and   1.002E+04 	[ momenta ]
2021-08-03 14:27:39,009 - deformetrica.core.estimators.gradient_ascent - INFO - ------------------------------------- Iteration: 32 -------------------------------------
2021-08-03 14:27:39,010 - deformetrica.core.estimators.gradient_ascent - INFO - >> Log-likelihood = -3.695E+05 	 [ attachment = -3.586E+05 ; regularity = -1.087E+04 ]
2021-08-03 14:27:39,647 - deformetrica.core.estimators.gradient_ascent - INFO - >> Step size and gradient norm: 
2021-08-03 14:27:39,649 - deformetrica.core.estimators.gradient_ascent - INFO - 		1.576E-04   and   3.514E+04 	[ landmark_points ]
2021-08-03 14:27:39,650 - deformetrica.core.estimators.gradient_ascent - INFO - 		4.494E-04   and   1.348E+04 	[ momenta ]
2021-08-03 14:27:41,165 - deformetrica.core.estimators.gradient_ascent - INFO - >> Step size and gradient norm: 
2021-08-03 14:27:41,166 - deformetrica.core.estimators.gradient_ascent - INFO - 		7.878E-05   and   3.514E+04 	[ landmark_points ]
2021-08-03 14:27:41,168 - deformetrica.core.estimators.gradient_ascent - INFO - 		2.247E-04   and   1.348E+04 	[ momenta ]
2021-08-03 14:27:41,689 - deformetrica.core.estimators.gradient_ascent - INFO - ------------------------------------- Iteration: 33 -------------------------------------
2021-08-03 14:27:41,694 - deformetrica.core.estimators.gradient_ascent - INFO - >> Log-likelihood = -3.576E+05 	 [ attachment = -3.466E+05 ; regularity = -1.098E+04 ]
2021-08-03 14:27:42,374 - deformetrica.core.estimators.gradient_ascent - INFO - >> Step size and gradient norm: 
2021-08-03 14:27:42,376 - deformetrica.core.estimators.gradient_ascent - INFO - 		1.182E-04   and   2.966E+04 	[ landmark_points ]
2021-08-03 14:27:42,378 - deformetrica.core.estimators.gradient_ascent - INFO - 		3.370E-04   and   1.176E+04 	[ momenta ]
2021-08-03 14:27:43,855 - deformetrica.core.estimators.gradient_ascent - INFO - ------------------------------------- Iteration: 34 -------------------------------------
2021-08-03 14:27:43,856 - deformetrica.core.estimators.gradient_ascent - INFO - >> Log-likelihood = -3.504E+05 	 [ attachment = -3.393E+05 ; regularity = -1.106E+04 ]
2021-08-03 14:27:44,495 - deformetrica.core.estimators.gradient_ascent - INFO - >> Step size and gradient norm: 
2021-08-03 14:27:44,496 - deformetrica.core.estimators.gradient_ascent - INFO - 		1.182E-04   and   2.953E+04 	[ landmark_points ]
2021-08-03 14:27:44,498 - deformetrica.core.estimators.gradient_ascent - INFO - 		1.685E-04   and   1.064E+04 	[ momenta ]
2021-08-03 14:27:44,956 - deformetrica.core.estimators.gradient_ascent - INFO - ------------------------------------- Iteration: 35 -------------------------------------
2021-08-03 14:27:44,957 - deformetrica.core.estimators.gradient_ascent - INFO - >> Log-likelihood = -3.441E+05 	 [ attachment = -3.329E+05 ; regularity = -1.114E+04 ]
2021-08-03 14:27:45,569 - deformetrica.core.estimators.gradient_ascent - INFO - >> Step size and gradient norm: 
2021-08-03 14:27:45,570 - deformetrica.core.estimators.gradient_ascent - INFO - 		1.773E-04   and   2.803E+04 	[ landmark_points ]
2021-08-03 14:27:45,572 - deformetrica.core.estimators.gradient_ascent - INFO - 		2.528E-04   and   1.034E+04 	[ momenta ]
2021-08-03 14:27:46,802 - deformetrica.core.estimators.gradient_ascent - INFO - ------------------------------------- Iteration: 36 -------------------------------------
2021-08-03 14:27:46,803 - deformetrica.core.estimators.gradient_ascent - INFO - >> Log-likelihood = -3.390E+05 	 [ attachment = -3.278E+05 ; regularity = -1.126E+04 ]
2021-08-03 14:27:47,787 - deformetrica.core.estimators.gradient_ascent - INFO - >> Step size and gradient norm: 
2021-08-03 14:27:47,791 - deformetrica.core.estimators.gradient_ascent - INFO - 		8.863E-05   and   2.910E+04 	[ landmark_points ]
2021-08-03 14:27:47,820 - deformetrica.core.estimators.gradient_ascent - INFO - 		2.528E-04   and   1.101E+04 	[ momenta ]
2021-08-03 14:27:48,476 - deformetrica.core.estimators.gradient_ascent - INFO - ------------------------------------- Iteration: 37 -------------------------------------
2021-08-03 14:27:48,477 - deformetrica.core.estimators.gradient_ascent - INFO - >> Log-likelihood = -3.351E+05 	 [ attachment = -3.238E+05 ; regularity = -1.136E+04 ]
2021-08-03 14:27:49,224 - deformetrica.core.estimators.gradient_ascent - INFO - >> Step size and gradient norm: 
2021-08-03 14:27:49,226 - deformetrica.core.estimators.gradient_ascent - INFO - 		1.329E-04   and   3.120E+04 	[ landmark_points ]
2021-08-03 14:27:49,227 - deformetrica.core.estimators.gradient_ascent - INFO - 		3.792E-04   and   1.178E+04 	[ momenta ]
2021-08-03 14:27:50,562 - deformetrica.core.estimators.gradient_ascent - INFO - >> Step size and gradient norm: 
2021-08-03 14:27:50,564 - deformetrica.core.estimators.gradient_ascent - INFO - 		6.647E-05   and   3.120E+04 	[ landmark_points ]
2021-08-03 14:27:50,566 - deformetrica.core.estimators.gradient_ascent - INFO - 		1.896E-04   and   1.178E+04 	[ momenta ]
2021-08-03 14:27:50,989 - deformetrica.core.estimators.gradient_ascent - INFO - ------------------------------------- Iteration: 38 -------------------------------------
2021-08-03 14:27:50,990 - deformetrica.core.estimators.gradient_ascent - INFO - >> Log-likelihood = -3.232E+05 	 [ attachment = -3.118E+05 ; regularity = -1.144E+04 ]
2021-08-03 14:27:51,787 - deformetrica.core.estimators.gradient_ascent - INFO - >> Step size and gradient norm: 
2021-08-03 14:27:51,790 - deformetrica.core.estimators.gradient_ascent - INFO - 		9.971E-05   and   1.805E+04 	[ landmark_points ]
2021-08-03 14:27:51,792 - deformetrica.core.estimators.gradient_ascent - INFO - 		2.844E-04   and   7.406E+03 	[ momenta ]
2021-08-03 14:27:52,274 - deformetrica.core.estimators.gradient_ascent - INFO - ------------------------------------- Iteration: 39 -------------------------------------
2021-08-03 14:27:52,276 - deformetrica.core.estimators.gradient_ascent - INFO - >> Log-likelihood = -3.214E+05 	 [ attachment = -3.099E+05 ; regularity = -1.155E+04 ]
2021-08-03 14:27:53,172 - deformetrica.core.estimators.gradient_ascent - INFO - >> Step size and gradient norm: 
2021-08-03 14:27:53,174 - deformetrica.core.estimators.gradient_ascent - INFO - 		1.496E-04   and   2.431E+04 	[ landmark_points ]
2021-08-03 14:27:53,201 - deformetrica.core.estimators.gradient_ascent - INFO - 		4.266E-04   and   9.380E+03 	[ momenta ]
2021-08-03 14:27:54,630 - deformetrica.core.estimators.gradient_ascent - INFO - >> Step size and gradient norm: 
2021-08-03 14:27:54,632 - deformetrica.core.estimators.gradient_ascent - INFO - 		7.478E-05   and   2.431E+04 	[ landmark_points ]
2021-08-03 14:27:54,633 - deformetrica.core.estimators.gradient_ascent - INFO - 		2.133E-04   and   9.380E+03 	[ momenta ]
2021-08-03 14:27:55,100 - deformetrica.core.estimators.gradient_ascent - INFO - ------------------------------------- Iteration: 40 -------------------------------------
2021-08-03 14:27:55,102 - deformetrica.core.estimators.gradient_ascent - INFO - >> Log-likelihood = -3.157E+05 	 [ attachment = -3.041E+05 ; regularity = -1.162E+04 ]
2021-08-03 14:27:55,822 - deformetrica.core.estimators.gradient_ascent - INFO - >> Step size and gradient norm: 
2021-08-03 14:27:55,823 - deformetrica.core.estimators.gradient_ascent - INFO - 		1.122E-04   and   1.908E+04 	[ landmark_points ]
2021-08-03 14:27:55,824 - deformetrica.core.estimators.gradient_ascent - INFO - 		3.199E-04   and   7.523E+03 	[ momenta ]
2021-08-03 14:27:57,225 - deformetrica.core.estimators.gradient_ascent - INFO - ------------------------------------- Iteration: 41 -------------------------------------
2021-08-03 14:27:57,227 - deformetrica.core.estimators.gradient_ascent - INFO - >> Log-likelihood = -3.120E+05 	 [ attachment = -3.004E+05 ; regularity = -1.167E+04 ]
2021-08-03 14:27:57,977 - deformetrica.core.estimators.gradient_ascent - INFO - >> Step size and gradient norm: 
2021-08-03 14:27:57,980 - deformetrica.core.estimators.gradient_ascent - INFO - 		1.122E-04   and   1.800E+04 	[ landmark_points ]
2021-08-03 14:27:57,982 - deformetrica.core.estimators.gradient_ascent - INFO - 		1.600E-04   and   6.584E+03 	[ momenta ]
2021-08-03 14:27:58,490 - deformetrica.core.estimators.gradient_ascent - INFO - ------------------------------------- Iteration: 42 -------------------------------------
2021-08-03 14:27:58,492 - deformetrica.core.estimators.gradient_ascent - INFO - >> Log-likelihood = -3.091E+05 	 [ attachment = -2.974E+05 ; regularity = -1.173E+04 ]
2021-08-03 14:27:59,386 - deformetrica.core.estimators.gradient_ascent - INFO - >> Step size and gradient norm: 
2021-08-03 14:27:59,387 - deformetrica.core.estimators.gradient_ascent - INFO - 		1.683E-04   and   1.650E+04 	[ landmark_points ]
2021-08-03 14:27:59,389 - deformetrica.core.estimators.gradient_ascent - INFO - 		2.399E-04   and   6.119E+03 	[ momenta ]
2021-08-03 14:28:01,057 - deformetrica.core.estimators.gradient_ascent - INFO - ------------------------------------- Iteration: 43 -------------------------------------
2021-08-03 14:28:01,059 - deformetrica.core.estimators.gradient_ascent - INFO - >> Log-likelihood = -3.063E+05 	 [ attachment = -2.945E+05 ; regularity = -1.181E+04 ]
2021-08-03 14:28:02,724 - deformetrica.core.estimators.gradient_ascent - INFO - >> Step size and gradient norm: 
2021-08-03 14:28:02,728 - deformetrica.core.estimators.gradient_ascent - INFO - 		8.413E-05   and   1.607E+04 	[ landmark_points ]
2021-08-03 14:28:02,730 - deformetrica.core.estimators.gradient_ascent - INFO - 		2.399E-04   and   6.341E+03 	[ momenta ]
2021-08-03 14:28:03,298 - deformetrica.core.estimators.gradient_ascent - INFO - ------------------------------------- Iteration: 44 -------------------------------------
2021-08-03 14:28:03,299 - deformetrica.core.estimators.gradient_ascent - INFO - >> Log-likelihood = -3.035E+05 	 [ attachment = -2.916E+05 ; regularity = -1.188E+04 ]
2021-08-03 14:28:04,110 - deformetrica.core.estimators.gradient_ascent - INFO - >> Step size and gradient norm: 
2021-08-03 14:28:04,113 - deformetrica.core.estimators.gradient_ascent - INFO - 		1.262E-04   and   1.649E+04 	[ landmark_points ]
2021-08-03 14:28:04,114 - deformetrica.core.estimators.gradient_ascent - INFO - 		3.599E-04   and   6.365E+03 	[ momenta ]
2021-08-03 14:28:06,040 - deformetrica.core.estimators.gradient_ascent - INFO - Tolerance threshold met. Stopping the optimization process.
2021-08-03 14:28:07,259 - root - INFO - >> Estimation took: 01 minutes and 15 seconds
