2021-07-25 17:33:15,036 - root - ERROR - Logger has been set to: INFO
2021-07-25 17:33:15,048 - root - INFO - OMP_NUM_THREADS was not found in environment variables. An automatic value will be set.
2021-07-25 17:33:15,053 - root - INFO - OMP_NUM_THREADS will be set to 2
2021-07-25 17:33:15,054 - root - INFO - >> No specified state-file. By default, Deformetrica state will by saved in file: output/deformetrica-state.p.
2021-07-25 17:33:15,056 - root - INFO - >> Removing the pre-existing state file with same path.
2021-07-25 17:33:15,093 - deformetrica.core.models.model_functions - INFO - >> Reading 200 initial control points from file images/mask_initial_control_points/mask_03_initial_control_points.txt.
2021-07-25 17:33:15,094 - deformetrica.core.models.model_functions - INFO - >> Momenta initialized to zero, for 5 subjects.
2021-07-25 17:33:15,098 - root - INFO - >> Started estimator: GradientAscent
2021-07-25 17:33:15,917 - deformetrica.core.estimators.gradient_ascent - INFO - ------------------------------------- Iteration: 0 -------------------------------------
2021-07-25 17:33:15,919 - deformetrica.core.estimators.gradient_ascent - INFO - >> Log-likelihood = -7.236E+05 	 [ attachment = -7.236E+05 ; regularity = 0.000E+00 ]
2021-07-25 17:33:15,920 - deformetrica.core.estimators.gradient_ascent - INFO - >> Step size and gradient norm: 
2021-07-25 17:33:15,923 - deformetrica.core.estimators.gradient_ascent - INFO - 		2.627E-05   and   3.807E+04 	[ landmark_points ]
2021-07-25 17:33:15,925 - deformetrica.core.estimators.gradient_ascent - INFO - 		7.573E-05   and   1.320E+04 	[ momenta ]
2021-07-25 17:33:16,398 - deformetrica.core.estimators.gradient_ascent - INFO - ------------------------------------- Iteration: 1 -------------------------------------
2021-07-25 17:33:16,400 - deformetrica.core.estimators.gradient_ascent - INFO - >> Log-likelihood = -7.036E+05 	 [ attachment = -7.036E+05 ; regularity = -1.777E+00 ]
2021-07-25 17:33:17,185 - deformetrica.core.estimators.gradient_ascent - INFO - >> Step size and gradient norm: 
2021-07-25 17:33:17,186 - deformetrica.core.estimators.gradient_ascent - INFO - 		3.940E-05   and   3.690E+04 	[ landmark_points ]
2021-07-25 17:33:17,188 - deformetrica.core.estimators.gradient_ascent - INFO - 		1.136E-04   and   1.295E+04 	[ momenta ]
2021-07-25 17:33:17,637 - deformetrica.core.estimators.gradient_ascent - INFO - ------------------------------------- Iteration: 2 -------------------------------------
2021-07-25 17:33:17,639 - deformetrica.core.estimators.gradient_ascent - INFO - >> Log-likelihood = -6.753E+05 	 [ attachment = -6.753E+05 ; regularity = -1.084E+01 ]
2021-07-25 17:33:18,330 - deformetrica.core.estimators.gradient_ascent - INFO - >> Step size and gradient norm: 
2021-07-25 17:33:18,332 - deformetrica.core.estimators.gradient_ascent - INFO - 		5.910E-05   and   3.518E+04 	[ landmark_points ]
2021-07-25 17:33:18,333 - deformetrica.core.estimators.gradient_ascent - INFO - 		1.704E-04   and   1.256E+04 	[ momenta ]
2021-07-25 17:33:18,763 - deformetrica.core.estimators.gradient_ascent - INFO - ------------------------------------- Iteration: 3 -------------------------------------
2021-07-25 17:33:18,764 - deformetrica.core.estimators.gradient_ascent - INFO - >> Log-likelihood = -6.359E+05 	 [ attachment = -6.358E+05 ; regularity = -3.774E+01 ]
2021-07-25 17:33:19,479 - deformetrica.core.estimators.gradient_ascent - INFO - >> Step size and gradient norm: 
2021-07-25 17:33:19,480 - deformetrica.core.estimators.gradient_ascent - INFO - 		8.865E-05   and   3.266E+04 	[ landmark_points ]
2021-07-25 17:33:19,482 - deformetrica.core.estimators.gradient_ascent - INFO - 		2.556E-04   and   1.200E+04 	[ momenta ]
2021-07-25 17:33:19,917 - deformetrica.core.estimators.gradient_ascent - INFO - ------------------------------------- Iteration: 4 -------------------------------------
2021-07-25 17:33:19,918 - deformetrica.core.estimators.gradient_ascent - INFO - >> Log-likelihood = -5.834E+05 	 [ attachment = -5.833E+05 ; regularity = -1.045E+02 ]
2021-07-25 17:33:20,638 - deformetrica.core.estimators.gradient_ascent - INFO - >> Step size and gradient norm: 
2021-07-25 17:33:20,639 - deformetrica.core.estimators.gradient_ascent - INFO - 		1.330E-04   and   2.909E+04 	[ landmark_points ]
2021-07-25 17:33:20,641 - deformetrica.core.estimators.gradient_ascent - INFO - 		3.834E-04   and   1.120E+04 	[ momenta ]
2021-07-25 17:33:21,060 - deformetrica.core.estimators.gradient_ascent - INFO - ------------------------------------- Iteration: 5 -------------------------------------
2021-07-25 17:33:21,061 - deformetrica.core.estimators.gradient_ascent - INFO - >> Log-likelihood = -5.177E+05 	 [ attachment = -5.174E+05 ; regularity = -2.534E+02 ]
2021-07-25 17:33:21,950 - deformetrica.core.estimators.gradient_ascent - INFO - >> Step size and gradient norm: 
2021-07-25 17:33:21,952 - deformetrica.core.estimators.gradient_ascent - INFO - 		1.995E-04   and   2.424E+04 	[ landmark_points ]
2021-07-25 17:33:21,953 - deformetrica.core.estimators.gradient_ascent - INFO - 		5.751E-04   and   1.008E+04 	[ momenta ]
2021-07-25 17:33:22,393 - deformetrica.core.estimators.gradient_ascent - INFO - ------------------------------------- Iteration: 6 -------------------------------------
2021-07-25 17:33:22,394 - deformetrica.core.estimators.gradient_ascent - INFO - >> Log-likelihood = -4.423E+05 	 [ attachment = -4.418E+05 ; regularity = -5.548E+02 ]
2021-07-25 17:33:23,092 - deformetrica.core.estimators.gradient_ascent - INFO - >> Step size and gradient norm: 
2021-07-25 17:33:23,093 - deformetrica.core.estimators.gradient_ascent - INFO - 		2.992E-04   and   1.827E+04 	[ landmark_points ]
2021-07-25 17:33:23,094 - deformetrica.core.estimators.gradient_ascent - INFO - 		8.627E-04   and   8.623E+03 	[ momenta ]
2021-07-25 17:33:23,533 - deformetrica.core.estimators.gradient_ascent - INFO - ------------------------------------- Iteration: 7 -------------------------------------
2021-07-25 17:33:23,534 - deformetrica.core.estimators.gradient_ascent - INFO - >> Log-likelihood = -3.657E+05 	 [ attachment = -3.646E+05 ; regularity = -1.103E+03 ]
2021-07-25 17:33:24,249 - deformetrica.core.estimators.gradient_ascent - INFO - >> Step size and gradient norm: 
2021-07-25 17:33:24,251 - deformetrica.core.estimators.gradient_ascent - INFO - 		4.488E-04   and   1.208E+04 	[ landmark_points ]
2021-07-25 17:33:24,253 - deformetrica.core.estimators.gradient_ascent - INFO - 		1.294E-03   and   6.910E+03 	[ momenta ]
2021-07-25 17:33:24,750 - deformetrica.core.estimators.gradient_ascent - INFO - ------------------------------------- Iteration: 8 -------------------------------------
2021-07-25 17:33:24,752 - deformetrica.core.estimators.gradient_ascent - INFO - >> Log-likelihood = -2.980E+05 	 [ attachment = -2.961E+05 ; regularity = -1.974E+03 ]
2021-07-25 17:33:25,434 - deformetrica.core.estimators.gradient_ascent - INFO - >> Step size and gradient norm: 
2021-07-25 17:33:25,435 - deformetrica.core.estimators.gradient_ascent - INFO - 		6.732E-04   and   7.303E+03 	[ landmark_points ]
2021-07-25 17:33:25,437 - deformetrica.core.estimators.gradient_ascent - INFO - 		1.941E-03   and   5.137E+03 	[ momenta ]
2021-07-25 17:33:25,888 - deformetrica.core.estimators.gradient_ascent - INFO - ------------------------------------- Iteration: 9 -------------------------------------
2021-07-25 17:33:25,889 - deformetrica.core.estimators.gradient_ascent - INFO - >> Log-likelihood = -2.463E+05 	 [ attachment = -2.432E+05 ; regularity = -3.137E+03 ]
2021-07-25 17:33:26,886 - deformetrica.core.estimators.gradient_ascent - INFO - >> Step size and gradient norm: 
2021-07-25 17:33:26,888 - deformetrica.core.estimators.gradient_ascent - INFO - 		1.010E-03   and   4.836E+03 	[ landmark_points ]
2021-07-25 17:33:26,890 - deformetrica.core.estimators.gradient_ascent - INFO - 		2.911E-03   and   3.491E+03 	[ momenta ]
2021-07-25 17:33:27,332 - deformetrica.core.estimators.gradient_ascent - INFO - ------------------------------------- Iteration: 10 -------------------------------------
2021-07-25 17:33:27,333 - deformetrica.core.estimators.gradient_ascent - INFO - >> Log-likelihood = -2.105E+05 	 [ attachment = -2.061E+05 ; regularity = -4.376E+03 ]
2021-07-25 17:33:28,006 - deformetrica.core.estimators.gradient_ascent - INFO - >> Step size and gradient norm: 
2021-07-25 17:33:28,008 - deformetrica.core.estimators.gradient_ascent - INFO - 		1.515E-03   and   3.974E+03 	[ landmark_points ]
2021-07-25 17:33:28,010 - deformetrica.core.estimators.gradient_ascent - INFO - 		4.367E-03   and   2.425E+03 	[ momenta ]
2021-07-25 17:33:28,489 - deformetrica.core.estimators.gradient_ascent - INFO - ------------------------------------- Iteration: 11 -------------------------------------
2021-07-25 17:33:28,491 - deformetrica.core.estimators.gradient_ascent - INFO - >> Log-likelihood = -1.832E+05 	 [ attachment = -1.776E+05 ; regularity = -5.512E+03 ]
2021-07-25 17:33:29,252 - deformetrica.core.estimators.gradient_ascent - INFO - >> Step size and gradient norm: 
2021-07-25 17:33:29,253 - deformetrica.core.estimators.gradient_ascent - INFO - 		2.272E-03   and   4.067E+03 	[ landmark_points ]
2021-07-25 17:33:29,255 - deformetrica.core.estimators.gradient_ascent - INFO - 		6.551E-03   and   2.179E+03 	[ momenta ]
2021-07-25 17:33:29,722 - deformetrica.core.estimators.gradient_ascent - INFO - ------------------------------------- Iteration: 12 -------------------------------------
2021-07-25 17:33:29,723 - deformetrica.core.estimators.gradient_ascent - INFO - >> Log-likelihood = -1.804E+05 	 [ attachment = -1.732E+05 ; regularity = -7.184E+03 ]
2021-07-25 17:33:30,416 - deformetrica.core.estimators.gradient_ascent - INFO - >> Step size and gradient norm: 
2021-07-25 17:33:30,417 - deformetrica.core.estimators.gradient_ascent - INFO - 		3.408E-03   and   9.638E+03 	[ landmark_points ]
2021-07-25 17:33:30,419 - deformetrica.core.estimators.gradient_ascent - INFO - 		9.826E-03   and   4.515E+03 	[ momenta ]
2021-07-25 17:33:31,681 - deformetrica.core.estimators.gradient_ascent - INFO - >> Step size and gradient norm: 
2021-07-25 17:33:31,682 - deformetrica.core.estimators.gradient_ascent - INFO - 		1.704E-03   and   9.638E+03 	[ landmark_points ]
2021-07-25 17:33:31,684 - deformetrica.core.estimators.gradient_ascent - INFO - 		4.913E-03   and   4.515E+03 	[ momenta ]
2021-07-25 17:33:32,913 - deformetrica.core.estimators.gradient_ascent - INFO - ------------------------------------- Iteration: 13 -------------------------------------
2021-07-25 17:33:32,915 - deformetrica.core.estimators.gradient_ascent - INFO - >> Log-likelihood = -1.803E+05 	 [ attachment = -1.723E+05 ; regularity = -7.947E+03 ]
2021-07-25 17:33:33,595 - deformetrica.core.estimators.gradient_ascent - INFO - >> Step size and gradient norm: 
2021-07-25 17:33:33,597 - deformetrica.core.estimators.gradient_ascent - INFO - 		8.520E-04   and   1.095E+04 	[ landmark_points ]
2021-07-25 17:33:33,599 - deformetrica.core.estimators.gradient_ascent - INFO - 		4.913E-03   and   4.995E+03 	[ momenta ]
2021-07-25 17:33:34,911 - deformetrica.core.estimators.gradient_ascent - INFO - ------------------------------------- Iteration: 14 -------------------------------------
2021-07-25 17:33:34,912 - deformetrica.core.estimators.gradient_ascent - INFO - >> Log-likelihood = -1.641E+05 	 [ attachment = -1.560E+05 ; regularity = -8.102E+03 ]
2021-07-25 17:33:35,635 - deformetrica.core.estimators.gradient_ascent - INFO - >> Step size and gradient norm: 
2021-07-25 17:33:35,636 - deformetrica.core.estimators.gradient_ascent - INFO - 		8.520E-04   and   7.677E+03 	[ landmark_points ]
2021-07-25 17:33:35,637 - deformetrica.core.estimators.gradient_ascent - INFO - 		2.457E-03   and   4.658E+03 	[ momenta ]
2021-07-25 17:33:36,122 - deformetrica.core.estimators.gradient_ascent - INFO - ------------------------------------- Iteration: 15 -------------------------------------
2021-07-25 17:33:36,123 - deformetrica.core.estimators.gradient_ascent - INFO - >> Log-likelihood = -1.503E+05 	 [ attachment = -1.418E+05 ; regularity = -8.538E+03 ]
2021-07-25 17:33:36,862 - deformetrica.core.estimators.gradient_ascent - INFO - >> Step size and gradient norm: 
2021-07-25 17:33:36,863 - deformetrica.core.estimators.gradient_ascent - INFO - 		1.278E-03   and   7.858E+03 	[ landmark_points ]
2021-07-25 17:33:36,892 - deformetrica.core.estimators.gradient_ascent - INFO - 		3.685E-03   and   4.284E+03 	[ momenta ]
2021-07-25 17:33:38,198 - deformetrica.core.estimators.gradient_ascent - INFO - ------------------------------------- Iteration: 16 -------------------------------------
2021-07-25 17:33:38,199 - deformetrica.core.estimators.gradient_ascent - INFO - >> Log-likelihood = -1.484E+05 	 [ attachment = -1.397E+05 ; regularity = -8.691E+03 ]
2021-07-25 17:33:38,982 - deformetrica.core.estimators.gradient_ascent - INFO - >> Step size and gradient norm: 
2021-07-25 17:33:38,984 - deformetrica.core.estimators.gradient_ascent - INFO - 		1.278E-03   and   1.114E+04 	[ landmark_points ]
2021-07-25 17:33:38,985 - deformetrica.core.estimators.gradient_ascent - INFO - 		1.842E-03   and   4.329E+03 	[ momenta ]
2021-07-25 17:33:40,369 - deformetrica.core.estimators.gradient_ascent - INFO - ------------------------------------- Iteration: 17 -------------------------------------
2021-07-25 17:33:40,371 - deformetrica.core.estimators.gradient_ascent - INFO - >> Log-likelihood = -1.304E+05 	 [ attachment = -1.214E+05 ; regularity = -9.024E+03 ]
2021-07-25 17:33:41,123 - deformetrica.core.estimators.gradient_ascent - INFO - >> Step size and gradient norm: 
2021-07-25 17:33:41,125 - deformetrica.core.estimators.gradient_ascent - INFO - 		6.390E-04   and   7.976E+03 	[ landmark_points ]
2021-07-25 17:33:41,126 - deformetrica.core.estimators.gradient_ascent - INFO - 		1.842E-03   and   3.535E+03 	[ momenta ]
2021-07-25 17:33:41,614 - deformetrica.core.estimators.gradient_ascent - INFO - ------------------------------------- Iteration: 18 -------------------------------------
2021-07-25 17:33:41,615 - deformetrica.core.estimators.gradient_ascent - INFO - >> Log-likelihood = -1.258E+05 	 [ attachment = -1.166E+05 ; regularity = -9.167E+03 ]
2021-07-25 17:33:42,318 - deformetrica.core.estimators.gradient_ascent - INFO - >> Step size and gradient norm: 
2021-07-25 17:33:42,319 - deformetrica.core.estimators.gradient_ascent - INFO - 		9.585E-04   and   8.171E+03 	[ landmark_points ]
2021-07-25 17:33:42,321 - deformetrica.core.estimators.gradient_ascent - INFO - 		2.764E-03   and   3.270E+03 	[ momenta ]
2021-07-25 17:33:43,587 - deformetrica.core.estimators.gradient_ascent - INFO - >> Step size and gradient norm: 
2021-07-25 17:33:43,588 - deformetrica.core.estimators.gradient_ascent - INFO - 		4.793E-04   and   8.171E+03 	[ landmark_points ]
2021-07-25 17:33:43,589 - deformetrica.core.estimators.gradient_ascent - INFO - 		1.382E-03   and   3.270E+03 	[ momenta ]
2021-07-25 17:33:44,013 - deformetrica.core.estimators.gradient_ascent - INFO - ------------------------------------- Iteration: 19 -------------------------------------
2021-07-25 17:33:44,014 - deformetrica.core.estimators.gradient_ascent - INFO - >> Log-likelihood = -1.169E+05 	 [ attachment = -1.075E+05 ; regularity = -9.346E+03 ]
2021-07-25 17:33:44,741 - deformetrica.core.estimators.gradient_ascent - INFO - >> Step size and gradient norm: 
2021-07-25 17:33:44,743 - deformetrica.core.estimators.gradient_ascent - INFO - 		7.189E-04   and   4.481E+03 	[ landmark_points ]
2021-07-25 17:33:44,744 - deformetrica.core.estimators.gradient_ascent - INFO - 		2.073E-03   and   2.038E+03 	[ momenta ]
2021-07-25 17:33:45,177 - deformetrica.core.estimators.gradient_ascent - INFO - ------------------------------------- Iteration: 20 -------------------------------------
2021-07-25 17:33:45,178 - deformetrica.core.estimators.gradient_ascent - INFO - >> Log-likelihood = -1.164E+05 	 [ attachment = -1.069E+05 ; regularity = -9.509E+03 ]
2021-07-25 17:33:45,885 - deformetrica.core.estimators.gradient_ascent - INFO - >> Step size and gradient norm: 
2021-07-25 17:33:45,886 - deformetrica.core.estimators.gradient_ascent - INFO - 		1.078E-03   and   6.279E+03 	[ landmark_points ]
2021-07-25 17:33:45,889 - deformetrica.core.estimators.gradient_ascent - INFO - 		3.109E-03   and   2.589E+03 	[ momenta ]
2021-07-25 17:33:47,136 - deformetrica.core.estimators.gradient_ascent - INFO - >> Step size and gradient norm: 
2021-07-25 17:33:47,137 - deformetrica.core.estimators.gradient_ascent - INFO - 		5.392E-04   and   6.279E+03 	[ landmark_points ]
2021-07-25 17:33:47,138 - deformetrica.core.estimators.gradient_ascent - INFO - 		1.555E-03   and   2.589E+03 	[ momenta ]
2021-07-25 17:33:47,621 - deformetrica.core.estimators.gradient_ascent - INFO - ------------------------------------- Iteration: 21 -------------------------------------
2021-07-25 17:33:47,623 - deformetrica.core.estimators.gradient_ascent - INFO - >> Log-likelihood = -1.133E+05 	 [ attachment = -1.036E+05 ; regularity = -9.673E+03 ]
2021-07-25 17:33:48,626 - deformetrica.core.estimators.gradient_ascent - INFO - >> Step size and gradient norm: 
2021-07-25 17:33:48,628 - deformetrica.core.estimators.gradient_ascent - INFO - 		8.087E-04   and   5.199E+03 	[ landmark_points ]
2021-07-25 17:33:48,629 - deformetrica.core.estimators.gradient_ascent - INFO - 		2.332E-03   and   2.291E+03 	[ momenta ]
2021-07-25 17:33:49,990 - deformetrica.core.estimators.gradient_ascent - INFO - ------------------------------------- Iteration: 22 -------------------------------------
2021-07-25 17:33:49,991 - deformetrica.core.estimators.gradient_ascent - INFO - >> Log-likelihood = -1.125E+05 	 [ attachment = -1.028E+05 ; regularity = -9.732E+03 ]
2021-07-25 17:33:50,733 - deformetrica.core.estimators.gradient_ascent - INFO - >> Step size and gradient norm: 
2021-07-25 17:33:50,735 - deformetrica.core.estimators.gradient_ascent - INFO - 		8.087E-04   and   6.014E+03 	[ landmark_points ]
2021-07-25 17:33:50,737 - deformetrica.core.estimators.gradient_ascent - INFO - 		1.166E-03   and   2.213E+03 	[ momenta ]
2021-07-25 17:33:51,338 - deformetrica.core.estimators.gradient_ascent - INFO - ------------------------------------- Iteration: 23 -------------------------------------
2021-07-25 17:33:51,340 - deformetrica.core.estimators.gradient_ascent - INFO - >> Log-likelihood = -1.124E+05 	 [ attachment = -1.025E+05 ; regularity = -9.847E+03 ]
2021-07-25 17:33:52,365 - deformetrica.core.estimators.gradient_ascent - INFO - >> Step size and gradient norm: 
2021-07-25 17:33:52,368 - deformetrica.core.estimators.gradient_ascent - INFO - 		1.213E-03   and   6.371E+03 	[ landmark_points ]
2021-07-25 17:33:52,370 - deformetrica.core.estimators.gradient_ascent - INFO - 		1.749E-03   and   2.615E+03 	[ momenta ]
2021-07-25 17:33:53,718 - deformetrica.core.estimators.gradient_ascent - INFO - ------------------------------------- Iteration: 24 -------------------------------------
2021-07-25 17:33:53,719 - deformetrica.core.estimators.gradient_ascent - INFO - >> Log-likelihood = -1.121E+05 	 [ attachment = -1.021E+05 ; regularity = -9.934E+03 ]
2021-07-25 17:33:54,472 - deformetrica.core.estimators.gradient_ascent - INFO - >> Step size and gradient norm: 
2021-07-25 17:33:54,474 - deformetrica.core.estimators.gradient_ascent - INFO - 		6.066E-04   and   6.827E+03 	[ landmark_points ]
2021-07-25 17:33:54,477 - deformetrica.core.estimators.gradient_ascent - INFO - 		1.749E-03   and   2.840E+03 	[ momenta ]
2021-07-25 17:33:54,927 - deformetrica.core.estimators.gradient_ascent - INFO - ------------------------------------- Iteration: 25 -------------------------------------
2021-07-25 17:33:54,928 - deformetrica.core.estimators.gradient_ascent - INFO - >> Log-likelihood = -1.120E+05 	 [ attachment = -1.019E+05 ; regularity = -1.007E+04 ]
2021-07-25 17:33:55,619 - deformetrica.core.estimators.gradient_ascent - INFO - >> Step size and gradient norm: 
2021-07-25 17:33:55,620 - deformetrica.core.estimators.gradient_ascent - INFO - 		9.098E-04   and   7.257E+03 	[ landmark_points ]
2021-07-25 17:33:55,621 - deformetrica.core.estimators.gradient_ascent - INFO - 		2.623E-03   and   3.165E+03 	[ momenta ]
2021-07-25 17:33:56,993 - deformetrica.core.estimators.gradient_ascent - INFO - >> Step size and gradient norm: 
2021-07-25 17:33:56,994 - deformetrica.core.estimators.gradient_ascent - INFO - 		4.549E-04   and   7.257E+03 	[ landmark_points ]
2021-07-25 17:33:56,995 - deformetrica.core.estimators.gradient_ascent - INFO - 		1.312E-03   and   3.165E+03 	[ momenta ]
2021-07-25 17:33:57,426 - deformetrica.core.estimators.gradient_ascent - INFO - ------------------------------------- Iteration: 26 -------------------------------------
2021-07-25 17:33:57,427 - deformetrica.core.estimators.gradient_ascent - INFO - >> Log-likelihood = -1.065E+05 	 [ attachment = -9.636E+04 ; regularity = -1.012E+04 ]
2021-07-25 17:33:58,104 - deformetrica.core.estimators.gradient_ascent - INFO - >> Step size and gradient norm: 
2021-07-25 17:33:58,106 - deformetrica.core.estimators.gradient_ascent - INFO - 		6.824E-04   and   4.379E+03 	[ landmark_points ]
2021-07-25 17:33:58,108 - deformetrica.core.estimators.gradient_ascent - INFO - 		1.967E-03   and   1.920E+03 	[ momenta ]
2021-07-25 17:33:59,498 - deformetrica.core.estimators.gradient_ascent - INFO - ------------------------------------- Iteration: 27 -------------------------------------
2021-07-25 17:33:59,500 - deformetrica.core.estimators.gradient_ascent - INFO - >> Log-likelihood = -1.046E+05 	 [ attachment = -9.447E+04 ; regularity = -1.018E+04 ]
2021-07-25 17:34:00,214 - deformetrica.core.estimators.gradient_ascent - INFO - >> Step size and gradient norm: 
2021-07-25 17:34:00,216 - deformetrica.core.estimators.gradient_ascent - INFO - 		6.824E-04   and   3.565E+03 	[ landmark_points ]
2021-07-25 17:34:00,217 - deformetrica.core.estimators.gradient_ascent - INFO - 		9.837E-04   and   1.508E+03 	[ momenta ]
2021-07-25 17:34:00,675 - deformetrica.core.estimators.gradient_ascent - INFO - ------------------------------------- Iteration: 28 -------------------------------------
2021-07-25 17:34:00,676 - deformetrica.core.estimators.gradient_ascent - INFO - >> Log-likelihood = -1.033E+05 	 [ attachment = -9.306E+04 ; regularity = -1.024E+04 ]
2021-07-25 17:34:01,386 - deformetrica.core.estimators.gradient_ascent - INFO - >> Step size and gradient norm: 
2021-07-25 17:34:01,388 - deformetrica.core.estimators.gradient_ascent - INFO - 		1.024E-03   and   2.865E+03 	[ landmark_points ]
2021-07-25 17:34:01,390 - deformetrica.core.estimators.gradient_ascent - INFO - 		1.476E-03   and   1.264E+03 	[ momenta ]
2021-07-25 17:34:02,647 - deformetrica.core.estimators.gradient_ascent - INFO - ------------------------------------- Iteration: 29 -------------------------------------
2021-07-25 17:34:02,649 - deformetrica.core.estimators.gradient_ascent - INFO - >> Log-likelihood = -1.022E+05 	 [ attachment = -9.190E+04 ; regularity = -1.033E+04 ]
2021-07-25 17:34:03,352 - deformetrica.core.estimators.gradient_ascent - INFO - >> Step size and gradient norm: 
2021-07-25 17:34:03,353 - deformetrica.core.estimators.gradient_ascent - INFO - 		5.118E-04   and   2.419E+03 	[ landmark_points ]
2021-07-25 17:34:03,354 - deformetrica.core.estimators.gradient_ascent - INFO - 		1.476E-03   and   1.182E+03 	[ momenta ]
2021-07-25 17:34:03,773 - deformetrica.core.estimators.gradient_ascent - INFO - ------------------------------------- Iteration: 30 -------------------------------------
2021-07-25 17:34:03,774 - deformetrica.core.estimators.gradient_ascent - INFO - >> Log-likelihood = -1.012E+05 	 [ attachment = -9.081E+04 ; regularity = -1.040E+04 ]
2021-07-25 17:34:04,475 - deformetrica.core.estimators.gradient_ascent - INFO - >> Step size and gradient norm: 
2021-07-25 17:34:04,476 - deformetrica.core.estimators.gradient_ascent - INFO - 		7.677E-04   and   2.225E+03 	[ landmark_points ]
2021-07-25 17:34:04,477 - deformetrica.core.estimators.gradient_ascent - INFO - 		2.213E-03   and   1.053E+03 	[ momenta ]
2021-07-25 17:34:04,955 - deformetrica.core.estimators.gradient_ascent - INFO - ------------------------------------- Iteration: 31 -------------------------------------
2021-07-25 17:34:04,957 - deformetrica.core.estimators.gradient_ascent - INFO - >> Log-likelihood = -1.012E+05 	 [ attachment = -9.062E+04 ; regularity = -1.054E+04 ]
2021-07-25 17:34:06,097 - deformetrica.core.estimators.gradient_ascent - INFO - >> Step size and gradient norm: 
2021-07-25 17:34:06,099 - deformetrica.core.estimators.gradient_ascent - INFO - 		1.152E-03   and   3.718E+03 	[ landmark_points ]
2021-07-25 17:34:06,100 - deformetrica.core.estimators.gradient_ascent - INFO - 		3.320E-03   and   1.704E+03 	[ momenta ]
2021-07-25 17:34:07,385 - deformetrica.core.estimators.gradient_ascent - INFO - >> Step size and gradient norm: 
2021-07-25 17:34:07,386 - deformetrica.core.estimators.gradient_ascent - INFO - 		5.758E-04   and   3.718E+03 	[ landmark_points ]
2021-07-25 17:34:07,387 - deformetrica.core.estimators.gradient_ascent - INFO - 		1.660E-03   and   1.704E+03 	[ momenta ]
2021-07-25 17:34:07,799 - deformetrica.core.estimators.gradient_ascent - INFO - ------------------------------------- Iteration: 32 -------------------------------------
2021-07-25 17:34:07,801 - deformetrica.core.estimators.gradient_ascent - INFO - >> Log-likelihood = -1.006E+05 	 [ attachment = -9.002E+04 ; regularity = -1.062E+04 ]
2021-07-25 17:34:08,700 - deformetrica.core.estimators.gradient_ascent - INFO - >> Step size and gradient norm: 
2021-07-25 17:34:08,701 - deformetrica.core.estimators.gradient_ascent - INFO - 		8.636E-04   and   4.237E+03 	[ landmark_points ]
2021-07-25 17:34:08,703 - deformetrica.core.estimators.gradient_ascent - INFO - 		2.490E-03   and   1.808E+03 	[ momenta ]
2021-07-25 17:34:10,060 - deformetrica.core.estimators.gradient_ascent - INFO - >> Step size and gradient norm: 
2021-07-25 17:34:10,062 - deformetrica.core.estimators.gradient_ascent - INFO - 		4.318E-04   and   4.237E+03 	[ landmark_points ]
2021-07-25 17:34:10,063 - deformetrica.core.estimators.gradient_ascent - INFO - 		1.245E-03   and   1.808E+03 	[ momenta ]
2021-07-25 17:34:10,483 - deformetrica.core.estimators.gradient_ascent - INFO - ------------------------------------- Iteration: 33 -------------------------------------
2021-07-25 17:34:10,484 - deformetrica.core.estimators.gradient_ascent - INFO - >> Log-likelihood = -9.856E+04 	 [ attachment = -8.787E+04 ; regularity = -1.069E+04 ]
2021-07-25 17:34:11,175 - deformetrica.core.estimators.gradient_ascent - INFO - >> Step size and gradient norm: 
2021-07-25 17:34:11,177 - deformetrica.core.estimators.gradient_ascent - INFO - 		6.477E-04   and   2.531E+03 	[ landmark_points ]
2021-07-25 17:34:11,178 - deformetrica.core.estimators.gradient_ascent - INFO - 		1.868E-03   and   1.209E+03 	[ momenta ]
2021-07-25 17:34:11,628 - deformetrica.core.estimators.gradient_ascent - INFO - ------------------------------------- Iteration: 34 -------------------------------------
2021-07-25 17:34:11,629 - deformetrica.core.estimators.gradient_ascent - INFO - >> Log-likelihood = -9.823E+04 	 [ attachment = -8.744E+04 ; regularity = -1.078E+04 ]
2021-07-25 17:34:12,330 - deformetrica.core.estimators.gradient_ascent - INFO - >> Step size and gradient norm: 
2021-07-25 17:34:12,331 - deformetrica.core.estimators.gradient_ascent - INFO - 		9.716E-04   and   3.551E+03 	[ landmark_points ]
2021-07-25 17:34:12,333 - deformetrica.core.estimators.gradient_ascent - INFO - 		2.801E-03   and   1.514E+03 	[ momenta ]
2021-07-25 17:34:13,590 - deformetrica.core.estimators.gradient_ascent - INFO - >> Step size and gradient norm: 
2021-07-25 17:34:13,591 - deformetrica.core.estimators.gradient_ascent - INFO - 		4.858E-04   and   3.551E+03 	[ landmark_points ]
2021-07-25 17:34:13,592 - deformetrica.core.estimators.gradient_ascent - INFO - 		1.401E-03   and   1.514E+03 	[ momenta ]
2021-07-25 17:34:14,023 - deformetrica.core.estimators.gradient_ascent - INFO - ------------------------------------- Iteration: 35 -------------------------------------
2021-07-25 17:34:14,024 - deformetrica.core.estimators.gradient_ascent - INFO - >> Log-likelihood = -9.689E+04 	 [ attachment = -8.603E+04 ; regularity = -1.086E+04 ]
2021-07-25 17:34:14,719 - deformetrica.core.estimators.gradient_ascent - INFO - >> Step size and gradient norm: 
2021-07-25 17:34:14,720 - deformetrica.core.estimators.gradient_ascent - INFO - 		7.287E-04   and   2.812E+03 	[ landmark_points ]
2021-07-25 17:34:14,721 - deformetrica.core.estimators.gradient_ascent - INFO - 		2.101E-03   and   1.309E+03 	[ momenta ]
2021-07-25 17:34:16,066 - deformetrica.core.estimators.gradient_ascent - INFO - ------------------------------------- Iteration: 36 -------------------------------------
2021-07-25 17:34:16,068 - deformetrica.core.estimators.gradient_ascent - INFO - >> Log-likelihood = -9.604E+04 	 [ attachment = -8.507E+04 ; regularity = -1.097E+04 ]
2021-07-25 17:34:16,781 - deformetrica.core.estimators.gradient_ascent - INFO - >> Step size and gradient norm: 
2021-07-25 17:34:16,783 - deformetrica.core.estimators.gradient_ascent - INFO - 		3.643E-04   and   2.976E+03 	[ landmark_points ]
2021-07-25 17:34:16,784 - deformetrica.core.estimators.gradient_ascent - INFO - 		2.101E-03   and   1.422E+03 	[ momenta ]
2021-07-25 17:34:17,202 - deformetrica.core.estimators.gradient_ascent - INFO - ------------------------------------- Iteration: 37 -------------------------------------
2021-07-25 17:34:17,203 - deformetrica.core.estimators.gradient_ascent - INFO - >> Log-likelihood = -9.528E+04 	 [ attachment = -8.419E+04 ; regularity = -1.109E+04 ]
2021-07-25 17:34:17,924 - deformetrica.core.estimators.gradient_ascent - INFO - >> Step size and gradient norm: 
2021-07-25 17:34:17,926 - deformetrica.core.estimators.gradient_ascent - INFO - 		5.465E-04   and   3.139E+03 	[ landmark_points ]
2021-07-25 17:34:17,928 - deformetrica.core.estimators.gradient_ascent - INFO - 		3.152E-03   and   1.599E+03 	[ momenta ]
2021-07-25 17:34:19,158 - deformetrica.core.estimators.gradient_ascent - INFO - ------------------------------------- Iteration: 38 -------------------------------------
2021-07-25 17:34:19,160 - deformetrica.core.estimators.gradient_ascent - INFO - >> Log-likelihood = -9.430E+04 	 [ attachment = -8.313E+04 ; regularity = -1.117E+04 ]
2021-07-25 17:34:20,012 - deformetrica.core.estimators.gradient_ascent - INFO - >> Step size and gradient norm: 
2021-07-25 17:34:20,014 - deformetrica.core.estimators.gradient_ascent - INFO - 		5.465E-04   and   3.456E+03 	[ landmark_points ]
2021-07-25 17:34:20,015 - deformetrica.core.estimators.gradient_ascent - INFO - 		1.576E-03   and   1.524E+03 	[ momenta ]
2021-07-25 17:34:20,455 - deformetrica.core.estimators.gradient_ascent - INFO - ------------------------------------- Iteration: 39 -------------------------------------
2021-07-25 17:34:20,456 - deformetrica.core.estimators.gradient_ascent - INFO - >> Log-likelihood = -9.348E+04 	 [ attachment = -8.222E+04 ; regularity = -1.126E+04 ]
2021-07-25 17:34:21,127 - deformetrica.core.estimators.gradient_ascent - INFO - >> Step size and gradient norm: 
2021-07-25 17:34:21,129 - deformetrica.core.estimators.gradient_ascent - INFO - 		8.198E-04   and   3.437E+03 	[ landmark_points ]
2021-07-25 17:34:21,131 - deformetrica.core.estimators.gradient_ascent - INFO - 		2.364E-03   and   1.587E+03 	[ momenta ]
2021-07-25 17:34:22,361 - deformetrica.core.estimators.gradient_ascent - INFO - ------------------------------------- Iteration: 40 -------------------------------------
2021-07-25 17:34:22,363 - deformetrica.core.estimators.gradient_ascent - INFO - >> Log-likelihood = -9.315E+04 	 [ attachment = -8.182E+04 ; regularity = -1.133E+04 ]
2021-07-25 17:34:23,039 - deformetrica.core.estimators.gradient_ascent - INFO - >> Step size and gradient norm: 
2021-07-25 17:34:23,040 - deformetrica.core.estimators.gradient_ascent - INFO - 		8.198E-04   and   4.587E+03 	[ landmark_points ]
2021-07-25 17:34:23,042 - deformetrica.core.estimators.gradient_ascent - INFO - 		1.182E-03   and   1.711E+03 	[ momenta ]
2021-07-25 17:34:24,309 - deformetrica.core.estimators.gradient_ascent - INFO - ------------------------------------- Iteration: 41 -------------------------------------
2021-07-25 17:34:24,310 - deformetrica.core.estimators.gradient_ascent - INFO - >> Log-likelihood = -9.089E+04 	 [ attachment = -7.949E+04 ; regularity = -1.140E+04 ]
2021-07-25 17:34:25,035 - deformetrica.core.estimators.gradient_ascent - INFO - >> Step size and gradient norm: 
2021-07-25 17:34:25,036 - deformetrica.core.estimators.gradient_ascent - INFO - 		4.099E-04   and   2.402E+03 	[ landmark_points ]
2021-07-25 17:34:25,038 - deformetrica.core.estimators.gradient_ascent - INFO - 		1.182E-03   and   1.176E+03 	[ momenta ]
2021-07-25 17:34:25,478 - deformetrica.core.estimators.gradient_ascent - INFO - ------------------------------------- Iteration: 42 -------------------------------------
2021-07-25 17:34:25,480 - deformetrica.core.estimators.gradient_ascent - INFO - >> Log-likelihood = -8.967E+04 	 [ attachment = -7.820E+04 ; regularity = -1.146E+04 ]
2021-07-25 17:34:26,158 - deformetrica.core.estimators.gradient_ascent - INFO - >> Step size and gradient norm: 
2021-07-25 17:34:26,161 - deformetrica.core.estimators.gradient_ascent - INFO - 		6.148E-04   and   1.693E+03 	[ landmark_points ]
2021-07-25 17:34:26,163 - deformetrica.core.estimators.gradient_ascent - INFO - 		1.773E-03   and   8.433E+02 	[ momenta ]
2021-07-25 17:34:26,606 - deformetrica.core.estimators.gradient_ascent - INFO - ------------------------------------- Iteration: 43 -------------------------------------
2021-07-25 17:34:26,607 - deformetrica.core.estimators.gradient_ascent - INFO - >> Log-likelihood = -8.851E+04 	 [ attachment = -7.694E+04 ; regularity = -1.158E+04 ]
2021-07-25 17:34:27,397 - deformetrica.core.estimators.gradient_ascent - INFO - >> Step size and gradient norm: 
2021-07-25 17:34:27,398 - deformetrica.core.estimators.gradient_ascent - INFO - 		9.222E-04   and   1.943E+03 	[ landmark_points ]
2021-07-25 17:34:27,400 - deformetrica.core.estimators.gradient_ascent - INFO - 		2.659E-03   and   9.842E+02 	[ momenta ]
2021-07-25 17:34:27,819 - deformetrica.core.estimators.gradient_ascent - INFO - ------------------------------------- Iteration: 44 -------------------------------------
2021-07-25 17:34:27,820 - deformetrica.core.estimators.gradient_ascent - INFO - >> Log-likelihood = -8.817E+04 	 [ attachment = -7.644E+04 ; regularity = -1.173E+04 ]
2021-07-25 17:34:28,508 - deformetrica.core.estimators.gradient_ascent - INFO - >> Step size and gradient norm: 
2021-07-25 17:34:28,509 - deformetrica.core.estimators.gradient_ascent - INFO - 		1.383E-03   and   4.377E+03 	[ landmark_points ]
2021-07-25 17:34:28,511 - deformetrica.core.estimators.gradient_ascent - INFO - 		3.989E-03   and   1.688E+03 	[ momenta ]
2021-07-25 17:34:29,817 - deformetrica.core.estimators.gradient_ascent - INFO - >> Step size and gradient norm: 
2021-07-25 17:34:29,819 - deformetrica.core.estimators.gradient_ascent - INFO - 		6.917E-04   and   4.377E+03 	[ landmark_points ]
2021-07-25 17:34:29,820 - deformetrica.core.estimators.gradient_ascent - INFO - 		1.994E-03   and   1.688E+03 	[ momenta ]
2021-07-25 17:34:31,069 - deformetrica.core.estimators.gradient_ascent - INFO - ------------------------------------- Iteration: 45 -------------------------------------
2021-07-25 17:34:31,071 - deformetrica.core.estimators.gradient_ascent - INFO - >> Log-likelihood = -8.678E+04 	 [ attachment = -7.490E+04 ; regularity = -1.188E+04 ]
2021-07-25 17:34:31,762 - deformetrica.core.estimators.gradient_ascent - INFO - >> Step size and gradient norm: 
2021-07-25 17:34:31,764 - deformetrica.core.estimators.gradient_ascent - INFO - 		3.458E-04   and   3.729E+03 	[ landmark_points ]
2021-07-25 17:34:31,765 - deformetrica.core.estimators.gradient_ascent - INFO - 		1.994E-03   and   1.752E+03 	[ momenta ]
2021-07-25 17:34:32,185 - deformetrica.core.estimators.gradient_ascent - INFO - ------------------------------------- Iteration: 46 -------------------------------------
2021-07-25 17:34:32,186 - deformetrica.core.estimators.gradient_ascent - INFO - >> Log-likelihood = -8.543E+04 	 [ attachment = -7.346E+04 ; regularity = -1.197E+04 ]
2021-07-25 17:34:32,880 - deformetrica.core.estimators.gradient_ascent - INFO - >> Step size and gradient norm: 
2021-07-25 17:34:32,881 - deformetrica.core.estimators.gradient_ascent - INFO - 		5.188E-04   and   3.786E+03 	[ landmark_points ]
2021-07-25 17:34:32,883 - deformetrica.core.estimators.gradient_ascent - INFO - 		2.991E-03   and   1.714E+03 	[ momenta ]
2021-07-25 17:34:34,182 - deformetrica.core.estimators.gradient_ascent - INFO - ------------------------------------- Iteration: 47 -------------------------------------
2021-07-25 17:34:34,184 - deformetrica.core.estimators.gradient_ascent - INFO - >> Log-likelihood = -8.398E+04 	 [ attachment = -7.190E+04 ; regularity = -1.208E+04 ]
2021-07-25 17:34:34,890 - deformetrica.core.estimators.gradient_ascent - INFO - >> Step size and gradient norm: 
2021-07-25 17:34:34,893 - deformetrica.core.estimators.gradient_ascent - INFO - 		5.188E-04   and   3.635E+03 	[ landmark_points ]
2021-07-25 17:34:34,922 - deformetrica.core.estimators.gradient_ascent - INFO - 		1.496E-03   and   1.581E+03 	[ momenta ]
2021-07-25 17:34:35,654 - deformetrica.core.estimators.gradient_ascent - INFO - ------------------------------------- Iteration: 48 -------------------------------------
2021-07-25 17:34:35,655 - deformetrica.core.estimators.gradient_ascent - INFO - >> Log-likelihood = -8.259E+04 	 [ attachment = -7.043E+04 ; regularity = -1.216E+04 ]
2021-07-25 17:34:36,335 - deformetrica.core.estimators.gradient_ascent - INFO - >> Step size and gradient norm: 
2021-07-25 17:34:36,337 - deformetrica.core.estimators.gradient_ascent - INFO - 		7.781E-04   and   3.458E+03 	[ landmark_points ]
2021-07-25 17:34:36,339 - deformetrica.core.estimators.gradient_ascent - INFO - 		2.244E-03   and   1.447E+03 	[ momenta ]
2021-07-25 17:34:37,630 - deformetrica.core.estimators.gradient_ascent - INFO - ------------------------------------- Iteration: 49 -------------------------------------
2021-07-25 17:34:37,632 - deformetrica.core.estimators.gradient_ascent - INFO - >> Log-likelihood = -8.178E+04 	 [ attachment = -6.946E+04 ; regularity = -1.232E+04 ]
2021-07-25 17:34:38,334 - deformetrica.core.estimators.gradient_ascent - INFO - >> Step size and gradient norm: 
2021-07-25 17:34:38,336 - deformetrica.core.estimators.gradient_ascent - INFO - 		3.891E-04   and   3.751E+03 	[ landmark_points ]
2021-07-25 17:34:38,337 - deformetrica.core.estimators.gradient_ascent - INFO - 		2.244E-03   and   1.771E+03 	[ momenta ]
2021-07-25 17:34:38,861 - deformetrica.core.estimators.gradient_ascent - INFO - ------------------------------------- Iteration: 50 -------------------------------------
2021-07-25 17:34:38,866 - deformetrica.core.estimators.gradient_ascent - INFO - >> Log-likelihood = -8.133E+04 	 [ attachment = -6.889E+04 ; regularity = -1.244E+04 ]
2021-07-25 17:34:39,858 - deformetrica.core.estimators.gradient_ascent - INFO - >> Step size and gradient norm: 
2021-07-25 17:34:39,860 - deformetrica.core.estimators.gradient_ascent - INFO - 		5.836E-04   and   4.526E+03 	[ landmark_points ]
2021-07-25 17:34:39,862 - deformetrica.core.estimators.gradient_ascent - INFO - 		3.365E-03   and   2.083E+03 	[ momenta ]
2021-07-25 17:34:41,661 - deformetrica.core.estimators.gradient_ascent - INFO - ------------------------------------- Iteration: 51 -------------------------------------
2021-07-25 17:34:41,663 - deformetrica.core.estimators.gradient_ascent - INFO - >> Log-likelihood = -8.071E+04 	 [ attachment = -6.816E+04 ; regularity = -1.255E+04 ]
2021-07-25 17:34:42,516 - deformetrica.core.estimators.gradient_ascent - INFO - >> Step size and gradient norm: 
2021-07-25 17:34:42,518 - deformetrica.core.estimators.gradient_ascent - INFO - 		5.836E-04   and   5.236E+03 	[ landmark_points ]
2021-07-25 17:34:42,519 - deformetrica.core.estimators.gradient_ascent - INFO - 		1.683E-03   and   2.239E+03 	[ momenta ]
2021-07-25 17:34:43,035 - deformetrica.core.estimators.gradient_ascent - INFO - ------------------------------------- Iteration: 52 -------------------------------------
2021-07-25 17:34:43,036 - deformetrica.core.estimators.gradient_ascent - INFO - >> Log-likelihood = -8.041E+04 	 [ attachment = -6.776E+04 ; regularity = -1.265E+04 ]
2021-07-25 17:34:43,807 - deformetrica.core.estimators.gradient_ascent - INFO - >> Step size and gradient norm: 
2021-07-25 17:34:43,809 - deformetrica.core.estimators.gradient_ascent - INFO - 		8.754E-04   and   5.949E+03 	[ landmark_points ]
2021-07-25 17:34:43,810 - deformetrica.core.estimators.gradient_ascent - INFO - 		2.524E-03   and   2.365E+03 	[ momenta ]
2021-07-25 17:34:45,124 - deformetrica.core.estimators.gradient_ascent - INFO - >> Step size and gradient norm: 
2021-07-25 17:34:45,126 - deformetrica.core.estimators.gradient_ascent - INFO - 		4.377E-04   and   5.949E+03 	[ landmark_points ]
2021-07-25 17:34:45,130 - deformetrica.core.estimators.gradient_ascent - INFO - 		1.262E-03   and   2.365E+03 	[ momenta ]
2021-07-25 17:34:45,577 - deformetrica.core.estimators.gradient_ascent - INFO - ------------------------------------- Iteration: 53 -------------------------------------
2021-07-25 17:34:45,578 - deformetrica.core.estimators.gradient_ascent - INFO - >> Log-likelihood = -7.688E+04 	 [ attachment = -6.416E+04 ; regularity = -1.272E+04 ]
2021-07-25 17:34:46,366 - deformetrica.core.estimators.gradient_ascent - INFO - >> Step size and gradient norm: 
2021-07-25 17:34:46,368 - deformetrica.core.estimators.gradient_ascent - INFO - 		6.566E-04   and   3.607E+03 	[ landmark_points ]
2021-07-25 17:34:46,369 - deformetrica.core.estimators.gradient_ascent - INFO - 		1.893E-03   and   1.514E+03 	[ momenta ]
2021-07-25 17:34:47,629 - deformetrica.core.estimators.gradient_ascent - INFO - ------------------------------------- Iteration: 54 -------------------------------------
2021-07-25 17:34:47,630 - deformetrica.core.estimators.gradient_ascent - INFO - >> Log-likelihood = -7.548E+04 	 [ attachment = -6.265E+04 ; regularity = -1.283E+04 ]
2021-07-25 17:34:48,303 - deformetrica.core.estimators.gradient_ascent - INFO - >> Step size and gradient norm: 
2021-07-25 17:34:48,305 - deformetrica.core.estimators.gradient_ascent - INFO - 		3.283E-04   and   2.776E+03 	[ landmark_points ]
2021-07-25 17:34:48,306 - deformetrica.core.estimators.gradient_ascent - INFO - 		1.893E-03   and   1.351E+03 	[ momenta ]
2021-07-25 17:34:48,729 - deformetrica.core.estimators.gradient_ascent - INFO - ------------------------------------- Iteration: 55 -------------------------------------
2021-07-25 17:34:48,730 - deformetrica.core.estimators.gradient_ascent - INFO - >> Log-likelihood = -7.430E+04 	 [ attachment = -6.136E+04 ; regularity = -1.294E+04 ]
2021-07-25 17:34:49,440 - deformetrica.core.estimators.gradient_ascent - INFO - >> Step size and gradient norm: 
2021-07-25 17:34:49,442 - deformetrica.core.estimators.gradient_ascent - INFO - 		4.924E-04   and   2.473E+03 	[ landmark_points ]
2021-07-25 17:34:49,443 - deformetrica.core.estimators.gradient_ascent - INFO - 		2.840E-03   and   1.246E+03 	[ momenta ]
2021-07-25 17:34:50,673 - deformetrica.core.estimators.gradient_ascent - INFO - ------------------------------------- Iteration: 56 -------------------------------------
2021-07-25 17:34:50,675 - deformetrica.core.estimators.gradient_ascent - INFO - >> Log-likelihood = -7.326E+04 	 [ attachment = -6.024E+04 ; regularity = -1.302E+04 ]
2021-07-25 17:34:51,397 - deformetrica.core.estimators.gradient_ascent - INFO - >> Step size and gradient norm: 
2021-07-25 17:34:51,399 - deformetrica.core.estimators.gradient_ascent - INFO - 		4.924E-04   and   2.166E+03 	[ landmark_points ]
2021-07-25 17:34:51,401 - deformetrica.core.estimators.gradient_ascent - INFO - 		1.420E-03   and   1.016E+03 	[ momenta ]
2021-07-25 17:34:51,828 - deformetrica.core.estimators.gradient_ascent - INFO - ------------------------------------- Iteration: 57 -------------------------------------
2021-07-25 17:34:51,829 - deformetrica.core.estimators.gradient_ascent - INFO - >> Log-likelihood = -7.240E+04 	 [ attachment = -5.930E+04 ; regularity = -1.310E+04 ]
2021-07-25 17:34:52,536 - deformetrica.core.estimators.gradient_ascent - INFO - >> Step size and gradient norm: 
2021-07-25 17:34:52,538 - deformetrica.core.estimators.gradient_ascent - INFO - 		7.386E-04   and   1.890E+03 	[ landmark_points ]
2021-07-25 17:34:52,539 - deformetrica.core.estimators.gradient_ascent - INFO - 		2.130E-03   and   9.302E+02 	[ momenta ]
2021-07-25 17:34:52,960 - deformetrica.core.estimators.gradient_ascent - INFO - ------------------------------------- Iteration: 58 -------------------------------------
2021-07-25 17:34:52,961 - deformetrica.core.estimators.gradient_ascent - INFO - >> Log-likelihood = -7.197E+04 	 [ attachment = -5.875E+04 ; regularity = -1.322E+04 ]
2021-07-25 17:34:53,665 - deformetrica.core.estimators.gradient_ascent - INFO - >> Step size and gradient norm: 
2021-07-25 17:34:53,667 - deformetrica.core.estimators.gradient_ascent - INFO - 		1.108E-03   and   3.168E+03 	[ landmark_points ]
2021-07-25 17:34:53,668 - deformetrica.core.estimators.gradient_ascent - INFO - 		3.195E-03   and   1.299E+03 	[ momenta ]
2021-07-25 17:34:54,983 - deformetrica.core.estimators.gradient_ascent - INFO - >> Step size and gradient norm: 
2021-07-25 17:34:54,985 - deformetrica.core.estimators.gradient_ascent - INFO - 		5.540E-04   and   3.168E+03 	[ landmark_points ]
2021-07-25 17:34:54,987 - deformetrica.core.estimators.gradient_ascent - INFO - 		1.597E-03   and   1.299E+03 	[ momenta ]
2021-07-25 17:34:55,427 - deformetrica.core.estimators.gradient_ascent - INFO - ------------------------------------- Iteration: 59 -------------------------------------
2021-07-25 17:34:55,429 - deformetrica.core.estimators.gradient_ascent - INFO - >> Log-likelihood = -7.135E+04 	 [ attachment = -5.806E+04 ; regularity = -1.330E+04 ]
2021-07-25 17:34:56,087 - deformetrica.core.estimators.gradient_ascent - INFO - >> Step size and gradient norm: 
2021-07-25 17:34:56,089 - deformetrica.core.estimators.gradient_ascent - INFO - 		8.310E-04   and   3.543E+03 	[ landmark_points ]
2021-07-25 17:34:56,091 - deformetrica.core.estimators.gradient_ascent - INFO - 		2.396E-03   and   1.408E+03 	[ momenta ]
2021-07-25 17:34:57,372 - deformetrica.core.estimators.gradient_ascent - INFO - >> Step size and gradient norm: 
2021-07-25 17:34:57,374 - deformetrica.core.estimators.gradient_ascent - INFO - 		4.155E-04   and   3.543E+03 	[ landmark_points ]
2021-07-25 17:34:57,375 - deformetrica.core.estimators.gradient_ascent - INFO - 		1.198E-03   and   1.408E+03 	[ momenta ]
2021-07-25 17:34:57,793 - deformetrica.core.estimators.gradient_ascent - INFO - ------------------------------------- Iteration: 60 -------------------------------------
2021-07-25 17:34:57,794 - deformetrica.core.estimators.gradient_ascent - INFO - >> Log-likelihood = -7.004E+04 	 [ attachment = -5.667E+04 ; regularity = -1.337E+04 ]
2021-07-25 17:34:58,485 - deformetrica.core.estimators.gradient_ascent - INFO - >> Step size and gradient norm: 
2021-07-25 17:34:58,487 - deformetrica.core.estimators.gradient_ascent - INFO - 		6.232E-04   and   2.183E+03 	[ landmark_points ]
2021-07-25 17:34:58,488 - deformetrica.core.estimators.gradient_ascent - INFO - 		1.797E-03   and   9.141E+02 	[ momenta ]
2021-07-25 17:34:58,915 - deformetrica.core.estimators.gradient_ascent - INFO - ------------------------------------- Iteration: 61 -------------------------------------
2021-07-25 17:34:58,916 - deformetrica.core.estimators.gradient_ascent - INFO - >> Log-likelihood = -6.960E+04 	 [ attachment = -5.614E+04 ; regularity = -1.345E+04 ]
2021-07-25 17:34:59,633 - deformetrica.core.estimators.gradient_ascent - INFO - >> Step size and gradient norm: 
2021-07-25 17:34:59,634 - deformetrica.core.estimators.gradient_ascent - INFO - 		9.348E-04   and   3.181E+03 	[ landmark_points ]
2021-07-25 17:34:59,635 - deformetrica.core.estimators.gradient_ascent - INFO - 		2.695E-03   and   1.166E+03 	[ momenta ]
2021-07-25 17:35:00,896 - deformetrica.core.estimators.gradient_ascent - INFO - >> Step size and gradient norm: 
2021-07-25 17:35:00,897 - deformetrica.core.estimators.gradient_ascent - INFO - 		4.674E-04   and   3.181E+03 	[ landmark_points ]
2021-07-25 17:35:00,898 - deformetrica.core.estimators.gradient_ascent - INFO - 		1.348E-03   and   1.166E+03 	[ momenta ]
2021-07-25 17:35:01,320 - deformetrica.core.estimators.gradient_ascent - INFO - ------------------------------------- Iteration: 62 -------------------------------------
2021-07-25 17:35:01,321 - deformetrica.core.estimators.gradient_ascent - INFO - >> Log-likelihood = -6.876E+04 	 [ attachment = -5.523E+04 ; regularity = -1.353E+04 ]
2021-07-25 17:35:01,995 - deformetrica.core.estimators.gradient_ascent - INFO - >> Step size and gradient norm: 
2021-07-25 17:35:01,996 - deformetrica.core.estimators.gradient_ascent - INFO - 		7.011E-04   and   2.733E+03 	[ landmark_points ]
2021-07-25 17:35:01,998 - deformetrica.core.estimators.gradient_ascent - INFO - 		2.022E-03   and   9.789E+02 	[ momenta ]
2021-07-25 17:35:03,239 - deformetrica.core.estimators.gradient_ascent - INFO - ------------------------------------- Iteration: 63 -------------------------------------
2021-07-25 17:35:03,240 - deformetrica.core.estimators.gradient_ascent - INFO - >> Log-likelihood = -6.792E+04 	 [ attachment = -5.431E+04 ; regularity = -1.362E+04 ]
2021-07-25 17:35:03,938 - deformetrica.core.estimators.gradient_ascent - INFO - >> Step size and gradient norm: 
2021-07-25 17:35:03,940 - deformetrica.core.estimators.gradient_ascent - INFO - 		3.506E-04   and   2.574E+03 	[ landmark_points ]
2021-07-25 17:35:03,943 - deformetrica.core.estimators.gradient_ascent - INFO - 		2.022E-03   and   1.026E+03 	[ momenta ]
2021-07-25 17:35:04,372 - deformetrica.core.estimators.gradient_ascent - INFO - ------------------------------------- Iteration: 64 -------------------------------------
2021-07-25 17:35:04,373 - deformetrica.core.estimators.gradient_ascent - INFO - >> Log-likelihood = -6.716E+04 	 [ attachment = -5.344E+04 ; regularity = -1.373E+04 ]
2021-07-25 17:35:05,136 - deformetrica.core.estimators.gradient_ascent - INFO - >> Step size and gradient norm: 
2021-07-25 17:35:05,138 - deformetrica.core.estimators.gradient_ascent - INFO - 		5.258E-04   and   2.525E+03 	[ landmark_points ]
2021-07-25 17:35:05,139 - deformetrica.core.estimators.gradient_ascent - INFO - 		3.032E-03   and   1.028E+03 	[ momenta ]
2021-07-25 17:35:06,415 - deformetrica.core.estimators.gradient_ascent - INFO - ------------------------------------- Iteration: 65 -------------------------------------
2021-07-25 17:35:06,417 - deformetrica.core.estimators.gradient_ascent - INFO - >> Log-likelihood = -6.660E+04 	 [ attachment = -5.281E+04 ; regularity = -1.379E+04 ]
2021-07-25 17:35:07,235 - deformetrica.core.estimators.gradient_ascent - INFO - >> Step size and gradient norm: 
2021-07-25 17:35:07,237 - deformetrica.core.estimators.gradient_ascent - INFO - 		5.258E-04   and   3.092E+03 	[ landmark_points ]
2021-07-25 17:35:07,242 - deformetrica.core.estimators.gradient_ascent - INFO - 		1.516E-03   and   1.054E+03 	[ momenta ]
2021-07-25 17:35:07,738 - deformetrica.core.estimators.gradient_ascent - INFO - ------------------------------------- Iteration: 66 -------------------------------------
2021-07-25 17:35:07,740 - deformetrica.core.estimators.gradient_ascent - INFO - >> Log-likelihood = -6.616E+04 	 [ attachment = -5.229E+04 ; regularity = -1.387E+04 ]
2021-07-25 17:35:08,455 - deformetrica.core.estimators.gradient_ascent - INFO - >> Step size and gradient norm: 
2021-07-25 17:35:08,456 - deformetrica.core.estimators.gradient_ascent - INFO - 		7.888E-04   and   3.496E+03 	[ landmark_points ]
2021-07-25 17:35:08,459 - deformetrica.core.estimators.gradient_ascent - INFO - 		2.274E-03   and   1.102E+03 	[ momenta ]
2021-07-25 17:35:09,725 - deformetrica.core.estimators.gradient_ascent - INFO - ------------------------------------- Iteration: 67 -------------------------------------
2021-07-25 17:35:09,726 - deformetrica.core.estimators.gradient_ascent - INFO - >> Log-likelihood = -6.591E+04 	 [ attachment = -5.196E+04 ; regularity = -1.395E+04 ]
2021-07-25 17:35:10,414 - deformetrica.core.estimators.gradient_ascent - INFO - >> Step size and gradient norm: 
2021-07-25 17:35:10,416 - deformetrica.core.estimators.gradient_ascent - INFO - 		3.944E-04   and   4.153E+03 	[ landmark_points ]
2021-07-25 17:35:10,418 - deformetrica.core.estimators.gradient_ascent - INFO - 		2.274E-03   and   1.378E+03 	[ momenta ]
2021-07-25 17:35:11,744 - deformetrica.core.estimators.gradient_ascent - INFO - ------------------------------------- Iteration: 68 -------------------------------------
2021-07-25 17:35:11,745 - deformetrica.core.estimators.gradient_ascent - INFO - >> Log-likelihood = -6.461E+04 	 [ attachment = -5.061E+04 ; regularity = -1.401E+04 ]
2021-07-25 17:35:12,429 - deformetrica.core.estimators.gradient_ascent - INFO - >> Step size and gradient norm: 
2021-07-25 17:35:12,430 - deformetrica.core.estimators.gradient_ascent - INFO - 		3.944E-04   and   2.696E+03 	[ landmark_points ]
2021-07-25 17:35:12,432 - deformetrica.core.estimators.gradient_ascent - INFO - 		1.137E-03   and   8.474E+02 	[ momenta ]
2021-07-25 17:35:12,869 - deformetrica.core.estimators.gradient_ascent - INFO - ------------------------------------- Iteration: 69 -------------------------------------
2021-07-25 17:35:12,870 - deformetrica.core.estimators.gradient_ascent - INFO - >> Log-likelihood = -6.391E+04 	 [ attachment = -4.987E+04 ; regularity = -1.405E+04 ]
2021-07-25 17:35:13,545 - deformetrica.core.estimators.gradient_ascent - INFO - >> Step size and gradient norm: 
2021-07-25 17:35:13,546 - deformetrica.core.estimators.gradient_ascent - INFO - 		5.916E-04   and   1.838E+03 	[ landmark_points ]
2021-07-25 17:35:13,547 - deformetrica.core.estimators.gradient_ascent - INFO - 		1.706E-03   and   7.009E+02 	[ momenta ]
2021-07-25 17:35:14,028 - deformetrica.core.estimators.gradient_ascent - INFO - ------------------------------------- Iteration: 70 -------------------------------------
2021-07-25 17:35:14,029 - deformetrica.core.estimators.gradient_ascent - INFO - >> Log-likelihood = -6.351E+04 	 [ attachment = -4.939E+04 ; regularity = -1.413E+04 ]
2021-07-25 17:35:14,753 - deformetrica.core.estimators.gradient_ascent - INFO - >> Step size and gradient norm: 
2021-07-25 17:35:14,755 - deformetrica.core.estimators.gradient_ascent - INFO - 		8.874E-04   and   2.533E+03 	[ landmark_points ]
2021-07-25 17:35:14,785 - deformetrica.core.estimators.gradient_ascent - INFO - 		2.558E-03   and   7.951E+02 	[ momenta ]
2021-07-25 17:35:16,332 - deformetrica.core.estimators.gradient_ascent - INFO - ------------------------------------- Iteration: 71 -------------------------------------
2021-07-25 17:35:16,334 - deformetrica.core.estimators.gradient_ascent - INFO - >> Log-likelihood = -6.324E+04 	 [ attachment = -4.903E+04 ; regularity = -1.422E+04 ]
2021-07-25 17:35:17,017 - deformetrica.core.estimators.gradient_ascent - INFO - >> Step size and gradient norm: 
2021-07-25 17:35:17,019 - deformetrica.core.estimators.gradient_ascent - INFO - 		4.437E-04   and   3.617E+03 	[ landmark_points ]
2021-07-25 17:35:17,020 - deformetrica.core.estimators.gradient_ascent - INFO - 		2.558E-03   and   1.117E+03 	[ momenta ]
2021-07-25 17:35:18,262 - deformetrica.core.estimators.gradient_ascent - INFO - ------------------------------------- Iteration: 72 -------------------------------------
2021-07-25 17:35:18,263 - deformetrica.core.estimators.gradient_ascent - INFO - >> Log-likelihood = -6.254E+04 	 [ attachment = -4.821E+04 ; regularity = -1.433E+04 ]
2021-07-25 17:35:18,936 - deformetrica.core.estimators.gradient_ascent - INFO - >> Step size and gradient norm: 
2021-07-25 17:35:18,938 - deformetrica.core.estimators.gradient_ascent - INFO - 		2.218E-04   and   3.120E+03 	[ landmark_points ]
2021-07-25 17:35:18,939 - deformetrica.core.estimators.gradient_ascent - INFO - 		2.558E-03   and   1.178E+03 	[ momenta ]
2021-07-25 17:35:19,403 - deformetrica.core.estimators.gradient_ascent - INFO - ------------------------------------- Iteration: 73 -------------------------------------
2021-07-25 17:35:19,404 - deformetrica.core.estimators.gradient_ascent - INFO - >> Log-likelihood = -6.218E+04 	 [ attachment = -4.777E+04 ; regularity = -1.442E+04 ]
2021-07-25 17:35:20,192 - deformetrica.core.estimators.gradient_ascent - INFO - >> Step size and gradient norm: 
2021-07-25 17:35:20,194 - deformetrica.core.estimators.gradient_ascent - INFO - 		3.328E-04   and   3.372E+03 	[ landmark_points ]
2021-07-25 17:35:20,195 - deformetrica.core.estimators.gradient_ascent - INFO - 		3.838E-03   and   1.361E+03 	[ momenta ]
2021-07-25 17:35:21,541 - deformetrica.core.estimators.gradient_ascent - INFO - ------------------------------------- Iteration: 74 -------------------------------------
2021-07-25 17:35:21,542 - deformetrica.core.estimators.gradient_ascent - INFO - >> Log-likelihood = -6.159E+04 	 [ attachment = -4.712E+04 ; regularity = -1.448E+04 ]
2021-07-25 17:35:22,310 - deformetrica.core.estimators.gradient_ascent - INFO - >> Step size and gradient norm: 
2021-07-25 17:35:22,313 - deformetrica.core.estimators.gradient_ascent - INFO - 		3.328E-04   and   3.188E+03 	[ landmark_points ]
2021-07-25 17:35:22,315 - deformetrica.core.estimators.gradient_ascent - INFO - 		1.919E-03   and   1.242E+03 	[ momenta ]
2021-07-25 17:35:22,749 - deformetrica.core.estimators.gradient_ascent - INFO - ------------------------------------- Iteration: 75 -------------------------------------
2021-07-25 17:35:22,751 - deformetrica.core.estimators.gradient_ascent - INFO - >> Log-likelihood = -6.104E+04 	 [ attachment = -4.650E+04 ; regularity = -1.454E+04 ]
2021-07-25 17:35:23,441 - deformetrica.core.estimators.gradient_ascent - INFO - >> Step size and gradient norm: 
2021-07-25 17:35:23,443 - deformetrica.core.estimators.gradient_ascent - INFO - 		4.991E-04   and   3.186E+03 	[ landmark_points ]
2021-07-25 17:35:23,444 - deformetrica.core.estimators.gradient_ascent - INFO - 		2.878E-03   and   1.210E+03 	[ momenta ]
2021-07-25 17:35:24,750 - deformetrica.core.estimators.gradient_ascent - INFO - ------------------------------------- Iteration: 76 -------------------------------------
2021-07-25 17:35:24,752 - deformetrica.core.estimators.gradient_ascent - INFO - >> Log-likelihood = -6.057E+04 	 [ attachment = -4.598E+04 ; regularity = -1.458E+04 ]
2021-07-25 17:35:25,418 - deformetrica.core.estimators.gradient_ascent - INFO - >> Step size and gradient norm: 
2021-07-25 17:35:25,420 - deformetrica.core.estimators.gradient_ascent - INFO - 		4.991E-04   and   3.407E+03 	[ landmark_points ]
2021-07-25 17:35:25,450 - deformetrica.core.estimators.gradient_ascent - INFO - 		1.439E-03   and   1.087E+03 	[ momenta ]
2021-07-25 17:35:26,123 - deformetrica.core.estimators.gradient_ascent - INFO - ------------------------------------- Iteration: 77 -------------------------------------
2021-07-25 17:35:26,124 - deformetrica.core.estimators.gradient_ascent - INFO - >> Log-likelihood = -6.030E+04 	 [ attachment = -4.568E+04 ; regularity = -1.463E+04 ]
2021-07-25 17:35:26,797 - deformetrica.core.estimators.gradient_ascent - INFO - >> Step size and gradient norm: 
2021-07-25 17:35:26,798 - deformetrica.core.estimators.gradient_ascent - INFO - 		7.487E-04   and   3.948E+03 	[ landmark_points ]
2021-07-25 17:35:26,800 - deformetrica.core.estimators.gradient_ascent - INFO - 		2.159E-03   and   1.162E+03 	[ momenta ]
2021-07-25 17:35:28,092 - deformetrica.core.estimators.gradient_ascent - INFO - ------------------------------------- Iteration: 78 -------------------------------------
2021-07-25 17:35:28,093 - deformetrica.core.estimators.gradient_ascent - INFO - >> Log-likelihood = -6.014E+04 	 [ attachment = -4.544E+04 ; regularity = -1.470E+04 ]
2021-07-25 17:35:28,769 - deformetrica.core.estimators.gradient_ascent - INFO - >> Step size and gradient norm: 
2021-07-25 17:35:28,771 - deformetrica.core.estimators.gradient_ascent - INFO - 		3.744E-04   and   4.157E+03 	[ landmark_points ]
2021-07-25 17:35:28,772 - deformetrica.core.estimators.gradient_ascent - INFO - 		2.159E-03   and   1.367E+03 	[ momenta ]
2021-07-25 17:35:30,096 - deformetrica.core.estimators.gradient_ascent - INFO - ------------------------------------- Iteration: 79 -------------------------------------
2021-07-25 17:35:30,097 - deformetrica.core.estimators.gradient_ascent - INFO - >> Log-likelihood = -5.890E+04 	 [ attachment = -4.418E+04 ; regularity = -1.473E+04 ]
2021-07-25 17:35:30,826 - deformetrica.core.estimators.gradient_ascent - INFO - >> Step size and gradient norm: 
2021-07-25 17:35:30,827 - deformetrica.core.estimators.gradient_ascent - INFO - 		3.744E-04   and   2.806E+03 	[ landmark_points ]
2021-07-25 17:35:30,856 - deformetrica.core.estimators.gradient_ascent - INFO - 		1.079E-03   and   7.918E+02 	[ momenta ]
2021-07-25 17:35:31,466 - deformetrica.core.estimators.gradient_ascent - INFO - ------------------------------------- Iteration: 80 -------------------------------------
2021-07-25 17:35:31,467 - deformetrica.core.estimators.gradient_ascent - INFO - >> Log-likelihood = -5.826E+04 	 [ attachment = -4.350E+04 ; regularity = -1.476E+04 ]
2021-07-25 17:35:32,139 - deformetrica.core.estimators.gradient_ascent - INFO - >> Step size and gradient norm: 
2021-07-25 17:35:32,141 - deformetrica.core.estimators.gradient_ascent - INFO - 		5.615E-04   and   1.572E+03 	[ landmark_points ]
2021-07-25 17:35:32,143 - deformetrica.core.estimators.gradient_ascent - INFO - 		1.619E-03   and   6.153E+02 	[ momenta ]
2021-07-25 17:35:32,558 - deformetrica.core.estimators.gradient_ascent - INFO - ------------------------------------- Iteration: 81 -------------------------------------
2021-07-25 17:35:32,560 - deformetrica.core.estimators.gradient_ascent - INFO - >> Log-likelihood = -5.796E+04 	 [ attachment = -4.315E+04 ; regularity = -1.481E+04 ]
2021-07-25 17:35:33,273 - deformetrica.core.estimators.gradient_ascent - INFO - >> Step size and gradient norm: 
2021-07-25 17:35:33,275 - deformetrica.core.estimators.gradient_ascent - INFO - 		8.423E-04   and   2.386E+03 	[ landmark_points ]
2021-07-25 17:35:33,278 - deformetrica.core.estimators.gradient_ascent - INFO - 		2.429E-03   and   7.080E+02 	[ momenta ]
2021-07-25 17:35:34,606 - deformetrica.core.estimators.gradient_ascent - INFO - ------------------------------------- Iteration: 82 -------------------------------------
2021-07-25 17:35:34,607 - deformetrica.core.estimators.gradient_ascent - INFO - >> Log-likelihood = -5.770E+04 	 [ attachment = -4.280E+04 ; regularity = -1.490E+04 ]
2021-07-25 17:35:35,324 - deformetrica.core.estimators.gradient_ascent - INFO - >> Step size and gradient norm: 
2021-07-25 17:35:35,325 - deformetrica.core.estimators.gradient_ascent - INFO - 		4.211E-04   and   2.836E+03 	[ landmark_points ]
2021-07-25 17:35:35,328 - deformetrica.core.estimators.gradient_ascent - INFO - 		2.429E-03   and   9.439E+02 	[ momenta ]
2021-07-25 17:35:36,569 - deformetrica.core.estimators.gradient_ascent - INFO - ------------------------------------- Iteration: 83 -------------------------------------
2021-07-25 17:35:36,570 - deformetrica.core.estimators.gradient_ascent - INFO - >> Log-likelihood = -5.702E+04 	 [ attachment = -4.205E+04 ; regularity = -1.497E+04 ]
2021-07-25 17:35:37,392 - deformetrica.core.estimators.gradient_ascent - INFO - >> Step size and gradient norm: 
2021-07-25 17:35:37,394 - deformetrica.core.estimators.gradient_ascent - INFO - 		2.106E-04   and   2.428E+03 	[ landmark_points ]
2021-07-25 17:35:37,395 - deformetrica.core.estimators.gradient_ascent - INFO - 		2.429E-03   and   9.350E+02 	[ momenta ]
2021-07-25 17:35:37,813 - deformetrica.core.estimators.gradient_ascent - INFO - ------------------------------------- Iteration: 84 -------------------------------------
2021-07-25 17:35:37,814 - deformetrica.core.estimators.gradient_ascent - INFO - >> Log-likelihood = -5.653E+04 	 [ attachment = -4.149E+04 ; regularity = -1.504E+04 ]
2021-07-25 17:35:38,531 - deformetrica.core.estimators.gradient_ascent - INFO - >> Step size and gradient norm: 
2021-07-25 17:35:38,532 - deformetrica.core.estimators.gradient_ascent - INFO - 		3.159E-04   and   2.184E+03 	[ landmark_points ]
2021-07-25 17:35:38,534 - deformetrica.core.estimators.gradient_ascent - INFO - 		3.643E-03   and   9.623E+02 	[ momenta ]
2021-07-25 17:35:39,835 - deformetrica.core.estimators.gradient_ascent - INFO - ------------------------------------- Iteration: 85 -------------------------------------
2021-07-25 17:35:39,836 - deformetrica.core.estimators.gradient_ascent - INFO - >> Log-likelihood = -5.593E+04 	 [ attachment = -4.082E+04 ; regularity = -1.510E+04 ]
2021-07-25 17:35:40,601 - deformetrica.core.estimators.gradient_ascent - INFO - >> Step size and gradient norm: 
2021-07-25 17:35:40,602 - deformetrica.core.estimators.gradient_ascent - INFO - 		3.159E-04   and   2.119E+03 	[ landmark_points ]
2021-07-25 17:35:40,605 - deformetrica.core.estimators.gradient_ascent - INFO - 		1.821E-03   and   8.580E+02 	[ momenta ]
2021-07-25 17:35:41,014 - deformetrica.core.estimators.gradient_ascent - INFO - ------------------------------------- Iteration: 86 -------------------------------------
2021-07-25 17:35:41,015 - deformetrica.core.estimators.gradient_ascent - INFO - >> Log-likelihood = -5.537E+04 	 [ attachment = -4.020E+04 ; regularity = -1.516E+04 ]
2021-07-25 17:35:41,709 - deformetrica.core.estimators.gradient_ascent - INFO - >> Step size and gradient norm: 
2021-07-25 17:35:41,711 - deformetrica.core.estimators.gradient_ascent - INFO - 		4.738E-04   and   1.714E+03 	[ landmark_points ]
2021-07-25 17:35:41,738 - deformetrica.core.estimators.gradient_ascent - INFO - 		2.732E-03   and   7.734E+02 	[ momenta ]
2021-07-25 17:35:43,081 - deformetrica.core.estimators.gradient_ascent - INFO - ------------------------------------- Iteration: 87 -------------------------------------
2021-07-25 17:35:43,082 - deformetrica.core.estimators.gradient_ascent - INFO - >> Log-likelihood = -5.491E+04 	 [ attachment = -3.970E+04 ; regularity = -1.521E+04 ]
2021-07-25 17:35:43,816 - deformetrica.core.estimators.gradient_ascent - INFO - >> Step size and gradient norm: 
2021-07-25 17:35:43,817 - deformetrica.core.estimators.gradient_ascent - INFO - 		4.738E-04   and   1.861E+03 	[ landmark_points ]
2021-07-25 17:35:43,818 - deformetrica.core.estimators.gradient_ascent - INFO - 		1.366E-03   and   7.027E+02 	[ momenta ]
2021-07-25 17:35:44,220 - deformetrica.core.estimators.gradient_ascent - INFO - ------------------------------------- Iteration: 88 -------------------------------------
2021-07-25 17:35:44,221 - deformetrica.core.estimators.gradient_ascent - INFO - >> Log-likelihood = -5.457E+04 	 [ attachment = -3.931E+04 ; regularity = -1.526E+04 ]
2021-07-25 17:35:44,939 - deformetrica.core.estimators.gradient_ascent - INFO - >> Step size and gradient norm: 
2021-07-25 17:35:44,941 - deformetrica.core.estimators.gradient_ascent - INFO - 		7.107E-04   and   1.778E+03 	[ landmark_points ]
2021-07-25 17:35:44,942 - deformetrica.core.estimators.gradient_ascent - INFO - 		2.049E-03   and   6.729E+02 	[ momenta ]
2021-07-25 17:35:46,231 - deformetrica.core.estimators.gradient_ascent - INFO - ------------------------------------- Iteration: 89 -------------------------------------
2021-07-25 17:35:46,233 - deformetrica.core.estimators.gradient_ascent - INFO - >> Log-likelihood = -5.413E+04 	 [ attachment = -3.881E+04 ; regularity = -1.532E+04 ]
2021-07-25 17:35:46,916 - deformetrica.core.estimators.gradient_ascent - INFO - >> Step size and gradient norm: 
2021-07-25 17:35:46,918 - deformetrica.core.estimators.gradient_ascent - INFO - 		3.553E-04   and   1.841E+03 	[ landmark_points ]
2021-07-25 17:35:46,946 - deformetrica.core.estimators.gradient_ascent - INFO - 		2.049E-03   and   7.294E+02 	[ momenta ]
2021-07-25 17:35:47,624 - deformetrica.core.estimators.gradient_ascent - INFO - ------------------------------------- Iteration: 90 -------------------------------------
2021-07-25 17:35:47,625 - deformetrica.core.estimators.gradient_ascent - INFO - >> Log-likelihood = -5.375E+04 	 [ attachment = -3.836E+04 ; regularity = -1.539E+04 ]
2021-07-25 17:35:48,345 - deformetrica.core.estimators.gradient_ascent - INFO - >> Step size and gradient norm: 
2021-07-25 17:35:48,347 - deformetrica.core.estimators.gradient_ascent - INFO - 		5.330E-04   and   1.910E+03 	[ landmark_points ]
2021-07-25 17:35:48,348 - deformetrica.core.estimators.gradient_ascent - INFO - 		3.074E-03   and   7.508E+02 	[ momenta ]
2021-07-25 17:35:49,655 - deformetrica.core.estimators.gradient_ascent - INFO - ------------------------------------- Iteration: 91 -------------------------------------
2021-07-25 17:35:49,656 - deformetrica.core.estimators.gradient_ascent - INFO - >> Log-likelihood = -5.354E+04 	 [ attachment = -3.809E+04 ; regularity = -1.544E+04 ]
2021-07-25 17:35:50,338 - deformetrica.core.estimators.gradient_ascent - INFO - >> Step size and gradient norm: 
2021-07-25 17:35:50,339 - deformetrica.core.estimators.gradient_ascent - INFO - 		5.330E-04   and   2.526E+03 	[ landmark_points ]
2021-07-25 17:35:50,341 - deformetrica.core.estimators.gradient_ascent - INFO - 		1.537E-03   and   8.445E+02 	[ momenta ]
2021-07-25 17:35:50,776 - deformetrica.core.estimators.gradient_ascent - INFO - ------------------------------------- Iteration: 92 -------------------------------------
2021-07-25 17:35:50,777 - deformetrica.core.estimators.gradient_ascent - INFO - >> Log-likelihood = -5.345E+04 	 [ attachment = -3.796E+04 ; regularity = -1.549E+04 ]
2021-07-25 17:35:51,558 - deformetrica.core.estimators.gradient_ascent - INFO - >> Step size and gradient norm: 
2021-07-25 17:35:51,561 - deformetrica.core.estimators.gradient_ascent - INFO - 		7.995E-04   and   3.113E+03 	[ landmark_points ]
2021-07-25 17:35:51,565 - deformetrica.core.estimators.gradient_ascent - INFO - 		2.305E-03   and   9.681E+02 	[ momenta ]
2021-07-25 17:35:53,039 - deformetrica.core.estimators.gradient_ascent - INFO - >> Step size and gradient norm: 
2021-07-25 17:35:53,040 - deformetrica.core.estimators.gradient_ascent - INFO - 		3.998E-04   and   3.113E+03 	[ landmark_points ]
2021-07-25 17:35:53,041 - deformetrica.core.estimators.gradient_ascent - INFO - 		1.153E-03   and   9.681E+02 	[ momenta ]
2021-07-25 17:35:53,514 - deformetrica.core.estimators.gradient_ascent - INFO - ------------------------------------- Iteration: 93 -------------------------------------
2021-07-25 17:35:53,516 - deformetrica.core.estimators.gradient_ascent - INFO - >> Log-likelihood = -5.278E+04 	 [ attachment = -3.725E+04 ; regularity = -1.553E+04 ]
2021-07-25 17:35:54,319 - deformetrica.core.estimators.gradient_ascent - INFO - >> Step size and gradient norm: 
2021-07-25 17:35:54,324 - deformetrica.core.estimators.gradient_ascent - INFO - 		5.996E-04   and   2.239E+03 	[ landmark_points ]
2021-07-25 17:35:54,328 - deformetrica.core.estimators.gradient_ascent - INFO - 		1.729E-03   and   7.500E+02 	[ momenta ]
2021-07-25 17:35:55,754 - deformetrica.core.estimators.gradient_ascent - INFO - ------------------------------------- Iteration: 94 -------------------------------------
2021-07-25 17:35:55,756 - deformetrica.core.estimators.gradient_ascent - INFO - >> Log-likelihood = -5.230E+04 	 [ attachment = -3.672E+04 ; regularity = -1.558E+04 ]
2021-07-25 17:35:56,494 - deformetrica.core.estimators.gradient_ascent - INFO - >> Step size and gradient norm: 
2021-07-25 17:35:56,495 - deformetrica.core.estimators.gradient_ascent - INFO - 		2.998E-04   and   1.490E+03 	[ landmark_points ]
2021-07-25 17:35:56,498 - deformetrica.core.estimators.gradient_ascent - INFO - 		1.729E-03   and   6.374E+02 	[ momenta ]
2021-07-25 17:35:57,045 - deformetrica.core.estimators.gradient_ascent - INFO - ------------------------------------- Iteration: 95 -------------------------------------
2021-07-25 17:35:57,046 - deformetrica.core.estimators.gradient_ascent - INFO - >> Log-likelihood = -5.187E+04 	 [ attachment = -3.623E+04 ; regularity = -1.564E+04 ]
2021-07-25 17:35:57,851 - deformetrica.core.estimators.gradient_ascent - INFO - >> Step size and gradient norm: 
2021-07-25 17:35:57,853 - deformetrica.core.estimators.gradient_ascent - INFO - 		4.497E-04   and   1.262E+03 	[ landmark_points ]
2021-07-25 17:35:57,855 - deformetrica.core.estimators.gradient_ascent - INFO - 		2.593E-03   and   5.580E+02 	[ momenta ]
2021-07-25 17:35:58,377 - deformetrica.core.estimators.gradient_ascent - INFO - ------------------------------------- Iteration: 96 -------------------------------------
2021-07-25 17:35:58,378 - deformetrica.core.estimators.gradient_ascent - INFO - >> Log-likelihood = -5.164E+04 	 [ attachment = -3.593E+04 ; regularity = -1.571E+04 ]
2021-07-25 17:35:59,191 - deformetrica.core.estimators.gradient_ascent - INFO - >> Step size and gradient norm: 
2021-07-25 17:35:59,192 - deformetrica.core.estimators.gradient_ascent - INFO - 		6.746E-04   and   1.962E+03 	[ landmark_points ]
2021-07-25 17:35:59,194 - deformetrica.core.estimators.gradient_ascent - INFO - 		3.890E-03   and   7.585E+02 	[ momenta ]
2021-07-25 17:36:00,575 - deformetrica.core.estimators.gradient_ascent - INFO - >> Step size and gradient norm: 
2021-07-25 17:36:00,576 - deformetrica.core.estimators.gradient_ascent - INFO - 		3.373E-04   and   1.962E+03 	[ landmark_points ]
2021-07-25 17:36:00,577 - deformetrica.core.estimators.gradient_ascent - INFO - 		1.945E-03   and   7.585E+02 	[ momenta ]
2021-07-25 17:36:00,995 - deformetrica.core.estimators.gradient_ascent - INFO - ------------------------------------- Iteration: 97 -------------------------------------
2021-07-25 17:36:00,998 - deformetrica.core.estimators.gradient_ascent - INFO - >> Log-likelihood = -5.135E+04 	 [ attachment = -3.557E+04 ; regularity = -1.579E+04 ]
2021-07-25 17:36:01,689 - deformetrica.core.estimators.gradient_ascent - INFO - >> Step size and gradient norm: 
2021-07-25 17:36:01,691 - deformetrica.core.estimators.gradient_ascent - INFO - 		5.059E-04   and   2.004E+03 	[ landmark_points ]
2021-07-25 17:36:01,693 - deformetrica.core.estimators.gradient_ascent - INFO - 		2.918E-03   and   8.108E+02 	[ momenta ]
2021-07-25 17:36:02,962 - deformetrica.core.estimators.gradient_ascent - INFO - ------------------------------------- Iteration: 98 -------------------------------------
2021-07-25 17:36:02,963 - deformetrica.core.estimators.gradient_ascent - INFO - >> Log-likelihood = -5.123E+04 	 [ attachment = -3.541E+04 ; regularity = -1.581E+04 ]
2021-07-25 17:36:03,688 - deformetrica.core.estimators.gradient_ascent - INFO - >> Step size and gradient norm: 
2021-07-25 17:36:03,690 - deformetrica.core.estimators.gradient_ascent - INFO - 		5.059E-04   and   2.552E+03 	[ landmark_points ]
2021-07-25 17:36:03,691 - deformetrica.core.estimators.gradient_ascent - INFO - 		1.459E-03   and   8.021E+02 	[ momenta ]
2021-07-25 17:36:04,121 - deformetrica.core.estimators.gradient_ascent - INFO - Tolerance threshold met. Stopping the optimization process.
2021-07-25 17:36:05,012 - root - INFO - >> Estimation took: 02 minutes and 49 seconds
