2021-08-03 15:46:49,259 - root - ERROR - Logger has been set to: INFO
2021-08-03 15:46:49,273 - root - INFO - OMP_NUM_THREADS was not found in environment variables. An automatic value will be set.
2021-08-03 15:46:49,287 - root - INFO - OMP_NUM_THREADS will be set to 2
2021-08-03 15:46:49,289 - root - INFO - >> No specified state-file. By default, Deformetrica state will by saved in file: output/deformetrica-state.p.
2021-08-03 15:46:49,291 - root - INFO - >> Removing the pre-existing state file with same path.
2021-08-03 15:46:49,333 - deformetrica.core.models.model_functions - INFO - >> Reading 200 initial control points from file images/mask_initial_control_points/mask_03_initial_control_points.txt.
2021-08-03 15:46:49,335 - deformetrica.core.models.model_functions - INFO - >> Momenta initialized to zero, for 5 subjects.
2021-08-03 15:46:49,337 - root - INFO - >> Started estimator: GradientAscent
2021-08-03 15:46:50,167 - deformetrica.core.estimators.gradient_ascent - INFO - ------------------------------------- Iteration: 0 -------------------------------------
2021-08-03 15:46:50,169 - deformetrica.core.estimators.gradient_ascent - INFO - >> Log-likelihood = -1.809E+07 	 [ attachment = -1.809E+07 ; regularity = 0.000E+00 ]
2021-08-03 15:46:50,170 - deformetrica.core.estimators.gradient_ascent - INFO - >> Step size and gradient norm: 
2021-08-03 15:46:50,171 - deformetrica.core.estimators.gradient_ascent - INFO - 		1.051E-06   and   9.518E+05 	[ landmark_points ]
2021-08-03 15:46:50,173 - deformetrica.core.estimators.gradient_ascent - INFO - 		3.029E-06   and   3.301E+05 	[ momenta ]
2021-08-03 15:46:50,541 - deformetrica.core.estimators.gradient_ascent - INFO - ------------------------------------- Iteration: 1 -------------------------------------
2021-08-03 15:46:50,542 - deformetrica.core.estimators.gradient_ascent - INFO - >> Log-likelihood = -1.759E+07 	 [ attachment = -1.759E+07 ; regularity = -1.777E+00 ]
2021-08-03 15:46:51,098 - deformetrica.core.estimators.gradient_ascent - INFO - >> Step size and gradient norm: 
2021-08-03 15:46:51,099 - deformetrica.core.estimators.gradient_ascent - INFO - 		1.576E-06   and   9.226E+05 	[ landmark_points ]
2021-08-03 15:46:51,100 - deformetrica.core.estimators.gradient_ascent - INFO - 		4.544E-06   and   3.237E+05 	[ momenta ]
2021-08-03 15:46:51,441 - deformetrica.core.estimators.gradient_ascent - INFO - ------------------------------------- Iteration: 2 -------------------------------------
2021-08-03 15:46:51,443 - deformetrica.core.estimators.gradient_ascent - INFO - >> Log-likelihood = -1.688E+07 	 [ attachment = -1.688E+07 ; regularity = -1.084E+01 ]
2021-08-03 15:46:52,011 - deformetrica.core.estimators.gradient_ascent - INFO - >> Step size and gradient norm: 
2021-08-03 15:46:52,012 - deformetrica.core.estimators.gradient_ascent - INFO - 		2.364E-06   and   8.795E+05 	[ landmark_points ]
2021-08-03 15:46:52,013 - deformetrica.core.estimators.gradient_ascent - INFO - 		6.816E-06   and   3.143E+05 	[ momenta ]
2021-08-03 15:46:52,373 - deformetrica.core.estimators.gradient_ascent - INFO - ------------------------------------- Iteration: 3 -------------------------------------
2021-08-03 15:46:52,374 - deformetrica.core.estimators.gradient_ascent - INFO - >> Log-likelihood = -1.589E+07 	 [ attachment = -1.589E+07 ; regularity = -3.777E+01 ]
2021-08-03 15:46:52,924 - deformetrica.core.estimators.gradient_ascent - INFO - >> Step size and gradient norm: 
2021-08-03 15:46:52,925 - deformetrica.core.estimators.gradient_ascent - INFO - 		3.546E-06   and   8.166E+05 	[ landmark_points ]
2021-08-03 15:46:52,926 - deformetrica.core.estimators.gradient_ascent - INFO - 		1.022E-05   and   3.005E+05 	[ momenta ]
2021-08-03 15:46:53,271 - deformetrica.core.estimators.gradient_ascent - INFO - ------------------------------------- Iteration: 4 -------------------------------------
2021-08-03 15:46:53,272 - deformetrica.core.estimators.gradient_ascent - INFO - >> Log-likelihood = -1.458E+07 	 [ attachment = -1.458E+07 ; regularity = -1.047E+02 ]
2021-08-03 15:46:53,805 - deformetrica.core.estimators.gradient_ascent - INFO - >> Step size and gradient norm: 
2021-08-03 15:46:53,806 - deformetrica.core.estimators.gradient_ascent - INFO - 		5.319E-06   and   7.271E+05 	[ landmark_points ]
2021-08-03 15:46:53,807 - deformetrica.core.estimators.gradient_ascent - INFO - 		1.534E-05   and   2.806E+05 	[ momenta ]
2021-08-03 15:46:54,148 - deformetrica.core.estimators.gradient_ascent - INFO - ------------------------------------- Iteration: 5 -------------------------------------
2021-08-03 15:46:54,150 - deformetrica.core.estimators.gradient_ascent - INFO - >> Log-likelihood = -1.293E+07 	 [ attachment = -1.293E+07 ; regularity = -2.540E+02 ]
2021-08-03 15:46:54,695 - deformetrica.core.estimators.gradient_ascent - INFO - >> Step size and gradient norm: 
2021-08-03 15:46:54,697 - deformetrica.core.estimators.gradient_ascent - INFO - 		7.978E-06   and   6.059E+05 	[ landmark_points ]
2021-08-03 15:46:54,698 - deformetrica.core.estimators.gradient_ascent - INFO - 		2.300E-05   and   2.529E+05 	[ momenta ]
2021-08-03 15:46:55,043 - deformetrica.core.estimators.gradient_ascent - INFO - ------------------------------------- Iteration: 6 -------------------------------------
2021-08-03 15:46:55,044 - deformetrica.core.estimators.gradient_ascent - INFO - >> Log-likelihood = -1.104E+07 	 [ attachment = -1.104E+07 ; regularity = -5.572E+02 ]
2021-08-03 15:46:55,670 - deformetrica.core.estimators.gradient_ascent - INFO - >> Step size and gradient norm: 
2021-08-03 15:46:55,671 - deformetrica.core.estimators.gradient_ascent - INFO - 		1.197E-05   and   4.563E+05 	[ landmark_points ]
2021-08-03 15:46:55,673 - deformetrica.core.estimators.gradient_ascent - INFO - 		3.451E-05   and   2.169E+05 	[ momenta ]
2021-08-03 15:46:56,012 - deformetrica.core.estimators.gradient_ascent - INFO - ------------------------------------- Iteration: 7 -------------------------------------
2021-08-03 15:46:56,014 - deformetrica.core.estimators.gradient_ascent - INFO - >> Log-likelihood = -9.105E+06 	 [ attachment = -9.104E+06 ; regularity = -1.110E+03 ]
2021-08-03 15:46:56,583 - deformetrica.core.estimators.gradient_ascent - INFO - >> Step size and gradient norm: 
2021-08-03 15:46:56,585 - deformetrica.core.estimators.gradient_ascent - INFO - 		1.795E-05   and   3.013E+05 	[ landmark_points ]
2021-08-03 15:46:56,586 - deformetrica.core.estimators.gradient_ascent - INFO - 		5.176E-05   and   1.743E+05 	[ momenta ]
2021-08-03 15:46:56,923 - deformetrica.core.estimators.gradient_ascent - INFO - ------------------------------------- Iteration: 8 -------------------------------------
2021-08-03 15:46:56,924 - deformetrica.core.estimators.gradient_ascent - INFO - >> Log-likelihood = -7.386E+06 	 [ attachment = -7.384E+06 ; regularity = -1.994E+03 ]
2021-08-03 15:46:57,480 - deformetrica.core.estimators.gradient_ascent - INFO - >> Step size and gradient norm: 
2021-08-03 15:46:57,481 - deformetrica.core.estimators.gradient_ascent - INFO - 		2.693E-05   and   1.818E+05 	[ landmark_points ]
2021-08-03 15:46:57,482 - deformetrica.core.estimators.gradient_ascent - INFO - 		7.764E-05   and   1.302E+05 	[ momenta ]
2021-08-03 15:46:57,809 - deformetrica.core.estimators.gradient_ascent - INFO - ------------------------------------- Iteration: 9 -------------------------------------
2021-08-03 15:46:57,811 - deformetrica.core.estimators.gradient_ascent - INFO - >> Log-likelihood = -6.063E+06 	 [ attachment = -6.060E+06 ; regularity = -3.185E+03 ]
2021-08-03 15:46:58,373 - deformetrica.core.estimators.gradient_ascent - INFO - >> Step size and gradient norm: 
2021-08-03 15:46:58,374 - deformetrica.core.estimators.gradient_ascent - INFO - 		4.039E-05   and   1.208E+05 	[ landmark_points ]
2021-08-03 15:46:58,375 - deformetrica.core.estimators.gradient_ascent - INFO - 		1.165E-04   and   8.892E+04 	[ momenta ]
2021-08-03 15:46:58,725 - deformetrica.core.estimators.gradient_ascent - INFO - ------------------------------------- Iteration: 10 -------------------------------------
2021-08-03 15:46:58,726 - deformetrica.core.estimators.gradient_ascent - INFO - >> Log-likelihood = -5.136E+06 	 [ attachment = -5.131E+06 ; regularity = -4.471E+03 ]
2021-08-03 15:46:59,301 - deformetrica.core.estimators.gradient_ascent - INFO - >> Step size and gradient norm: 
2021-08-03 15:46:59,302 - deformetrica.core.estimators.gradient_ascent - INFO - 		6.059E-05   and   9.939E+04 	[ landmark_points ]
2021-08-03 15:46:59,303 - deformetrica.core.estimators.gradient_ascent - INFO - 		1.747E-04   and   6.224E+04 	[ momenta ]
2021-08-03 15:46:59,643 - deformetrica.core.estimators.gradient_ascent - INFO - ------------------------------------- Iteration: 11 -------------------------------------
2021-08-03 15:46:59,644 - deformetrica.core.estimators.gradient_ascent - INFO - >> Log-likelihood = -4.422E+06 	 [ attachment = -4.416E+06 ; regularity = -5.677E+03 ]
2021-08-03 15:47:00,210 - deformetrica.core.estimators.gradient_ascent - INFO - >> Step size and gradient norm: 
2021-08-03 15:47:00,211 - deformetrica.core.estimators.gradient_ascent - INFO - 		9.088E-05   and   1.027E+05 	[ landmark_points ]
2021-08-03 15:47:00,213 - deformetrica.core.estimators.gradient_ascent - INFO - 		2.620E-04   and   5.625E+04 	[ momenta ]
2021-08-03 15:47:00,559 - deformetrica.core.estimators.gradient_ascent - INFO - ------------------------------------- Iteration: 12 -------------------------------------
2021-08-03 15:47:00,560 - deformetrica.core.estimators.gradient_ascent - INFO - >> Log-likelihood = -4.315E+06 	 [ attachment = -4.307E+06 ; regularity = -7.475E+03 ]
2021-08-03 15:47:01,112 - deformetrica.core.estimators.gradient_ascent - INFO - >> Step size and gradient norm: 
2021-08-03 15:47:01,113 - deformetrica.core.estimators.gradient_ascent - INFO - 		1.363E-04   and   2.418E+05 	[ landmark_points ]
2021-08-03 15:47:01,114 - deformetrica.core.estimators.gradient_ascent - INFO - 		3.931E-04   and   1.130E+05 	[ momenta ]
2021-08-03 15:47:02,124 - deformetrica.core.estimators.gradient_ascent - INFO - >> Step size and gradient norm: 
2021-08-03 15:47:02,125 - deformetrica.core.estimators.gradient_ascent - INFO - 		6.816E-05   and   2.418E+05 	[ landmark_points ]
2021-08-03 15:47:02,127 - deformetrica.core.estimators.gradient_ascent - INFO - 		1.965E-04   and   1.130E+05 	[ momenta ]
2021-08-03 15:47:03,064 - deformetrica.core.estimators.gradient_ascent - INFO - ------------------------------------- Iteration: 13 -------------------------------------
2021-08-03 15:47:03,065 - deformetrica.core.estimators.gradient_ascent - INFO - >> Log-likelihood = -4.267E+06 	 [ attachment = -4.258E+06 ; regularity = -8.362E+03 ]
2021-08-03 15:47:03,617 - deformetrica.core.estimators.gradient_ascent - INFO - >> Step size and gradient norm: 
2021-08-03 15:47:03,619 - deformetrica.core.estimators.gradient_ascent - INFO - 		3.408E-05   and   2.804E+05 	[ landmark_points ]
2021-08-03 15:47:03,621 - deformetrica.core.estimators.gradient_ascent - INFO - 		1.965E-04   and   1.250E+05 	[ momenta ]
2021-08-03 15:47:04,608 - deformetrica.core.estimators.gradient_ascent - INFO - ------------------------------------- Iteration: 14 -------------------------------------
2021-08-03 15:47:04,609 - deformetrica.core.estimators.gradient_ascent - INFO - >> Log-likelihood = -3.864E+06 	 [ attachment = -3.856E+06 ; regularity = -8.541E+03 ]
2021-08-03 15:47:05,152 - deformetrica.core.estimators.gradient_ascent - INFO - >> Step size and gradient norm: 
2021-08-03 15:47:05,154 - deformetrica.core.estimators.gradient_ascent - INFO - 		3.408E-05   and   1.940E+05 	[ landmark_points ]
2021-08-03 15:47:05,155 - deformetrica.core.estimators.gradient_ascent - INFO - 		9.826E-05   and   1.180E+05 	[ momenta ]
2021-08-03 15:47:05,507 - deformetrica.core.estimators.gradient_ascent - INFO - ------------------------------------- Iteration: 15 -------------------------------------
2021-08-03 15:47:05,508 - deformetrica.core.estimators.gradient_ascent - INFO - >> Log-likelihood = -3.498E+06 	 [ attachment = -3.489E+06 ; regularity = -9.014E+03 ]
2021-08-03 15:47:06,136 - deformetrica.core.estimators.gradient_ascent - INFO - >> Step size and gradient norm: 
2021-08-03 15:47:06,137 - deformetrica.core.estimators.gradient_ascent - INFO - 		5.112E-05   and   2.003E+05 	[ landmark_points ]
2021-08-03 15:47:06,139 - deformetrica.core.estimators.gradient_ascent - INFO - 		1.474E-04   and   1.090E+05 	[ momenta ]
2021-08-03 15:47:07,115 - deformetrica.core.estimators.gradient_ascent - INFO - ------------------------------------- Iteration: 16 -------------------------------------
2021-08-03 15:47:07,115 - deformetrica.core.estimators.gradient_ascent - INFO - >> Log-likelihood = -3.468E+06 	 [ attachment = -3.459E+06 ; regularity = -9.194E+03 ]
2021-08-03 15:47:07,696 - deformetrica.core.estimators.gradient_ascent - INFO - >> Step size and gradient norm: 
2021-08-03 15:47:07,697 - deformetrica.core.estimators.gradient_ascent - INFO - 		5.112E-05   and   2.899E+05 	[ landmark_points ]
2021-08-03 15:47:07,698 - deformetrica.core.estimators.gradient_ascent - INFO - 		7.370E-05   and   1.116E+05 	[ momenta ]
2021-08-03 15:47:08,709 - deformetrica.core.estimators.gradient_ascent - INFO - ------------------------------------- Iteration: 17 -------------------------------------
2021-08-03 15:47:08,710 - deformetrica.core.estimators.gradient_ascent - INFO - >> Log-likelihood = -3.017E+06 	 [ attachment = -3.008E+06 ; regularity = -9.567E+03 ]
2021-08-03 15:47:09,247 - deformetrica.core.estimators.gradient_ascent - INFO - >> Step size and gradient norm: 
2021-08-03 15:47:09,248 - deformetrica.core.estimators.gradient_ascent - INFO - 		2.556E-05   and   2.155E+05 	[ landmark_points ]
2021-08-03 15:47:09,249 - deformetrica.core.estimators.gradient_ascent - INFO - 		7.370E-05   and   9.374E+04 	[ momenta ]
2021-08-03 15:47:09,586 - deformetrica.core.estimators.gradient_ascent - INFO - ------------------------------------- Iteration: 18 -------------------------------------
2021-08-03 15:47:09,587 - deformetrica.core.estimators.gradient_ascent - INFO - >> Log-likelihood = -2.920E+06 	 [ attachment = -2.910E+06 ; regularity = -9.729E+03 ]
2021-08-03 15:47:10,137 - deformetrica.core.estimators.gradient_ascent - INFO - >> Step size and gradient norm: 
2021-08-03 15:47:10,138 - deformetrica.core.estimators.gradient_ascent - INFO - 		3.834E-05   and   2.255E+05 	[ landmark_points ]
2021-08-03 15:47:10,139 - deformetrica.core.estimators.gradient_ascent - INFO - 		1.105E-04   and   9.028E+04 	[ momenta ]
2021-08-03 15:47:11,132 - deformetrica.core.estimators.gradient_ascent - INFO - >> Step size and gradient norm: 
2021-08-03 15:47:11,133 - deformetrica.core.estimators.gradient_ascent - INFO - 		1.917E-05   and   2.255E+05 	[ landmark_points ]
2021-08-03 15:47:11,134 - deformetrica.core.estimators.gradient_ascent - INFO - 		5.527E-05   and   9.028E+04 	[ momenta ]
2021-08-03 15:47:11,474 - deformetrica.core.estimators.gradient_ascent - INFO - ------------------------------------- Iteration: 19 -------------------------------------
2021-08-03 15:47:11,475 - deformetrica.core.estimators.gradient_ascent - INFO - >> Log-likelihood = -2.673E+06 	 [ attachment = -2.663E+06 ; regularity = -9.928E+03 ]
2021-08-03 15:47:12,022 - deformetrica.core.estimators.gradient_ascent - INFO - >> Step size and gradient norm: 
2021-08-03 15:47:12,023 - deformetrica.core.estimators.gradient_ascent - INFO - 		2.876E-05   and   1.293E+05 	[ landmark_points ]
2021-08-03 15:47:12,024 - deformetrica.core.estimators.gradient_ascent - INFO - 		8.291E-05   and   5.665E+04 	[ momenta ]
2021-08-03 15:47:12,979 - deformetrica.core.estimators.gradient_ascent - INFO - ------------------------------------- Iteration: 20 -------------------------------------
2021-08-03 15:47:12,980 - deformetrica.core.estimators.gradient_ascent - INFO - >> Log-likelihood = -2.598E+06 	 [ attachment = -2.588E+06 ; regularity = -1.012E+04 ]
2021-08-03 15:47:13,537 - deformetrica.core.estimators.gradient_ascent - INFO - >> Step size and gradient norm: 
2021-08-03 15:47:13,538 - deformetrica.core.estimators.gradient_ascent - INFO - 		1.438E-05   and   1.136E+05 	[ landmark_points ]
2021-08-03 15:47:13,540 - deformetrica.core.estimators.gradient_ascent - INFO - 		8.291E-05   and   5.500E+04 	[ momenta ]
2021-08-03 15:47:13,904 - deformetrica.core.estimators.gradient_ascent - INFO - ------------------------------------- Iteration: 21 -------------------------------------
2021-08-03 15:47:13,905 - deformetrica.core.estimators.gradient_ascent - INFO - >> Log-likelihood = -2.546E+06 	 [ attachment = -2.536E+06 ; regularity = -1.035E+04 ]
2021-08-03 15:47:14,461 - deformetrica.core.estimators.gradient_ascent - INFO - >> Step size and gradient norm: 
2021-08-03 15:47:14,462 - deformetrica.core.estimators.gradient_ascent - INFO - 		2.157E-05   and   1.123E+05 	[ landmark_points ]
2021-08-03 15:47:14,463 - deformetrica.core.estimators.gradient_ascent - INFO - 		1.244E-04   and   5.557E+04 	[ momenta ]
2021-08-03 15:47:15,444 - deformetrica.core.estimators.gradient_ascent - INFO - ------------------------------------- Iteration: 22 -------------------------------------
2021-08-03 15:47:15,445 - deformetrica.core.estimators.gradient_ascent - INFO - >> Log-likelihood = -2.496E+06 	 [ attachment = -2.485E+06 ; regularity = -1.047E+04 ]
2021-08-03 15:47:15,982 - deformetrica.core.estimators.gradient_ascent - INFO - >> Step size and gradient norm: 
2021-08-03 15:47:15,983 - deformetrica.core.estimators.gradient_ascent - INFO - 		2.157E-05   and   1.113E+05 	[ landmark_points ]
2021-08-03 15:47:15,984 - deformetrica.core.estimators.gradient_ascent - INFO - 		6.218E-05   and   4.850E+04 	[ momenta ]
2021-08-03 15:47:16,321 - deformetrica.core.estimators.gradient_ascent - INFO - ------------------------------------- Iteration: 23 -------------------------------------
2021-08-03 15:47:16,323 - deformetrica.core.estimators.gradient_ascent - INFO - >> Log-likelihood = -2.453E+06 	 [ attachment = -2.442E+06 ; regularity = -1.062E+04 ]
2021-08-03 15:47:16,942 - deformetrica.core.estimators.gradient_ascent - INFO - >> Step size and gradient norm: 
2021-08-03 15:47:16,943 - deformetrica.core.estimators.gradient_ascent - INFO - 		3.235E-05   and   1.030E+05 	[ landmark_points ]
2021-08-03 15:47:16,945 - deformetrica.core.estimators.gradient_ascent - INFO - 		9.327E-05   and   4.646E+04 	[ momenta ]
2021-08-03 15:47:18,108 - deformetrica.core.estimators.gradient_ascent - INFO - ------------------------------------- Iteration: 24 -------------------------------------
2021-08-03 15:47:18,109 - deformetrica.core.estimators.gradient_ascent - INFO - >> Log-likelihood = -2.437E+06 	 [ attachment = -2.427E+06 ; regularity = -1.071E+04 ]
2021-08-03 15:47:18,688 - deformetrica.core.estimators.gradient_ascent - INFO - >> Step size and gradient norm: 
2021-08-03 15:47:18,689 - deformetrica.core.estimators.gradient_ascent - INFO - 		3.235E-05   and   1.230E+05 	[ landmark_points ]
2021-08-03 15:47:18,690 - deformetrica.core.estimators.gradient_ascent - INFO - 		4.664E-05   and   4.706E+04 	[ momenta ]
2021-08-03 15:47:19,046 - deformetrica.core.estimators.gradient_ascent - INFO - ------------------------------------- Iteration: 25 -------------------------------------
2021-08-03 15:47:19,047 - deformetrica.core.estimators.gradient_ascent - INFO - >> Log-likelihood = -2.433E+06 	 [ attachment = -2.422E+06 ; regularity = -1.083E+04 ]
2021-08-03 15:47:19,602 - deformetrica.core.estimators.gradient_ascent - INFO - >> Step size and gradient norm: 
2021-08-03 15:47:19,603 - deformetrica.core.estimators.gradient_ascent - INFO - 		4.852E-05   and   1.409E+05 	[ landmark_points ]
2021-08-03 15:47:19,604 - deformetrica.core.estimators.gradient_ascent - INFO - 		6.995E-05   and   5.646E+04 	[ momenta ]
2021-08-03 15:47:20,620 - deformetrica.core.estimators.gradient_ascent - INFO - >> Step size and gradient norm: 
2021-08-03 15:47:20,621 - deformetrica.core.estimators.gradient_ascent - INFO - 		2.426E-05   and   1.409E+05 	[ landmark_points ]
2021-08-03 15:47:20,622 - deformetrica.core.estimators.gradient_ascent - INFO - 		3.498E-05   and   5.646E+04 	[ momenta ]
2021-08-03 15:47:20,971 - deformetrica.core.estimators.gradient_ascent - INFO - ------------------------------------- Iteration: 26 -------------------------------------
2021-08-03 15:47:20,972 - deformetrica.core.estimators.gradient_ascent - INFO - >> Log-likelihood = -2.360E+06 	 [ attachment = -2.349E+06 ; regularity = -1.088E+04 ]
2021-08-03 15:47:21,584 - deformetrica.core.estimators.gradient_ascent - INFO - >> Step size and gradient norm: 
2021-08-03 15:47:21,586 - deformetrica.core.estimators.gradient_ascent - INFO - 		3.639E-05   and   9.296E+04 	[ landmark_points ]
2021-08-03 15:47:21,615 - deformetrica.core.estimators.gradient_ascent - INFO - 		5.247E-05   and   3.681E+04 	[ momenta ]
2021-08-03 15:47:22,756 - deformetrica.core.estimators.gradient_ascent - INFO - ------------------------------------- Iteration: 27 -------------------------------------
2021-08-03 15:47:22,757 - deformetrica.core.estimators.gradient_ascent - INFO - >> Log-likelihood = -2.319E+06 	 [ attachment = -2.308E+06 ; regularity = -1.100E+04 ]
2021-08-03 15:47:23,273 - deformetrica.core.estimators.gradient_ascent - INFO - >> Step size and gradient norm: 
2021-08-03 15:47:23,274 - deformetrica.core.estimators.gradient_ascent - INFO - 		1.820E-05   and   6.320E+04 	[ landmark_points ]
2021-08-03 15:47:23,275 - deformetrica.core.estimators.gradient_ascent - INFO - 		5.247E-05   and   3.047E+04 	[ momenta ]
2021-08-03 15:47:23,597 - deformetrica.core.estimators.gradient_ascent - INFO - ------------------------------------- Iteration: 28 -------------------------------------
2021-08-03 15:47:23,598 - deformetrica.core.estimators.gradient_ascent - INFO - >> Log-likelihood = -2.287E+06 	 [ attachment = -2.276E+06 ; regularity = -1.110E+04 ]
2021-08-03 15:47:24,135 - deformetrica.core.estimators.gradient_ascent - INFO - >> Step size and gradient norm: 
2021-08-03 15:47:24,137 - deformetrica.core.estimators.gradient_ascent - INFO - 		2.729E-05   and   4.912E+04 	[ landmark_points ]
2021-08-03 15:47:24,139 - deformetrica.core.estimators.gradient_ascent - INFO - 		7.870E-05   and   2.435E+04 	[ momenta ]
2021-08-03 15:47:24,500 - deformetrica.core.estimators.gradient_ascent - INFO - ------------------------------------- Iteration: 29 -------------------------------------
2021-08-03 15:47:24,501 - deformetrica.core.estimators.gradient_ascent - INFO - >> Log-likelihood = -2.268E+06 	 [ attachment = -2.257E+06 ; regularity = -1.126E+04 ]
2021-08-03 15:47:25,043 - deformetrica.core.estimators.gradient_ascent - INFO - >> Step size and gradient norm: 
2021-08-03 15:47:25,044 - deformetrica.core.estimators.gradient_ascent - INFO - 		4.094E-05   and   7.148E+04 	[ landmark_points ]
2021-08-03 15:47:25,045 - deformetrica.core.estimators.gradient_ascent - INFO - 		1.180E-04   and   3.288E+04 	[ momenta ]
2021-08-03 15:47:26,022 - deformetrica.core.estimators.gradient_ascent - INFO - >> Step size and gradient norm: 
2021-08-03 15:47:26,023 - deformetrica.core.estimators.gradient_ascent - INFO - 		2.047E-05   and   7.148E+04 	[ landmark_points ]
2021-08-03 15:47:26,025 - deformetrica.core.estimators.gradient_ascent - INFO - 		5.902E-05   and   3.288E+04 	[ momenta ]
2021-08-03 15:47:26,372 - deformetrica.core.estimators.gradient_ascent - INFO - ------------------------------------- Iteration: 30 -------------------------------------
2021-08-03 15:47:26,373 - deformetrica.core.estimators.gradient_ascent - INFO - >> Log-likelihood = -2.240E+06 	 [ attachment = -2.229E+06 ; regularity = -1.137E+04 ]
2021-08-03 15:47:26,915 - deformetrica.core.estimators.gradient_ascent - INFO - >> Step size and gradient norm: 
2021-08-03 15:47:26,917 - deformetrica.core.estimators.gradient_ascent - INFO - 		3.071E-05   and   7.040E+04 	[ landmark_points ]
2021-08-03 15:47:26,917 - deformetrica.core.estimators.gradient_ascent - INFO - 		8.854E-05   and   3.048E+04 	[ momenta ]
2021-08-03 15:47:27,907 - deformetrica.core.estimators.gradient_ascent - INFO - ------------------------------------- Iteration: 31 -------------------------------------
2021-08-03 15:47:27,908 - deformetrica.core.estimators.gradient_ascent - INFO - >> Log-likelihood = -2.216E+06 	 [ attachment = -2.205E+06 ; regularity = -1.156E+04 ]
2021-08-03 15:47:28,524 - deformetrica.core.estimators.gradient_ascent - INFO - >> Step size and gradient norm: 
2021-08-03 15:47:28,525 - deformetrica.core.estimators.gradient_ascent - INFO - 		1.535E-05   and   7.819E+04 	[ landmark_points ]
2021-08-03 15:47:28,527 - deformetrica.core.estimators.gradient_ascent - INFO - 		8.854E-05   and   3.750E+04 	[ momenta ]
2021-08-03 15:47:28,910 - deformetrica.core.estimators.gradient_ascent - INFO - ------------------------------------- Iteration: 32 -------------------------------------
2021-08-03 15:47:28,911 - deformetrica.core.estimators.gradient_ascent - INFO - >> Log-likelihood = -2.204E+06 	 [ attachment = -2.192E+06 ; regularity = -1.171E+04 ]
2021-08-03 15:47:29,445 - deformetrica.core.estimators.gradient_ascent - INFO - >> Step size and gradient norm: 
2021-08-03 15:47:29,446 - deformetrica.core.estimators.gradient_ascent - INFO - 		2.303E-05   and   9.932E+04 	[ landmark_points ]
2021-08-03 15:47:29,447 - deformetrica.core.estimators.gradient_ascent - INFO - 		1.328E-04   and   4.468E+04 	[ momenta ]
2021-08-03 15:47:30,533 - deformetrica.core.estimators.gradient_ascent - INFO - ------------------------------------- Iteration: 33 -------------------------------------
2021-08-03 15:47:30,534 - deformetrica.core.estimators.gradient_ascent - INFO - >> Log-likelihood = -2.193E+06 	 [ attachment = -2.181E+06 ; regularity = -1.185E+04 ]
2021-08-03 15:47:31,180 - deformetrica.core.estimators.gradient_ascent - INFO - >> Step size and gradient norm: 
2021-08-03 15:47:31,181 - deformetrica.core.estimators.gradient_ascent - INFO - 		2.303E-05   and   1.184E+05 	[ landmark_points ]
2021-08-03 15:47:31,183 - deformetrica.core.estimators.gradient_ascent - INFO - 		6.640E-05   and   5.072E+04 	[ momenta ]
2021-08-03 15:47:31,640 - deformetrica.core.estimators.gradient_ascent - INFO - ------------------------------------- Iteration: 34 -------------------------------------
2021-08-03 15:47:31,641 - deformetrica.core.estimators.gradient_ascent - INFO - >> Log-likelihood = -2.190E+06 	 [ attachment = -2.178E+06 ; regularity = -1.196E+04 ]
2021-08-03 15:47:32,418 - deformetrica.core.estimators.gradient_ascent - INFO - >> Step size and gradient norm: 
2021-08-03 15:47:32,419 - deformetrica.core.estimators.gradient_ascent - INFO - 		3.454E-05   and   1.432E+05 	[ landmark_points ]
2021-08-03 15:47:32,448 - deformetrica.core.estimators.gradient_ascent - INFO - 		9.960E-05   and   5.582E+04 	[ momenta ]
2021-08-03 15:47:33,883 - deformetrica.core.estimators.gradient_ascent - INFO - >> Step size and gradient norm: 
2021-08-03 15:47:33,884 - deformetrica.core.estimators.gradient_ascent - INFO - 		1.727E-05   and   1.432E+05 	[ landmark_points ]
2021-08-03 15:47:33,886 - deformetrica.core.estimators.gradient_ascent - INFO - 		4.980E-05   and   5.582E+04 	[ momenta ]
2021-08-03 15:47:34,294 - deformetrica.core.estimators.gradient_ascent - INFO - ------------------------------------- Iteration: 35 -------------------------------------
2021-08-03 15:47:34,295 - deformetrica.core.estimators.gradient_ascent - INFO - >> Log-likelihood = -2.116E+06 	 [ attachment = -2.104E+06 ; regularity = -1.207E+04 ]
2021-08-03 15:47:34,986 - deformetrica.core.estimators.gradient_ascent - INFO - >> Step size and gradient norm: 
2021-08-03 15:47:34,989 - deformetrica.core.estimators.gradient_ascent - INFO - 		2.591E-05   and   9.278E+04 	[ landmark_points ]
2021-08-03 15:47:34,991 - deformetrica.core.estimators.gradient_ascent - INFO - 		7.470E-05   and   3.873E+04 	[ momenta ]
2021-08-03 15:47:36,287 - deformetrica.core.estimators.gradient_ascent - INFO - ------------------------------------- Iteration: 36 -------------------------------------
2021-08-03 15:47:36,288 - deformetrica.core.estimators.gradient_ascent - INFO - >> Log-likelihood = -2.080E+06 	 [ attachment = -2.067E+06 ; regularity = -1.220E+04 ]
2021-08-03 15:47:36,966 - deformetrica.core.estimators.gradient_ascent - INFO - >> Step size and gradient norm: 
2021-08-03 15:47:36,967 - deformetrica.core.estimators.gradient_ascent - INFO - 		1.295E-05   and   7.575E+04 	[ landmark_points ]
2021-08-03 15:47:36,968 - deformetrica.core.estimators.gradient_ascent - INFO - 		7.470E-05   and   3.550E+04 	[ momenta ]
2021-08-03 15:47:37,312 - deformetrica.core.estimators.gradient_ascent - INFO - ------------------------------------- Iteration: 37 -------------------------------------
2021-08-03 15:47:37,313 - deformetrica.core.estimators.gradient_ascent - INFO - >> Log-likelihood = -2.047E+06 	 [ attachment = -2.035E+06 ; regularity = -1.236E+04 ]
2021-08-03 15:47:37,886 - deformetrica.core.estimators.gradient_ascent - INFO - >> Step size and gradient norm: 
2021-08-03 15:47:37,887 - deformetrica.core.estimators.gradient_ascent - INFO - 		1.943E-05   and   6.821E+04 	[ landmark_points ]
2021-08-03 15:47:37,915 - deformetrica.core.estimators.gradient_ascent - INFO - 		1.121E-04   and   3.337E+04 	[ momenta ]
2021-08-03 15:47:39,231 - deformetrica.core.estimators.gradient_ascent - INFO - ------------------------------------- Iteration: 38 -------------------------------------
2021-08-03 15:47:39,232 - deformetrica.core.estimators.gradient_ascent - INFO - >> Log-likelihood = -2.019E+06 	 [ attachment = -2.006E+06 ; regularity = -1.246E+04 ]
2021-08-03 15:47:40,095 - deformetrica.core.estimators.gradient_ascent - INFO - >> Step size and gradient norm: 
2021-08-03 15:47:40,098 - deformetrica.core.estimators.gradient_ascent - INFO - 		1.943E-05   and   6.313E+04 	[ landmark_points ]
2021-08-03 15:47:40,101 - deformetrica.core.estimators.gradient_ascent - INFO - 		5.603E-05   and   2.834E+04 	[ momenta ]
2021-08-03 15:47:40,550 - deformetrica.core.estimators.gradient_ascent - INFO - ------------------------------------- Iteration: 39 -------------------------------------
2021-08-03 15:47:40,551 - deformetrica.core.estimators.gradient_ascent - INFO - >> Log-likelihood = -1.992E+06 	 [ attachment = -1.979E+06 ; regularity = -1.258E+04 ]
2021-08-03 15:47:41,180 - deformetrica.core.estimators.gradient_ascent - INFO - >> Step size and gradient norm: 
2021-08-03 15:47:41,181 - deformetrica.core.estimators.gradient_ascent - INFO - 		2.915E-05   and   5.667E+04 	[ landmark_points ]
2021-08-03 15:47:41,182 - deformetrica.core.estimators.gradient_ascent - INFO - 		8.404E-05   and   2.669E+04 	[ momenta ]
2021-08-03 15:47:41,631 - deformetrica.core.estimators.gradient_ascent - INFO - ------------------------------------- Iteration: 40 -------------------------------------
2021-08-03 15:47:41,632 - deformetrica.core.estimators.gradient_ascent - INFO - >> Log-likelihood = -1.982E+06 	 [ attachment = -1.969E+06 ; regularity = -1.273E+04 ]
2021-08-03 15:47:42,321 - deformetrica.core.estimators.gradient_ascent - INFO - >> Step size and gradient norm: 
2021-08-03 15:47:42,322 - deformetrica.core.estimators.gradient_ascent - INFO - 		4.372E-05   and   9.767E+04 	[ landmark_points ]
2021-08-03 15:47:42,324 - deformetrica.core.estimators.gradient_ascent - INFO - 		1.261E-04   and   3.853E+04 	[ momenta ]
2021-08-03 15:47:43,290 - deformetrica.core.estimators.gradient_ascent - INFO - >> Step size and gradient norm: 
2021-08-03 15:47:43,291 - deformetrica.core.estimators.gradient_ascent - INFO - 		2.186E-05   and   9.767E+04 	[ landmark_points ]
2021-08-03 15:47:43,320 - deformetrica.core.estimators.gradient_ascent - INFO - 		6.303E-05   and   3.853E+04 	[ momenta ]
2021-08-03 15:47:43,755 - deformetrica.core.estimators.gradient_ascent - INFO - ------------------------------------- Iteration: 41 -------------------------------------
2021-08-03 15:47:43,756 - deformetrica.core.estimators.gradient_ascent - INFO - >> Log-likelihood = -1.964E+06 	 [ attachment = -1.951E+06 ; regularity = -1.286E+04 ]
2021-08-03 15:47:44,290 - deformetrica.core.estimators.gradient_ascent - INFO - >> Step size and gradient norm: 
2021-08-03 15:47:44,292 - deformetrica.core.estimators.gradient_ascent - INFO - 		3.279E-05   and   1.062E+05 	[ landmark_points ]
2021-08-03 15:47:44,293 - deformetrica.core.estimators.gradient_ascent - INFO - 		9.455E-05   and   4.253E+04 	[ momenta ]
2021-08-03 15:47:45,262 - deformetrica.core.estimators.gradient_ascent - INFO - >> Step size and gradient norm: 
2021-08-03 15:47:45,263 - deformetrica.core.estimators.gradient_ascent - INFO - 		1.640E-05   and   1.062E+05 	[ landmark_points ]
2021-08-03 15:47:45,264 - deformetrica.core.estimators.gradient_ascent - INFO - 		4.727E-05   and   4.253E+04 	[ momenta ]
2021-08-03 15:47:45,620 - deformetrica.core.estimators.gradient_ascent - INFO - ------------------------------------- Iteration: 42 -------------------------------------
2021-08-03 15:47:45,621 - deformetrica.core.estimators.gradient_ascent - INFO - >> Log-likelihood = -1.913E+06 	 [ attachment = -1.900E+06 ; regularity = -1.294E+04 ]
2021-08-03 15:47:46,158 - deformetrica.core.estimators.gradient_ascent - INFO - >> Step size and gradient norm: 
2021-08-03 15:47:46,160 - deformetrica.core.estimators.gradient_ascent - INFO - 		2.459E-05   and   6.472E+04 	[ landmark_points ]
2021-08-03 15:47:46,162 - deformetrica.core.estimators.gradient_ascent - INFO - 		7.091E-05   and   2.769E+04 	[ momenta ]
2021-08-03 15:47:46,549 - deformetrica.core.estimators.gradient_ascent - INFO - ------------------------------------- Iteration: 43 -------------------------------------
2021-08-03 15:47:46,550 - deformetrica.core.estimators.gradient_ascent - INFO - >> Log-likelihood = -1.895E+06 	 [ attachment = -1.882E+06 ; regularity = -1.308E+04 ]
2021-08-03 15:47:47,097 - deformetrica.core.estimators.gradient_ascent - INFO - >> Step size and gradient norm: 
2021-08-03 15:47:47,098 - deformetrica.core.estimators.gradient_ascent - INFO - 		3.689E-05   and   8.586E+04 	[ landmark_points ]
2021-08-03 15:47:47,099 - deformetrica.core.estimators.gradient_ascent - INFO - 		1.064E-04   and   3.478E+04 	[ momenta ]
2021-08-03 15:47:48,068 - deformetrica.core.estimators.gradient_ascent - INFO - >> Step size and gradient norm: 
2021-08-03 15:47:48,070 - deformetrica.core.estimators.gradient_ascent - INFO - 		1.844E-05   and   8.586E+04 	[ landmark_points ]
2021-08-03 15:47:48,071 - deformetrica.core.estimators.gradient_ascent - INFO - 		5.318E-05   and   3.478E+04 	[ momenta ]
2021-08-03 15:47:48,407 - deformetrica.core.estimators.gradient_ascent - INFO - ------------------------------------- Iteration: 44 -------------------------------------
2021-08-03 15:47:48,408 - deformetrica.core.estimators.gradient_ascent - INFO - >> Log-likelihood = -1.861E+06 	 [ attachment = -1.848E+06 ; regularity = -1.317E+04 ]
2021-08-03 15:47:48,937 - deformetrica.core.estimators.gradient_ascent - INFO - >> Step size and gradient norm: 
2021-08-03 15:47:48,938 - deformetrica.core.estimators.gradient_ascent - INFO - 		2.767E-05   and   6.925E+04 	[ landmark_points ]
2021-08-03 15:47:48,941 - deformetrica.core.estimators.gradient_ascent - INFO - 		7.977E-05   and   2.858E+04 	[ momenta ]
2021-08-03 15:47:49,272 - deformetrica.core.estimators.gradient_ascent - INFO - ------------------------------------- Iteration: 45 -------------------------------------
2021-08-03 15:47:49,273 - deformetrica.core.estimators.gradient_ascent - INFO - >> Log-likelihood = -1.856E+06 	 [ attachment = -1.843E+06 ; regularity = -1.332E+04 ]
2021-08-03 15:47:49,817 - deformetrica.core.estimators.gradient_ascent - INFO - >> Step size and gradient norm: 
2021-08-03 15:47:49,819 - deformetrica.core.estimators.gradient_ascent - INFO - 		4.150E-05   and   1.086E+05 	[ landmark_points ]
2021-08-03 15:47:49,821 - deformetrica.core.estimators.gradient_ascent - INFO - 		1.197E-04   and   4.200E+04 	[ momenta ]
2021-08-03 15:47:50,816 - deformetrica.core.estimators.gradient_ascent - INFO - >> Step size and gradient norm: 
2021-08-03 15:47:50,817 - deformetrica.core.estimators.gradient_ascent - INFO - 		2.075E-05   and   1.086E+05 	[ landmark_points ]
2021-08-03 15:47:50,818 - deformetrica.core.estimators.gradient_ascent - INFO - 		5.983E-05   and   4.200E+04 	[ momenta ]
2021-08-03 15:47:51,150 - deformetrica.core.estimators.gradient_ascent - INFO - ------------------------------------- Iteration: 46 -------------------------------------
2021-08-03 15:47:51,151 - deformetrica.core.estimators.gradient_ascent - INFO - >> Log-likelihood = -1.828E+06 	 [ attachment = -1.814E+06 ; regularity = -1.341E+04 ]
2021-08-03 15:47:51,698 - deformetrica.core.estimators.gradient_ascent - INFO - >> Step size and gradient norm: 
2021-08-03 15:47:51,699 - deformetrica.core.estimators.gradient_ascent - INFO - 		3.113E-05   and   1.084E+05 	[ landmark_points ]
2021-08-03 15:47:51,701 - deformetrica.core.estimators.gradient_ascent - INFO - 		8.974E-05   and   4.003E+04 	[ momenta ]
2021-08-03 15:47:52,673 - deformetrica.core.estimators.gradient_ascent - INFO - ------------------------------------- Iteration: 47 -------------------------------------
2021-08-03 15:47:52,674 - deformetrica.core.estimators.gradient_ascent - INFO - >> Log-likelihood = -1.813E+06 	 [ attachment = -1.799E+06 ; regularity = -1.360E+04 ]
2021-08-03 15:47:53,230 - deformetrica.core.estimators.gradient_ascent - INFO - >> Step size and gradient norm: 
2021-08-03 15:47:53,232 - deformetrica.core.estimators.gradient_ascent - INFO - 		1.556E-05   and   1.168E+05 	[ landmark_points ]
2021-08-03 15:47:53,233 - deformetrica.core.estimators.gradient_ascent - INFO - 		8.974E-05   and   4.990E+04 	[ momenta ]
2021-08-03 15:47:53,569 - deformetrica.core.estimators.gradient_ascent - INFO - ------------------------------------- Iteration: 48 -------------------------------------
2021-08-03 15:47:53,570 - deformetrica.core.estimators.gradient_ascent - INFO - >> Log-likelihood = -1.810E+06 	 [ attachment = -1.797E+06 ; regularity = -1.372E+04 ]
2021-08-03 15:47:54,191 - deformetrica.core.estimators.gradient_ascent - INFO - >> Step size and gradient norm: 
2021-08-03 15:47:54,192 - deformetrica.core.estimators.gradient_ascent - INFO - 		2.334E-05   and   1.390E+05 	[ landmark_points ]
2021-08-03 15:47:54,194 - deformetrica.core.estimators.gradient_ascent - INFO - 		1.346E-04   and   5.879E+04 	[ momenta ]
2021-08-03 15:47:55,223 - deformetrica.core.estimators.gradient_ascent - INFO - >> Step size and gradient norm: 
2021-08-03 15:47:55,224 - deformetrica.core.estimators.gradient_ascent - INFO - 		1.167E-05   and   1.390E+05 	[ landmark_points ]
2021-08-03 15:47:55,225 - deformetrica.core.estimators.gradient_ascent - INFO - 		6.731E-05   and   5.879E+04 	[ momenta ]
2021-08-03 15:47:55,578 - deformetrica.core.estimators.gradient_ascent - INFO - ------------------------------------- Iteration: 49 -------------------------------------
2021-08-03 15:47:55,579 - deformetrica.core.estimators.gradient_ascent - INFO - >> Log-likelihood = -1.731E+06 	 [ attachment = -1.717E+06 ; regularity = -1.384E+04 ]
2021-08-03 15:47:56,114 - deformetrica.core.estimators.gradient_ascent - INFO - >> Step size and gradient norm: 
2021-08-03 15:47:56,115 - deformetrica.core.estimators.gradient_ascent - INFO - 		1.751E-05   and   9.159E+04 	[ landmark_points ]
2021-08-03 15:47:56,116 - deformetrica.core.estimators.gradient_ascent - INFO - 		1.010E-04   and   4.216E+04 	[ momenta ]
2021-08-03 15:47:57,103 - deformetrica.core.estimators.gradient_ascent - INFO - ------------------------------------- Iteration: 50 -------------------------------------
2021-08-03 15:47:57,105 - deformetrica.core.estimators.gradient_ascent - INFO - >> Log-likelihood = -1.686E+06 	 [ attachment = -1.673E+06 ; regularity = -1.391E+04 ]
2021-08-03 15:47:57,641 - deformetrica.core.estimators.gradient_ascent - INFO - >> Step size and gradient norm: 
2021-08-03 15:47:57,642 - deformetrica.core.estimators.gradient_ascent - INFO - 		1.751E-05   and   6.894E+04 	[ landmark_points ]
2021-08-03 15:47:57,644 - deformetrica.core.estimators.gradient_ascent - INFO - 		5.048E-05   and   2.887E+04 	[ momenta ]
2021-08-03 15:47:57,968 - deformetrica.core.estimators.gradient_ascent - INFO - ------------------------------------- Iteration: 51 -------------------------------------
2021-08-03 15:47:57,969 - deformetrica.core.estimators.gradient_ascent - INFO - >> Log-likelihood = -1.654E+06 	 [ attachment = -1.640E+06 ; regularity = -1.400E+04 ]
2021-08-03 15:47:58,489 - deformetrica.core.estimators.gradient_ascent - INFO - >> Step size and gradient norm: 
2021-08-03 15:47:58,490 - deformetrica.core.estimators.gradient_ascent - INFO - 		2.626E-05   and   5.063E+04 	[ landmark_points ]
2021-08-03 15:47:58,491 - deformetrica.core.estimators.gradient_ascent - INFO - 		7.572E-05   and   2.443E+04 	[ momenta ]
2021-08-03 15:47:58,822 - deformetrica.core.estimators.gradient_ascent - INFO - ------------------------------------- Iteration: 52 -------------------------------------
2021-08-03 15:47:58,824 - deformetrica.core.estimators.gradient_ascent - INFO - >> Log-likelihood = -1.635E+06 	 [ attachment = -1.621E+06 ; regularity = -1.412E+04 ]
2021-08-03 15:47:59,360 - deformetrica.core.estimators.gradient_ascent - INFO - >> Step size and gradient norm: 
2021-08-03 15:47:59,361 - deformetrica.core.estimators.gradient_ascent - INFO - 		3.939E-05   and   7.423E+04 	[ landmark_points ]
2021-08-03 15:47:59,362 - deformetrica.core.estimators.gradient_ascent - INFO - 		1.136E-04   and   2.977E+04 	[ momenta ]
2021-08-03 15:48:00,369 - deformetrica.core.estimators.gradient_ascent - INFO - >> Step size and gradient norm: 
2021-08-03 15:48:00,371 - deformetrica.core.estimators.gradient_ascent - INFO - 		1.970E-05   and   7.423E+04 	[ landmark_points ]
2021-08-03 15:48:00,409 - deformetrica.core.estimators.gradient_ascent - INFO - 		5.679E-05   and   2.977E+04 	[ momenta ]
2021-08-03 15:48:01,419 - deformetrica.core.estimators.gradient_ascent - INFO - ------------------------------------- Iteration: 53 -------------------------------------
2021-08-03 15:48:01,420 - deformetrica.core.estimators.gradient_ascent - INFO - >> Log-likelihood = -1.608E+06 	 [ attachment = -1.593E+06 ; regularity = -1.423E+04 ]
2021-08-03 15:48:02,465 - deformetrica.core.estimators.gradient_ascent - INFO - >> Step size and gradient norm: 
2021-08-03 15:48:02,468 - deformetrica.core.estimators.gradient_ascent - INFO - 		2.955E-05   and   6.856E+04 	[ landmark_points ]
2021-08-03 15:48:02,469 - deformetrica.core.estimators.gradient_ascent - INFO - 		8.519E-05   and   2.925E+04 	[ momenta ]
2021-08-03 15:48:03,938 - deformetrica.core.estimators.gradient_ascent - INFO - ------------------------------------- Iteration: 54 -------------------------------------
2021-08-03 15:48:03,939 - deformetrica.core.estimators.gradient_ascent - INFO - >> Log-likelihood = -1.579E+06 	 [ attachment = -1.565E+06 ; regularity = -1.436E+04 ]
2021-08-03 15:48:04,675 - deformetrica.core.estimators.gradient_ascent - INFO - >> Step size and gradient norm: 
2021-08-03 15:48:04,677 - deformetrica.core.estimators.gradient_ascent - INFO - 		1.477E-05   and   7.120E+04 	[ landmark_points ]
2021-08-03 15:48:04,679 - deformetrica.core.estimators.gradient_ascent - INFO - 		8.519E-05   and   3.146E+04 	[ momenta ]
2021-08-03 15:48:05,271 - deformetrica.core.estimators.gradient_ascent - INFO - ------------------------------------- Iteration: 55 -------------------------------------
2021-08-03 15:48:05,273 - deformetrica.core.estimators.gradient_ascent - INFO - >> Log-likelihood = -1.553E+06 	 [ attachment = -1.538E+06 ; regularity = -1.451E+04 ]
2021-08-03 15:48:05,871 - deformetrica.core.estimators.gradient_ascent - INFO - >> Step size and gradient norm: 
2021-08-03 15:48:05,872 - deformetrica.core.estimators.gradient_ascent - INFO - 		2.216E-05   and   7.781E+04 	[ landmark_points ]
2021-08-03 15:48:05,874 - deformetrica.core.estimators.gradient_ascent - INFO - 		1.278E-04   and   3.588E+04 	[ momenta ]
2021-08-03 15:48:06,883 - deformetrica.core.estimators.gradient_ascent - INFO - ------------------------------------- Iteration: 56 -------------------------------------
2021-08-03 15:48:06,884 - deformetrica.core.estimators.gradient_ascent - INFO - >> Log-likelihood = -1.533E+06 	 [ attachment = -1.518E+06 ; regularity = -1.461E+04 ]
2021-08-03 15:48:07,442 - deformetrica.core.estimators.gradient_ascent - INFO - >> Step size and gradient norm: 
2021-08-03 15:48:07,443 - deformetrica.core.estimators.gradient_ascent - INFO - 		2.216E-05   and   9.482E+04 	[ landmark_points ]
2021-08-03 15:48:07,444 - deformetrica.core.estimators.gradient_ascent - INFO - 		6.389E-05   and   3.669E+04 	[ momenta ]
2021-08-03 15:48:07,813 - deformetrica.core.estimators.gradient_ascent - INFO - ------------------------------------- Iteration: 57 -------------------------------------
2021-08-03 15:48:07,813 - deformetrica.core.estimators.gradient_ascent - INFO - >> Log-likelihood = -1.518E+06 	 [ attachment = -1.503E+06 ; regularity = -1.473E+04 ]
2021-08-03 15:48:08,361 - deformetrica.core.estimators.gradient_ascent - INFO - >> Step size and gradient norm: 
2021-08-03 15:48:08,362 - deformetrica.core.estimators.gradient_ascent - INFO - 		3.324E-05   and   1.110E+05 	[ landmark_points ]
2021-08-03 15:48:08,364 - deformetrica.core.estimators.gradient_ascent - INFO - 		9.584E-05   and   4.263E+04 	[ momenta ]
2021-08-03 15:48:09,388 - deformetrica.core.estimators.gradient_ascent - INFO - >> Step size and gradient norm: 
2021-08-03 15:48:09,389 - deformetrica.core.estimators.gradient_ascent - INFO - 		1.662E-05   and   1.110E+05 	[ landmark_points ]
2021-08-03 15:48:09,390 - deformetrica.core.estimators.gradient_ascent - INFO - 		4.792E-05   and   4.263E+04 	[ momenta ]
2021-08-03 15:48:09,753 - deformetrica.core.estimators.gradient_ascent - INFO - ------------------------------------- Iteration: 58 -------------------------------------
2021-08-03 15:48:09,755 - deformetrica.core.estimators.gradient_ascent - INFO - >> Log-likelihood = -1.469E+06 	 [ attachment = -1.454E+06 ; regularity = -1.480E+04 ]
2021-08-03 15:48:10,369 - deformetrica.core.estimators.gradient_ascent - INFO - >> Step size and gradient norm: 
2021-08-03 15:48:10,371 - deformetrica.core.estimators.gradient_ascent - INFO - 		2.493E-05   and   7.546E+04 	[ landmark_points ]
2021-08-03 15:48:10,374 - deformetrica.core.estimators.gradient_ascent - INFO - 		7.188E-05   and   2.887E+04 	[ momenta ]
2021-08-03 15:48:10,856 - deformetrica.core.estimators.gradient_ascent - INFO - ------------------------------------- Iteration: 59 -------------------------------------
2021-08-03 15:48:10,857 - deformetrica.core.estimators.gradient_ascent - INFO - >> Log-likelihood = -1.460E+06 	 [ attachment = -1.445E+06 ; regularity = -1.493E+04 ]
2021-08-03 15:48:11,507 - deformetrica.core.estimators.gradient_ascent - INFO - >> Step size and gradient norm: 
2021-08-03 15:48:11,510 - deformetrica.core.estimators.gradient_ascent - INFO - 		3.739E-05   and   1.103E+05 	[ landmark_points ]
2021-08-03 15:48:11,521 - deformetrica.core.estimators.gradient_ascent - INFO - 		1.078E-04   and   3.941E+04 	[ momenta ]
2021-08-03 15:48:13,446 - deformetrica.core.estimators.gradient_ascent - INFO - >> Step size and gradient norm: 
2021-08-03 15:48:13,447 - deformetrica.core.estimators.gradient_ascent - INFO - 		1.870E-05   and   1.103E+05 	[ landmark_points ]
2021-08-03 15:48:13,448 - deformetrica.core.estimators.gradient_ascent - INFO - 		5.391E-05   and   3.941E+04 	[ momenta ]
2021-08-03 15:48:13,830 - deformetrica.core.estimators.gradient_ascent - INFO - ------------------------------------- Iteration: 60 -------------------------------------
2021-08-03 15:48:13,831 - deformetrica.core.estimators.gradient_ascent - INFO - >> Log-likelihood = -1.428E+06 	 [ attachment = -1.413E+06 ; regularity = -1.502E+04 ]
2021-08-03 15:48:14,446 - deformetrica.core.estimators.gradient_ascent - INFO - >> Step size and gradient norm: 
2021-08-03 15:48:14,447 - deformetrica.core.estimators.gradient_ascent - INFO - 		2.804E-05   and   9.925E+04 	[ landmark_points ]
2021-08-03 15:48:14,448 - deformetrica.core.estimators.gradient_ascent - INFO - 		8.086E-05   and   3.330E+04 	[ momenta ]
2021-08-03 15:48:15,514 - deformetrica.core.estimators.gradient_ascent - INFO - ------------------------------------- Iteration: 61 -------------------------------------
2021-08-03 15:48:15,515 - deformetrica.core.estimators.gradient_ascent - INFO - >> Log-likelihood = -1.398E+06 	 [ attachment = -1.383E+06 ; regularity = -1.516E+04 ]
2021-08-03 15:48:16,067 - deformetrica.core.estimators.gradient_ascent - INFO - >> Step size and gradient norm: 
2021-08-03 15:48:16,069 - deformetrica.core.estimators.gradient_ascent - INFO - 		1.402E-05   and   8.993E+04 	[ landmark_points ]
2021-08-03 15:48:16,070 - deformetrica.core.estimators.gradient_ascent - INFO - 		8.086E-05   and   3.596E+04 	[ momenta ]
2021-08-03 15:48:16,442 - deformetrica.core.estimators.gradient_ascent - INFO - ------------------------------------- Iteration: 62 -------------------------------------
2021-08-03 15:48:16,443 - deformetrica.core.estimators.gradient_ascent - INFO - >> Log-likelihood = -1.371E+06 	 [ attachment = -1.356E+06 ; regularity = -1.529E+04 ]
2021-08-03 15:48:16,991 - deformetrica.core.estimators.gradient_ascent - INFO - >> Step size and gradient norm: 
2021-08-03 15:48:16,992 - deformetrica.core.estimators.gradient_ascent - INFO - 		2.103E-05   and   9.439E+04 	[ landmark_points ]
2021-08-03 15:48:16,994 - deformetrica.core.estimators.gradient_ascent - INFO - 		1.213E-04   and   3.635E+04 	[ momenta ]
2021-08-03 15:48:18,026 - deformetrica.core.estimators.gradient_ascent - INFO - ------------------------------------- Iteration: 63 -------------------------------------
2021-08-03 15:48:18,027 - deformetrica.core.estimators.gradient_ascent - INFO - >> Log-likelihood = -1.355E+06 	 [ attachment = -1.340E+06 ; regularity = -1.540E+04 ]
2021-08-03 15:48:18,577 - deformetrica.core.estimators.gradient_ascent - INFO - >> Step size and gradient norm: 
2021-08-03 15:48:18,578 - deformetrica.core.estimators.gradient_ascent - INFO - 		2.103E-05   and   1.135E+05 	[ landmark_points ]
2021-08-03 15:48:18,579 - deformetrica.core.estimators.gradient_ascent - INFO - 		6.065E-05   and   3.894E+04 	[ momenta ]
2021-08-03 15:48:18,924 - deformetrica.core.estimators.gradient_ascent - INFO - ------------------------------------- Iteration: 64 -------------------------------------
2021-08-03 15:48:18,925 - deformetrica.core.estimators.gradient_ascent - INFO - >> Log-likelihood = -1.345E+06 	 [ attachment = -1.330E+06 ; regularity = -1.550E+04 ]
2021-08-03 15:48:19,461 - deformetrica.core.estimators.gradient_ascent - INFO - >> Step size and gradient norm: 
2021-08-03 15:48:19,462 - deformetrica.core.estimators.gradient_ascent - INFO - 		3.155E-05   and   1.345E+05 	[ landmark_points ]
2021-08-03 15:48:19,464 - deformetrica.core.estimators.gradient_ascent - INFO - 		9.097E-05   and   4.093E+04 	[ momenta ]
2021-08-03 15:48:20,942 - deformetrica.core.estimators.gradient_ascent - INFO - >> Step size and gradient norm: 
2021-08-03 15:48:20,943 - deformetrica.core.estimators.gradient_ascent - INFO - 		1.578E-05   and   1.345E+05 	[ landmark_points ]
2021-08-03 15:48:20,944 - deformetrica.core.estimators.gradient_ascent - INFO - 		4.548E-05   and   4.093E+04 	[ momenta ]
2021-08-03 15:48:21,503 - deformetrica.core.estimators.gradient_ascent - INFO - ------------------------------------- Iteration: 65 -------------------------------------
2021-08-03 15:48:21,504 - deformetrica.core.estimators.gradient_ascent - INFO - >> Log-likelihood = -1.299E+06 	 [ attachment = -1.283E+06 ; regularity = -1.557E+04 ]
2021-08-03 15:48:22,156 - deformetrica.core.estimators.gradient_ascent - INFO - >> Step size and gradient norm: 
2021-08-03 15:48:22,157 - deformetrica.core.estimators.gradient_ascent - INFO - 		2.366E-05   and   9.077E+04 	[ landmark_points ]
2021-08-03 15:48:22,158 - deformetrica.core.estimators.gradient_ascent - INFO - 		6.823E-05   and   2.934E+04 	[ momenta ]
2021-08-03 15:48:23,717 - deformetrica.core.estimators.gradient_ascent - INFO - ------------------------------------- Iteration: 66 -------------------------------------
2021-08-03 15:48:23,718 - deformetrica.core.estimators.gradient_ascent - INFO - >> Log-likelihood = -1.266E+06 	 [ attachment = -1.250E+06 ; regularity = -1.569E+04 ]
2021-08-03 15:48:24,361 - deformetrica.core.estimators.gradient_ascent - INFO - >> Step size and gradient norm: 
2021-08-03 15:48:24,362 - deformetrica.core.estimators.gradient_ascent - INFO - 		1.183E-05   and   6.092E+04 	[ landmark_points ]
2021-08-03 15:48:24,364 - deformetrica.core.estimators.gradient_ascent - INFO - 		6.823E-05   and   2.382E+04 	[ momenta ]
2021-08-03 15:48:24,791 - deformetrica.core.estimators.gradient_ascent - INFO - ------------------------------------- Iteration: 67 -------------------------------------
2021-08-03 15:48:24,793 - deformetrica.core.estimators.gradient_ascent - INFO - >> Log-likelihood = -1.243E+06 	 [ attachment = -1.227E+06 ; regularity = -1.580E+04 ]
2021-08-03 15:48:25,650 - deformetrica.core.estimators.gradient_ascent - INFO - >> Step size and gradient norm: 
2021-08-03 15:48:25,651 - deformetrica.core.estimators.gradient_ascent - INFO - 		1.775E-05   and   4.819E+04 	[ landmark_points ]
2021-08-03 15:48:25,653 - deformetrica.core.estimators.gradient_ascent - INFO - 		1.023E-04   and   2.086E+04 	[ momenta ]
2021-08-03 15:48:26,050 - deformetrica.core.estimators.gradient_ascent - INFO - ------------------------------------- Iteration: 68 -------------------------------------
2021-08-03 15:48:26,051 - deformetrica.core.estimators.gradient_ascent - INFO - >> Log-likelihood = -1.225E+06 	 [ attachment = -1.209E+06 ; regularity = -1.597E+04 ]
2021-08-03 15:48:26,705 - deformetrica.core.estimators.gradient_ascent - INFO - >> Step size and gradient norm: 
2021-08-03 15:48:26,707 - deformetrica.core.estimators.gradient_ascent - INFO - 		2.662E-05   and   7.300E+04 	[ landmark_points ]
2021-08-03 15:48:26,708 - deformetrica.core.estimators.gradient_ascent - INFO - 		1.535E-04   and   2.716E+04 	[ momenta ]
2021-08-03 15:48:28,738 - deformetrica.core.estimators.gradient_ascent - INFO - >> Step size and gradient norm: 
2021-08-03 15:48:28,739 - deformetrica.core.estimators.gradient_ascent - INFO - 		1.331E-05   and   7.300E+04 	[ landmark_points ]
2021-08-03 15:48:28,740 - deformetrica.core.estimators.gradient_ascent - INFO - 		7.675E-05   and   2.716E+04 	[ momenta ]
2021-08-03 15:48:30,032 - deformetrica.core.estimators.gradient_ascent - INFO - ------------------------------------- Iteration: 69 -------------------------------------
2021-08-03 15:48:30,035 - deformetrica.core.estimators.gradient_ascent - INFO - >> Log-likelihood = -1.206E+06 	 [ attachment = -1.190E+06 ; regularity = -1.608E+04 ]
2021-08-03 15:48:31,997 - deformetrica.core.estimators.gradient_ascent - INFO - >> Step size and gradient norm: 
2021-08-03 15:48:32,000 - deformetrica.core.estimators.gradient_ascent - INFO - 		1.997E-05   and   7.624E+04 	[ landmark_points ]
2021-08-03 15:48:32,001 - deformetrica.core.estimators.gradient_ascent - INFO - 		1.151E-04   and   2.782E+04 	[ momenta ]
2021-08-03 15:48:34,318 - deformetrica.core.estimators.gradient_ascent - INFO - ------------------------------------- Iteration: 70 -------------------------------------
2021-08-03 15:48:34,320 - deformetrica.core.estimators.gradient_ascent - INFO - >> Log-likelihood = -1.197E+06 	 [ attachment = -1.181E+06 ; regularity = -1.617E+04 ]
2021-08-03 15:48:36,412 - deformetrica.core.estimators.gradient_ascent - INFO - >> Step size and gradient norm: 
2021-08-03 15:48:36,414 - deformetrica.core.estimators.gradient_ascent - INFO - 		1.997E-05   and   9.577E+04 	[ landmark_points ]
2021-08-03 15:48:36,415 - deformetrica.core.estimators.gradient_ascent - INFO - 		5.757E-05   and   2.814E+04 	[ momenta ]
2021-08-03 15:48:37,511 - deformetrica.core.estimators.gradient_ascent - INFO - ------------------------------------- Iteration: 71 -------------------------------------
2021-08-03 15:48:37,513 - deformetrica.core.estimators.gradient_ascent - INFO - >> Log-likelihood = -1.194E+06 	 [ attachment = -1.178E+06 ; regularity = -1.624E+04 ]
2021-08-03 15:48:38,772 - deformetrica.core.estimators.gradient_ascent - INFO - >> Step size and gradient norm: 
2021-08-03 15:48:38,774 - deformetrica.core.estimators.gradient_ascent - INFO - 		2.995E-05   and   1.309E+05 	[ landmark_points ]
2021-08-03 15:48:38,776 - deformetrica.core.estimators.gradient_ascent - INFO - 		8.635E-05   and   3.335E+04 	[ momenta ]
2021-08-03 15:48:40,895 - deformetrica.core.estimators.gradient_ascent - INFO - >> Step size and gradient norm: 
2021-08-03 15:48:40,897 - deformetrica.core.estimators.gradient_ascent - INFO - 		1.497E-05   and   1.309E+05 	[ landmark_points ]
2021-08-03 15:48:40,898 - deformetrica.core.estimators.gradient_ascent - INFO - 		4.317E-05   and   3.335E+04 	[ momenta ]
2021-08-03 15:48:41,529 - deformetrica.core.estimators.gradient_ascent - INFO - ------------------------------------- Iteration: 72 -------------------------------------
2021-08-03 15:48:41,530 - deformetrica.core.estimators.gradient_ascent - INFO - >> Log-likelihood = -1.169E+06 	 [ attachment = -1.153E+06 ; regularity = -1.632E+04 ]
2021-08-03 15:48:42,990 - deformetrica.core.estimators.gradient_ascent - INFO - >> Step size and gradient norm: 
2021-08-03 15:48:43,006 - deformetrica.core.estimators.gradient_ascent - INFO - 		2.246E-05   and   1.028E+05 	[ landmark_points ]
2021-08-03 15:48:43,011 - deformetrica.core.estimators.gradient_ascent - INFO - 		6.476E-05   and   2.581E+04 	[ momenta ]
2021-08-03 15:48:45,838 - deformetrica.core.estimators.gradient_ascent - INFO - ------------------------------------- Iteration: 73 -------------------------------------
2021-08-03 15:48:45,839 - deformetrica.core.estimators.gradient_ascent - INFO - >> Log-likelihood = -1.144E+06 	 [ attachment = -1.128E+06 ; regularity = -1.639E+04 ]
2021-08-03 15:48:47,198 - deformetrica.core.estimators.gradient_ascent - INFO - >> Step size and gradient norm: 
2021-08-03 15:48:47,201 - deformetrica.core.estimators.gradient_ascent - INFO - 		1.123E-05   and   7.469E+04 	[ landmark_points ]
2021-08-03 15:48:47,212 - deformetrica.core.estimators.gradient_ascent - INFO - 		6.476E-05   and   2.227E+04 	[ momenta ]
2021-08-03 15:48:48,330 - deformetrica.core.estimators.gradient_ascent - INFO - ------------------------------------- Iteration: 74 -------------------------------------
2021-08-03 15:48:48,332 - deformetrica.core.estimators.gradient_ascent - INFO - >> Log-likelihood = -1.126E+06 	 [ attachment = -1.109E+06 ; regularity = -1.649E+04 ]
2021-08-03 15:48:49,547 - deformetrica.core.estimators.gradient_ascent - INFO - >> Step size and gradient norm: 
2021-08-03 15:48:49,549 - deformetrica.core.estimators.gradient_ascent - INFO - 		1.685E-05   and   5.982E+04 	[ landmark_points ]
2021-08-03 15:48:49,551 - deformetrica.core.estimators.gradient_ascent - INFO - 		9.714E-05   and   1.871E+04 	[ momenta ]
2021-08-03 15:48:50,244 - deformetrica.core.estimators.gradient_ascent - INFO - ------------------------------------- Iteration: 75 -------------------------------------
2021-08-03 15:48:50,245 - deformetrica.core.estimators.gradient_ascent - INFO - >> Log-likelihood = -1.117E+06 	 [ attachment = -1.101E+06 ; regularity = -1.662E+04 ]
2021-08-03 15:48:51,276 - deformetrica.core.estimators.gradient_ascent - INFO - >> Step size and gradient norm: 
2021-08-03 15:48:51,278 - deformetrica.core.estimators.gradient_ascent - INFO - 		2.527E-05   and   1.016E+05 	[ landmark_points ]
2021-08-03 15:48:51,279 - deformetrica.core.estimators.gradient_ascent - INFO - 		1.457E-04   and   2.632E+04 	[ momenta ]
2021-08-03 15:48:53,360 - deformetrica.core.estimators.gradient_ascent - INFO - >> Step size and gradient norm: 
2021-08-03 15:48:53,362 - deformetrica.core.estimators.gradient_ascent - INFO - 		1.263E-05   and   1.016E+05 	[ landmark_points ]
2021-08-03 15:48:53,366 - deformetrica.core.estimators.gradient_ascent - INFO - 		7.286E-05   and   2.632E+04 	[ momenta ]
2021-08-03 15:48:54,535 - deformetrica.core.estimators.gradient_ascent - INFO - ------------------------------------- Iteration: 76 -------------------------------------
2021-08-03 15:48:54,537 - deformetrica.core.estimators.gradient_ascent - INFO - >> Log-likelihood = -1.104E+06 	 [ attachment = -1.087E+06 ; regularity = -1.674E+04 ]
2021-08-03 15:48:56,097 - deformetrica.core.estimators.gradient_ascent - INFO - >> Step size and gradient norm: 
2021-08-03 15:48:56,099 - deformetrica.core.estimators.gradient_ascent - INFO - 		1.895E-05   and   1.028E+05 	[ landmark_points ]
2021-08-03 15:48:56,100 - deformetrica.core.estimators.gradient_ascent - INFO - 		1.093E-04   and   2.649E+04 	[ momenta ]
2021-08-03 15:48:57,698 - deformetrica.core.estimators.gradient_ascent - INFO - ------------------------------------- Iteration: 77 -------------------------------------
2021-08-03 15:48:57,699 - deformetrica.core.estimators.gradient_ascent - INFO - >> Log-likelihood = -1.094E+06 	 [ attachment = -1.078E+06 ; regularity = -1.685E+04 ]
2021-08-03 15:48:58,550 - deformetrica.core.estimators.gradient_ascent - INFO - >> Step size and gradient norm: 
2021-08-03 15:48:58,551 - deformetrica.core.estimators.gradient_ascent - INFO - 		9.476E-06   and   1.160E+05 	[ landmark_points ]
2021-08-03 15:48:58,581 - deformetrica.core.estimators.gradient_ascent - INFO - 		1.093E-04   and   3.336E+04 	[ momenta ]
2021-08-03 15:49:00,481 - deformetrica.core.estimators.gradient_ascent - INFO - ------------------------------------- Iteration: 78 -------------------------------------
2021-08-03 15:49:00,484 - deformetrica.core.estimators.gradient_ascent - INFO - >> Log-likelihood = -1.058E+06 	 [ attachment = -1.041E+06 ; regularity = -1.693E+04 ]
2021-08-03 15:49:01,624 - deformetrica.core.estimators.gradient_ascent - INFO - >> Step size and gradient norm: 
2021-08-03 15:49:01,627 - deformetrica.core.estimators.gradient_ascent - INFO - 		9.476E-06   and   6.582E+04 	[ landmark_points ]
2021-08-03 15:49:01,629 - deformetrica.core.estimators.gradient_ascent - INFO - 		5.464E-05   and   1.895E+04 	[ momenta ]
2021-08-03 15:49:02,343 - deformetrica.core.estimators.gradient_ascent - INFO - ------------------------------------- Iteration: 79 -------------------------------------
2021-08-03 15:49:02,345 - deformetrica.core.estimators.gradient_ascent - INFO - >> Log-likelihood = -1.042E+06 	 [ attachment = -1.025E+06 ; regularity = -1.700E+04 ]
2021-08-03 15:49:03,331 - deformetrica.core.estimators.gradient_ascent - INFO - >> Step size and gradient norm: 
2021-08-03 15:49:03,332 - deformetrica.core.estimators.gradient_ascent - INFO - 		1.421E-05   and   3.607E+04 	[ landmark_points ]
2021-08-03 15:49:03,333 - deformetrica.core.estimators.gradient_ascent - INFO - 		8.196E-05   and   1.551E+04 	[ momenta ]
2021-08-03 15:49:03,748 - deformetrica.core.estimators.gradient_ascent - INFO - ------------------------------------- Iteration: 80 -------------------------------------
2021-08-03 15:49:03,749 - deformetrica.core.estimators.gradient_ascent - INFO - >> Log-likelihood = -1.025E+06 	 [ attachment = -1.008E+06 ; regularity = -1.712E+04 ]
2021-08-03 15:49:04,393 - deformetrica.core.estimators.gradient_ascent - INFO - >> Step size and gradient norm: 
2021-08-03 15:49:04,394 - deformetrica.core.estimators.gradient_ascent - INFO - 		2.132E-05   and   4.701E+04 	[ landmark_points ]
2021-08-03 15:49:04,397 - deformetrica.core.estimators.gradient_ascent - INFO - 		1.229E-04   and   1.602E+04 	[ momenta ]
2021-08-03 15:49:04,942 - deformetrica.core.estimators.gradient_ascent - INFO - ------------------------------------- Iteration: 81 -------------------------------------
2021-08-03 15:49:04,944 - deformetrica.core.estimators.gradient_ascent - INFO - >> Log-likelihood = -1.019E+06 	 [ attachment = -1.001E+06 ; regularity = -1.727E+04 ]
2021-08-03 15:49:06,140 - deformetrica.core.estimators.gradient_ascent - INFO - >> Step size and gradient norm: 
2021-08-03 15:49:06,143 - deformetrica.core.estimators.gradient_ascent - INFO - 		3.198E-05   and   1.088E+05 	[ landmark_points ]
2021-08-03 15:49:06,145 - deformetrica.core.estimators.gradient_ascent - INFO - 		1.844E-04   and   2.784E+04 	[ momenta ]
2021-08-03 15:49:07,599 - deformetrica.core.estimators.gradient_ascent - INFO - >> Step size and gradient norm: 
2021-08-03 15:49:07,601 - deformetrica.core.estimators.gradient_ascent - INFO - 		1.599E-05   and   1.088E+05 	[ landmark_points ]
2021-08-03 15:49:07,602 - deformetrica.core.estimators.gradient_ascent - INFO - 		9.221E-05   and   2.784E+04 	[ momenta ]
2021-08-03 15:49:09,623 - deformetrica.core.estimators.gradient_ascent - INFO - ------------------------------------- Iteration: 82 -------------------------------------
2021-08-03 15:49:09,625 - deformetrica.core.estimators.gradient_ascent - INFO - >> Log-likelihood = -9.974E+05 	 [ attachment = -9.800E+05 ; regularity = -1.741E+04 ]
2021-08-03 15:49:10,466 - deformetrica.core.estimators.gradient_ascent - INFO - >> Step size and gradient norm: 
2021-08-03 15:49:10,467 - deformetrica.core.estimators.gradient_ascent - INFO - 		7.995E-06   and   9.361E+04 	[ landmark_points ]
2021-08-03 15:49:10,469 - deformetrica.core.estimators.gradient_ascent - INFO - 		9.221E-05   and   2.734E+04 	[ momenta ]
2021-08-03 15:49:11,068 - deformetrica.core.estimators.gradient_ascent - INFO - ------------------------------------- Iteration: 83 -------------------------------------
2021-08-03 15:49:11,071 - deformetrica.core.estimators.gradient_ascent - INFO - >> Log-likelihood = -9.808E+05 	 [ attachment = -9.633E+05 ; regularity = -1.752E+04 ]
2021-08-03 15:49:11,818 - deformetrica.core.estimators.gradient_ascent - INFO - >> Step size and gradient norm: 
2021-08-03 15:49:11,819 - deformetrica.core.estimators.gradient_ascent - INFO - 		1.199E-05   and   8.581E+04 	[ landmark_points ]
2021-08-03 15:49:11,820 - deformetrica.core.estimators.gradient_ascent - INFO - 		1.383E-04   and   2.828E+04 	[ momenta ]
2021-08-03 15:49:13,279 - deformetrica.core.estimators.gradient_ascent - INFO - ------------------------------------- Iteration: 84 -------------------------------------
2021-08-03 15:49:13,280 - deformetrica.core.estimators.gradient_ascent - INFO - >> Log-likelihood = -9.640E+05 	 [ attachment = -9.464E+05 ; regularity = -1.761E+04 ]
2021-08-03 15:49:14,359 - deformetrica.core.estimators.gradient_ascent - INFO - >> Step size and gradient norm: 
2021-08-03 15:49:14,360 - deformetrica.core.estimators.gradient_ascent - INFO - 		1.199E-05   and   8.934E+04 	[ landmark_points ]
2021-08-03 15:49:14,362 - deformetrica.core.estimators.gradient_ascent - INFO - 		6.916E-05   and   2.444E+04 	[ momenta ]
2021-08-03 15:49:14,810 - deformetrica.core.estimators.gradient_ascent - INFO - ------------------------------------- Iteration: 85 -------------------------------------
2021-08-03 15:49:14,811 - deformetrica.core.estimators.gradient_ascent - INFO - >> Log-likelihood = -9.499E+05 	 [ attachment = -9.322E+05 ; regularity = -1.770E+04 ]
2021-08-03 15:49:15,705 - deformetrica.core.estimators.gradient_ascent - INFO - >> Step size and gradient norm: 
2021-08-03 15:49:15,707 - deformetrica.core.estimators.gradient_ascent - INFO - 		1.799E-05   and   8.667E+04 	[ landmark_points ]
2021-08-03 15:49:15,708 - deformetrica.core.estimators.gradient_ascent - INFO - 		1.037E-04   and   2.433E+04 	[ momenta ]
2021-08-03 15:49:17,812 - deformetrica.core.estimators.gradient_ascent - INFO - ------------------------------------- Iteration: 86 -------------------------------------
2021-08-03 15:49:17,813 - deformetrica.core.estimators.gradient_ascent - INFO - >> Log-likelihood = -9.402E+05 	 [ attachment = -9.223E+05 ; regularity = -1.784E+04 ]
2021-08-03 15:49:18,558 - deformetrica.core.estimators.gradient_ascent - INFO - >> Step size and gradient norm: 
2021-08-03 15:49:18,559 - deformetrica.core.estimators.gradient_ascent - INFO - 		8.995E-06   and   9.996E+04 	[ landmark_points ]
2021-08-03 15:49:18,561 - deformetrica.core.estimators.gradient_ascent - INFO - 		1.037E-04   and   2.906E+04 	[ momenta ]
2021-08-03 15:49:19,789 - deformetrica.core.estimators.gradient_ascent - INFO - ------------------------------------- Iteration: 87 -------------------------------------
2021-08-03 15:49:19,790 - deformetrica.core.estimators.gradient_ascent - INFO - >> Log-likelihood = -9.130E+05 	 [ attachment = -8.952E+05 ; regularity = -1.790E+04 ]
2021-08-03 15:49:20,597 - deformetrica.core.estimators.gradient_ascent - INFO - >> Step size and gradient norm: 
2021-08-03 15:49:20,600 - deformetrica.core.estimators.gradient_ascent - INFO - 		8.995E-06   and   5.628E+04 	[ landmark_points ]
2021-08-03 15:49:20,625 - deformetrica.core.estimators.gradient_ascent - INFO - 		5.187E-05   and   1.686E+04 	[ momenta ]
2021-08-03 15:49:21,188 - deformetrica.core.estimators.gradient_ascent - INFO - ------------------------------------- Iteration: 88 -------------------------------------
2021-08-03 15:49:21,189 - deformetrica.core.estimators.gradient_ascent - INFO - >> Log-likelihood = -9.033E+05 	 [ attachment = -8.853E+05 ; regularity = -1.796E+04 ]
2021-08-03 15:49:22,764 - deformetrica.core.estimators.gradient_ascent - INFO - >> Step size and gradient norm: 
2021-08-03 15:49:22,767 - deformetrica.core.estimators.gradient_ascent - INFO - 		1.349E-05   and   3.320E+04 	[ landmark_points ]
2021-08-03 15:49:22,796 - deformetrica.core.estimators.gradient_ascent - INFO - 		7.780E-05   and   1.247E+04 	[ momenta ]
2021-08-03 15:49:24,311 - deformetrica.core.estimators.gradient_ascent - INFO - ------------------------------------- Iteration: 89 -------------------------------------
2021-08-03 15:49:24,312 - deformetrica.core.estimators.gradient_ascent - INFO - >> Log-likelihood = -8.919E+05 	 [ attachment = -8.739E+05 ; regularity = -1.805E+04 ]
2021-08-03 15:49:25,077 - deformetrica.core.estimators.gradient_ascent - INFO - >> Step size and gradient norm: 
2021-08-03 15:49:25,079 - deformetrica.core.estimators.gradient_ascent - INFO - 		2.024E-05   and   4.111E+04 	[ landmark_points ]
2021-08-03 15:49:25,081 - deformetrica.core.estimators.gradient_ascent - INFO - 		1.167E-04   and   1.375E+04 	[ momenta ]
2021-08-03 15:49:25,951 - deformetrica.core.estimators.gradient_ascent - INFO - Tolerance threshold met. Stopping the optimization process.
2021-08-03 15:49:26,717 - root - INFO - >> Estimation took: 02 minutes and 36 seconds
