2021-08-10 13:46:34,896 - root - INFO - OMP_NUM_THREADS was not found in environment variables. An automatic value will be set.
2021-08-10 13:46:34,909 - root - INFO - OMP_NUM_THREADS will be set to 2
2021-08-10 13:46:34,921 - root - WARNING - context has already been set
2021-08-10 13:46:34,934 - root - INFO - >> No specified state-file. By default, Deformetrica state will by saved in file: output/deformetrica-state.p.
2021-08-10 13:46:34,947 - root - INFO - >> Removing the pre-existing state file with same path.
2021-08-10 13:46:34,994 - deformetrica.core.models.model_functions - INFO - >> Reading 200 initial control points from file images/mask_initial_control_points/mask_01_initial_control_points.txt.
2021-08-10 13:46:34,996 - deformetrica.core.models.model_functions - INFO - >> Momenta initialized to zero, for 5 subjects.
2021-08-10 13:46:35,005 - root - INFO - >> Started estimator: GradientAscent
2021-08-10 13:46:35,788 - deformetrica.core.estimators.gradient_ascent - INFO - ------------------------------------- Iteration: 0 -------------------------------------
2021-08-10 13:46:35,789 - deformetrica.core.estimators.gradient_ascent - INFO - >> Log-likelihood = -2.368E+07 	 [ attachment = -2.368E+07 ; regularity = 0.000E+00 ]
2021-08-10 13:46:35,791 - deformetrica.core.estimators.gradient_ascent - INFO - >> Step size and gradient norm: 
2021-08-10 13:46:35,793 - deformetrica.core.estimators.gradient_ascent - INFO - 		7.930E-07   and   1.261E+06 	[ landmark_points ]
2021-08-10 13:46:35,795 - deformetrica.core.estimators.gradient_ascent - INFO - 		2.825E-06   and   3.540E+05 	[ momenta ]
2021-08-10 13:46:36,202 - deformetrica.core.estimators.gradient_ascent - INFO - ------------------------------------- Iteration: 1 -------------------------------------
2021-08-10 13:46:36,203 - deformetrica.core.estimators.gradient_ascent - INFO - >> Log-likelihood = -2.314E+07 	 [ attachment = -2.314E+07 ; regularity = -1.873E+00 ]
2021-08-10 13:46:36,883 - deformetrica.core.estimators.gradient_ascent - INFO - >> Step size and gradient norm: 
2021-08-10 13:46:36,885 - deformetrica.core.estimators.gradient_ascent - INFO - 		1.190E-06   and   1.240E+06 	[ landmark_points ]
2021-08-10 13:46:36,887 - deformetrica.core.estimators.gradient_ascent - INFO - 		4.237E-06   and   3.496E+05 	[ momenta ]
2021-08-10 13:46:37,319 - deformetrica.core.estimators.gradient_ascent - INFO - ------------------------------------- Iteration: 2 -------------------------------------
2021-08-10 13:46:37,320 - deformetrica.core.estimators.gradient_ascent - INFO - >> Log-likelihood = -2.235E+07 	 [ attachment = -2.235E+07 ; regularity = -1.154E+01 ]
2021-08-10 13:46:38,007 - deformetrica.core.estimators.gradient_ascent - INFO - >> Step size and gradient norm: 
2021-08-10 13:46:38,010 - deformetrica.core.estimators.gradient_ascent - INFO - 		1.784E-06   and   1.208E+06 	[ landmark_points ]
2021-08-10 13:46:38,012 - deformetrica.core.estimators.gradient_ascent - INFO - 		6.356E-06   and   3.430E+05 	[ momenta ]
2021-08-10 13:46:38,472 - deformetrica.core.estimators.gradient_ascent - INFO - ------------------------------------- Iteration: 3 -------------------------------------
2021-08-10 13:46:38,473 - deformetrica.core.estimators.gradient_ascent - INFO - >> Log-likelihood = -2.123E+07 	 [ attachment = -2.123E+07 ; regularity = -4.072E+01 ]
2021-08-10 13:46:39,174 - deformetrica.core.estimators.gradient_ascent - INFO - >> Step size and gradient norm: 
2021-08-10 13:46:39,175 - deformetrica.core.estimators.gradient_ascent - INFO - 		2.676E-06   and   1.158E+06 	[ landmark_points ]
2021-08-10 13:46:39,176 - deformetrica.core.estimators.gradient_ascent - INFO - 		9.534E-06   and   3.329E+05 	[ momenta ]
2021-08-10 13:46:39,636 - deformetrica.core.estimators.gradient_ascent - INFO - ------------------------------------- Iteration: 4 -------------------------------------
2021-08-10 13:46:39,637 - deformetrica.core.estimators.gradient_ascent - INFO - >> Log-likelihood = -1.967E+07 	 [ attachment = -1.967E+07 ; regularity = -1.150E+02 ]
2021-08-10 13:46:40,267 - deformetrica.core.estimators.gradient_ascent - INFO - >> Step size and gradient norm: 
2021-08-10 13:46:40,277 - deformetrica.core.estimators.gradient_ascent - INFO - 		4.015E-06   and   1.083E+06 	[ landmark_points ]
2021-08-10 13:46:40,280 - deformetrica.core.estimators.gradient_ascent - INFO - 		1.430E-05   and   3.175E+05 	[ momenta ]
2021-08-10 13:46:40,842 - deformetrica.core.estimators.gradient_ascent - INFO - ------------------------------------- Iteration: 5 -------------------------------------
2021-08-10 13:46:40,843 - deformetrica.core.estimators.gradient_ascent - INFO - >> Log-likelihood = -1.760E+07 	 [ attachment = -1.760E+07 ; regularity = -2.867E+02 ]
2021-08-10 13:46:41,537 - deformetrica.core.estimators.gradient_ascent - INFO - >> Step size and gradient norm: 
2021-08-10 13:46:41,538 - deformetrica.core.estimators.gradient_ascent - INFO - 		6.022E-06   and   9.674E+05 	[ landmark_points ]
2021-08-10 13:46:41,539 - deformetrica.core.estimators.gradient_ascent - INFO - 		2.145E-05   and   2.943E+05 	[ momenta ]
2021-08-10 13:46:42,033 - deformetrica.core.estimators.gradient_ascent - INFO - ------------------------------------- Iteration: 6 -------------------------------------
2021-08-10 13:46:42,034 - deformetrica.core.estimators.gradient_ascent - INFO - >> Log-likelihood = -1.506E+07 	 [ attachment = -1.505E+07 ; regularity = -6.518E+02 ]
2021-08-10 13:46:42,738 - deformetrica.core.estimators.gradient_ascent - INFO - >> Step size and gradient norm: 
2021-08-10 13:46:42,739 - deformetrica.core.estimators.gradient_ascent - INFO - 		9.033E-06   and   7.978E+05 	[ landmark_points ]
2021-08-10 13:46:42,740 - deformetrica.core.estimators.gradient_ascent - INFO - 		3.218E-05   and   2.600E+05 	[ momenta ]
2021-08-10 13:46:43,231 - deformetrica.core.estimators.gradient_ascent - INFO - ------------------------------------- Iteration: 7 -------------------------------------
2021-08-10 13:46:43,232 - deformetrica.core.estimators.gradient_ascent - INFO - >> Log-likelihood = -1.230E+07 	 [ attachment = -1.229E+07 ; regularity = -1.354E+03 ]
2021-08-10 13:46:43,920 - deformetrica.core.estimators.gradient_ascent - INFO - >> Step size and gradient norm: 
2021-08-10 13:46:43,921 - deformetrica.core.estimators.gradient_ascent - INFO - 		1.355E-05   and   5.711E+05 	[ landmark_points ]
2021-08-10 13:46:43,923 - deformetrica.core.estimators.gradient_ascent - INFO - 		4.827E-05   and   2.134E+05 	[ momenta ]
2021-08-10 13:46:44,384 - deformetrica.core.estimators.gradient_ascent - INFO - ------------------------------------- Iteration: 8 -------------------------------------
2021-08-10 13:46:44,385 - deformetrica.core.estimators.gradient_ascent - INFO - >> Log-likelihood = -9.789E+06 	 [ attachment = -9.786E+06 ; regularity = -2.526E+03 ]
2021-08-10 13:46:45,039 - deformetrica.core.estimators.gradient_ascent - INFO - >> Step size and gradient norm: 
2021-08-10 13:46:45,040 - deformetrica.core.estimators.gradient_ascent - INFO - 		2.032E-05   and   3.354E+05 	[ landmark_points ]
2021-08-10 13:46:45,042 - deformetrica.core.estimators.gradient_ascent - INFO - 		7.240E-05   and   1.588E+05 	[ momenta ]
2021-08-10 13:46:45,470 - deformetrica.core.estimators.gradient_ascent - INFO - ------------------------------------- Iteration: 9 -------------------------------------
2021-08-10 13:46:45,471 - deformetrica.core.estimators.gradient_ascent - INFO - >> Log-likelihood = -7.913E+06 	 [ attachment = -7.909E+06 ; regularity = -4.107E+03 ]
2021-08-10 13:46:46,237 - deformetrica.core.estimators.gradient_ascent - INFO - >> Step size and gradient norm: 
2021-08-10 13:46:46,238 - deformetrica.core.estimators.gradient_ascent - INFO - 		3.049E-05   and   1.941E+05 	[ landmark_points ]
2021-08-10 13:46:46,241 - deformetrica.core.estimators.gradient_ascent - INFO - 		1.086E-04   and   1.080E+05 	[ momenta ]
2021-08-10 13:46:46,714 - deformetrica.core.estimators.gradient_ascent - INFO - ------------------------------------- Iteration: 10 -------------------------------------
2021-08-10 13:46:46,715 - deformetrica.core.estimators.gradient_ascent - INFO - >> Log-likelihood = -6.611E+06 	 [ attachment = -6.605E+06 ; regularity = -5.727E+03 ]
2021-08-10 13:46:47,395 - deformetrica.core.estimators.gradient_ascent - INFO - >> Step size and gradient norm: 
2021-08-10 13:46:47,396 - deformetrica.core.estimators.gradient_ascent - INFO - 		4.573E-05   and   1.437E+05 	[ landmark_points ]
2021-08-10 13:46:47,398 - deformetrica.core.estimators.gradient_ascent - INFO - 		1.629E-04   and   8.229E+04 	[ momenta ]
2021-08-10 13:46:47,906 - deformetrica.core.estimators.gradient_ascent - INFO - ------------------------------------- Iteration: 11 -------------------------------------
2021-08-10 13:46:47,907 - deformetrica.core.estimators.gradient_ascent - INFO - >> Log-likelihood = -5.422E+06 	 [ attachment = -5.415E+06 ; regularity = -7.223E+03 ]
2021-08-10 13:46:48,681 - deformetrica.core.estimators.gradient_ascent - INFO - >> Step size and gradient norm: 
2021-08-10 13:46:48,684 - deformetrica.core.estimators.gradient_ascent - INFO - 		6.859E-05   and   1.147E+05 	[ landmark_points ]
2021-08-10 13:46:48,688 - deformetrica.core.estimators.gradient_ascent - INFO - 		2.444E-04   and   7.171E+04 	[ momenta ]
2021-08-10 13:46:49,241 - deformetrica.core.estimators.gradient_ascent - INFO - ------------------------------------- Iteration: 12 -------------------------------------
2021-08-10 13:46:49,245 - deformetrica.core.estimators.gradient_ascent - INFO - >> Log-likelihood = -4.497E+06 	 [ attachment = -4.487E+06 ; regularity = -9.674E+03 ]
2021-08-10 13:46:50,027 - deformetrica.core.estimators.gradient_ascent - INFO - >> Step size and gradient norm: 
2021-08-10 13:46:50,028 - deformetrica.core.estimators.gradient_ascent - INFO - 		1.029E-04   and   1.118E+05 	[ landmark_points ]
2021-08-10 13:46:50,029 - deformetrica.core.estimators.gradient_ascent - INFO - 		3.665E-04   and   1.063E+05 	[ momenta ]
2021-08-10 13:46:51,214 - deformetrica.core.estimators.gradient_ascent - INFO - >> Step size and gradient norm: 
2021-08-10 13:46:51,215 - deformetrica.core.estimators.gradient_ascent - INFO - 		5.144E-05   and   1.118E+05 	[ landmark_points ]
2021-08-10 13:46:51,217 - deformetrica.core.estimators.gradient_ascent - INFO - 		1.833E-04   and   1.063E+05 	[ momenta ]
2021-08-10 13:46:52,351 - deformetrica.core.estimators.gradient_ascent - INFO - ------------------------------------- Iteration: 13 -------------------------------------
2021-08-10 13:46:52,352 - deformetrica.core.estimators.gradient_ascent - INFO - >> Log-likelihood = -4.354E+06 	 [ attachment = -4.344E+06 ; regularity = -9.785E+03 ]
2021-08-10 13:46:52,967 - deformetrica.core.estimators.gradient_ascent - INFO - >> Step size and gradient norm: 
2021-08-10 13:46:52,969 - deformetrica.core.estimators.gradient_ascent - INFO - 		5.144E-05   and   2.174E+05 	[ landmark_points ]
2021-08-10 13:46:52,970 - deformetrica.core.estimators.gradient_ascent - INFO - 		9.163E-05   and   1.074E+05 	[ momenta ]
2021-08-10 13:46:54,142 - deformetrica.core.estimators.gradient_ascent - INFO - ------------------------------------- Iteration: 14 -------------------------------------
2021-08-10 13:46:54,143 - deformetrica.core.estimators.gradient_ascent - INFO - >> Log-likelihood = -4.165E+06 	 [ attachment = -4.154E+06 ; regularity = -1.065E+04 ]
2021-08-10 13:46:54,810 - deformetrica.core.estimators.gradient_ascent - INFO - >> Step size and gradient norm: 
2021-08-10 13:46:54,811 - deformetrica.core.estimators.gradient_ascent - INFO - 		2.572E-05   and   2.295E+05 	[ landmark_points ]
2021-08-10 13:46:54,812 - deformetrica.core.estimators.gradient_ascent - INFO - 		9.163E-05   and   1.197E+05 	[ momenta ]
2021-08-10 13:46:56,642 - deformetrica.core.estimators.gradient_ascent - INFO - ------------------------------------- Iteration: 15 -------------------------------------
2021-08-10 13:46:56,643 - deformetrica.core.estimators.gradient_ascent - INFO - >> Log-likelihood = -3.775E+06 	 [ attachment = -3.764E+06 ; regularity = -1.075E+04 ]
2021-08-10 13:46:57,458 - deformetrica.core.estimators.gradient_ascent - INFO - >> Step size and gradient norm: 
2021-08-10 13:46:57,459 - deformetrica.core.estimators.gradient_ascent - INFO - 		2.572E-05   and   1.648E+05 	[ landmark_points ]
2021-08-10 13:46:57,461 - deformetrica.core.estimators.gradient_ascent - INFO - 		4.582E-05   and   8.106E+04 	[ momenta ]
2021-08-10 13:46:57,888 - deformetrica.core.estimators.gradient_ascent - INFO - ------------------------------------- Iteration: 16 -------------------------------------
2021-08-10 13:46:57,889 - deformetrica.core.estimators.gradient_ascent - INFO - >> Log-likelihood = -3.637E+06 	 [ attachment = -3.625E+06 ; regularity = -1.102E+04 ]
2021-08-10 13:46:59,220 - deformetrica.core.estimators.gradient_ascent - INFO - >> Step size and gradient norm: 
2021-08-10 13:46:59,222 - deformetrica.core.estimators.gradient_ascent - INFO - 		3.858E-05   and   1.519E+05 	[ landmark_points ]
2021-08-10 13:46:59,224 - deformetrica.core.estimators.gradient_ascent - INFO - 		6.872E-05   and   7.605E+04 	[ momenta ]
2021-08-10 13:47:01,210 - deformetrica.core.estimators.gradient_ascent - INFO - ------------------------------------- Iteration: 17 -------------------------------------
2021-08-10 13:47:01,211 - deformetrica.core.estimators.gradient_ascent - INFO - >> Log-likelihood = -3.513E+06 	 [ attachment = -3.502E+06 ; regularity = -1.139E+04 ]
2021-08-10 13:47:01,910 - deformetrica.core.estimators.gradient_ascent - INFO - >> Step size and gradient norm: 
2021-08-10 13:47:01,911 - deformetrica.core.estimators.gradient_ascent - INFO - 		1.929E-05   and   1.564E+05 	[ landmark_points ]
2021-08-10 13:47:01,912 - deformetrica.core.estimators.gradient_ascent - INFO - 		6.872E-05   and   8.450E+04 	[ momenta ]
2021-08-10 13:47:02,349 - deformetrica.core.estimators.gradient_ascent - INFO - ------------------------------------- Iteration: 18 -------------------------------------
2021-08-10 13:47:02,350 - deformetrica.core.estimators.gradient_ascent - INFO - >> Log-likelihood = -3.400E+06 	 [ attachment = -3.389E+06 ; regularity = -1.180E+04 ]
2021-08-10 13:47:03,032 - deformetrica.core.estimators.gradient_ascent - INFO - >> Step size and gradient norm: 
2021-08-10 13:47:03,034 - deformetrica.core.estimators.gradient_ascent - INFO - 		2.894E-05   and   1.831E+05 	[ landmark_points ]
2021-08-10 13:47:03,035 - deformetrica.core.estimators.gradient_ascent - INFO - 		1.031E-04   and   9.287E+04 	[ momenta ]
2021-08-10 13:47:04,215 - deformetrica.core.estimators.gradient_ascent - INFO - ------------------------------------- Iteration: 19 -------------------------------------
2021-08-10 13:47:04,216 - deformetrica.core.estimators.gradient_ascent - INFO - >> Log-likelihood = -3.332E+06 	 [ attachment = -3.320E+06 ; regularity = -1.206E+04 ]
2021-08-10 13:47:04,860 - deformetrica.core.estimators.gradient_ascent - INFO - >> Step size and gradient norm: 
2021-08-10 13:47:04,862 - deformetrica.core.estimators.gradient_ascent - INFO - 		2.894E-05   and   2.182E+05 	[ landmark_points ]
2021-08-10 13:47:04,863 - deformetrica.core.estimators.gradient_ascent - INFO - 		5.154E-05   and   1.001E+05 	[ momenta ]
2021-08-10 13:47:05,246 - deformetrica.core.estimators.gradient_ascent - INFO - ------------------------------------- Iteration: 20 -------------------------------------
2021-08-10 13:47:05,247 - deformetrica.core.estimators.gradient_ascent - INFO - >> Log-likelihood = -3.307E+06 	 [ attachment = -3.295E+06 ; regularity = -1.238E+04 ]
2021-08-10 13:47:05,952 - deformetrica.core.estimators.gradient_ascent - INFO - >> Step size and gradient norm: 
2021-08-10 13:47:05,954 - deformetrica.core.estimators.gradient_ascent - INFO - 		4.341E-05   and   2.462E+05 	[ landmark_points ]
2021-08-10 13:47:05,983 - deformetrica.core.estimators.gradient_ascent - INFO - 		7.731E-05   and   1.133E+05 	[ momenta ]
2021-08-10 13:47:07,439 - deformetrica.core.estimators.gradient_ascent - INFO - >> Step size and gradient norm: 
2021-08-10 13:47:07,440 - deformetrica.core.estimators.gradient_ascent - INFO - 		2.170E-05   and   2.462E+05 	[ landmark_points ]
2021-08-10 13:47:07,443 - deformetrica.core.estimators.gradient_ascent - INFO - 		3.866E-05   and   1.133E+05 	[ momenta ]
2021-08-10 13:47:07,859 - deformetrica.core.estimators.gradient_ascent - INFO - ------------------------------------- Iteration: 21 -------------------------------------
2021-08-10 13:47:07,860 - deformetrica.core.estimators.gradient_ascent - INFO - >> Log-likelihood = -3.009E+06 	 [ attachment = -2.996E+06 ; regularity = -1.255E+04 ]
2021-08-10 13:47:08,514 - deformetrica.core.estimators.gradient_ascent - INFO - >> Step size and gradient norm: 
2021-08-10 13:47:08,515 - deformetrica.core.estimators.gradient_ascent - INFO - 		3.256E-05   and   1.538E+05 	[ landmark_points ]
2021-08-10 13:47:08,516 - deformetrica.core.estimators.gradient_ascent - INFO - 		5.799E-05   and   7.524E+04 	[ momenta ]
2021-08-10 13:47:09,814 - deformetrica.core.estimators.gradient_ascent - INFO - ------------------------------------- Iteration: 22 -------------------------------------
2021-08-10 13:47:09,816 - deformetrica.core.estimators.gradient_ascent - INFO - >> Log-likelihood = -2.878E+06 	 [ attachment = -2.865E+06 ; regularity = -1.287E+04 ]
2021-08-10 13:47:10,411 - deformetrica.core.estimators.gradient_ascent - INFO - >> Step size and gradient norm: 
2021-08-10 13:47:10,412 - deformetrica.core.estimators.gradient_ascent - INFO - 		1.628E-05   and   1.349E+05 	[ landmark_points ]
2021-08-10 13:47:10,413 - deformetrica.core.estimators.gradient_ascent - INFO - 		5.799E-05   and   7.154E+04 	[ momenta ]
2021-08-10 13:47:10,820 - deformetrica.core.estimators.gradient_ascent - INFO - ------------------------------------- Iteration: 23 -------------------------------------
2021-08-10 13:47:10,821 - deformetrica.core.estimators.gradient_ascent - INFO - >> Log-likelihood = -2.751E+06 	 [ attachment = -2.738E+06 ; regularity = -1.314E+04 ]
2021-08-10 13:47:11,473 - deformetrica.core.estimators.gradient_ascent - INFO - >> Step size and gradient norm: 
2021-08-10 13:47:11,474 - deformetrica.core.estimators.gradient_ascent - INFO - 		2.442E-05   and   1.225E+05 	[ landmark_points ]
2021-08-10 13:47:11,502 - deformetrica.core.estimators.gradient_ascent - INFO - 		8.698E-05   and   6.937E+04 	[ momenta ]
2021-08-10 13:47:12,206 - deformetrica.core.estimators.gradient_ascent - INFO - ------------------------------------- Iteration: 24 -------------------------------------
2021-08-10 13:47:12,207 - deformetrica.core.estimators.gradient_ascent - INFO - >> Log-likelihood = -2.729E+06 	 [ attachment = -2.716E+06 ; regularity = -1.366E+04 ]
2021-08-10 13:47:12,899 - deformetrica.core.estimators.gradient_ascent - INFO - >> Step size and gradient norm: 
2021-08-10 13:47:12,900 - deformetrica.core.estimators.gradient_ascent - INFO - 		3.662E-05   and   2.131E+05 	[ landmark_points ]
2021-08-10 13:47:12,902 - deformetrica.core.estimators.gradient_ascent - INFO - 		1.305E-04   and   1.109E+05 	[ momenta ]
2021-08-10 13:47:14,135 - deformetrica.core.estimators.gradient_ascent - INFO - >> Step size and gradient norm: 
2021-08-10 13:47:14,136 - deformetrica.core.estimators.gradient_ascent - INFO - 		1.831E-05   and   2.131E+05 	[ landmark_points ]
2021-08-10 13:47:14,137 - deformetrica.core.estimators.gradient_ascent - INFO - 		6.523E-05   and   1.109E+05 	[ momenta ]
2021-08-10 13:47:14,522 - deformetrica.core.estimators.gradient_ascent - INFO - ------------------------------------- Iteration: 25 -------------------------------------
2021-08-10 13:47:14,523 - deformetrica.core.estimators.gradient_ascent - INFO - >> Log-likelihood = -2.631E+06 	 [ attachment = -2.617E+06 ; regularity = -1.399E+04 ]
2021-08-10 13:47:15,165 - deformetrica.core.estimators.gradient_ascent - INFO - >> Step size and gradient norm: 
2021-08-10 13:47:15,166 - deformetrica.core.estimators.gradient_ascent - INFO - 		2.747E-05   and   2.368E+05 	[ landmark_points ]
2021-08-10 13:47:15,167 - deformetrica.core.estimators.gradient_ascent - INFO - 		9.785E-05   and   1.194E+05 	[ momenta ]
2021-08-10 13:47:16,528 - deformetrica.core.estimators.gradient_ascent - INFO - ------------------------------------- Iteration: 26 -------------------------------------
2021-08-10 13:47:16,529 - deformetrica.core.estimators.gradient_ascent - INFO - >> Log-likelihood = -2.560E+06 	 [ attachment = -2.546E+06 ; regularity = -1.430E+04 ]
2021-08-10 13:47:17,427 - deformetrica.core.estimators.gradient_ascent - INFO - >> Step size and gradient norm: 
2021-08-10 13:47:17,428 - deformetrica.core.estimators.gradient_ascent - INFO - 		2.747E-05   and   2.598E+05 	[ landmark_points ]
2021-08-10 13:47:17,429 - deformetrica.core.estimators.gradient_ascent - INFO - 		4.893E-05   and   1.134E+05 	[ momenta ]
2021-08-10 13:47:17,857 - deformetrica.core.estimators.gradient_ascent - INFO - ------------------------------------- Iteration: 27 -------------------------------------
2021-08-10 13:47:17,859 - deformetrica.core.estimators.gradient_ascent - INFO - >> Log-likelihood = -2.441E+06 	 [ attachment = -2.427E+06 ; regularity = -1.456E+04 ]
2021-08-10 13:47:18,496 - deformetrica.core.estimators.gradient_ascent - INFO - >> Step size and gradient norm: 
2021-08-10 13:47:18,497 - deformetrica.core.estimators.gradient_ascent - INFO - 		4.120E-05   and   2.590E+05 	[ landmark_points ]
2021-08-10 13:47:18,498 - deformetrica.core.estimators.gradient_ascent - INFO - 		7.339E-05   and   1.161E+05 	[ momenta ]
2021-08-10 13:47:19,676 - deformetrica.core.estimators.gradient_ascent - INFO - >> Step size and gradient norm: 
2021-08-10 13:47:19,678 - deformetrica.core.estimators.gradient_ascent - INFO - 		2.060E-05   and   2.590E+05 	[ landmark_points ]
2021-08-10 13:47:19,679 - deformetrica.core.estimators.gradient_ascent - INFO - 		3.669E-05   and   1.161E+05 	[ momenta ]
2021-08-10 13:47:20,079 - deformetrica.core.estimators.gradient_ascent - INFO - ------------------------------------- Iteration: 28 -------------------------------------
2021-08-10 13:47:20,080 - deformetrica.core.estimators.gradient_ascent - INFO - >> Log-likelihood = -2.168E+06 	 [ attachment = -2.153E+06 ; regularity = -1.477E+04 ]
2021-08-10 13:47:20,719 - deformetrica.core.estimators.gradient_ascent - INFO - >> Step size and gradient norm: 
2021-08-10 13:47:20,721 - deformetrica.core.estimators.gradient_ascent - INFO - 		3.090E-05   and   1.517E+05 	[ landmark_points ]
2021-08-10 13:47:20,723 - deformetrica.core.estimators.gradient_ascent - INFO - 		5.504E-05   and   7.512E+04 	[ momenta ]
2021-08-10 13:47:21,310 - deformetrica.core.estimators.gradient_ascent - INFO - ------------------------------------- Iteration: 29 -------------------------------------
2021-08-10 13:47:21,312 - deformetrica.core.estimators.gradient_ascent - INFO - >> Log-likelihood = -2.116E+06 	 [ attachment = -2.100E+06 ; regularity = -1.508E+04 ]
2021-08-10 13:47:22,123 - deformetrica.core.estimators.gradient_ascent - INFO - >> Step size and gradient norm: 
2021-08-10 13:47:22,125 - deformetrica.core.estimators.gradient_ascent - INFO - 		4.635E-05   and   2.016E+05 	[ landmark_points ]
2021-08-10 13:47:22,153 - deformetrica.core.estimators.gradient_ascent - INFO - 		8.256E-05   and   9.745E+04 	[ momenta ]
2021-08-10 13:47:23,587 - deformetrica.core.estimators.gradient_ascent - INFO - >> Step size and gradient norm: 
2021-08-10 13:47:23,588 - deformetrica.core.estimators.gradient_ascent - INFO - 		2.318E-05   and   2.016E+05 	[ landmark_points ]
2021-08-10 13:47:23,589 - deformetrica.core.estimators.gradient_ascent - INFO - 		4.128E-05   and   9.745E+04 	[ momenta ]
2021-08-10 13:47:24,029 - deformetrica.core.estimators.gradient_ascent - INFO - ------------------------------------- Iteration: 30 -------------------------------------
2021-08-10 13:47:24,031 - deformetrica.core.estimators.gradient_ascent - INFO - >> Log-likelihood = -1.949E+06 	 [ attachment = -1.933E+06 ; regularity = -1.535E+04 ]
2021-08-10 13:47:24,725 - deformetrica.core.estimators.gradient_ascent - INFO - >> Step size and gradient norm: 
2021-08-10 13:47:24,726 - deformetrica.core.estimators.gradient_ascent - INFO - 		3.476E-05   and   1.614E+05 	[ landmark_points ]
2021-08-10 13:47:24,728 - deformetrica.core.estimators.gradient_ascent - INFO - 		6.192E-05   and   8.342E+04 	[ momenta ]
2021-08-10 13:47:26,091 - deformetrica.core.estimators.gradient_ascent - INFO - ------------------------------------- Iteration: 31 -------------------------------------
2021-08-10 13:47:26,092 - deformetrica.core.estimators.gradient_ascent - INFO - >> Log-likelihood = -1.782E+06 	 [ attachment = -1.766E+06 ; regularity = -1.575E+04 ]
2021-08-10 13:47:26,794 - deformetrica.core.estimators.gradient_ascent - INFO - >> Step size and gradient norm: 
2021-08-10 13:47:26,795 - deformetrica.core.estimators.gradient_ascent - INFO - 		1.738E-05   and   1.455E+05 	[ landmark_points ]
2021-08-10 13:47:26,797 - deformetrica.core.estimators.gradient_ascent - INFO - 		6.192E-05   and   8.563E+04 	[ momenta ]
2021-08-10 13:47:27,276 - deformetrica.core.estimators.gradient_ascent - INFO - ------------------------------------- Iteration: 32 -------------------------------------
2021-08-10 13:47:27,277 - deformetrica.core.estimators.gradient_ascent - INFO - >> Log-likelihood = -1.651E+06 	 [ attachment = -1.635E+06 ; regularity = -1.617E+04 ]
2021-08-10 13:47:28,126 - deformetrica.core.estimators.gradient_ascent - INFO - >> Step size and gradient norm: 
2021-08-10 13:47:28,127 - deformetrica.core.estimators.gradient_ascent - INFO - 		2.607E-05   and   1.540E+05 	[ landmark_points ]
2021-08-10 13:47:28,128 - deformetrica.core.estimators.gradient_ascent - INFO - 		9.288E-05   and   8.288E+04 	[ momenta ]
2021-08-10 13:47:29,343 - deformetrica.core.estimators.gradient_ascent - INFO - ------------------------------------- Iteration: 33 -------------------------------------
2021-08-10 13:47:29,344 - deformetrica.core.estimators.gradient_ascent - INFO - >> Log-likelihood = -1.567E+06 	 [ attachment = -1.550E+06 ; regularity = -1.642E+04 ]
2021-08-10 13:47:29,980 - deformetrica.core.estimators.gradient_ascent - INFO - >> Step size and gradient norm: 
2021-08-10 13:47:29,981 - deformetrica.core.estimators.gradient_ascent - INFO - 		2.607E-05   and   1.640E+05 	[ landmark_points ]
2021-08-10 13:47:29,983 - deformetrica.core.estimators.gradient_ascent - INFO - 		4.644E-05   and   7.567E+04 	[ momenta ]
2021-08-10 13:47:30,389 - deformetrica.core.estimators.gradient_ascent - INFO - ------------------------------------- Iteration: 34 -------------------------------------
2021-08-10 13:47:30,390 - deformetrica.core.estimators.gradient_ascent - INFO - >> Log-likelihood = -1.527E+06 	 [ attachment = -1.510E+06 ; regularity = -1.666E+04 ]
2021-08-10 13:47:31,049 - deformetrica.core.estimators.gradient_ascent - INFO - >> Step size and gradient norm: 
2021-08-10 13:47:31,051 - deformetrica.core.estimators.gradient_ascent - INFO - 		3.911E-05   and   1.655E+05 	[ landmark_points ]
2021-08-10 13:47:31,053 - deformetrica.core.estimators.gradient_ascent - INFO - 		6.966E-05   and   7.494E+04 	[ momenta ]
2021-08-10 13:47:32,240 - deformetrica.core.estimators.gradient_ascent - INFO - >> Step size and gradient norm: 
2021-08-10 13:47:32,241 - deformetrica.core.estimators.gradient_ascent - INFO - 		1.956E-05   and   1.655E+05 	[ landmark_points ]
2021-08-10 13:47:32,243 - deformetrica.core.estimators.gradient_ascent - INFO - 		3.483E-05   and   7.494E+04 	[ momenta ]
2021-08-10 13:47:32,617 - deformetrica.core.estimators.gradient_ascent - INFO - ------------------------------------- Iteration: 35 -------------------------------------
2021-08-10 13:47:32,618 - deformetrica.core.estimators.gradient_ascent - INFO - >> Log-likelihood = -1.402E+06 	 [ attachment = -1.385E+06 ; regularity = -1.677E+04 ]
2021-08-10 13:47:33,386 - deformetrica.core.estimators.gradient_ascent - INFO - >> Step size and gradient norm: 
2021-08-10 13:47:33,387 - deformetrica.core.estimators.gradient_ascent - INFO - 		2.933E-05   and   8.574E+04 	[ landmark_points ]
2021-08-10 13:47:33,388 - deformetrica.core.estimators.gradient_ascent - INFO - 		5.225E-05   and   4.248E+04 	[ momenta ]
2021-08-10 13:47:33,770 - deformetrica.core.estimators.gradient_ascent - INFO - ------------------------------------- Iteration: 36 -------------------------------------
2021-08-10 13:47:33,772 - deformetrica.core.estimators.gradient_ascent - INFO - >> Log-likelihood = -1.389E+06 	 [ attachment = -1.372E+06 ; regularity = -1.696E+04 ]
2021-08-10 13:47:34,440 - deformetrica.core.estimators.gradient_ascent - INFO - >> Step size and gradient norm: 
2021-08-10 13:47:34,441 - deformetrica.core.estimators.gradient_ascent - INFO - 		4.400E-05   and   1.095E+05 	[ landmark_points ]
2021-08-10 13:47:34,443 - deformetrica.core.estimators.gradient_ascent - INFO - 		7.837E-05   and   5.027E+04 	[ momenta ]
2021-08-10 13:47:35,694 - deformetrica.core.estimators.gradient_ascent - INFO - >> Step size and gradient norm: 
2021-08-10 13:47:35,696 - deformetrica.core.estimators.gradient_ascent - INFO - 		2.200E-05   and   1.095E+05 	[ landmark_points ]
2021-08-10 13:47:35,698 - deformetrica.core.estimators.gradient_ascent - INFO - 		3.918E-05   and   5.027E+04 	[ momenta ]
2021-08-10 13:47:36,125 - deformetrica.core.estimators.gradient_ascent - INFO - ------------------------------------- Iteration: 37 -------------------------------------
2021-08-10 13:47:36,126 - deformetrica.core.estimators.gradient_ascent - INFO - >> Log-likelihood = -1.341E+06 	 [ attachment = -1.324E+06 ; regularity = -1.705E+04 ]
2021-08-10 13:47:36,754 - deformetrica.core.estimators.gradient_ascent - INFO - >> Step size and gradient norm: 
2021-08-10 13:47:36,755 - deformetrica.core.estimators.gradient_ascent - INFO - 		3.300E-05   and   8.063E+04 	[ landmark_points ]
2021-08-10 13:47:36,756 - deformetrica.core.estimators.gradient_ascent - INFO - 		5.878E-05   and   3.929E+04 	[ momenta ]
2021-08-10 13:47:38,018 - deformetrica.core.estimators.gradient_ascent - INFO - ------------------------------------- Iteration: 38 -------------------------------------
2021-08-10 13:47:38,021 - deformetrica.core.estimators.gradient_ascent - INFO - >> Log-likelihood = -1.315E+06 	 [ attachment = -1.298E+06 ; regularity = -1.721E+04 ]
2021-08-10 13:47:38,834 - deformetrica.core.estimators.gradient_ascent - INFO - >> Step size and gradient norm: 
2021-08-10 13:47:38,835 - deformetrica.core.estimators.gradient_ascent - INFO - 		1.650E-05   and   7.641E+04 	[ landmark_points ]
2021-08-10 13:47:38,837 - deformetrica.core.estimators.gradient_ascent - INFO - 		5.878E-05   and   3.924E+04 	[ momenta ]
2021-08-10 13:47:39,244 - deformetrica.core.estimators.gradient_ascent - INFO - ------------------------------------- Iteration: 39 -------------------------------------
2021-08-10 13:47:39,245 - deformetrica.core.estimators.gradient_ascent - INFO - >> Log-likelihood = -1.293E+06 	 [ attachment = -1.276E+06 ; regularity = -1.732E+04 ]
2021-08-10 13:47:39,899 - deformetrica.core.estimators.gradient_ascent - INFO - >> Step size and gradient norm: 
2021-08-10 13:47:39,900 - deformetrica.core.estimators.gradient_ascent - INFO - 		2.475E-05   and   7.384E+04 	[ landmark_points ]
2021-08-10 13:47:39,901 - deformetrica.core.estimators.gradient_ascent - INFO - 		8.817E-05   and   3.942E+04 	[ momenta ]
2021-08-10 13:47:41,055 - deformetrica.core.estimators.gradient_ascent - INFO - ------------------------------------- Iteration: 40 -------------------------------------
2021-08-10 13:47:41,057 - deformetrica.core.estimators.gradient_ascent - INFO - >> Log-likelihood = -1.272E+06 	 [ attachment = -1.255E+06 ; regularity = -1.741E+04 ]
2021-08-10 13:47:41,656 - deformetrica.core.estimators.gradient_ascent - INFO - >> Step size and gradient norm: 
2021-08-10 13:47:41,657 - deformetrica.core.estimators.gradient_ascent - INFO - 		2.475E-05   and   7.838E+04 	[ landmark_points ]
2021-08-10 13:47:41,659 - deformetrica.core.estimators.gradient_ascent - INFO - 		4.408E-05   and   3.550E+04 	[ momenta ]
2021-08-10 13:47:42,184 - deformetrica.core.estimators.gradient_ascent - INFO - ------------------------------------- Iteration: 41 -------------------------------------
2021-08-10 13:47:42,185 - deformetrica.core.estimators.gradient_ascent - INFO - >> Log-likelihood = -1.254E+06 	 [ attachment = -1.236E+06 ; regularity = -1.748E+04 ]
2021-08-10 13:47:42,864 - deformetrica.core.estimators.gradient_ascent - INFO - >> Step size and gradient norm: 
2021-08-10 13:47:42,866 - deformetrica.core.estimators.gradient_ascent - INFO - 		3.712E-05   and   7.318E+04 	[ landmark_points ]
2021-08-10 13:47:42,867 - deformetrica.core.estimators.gradient_ascent - INFO - 		6.612E-05   and   3.544E+04 	[ momenta ]
2021-08-10 13:47:44,028 - deformetrica.core.estimators.gradient_ascent - INFO - ------------------------------------- Iteration: 42 -------------------------------------
2021-08-10 13:47:44,030 - deformetrica.core.estimators.gradient_ascent - INFO - >> Log-likelihood = -1.247E+06 	 [ attachment = -1.230E+06 ; regularity = -1.761E+04 ]
2021-08-10 13:47:44,660 - deformetrica.core.estimators.gradient_ascent - INFO - >> Step size and gradient norm: 
2021-08-10 13:47:44,661 - deformetrica.core.estimators.gradient_ascent - INFO - 		1.856E-05   and   8.708E+04 	[ landmark_points ]
2021-08-10 13:47:44,663 - deformetrica.core.estimators.gradient_ascent - INFO - 		6.612E-05   and   4.413E+04 	[ momenta ]
2021-08-10 13:47:45,898 - deformetrica.core.estimators.gradient_ascent - INFO - ------------------------------------- Iteration: 43 -------------------------------------
2021-08-10 13:47:45,899 - deformetrica.core.estimators.gradient_ascent - INFO - >> Log-likelihood = -1.209E+06 	 [ attachment = -1.191E+06 ; regularity = -1.765E+04 ]
2021-08-10 13:47:46,543 - deformetrica.core.estimators.gradient_ascent - INFO - >> Step size and gradient norm: 
2021-08-10 13:47:46,544 - deformetrica.core.estimators.gradient_ascent - INFO - 		1.856E-05   and   4.835E+04 	[ landmark_points ]
2021-08-10 13:47:46,545 - deformetrica.core.estimators.gradient_ascent - INFO - 		3.306E-05   and   2.353E+04 	[ momenta ]
2021-08-10 13:47:47,029 - deformetrica.core.estimators.gradient_ascent - INFO - ------------------------------------- Iteration: 44 -------------------------------------
2021-08-10 13:47:47,030 - deformetrica.core.estimators.gradient_ascent - INFO - >> Log-likelihood = -1.192E+06 	 [ attachment = -1.174E+06 ; regularity = -1.772E+04 ]
2021-08-10 13:47:47,755 - deformetrica.core.estimators.gradient_ascent - INFO - >> Step size and gradient norm: 
2021-08-10 13:47:47,757 - deformetrica.core.estimators.gradient_ascent - INFO - 		2.784E-05   and   2.908E+04 	[ landmark_points ]
2021-08-10 13:47:47,759 - deformetrica.core.estimators.gradient_ascent - INFO - 		4.959E-05   and   1.772E+04 	[ momenta ]
2021-08-10 13:47:48,173 - deformetrica.core.estimators.gradient_ascent - INFO - ------------------------------------- Iteration: 45 -------------------------------------
2021-08-10 13:47:48,174 - deformetrica.core.estimators.gradient_ascent - INFO - >> Log-likelihood = -1.177E+06 	 [ attachment = -1.159E+06 ; regularity = -1.779E+04 ]
2021-08-10 13:47:48,895 - deformetrica.core.estimators.gradient_ascent - INFO - >> Step size and gradient norm: 
2021-08-10 13:47:48,896 - deformetrica.core.estimators.gradient_ascent - INFO - 		4.176E-05   and   3.212E+04 	[ landmark_points ]
2021-08-10 13:47:48,897 - deformetrica.core.estimators.gradient_ascent - INFO - 		7.439E-05   and   1.881E+04 	[ momenta ]
2021-08-10 13:47:49,357 - deformetrica.core.estimators.gradient_ascent - INFO - ------------------------------------- Iteration: 46 -------------------------------------
2021-08-10 13:47:49,358 - deformetrica.core.estimators.gradient_ascent - INFO - >> Log-likelihood = -1.171E+06 	 [ attachment = -1.153E+06 ; regularity = -1.792E+04 ]
2021-08-10 13:47:50,302 - deformetrica.core.estimators.gradient_ascent - INFO - >> Step size and gradient norm: 
2021-08-10 13:47:50,304 - deformetrica.core.estimators.gradient_ascent - INFO - 		6.265E-05   and   6.693E+04 	[ landmark_points ]
2021-08-10 13:47:50,307 - deformetrica.core.estimators.gradient_ascent - INFO - 		1.116E-04   and   3.144E+04 	[ momenta ]
2021-08-10 13:47:51,614 - deformetrica.core.estimators.gradient_ascent - INFO - >> Step size and gradient norm: 
2021-08-10 13:47:51,615 - deformetrica.core.estimators.gradient_ascent - INFO - 		3.132E-05   and   6.693E+04 	[ landmark_points ]
2021-08-10 13:47:51,617 - deformetrica.core.estimators.gradient_ascent - INFO - 		5.579E-05   and   3.144E+04 	[ momenta ]
2021-08-10 13:47:53,036 - deformetrica.core.estimators.gradient_ascent - INFO - ------------------------------------- Iteration: 47 -------------------------------------
2021-08-10 13:47:53,037 - deformetrica.core.estimators.gradient_ascent - INFO - >> Log-likelihood = -1.155E+06 	 [ attachment = -1.137E+06 ; regularity = -1.799E+04 ]
2021-08-10 13:47:53,794 - deformetrica.core.estimators.gradient_ascent - INFO - >> Step size and gradient norm: 
2021-08-10 13:47:53,795 - deformetrica.core.estimators.gradient_ascent - INFO - 		1.566E-05   and   5.546E+04 	[ landmark_points ]
2021-08-10 13:47:53,796 - deformetrica.core.estimators.gradient_ascent - INFO - 		5.579E-05   and   3.113E+04 	[ momenta ]
2021-08-10 13:47:54,273 - deformetrica.core.estimators.gradient_ascent - INFO - ------------------------------------- Iteration: 48 -------------------------------------
2021-08-10 13:47:54,275 - deformetrica.core.estimators.gradient_ascent - INFO - >> Log-likelihood = -1.143E+06 	 [ attachment = -1.125E+06 ; regularity = -1.808E+04 ]
2021-08-10 13:47:55,104 - deformetrica.core.estimators.gradient_ascent - INFO - >> Step size and gradient norm: 
2021-08-10 13:47:55,106 - deformetrica.core.estimators.gradient_ascent - INFO - 		2.349E-05   and   5.680E+04 	[ landmark_points ]
2021-08-10 13:47:55,108 - deformetrica.core.estimators.gradient_ascent - INFO - 		8.369E-05   and   3.021E+04 	[ momenta ]
2021-08-10 13:47:56,582 - deformetrica.core.estimators.gradient_ascent - INFO - ------------------------------------- Iteration: 49 -------------------------------------
2021-08-10 13:47:56,583 - deformetrica.core.estimators.gradient_ascent - INFO - >> Log-likelihood = -1.128E+06 	 [ attachment = -1.110E+06 ; regularity = -1.813E+04 ]
2021-08-10 13:47:57,383 - deformetrica.core.estimators.gradient_ascent - INFO - >> Step size and gradient norm: 
2021-08-10 13:47:57,386 - deformetrica.core.estimators.gradient_ascent - INFO - 		2.349E-05   and   5.387E+04 	[ landmark_points ]
2021-08-10 13:47:57,388 - deformetrica.core.estimators.gradient_ascent - INFO - 		4.184E-05   and   2.595E+04 	[ momenta ]
2021-08-10 13:47:57,949 - deformetrica.core.estimators.gradient_ascent - INFO - ------------------------------------- Iteration: 50 -------------------------------------
2021-08-10 13:47:57,951 - deformetrica.core.estimators.gradient_ascent - INFO - >> Log-likelihood = -1.117E+06 	 [ attachment = -1.098E+06 ; regularity = -1.820E+04 ]
2021-08-10 13:47:58,777 - deformetrica.core.estimators.gradient_ascent - INFO - >> Step size and gradient norm: 
2021-08-10 13:47:58,779 - deformetrica.core.estimators.gradient_ascent - INFO - 		3.524E-05   and   4.977E+04 	[ landmark_points ]
2021-08-10 13:47:58,807 - deformetrica.core.estimators.gradient_ascent - INFO - 		6.277E-05   and   2.403E+04 	[ momenta ]
2021-08-10 13:48:00,367 - deformetrica.core.estimators.gradient_ascent - INFO - ------------------------------------- Iteration: 51 -------------------------------------
2021-08-10 13:48:00,368 - deformetrica.core.estimators.gradient_ascent - INFO - >> Log-likelihood = -1.108E+06 	 [ attachment = -1.090E+06 ; regularity = -1.828E+04 ]
2021-08-10 13:48:01,022 - deformetrica.core.estimators.gradient_ascent - INFO - >> Step size and gradient norm: 
2021-08-10 13:48:01,024 - deformetrica.core.estimators.gradient_ascent - INFO - 		1.762E-05   and   5.257E+04 	[ landmark_points ]
2021-08-10 13:48:01,025 - deformetrica.core.estimators.gradient_ascent - INFO - 		6.277E-05   and   2.895E+04 	[ momenta ]
2021-08-10 13:48:01,474 - deformetrica.core.estimators.gradient_ascent - INFO - ------------------------------------- Iteration: 52 -------------------------------------
2021-08-10 13:48:01,475 - deformetrica.core.estimators.gradient_ascent - INFO - >> Log-likelihood = -1.104E+06 	 [ attachment = -1.086E+06 ; regularity = -1.837E+04 ]
2021-08-10 13:48:02,428 - deformetrica.core.estimators.gradient_ascent - INFO - >> Step size and gradient norm: 
2021-08-10 13:48:02,430 - deformetrica.core.estimators.gradient_ascent - INFO - 		2.643E-05   and   6.571E+04 	[ landmark_points ]
2021-08-10 13:48:02,431 - deformetrica.core.estimators.gradient_ascent - INFO - 		9.415E-05   and   3.489E+04 	[ momenta ]
2021-08-10 13:48:03,889 - deformetrica.core.estimators.gradient_ascent - INFO - ------------------------------------- Iteration: 53 -------------------------------------
2021-08-10 13:48:03,891 - deformetrica.core.estimators.gradient_ascent - INFO - >> Log-likelihood = -1.098E+06 	 [ attachment = -1.080E+06 ; regularity = -1.842E+04 ]
2021-08-10 13:48:04,583 - deformetrica.core.estimators.gradient_ascent - INFO - >> Step size and gradient norm: 
2021-08-10 13:48:04,585 - deformetrica.core.estimators.gradient_ascent - INFO - 		2.643E-05   and   7.927E+04 	[ landmark_points ]
2021-08-10 13:48:04,586 - deformetrica.core.estimators.gradient_ascent - INFO - 		4.707E-05   and   3.600E+04 	[ momenta ]
2021-08-10 13:48:05,043 - deformetrica.core.estimators.gradient_ascent - INFO - Tolerance threshold met. Stopping the optimization process.
2021-08-10 13:48:05,919 - root - INFO - >> Estimation took: 01 minutes and 30 seconds
