2021-07-24 19:56:37,224 - root - ERROR - Logger has been set to: INFO
2021-07-24 19:56:37,233 - root - INFO - OMP_NUM_THREADS was not found in environment variables. An automatic value will be set.
2021-07-24 19:56:37,238 - root - INFO - OMP_NUM_THREADS will be set to 2
2021-07-24 19:56:37,240 - root - INFO - >> No specified state-file. By default, Deformetrica state will by saved in file: output/deformetrica-state.p.
2021-07-24 19:56:37,244 - root - INFO - >> Removing the pre-existing state file with same path.
2021-07-24 19:56:37,267 - deformetrica.core.models.model_functions - INFO - >> Reading 200 initial control points from file images/mask_initial_control_points/mask_03_initial_control_points.txt.
2021-07-24 19:56:37,269 - deformetrica.core.models.model_functions - INFO - >> Momenta initialized to zero, for 5 subjects.
2021-07-24 19:56:37,272 - root - INFO - >> Started estimator: GradientAscent
2021-07-24 19:56:38,186 - deformetrica.core.estimators.gradient_ascent - INFO - ------------------------------------- Iteration: 0 -------------------------------------
2021-07-24 19:56:38,188 - deformetrica.core.estimators.gradient_ascent - INFO - >> Log-likelihood = -7.236E+05 	 [ attachment = -7.236E+05 ; regularity = 0.000E+00 ]
2021-07-24 19:56:38,190 - deformetrica.core.estimators.gradient_ascent - INFO - >> Step size and gradient norm: 
2021-07-24 19:56:38,197 - deformetrica.core.estimators.gradient_ascent - INFO - 		2.627E-05   and   3.807E+04 	[ landmark_points ]
2021-07-24 19:56:38,198 - deformetrica.core.estimators.gradient_ascent - INFO - 		7.573E-05   and   1.320E+04 	[ momenta ]
2021-07-24 19:56:38,680 - deformetrica.core.estimators.gradient_ascent - INFO - ------------------------------------- Iteration: 1 -------------------------------------
2021-07-24 19:56:38,681 - deformetrica.core.estimators.gradient_ascent - INFO - >> Log-likelihood = -7.036E+05 	 [ attachment = -7.036E+05 ; regularity = -1.777E+00 ]
2021-07-24 19:56:39,591 - deformetrica.core.estimators.gradient_ascent - INFO - >> Step size and gradient norm: 
2021-07-24 19:56:39,594 - deformetrica.core.estimators.gradient_ascent - INFO - 		3.940E-05   and   3.690E+04 	[ landmark_points ]
2021-07-24 19:56:39,595 - deformetrica.core.estimators.gradient_ascent - INFO - 		1.136E-04   and   1.295E+04 	[ momenta ]
2021-07-24 19:56:40,121 - deformetrica.core.estimators.gradient_ascent - INFO - ------------------------------------- Iteration: 2 -------------------------------------
2021-07-24 19:56:40,123 - deformetrica.core.estimators.gradient_ascent - INFO - >> Log-likelihood = -6.753E+05 	 [ attachment = -6.753E+05 ; regularity = -1.084E+01 ]
2021-07-24 19:56:40,965 - deformetrica.core.estimators.gradient_ascent - INFO - >> Step size and gradient norm: 
2021-07-24 19:56:40,966 - deformetrica.core.estimators.gradient_ascent - INFO - 		5.910E-05   and   3.518E+04 	[ landmark_points ]
2021-07-24 19:56:40,967 - deformetrica.core.estimators.gradient_ascent - INFO - 		1.704E-04   and   1.256E+04 	[ momenta ]
2021-07-24 19:56:41,533 - deformetrica.core.estimators.gradient_ascent - INFO - ------------------------------------- Iteration: 3 -------------------------------------
2021-07-24 19:56:41,535 - deformetrica.core.estimators.gradient_ascent - INFO - >> Log-likelihood = -6.359E+05 	 [ attachment = -6.358E+05 ; regularity = -3.774E+01 ]
2021-07-24 19:56:42,389 - deformetrica.core.estimators.gradient_ascent - INFO - >> Step size and gradient norm: 
2021-07-24 19:56:42,390 - deformetrica.core.estimators.gradient_ascent - INFO - 		8.865E-05   and   3.266E+04 	[ landmark_points ]
2021-07-24 19:56:42,397 - deformetrica.core.estimators.gradient_ascent - INFO - 		2.556E-04   and   1.200E+04 	[ momenta ]
2021-07-24 19:56:42,869 - deformetrica.core.estimators.gradient_ascent - INFO - ------------------------------------- Iteration: 4 -------------------------------------
2021-07-24 19:56:42,870 - deformetrica.core.estimators.gradient_ascent - INFO - >> Log-likelihood = -5.834E+05 	 [ attachment = -5.833E+05 ; regularity = -1.045E+02 ]
2021-07-24 19:56:43,732 - deformetrica.core.estimators.gradient_ascent - INFO - >> Step size and gradient norm: 
2021-07-24 19:56:43,733 - deformetrica.core.estimators.gradient_ascent - INFO - 		1.330E-04   and   2.909E+04 	[ landmark_points ]
2021-07-24 19:56:43,735 - deformetrica.core.estimators.gradient_ascent - INFO - 		3.834E-04   and   1.120E+04 	[ momenta ]
2021-07-24 19:56:44,258 - deformetrica.core.estimators.gradient_ascent - INFO - ------------------------------------- Iteration: 5 -------------------------------------
2021-07-24 19:56:44,261 - deformetrica.core.estimators.gradient_ascent - INFO - >> Log-likelihood = -5.177E+05 	 [ attachment = -5.174E+05 ; regularity = -2.534E+02 ]
2021-07-24 19:56:45,166 - deformetrica.core.estimators.gradient_ascent - INFO - >> Step size and gradient norm: 
2021-07-24 19:56:45,167 - deformetrica.core.estimators.gradient_ascent - INFO - 		1.995E-04   and   2.424E+04 	[ landmark_points ]
2021-07-24 19:56:45,169 - deformetrica.core.estimators.gradient_ascent - INFO - 		5.751E-04   and   1.008E+04 	[ momenta ]
2021-07-24 19:56:45,719 - deformetrica.core.estimators.gradient_ascent - INFO - ------------------------------------- Iteration: 6 -------------------------------------
2021-07-24 19:56:45,720 - deformetrica.core.estimators.gradient_ascent - INFO - >> Log-likelihood = -4.423E+05 	 [ attachment = -4.418E+05 ; regularity = -5.548E+02 ]
2021-07-24 19:56:46,539 - deformetrica.core.estimators.gradient_ascent - INFO - >> Step size and gradient norm: 
2021-07-24 19:56:46,540 - deformetrica.core.estimators.gradient_ascent - INFO - 		2.992E-04   and   1.827E+04 	[ landmark_points ]
2021-07-24 19:56:46,542 - deformetrica.core.estimators.gradient_ascent - INFO - 		8.627E-04   and   8.623E+03 	[ momenta ]
2021-07-24 19:56:47,023 - deformetrica.core.estimators.gradient_ascent - INFO - ------------------------------------- Iteration: 7 -------------------------------------
2021-07-24 19:56:47,024 - deformetrica.core.estimators.gradient_ascent - INFO - >> Log-likelihood = -3.657E+05 	 [ attachment = -3.646E+05 ; regularity = -1.103E+03 ]
2021-07-24 19:56:47,867 - deformetrica.core.estimators.gradient_ascent - INFO - >> Step size and gradient norm: 
2021-07-24 19:56:47,869 - deformetrica.core.estimators.gradient_ascent - INFO - 		4.488E-04   and   1.208E+04 	[ landmark_points ]
2021-07-24 19:56:47,903 - deformetrica.core.estimators.gradient_ascent - INFO - 		1.294E-03   and   6.910E+03 	[ momenta ]
2021-07-24 19:56:48,557 - deformetrica.core.estimators.gradient_ascent - INFO - ------------------------------------- Iteration: 8 -------------------------------------
2021-07-24 19:56:48,559 - deformetrica.core.estimators.gradient_ascent - INFO - >> Log-likelihood = -2.980E+05 	 [ attachment = -2.961E+05 ; regularity = -1.974E+03 ]
2021-07-24 19:56:49,441 - deformetrica.core.estimators.gradient_ascent - INFO - >> Step size and gradient norm: 
2021-07-24 19:56:49,443 - deformetrica.core.estimators.gradient_ascent - INFO - 		6.732E-04   and   7.303E+03 	[ landmark_points ]
2021-07-24 19:56:49,445 - deformetrica.core.estimators.gradient_ascent - INFO - 		1.941E-03   and   5.137E+03 	[ momenta ]
2021-07-24 19:56:50,004 - deformetrica.core.estimators.gradient_ascent - INFO - ------------------------------------- Iteration: 9 -------------------------------------
2021-07-24 19:56:50,005 - deformetrica.core.estimators.gradient_ascent - INFO - >> Log-likelihood = -2.463E+05 	 [ attachment = -2.432E+05 ; regularity = -3.137E+03 ]
2021-07-24 19:56:50,850 - deformetrica.core.estimators.gradient_ascent - INFO - >> Step size and gradient norm: 
2021-07-24 19:56:50,851 - deformetrica.core.estimators.gradient_ascent - INFO - 		1.010E-03   and   4.836E+03 	[ landmark_points ]
2021-07-24 19:56:50,852 - deformetrica.core.estimators.gradient_ascent - INFO - 		2.911E-03   and   3.491E+03 	[ momenta ]
2021-07-24 19:56:51,373 - deformetrica.core.estimators.gradient_ascent - INFO - ------------------------------------- Iteration: 10 -------------------------------------
2021-07-24 19:56:51,375 - deformetrica.core.estimators.gradient_ascent - INFO - >> Log-likelihood = -2.105E+05 	 [ attachment = -2.061E+05 ; regularity = -4.376E+03 ]
2021-07-24 19:56:52,208 - deformetrica.core.estimators.gradient_ascent - INFO - >> Step size and gradient norm: 
2021-07-24 19:56:52,209 - deformetrica.core.estimators.gradient_ascent - INFO - 		1.515E-03   and   3.974E+03 	[ landmark_points ]
2021-07-24 19:56:52,210 - deformetrica.core.estimators.gradient_ascent - INFO - 		4.367E-03   and   2.425E+03 	[ momenta ]
2021-07-24 19:56:52,717 - deformetrica.core.estimators.gradient_ascent - INFO - ------------------------------------- Iteration: 11 -------------------------------------
2021-07-24 19:56:52,718 - deformetrica.core.estimators.gradient_ascent - INFO - >> Log-likelihood = -1.832E+05 	 [ attachment = -1.776E+05 ; regularity = -5.512E+03 ]
2021-07-24 19:56:53,499 - deformetrica.core.estimators.gradient_ascent - INFO - >> Step size and gradient norm: 
2021-07-24 19:56:53,501 - deformetrica.core.estimators.gradient_ascent - INFO - 		2.272E-03   and   4.067E+03 	[ landmark_points ]
2021-07-24 19:56:53,502 - deformetrica.core.estimators.gradient_ascent - INFO - 		6.551E-03   and   2.179E+03 	[ momenta ]
2021-07-24 19:56:53,984 - deformetrica.core.estimators.gradient_ascent - INFO - ------------------------------------- Iteration: 12 -------------------------------------
2021-07-24 19:56:53,985 - deformetrica.core.estimators.gradient_ascent - INFO - >> Log-likelihood = -1.804E+05 	 [ attachment = -1.732E+05 ; regularity = -7.184E+03 ]
2021-07-24 19:56:54,770 - deformetrica.core.estimators.gradient_ascent - INFO - >> Step size and gradient norm: 
2021-07-24 19:56:54,771 - deformetrica.core.estimators.gradient_ascent - INFO - 		3.408E-03   and   9.638E+03 	[ landmark_points ]
2021-07-24 19:56:54,772 - deformetrica.core.estimators.gradient_ascent - INFO - 		9.826E-03   and   4.515E+03 	[ momenta ]
2021-07-24 19:56:56,521 - deformetrica.core.estimators.gradient_ascent - INFO - >> Step size and gradient norm: 
2021-07-24 19:56:56,522 - deformetrica.core.estimators.gradient_ascent - INFO - 		1.704E-03   and   9.638E+03 	[ landmark_points ]
2021-07-24 19:56:56,523 - deformetrica.core.estimators.gradient_ascent - INFO - 		4.913E-03   and   4.515E+03 	[ momenta ]
2021-07-24 19:56:57,958 - deformetrica.core.estimators.gradient_ascent - INFO - ------------------------------------- Iteration: 13 -------------------------------------
2021-07-24 19:56:57,959 - deformetrica.core.estimators.gradient_ascent - INFO - >> Log-likelihood = -1.803E+05 	 [ attachment = -1.723E+05 ; regularity = -7.947E+03 ]
2021-07-24 19:56:58,741 - deformetrica.core.estimators.gradient_ascent - INFO - >> Step size and gradient norm: 
2021-07-24 19:56:58,776 - deformetrica.core.estimators.gradient_ascent - INFO - 		8.520E-04   and   1.095E+04 	[ landmark_points ]
2021-07-24 19:56:58,790 - deformetrica.core.estimators.gradient_ascent - INFO - 		4.913E-03   and   4.995E+03 	[ momenta ]
2021-07-24 19:57:00,436 - deformetrica.core.estimators.gradient_ascent - INFO - ------------------------------------- Iteration: 14 -------------------------------------
2021-07-24 19:57:00,438 - deformetrica.core.estimators.gradient_ascent - INFO - >> Log-likelihood = -1.641E+05 	 [ attachment = -1.560E+05 ; regularity = -8.102E+03 ]
2021-07-24 19:57:01,245 - deformetrica.core.estimators.gradient_ascent - INFO - >> Step size and gradient norm: 
2021-07-24 19:57:01,248 - deformetrica.core.estimators.gradient_ascent - INFO - 		8.520E-04   and   7.677E+03 	[ landmark_points ]
2021-07-24 19:57:01,250 - deformetrica.core.estimators.gradient_ascent - INFO - 		2.457E-03   and   4.658E+03 	[ momenta ]
2021-07-24 19:57:01,773 - deformetrica.core.estimators.gradient_ascent - INFO - ------------------------------------- Iteration: 15 -------------------------------------
2021-07-24 19:57:01,775 - deformetrica.core.estimators.gradient_ascent - INFO - >> Log-likelihood = -1.503E+05 	 [ attachment = -1.418E+05 ; regularity = -8.538E+03 ]
2021-07-24 19:57:02,591 - deformetrica.core.estimators.gradient_ascent - INFO - >> Step size and gradient norm: 
2021-07-24 19:57:02,593 - deformetrica.core.estimators.gradient_ascent - INFO - 		1.278E-03   and   7.858E+03 	[ landmark_points ]
2021-07-24 19:57:02,594 - deformetrica.core.estimators.gradient_ascent - INFO - 		3.685E-03   and   4.284E+03 	[ momenta ]
2021-07-24 19:57:04,197 - deformetrica.core.estimators.gradient_ascent - INFO - ------------------------------------- Iteration: 16 -------------------------------------
2021-07-24 19:57:04,199 - deformetrica.core.estimators.gradient_ascent - INFO - >> Log-likelihood = -1.484E+05 	 [ attachment = -1.397E+05 ; regularity = -8.691E+03 ]
2021-07-24 19:57:05,183 - deformetrica.core.estimators.gradient_ascent - INFO - >> Step size and gradient norm: 
2021-07-24 19:57:05,185 - deformetrica.core.estimators.gradient_ascent - INFO - 		1.278E-03   and   1.114E+04 	[ landmark_points ]
2021-07-24 19:57:05,187 - deformetrica.core.estimators.gradient_ascent - INFO - 		1.842E-03   and   4.329E+03 	[ momenta ]
2021-07-24 19:57:06,825 - deformetrica.core.estimators.gradient_ascent - INFO - ------------------------------------- Iteration: 17 -------------------------------------
2021-07-24 19:57:06,827 - deformetrica.core.estimators.gradient_ascent - INFO - >> Log-likelihood = -1.304E+05 	 [ attachment = -1.214E+05 ; regularity = -9.024E+03 ]
2021-07-24 19:57:07,717 - deformetrica.core.estimators.gradient_ascent - INFO - >> Step size and gradient norm: 
2021-07-24 19:57:07,719 - deformetrica.core.estimators.gradient_ascent - INFO - 		6.390E-04   and   7.976E+03 	[ landmark_points ]
2021-07-24 19:57:07,721 - deformetrica.core.estimators.gradient_ascent - INFO - 		1.842E-03   and   3.535E+03 	[ momenta ]
2021-07-24 19:57:08,215 - deformetrica.core.estimators.gradient_ascent - INFO - ------------------------------------- Iteration: 18 -------------------------------------
2021-07-24 19:57:08,218 - deformetrica.core.estimators.gradient_ascent - INFO - >> Log-likelihood = -1.258E+05 	 [ attachment = -1.166E+05 ; regularity = -9.167E+03 ]
2021-07-24 19:57:08,991 - deformetrica.core.estimators.gradient_ascent - INFO - >> Step size and gradient norm: 
2021-07-24 19:57:08,993 - deformetrica.core.estimators.gradient_ascent - INFO - 		9.585E-04   and   8.171E+03 	[ landmark_points ]
2021-07-24 19:57:08,994 - deformetrica.core.estimators.gradient_ascent - INFO - 		2.764E-03   and   3.270E+03 	[ momenta ]
2021-07-24 19:57:10,570 - deformetrica.core.estimators.gradient_ascent - INFO - >> Step size and gradient norm: 
2021-07-24 19:57:10,572 - deformetrica.core.estimators.gradient_ascent - INFO - 		4.793E-04   and   8.171E+03 	[ landmark_points ]
2021-07-24 19:57:10,573 - deformetrica.core.estimators.gradient_ascent - INFO - 		1.382E-03   and   3.270E+03 	[ momenta ]
2021-07-24 19:57:11,045 - deformetrica.core.estimators.gradient_ascent - INFO - ------------------------------------- Iteration: 19 -------------------------------------
2021-07-24 19:57:11,046 - deformetrica.core.estimators.gradient_ascent - INFO - >> Log-likelihood = -1.169E+05 	 [ attachment = -1.075E+05 ; regularity = -9.346E+03 ]
2021-07-24 19:57:12,030 - deformetrica.core.estimators.gradient_ascent - INFO - >> Step size and gradient norm: 
2021-07-24 19:57:12,032 - deformetrica.core.estimators.gradient_ascent - INFO - 		7.189E-04   and   4.481E+03 	[ landmark_points ]
2021-07-24 19:57:12,033 - deformetrica.core.estimators.gradient_ascent - INFO - 		2.073E-03   and   2.038E+03 	[ momenta ]
2021-07-24 19:57:12,774 - deformetrica.core.estimators.gradient_ascent - INFO - ------------------------------------- Iteration: 20 -------------------------------------
2021-07-24 19:57:12,776 - deformetrica.core.estimators.gradient_ascent - INFO - >> Log-likelihood = -1.164E+05 	 [ attachment = -1.069E+05 ; regularity = -9.509E+03 ]
2021-07-24 19:57:13,701 - deformetrica.core.estimators.gradient_ascent - INFO - >> Step size and gradient norm: 
2021-07-24 19:57:13,704 - deformetrica.core.estimators.gradient_ascent - INFO - 		1.078E-03   and   6.279E+03 	[ landmark_points ]
2021-07-24 19:57:13,705 - deformetrica.core.estimators.gradient_ascent - INFO - 		3.109E-03   and   2.589E+03 	[ momenta ]
2021-07-24 19:57:15,444 - deformetrica.core.estimators.gradient_ascent - INFO - >> Step size and gradient norm: 
2021-07-24 19:57:15,446 - deformetrica.core.estimators.gradient_ascent - INFO - 		5.392E-04   and   6.279E+03 	[ landmark_points ]
2021-07-24 19:57:15,473 - deformetrica.core.estimators.gradient_ascent - INFO - 		1.555E-03   and   2.589E+03 	[ momenta ]
2021-07-24 19:57:16,099 - deformetrica.core.estimators.gradient_ascent - INFO - ------------------------------------- Iteration: 21 -------------------------------------
2021-07-24 19:57:16,104 - deformetrica.core.estimators.gradient_ascent - INFO - >> Log-likelihood = -1.133E+05 	 [ attachment = -1.036E+05 ; regularity = -9.673E+03 ]
2021-07-24 19:57:17,156 - deformetrica.core.estimators.gradient_ascent - INFO - >> Step size and gradient norm: 
2021-07-24 19:57:17,157 - deformetrica.core.estimators.gradient_ascent - INFO - 		8.087E-04   and   5.199E+03 	[ landmark_points ]
2021-07-24 19:57:17,159 - deformetrica.core.estimators.gradient_ascent - INFO - 		2.332E-03   and   2.291E+03 	[ momenta ]
2021-07-24 19:57:19,669 - deformetrica.core.estimators.gradient_ascent - INFO - ------------------------------------- Iteration: 22 -------------------------------------
2021-07-24 19:57:19,671 - deformetrica.core.estimators.gradient_ascent - INFO - >> Log-likelihood = -1.125E+05 	 [ attachment = -1.028E+05 ; regularity = -9.732E+03 ]
2021-07-24 19:57:20,666 - deformetrica.core.estimators.gradient_ascent - INFO - >> Step size and gradient norm: 
2021-07-24 19:57:20,668 - deformetrica.core.estimators.gradient_ascent - INFO - 		8.087E-04   and   6.014E+03 	[ landmark_points ]
2021-07-24 19:57:20,672 - deformetrica.core.estimators.gradient_ascent - INFO - 		1.166E-03   and   2.213E+03 	[ momenta ]
2021-07-24 19:57:21,215 - deformetrica.core.estimators.gradient_ascent - INFO - ------------------------------------- Iteration: 23 -------------------------------------
2021-07-24 19:57:21,216 - deformetrica.core.estimators.gradient_ascent - INFO - >> Log-likelihood = -1.124E+05 	 [ attachment = -1.025E+05 ; regularity = -9.847E+03 ]
2021-07-24 19:57:22,058 - deformetrica.core.estimators.gradient_ascent - INFO - >> Step size and gradient norm: 
2021-07-24 19:57:22,059 - deformetrica.core.estimators.gradient_ascent - INFO - 		1.213E-03   and   6.371E+03 	[ landmark_points ]
2021-07-24 19:57:22,061 - deformetrica.core.estimators.gradient_ascent - INFO - 		1.749E-03   and   2.615E+03 	[ momenta ]
2021-07-24 19:57:23,616 - deformetrica.core.estimators.gradient_ascent - INFO - ------------------------------------- Iteration: 24 -------------------------------------
2021-07-24 19:57:23,618 - deformetrica.core.estimators.gradient_ascent - INFO - >> Log-likelihood = -1.121E+05 	 [ attachment = -1.021E+05 ; regularity = -9.934E+03 ]
2021-07-24 19:57:24,472 - deformetrica.core.estimators.gradient_ascent - INFO - >> Step size and gradient norm: 
2021-07-24 19:57:24,475 - deformetrica.core.estimators.gradient_ascent - INFO - 		6.066E-04   and   6.827E+03 	[ landmark_points ]
2021-07-24 19:57:24,477 - deformetrica.core.estimators.gradient_ascent - INFO - 		1.749E-03   and   2.840E+03 	[ momenta ]
2021-07-24 19:57:25,017 - deformetrica.core.estimators.gradient_ascent - INFO - ------------------------------------- Iteration: 25 -------------------------------------
2021-07-24 19:57:25,018 - deformetrica.core.estimators.gradient_ascent - INFO - >> Log-likelihood = -1.120E+05 	 [ attachment = -1.019E+05 ; regularity = -1.007E+04 ]
2021-07-24 19:57:25,806 - deformetrica.core.estimators.gradient_ascent - INFO - >> Step size and gradient norm: 
2021-07-24 19:57:25,808 - deformetrica.core.estimators.gradient_ascent - INFO - 		9.098E-04   and   7.257E+03 	[ landmark_points ]
2021-07-24 19:57:25,835 - deformetrica.core.estimators.gradient_ascent - INFO - 		2.623E-03   and   3.165E+03 	[ momenta ]
2021-07-24 19:57:27,423 - deformetrica.core.estimators.gradient_ascent - INFO - >> Step size and gradient norm: 
2021-07-24 19:57:27,425 - deformetrica.core.estimators.gradient_ascent - INFO - 		4.549E-04   and   7.257E+03 	[ landmark_points ]
2021-07-24 19:57:27,426 - deformetrica.core.estimators.gradient_ascent - INFO - 		1.312E-03   and   3.165E+03 	[ momenta ]
2021-07-24 19:57:27,933 - deformetrica.core.estimators.gradient_ascent - INFO - ------------------------------------- Iteration: 26 -------------------------------------
2021-07-24 19:57:27,934 - deformetrica.core.estimators.gradient_ascent - INFO - >> Log-likelihood = -1.065E+05 	 [ attachment = -9.636E+04 ; regularity = -1.012E+04 ]
2021-07-24 19:57:28,744 - deformetrica.core.estimators.gradient_ascent - INFO - >> Step size and gradient norm: 
2021-07-24 19:57:28,746 - deformetrica.core.estimators.gradient_ascent - INFO - 		6.824E-04   and   4.379E+03 	[ landmark_points ]
2021-07-24 19:57:28,747 - deformetrica.core.estimators.gradient_ascent - INFO - 		1.967E-03   and   1.920E+03 	[ momenta ]
2021-07-24 19:57:30,217 - deformetrica.core.estimators.gradient_ascent - INFO - ------------------------------------- Iteration: 27 -------------------------------------
2021-07-24 19:57:30,218 - deformetrica.core.estimators.gradient_ascent - INFO - >> Log-likelihood = -1.046E+05 	 [ attachment = -9.447E+04 ; regularity = -1.018E+04 ]
2021-07-24 19:57:31,032 - deformetrica.core.estimators.gradient_ascent - INFO - >> Step size and gradient norm: 
2021-07-24 19:57:31,034 - deformetrica.core.estimators.gradient_ascent - INFO - 		6.824E-04   and   3.565E+03 	[ landmark_points ]
2021-07-24 19:57:31,065 - deformetrica.core.estimators.gradient_ascent - INFO - 		9.837E-04   and   1.508E+03 	[ momenta ]
2021-07-24 19:57:31,716 - deformetrica.core.estimators.gradient_ascent - INFO - ------------------------------------- Iteration: 28 -------------------------------------
2021-07-24 19:57:31,717 - deformetrica.core.estimators.gradient_ascent - INFO - >> Log-likelihood = -1.033E+05 	 [ attachment = -9.306E+04 ; regularity = -1.024E+04 ]
2021-07-24 19:57:32,481 - deformetrica.core.estimators.gradient_ascent - INFO - >> Step size and gradient norm: 
2021-07-24 19:57:32,482 - deformetrica.core.estimators.gradient_ascent - INFO - 		1.024E-03   and   2.865E+03 	[ landmark_points ]
2021-07-24 19:57:32,484 - deformetrica.core.estimators.gradient_ascent - INFO - 		1.476E-03   and   1.264E+03 	[ momenta ]
2021-07-24 19:57:33,956 - deformetrica.core.estimators.gradient_ascent - INFO - ------------------------------------- Iteration: 29 -------------------------------------
2021-07-24 19:57:33,958 - deformetrica.core.estimators.gradient_ascent - INFO - >> Log-likelihood = -1.022E+05 	 [ attachment = -9.190E+04 ; regularity = -1.033E+04 ]
2021-07-24 19:57:34,736 - deformetrica.core.estimators.gradient_ascent - INFO - >> Step size and gradient norm: 
2021-07-24 19:57:34,737 - deformetrica.core.estimators.gradient_ascent - INFO - 		5.118E-04   and   2.419E+03 	[ landmark_points ]
2021-07-24 19:57:34,738 - deformetrica.core.estimators.gradient_ascent - INFO - 		1.476E-03   and   1.182E+03 	[ momenta ]
2021-07-24 19:57:35,230 - deformetrica.core.estimators.gradient_ascent - INFO - ------------------------------------- Iteration: 30 -------------------------------------
2021-07-24 19:57:35,231 - deformetrica.core.estimators.gradient_ascent - INFO - >> Log-likelihood = -1.012E+05 	 [ attachment = -9.081E+04 ; regularity = -1.040E+04 ]
2021-07-24 19:57:36,006 - deformetrica.core.estimators.gradient_ascent - INFO - >> Step size and gradient norm: 
2021-07-24 19:57:36,009 - deformetrica.core.estimators.gradient_ascent - INFO - 		7.677E-04   and   2.225E+03 	[ landmark_points ]
2021-07-24 19:57:36,010 - deformetrica.core.estimators.gradient_ascent - INFO - 		2.213E-03   and   1.053E+03 	[ momenta ]
2021-07-24 19:57:36,554 - deformetrica.core.estimators.gradient_ascent - INFO - ------------------------------------- Iteration: 31 -------------------------------------
2021-07-24 19:57:36,558 - deformetrica.core.estimators.gradient_ascent - INFO - >> Log-likelihood = -1.012E+05 	 [ attachment = -9.062E+04 ; regularity = -1.054E+04 ]
2021-07-24 19:57:37,371 - deformetrica.core.estimators.gradient_ascent - INFO - >> Step size and gradient norm: 
2021-07-24 19:57:37,374 - deformetrica.core.estimators.gradient_ascent - INFO - 		1.152E-03   and   3.718E+03 	[ landmark_points ]
2021-07-24 19:57:37,376 - deformetrica.core.estimators.gradient_ascent - INFO - 		3.320E-03   and   1.704E+03 	[ momenta ]
2021-07-24 19:57:39,553 - deformetrica.core.estimators.gradient_ascent - INFO - >> Step size and gradient norm: 
2021-07-24 19:57:39,555 - deformetrica.core.estimators.gradient_ascent - INFO - 		5.758E-04   and   3.718E+03 	[ landmark_points ]
2021-07-24 19:57:39,562 - deformetrica.core.estimators.gradient_ascent - INFO - 		1.660E-03   and   1.704E+03 	[ momenta ]
2021-07-24 19:57:40,326 - deformetrica.core.estimators.gradient_ascent - INFO - ------------------------------------- Iteration: 32 -------------------------------------
2021-07-24 19:57:40,328 - deformetrica.core.estimators.gradient_ascent - INFO - >> Log-likelihood = -1.006E+05 	 [ attachment = -9.002E+04 ; regularity = -1.062E+04 ]
2021-07-24 19:57:41,098 - deformetrica.core.estimators.gradient_ascent - INFO - >> Step size and gradient norm: 
2021-07-24 19:57:41,100 - deformetrica.core.estimators.gradient_ascent - INFO - 		8.636E-04   and   4.237E+03 	[ landmark_points ]
2021-07-24 19:57:41,102 - deformetrica.core.estimators.gradient_ascent - INFO - 		2.490E-03   and   1.808E+03 	[ momenta ]
2021-07-24 19:57:42,496 - deformetrica.core.estimators.gradient_ascent - INFO - >> Step size and gradient norm: 
2021-07-24 19:57:42,497 - deformetrica.core.estimators.gradient_ascent - INFO - 		4.318E-04   and   4.237E+03 	[ landmark_points ]
2021-07-24 19:57:42,499 - deformetrica.core.estimators.gradient_ascent - INFO - 		1.245E-03   and   1.808E+03 	[ momenta ]
2021-07-24 19:57:42,895 - deformetrica.core.estimators.gradient_ascent - INFO - ------------------------------------- Iteration: 33 -------------------------------------
2021-07-24 19:57:42,897 - deformetrica.core.estimators.gradient_ascent - INFO - >> Log-likelihood = -9.856E+04 	 [ attachment = -8.787E+04 ; regularity = -1.069E+04 ]
2021-07-24 19:57:43,507 - deformetrica.core.estimators.gradient_ascent - INFO - >> Step size and gradient norm: 
2021-07-24 19:57:43,509 - deformetrica.core.estimators.gradient_ascent - INFO - 		6.477E-04   and   2.531E+03 	[ landmark_points ]
2021-07-24 19:57:43,511 - deformetrica.core.estimators.gradient_ascent - INFO - 		1.868E-03   and   1.209E+03 	[ momenta ]
2021-07-24 19:57:43,905 - deformetrica.core.estimators.gradient_ascent - INFO - ------------------------------------- Iteration: 34 -------------------------------------
2021-07-24 19:57:43,906 - deformetrica.core.estimators.gradient_ascent - INFO - >> Log-likelihood = -9.823E+04 	 [ attachment = -8.744E+04 ; regularity = -1.078E+04 ]
2021-07-24 19:57:44,538 - deformetrica.core.estimators.gradient_ascent - INFO - >> Step size and gradient norm: 
2021-07-24 19:57:44,540 - deformetrica.core.estimators.gradient_ascent - INFO - 		9.716E-04   and   3.551E+03 	[ landmark_points ]
2021-07-24 19:57:44,541 - deformetrica.core.estimators.gradient_ascent - INFO - 		2.801E-03   and   1.514E+03 	[ momenta ]
2021-07-24 19:57:45,849 - deformetrica.core.estimators.gradient_ascent - INFO - >> Step size and gradient norm: 
2021-07-24 19:57:45,851 - deformetrica.core.estimators.gradient_ascent - INFO - 		4.858E-04   and   3.551E+03 	[ landmark_points ]
2021-07-24 19:57:45,855 - deformetrica.core.estimators.gradient_ascent - INFO - 		1.401E-03   and   1.514E+03 	[ momenta ]
2021-07-24 19:57:46,297 - deformetrica.core.estimators.gradient_ascent - INFO - ------------------------------------- Iteration: 35 -------------------------------------
2021-07-24 19:57:46,299 - deformetrica.core.estimators.gradient_ascent - INFO - >> Log-likelihood = -9.689E+04 	 [ attachment = -8.603E+04 ; regularity = -1.086E+04 ]
2021-07-24 19:57:47,005 - deformetrica.core.estimators.gradient_ascent - INFO - >> Step size and gradient norm: 
2021-07-24 19:57:47,006 - deformetrica.core.estimators.gradient_ascent - INFO - 		7.287E-04   and   2.812E+03 	[ landmark_points ]
2021-07-24 19:57:47,007 - deformetrica.core.estimators.gradient_ascent - INFO - 		2.101E-03   and   1.309E+03 	[ momenta ]
2021-07-24 19:57:48,708 - deformetrica.core.estimators.gradient_ascent - INFO - ------------------------------------- Iteration: 36 -------------------------------------
2021-07-24 19:57:48,709 - deformetrica.core.estimators.gradient_ascent - INFO - >> Log-likelihood = -9.604E+04 	 [ attachment = -8.507E+04 ; regularity = -1.097E+04 ]
2021-07-24 19:57:49,606 - deformetrica.core.estimators.gradient_ascent - INFO - >> Step size and gradient norm: 
2021-07-24 19:57:49,608 - deformetrica.core.estimators.gradient_ascent - INFO - 		3.643E-04   and   2.976E+03 	[ landmark_points ]
2021-07-24 19:57:49,610 - deformetrica.core.estimators.gradient_ascent - INFO - 		2.101E-03   and   1.422E+03 	[ momenta ]
2021-07-24 19:57:50,095 - deformetrica.core.estimators.gradient_ascent - INFO - ------------------------------------- Iteration: 37 -------------------------------------
2021-07-24 19:57:50,097 - deformetrica.core.estimators.gradient_ascent - INFO - >> Log-likelihood = -9.528E+04 	 [ attachment = -8.419E+04 ; regularity = -1.109E+04 ]
2021-07-24 19:57:50,952 - deformetrica.core.estimators.gradient_ascent - INFO - >> Step size and gradient norm: 
2021-07-24 19:57:50,954 - deformetrica.core.estimators.gradient_ascent - INFO - 		5.465E-04   and   3.139E+03 	[ landmark_points ]
2021-07-24 19:57:50,956 - deformetrica.core.estimators.gradient_ascent - INFO - 		3.152E-03   and   1.599E+03 	[ momenta ]
2021-07-24 19:57:52,649 - deformetrica.core.estimators.gradient_ascent - INFO - ------------------------------------- Iteration: 38 -------------------------------------
2021-07-24 19:57:52,651 - deformetrica.core.estimators.gradient_ascent - INFO - >> Log-likelihood = -9.430E+04 	 [ attachment = -8.313E+04 ; regularity = -1.117E+04 ]
2021-07-24 19:57:53,658 - deformetrica.core.estimators.gradient_ascent - INFO - >> Step size and gradient norm: 
2021-07-24 19:57:53,661 - deformetrica.core.estimators.gradient_ascent - INFO - 		5.465E-04   and   3.456E+03 	[ landmark_points ]
2021-07-24 19:57:53,663 - deformetrica.core.estimators.gradient_ascent - INFO - 		1.576E-03   and   1.524E+03 	[ momenta ]
2021-07-24 19:57:54,212 - deformetrica.core.estimators.gradient_ascent - INFO - ------------------------------------- Iteration: 39 -------------------------------------
2021-07-24 19:57:54,213 - deformetrica.core.estimators.gradient_ascent - INFO - >> Log-likelihood = -9.348E+04 	 [ attachment = -8.222E+04 ; regularity = -1.126E+04 ]
2021-07-24 19:57:55,074 - deformetrica.core.estimators.gradient_ascent - INFO - >> Step size and gradient norm: 
2021-07-24 19:57:55,075 - deformetrica.core.estimators.gradient_ascent - INFO - 		8.198E-04   and   3.437E+03 	[ landmark_points ]
2021-07-24 19:57:55,076 - deformetrica.core.estimators.gradient_ascent - INFO - 		2.364E-03   and   1.587E+03 	[ momenta ]
2021-07-24 19:57:56,597 - deformetrica.core.estimators.gradient_ascent - INFO - ------------------------------------- Iteration: 40 -------------------------------------
2021-07-24 19:57:56,598 - deformetrica.core.estimators.gradient_ascent - INFO - >> Log-likelihood = -9.315E+04 	 [ attachment = -8.182E+04 ; regularity = -1.133E+04 ]
2021-07-24 19:57:57,340 - deformetrica.core.estimators.gradient_ascent - INFO - >> Step size and gradient norm: 
2021-07-24 19:57:57,342 - deformetrica.core.estimators.gradient_ascent - INFO - 		8.198E-04   and   4.587E+03 	[ landmark_points ]
2021-07-24 19:57:57,345 - deformetrica.core.estimators.gradient_ascent - INFO - 		1.182E-03   and   1.711E+03 	[ momenta ]
2021-07-24 19:57:59,209 - deformetrica.core.estimators.gradient_ascent - INFO - ------------------------------------- Iteration: 41 -------------------------------------
2021-07-24 19:57:59,210 - deformetrica.core.estimators.gradient_ascent - INFO - >> Log-likelihood = -9.089E+04 	 [ attachment = -7.949E+04 ; regularity = -1.140E+04 ]
2021-07-24 19:58:00,467 - deformetrica.core.estimators.gradient_ascent - INFO - >> Step size and gradient norm: 
2021-07-24 19:58:00,469 - deformetrica.core.estimators.gradient_ascent - INFO - 		4.099E-04   and   2.402E+03 	[ landmark_points ]
2021-07-24 19:58:00,470 - deformetrica.core.estimators.gradient_ascent - INFO - 		1.182E-03   and   1.176E+03 	[ momenta ]
2021-07-24 19:58:00,937 - deformetrica.core.estimators.gradient_ascent - INFO - ------------------------------------- Iteration: 42 -------------------------------------
2021-07-24 19:58:00,938 - deformetrica.core.estimators.gradient_ascent - INFO - >> Log-likelihood = -8.967E+04 	 [ attachment = -7.820E+04 ; regularity = -1.146E+04 ]
2021-07-24 19:58:01,637 - deformetrica.core.estimators.gradient_ascent - INFO - >> Step size and gradient norm: 
2021-07-24 19:58:01,639 - deformetrica.core.estimators.gradient_ascent - INFO - 		6.148E-04   and   1.693E+03 	[ landmark_points ]
2021-07-24 19:58:01,667 - deformetrica.core.estimators.gradient_ascent - INFO - 		1.773E-03   and   8.433E+02 	[ momenta ]
2021-07-24 19:58:02,560 - deformetrica.core.estimators.gradient_ascent - INFO - ------------------------------------- Iteration: 43 -------------------------------------
2021-07-24 19:58:02,562 - deformetrica.core.estimators.gradient_ascent - INFO - >> Log-likelihood = -8.851E+04 	 [ attachment = -7.694E+04 ; regularity = -1.158E+04 ]
2021-07-24 19:58:03,333 - deformetrica.core.estimators.gradient_ascent - INFO - >> Step size and gradient norm: 
2021-07-24 19:58:03,335 - deformetrica.core.estimators.gradient_ascent - INFO - 		9.222E-04   and   1.943E+03 	[ landmark_points ]
2021-07-24 19:58:03,337 - deformetrica.core.estimators.gradient_ascent - INFO - 		2.659E-03   and   9.842E+02 	[ momenta ]
2021-07-24 19:58:03,902 - deformetrica.core.estimators.gradient_ascent - INFO - ------------------------------------- Iteration: 44 -------------------------------------
2021-07-24 19:58:03,904 - deformetrica.core.estimators.gradient_ascent - INFO - >> Log-likelihood = -8.817E+04 	 [ attachment = -7.644E+04 ; regularity = -1.173E+04 ]
2021-07-24 19:58:04,705 - deformetrica.core.estimators.gradient_ascent - INFO - >> Step size and gradient norm: 
2021-07-24 19:58:04,707 - deformetrica.core.estimators.gradient_ascent - INFO - 		1.383E-03   and   4.377E+03 	[ landmark_points ]
2021-07-24 19:58:04,708 - deformetrica.core.estimators.gradient_ascent - INFO - 		3.989E-03   and   1.688E+03 	[ momenta ]
2021-07-24 19:58:05,979 - deformetrica.core.estimators.gradient_ascent - INFO - >> Step size and gradient norm: 
2021-07-24 19:58:05,981 - deformetrica.core.estimators.gradient_ascent - INFO - 		6.917E-04   and   4.377E+03 	[ landmark_points ]
2021-07-24 19:58:05,984 - deformetrica.core.estimators.gradient_ascent - INFO - 		1.994E-03   and   1.688E+03 	[ momenta ]
2021-07-24 19:58:07,407 - deformetrica.core.estimators.gradient_ascent - INFO - ------------------------------------- Iteration: 45 -------------------------------------
2021-07-24 19:58:07,408 - deformetrica.core.estimators.gradient_ascent - INFO - >> Log-likelihood = -8.678E+04 	 [ attachment = -7.490E+04 ; regularity = -1.188E+04 ]
2021-07-24 19:58:08,333 - deformetrica.core.estimators.gradient_ascent - INFO - >> Step size and gradient norm: 
2021-07-24 19:58:08,335 - deformetrica.core.estimators.gradient_ascent - INFO - 		3.458E-04   and   3.729E+03 	[ landmark_points ]
2021-07-24 19:58:08,336 - deformetrica.core.estimators.gradient_ascent - INFO - 		1.994E-03   and   1.752E+03 	[ momenta ]
2021-07-24 19:58:08,788 - deformetrica.core.estimators.gradient_ascent - INFO - ------------------------------------- Iteration: 46 -------------------------------------
2021-07-24 19:58:08,790 - deformetrica.core.estimators.gradient_ascent - INFO - >> Log-likelihood = -8.543E+04 	 [ attachment = -7.346E+04 ; regularity = -1.197E+04 ]
2021-07-24 19:58:09,512 - deformetrica.core.estimators.gradient_ascent - INFO - >> Step size and gradient norm: 
2021-07-24 19:58:09,513 - deformetrica.core.estimators.gradient_ascent - INFO - 		5.188E-04   and   3.786E+03 	[ landmark_points ]
2021-07-24 19:58:09,515 - deformetrica.core.estimators.gradient_ascent - INFO - 		2.991E-03   and   1.714E+03 	[ momenta ]
2021-07-24 19:58:11,564 - deformetrica.core.estimators.gradient_ascent - INFO - ------------------------------------- Iteration: 47 -------------------------------------
2021-07-24 19:58:11,565 - deformetrica.core.estimators.gradient_ascent - INFO - >> Log-likelihood = -8.398E+04 	 [ attachment = -7.190E+04 ; regularity = -1.208E+04 ]
2021-07-24 19:58:12,403 - deformetrica.core.estimators.gradient_ascent - INFO - >> Step size and gradient norm: 
2021-07-24 19:58:12,404 - deformetrica.core.estimators.gradient_ascent - INFO - 		5.188E-04   and   3.635E+03 	[ landmark_points ]
2021-07-24 19:58:12,405 - deformetrica.core.estimators.gradient_ascent - INFO - 		1.496E-03   and   1.581E+03 	[ momenta ]
2021-07-24 19:58:12,886 - deformetrica.core.estimators.gradient_ascent - INFO - ------------------------------------- Iteration: 48 -------------------------------------
2021-07-24 19:58:12,887 - deformetrica.core.estimators.gradient_ascent - INFO - >> Log-likelihood = -8.259E+04 	 [ attachment = -7.043E+04 ; regularity = -1.216E+04 ]
2021-07-24 19:58:13,701 - deformetrica.core.estimators.gradient_ascent - INFO - >> Step size and gradient norm: 
2021-07-24 19:58:13,702 - deformetrica.core.estimators.gradient_ascent - INFO - 		7.781E-04   and   3.458E+03 	[ landmark_points ]
2021-07-24 19:58:13,703 - deformetrica.core.estimators.gradient_ascent - INFO - 		2.244E-03   and   1.447E+03 	[ momenta ]
2021-07-24 19:58:15,088 - deformetrica.core.estimators.gradient_ascent - INFO - ------------------------------------- Iteration: 49 -------------------------------------
2021-07-24 19:58:15,089 - deformetrica.core.estimators.gradient_ascent - INFO - >> Log-likelihood = -8.178E+04 	 [ attachment = -6.946E+04 ; regularity = -1.232E+04 ]
2021-07-24 19:58:15,819 - deformetrica.core.estimators.gradient_ascent - INFO - >> Step size and gradient norm: 
2021-07-24 19:58:15,820 - deformetrica.core.estimators.gradient_ascent - INFO - 		3.891E-04   and   3.751E+03 	[ landmark_points ]
2021-07-24 19:58:15,821 - deformetrica.core.estimators.gradient_ascent - INFO - 		2.244E-03   and   1.771E+03 	[ momenta ]
2021-07-24 19:58:16,206 - deformetrica.core.estimators.gradient_ascent - INFO - ------------------------------------- Iteration: 50 -------------------------------------
2021-07-24 19:58:16,207 - deformetrica.core.estimators.gradient_ascent - INFO - >> Log-likelihood = -8.133E+04 	 [ attachment = -6.889E+04 ; regularity = -1.244E+04 ]
2021-07-24 19:58:16,970 - deformetrica.core.estimators.gradient_ascent - INFO - >> Step size and gradient norm: 
2021-07-24 19:58:16,971 - deformetrica.core.estimators.gradient_ascent - INFO - 		5.836E-04   and   4.526E+03 	[ landmark_points ]
2021-07-24 19:58:16,972 - deformetrica.core.estimators.gradient_ascent - INFO - 		3.365E-03   and   2.083E+03 	[ momenta ]
2021-07-24 19:58:18,583 - deformetrica.core.estimators.gradient_ascent - INFO - ------------------------------------- Iteration: 51 -------------------------------------
2021-07-24 19:58:18,584 - deformetrica.core.estimators.gradient_ascent - INFO - >> Log-likelihood = -8.071E+04 	 [ attachment = -6.816E+04 ; regularity = -1.255E+04 ]
2021-07-24 19:58:19,489 - deformetrica.core.estimators.gradient_ascent - INFO - >> Step size and gradient norm: 
2021-07-24 19:58:19,491 - deformetrica.core.estimators.gradient_ascent - INFO - 		5.836E-04   and   5.236E+03 	[ landmark_points ]
2021-07-24 19:58:19,494 - deformetrica.core.estimators.gradient_ascent - INFO - 		1.683E-03   and   2.239E+03 	[ momenta ]
2021-07-24 19:58:20,069 - deformetrica.core.estimators.gradient_ascent - INFO - ------------------------------------- Iteration: 52 -------------------------------------
2021-07-24 19:58:20,070 - deformetrica.core.estimators.gradient_ascent - INFO - >> Log-likelihood = -8.041E+04 	 [ attachment = -6.776E+04 ; regularity = -1.265E+04 ]
2021-07-24 19:58:21,317 - deformetrica.core.estimators.gradient_ascent - INFO - >> Step size and gradient norm: 
2021-07-24 19:58:21,320 - deformetrica.core.estimators.gradient_ascent - INFO - 		8.754E-04   and   5.949E+03 	[ landmark_points ]
2021-07-24 19:58:21,322 - deformetrica.core.estimators.gradient_ascent - INFO - 		2.524E-03   and   2.365E+03 	[ momenta ]
2021-07-24 19:58:23,475 - deformetrica.core.estimators.gradient_ascent - INFO - >> Step size and gradient norm: 
2021-07-24 19:58:23,476 - deformetrica.core.estimators.gradient_ascent - INFO - 		4.377E-04   and   5.949E+03 	[ landmark_points ]
2021-07-24 19:58:23,478 - deformetrica.core.estimators.gradient_ascent - INFO - 		1.262E-03   and   2.365E+03 	[ momenta ]
2021-07-24 19:58:23,935 - deformetrica.core.estimators.gradient_ascent - INFO - ------------------------------------- Iteration: 53 -------------------------------------
2021-07-24 19:58:23,936 - deformetrica.core.estimators.gradient_ascent - INFO - >> Log-likelihood = -7.688E+04 	 [ attachment = -6.416E+04 ; regularity = -1.272E+04 ]
2021-07-24 19:58:24,569 - deformetrica.core.estimators.gradient_ascent - INFO - >> Step size and gradient norm: 
2021-07-24 19:58:24,571 - deformetrica.core.estimators.gradient_ascent - INFO - 		6.566E-04   and   3.607E+03 	[ landmark_points ]
2021-07-24 19:58:24,572 - deformetrica.core.estimators.gradient_ascent - INFO - 		1.893E-03   and   1.514E+03 	[ momenta ]
2021-07-24 19:58:26,036 - deformetrica.core.estimators.gradient_ascent - INFO - ------------------------------------- Iteration: 54 -------------------------------------
2021-07-24 19:58:26,037 - deformetrica.core.estimators.gradient_ascent - INFO - >> Log-likelihood = -7.548E+04 	 [ attachment = -6.265E+04 ; regularity = -1.283E+04 ]
2021-07-24 19:58:26,760 - deformetrica.core.estimators.gradient_ascent - INFO - >> Step size and gradient norm: 
2021-07-24 19:58:26,762 - deformetrica.core.estimators.gradient_ascent - INFO - 		3.283E-04   and   2.776E+03 	[ landmark_points ]
2021-07-24 19:58:26,765 - deformetrica.core.estimators.gradient_ascent - INFO - 		1.893E-03   and   1.351E+03 	[ momenta ]
2021-07-24 19:58:27,162 - deformetrica.core.estimators.gradient_ascent - INFO - ------------------------------------- Iteration: 55 -------------------------------------
2021-07-24 19:58:27,163 - deformetrica.core.estimators.gradient_ascent - INFO - >> Log-likelihood = -7.430E+04 	 [ attachment = -6.136E+04 ; regularity = -1.294E+04 ]
2021-07-24 19:58:27,780 - deformetrica.core.estimators.gradient_ascent - INFO - >> Step size and gradient norm: 
2021-07-24 19:58:27,782 - deformetrica.core.estimators.gradient_ascent - INFO - 		4.924E-04   and   2.473E+03 	[ landmark_points ]
2021-07-24 19:58:27,783 - deformetrica.core.estimators.gradient_ascent - INFO - 		2.840E-03   and   1.246E+03 	[ momenta ]
2021-07-24 19:58:29,135 - deformetrica.core.estimators.gradient_ascent - INFO - ------------------------------------- Iteration: 56 -------------------------------------
2021-07-24 19:58:29,137 - deformetrica.core.estimators.gradient_ascent - INFO - >> Log-likelihood = -7.326E+04 	 [ attachment = -6.024E+04 ; regularity = -1.302E+04 ]
2021-07-24 19:58:29,979 - deformetrica.core.estimators.gradient_ascent - INFO - >> Step size and gradient norm: 
2021-07-24 19:58:29,980 - deformetrica.core.estimators.gradient_ascent - INFO - 		4.924E-04   and   2.166E+03 	[ landmark_points ]
2021-07-24 19:58:29,981 - deformetrica.core.estimators.gradient_ascent - INFO - 		1.420E-03   and   1.016E+03 	[ momenta ]
2021-07-24 19:58:30,474 - deformetrica.core.estimators.gradient_ascent - INFO - ------------------------------------- Iteration: 57 -------------------------------------
2021-07-24 19:58:30,476 - deformetrica.core.estimators.gradient_ascent - INFO - >> Log-likelihood = -7.240E+04 	 [ attachment = -5.930E+04 ; regularity = -1.310E+04 ]
2021-07-24 19:58:31,375 - deformetrica.core.estimators.gradient_ascent - INFO - >> Step size and gradient norm: 
2021-07-24 19:58:31,378 - deformetrica.core.estimators.gradient_ascent - INFO - 		7.386E-04   and   1.890E+03 	[ landmark_points ]
2021-07-24 19:58:31,380 - deformetrica.core.estimators.gradient_ascent - INFO - 		2.130E-03   and   9.302E+02 	[ momenta ]
2021-07-24 19:58:31,843 - deformetrica.core.estimators.gradient_ascent - INFO - ------------------------------------- Iteration: 58 -------------------------------------
2021-07-24 19:58:31,845 - deformetrica.core.estimators.gradient_ascent - INFO - >> Log-likelihood = -7.197E+04 	 [ attachment = -5.875E+04 ; regularity = -1.322E+04 ]
2021-07-24 19:58:32,898 - deformetrica.core.estimators.gradient_ascent - INFO - >> Step size and gradient norm: 
2021-07-24 19:58:32,899 - deformetrica.core.estimators.gradient_ascent - INFO - 		1.108E-03   and   3.168E+03 	[ landmark_points ]
2021-07-24 19:58:32,900 - deformetrica.core.estimators.gradient_ascent - INFO - 		3.195E-03   and   1.299E+03 	[ momenta ]
2021-07-24 19:58:34,813 - deformetrica.core.estimators.gradient_ascent - INFO - >> Step size and gradient norm: 
2021-07-24 19:58:34,815 - deformetrica.core.estimators.gradient_ascent - INFO - 		5.540E-04   and   3.168E+03 	[ landmark_points ]
2021-07-24 19:58:34,845 - deformetrica.core.estimators.gradient_ascent - INFO - 		1.597E-03   and   1.299E+03 	[ momenta ]
2021-07-24 19:58:35,466 - deformetrica.core.estimators.gradient_ascent - INFO - ------------------------------------- Iteration: 59 -------------------------------------
2021-07-24 19:58:35,467 - deformetrica.core.estimators.gradient_ascent - INFO - >> Log-likelihood = -7.135E+04 	 [ attachment = -5.806E+04 ; regularity = -1.330E+04 ]
2021-07-24 19:58:36,962 - deformetrica.core.estimators.gradient_ascent - INFO - >> Step size and gradient norm: 
2021-07-24 19:58:36,964 - deformetrica.core.estimators.gradient_ascent - INFO - 		8.310E-04   and   3.543E+03 	[ landmark_points ]
2021-07-24 19:58:36,965 - deformetrica.core.estimators.gradient_ascent - INFO - 		2.396E-03   and   1.408E+03 	[ momenta ]
2021-07-24 19:58:38,619 - deformetrica.core.estimators.gradient_ascent - INFO - >> Step size and gradient norm: 
2021-07-24 19:58:38,620 - deformetrica.core.estimators.gradient_ascent - INFO - 		4.155E-04   and   3.543E+03 	[ landmark_points ]
2021-07-24 19:58:38,621 - deformetrica.core.estimators.gradient_ascent - INFO - 		1.198E-03   and   1.408E+03 	[ momenta ]
2021-07-24 19:58:39,262 - deformetrica.core.estimators.gradient_ascent - INFO - ------------------------------------- Iteration: 60 -------------------------------------
2021-07-24 19:58:39,263 - deformetrica.core.estimators.gradient_ascent - INFO - >> Log-likelihood = -7.004E+04 	 [ attachment = -5.667E+04 ; regularity = -1.337E+04 ]
2021-07-24 19:58:39,932 - deformetrica.core.estimators.gradient_ascent - INFO - >> Step size and gradient norm: 
2021-07-24 19:58:39,934 - deformetrica.core.estimators.gradient_ascent - INFO - 		6.232E-04   and   2.183E+03 	[ landmark_points ]
2021-07-24 19:58:39,962 - deformetrica.core.estimators.gradient_ascent - INFO - 		1.797E-03   and   9.141E+02 	[ momenta ]
2021-07-24 19:58:40,452 - deformetrica.core.estimators.gradient_ascent - INFO - ------------------------------------- Iteration: 61 -------------------------------------
2021-07-24 19:58:40,453 - deformetrica.core.estimators.gradient_ascent - INFO - >> Log-likelihood = -6.960E+04 	 [ attachment = -5.614E+04 ; regularity = -1.345E+04 ]
2021-07-24 19:58:41,187 - deformetrica.core.estimators.gradient_ascent - INFO - >> Step size and gradient norm: 
2021-07-24 19:58:41,188 - deformetrica.core.estimators.gradient_ascent - INFO - 		9.348E-04   and   3.181E+03 	[ landmark_points ]
2021-07-24 19:58:41,189 - deformetrica.core.estimators.gradient_ascent - INFO - 		2.695E-03   and   1.166E+03 	[ momenta ]
2021-07-24 19:58:42,627 - deformetrica.core.estimators.gradient_ascent - INFO - >> Step size and gradient norm: 
2021-07-24 19:58:42,628 - deformetrica.core.estimators.gradient_ascent - INFO - 		4.674E-04   and   3.181E+03 	[ landmark_points ]
2021-07-24 19:58:42,630 - deformetrica.core.estimators.gradient_ascent - INFO - 		1.348E-03   and   1.166E+03 	[ momenta ]
2021-07-24 19:58:43,122 - deformetrica.core.estimators.gradient_ascent - INFO - ------------------------------------- Iteration: 62 -------------------------------------
2021-07-24 19:58:43,123 - deformetrica.core.estimators.gradient_ascent - INFO - >> Log-likelihood = -6.876E+04 	 [ attachment = -5.523E+04 ; regularity = -1.353E+04 ]
2021-07-24 19:58:43,856 - deformetrica.core.estimators.gradient_ascent - INFO - >> Step size and gradient norm: 
2021-07-24 19:58:43,858 - deformetrica.core.estimators.gradient_ascent - INFO - 		7.011E-04   and   2.733E+03 	[ landmark_points ]
2021-07-24 19:58:43,860 - deformetrica.core.estimators.gradient_ascent - INFO - 		2.022E-03   and   9.789E+02 	[ momenta ]
2021-07-24 19:58:45,125 - deformetrica.core.estimators.gradient_ascent - INFO - ------------------------------------- Iteration: 63 -------------------------------------
2021-07-24 19:58:45,127 - deformetrica.core.estimators.gradient_ascent - INFO - >> Log-likelihood = -6.792E+04 	 [ attachment = -5.431E+04 ; regularity = -1.362E+04 ]
2021-07-24 19:58:45,847 - deformetrica.core.estimators.gradient_ascent - INFO - >> Step size and gradient norm: 
2021-07-24 19:58:45,848 - deformetrica.core.estimators.gradient_ascent - INFO - 		3.506E-04   and   2.574E+03 	[ landmark_points ]
2021-07-24 19:58:45,849 - deformetrica.core.estimators.gradient_ascent - INFO - 		2.022E-03   and   1.026E+03 	[ momenta ]
2021-07-24 19:58:46,265 - deformetrica.core.estimators.gradient_ascent - INFO - ------------------------------------- Iteration: 64 -------------------------------------
2021-07-24 19:58:46,266 - deformetrica.core.estimators.gradient_ascent - INFO - >> Log-likelihood = -6.716E+04 	 [ attachment = -5.344E+04 ; regularity = -1.373E+04 ]
2021-07-24 19:58:46,941 - deformetrica.core.estimators.gradient_ascent - INFO - >> Step size and gradient norm: 
2021-07-24 19:58:46,942 - deformetrica.core.estimators.gradient_ascent - INFO - 		5.258E-04   and   2.525E+03 	[ landmark_points ]
2021-07-24 19:58:46,945 - deformetrica.core.estimators.gradient_ascent - INFO - 		3.032E-03   and   1.028E+03 	[ momenta ]
2021-07-24 19:58:48,321 - deformetrica.core.estimators.gradient_ascent - INFO - ------------------------------------- Iteration: 65 -------------------------------------
2021-07-24 19:58:48,322 - deformetrica.core.estimators.gradient_ascent - INFO - >> Log-likelihood = -6.660E+04 	 [ attachment = -5.281E+04 ; regularity = -1.379E+04 ]
2021-07-24 19:58:49,073 - deformetrica.core.estimators.gradient_ascent - INFO - >> Step size and gradient norm: 
2021-07-24 19:58:49,074 - deformetrica.core.estimators.gradient_ascent - INFO - 		5.258E-04   and   3.092E+03 	[ landmark_points ]
2021-07-24 19:58:49,075 - deformetrica.core.estimators.gradient_ascent - INFO - 		1.516E-03   and   1.054E+03 	[ momenta ]
2021-07-24 19:58:49,483 - deformetrica.core.estimators.gradient_ascent - INFO - ------------------------------------- Iteration: 66 -------------------------------------
2021-07-24 19:58:49,484 - deformetrica.core.estimators.gradient_ascent - INFO - >> Log-likelihood = -6.616E+04 	 [ attachment = -5.229E+04 ; regularity = -1.387E+04 ]
2021-07-24 19:58:50,171 - deformetrica.core.estimators.gradient_ascent - INFO - >> Step size and gradient norm: 
2021-07-24 19:58:50,174 - deformetrica.core.estimators.gradient_ascent - INFO - 		7.888E-04   and   3.496E+03 	[ landmark_points ]
2021-07-24 19:58:50,201 - deformetrica.core.estimators.gradient_ascent - INFO - 		2.274E-03   and   1.102E+03 	[ momenta ]
2021-07-24 19:58:51,433 - deformetrica.core.estimators.gradient_ascent - INFO - ------------------------------------- Iteration: 67 -------------------------------------
2021-07-24 19:58:51,434 - deformetrica.core.estimators.gradient_ascent - INFO - >> Log-likelihood = -6.591E+04 	 [ attachment = -5.196E+04 ; regularity = -1.395E+04 ]
2021-07-24 19:58:52,051 - deformetrica.core.estimators.gradient_ascent - INFO - >> Step size and gradient norm: 
2021-07-24 19:58:52,053 - deformetrica.core.estimators.gradient_ascent - INFO - 		3.944E-04   and   4.153E+03 	[ landmark_points ]
2021-07-24 19:58:52,054 - deformetrica.core.estimators.gradient_ascent - INFO - 		2.274E-03   and   1.378E+03 	[ momenta ]
2021-07-24 19:58:53,329 - deformetrica.core.estimators.gradient_ascent - INFO - ------------------------------------- Iteration: 68 -------------------------------------
2021-07-24 19:58:53,330 - deformetrica.core.estimators.gradient_ascent - INFO - >> Log-likelihood = -6.461E+04 	 [ attachment = -5.061E+04 ; regularity = -1.401E+04 ]
2021-07-24 19:58:54,037 - deformetrica.core.estimators.gradient_ascent - INFO - >> Step size and gradient norm: 
2021-07-24 19:58:54,039 - deformetrica.core.estimators.gradient_ascent - INFO - 		3.944E-04   and   2.696E+03 	[ landmark_points ]
2021-07-24 19:58:54,040 - deformetrica.core.estimators.gradient_ascent - INFO - 		1.137E-03   and   8.474E+02 	[ momenta ]
2021-07-24 19:58:54,414 - deformetrica.core.estimators.gradient_ascent - INFO - ------------------------------------- Iteration: 69 -------------------------------------
2021-07-24 19:58:54,415 - deformetrica.core.estimators.gradient_ascent - INFO - >> Log-likelihood = -6.391E+04 	 [ attachment = -4.987E+04 ; regularity = -1.405E+04 ]
2021-07-24 19:58:55,090 - deformetrica.core.estimators.gradient_ascent - INFO - >> Step size and gradient norm: 
2021-07-24 19:58:55,091 - deformetrica.core.estimators.gradient_ascent - INFO - 		5.916E-04   and   1.838E+03 	[ landmark_points ]
2021-07-24 19:58:55,093 - deformetrica.core.estimators.gradient_ascent - INFO - 		1.706E-03   and   7.009E+02 	[ momenta ]
2021-07-24 19:58:55,518 - deformetrica.core.estimators.gradient_ascent - INFO - ------------------------------------- Iteration: 70 -------------------------------------
2021-07-24 19:58:55,520 - deformetrica.core.estimators.gradient_ascent - INFO - >> Log-likelihood = -6.351E+04 	 [ attachment = -4.939E+04 ; regularity = -1.413E+04 ]
2021-07-24 19:58:56,435 - deformetrica.core.estimators.gradient_ascent - INFO - >> Step size and gradient norm: 
2021-07-24 19:58:56,436 - deformetrica.core.estimators.gradient_ascent - INFO - 		8.874E-04   and   2.533E+03 	[ landmark_points ]
2021-07-24 19:58:56,437 - deformetrica.core.estimators.gradient_ascent - INFO - 		2.558E-03   and   7.951E+02 	[ momenta ]
2021-07-24 19:58:57,664 - deformetrica.core.estimators.gradient_ascent - INFO - ------------------------------------- Iteration: 71 -------------------------------------
2021-07-24 19:58:57,665 - deformetrica.core.estimators.gradient_ascent - INFO - >> Log-likelihood = -6.324E+04 	 [ attachment = -4.903E+04 ; regularity = -1.422E+04 ]
2021-07-24 19:58:58,318 - deformetrica.core.estimators.gradient_ascent - INFO - >> Step size and gradient norm: 
2021-07-24 19:58:58,319 - deformetrica.core.estimators.gradient_ascent - INFO - 		4.437E-04   and   3.617E+03 	[ landmark_points ]
2021-07-24 19:58:58,322 - deformetrica.core.estimators.gradient_ascent - INFO - 		2.558E-03   and   1.117E+03 	[ momenta ]
2021-07-24 19:58:59,550 - deformetrica.core.estimators.gradient_ascent - INFO - ------------------------------------- Iteration: 72 -------------------------------------
2021-07-24 19:58:59,551 - deformetrica.core.estimators.gradient_ascent - INFO - >> Log-likelihood = -6.254E+04 	 [ attachment = -4.821E+04 ; regularity = -1.433E+04 ]
2021-07-24 19:59:00,183 - deformetrica.core.estimators.gradient_ascent - INFO - >> Step size and gradient norm: 
2021-07-24 19:59:00,184 - deformetrica.core.estimators.gradient_ascent - INFO - 		2.218E-04   and   3.120E+03 	[ landmark_points ]
2021-07-24 19:59:00,186 - deformetrica.core.estimators.gradient_ascent - INFO - 		2.558E-03   and   1.178E+03 	[ momenta ]
2021-07-24 19:59:00,577 - deformetrica.core.estimators.gradient_ascent - INFO - ------------------------------------- Iteration: 73 -------------------------------------
2021-07-24 19:59:00,579 - deformetrica.core.estimators.gradient_ascent - INFO - >> Log-likelihood = -6.218E+04 	 [ attachment = -4.777E+04 ; regularity = -1.442E+04 ]
2021-07-24 19:59:01,445 - deformetrica.core.estimators.gradient_ascent - INFO - >> Step size and gradient norm: 
2021-07-24 19:59:01,446 - deformetrica.core.estimators.gradient_ascent - INFO - 		3.328E-04   and   3.372E+03 	[ landmark_points ]
2021-07-24 19:59:01,447 - deformetrica.core.estimators.gradient_ascent - INFO - 		3.838E-03   and   1.361E+03 	[ momenta ]
2021-07-24 19:59:02,576 - deformetrica.core.estimators.gradient_ascent - INFO - ------------------------------------- Iteration: 74 -------------------------------------
2021-07-24 19:59:02,577 - deformetrica.core.estimators.gradient_ascent - INFO - >> Log-likelihood = -6.159E+04 	 [ attachment = -4.712E+04 ; regularity = -1.448E+04 ]
2021-07-24 19:59:03,213 - deformetrica.core.estimators.gradient_ascent - INFO - >> Step size and gradient norm: 
2021-07-24 19:59:03,214 - deformetrica.core.estimators.gradient_ascent - INFO - 		3.328E-04   and   3.188E+03 	[ landmark_points ]
2021-07-24 19:59:03,216 - deformetrica.core.estimators.gradient_ascent - INFO - 		1.919E-03   and   1.242E+03 	[ momenta ]
2021-07-24 19:59:03,656 - deformetrica.core.estimators.gradient_ascent - INFO - ------------------------------------- Iteration: 75 -------------------------------------
2021-07-24 19:59:03,657 - deformetrica.core.estimators.gradient_ascent - INFO - >> Log-likelihood = -6.104E+04 	 [ attachment = -4.650E+04 ; regularity = -1.454E+04 ]
2021-07-24 19:59:04,282 - deformetrica.core.estimators.gradient_ascent - INFO - >> Step size and gradient norm: 
2021-07-24 19:59:04,284 - deformetrica.core.estimators.gradient_ascent - INFO - 		4.991E-04   and   3.186E+03 	[ landmark_points ]
2021-07-24 19:59:04,286 - deformetrica.core.estimators.gradient_ascent - INFO - 		2.878E-03   and   1.210E+03 	[ momenta ]
2021-07-24 19:59:05,461 - deformetrica.core.estimators.gradient_ascent - INFO - ------------------------------------- Iteration: 76 -------------------------------------
2021-07-24 19:59:05,462 - deformetrica.core.estimators.gradient_ascent - INFO - >> Log-likelihood = -6.057E+04 	 [ attachment = -4.598E+04 ; regularity = -1.458E+04 ]
2021-07-24 19:59:06,136 - deformetrica.core.estimators.gradient_ascent - INFO - >> Step size and gradient norm: 
2021-07-24 19:59:06,138 - deformetrica.core.estimators.gradient_ascent - INFO - 		4.991E-04   and   3.407E+03 	[ landmark_points ]
2021-07-24 19:59:06,145 - deformetrica.core.estimators.gradient_ascent - INFO - 		1.439E-03   and   1.087E+03 	[ momenta ]
2021-07-24 19:59:06,542 - deformetrica.core.estimators.gradient_ascent - INFO - ------------------------------------- Iteration: 77 -------------------------------------
2021-07-24 19:59:06,543 - deformetrica.core.estimators.gradient_ascent - INFO - >> Log-likelihood = -6.030E+04 	 [ attachment = -4.568E+04 ; regularity = -1.463E+04 ]
2021-07-24 19:59:07,156 - deformetrica.core.estimators.gradient_ascent - INFO - >> Step size and gradient norm: 
2021-07-24 19:59:07,158 - deformetrica.core.estimators.gradient_ascent - INFO - 		7.487E-04   and   3.948E+03 	[ landmark_points ]
2021-07-24 19:59:07,159 - deformetrica.core.estimators.gradient_ascent - INFO - 		2.159E-03   and   1.162E+03 	[ momenta ]
2021-07-24 19:59:08,402 - deformetrica.core.estimators.gradient_ascent - INFO - ------------------------------------- Iteration: 78 -------------------------------------
2021-07-24 19:59:08,404 - deformetrica.core.estimators.gradient_ascent - INFO - >> Log-likelihood = -6.014E+04 	 [ attachment = -4.544E+04 ; regularity = -1.470E+04 ]
2021-07-24 19:59:09,067 - deformetrica.core.estimators.gradient_ascent - INFO - >> Step size and gradient norm: 
2021-07-24 19:59:09,068 - deformetrica.core.estimators.gradient_ascent - INFO - 		3.744E-04   and   4.157E+03 	[ landmark_points ]
2021-07-24 19:59:09,069 - deformetrica.core.estimators.gradient_ascent - INFO - 		2.159E-03   and   1.367E+03 	[ momenta ]
2021-07-24 19:59:10,210 - deformetrica.core.estimators.gradient_ascent - INFO - ------------------------------------- Iteration: 79 -------------------------------------
2021-07-24 19:59:10,212 - deformetrica.core.estimators.gradient_ascent - INFO - >> Log-likelihood = -5.890E+04 	 [ attachment = -4.418E+04 ; regularity = -1.473E+04 ]
2021-07-24 19:59:10,832 - deformetrica.core.estimators.gradient_ascent - INFO - >> Step size and gradient norm: 
2021-07-24 19:59:10,833 - deformetrica.core.estimators.gradient_ascent - INFO - 		3.744E-04   and   2.806E+03 	[ landmark_points ]
2021-07-24 19:59:10,835 - deformetrica.core.estimators.gradient_ascent - INFO - 		1.079E-03   and   7.918E+02 	[ momenta ]
2021-07-24 19:59:11,247 - deformetrica.core.estimators.gradient_ascent - INFO - ------------------------------------- Iteration: 80 -------------------------------------
2021-07-24 19:59:11,248 - deformetrica.core.estimators.gradient_ascent - INFO - >> Log-likelihood = -5.826E+04 	 [ attachment = -4.350E+04 ; regularity = -1.476E+04 ]
2021-07-24 19:59:11,930 - deformetrica.core.estimators.gradient_ascent - INFO - >> Step size and gradient norm: 
2021-07-24 19:59:11,931 - deformetrica.core.estimators.gradient_ascent - INFO - 		5.615E-04   and   1.572E+03 	[ landmark_points ]
2021-07-24 19:59:11,933 - deformetrica.core.estimators.gradient_ascent - INFO - 		1.619E-03   and   6.153E+02 	[ momenta ]
2021-07-24 19:59:12,464 - deformetrica.core.estimators.gradient_ascent - INFO - ------------------------------------- Iteration: 81 -------------------------------------
2021-07-24 19:59:12,465 - deformetrica.core.estimators.gradient_ascent - INFO - >> Log-likelihood = -5.796E+04 	 [ attachment = -4.315E+04 ; regularity = -1.481E+04 ]
2021-07-24 19:59:13,145 - deformetrica.core.estimators.gradient_ascent - INFO - >> Step size and gradient norm: 
2021-07-24 19:59:13,146 - deformetrica.core.estimators.gradient_ascent - INFO - 		8.423E-04   and   2.386E+03 	[ landmark_points ]
2021-07-24 19:59:13,148 - deformetrica.core.estimators.gradient_ascent - INFO - 		2.429E-03   and   7.080E+02 	[ momenta ]
2021-07-24 19:59:14,548 - deformetrica.core.estimators.gradient_ascent - INFO - ------------------------------------- Iteration: 82 -------------------------------------
2021-07-24 19:59:14,549 - deformetrica.core.estimators.gradient_ascent - INFO - >> Log-likelihood = -5.770E+04 	 [ attachment = -4.280E+04 ; regularity = -1.490E+04 ]
2021-07-24 19:59:15,250 - deformetrica.core.estimators.gradient_ascent - INFO - >> Step size and gradient norm: 
2021-07-24 19:59:15,252 - deformetrica.core.estimators.gradient_ascent - INFO - 		4.211E-04   and   2.836E+03 	[ landmark_points ]
2021-07-24 19:59:15,254 - deformetrica.core.estimators.gradient_ascent - INFO - 		2.429E-03   and   9.439E+02 	[ momenta ]
2021-07-24 19:59:16,485 - deformetrica.core.estimators.gradient_ascent - INFO - ------------------------------------- Iteration: 83 -------------------------------------
2021-07-24 19:59:16,487 - deformetrica.core.estimators.gradient_ascent - INFO - >> Log-likelihood = -5.702E+04 	 [ attachment = -4.205E+04 ; regularity = -1.497E+04 ]
2021-07-24 19:59:17,546 - deformetrica.core.estimators.gradient_ascent - INFO - >> Step size and gradient norm: 
2021-07-24 19:59:17,548 - deformetrica.core.estimators.gradient_ascent - INFO - 		2.106E-04   and   2.428E+03 	[ landmark_points ]
2021-07-24 19:59:17,549 - deformetrica.core.estimators.gradient_ascent - INFO - 		2.429E-03   and   9.350E+02 	[ momenta ]
2021-07-24 19:59:18,043 - deformetrica.core.estimators.gradient_ascent - INFO - ------------------------------------- Iteration: 84 -------------------------------------
2021-07-24 19:59:18,044 - deformetrica.core.estimators.gradient_ascent - INFO - >> Log-likelihood = -5.653E+04 	 [ attachment = -4.149E+04 ; regularity = -1.504E+04 ]
2021-07-24 19:59:18,756 - deformetrica.core.estimators.gradient_ascent - INFO - >> Step size and gradient norm: 
2021-07-24 19:59:18,757 - deformetrica.core.estimators.gradient_ascent - INFO - 		3.159E-04   and   2.184E+03 	[ landmark_points ]
2021-07-24 19:59:18,758 - deformetrica.core.estimators.gradient_ascent - INFO - 		3.643E-03   and   9.623E+02 	[ momenta ]
2021-07-24 19:59:19,918 - deformetrica.core.estimators.gradient_ascent - INFO - ------------------------------------- Iteration: 85 -------------------------------------
2021-07-24 19:59:19,920 - deformetrica.core.estimators.gradient_ascent - INFO - >> Log-likelihood = -5.593E+04 	 [ attachment = -4.082E+04 ; regularity = -1.510E+04 ]
2021-07-24 19:59:20,556 - deformetrica.core.estimators.gradient_ascent - INFO - >> Step size and gradient norm: 
2021-07-24 19:59:20,557 - deformetrica.core.estimators.gradient_ascent - INFO - 		3.159E-04   and   2.119E+03 	[ landmark_points ]
2021-07-24 19:59:20,559 - deformetrica.core.estimators.gradient_ascent - INFO - 		1.821E-03   and   8.580E+02 	[ momenta ]
2021-07-24 19:59:20,941 - deformetrica.core.estimators.gradient_ascent - INFO - ------------------------------------- Iteration: 86 -------------------------------------
2021-07-24 19:59:20,942 - deformetrica.core.estimators.gradient_ascent - INFO - >> Log-likelihood = -5.537E+04 	 [ attachment = -4.020E+04 ; regularity = -1.516E+04 ]
2021-07-24 19:59:21,558 - deformetrica.core.estimators.gradient_ascent - INFO - >> Step size and gradient norm: 
2021-07-24 19:59:21,560 - deformetrica.core.estimators.gradient_ascent - INFO - 		4.738E-04   and   1.714E+03 	[ landmark_points ]
2021-07-24 19:59:21,589 - deformetrica.core.estimators.gradient_ascent - INFO - 		2.732E-03   and   7.734E+02 	[ momenta ]
2021-07-24 19:59:23,039 - deformetrica.core.estimators.gradient_ascent - INFO - ------------------------------------- Iteration: 87 -------------------------------------
2021-07-24 19:59:23,040 - deformetrica.core.estimators.gradient_ascent - INFO - >> Log-likelihood = -5.491E+04 	 [ attachment = -3.970E+04 ; regularity = -1.521E+04 ]
2021-07-24 19:59:23,721 - deformetrica.core.estimators.gradient_ascent - INFO - >> Step size and gradient norm: 
2021-07-24 19:59:23,723 - deformetrica.core.estimators.gradient_ascent - INFO - 		4.738E-04   and   1.861E+03 	[ landmark_points ]
2021-07-24 19:59:23,725 - deformetrica.core.estimators.gradient_ascent - INFO - 		1.366E-03   and   7.027E+02 	[ momenta ]
2021-07-24 19:59:24,167 - deformetrica.core.estimators.gradient_ascent - INFO - ------------------------------------- Iteration: 88 -------------------------------------
2021-07-24 19:59:24,168 - deformetrica.core.estimators.gradient_ascent - INFO - >> Log-likelihood = -5.457E+04 	 [ attachment = -3.931E+04 ; regularity = -1.526E+04 ]
2021-07-24 19:59:24,777 - deformetrica.core.estimators.gradient_ascent - INFO - >> Step size and gradient norm: 
2021-07-24 19:59:24,778 - deformetrica.core.estimators.gradient_ascent - INFO - 		7.107E-04   and   1.778E+03 	[ landmark_points ]
2021-07-24 19:59:24,779 - deformetrica.core.estimators.gradient_ascent - INFO - 		2.049E-03   and   6.729E+02 	[ momenta ]
2021-07-24 19:59:25,928 - deformetrica.core.estimators.gradient_ascent - INFO - ------------------------------------- Iteration: 89 -------------------------------------
2021-07-24 19:59:25,929 - deformetrica.core.estimators.gradient_ascent - INFO - >> Log-likelihood = -5.413E+04 	 [ attachment = -3.881E+04 ; regularity = -1.532E+04 ]
2021-07-24 19:59:26,602 - deformetrica.core.estimators.gradient_ascent - INFO - >> Step size and gradient norm: 
2021-07-24 19:59:26,604 - deformetrica.core.estimators.gradient_ascent - INFO - 		3.553E-04   and   1.841E+03 	[ landmark_points ]
2021-07-24 19:59:26,631 - deformetrica.core.estimators.gradient_ascent - INFO - 		2.049E-03   and   7.294E+02 	[ momenta ]
2021-07-24 19:59:27,133 - deformetrica.core.estimators.gradient_ascent - INFO - ------------------------------------- Iteration: 90 -------------------------------------
2021-07-24 19:59:27,133 - deformetrica.core.estimators.gradient_ascent - INFO - >> Log-likelihood = -5.375E+04 	 [ attachment = -3.836E+04 ; regularity = -1.539E+04 ]
2021-07-24 19:59:27,796 - deformetrica.core.estimators.gradient_ascent - INFO - >> Step size and gradient norm: 
2021-07-24 19:59:27,798 - deformetrica.core.estimators.gradient_ascent - INFO - 		5.330E-04   and   1.910E+03 	[ landmark_points ]
2021-07-24 19:59:27,799 - deformetrica.core.estimators.gradient_ascent - INFO - 		3.074E-03   and   7.508E+02 	[ momenta ]
2021-07-24 19:59:29,292 - deformetrica.core.estimators.gradient_ascent - INFO - ------------------------------------- Iteration: 91 -------------------------------------
2021-07-24 19:59:29,294 - deformetrica.core.estimators.gradient_ascent - INFO - >> Log-likelihood = -5.354E+04 	 [ attachment = -3.809E+04 ; regularity = -1.544E+04 ]
2021-07-24 19:59:29,931 - deformetrica.core.estimators.gradient_ascent - INFO - >> Step size and gradient norm: 
2021-07-24 19:59:29,932 - deformetrica.core.estimators.gradient_ascent - INFO - 		5.330E-04   and   2.526E+03 	[ landmark_points ]
2021-07-24 19:59:29,934 - deformetrica.core.estimators.gradient_ascent - INFO - 		1.537E-03   and   8.445E+02 	[ momenta ]
2021-07-24 19:59:30,316 - deformetrica.core.estimators.gradient_ascent - INFO - ------------------------------------- Iteration: 92 -------------------------------------
2021-07-24 19:59:30,317 - deformetrica.core.estimators.gradient_ascent - INFO - >> Log-likelihood = -5.345E+04 	 [ attachment = -3.796E+04 ; regularity = -1.549E+04 ]
2021-07-24 19:59:30,967 - deformetrica.core.estimators.gradient_ascent - INFO - >> Step size and gradient norm: 
2021-07-24 19:59:30,968 - deformetrica.core.estimators.gradient_ascent - INFO - 		7.995E-04   and   3.113E+03 	[ landmark_points ]
2021-07-24 19:59:30,970 - deformetrica.core.estimators.gradient_ascent - INFO - 		2.305E-03   and   9.681E+02 	[ momenta ]
2021-07-24 19:59:32,118 - deformetrica.core.estimators.gradient_ascent - INFO - >> Step size and gradient norm: 
2021-07-24 19:59:32,120 - deformetrica.core.estimators.gradient_ascent - INFO - 		3.998E-04   and   3.113E+03 	[ landmark_points ]
2021-07-24 19:59:32,148 - deformetrica.core.estimators.gradient_ascent - INFO - 		1.153E-03   and   9.681E+02 	[ momenta ]
2021-07-24 19:59:32,709 - deformetrica.core.estimators.gradient_ascent - INFO - ------------------------------------- Iteration: 93 -------------------------------------
2021-07-24 19:59:32,710 - deformetrica.core.estimators.gradient_ascent - INFO - >> Log-likelihood = -5.278E+04 	 [ attachment = -3.725E+04 ; regularity = -1.553E+04 ]
2021-07-24 19:59:33,348 - deformetrica.core.estimators.gradient_ascent - INFO - >> Step size and gradient norm: 
2021-07-24 19:59:33,349 - deformetrica.core.estimators.gradient_ascent - INFO - 		5.996E-04   and   2.239E+03 	[ landmark_points ]
2021-07-24 19:59:33,352 - deformetrica.core.estimators.gradient_ascent - INFO - 		1.729E-03   and   7.500E+02 	[ momenta ]
2021-07-24 19:59:34,497 - deformetrica.core.estimators.gradient_ascent - INFO - ------------------------------------- Iteration: 94 -------------------------------------
2021-07-24 19:59:34,498 - deformetrica.core.estimators.gradient_ascent - INFO - >> Log-likelihood = -5.230E+04 	 [ attachment = -3.672E+04 ; regularity = -1.558E+04 ]
2021-07-24 19:59:35,108 - deformetrica.core.estimators.gradient_ascent - INFO - >> Step size and gradient norm: 
2021-07-24 19:59:35,109 - deformetrica.core.estimators.gradient_ascent - INFO - 		2.998E-04   and   1.490E+03 	[ landmark_points ]
2021-07-24 19:59:35,110 - deformetrica.core.estimators.gradient_ascent - INFO - 		1.729E-03   and   6.374E+02 	[ momenta ]
2021-07-24 19:59:35,485 - deformetrica.core.estimators.gradient_ascent - INFO - ------------------------------------- Iteration: 95 -------------------------------------
2021-07-24 19:59:35,486 - deformetrica.core.estimators.gradient_ascent - INFO - >> Log-likelihood = -5.187E+04 	 [ attachment = -3.623E+04 ; regularity = -1.564E+04 ]
2021-07-24 19:59:36,205 - deformetrica.core.estimators.gradient_ascent - INFO - >> Step size and gradient norm: 
2021-07-24 19:59:36,206 - deformetrica.core.estimators.gradient_ascent - INFO - 		4.497E-04   and   1.262E+03 	[ landmark_points ]
2021-07-24 19:59:36,208 - deformetrica.core.estimators.gradient_ascent - INFO - 		2.593E-03   and   5.580E+02 	[ momenta ]
2021-07-24 19:59:36,602 - deformetrica.core.estimators.gradient_ascent - INFO - ------------------------------------- Iteration: 96 -------------------------------------
2021-07-24 19:59:36,603 - deformetrica.core.estimators.gradient_ascent - INFO - >> Log-likelihood = -5.164E+04 	 [ attachment = -3.593E+04 ; regularity = -1.571E+04 ]
2021-07-24 19:59:37,244 - deformetrica.core.estimators.gradient_ascent - INFO - >> Step size and gradient norm: 
2021-07-24 19:59:37,245 - deformetrica.core.estimators.gradient_ascent - INFO - 		6.746E-04   and   1.962E+03 	[ landmark_points ]
2021-07-24 19:59:37,247 - deformetrica.core.estimators.gradient_ascent - INFO - 		3.890E-03   and   7.585E+02 	[ momenta ]
2021-07-24 19:59:38,436 - deformetrica.core.estimators.gradient_ascent - INFO - >> Step size and gradient norm: 
2021-07-24 19:59:38,438 - deformetrica.core.estimators.gradient_ascent - INFO - 		3.373E-04   and   1.962E+03 	[ landmark_points ]
2021-07-24 19:59:38,441 - deformetrica.core.estimators.gradient_ascent - INFO - 		1.945E-03   and   7.585E+02 	[ momenta ]
2021-07-24 19:59:38,841 - deformetrica.core.estimators.gradient_ascent - INFO - ------------------------------------- Iteration: 97 -------------------------------------
2021-07-24 19:59:38,842 - deformetrica.core.estimators.gradient_ascent - INFO - >> Log-likelihood = -5.135E+04 	 [ attachment = -3.557E+04 ; regularity = -1.579E+04 ]
2021-07-24 19:59:39,482 - deformetrica.core.estimators.gradient_ascent - INFO - >> Step size and gradient norm: 
2021-07-24 19:59:39,484 - deformetrica.core.estimators.gradient_ascent - INFO - 		5.059E-04   and   2.004E+03 	[ landmark_points ]
2021-07-24 19:59:39,485 - deformetrica.core.estimators.gradient_ascent - INFO - 		2.918E-03   and   8.108E+02 	[ momenta ]
2021-07-24 19:59:40,652 - deformetrica.core.estimators.gradient_ascent - INFO - ------------------------------------- Iteration: 98 -------------------------------------
2021-07-24 19:59:40,653 - deformetrica.core.estimators.gradient_ascent - INFO - >> Log-likelihood = -5.123E+04 	 [ attachment = -3.541E+04 ; regularity = -1.581E+04 ]
2021-07-24 19:59:41,372 - deformetrica.core.estimators.gradient_ascent - INFO - >> Step size and gradient norm: 
2021-07-24 19:59:41,373 - deformetrica.core.estimators.gradient_ascent - INFO - 		5.059E-04   and   2.552E+03 	[ landmark_points ]
2021-07-24 19:59:41,375 - deformetrica.core.estimators.gradient_ascent - INFO - 		1.459E-03   and   8.021E+02 	[ momenta ]
2021-07-24 19:59:41,809 - deformetrica.core.estimators.gradient_ascent - INFO - Tolerance threshold met. Stopping the optimization process.
2021-07-24 19:59:42,663 - root - INFO - >> Estimation took: 03 minutes and 04 seconds
