2021-08-03 14:56:36,571 - root - ERROR - Logger has been set to: INFO
2021-08-03 14:56:36,588 - root - INFO - OMP_NUM_THREADS was not found in environment variables. An automatic value will be set.
2021-08-03 14:56:36,594 - root - INFO - OMP_NUM_THREADS will be set to 2
2021-08-03 14:56:36,596 - root - INFO - >> No specified state-file. By default, Deformetrica state will by saved in file: output/deformetrica-state.p.
2021-08-03 14:56:36,599 - root - INFO - >> Removing the pre-existing state file with same path.
2021-08-03 14:56:36,626 - deformetrica.core.models.model_functions - INFO - >> Reading 200 initial control points from file images/mask_initial_control_points/mask_03_initial_control_points.txt.
2021-08-03 14:56:36,629 - deformetrica.core.models.model_functions - INFO - >> Momenta initialized to zero, for 5 subjects.
2021-08-03 14:56:36,631 - root - INFO - >> Started estimator: GradientAscent
2021-08-03 14:56:37,416 - deformetrica.core.estimators.gradient_ascent - INFO - ------------------------------------- Iteration: 0 -------------------------------------
2021-08-03 14:56:37,417 - deformetrica.core.estimators.gradient_ascent - INFO - >> Log-likelihood = -1.654E+07 	 [ attachment = -1.654E+07 ; regularity = 0.000E+00 ]
2021-08-03 14:56:37,419 - deformetrica.core.estimators.gradient_ascent - INFO - >> Step size and gradient norm: 
2021-08-03 14:56:37,421 - deformetrica.core.estimators.gradient_ascent - INFO - 		1.065E-06   and   9.390E+05 	[ landmark_points ]
2021-08-03 14:56:37,422 - deformetrica.core.estimators.gradient_ascent - INFO - 		3.037E-06   and   3.293E+05 	[ momenta ]
2021-08-03 14:56:37,889 - deformetrica.core.estimators.gradient_ascent - INFO - ------------------------------------- Iteration: 1 -------------------------------------
2021-08-03 14:56:37,890 - deformetrica.core.estimators.gradient_ascent - INFO - >> Log-likelihood = -1.606E+07 	 [ attachment = -1.606E+07 ; regularity = -1.820E+00 ]
2021-08-03 14:56:38,611 - deformetrica.core.estimators.gradient_ascent - INFO - >> Step size and gradient norm: 
2021-08-03 14:56:38,613 - deformetrica.core.estimators.gradient_ascent - INFO - 		1.597E-06   and   9.091E+05 	[ landmark_points ]
2021-08-03 14:56:38,615 - deformetrica.core.estimators.gradient_ascent - INFO - 		4.556E-06   and   3.224E+05 	[ momenta ]
2021-08-03 14:56:39,043 - deformetrica.core.estimators.gradient_ascent - INFO - ------------------------------------- Iteration: 2 -------------------------------------
2021-08-03 14:56:39,044 - deformetrica.core.estimators.gradient_ascent - INFO - >> Log-likelihood = -1.536E+07 	 [ attachment = -1.536E+07 ; regularity = -1.109E+01 ]
2021-08-03 14:56:39,758 - deformetrica.core.estimators.gradient_ascent - INFO - >> Step size and gradient norm: 
2021-08-03 14:56:39,759 - deformetrica.core.estimators.gradient_ascent - INFO - 		2.396E-06   and   8.651E+05 	[ landmark_points ]
2021-08-03 14:56:39,760 - deformetrica.core.estimators.gradient_ascent - INFO - 		6.834E-06   and   3.124E+05 	[ momenta ]
2021-08-03 14:56:40,190 - deformetrica.core.estimators.gradient_ascent - INFO - ------------------------------------- Iteration: 3 -------------------------------------
2021-08-03 14:56:40,191 - deformetrica.core.estimators.gradient_ascent - INFO - >> Log-likelihood = -1.440E+07 	 [ attachment = -1.440E+07 ; regularity = -3.849E+01 ]
2021-08-03 14:56:40,986 - deformetrica.core.estimators.gradient_ascent - INFO - >> Step size and gradient norm: 
2021-08-03 14:56:40,988 - deformetrica.core.estimators.gradient_ascent - INFO - 		3.594E-06   and   8.013E+05 	[ landmark_points ]
2021-08-03 14:56:40,989 - deformetrica.core.estimators.gradient_ascent - INFO - 		1.025E-05   and   2.978E+05 	[ momenta ]
2021-08-03 14:56:41,427 - deformetrica.core.estimators.gradient_ascent - INFO - ------------------------------------- Iteration: 4 -------------------------------------
2021-08-03 14:56:41,428 - deformetrica.core.estimators.gradient_ascent - INFO - >> Log-likelihood = -1.312E+07 	 [ attachment = -1.312E+07 ; regularity = -1.062E+02 ]
2021-08-03 14:56:42,105 - deformetrica.core.estimators.gradient_ascent - INFO - >> Step size and gradient norm: 
2021-08-03 14:56:42,106 - deformetrica.core.estimators.gradient_ascent - INFO - 		5.391E-06   and   7.111E+05 	[ landmark_points ]
2021-08-03 14:56:42,107 - deformetrica.core.estimators.gradient_ascent - INFO - 		1.538E-05   and   2.769E+05 	[ momenta ]
2021-08-03 14:56:42,581 - deformetrica.core.estimators.gradient_ascent - INFO - ------------------------------------- Iteration: 5 -------------------------------------
2021-08-03 14:56:42,582 - deformetrica.core.estimators.gradient_ascent - INFO - >> Log-likelihood = -1.153E+07 	 [ attachment = -1.153E+07 ; regularity = -2.559E+02 ]
2021-08-03 14:56:43,281 - deformetrica.core.estimators.gradient_ascent - INFO - >> Step size and gradient norm: 
2021-08-03 14:56:43,282 - deformetrica.core.estimators.gradient_ascent - INFO - 		8.087E-06   and   5.904E+05 	[ landmark_points ]
2021-08-03 14:56:43,283 - deformetrica.core.estimators.gradient_ascent - INFO - 		2.306E-05   and   2.483E+05 	[ momenta ]
2021-08-03 14:56:43,702 - deformetrica.core.estimators.gradient_ascent - INFO - ------------------------------------- Iteration: 6 -------------------------------------
2021-08-03 14:56:43,704 - deformetrica.core.estimators.gradient_ascent - INFO - >> Log-likelihood = -9.717E+06 	 [ attachment = -9.716E+06 ; regularity = -5.562E+02 ]
2021-08-03 14:56:44,405 - deformetrica.core.estimators.gradient_ascent - INFO - >> Step size and gradient norm: 
2021-08-03 14:56:44,406 - deformetrica.core.estimators.gradient_ascent - INFO - 		1.213E-05   and   4.439E+05 	[ landmark_points ]
2021-08-03 14:56:44,407 - deformetrica.core.estimators.gradient_ascent - INFO - 		3.460E-05   and   2.116E+05 	[ momenta ]
2021-08-03 14:56:44,862 - deformetrica.core.estimators.gradient_ascent - INFO - ------------------------------------- Iteration: 7 -------------------------------------
2021-08-03 14:56:44,863 - deformetrica.core.estimators.gradient_ascent - INFO - >> Log-likelihood = -7.881E+06 	 [ attachment = -7.880E+06 ; regularity = -1.095E+03 ]
2021-08-03 14:56:45,542 - deformetrica.core.estimators.gradient_ascent - INFO - >> Step size and gradient norm: 
2021-08-03 14:56:45,543 - deformetrica.core.estimators.gradient_ascent - INFO - 		1.820E-05   and   2.938E+05 	[ landmark_points ]
2021-08-03 14:56:45,544 - deformetrica.core.estimators.gradient_ascent - INFO - 		5.189E-05   and   1.694E+05 	[ momenta ]
2021-08-03 14:56:46,004 - deformetrica.core.estimators.gradient_ascent - INFO - ------------------------------------- Iteration: 8 -------------------------------------
2021-08-03 14:56:46,005 - deformetrica.core.estimators.gradient_ascent - INFO - >> Log-likelihood = -6.265E+06 	 [ attachment = -6.263E+06 ; regularity = -1.938E+03 ]
2021-08-03 14:56:46,677 - deformetrica.core.estimators.gradient_ascent - INFO - >> Step size and gradient norm: 
2021-08-03 14:56:46,678 - deformetrica.core.estimators.gradient_ascent - INFO - 		2.729E-05   and   1.737E+05 	[ landmark_points ]
2021-08-03 14:56:46,679 - deformetrica.core.estimators.gradient_ascent - INFO - 		7.784E-05   and   1.262E+05 	[ momenta ]
2021-08-03 14:56:47,137 - deformetrica.core.estimators.gradient_ascent - INFO - ------------------------------------- Iteration: 9 -------------------------------------
2021-08-03 14:56:47,138 - deformetrica.core.estimators.gradient_ascent - INFO - >> Log-likelihood = -5.040E+06 	 [ attachment = -5.037E+06 ; regularity = -3.050E+03 ]
2021-08-03 14:56:47,828 - deformetrica.core.estimators.gradient_ascent - INFO - >> Step size and gradient norm: 
2021-08-03 14:56:47,830 - deformetrica.core.estimators.gradient_ascent - INFO - 		4.094E-05   and   1.164E+05 	[ landmark_points ]
2021-08-03 14:56:47,831 - deformetrica.core.estimators.gradient_ascent - INFO - 		1.168E-04   and   8.881E+04 	[ momenta ]
2021-08-03 14:56:48,258 - deformetrica.core.estimators.gradient_ascent - INFO - ------------------------------------- Iteration: 10 -------------------------------------
2021-08-03 14:56:48,259 - deformetrica.core.estimators.gradient_ascent - INFO - >> Log-likelihood = -4.106E+06 	 [ attachment = -4.101E+06 ; regularity = -4.254E+03 ]
2021-08-03 14:56:49,000 - deformetrica.core.estimators.gradient_ascent - INFO - >> Step size and gradient norm: 
2021-08-03 14:56:49,001 - deformetrica.core.estimators.gradient_ascent - INFO - 		6.141E-05   and   9.483E+04 	[ landmark_points ]
2021-08-03 14:56:49,002 - deformetrica.core.estimators.gradient_ascent - INFO - 		1.751E-04   and   6.947E+04 	[ momenta ]
2021-08-03 14:56:49,562 - deformetrica.core.estimators.gradient_ascent - INFO - ------------------------------------- Iteration: 11 -------------------------------------
2021-08-03 14:56:49,563 - deformetrica.core.estimators.gradient_ascent - INFO - >> Log-likelihood = -3.301E+06 	 [ attachment = -3.295E+06 ; regularity = -5.618E+03 ]
2021-08-03 14:56:50,326 - deformetrica.core.estimators.gradient_ascent - INFO - >> Step size and gradient norm: 
2021-08-03 14:56:50,327 - deformetrica.core.estimators.gradient_ascent - INFO - 		9.212E-05   and   9.266E+04 	[ landmark_points ]
2021-08-03 14:56:50,328 - deformetrica.core.estimators.gradient_ascent - INFO - 		2.627E-04   and   5.560E+04 	[ momenta ]
2021-08-03 14:56:50,788 - deformetrica.core.estimators.gradient_ascent - INFO - ------------------------------------- Iteration: 12 -------------------------------------
2021-08-03 14:56:50,789 - deformetrica.core.estimators.gradient_ascent - INFO - >> Log-likelihood = -2.912E+06 	 [ attachment = -2.904E+06 ; regularity = -7.493E+03 ]
2021-08-03 14:56:51,487 - deformetrica.core.estimators.gradient_ascent - INFO - >> Step size and gradient norm: 
2021-08-03 14:56:51,488 - deformetrica.core.estimators.gradient_ascent - INFO - 		1.382E-04   and   2.230E+05 	[ landmark_points ]
2021-08-03 14:56:51,490 - deformetrica.core.estimators.gradient_ascent - INFO - 		3.941E-04   and   9.674E+04 	[ momenta ]
2021-08-03 14:56:52,782 - deformetrica.core.estimators.gradient_ascent - INFO - >> Step size and gradient norm: 
2021-08-03 14:56:52,784 - deformetrica.core.estimators.gradient_ascent - INFO - 		6.909E-05   and   2.230E+05 	[ landmark_points ]
2021-08-03 14:56:52,812 - deformetrica.core.estimators.gradient_ascent - INFO - 		1.970E-04   and   9.674E+04 	[ momenta ]
2021-08-03 14:56:54,163 - deformetrica.core.estimators.gradient_ascent - INFO - >> Step size and gradient norm: 
2021-08-03 14:56:54,164 - deformetrica.core.estimators.gradient_ascent - INFO - 		3.454E-05   and   2.230E+05 	[ landmark_points ]
2021-08-03 14:56:54,165 - deformetrica.core.estimators.gradient_ascent - INFO - 		9.852E-05   and   9.674E+04 	[ momenta ]
2021-08-03 14:56:54,597 - deformetrica.core.estimators.gradient_ascent - INFO - ------------------------------------- Iteration: 13 -------------------------------------
2021-08-03 14:56:54,598 - deformetrica.core.estimators.gradient_ascent - INFO - >> Log-likelihood = -2.590E+06 	 [ attachment = -2.583E+06 ; regularity = -7.691E+03 ]
2021-08-03 14:56:55,287 - deformetrica.core.estimators.gradient_ascent - INFO - >> Step size and gradient norm: 
2021-08-03 14:56:55,288 - deformetrica.core.estimators.gradient_ascent - INFO - 		5.182E-05   and   2.336E+05 	[ landmark_points ]
2021-08-03 14:56:55,290 - deformetrica.core.estimators.gradient_ascent - INFO - 		1.478E-04   and   8.139E+04 	[ momenta ]
2021-08-03 14:56:56,585 - deformetrica.core.estimators.gradient_ascent - INFO - >> Step size and gradient norm: 
2021-08-03 14:56:56,586 - deformetrica.core.estimators.gradient_ascent - INFO - 		2.591E-05   and   2.336E+05 	[ landmark_points ]
2021-08-03 14:56:56,588 - deformetrica.core.estimators.gradient_ascent - INFO - 		7.389E-05   and   8.139E+04 	[ momenta ]
2021-08-03 14:56:57,091 - deformetrica.core.estimators.gradient_ascent - INFO - ------------------------------------- Iteration: 14 -------------------------------------
2021-08-03 14:56:57,092 - deformetrica.core.estimators.gradient_ascent - INFO - >> Log-likelihood = -2.348E+06 	 [ attachment = -2.340E+06 ; regularity = -8.096E+03 ]
2021-08-03 14:56:58,058 - deformetrica.core.estimators.gradient_ascent - INFO - >> Step size and gradient norm: 
2021-08-03 14:56:58,060 - deformetrica.core.estimators.gradient_ascent - INFO - 		3.886E-05   and   1.756E+05 	[ landmark_points ]
2021-08-03 14:56:58,088 - deformetrica.core.estimators.gradient_ascent - INFO - 		1.108E-04   and   6.845E+04 	[ momenta ]
2021-08-03 14:56:59,829 - deformetrica.core.estimators.gradient_ascent - INFO - ------------------------------------- Iteration: 15 -------------------------------------
2021-08-03 14:56:59,830 - deformetrica.core.estimators.gradient_ascent - INFO - >> Log-likelihood = -2.294E+06 	 [ attachment = -2.286E+06 ; regularity = -8.254E+03 ]
2021-08-03 14:57:01,460 - deformetrica.core.estimators.gradient_ascent - INFO - >> Step size and gradient norm: 
2021-08-03 14:57:01,462 - deformetrica.core.estimators.gradient_ascent - INFO - 		3.886E-05   and   2.105E+05 	[ landmark_points ]
2021-08-03 14:57:01,463 - deformetrica.core.estimators.gradient_ascent - INFO - 		5.542E-05   and   7.703E+04 	[ momenta ]
2021-08-03 14:57:03,179 - deformetrica.core.estimators.gradient_ascent - INFO - ------------------------------------- Iteration: 16 -------------------------------------
2021-08-03 14:57:03,181 - deformetrica.core.estimators.gradient_ascent - INFO - >> Log-likelihood = -2.121E+06 	 [ attachment = -2.112E+06 ; regularity = -8.524E+03 ]
2021-08-03 14:57:04,015 - deformetrica.core.estimators.gradient_ascent - INFO - >> Step size and gradient norm: 
2021-08-03 14:57:04,016 - deformetrica.core.estimators.gradient_ascent - INFO - 		1.943E-05   and   1.348E+05 	[ landmark_points ]
2021-08-03 14:57:04,018 - deformetrica.core.estimators.gradient_ascent - INFO - 		5.542E-05   and   5.928E+04 	[ momenta ]
2021-08-03 14:57:04,508 - deformetrica.core.estimators.gradient_ascent - INFO - ------------------------------------- Iteration: 17 -------------------------------------
2021-08-03 14:57:04,509 - deformetrica.core.estimators.gradient_ascent - INFO - >> Log-likelihood = -2.015E+06 	 [ attachment = -2.007E+06 ; regularity = -8.685E+03 ]
2021-08-03 14:57:05,785 - deformetrica.core.estimators.gradient_ascent - INFO - >> Step size and gradient norm: 
2021-08-03 14:57:05,787 - deformetrica.core.estimators.gradient_ascent - INFO - 		2.915E-05   and   1.058E+05 	[ landmark_points ]
2021-08-03 14:57:05,789 - deformetrica.core.estimators.gradient_ascent - INFO - 		8.312E-05   and   4.766E+04 	[ momenta ]
2021-08-03 14:57:06,570 - deformetrica.core.estimators.gradient_ascent - INFO - ------------------------------------- Iteration: 18 -------------------------------------
2021-08-03 14:57:06,571 - deformetrica.core.estimators.gradient_ascent - INFO - >> Log-likelihood = -1.968E+06 	 [ attachment = -1.959E+06 ; regularity = -9.013E+03 ]
2021-08-03 14:57:07,336 - deformetrica.core.estimators.gradient_ascent - INFO - >> Step size and gradient norm: 
2021-08-03 14:57:07,338 - deformetrica.core.estimators.gradient_ascent - INFO - 		4.372E-05   and   1.674E+05 	[ landmark_points ]
2021-08-03 14:57:07,340 - deformetrica.core.estimators.gradient_ascent - INFO - 		1.247E-04   and   6.633E+04 	[ momenta ]
2021-08-03 14:57:09,678 - deformetrica.core.estimators.gradient_ascent - INFO - >> Step size and gradient norm: 
2021-08-03 14:57:09,680 - deformetrica.core.estimators.gradient_ascent - INFO - 		2.186E-05   and   1.674E+05 	[ landmark_points ]
2021-08-03 14:57:09,681 - deformetrica.core.estimators.gradient_ascent - INFO - 		6.234E-05   and   6.633E+04 	[ momenta ]
2021-08-03 14:57:10,379 - deformetrica.core.estimators.gradient_ascent - INFO - ------------------------------------- Iteration: 19 -------------------------------------
2021-08-03 14:57:10,380 - deformetrica.core.estimators.gradient_ascent - INFO - >> Log-likelihood = -1.901E+06 	 [ attachment = -1.892E+06 ; regularity = -9.187E+03 ]
2021-08-03 14:57:11,172 - deformetrica.core.estimators.gradient_ascent - INFO - >> Step size and gradient norm: 
2021-08-03 14:57:11,173 - deformetrica.core.estimators.gradient_ascent - INFO - 		3.279E-05   and   1.680E+05 	[ landmark_points ]
2021-08-03 14:57:11,174 - deformetrica.core.estimators.gradient_ascent - INFO - 		9.351E-05   and   6.531E+04 	[ momenta ]
2021-08-03 14:57:12,621 - deformetrica.core.estimators.gradient_ascent - INFO - ------------------------------------- Iteration: 20 -------------------------------------
2021-08-03 14:57:12,622 - deformetrica.core.estimators.gradient_ascent - INFO - >> Log-likelihood = -1.867E+06 	 [ attachment = -1.858E+06 ; regularity = -9.351E+03 ]
2021-08-03 14:57:13,489 - deformetrica.core.estimators.gradient_ascent - INFO - >> Step size and gradient norm: 
2021-08-03 14:57:13,490 - deformetrica.core.estimators.gradient_ascent - INFO - 		3.279E-05   and   1.955E+05 	[ landmark_points ]
2021-08-03 14:57:13,492 - deformetrica.core.estimators.gradient_ascent - INFO - 		4.676E-05   and   6.770E+04 	[ momenta ]
2021-08-03 14:57:14,071 - deformetrica.core.estimators.gradient_ascent - INFO - ------------------------------------- Iteration: 21 -------------------------------------
2021-08-03 14:57:14,072 - deformetrica.core.estimators.gradient_ascent - INFO - >> Log-likelihood = -1.848E+06 	 [ attachment = -1.839E+06 ; regularity = -9.479E+03 ]
2021-08-03 14:57:14,902 - deformetrica.core.estimators.gradient_ascent - INFO - >> Step size and gradient norm: 
2021-08-03 14:57:14,903 - deformetrica.core.estimators.gradient_ascent - INFO - 		4.918E-05   and   2.169E+05 	[ landmark_points ]
2021-08-03 14:57:14,905 - deformetrica.core.estimators.gradient_ascent - INFO - 		7.014E-05   and   7.376E+04 	[ momenta ]
2021-08-03 14:57:16,648 - deformetrica.core.estimators.gradient_ascent - INFO - >> Step size and gradient norm: 
2021-08-03 14:57:16,649 - deformetrica.core.estimators.gradient_ascent - INFO - 		2.459E-05   and   2.169E+05 	[ landmark_points ]
2021-08-03 14:57:16,650 - deformetrica.core.estimators.gradient_ascent - INFO - 		3.507E-05   and   7.376E+04 	[ momenta ]
2021-08-03 14:57:17,260 - deformetrica.core.estimators.gradient_ascent - INFO - ------------------------------------- Iteration: 22 -------------------------------------
2021-08-03 14:57:17,261 - deformetrica.core.estimators.gradient_ascent - INFO - >> Log-likelihood = -1.734E+06 	 [ attachment = -1.725E+06 ; regularity = -9.593E+03 ]
2021-08-03 14:57:18,092 - deformetrica.core.estimators.gradient_ascent - INFO - >> Step size and gradient norm: 
2021-08-03 14:57:18,094 - deformetrica.core.estimators.gradient_ascent - INFO - 		3.689E-05   and   1.319E+05 	[ landmark_points ]
2021-08-03 14:57:18,095 - deformetrica.core.estimators.gradient_ascent - INFO - 		5.260E-05   and   4.774E+04 	[ momenta ]
2021-08-03 14:57:19,482 - deformetrica.core.estimators.gradient_ascent - INFO - ------------------------------------- Iteration: 23 -------------------------------------
2021-08-03 14:57:19,483 - deformetrica.core.estimators.gradient_ascent - INFO - >> Log-likelihood = -1.676E+06 	 [ attachment = -1.666E+06 ; regularity = -9.734E+03 ]
2021-08-03 14:57:20,222 - deformetrica.core.estimators.gradient_ascent - INFO - >> Step size and gradient norm: 
2021-08-03 14:57:20,224 - deformetrica.core.estimators.gradient_ascent - INFO - 		1.844E-05   and   8.682E+04 	[ landmark_points ]
2021-08-03 14:57:20,252 - deformetrica.core.estimators.gradient_ascent - INFO - 		5.260E-05   and   3.850E+04 	[ momenta ]
2021-08-03 14:57:20,767 - deformetrica.core.estimators.gradient_ascent - INFO - ------------------------------------- Iteration: 24 -------------------------------------
2021-08-03 14:57:20,768 - deformetrica.core.estimators.gradient_ascent - INFO - >> Log-likelihood = -1.633E+06 	 [ attachment = -1.623E+06 ; regularity = -9.878E+03 ]
2021-08-03 14:57:21,528 - deformetrica.core.estimators.gradient_ascent - INFO - >> Step size and gradient norm: 
2021-08-03 14:57:21,530 - deformetrica.core.estimators.gradient_ascent - INFO - 		2.767E-05   and   6.664E+04 	[ landmark_points ]
2021-08-03 14:57:21,531 - deformetrica.core.estimators.gradient_ascent - INFO - 		7.890E-05   and   3.150E+04 	[ momenta ]
2021-08-03 14:57:22,075 - deformetrica.core.estimators.gradient_ascent - INFO - ------------------------------------- Iteration: 25 -------------------------------------
2021-08-03 14:57:22,077 - deformetrica.core.estimators.gradient_ascent - INFO - >> Log-likelihood = -1.611E+06 	 [ attachment = -1.601E+06 ; regularity = -1.008E+04 ]
2021-08-03 14:57:22,827 - deformetrica.core.estimators.gradient_ascent - INFO - >> Step size and gradient norm: 
2021-08-03 14:57:22,828 - deformetrica.core.estimators.gradient_ascent - INFO - 		4.150E-05   and   1.020E+05 	[ landmark_points ]
2021-08-03 14:57:22,829 - deformetrica.core.estimators.gradient_ascent - INFO - 		1.184E-04   and   4.197E+04 	[ momenta ]
2021-08-03 14:57:24,223 - deformetrica.core.estimators.gradient_ascent - INFO - >> Step size and gradient norm: 
2021-08-03 14:57:24,225 - deformetrica.core.estimators.gradient_ascent - INFO - 		2.075E-05   and   1.020E+05 	[ landmark_points ]
2021-08-03 14:57:24,226 - deformetrica.core.estimators.gradient_ascent - INFO - 		5.918E-05   and   4.197E+04 	[ momenta ]
2021-08-03 14:57:24,746 - deformetrica.core.estimators.gradient_ascent - INFO - ------------------------------------- Iteration: 26 -------------------------------------
2021-08-03 14:57:24,747 - deformetrica.core.estimators.gradient_ascent - INFO - >> Log-likelihood = -1.578E+06 	 [ attachment = -1.568E+06 ; regularity = -1.023E+04 ]
2021-08-03 14:57:25,554 - deformetrica.core.estimators.gradient_ascent - INFO - >> Step size and gradient norm: 
2021-08-03 14:57:25,556 - deformetrica.core.estimators.gradient_ascent - INFO - 		3.112E-05   and   9.898E+04 	[ landmark_points ]
2021-08-03 14:57:25,584 - deformetrica.core.estimators.gradient_ascent - INFO - 		8.876E-05   and   4.017E+04 	[ momenta ]
2021-08-03 14:57:27,184 - deformetrica.core.estimators.gradient_ascent - INFO - ------------------------------------- Iteration: 27 -------------------------------------
2021-08-03 14:57:27,185 - deformetrica.core.estimators.gradient_ascent - INFO - >> Log-likelihood = -1.558E+06 	 [ attachment = -1.548E+06 ; regularity = -1.032E+04 ]
2021-08-03 14:57:27,948 - deformetrica.core.estimators.gradient_ascent - INFO - >> Step size and gradient norm: 
2021-08-03 14:57:27,949 - deformetrica.core.estimators.gradient_ascent - INFO - 		3.112E-05   and   1.085E+05 	[ landmark_points ]
2021-08-03 14:57:27,951 - deformetrica.core.estimators.gradient_ascent - INFO - 		4.438E-05   and   4.033E+04 	[ momenta ]
2021-08-03 14:57:28,401 - deformetrica.core.estimators.gradient_ascent - INFO - ------------------------------------- Iteration: 28 -------------------------------------
2021-08-03 14:57:28,402 - deformetrica.core.estimators.gradient_ascent - INFO - >> Log-likelihood = -1.540E+06 	 [ attachment = -1.530E+06 ; regularity = -1.043E+04 ]
2021-08-03 14:57:29,253 - deformetrica.core.estimators.gradient_ascent - INFO - >> Step size and gradient norm: 
2021-08-03 14:57:29,254 - deformetrica.core.estimators.gradient_ascent - INFO - 		4.669E-05   and   1.154E+05 	[ landmark_points ]
2021-08-03 14:57:29,255 - deformetrica.core.estimators.gradient_ascent - INFO - 		6.657E-05   and   4.222E+04 	[ momenta ]
2021-08-03 14:57:31,693 - deformetrica.core.estimators.gradient_ascent - INFO - ------------------------------------- Iteration: 29 -------------------------------------
2021-08-03 14:57:31,694 - deformetrica.core.estimators.gradient_ascent - INFO - >> Log-likelihood = -1.522E+06 	 [ attachment = -1.512E+06 ; regularity = -1.058E+04 ]
2021-08-03 14:57:32,907 - deformetrica.core.estimators.gradient_ascent - INFO - >> Step size and gradient norm: 
2021-08-03 14:57:32,909 - deformetrica.core.estimators.gradient_ascent - INFO - 		2.334E-05   and   1.295E+05 	[ landmark_points ]
2021-08-03 14:57:32,910 - deformetrica.core.estimators.gradient_ascent - INFO - 		6.657E-05   and   4.980E+04 	[ momenta ]
2021-08-03 14:57:33,445 - deformetrica.core.estimators.gradient_ascent - INFO - ------------------------------------- Iteration: 30 -------------------------------------
2021-08-03 14:57:33,446 - deformetrica.core.estimators.gradient_ascent - INFO - >> Log-likelihood = -1.513E+06 	 [ attachment = -1.502E+06 ; regularity = -1.073E+04 ]
2021-08-03 14:57:34,289 - deformetrica.core.estimators.gradient_ascent - INFO - >> Step size and gradient norm: 
2021-08-03 14:57:34,291 - deformetrica.core.estimators.gradient_ascent - INFO - 		3.501E-05   and   1.534E+05 	[ landmark_points ]
2021-08-03 14:57:34,292 - deformetrica.core.estimators.gradient_ascent - INFO - 		9.986E-05   and   5.752E+04 	[ momenta ]
2021-08-03 14:57:36,599 - deformetrica.core.estimators.gradient_ascent - INFO - >> Step size and gradient norm: 
2021-08-03 14:57:36,600 - deformetrica.core.estimators.gradient_ascent - INFO - 		1.751E-05   and   1.534E+05 	[ landmark_points ]
2021-08-03 14:57:36,602 - deformetrica.core.estimators.gradient_ascent - INFO - 		4.993E-05   and   5.752E+04 	[ momenta ]
2021-08-03 14:57:37,174 - deformetrica.core.estimators.gradient_ascent - INFO - ------------------------------------- Iteration: 31 -------------------------------------
2021-08-03 14:57:37,175 - deformetrica.core.estimators.gradient_ascent - INFO - >> Log-likelihood = -1.444E+06 	 [ attachment = -1.433E+06 ; regularity = -1.083E+04 ]
2021-08-03 14:57:37,938 - deformetrica.core.estimators.gradient_ascent - INFO - >> Step size and gradient norm: 
2021-08-03 14:57:37,939 - deformetrica.core.estimators.gradient_ascent - INFO - 		2.626E-05   and   9.726E+04 	[ landmark_points ]
2021-08-03 14:57:37,941 - deformetrica.core.estimators.gradient_ascent - INFO - 		7.490E-05   and   4.058E+04 	[ momenta ]
2021-08-03 14:57:38,432 - deformetrica.core.estimators.gradient_ascent - INFO - ------------------------------------- Iteration: 32 -------------------------------------
2021-08-03 14:57:38,433 - deformetrica.core.estimators.gradient_ascent - INFO - >> Log-likelihood = -1.438E+06 	 [ attachment = -1.427E+06 ; regularity = -1.099E+04 ]
2021-08-03 14:57:39,235 - deformetrica.core.estimators.gradient_ascent - INFO - >> Step size and gradient norm: 
2021-08-03 14:57:39,237 - deformetrica.core.estimators.gradient_ascent - INFO - 		3.939E-05   and   1.424E+05 	[ landmark_points ]
2021-08-03 14:57:39,238 - deformetrica.core.estimators.gradient_ascent - INFO - 		1.123E-04   and   5.449E+04 	[ momenta ]
2021-08-03 14:57:40,701 - deformetrica.core.estimators.gradient_ascent - INFO - >> Step size and gradient norm: 
2021-08-03 14:57:40,702 - deformetrica.core.estimators.gradient_ascent - INFO - 		1.970E-05   and   1.424E+05 	[ landmark_points ]
2021-08-03 14:57:40,704 - deformetrica.core.estimators.gradient_ascent - INFO - 		5.617E-05   and   5.449E+04 	[ momenta ]
2021-08-03 14:57:41,197 - deformetrica.core.estimators.gradient_ascent - INFO - ------------------------------------- Iteration: 33 -------------------------------------
2021-08-03 14:57:41,198 - deformetrica.core.estimators.gradient_ascent - INFO - >> Log-likelihood = -1.389E+06 	 [ attachment = -1.378E+06 ; regularity = -1.111E+04 ]
2021-08-03 14:57:41,954 - deformetrica.core.estimators.gradient_ascent - INFO - >> Step size and gradient norm: 
2021-08-03 14:57:41,955 - deformetrica.core.estimators.gradient_ascent - INFO - 		2.954E-05   and   1.196E+05 	[ landmark_points ]
2021-08-03 14:57:41,956 - deformetrica.core.estimators.gradient_ascent - INFO - 		8.426E-05   and   4.739E+04 	[ momenta ]
2021-08-03 14:57:43,414 - deformetrica.core.estimators.gradient_ascent - INFO - ------------------------------------- Iteration: 34 -------------------------------------
2021-08-03 14:57:43,415 - deformetrica.core.estimators.gradient_ascent - INFO - >> Log-likelihood = -1.360E+06 	 [ attachment = -1.348E+06 ; regularity = -1.119E+04 ]
2021-08-03 14:57:44,163 - deformetrica.core.estimators.gradient_ascent - INFO - >> Step size and gradient norm: 
2021-08-03 14:57:44,164 - deformetrica.core.estimators.gradient_ascent - INFO - 		2.954E-05   and   1.189E+05 	[ landmark_points ]
2021-08-03 14:57:44,166 - deformetrica.core.estimators.gradient_ascent - INFO - 		4.213E-05   and   4.274E+04 	[ momenta ]
2021-08-03 14:57:44,630 - deformetrica.core.estimators.gradient_ascent - INFO - ------------------------------------- Iteration: 35 -------------------------------------
2021-08-03 14:57:44,631 - deformetrica.core.estimators.gradient_ascent - INFO - >> Log-likelihood = -1.334E+06 	 [ attachment = -1.323E+06 ; regularity = -1.127E+04 ]
2021-08-03 14:57:45,431 - deformetrica.core.estimators.gradient_ascent - INFO - >> Step size and gradient norm: 
2021-08-03 14:57:45,433 - deformetrica.core.estimators.gradient_ascent - INFO - 		4.432E-05   and   1.116E+05 	[ landmark_points ]
2021-08-03 14:57:45,434 - deformetrica.core.estimators.gradient_ascent - INFO - 		6.319E-05   and   4.126E+04 	[ momenta ]
2021-08-03 14:57:47,121 - deformetrica.core.estimators.gradient_ascent - INFO - ------------------------------------- Iteration: 36 -------------------------------------
2021-08-03 14:57:47,122 - deformetrica.core.estimators.gradient_ascent - INFO - >> Log-likelihood = -1.313E+06 	 [ attachment = -1.302E+06 ; regularity = -1.139E+04 ]
2021-08-03 14:57:47,905 - deformetrica.core.estimators.gradient_ascent - INFO - >> Step size and gradient norm: 
2021-08-03 14:57:47,906 - deformetrica.core.estimators.gradient_ascent - INFO - 		2.216E-05   and   1.158E+05 	[ landmark_points ]
2021-08-03 14:57:47,908 - deformetrica.core.estimators.gradient_ascent - INFO - 		6.319E-05   and   4.384E+04 	[ momenta ]
2021-08-03 14:57:48,460 - deformetrica.core.estimators.gradient_ascent - INFO - ------------------------------------- Iteration: 37 -------------------------------------
2021-08-03 14:57:48,461 - deformetrica.core.estimators.gradient_ascent - INFO - >> Log-likelihood = -1.298E+06 	 [ attachment = -1.286E+06 ; regularity = -1.150E+04 ]
2021-08-03 14:57:49,352 - deformetrica.core.estimators.gradient_ascent - INFO - >> Step size and gradient norm: 
2021-08-03 14:57:49,354 - deformetrica.core.estimators.gradient_ascent - INFO - 		3.324E-05   and   1.231E+05 	[ landmark_points ]
2021-08-03 14:57:49,355 - deformetrica.core.estimators.gradient_ascent - INFO - 		9.479E-05   and   4.665E+04 	[ momenta ]
2021-08-03 14:57:50,946 - deformetrica.core.estimators.gradient_ascent - INFO - >> Step size and gradient norm: 
2021-08-03 14:57:50,947 - deformetrica.core.estimators.gradient_ascent - INFO - 		1.662E-05   and   1.231E+05 	[ landmark_points ]
2021-08-03 14:57:50,949 - deformetrica.core.estimators.gradient_ascent - INFO - 		4.739E-05   and   4.665E+04 	[ momenta ]
2021-08-03 14:57:51,437 - deformetrica.core.estimators.gradient_ascent - INFO - ------------------------------------- Iteration: 38 -------------------------------------
2021-08-03 14:57:51,438 - deformetrica.core.estimators.gradient_ascent - INFO - >> Log-likelihood = -1.252E+06 	 [ attachment = -1.240E+06 ; regularity = -1.158E+04 ]
2021-08-03 14:57:52,224 - deformetrica.core.estimators.gradient_ascent - INFO - >> Step size and gradient norm: 
2021-08-03 14:57:52,226 - deformetrica.core.estimators.gradient_ascent - INFO - 		2.493E-05   and   7.091E+04 	[ landmark_points ]
2021-08-03 14:57:52,227 - deformetrica.core.estimators.gradient_ascent - INFO - 		7.109E-05   and   2.929E+04 	[ momenta ]
2021-08-03 14:57:52,728 - deformetrica.core.estimators.gradient_ascent - INFO - ------------------------------------- Iteration: 39 -------------------------------------
2021-08-03 14:57:52,731 - deformetrica.core.estimators.gradient_ascent - INFO - >> Log-likelihood = -1.244E+06 	 [ attachment = -1.232E+06 ; regularity = -1.169E+04 ]
2021-08-03 14:57:53,504 - deformetrica.core.estimators.gradient_ascent - INFO - >> Step size and gradient norm: 
2021-08-03 14:57:53,505 - deformetrica.core.estimators.gradient_ascent - INFO - 		3.739E-05   and   9.441E+04 	[ landmark_points ]
2021-08-03 14:57:53,532 - deformetrica.core.estimators.gradient_ascent - INFO - 		1.066E-04   and   3.670E+04 	[ momenta ]
2021-08-03 14:57:54,941 - deformetrica.core.estimators.gradient_ascent - INFO - >> Step size and gradient norm: 
2021-08-03 14:57:54,942 - deformetrica.core.estimators.gradient_ascent - INFO - 		1.870E-05   and   9.441E+04 	[ landmark_points ]
2021-08-03 14:57:54,944 - deformetrica.core.estimators.gradient_ascent - INFO - 		5.332E-05   and   3.670E+04 	[ momenta ]
2021-08-03 14:57:55,441 - deformetrica.core.estimators.gradient_ascent - INFO - ------------------------------------- Iteration: 40 -------------------------------------
2021-08-03 14:57:55,444 - deformetrica.core.estimators.gradient_ascent - INFO - >> Log-likelihood = -1.221E+06 	 [ attachment = -1.209E+06 ; regularity = -1.177E+04 ]
2021-08-03 14:57:56,416 - deformetrica.core.estimators.gradient_ascent - INFO - >> Step size and gradient norm: 
2021-08-03 14:57:56,419 - deformetrica.core.estimators.gradient_ascent - INFO - 		2.804E-05   and   7.363E+04 	[ landmark_points ]
2021-08-03 14:57:56,421 - deformetrica.core.estimators.gradient_ascent - INFO - 		7.998E-05   and   2.936E+04 	[ momenta ]
2021-08-03 14:57:58,156 - deformetrica.core.estimators.gradient_ascent - INFO - ------------------------------------- Iteration: 41 -------------------------------------
2021-08-03 14:57:58,157 - deformetrica.core.estimators.gradient_ascent - INFO - >> Log-likelihood = -1.205E+06 	 [ attachment = -1.193E+06 ; regularity = -1.183E+04 ]
2021-08-03 14:57:59,034 - deformetrica.core.estimators.gradient_ascent - INFO - >> Step size and gradient norm: 
2021-08-03 14:57:59,036 - deformetrica.core.estimators.gradient_ascent - INFO - 		2.804E-05   and   6.650E+04 	[ landmark_points ]
2021-08-03 14:57:59,037 - deformetrica.core.estimators.gradient_ascent - INFO - 		3.999E-05   and   2.505E+04 	[ momenta ]
2021-08-03 14:57:59,588 - deformetrica.core.estimators.gradient_ascent - INFO - ------------------------------------- Iteration: 42 -------------------------------------
2021-08-03 14:57:59,590 - deformetrica.core.estimators.gradient_ascent - INFO - >> Log-likelihood = -1.192E+06 	 [ attachment = -1.180E+06 ; regularity = -1.188E+04 ]
2021-08-03 14:58:00,470 - deformetrica.core.estimators.gradient_ascent - INFO - >> Step size and gradient norm: 
2021-08-03 14:58:00,471 - deformetrica.core.estimators.gradient_ascent - INFO - 		4.207E-05   and   5.797E+04 	[ landmark_points ]
2021-08-03 14:58:00,473 - deformetrica.core.estimators.gradient_ascent - INFO - 		5.998E-05   and   2.265E+04 	[ momenta ]
2021-08-03 14:58:01,929 - deformetrica.core.estimators.gradient_ascent - INFO - ------------------------------------- Iteration: 43 -------------------------------------
2021-08-03 14:58:01,930 - deformetrica.core.estimators.gradient_ascent - INFO - >> Log-likelihood = -1.181E+06 	 [ attachment = -1.169E+06 ; regularity = -1.197E+04 ]
2021-08-03 14:58:02,797 - deformetrica.core.estimators.gradient_ascent - INFO - >> Step size and gradient norm: 
2021-08-03 14:58:02,798 - deformetrica.core.estimators.gradient_ascent - INFO - 		2.103E-05   and   5.447E+04 	[ landmark_points ]
2021-08-03 14:58:02,799 - deformetrica.core.estimators.gradient_ascent - INFO - 		5.998E-05   and   2.269E+04 	[ momenta ]
2021-08-03 14:58:03,365 - deformetrica.core.estimators.gradient_ascent - INFO - ------------------------------------- Iteration: 44 -------------------------------------
2021-08-03 14:58:03,366 - deformetrica.core.estimators.gradient_ascent - INFO - >> Log-likelihood = -1.170E+06 	 [ attachment = -1.158E+06 ; regularity = -1.204E+04 ]
2021-08-03 14:58:04,971 - deformetrica.core.estimators.gradient_ascent - INFO - >> Step size and gradient norm: 
2021-08-03 14:58:04,972 - deformetrica.core.estimators.gradient_ascent - INFO - 		3.155E-05   and   5.471E+04 	[ landmark_points ]
2021-08-03 14:58:04,973 - deformetrica.core.estimators.gradient_ascent - INFO - 		8.998E-05   and   2.246E+04 	[ momenta ]
2021-08-03 14:58:06,580 - deformetrica.core.estimators.gradient_ascent - INFO - ------------------------------------- Iteration: 45 -------------------------------------
2021-08-03 14:58:06,582 - deformetrica.core.estimators.gradient_ascent - INFO - >> Log-likelihood = -1.161E+06 	 [ attachment = -1.149E+06 ; regularity = -1.210E+04 ]
2021-08-03 14:58:07,435 - deformetrica.core.estimators.gradient_ascent - INFO - >> Step size and gradient norm: 
2021-08-03 14:58:07,437 - deformetrica.core.estimators.gradient_ascent - INFO - 		3.155E-05   and   6.230E+04 	[ landmark_points ]
2021-08-03 14:58:07,465 - deformetrica.core.estimators.gradient_ascent - INFO - 		4.499E-05   and   2.317E+04 	[ momenta ]
2021-08-03 14:58:08,040 - deformetrica.core.estimators.gradient_ascent - INFO - ------------------------------------- Iteration: 46 -------------------------------------
2021-08-03 14:58:08,041 - deformetrica.core.estimators.gradient_ascent - INFO - >> Log-likelihood = -1.155E+06 	 [ attachment = -1.143E+06 ; regularity = -1.216E+04 ]
2021-08-03 14:58:09,051 - deformetrica.core.estimators.gradient_ascent - INFO - >> Step size and gradient norm: 
2021-08-03 14:58:09,053 - deformetrica.core.estimators.gradient_ascent - INFO - 		4.732E-05   and   6.889E+04 	[ landmark_points ]
2021-08-03 14:58:09,054 - deformetrica.core.estimators.gradient_ascent - INFO - 		6.748E-05   and   2.487E+04 	[ momenta ]
2021-08-03 14:58:10,624 - deformetrica.core.estimators.gradient_ascent - INFO - ------------------------------------- Iteration: 47 -------------------------------------
2021-08-03 14:58:10,625 - deformetrica.core.estimators.gradient_ascent - INFO - >> Log-likelihood = -1.151E+06 	 [ attachment = -1.139E+06 ; regularity = -1.224E+04 ]
2021-08-03 14:58:11,484 - deformetrica.core.estimators.gradient_ascent - INFO - >> Step size and gradient norm: 
2021-08-03 14:58:11,486 - deformetrica.core.estimators.gradient_ascent - INFO - 		2.366E-05   and   8.094E+04 	[ landmark_points ]
2021-08-03 14:58:11,487 - deformetrica.core.estimators.gradient_ascent - INFO - 		6.748E-05   and   3.037E+04 	[ momenta ]
2021-08-03 14:58:12,046 - deformetrica.core.estimators.gradient_ascent - INFO - Tolerance threshold met. Stopping the optimization process.
2021-08-03 14:58:12,884 - root - INFO - >> Estimation took: 01 minutes and 35 seconds
