2021-08-03 15:44:41,760 - root - ERROR - Logger has been set to: INFO
2021-08-03 15:44:41,784 - root - INFO - OMP_NUM_THREADS was not found in environment variables. An automatic value will be set.
2021-08-03 15:44:41,788 - root - INFO - OMP_NUM_THREADS will be set to 2
2021-08-03 15:44:41,791 - root - INFO - >> No specified state-file. By default, Deformetrica state will by saved in file: output/deformetrica-state.p.
2021-08-03 15:44:41,796 - root - INFO - >> Removing the pre-existing state file with same path.
2021-08-03 15:44:41,837 - deformetrica.core.models.model_functions - INFO - >> Reading 200 initial control points from file images/mask_initial_control_points/mask_03_initial_control_points.txt.
2021-08-03 15:44:41,839 - deformetrica.core.models.model_functions - INFO - >> Momenta initialized to zero, for 5 subjects.
2021-08-03 15:44:41,841 - root - INFO - >> Started estimator: GradientAscent
2021-08-03 15:44:42,529 - deformetrica.core.estimators.gradient_ascent - INFO - ------------------------------------- Iteration: 0 -------------------------------------
2021-08-03 15:44:42,531 - deformetrica.core.estimators.gradient_ascent - INFO - >> Log-likelihood = -1.654E+07 	 [ attachment = -1.654E+07 ; regularity = 0.000E+00 ]
2021-08-03 15:44:42,532 - deformetrica.core.estimators.gradient_ascent - INFO - >> Step size and gradient norm: 
2021-08-03 15:44:42,534 - deformetrica.core.estimators.gradient_ascent - INFO - 		1.065E-06   and   9.390E+05 	[ landmark_points ]
2021-08-03 15:44:42,535 - deformetrica.core.estimators.gradient_ascent - INFO - 		3.037E-06   and   3.293E+05 	[ momenta ]
2021-08-03 15:44:42,890 - deformetrica.core.estimators.gradient_ascent - INFO - ------------------------------------- Iteration: 1 -------------------------------------
2021-08-03 15:44:42,891 - deformetrica.core.estimators.gradient_ascent - INFO - >> Log-likelihood = -1.606E+07 	 [ attachment = -1.606E+07 ; regularity = -1.820E+00 ]
2021-08-03 15:44:43,574 - deformetrica.core.estimators.gradient_ascent - INFO - >> Step size and gradient norm: 
2021-08-03 15:44:43,575 - deformetrica.core.estimators.gradient_ascent - INFO - 		1.597E-06   and   9.091E+05 	[ landmark_points ]
2021-08-03 15:44:43,576 - deformetrica.core.estimators.gradient_ascent - INFO - 		4.556E-06   and   3.224E+05 	[ momenta ]
2021-08-03 15:44:44,023 - deformetrica.core.estimators.gradient_ascent - INFO - ------------------------------------- Iteration: 2 -------------------------------------
2021-08-03 15:44:44,024 - deformetrica.core.estimators.gradient_ascent - INFO - >> Log-likelihood = -1.536E+07 	 [ attachment = -1.536E+07 ; regularity = -1.109E+01 ]
2021-08-03 15:44:44,751 - deformetrica.core.estimators.gradient_ascent - INFO - >> Step size and gradient norm: 
2021-08-03 15:44:44,752 - deformetrica.core.estimators.gradient_ascent - INFO - 		2.396E-06   and   8.651E+05 	[ landmark_points ]
2021-08-03 15:44:44,753 - deformetrica.core.estimators.gradient_ascent - INFO - 		6.834E-06   and   3.124E+05 	[ momenta ]
2021-08-03 15:44:45,154 - deformetrica.core.estimators.gradient_ascent - INFO - ------------------------------------- Iteration: 3 -------------------------------------
2021-08-03 15:44:45,155 - deformetrica.core.estimators.gradient_ascent - INFO - >> Log-likelihood = -1.440E+07 	 [ attachment = -1.440E+07 ; regularity = -3.849E+01 ]
2021-08-03 15:44:45,718 - deformetrica.core.estimators.gradient_ascent - INFO - >> Step size and gradient norm: 
2021-08-03 15:44:45,720 - deformetrica.core.estimators.gradient_ascent - INFO - 		3.594E-06   and   8.013E+05 	[ landmark_points ]
2021-08-03 15:44:45,721 - deformetrica.core.estimators.gradient_ascent - INFO - 		1.025E-05   and   2.978E+05 	[ momenta ]
2021-08-03 15:44:46,139 - deformetrica.core.estimators.gradient_ascent - INFO - ------------------------------------- Iteration: 4 -------------------------------------
2021-08-03 15:44:46,140 - deformetrica.core.estimators.gradient_ascent - INFO - >> Log-likelihood = -1.313E+07 	 [ attachment = -1.313E+07 ; regularity = -1.062E+02 ]
2021-08-03 15:44:46,731 - deformetrica.core.estimators.gradient_ascent - INFO - >> Step size and gradient norm: 
2021-08-03 15:44:46,732 - deformetrica.core.estimators.gradient_ascent - INFO - 		5.391E-06   and   7.111E+05 	[ landmark_points ]
2021-08-03 15:44:46,733 - deformetrica.core.estimators.gradient_ascent - INFO - 		1.538E-05   and   2.769E+05 	[ momenta ]
2021-08-03 15:44:47,079 - deformetrica.core.estimators.gradient_ascent - INFO - ------------------------------------- Iteration: 5 -------------------------------------
2021-08-03 15:44:47,080 - deformetrica.core.estimators.gradient_ascent - INFO - >> Log-likelihood = -1.153E+07 	 [ attachment = -1.153E+07 ; regularity = -2.560E+02 ]
2021-08-03 15:44:47,890 - deformetrica.core.estimators.gradient_ascent - INFO - >> Step size and gradient norm: 
2021-08-03 15:44:47,892 - deformetrica.core.estimators.gradient_ascent - INFO - 		8.087E-06   and   5.904E+05 	[ landmark_points ]
2021-08-03 15:44:47,893 - deformetrica.core.estimators.gradient_ascent - INFO - 		2.306E-05   and   2.483E+05 	[ momenta ]
2021-08-03 15:44:48,239 - deformetrica.core.estimators.gradient_ascent - INFO - ------------------------------------- Iteration: 6 -------------------------------------
2021-08-03 15:44:48,240 - deformetrica.core.estimators.gradient_ascent - INFO - >> Log-likelihood = -9.716E+06 	 [ attachment = -9.715E+06 ; regularity = -5.562E+02 ]
2021-08-03 15:44:48,992 - deformetrica.core.estimators.gradient_ascent - INFO - >> Step size and gradient norm: 
2021-08-03 15:44:48,993 - deformetrica.core.estimators.gradient_ascent - INFO - 		1.213E-05   and   4.439E+05 	[ landmark_points ]
2021-08-03 15:44:48,994 - deformetrica.core.estimators.gradient_ascent - INFO - 		3.460E-05   and   2.117E+05 	[ momenta ]
2021-08-03 15:44:49,428 - deformetrica.core.estimators.gradient_ascent - INFO - ------------------------------------- Iteration: 7 -------------------------------------
2021-08-03 15:44:49,429 - deformetrica.core.estimators.gradient_ascent - INFO - >> Log-likelihood = -7.880E+06 	 [ attachment = -7.879E+06 ; regularity = -1.095E+03 ]
2021-08-03 15:44:50,042 - deformetrica.core.estimators.gradient_ascent - INFO - >> Step size and gradient norm: 
2021-08-03 15:44:50,043 - deformetrica.core.estimators.gradient_ascent - INFO - 		1.820E-05   and   2.938E+05 	[ landmark_points ]
2021-08-03 15:44:50,044 - deformetrica.core.estimators.gradient_ascent - INFO - 		5.189E-05   and   1.694E+05 	[ momenta ]
2021-08-03 15:44:50,431 - deformetrica.core.estimators.gradient_ascent - INFO - ------------------------------------- Iteration: 8 -------------------------------------
2021-08-03 15:44:50,432 - deformetrica.core.estimators.gradient_ascent - INFO - >> Log-likelihood = -6.265E+06 	 [ attachment = -6.264E+06 ; regularity = -1.938E+03 ]
2021-08-03 15:44:50,991 - deformetrica.core.estimators.gradient_ascent - INFO - >> Step size and gradient norm: 
2021-08-03 15:44:50,992 - deformetrica.core.estimators.gradient_ascent - INFO - 		2.729E-05   and   1.737E+05 	[ landmark_points ]
2021-08-03 15:44:50,993 - deformetrica.core.estimators.gradient_ascent - INFO - 		7.784E-05   and   1.263E+05 	[ momenta ]
2021-08-03 15:44:51,328 - deformetrica.core.estimators.gradient_ascent - INFO - ------------------------------------- Iteration: 9 -------------------------------------
2021-08-03 15:44:51,329 - deformetrica.core.estimators.gradient_ascent - INFO - >> Log-likelihood = -5.040E+06 	 [ attachment = -5.037E+06 ; regularity = -3.051E+03 ]
2021-08-03 15:44:51,860 - deformetrica.core.estimators.gradient_ascent - INFO - >> Step size and gradient norm: 
2021-08-03 15:44:51,861 - deformetrica.core.estimators.gradient_ascent - INFO - 		4.094E-05   and   1.166E+05 	[ landmark_points ]
2021-08-03 15:44:51,862 - deformetrica.core.estimators.gradient_ascent - INFO - 		1.168E-04   and   8.877E+04 	[ momenta ]
2021-08-03 15:44:52,212 - deformetrica.core.estimators.gradient_ascent - INFO - ------------------------------------- Iteration: 10 -------------------------------------
2021-08-03 15:44:52,214 - deformetrica.core.estimators.gradient_ascent - INFO - >> Log-likelihood = -4.106E+06 	 [ attachment = -4.101E+06 ; regularity = -4.253E+03 ]
2021-08-03 15:44:52,830 - deformetrica.core.estimators.gradient_ascent - INFO - >> Step size and gradient norm: 
2021-08-03 15:44:52,831 - deformetrica.core.estimators.gradient_ascent - INFO - 		6.141E-05   and   9.490E+04 	[ landmark_points ]
2021-08-03 15:44:52,833 - deformetrica.core.estimators.gradient_ascent - INFO - 		1.751E-04   and   6.945E+04 	[ momenta ]
2021-08-03 15:44:53,174 - deformetrica.core.estimators.gradient_ascent - INFO - ------------------------------------- Iteration: 11 -------------------------------------
2021-08-03 15:44:53,175 - deformetrica.core.estimators.gradient_ascent - INFO - >> Log-likelihood = -3.301E+06 	 [ attachment = -3.295E+06 ; regularity = -5.617E+03 ]
2021-08-03 15:44:53,715 - deformetrica.core.estimators.gradient_ascent - INFO - >> Step size and gradient norm: 
2021-08-03 15:44:53,716 - deformetrica.core.estimators.gradient_ascent - INFO - 		9.212E-05   and   9.264E+04 	[ landmark_points ]
2021-08-03 15:44:53,717 - deformetrica.core.estimators.gradient_ascent - INFO - 		2.627E-04   and   5.548E+04 	[ momenta ]
2021-08-03 15:44:54,051 - deformetrica.core.estimators.gradient_ascent - INFO - ------------------------------------- Iteration: 12 -------------------------------------
2021-08-03 15:44:54,052 - deformetrica.core.estimators.gradient_ascent - INFO - >> Log-likelihood = -2.917E+06 	 [ attachment = -2.910E+06 ; regularity = -7.484E+03 ]
2021-08-03 15:44:54,562 - deformetrica.core.estimators.gradient_ascent - INFO - >> Step size and gradient norm: 
2021-08-03 15:44:54,564 - deformetrica.core.estimators.gradient_ascent - INFO - 		1.382E-04   and   2.229E+05 	[ landmark_points ]
2021-08-03 15:44:54,565 - deformetrica.core.estimators.gradient_ascent - INFO - 		3.941E-04   and   9.758E+04 	[ momenta ]
2021-08-03 15:44:55,544 - deformetrica.core.estimators.gradient_ascent - INFO - >> Step size and gradient norm: 
2021-08-03 15:44:55,545 - deformetrica.core.estimators.gradient_ascent - INFO - 		6.909E-05   and   2.229E+05 	[ landmark_points ]
2021-08-03 15:44:55,546 - deformetrica.core.estimators.gradient_ascent - INFO - 		1.970E-04   and   9.758E+04 	[ momenta ]
2021-08-03 15:44:56,529 - deformetrica.core.estimators.gradient_ascent - INFO - >> Step size and gradient norm: 
2021-08-03 15:44:56,530 - deformetrica.core.estimators.gradient_ascent - INFO - 		3.454E-05   and   2.229E+05 	[ landmark_points ]
2021-08-03 15:44:56,531 - deformetrica.core.estimators.gradient_ascent - INFO - 		9.852E-05   and   9.758E+04 	[ momenta ]
2021-08-03 15:44:56,869 - deformetrica.core.estimators.gradient_ascent - INFO - ------------------------------------- Iteration: 13 -------------------------------------
2021-08-03 15:44:56,870 - deformetrica.core.estimators.gradient_ascent - INFO - >> Log-likelihood = -2.597E+06 	 [ attachment = -2.589E+06 ; regularity = -7.685E+03 ]
2021-08-03 15:44:57,388 - deformetrica.core.estimators.gradient_ascent - INFO - >> Step size and gradient norm: 
2021-08-03 15:44:57,389 - deformetrica.core.estimators.gradient_ascent - INFO - 		5.182E-05   and   2.354E+05 	[ landmark_points ]
2021-08-03 15:44:57,390 - deformetrica.core.estimators.gradient_ascent - INFO - 		1.478E-04   and   8.175E+04 	[ momenta ]
2021-08-03 15:44:58,394 - deformetrica.core.estimators.gradient_ascent - INFO - >> Step size and gradient norm: 
2021-08-03 15:44:58,396 - deformetrica.core.estimators.gradient_ascent - INFO - 		2.591E-05   and   2.354E+05 	[ landmark_points ]
2021-08-03 15:44:58,397 - deformetrica.core.estimators.gradient_ascent - INFO - 		7.389E-05   and   8.175E+04 	[ momenta ]
2021-08-03 15:44:58,745 - deformetrica.core.estimators.gradient_ascent - INFO - ------------------------------------- Iteration: 14 -------------------------------------
2021-08-03 15:44:58,746 - deformetrica.core.estimators.gradient_ascent - INFO - >> Log-likelihood = -2.351E+06 	 [ attachment = -2.343E+06 ; regularity = -8.092E+03 ]
2021-08-03 15:44:59,309 - deformetrica.core.estimators.gradient_ascent - INFO - >> Step size and gradient norm: 
2021-08-03 15:44:59,310 - deformetrica.core.estimators.gradient_ascent - INFO - 		3.886E-05   and   1.785E+05 	[ landmark_points ]
2021-08-03 15:44:59,311 - deformetrica.core.estimators.gradient_ascent - INFO - 		1.108E-04   and   6.846E+04 	[ momenta ]
2021-08-03 15:45:00,337 - deformetrica.core.estimators.gradient_ascent - INFO - ------------------------------------- Iteration: 15 -------------------------------------
2021-08-03 15:45:00,338 - deformetrica.core.estimators.gradient_ascent - INFO - >> Log-likelihood = -2.303E+06 	 [ attachment = -2.295E+06 ; regularity = -8.251E+03 ]
2021-08-03 15:45:00,858 - deformetrica.core.estimators.gradient_ascent - INFO - >> Step size and gradient norm: 
2021-08-03 15:45:00,859 - deformetrica.core.estimators.gradient_ascent - INFO - 		3.886E-05   and   2.183E+05 	[ landmark_points ]
2021-08-03 15:45:00,860 - deformetrica.core.estimators.gradient_ascent - INFO - 		5.542E-05   and   7.854E+04 	[ momenta ]
2021-08-03 15:45:01,850 - deformetrica.core.estimators.gradient_ascent - INFO - ------------------------------------- Iteration: 16 -------------------------------------
2021-08-03 15:45:01,851 - deformetrica.core.estimators.gradient_ascent - INFO - >> Log-likelihood = -2.130E+06 	 [ attachment = -2.121E+06 ; regularity = -8.521E+03 ]
2021-08-03 15:45:02,406 - deformetrica.core.estimators.gradient_ascent - INFO - >> Step size and gradient norm: 
2021-08-03 15:45:02,407 - deformetrica.core.estimators.gradient_ascent - INFO - 		1.943E-05   and   1.431E+05 	[ landmark_points ]
2021-08-03 15:45:02,439 - deformetrica.core.estimators.gradient_ascent - INFO - 		5.542E-05   and   6.125E+04 	[ momenta ]
2021-08-03 15:45:02,832 - deformetrica.core.estimators.gradient_ascent - INFO - ------------------------------------- Iteration: 17 -------------------------------------
2021-08-03 15:45:02,833 - deformetrica.core.estimators.gradient_ascent - INFO - >> Log-likelihood = -2.025E+06 	 [ attachment = -2.017E+06 ; regularity = -8.681E+03 ]
2021-08-03 15:45:03,367 - deformetrica.core.estimators.gradient_ascent - INFO - >> Step size and gradient norm: 
2021-08-03 15:45:03,368 - deformetrica.core.estimators.gradient_ascent - INFO - 		2.915E-05   and   1.127E+05 	[ landmark_points ]
2021-08-03 15:45:03,369 - deformetrica.core.estimators.gradient_ascent - INFO - 		8.312E-05   and   4.941E+04 	[ momenta ]
2021-08-03 15:45:03,716 - deformetrica.core.estimators.gradient_ascent - INFO - ------------------------------------- Iteration: 18 -------------------------------------
2021-08-03 15:45:03,717 - deformetrica.core.estimators.gradient_ascent - INFO - >> Log-likelihood = -1.988E+06 	 [ attachment = -1.979E+06 ; regularity = -9.010E+03 ]
2021-08-03 15:45:04,268 - deformetrica.core.estimators.gradient_ascent - INFO - >> Step size and gradient norm: 
2021-08-03 15:45:04,270 - deformetrica.core.estimators.gradient_ascent - INFO - 		4.372E-05   and   1.795E+05 	[ landmark_points ]
2021-08-03 15:45:04,271 - deformetrica.core.estimators.gradient_ascent - INFO - 		1.247E-04   and   6.997E+04 	[ momenta ]
2021-08-03 15:45:05,247 - deformetrica.core.estimators.gradient_ascent - INFO - >> Step size and gradient norm: 
2021-08-03 15:45:05,248 - deformetrica.core.estimators.gradient_ascent - INFO - 		2.186E-05   and   1.795E+05 	[ landmark_points ]
2021-08-03 15:45:05,249 - deformetrica.core.estimators.gradient_ascent - INFO - 		6.234E-05   and   6.997E+04 	[ momenta ]
2021-08-03 15:45:05,632 - deformetrica.core.estimators.gradient_ascent - INFO - ------------------------------------- Iteration: 19 -------------------------------------
2021-08-03 15:45:05,633 - deformetrica.core.estimators.gradient_ascent - INFO - >> Log-likelihood = -1.918E+06 	 [ attachment = -1.909E+06 ; regularity = -9.182E+03 ]
2021-08-03 15:45:06,157 - deformetrica.core.estimators.gradient_ascent - INFO - >> Step size and gradient norm: 
2021-08-03 15:45:06,159 - deformetrica.core.estimators.gradient_ascent - INFO - 		3.279E-05   and   1.794E+05 	[ landmark_points ]
2021-08-03 15:45:06,160 - deformetrica.core.estimators.gradient_ascent - INFO - 		9.351E-05   and   6.879E+04 	[ momenta ]
2021-08-03 15:45:07,131 - deformetrica.core.estimators.gradient_ascent - INFO - ------------------------------------- Iteration: 20 -------------------------------------
2021-08-03 15:45:07,132 - deformetrica.core.estimators.gradient_ascent - INFO - >> Log-likelihood = -1.885E+06 	 [ attachment = -1.876E+06 ; regularity = -9.347E+03 ]
2021-08-03 15:45:07,626 - deformetrica.core.estimators.gradient_ascent - INFO - >> Step size and gradient norm: 
2021-08-03 15:45:07,628 - deformetrica.core.estimators.gradient_ascent - INFO - 		3.279E-05   and   2.074E+05 	[ landmark_points ]
2021-08-03 15:45:07,629 - deformetrica.core.estimators.gradient_ascent - INFO - 		4.676E-05   and   7.113E+04 	[ momenta ]
2021-08-03 15:45:07,964 - deformetrica.core.estimators.gradient_ascent - INFO - ------------------------------------- Iteration: 21 -------------------------------------
2021-08-03 15:45:07,965 - deformetrica.core.estimators.gradient_ascent - INFO - >> Log-likelihood = -1.867E+06 	 [ attachment = -1.857E+06 ; regularity = -9.474E+03 ]
2021-08-03 15:45:08,497 - deformetrica.core.estimators.gradient_ascent - INFO - >> Step size and gradient norm: 
2021-08-03 15:45:08,498 - deformetrica.core.estimators.gradient_ascent - INFO - 		4.918E-05   and   2.285E+05 	[ landmark_points ]
2021-08-03 15:45:08,501 - deformetrica.core.estimators.gradient_ascent - INFO - 		7.014E-05   and   7.711E+04 	[ momenta ]
2021-08-03 15:45:09,474 - deformetrica.core.estimators.gradient_ascent - INFO - >> Step size and gradient norm: 
2021-08-03 15:45:09,475 - deformetrica.core.estimators.gradient_ascent - INFO - 		2.459E-05   and   2.285E+05 	[ landmark_points ]
2021-08-03 15:45:09,476 - deformetrica.core.estimators.gradient_ascent - INFO - 		3.507E-05   and   7.711E+04 	[ momenta ]
2021-08-03 15:45:09,831 - deformetrica.core.estimators.gradient_ascent - INFO - ------------------------------------- Iteration: 22 -------------------------------------
2021-08-03 15:45:09,832 - deformetrica.core.estimators.gradient_ascent - INFO - >> Log-likelihood = -1.741E+06 	 [ attachment = -1.731E+06 ; regularity = -9.588E+03 ]
2021-08-03 15:45:10,355 - deformetrica.core.estimators.gradient_ascent - INFO - >> Step size and gradient norm: 
2021-08-03 15:45:10,356 - deformetrica.core.estimators.gradient_ascent - INFO - 		3.689E-05   and   1.376E+05 	[ landmark_points ]
2021-08-03 15:45:10,357 - deformetrica.core.estimators.gradient_ascent - INFO - 		5.260E-05   and   4.926E+04 	[ momenta ]
2021-08-03 15:45:11,433 - deformetrica.core.estimators.gradient_ascent - INFO - ------------------------------------- Iteration: 23 -------------------------------------
2021-08-03 15:45:11,434 - deformetrica.core.estimators.gradient_ascent - INFO - >> Log-likelihood = -1.680E+06 	 [ attachment = -1.671E+06 ; regularity = -9.729E+03 ]
2021-08-03 15:45:11,939 - deformetrica.core.estimators.gradient_ascent - INFO - >> Step size and gradient norm: 
2021-08-03 15:45:11,941 - deformetrica.core.estimators.gradient_ascent - INFO - 		1.844E-05   and   8.989E+04 	[ landmark_points ]
2021-08-03 15:45:11,942 - deformetrica.core.estimators.gradient_ascent - INFO - 		5.260E-05   and   3.940E+04 	[ momenta ]
2021-08-03 15:45:12,283 - deformetrica.core.estimators.gradient_ascent - INFO - ------------------------------------- Iteration: 24 -------------------------------------
2021-08-03 15:45:12,284 - deformetrica.core.estimators.gradient_ascent - INFO - >> Log-likelihood = -1.636E+06 	 [ attachment = -1.626E+06 ; regularity = -9.874E+03 ]
2021-08-03 15:45:12,797 - deformetrica.core.estimators.gradient_ascent - INFO - >> Step size and gradient norm: 
2021-08-03 15:45:12,798 - deformetrica.core.estimators.gradient_ascent - INFO - 		2.767E-05   and   6.863E+04 	[ landmark_points ]
2021-08-03 15:45:12,827 - deformetrica.core.estimators.gradient_ascent - INFO - 		7.890E-05   and   3.203E+04 	[ momenta ]
2021-08-03 15:45:13,233 - deformetrica.core.estimators.gradient_ascent - INFO - ------------------------------------- Iteration: 25 -------------------------------------
2021-08-03 15:45:13,234 - deformetrica.core.estimators.gradient_ascent - INFO - >> Log-likelihood = -1.616E+06 	 [ attachment = -1.606E+06 ; regularity = -1.008E+04 ]
2021-08-03 15:45:13,774 - deformetrica.core.estimators.gradient_ascent - INFO - >> Step size and gradient norm: 
2021-08-03 15:45:13,775 - deformetrica.core.estimators.gradient_ascent - INFO - 		4.150E-05   and   1.048E+05 	[ landmark_points ]
2021-08-03 15:45:13,776 - deformetrica.core.estimators.gradient_ascent - INFO - 		1.184E-04   and   4.283E+04 	[ momenta ]
2021-08-03 15:45:14,786 - deformetrica.core.estimators.gradient_ascent - INFO - >> Step size and gradient norm: 
2021-08-03 15:45:14,787 - deformetrica.core.estimators.gradient_ascent - INFO - 		2.075E-05   and   1.048E+05 	[ landmark_points ]
2021-08-03 15:45:14,788 - deformetrica.core.estimators.gradient_ascent - INFO - 		5.918E-05   and   4.283E+04 	[ momenta ]
2021-08-03 15:45:15,116 - deformetrica.core.estimators.gradient_ascent - INFO - ------------------------------------- Iteration: 26 -------------------------------------
2021-08-03 15:45:15,118 - deformetrica.core.estimators.gradient_ascent - INFO - >> Log-likelihood = -1.583E+06 	 [ attachment = -1.572E+06 ; regularity = -1.022E+04 ]
2021-08-03 15:45:15,652 - deformetrica.core.estimators.gradient_ascent - INFO - >> Step size and gradient norm: 
2021-08-03 15:45:15,653 - deformetrica.core.estimators.gradient_ascent - INFO - 		3.112E-05   and   1.013E+05 	[ landmark_points ]
2021-08-03 15:45:15,654 - deformetrica.core.estimators.gradient_ascent - INFO - 		8.876E-05   and   4.088E+04 	[ momenta ]
2021-08-03 15:45:16,620 - deformetrica.core.estimators.gradient_ascent - INFO - ------------------------------------- Iteration: 27 -------------------------------------
2021-08-03 15:45:16,621 - deformetrica.core.estimators.gradient_ascent - INFO - >> Log-likelihood = -1.561E+06 	 [ attachment = -1.550E+06 ; regularity = -1.032E+04 ]
2021-08-03 15:45:17,154 - deformetrica.core.estimators.gradient_ascent - INFO - >> Step size and gradient norm: 
2021-08-03 15:45:17,156 - deformetrica.core.estimators.gradient_ascent - INFO - 		3.112E-05   and   1.107E+05 	[ landmark_points ]
2021-08-03 15:45:17,157 - deformetrica.core.estimators.gradient_ascent - INFO - 		4.438E-05   and   4.096E+04 	[ momenta ]
2021-08-03 15:45:17,503 - deformetrica.core.estimators.gradient_ascent - INFO - ------------------------------------- Iteration: 28 -------------------------------------
2021-08-03 15:45:17,504 - deformetrica.core.estimators.gradient_ascent - INFO - >> Log-likelihood = -1.542E+06 	 [ attachment = -1.532E+06 ; regularity = -1.043E+04 ]
2021-08-03 15:45:18,036 - deformetrica.core.estimators.gradient_ascent - INFO - >> Step size and gradient norm: 
2021-08-03 15:45:18,037 - deformetrica.core.estimators.gradient_ascent - INFO - 		4.669E-05   and   1.175E+05 	[ landmark_points ]
2021-08-03 15:45:18,067 - deformetrica.core.estimators.gradient_ascent - INFO - 		6.657E-05   and   4.286E+04 	[ momenta ]
2021-08-03 15:45:19,099 - deformetrica.core.estimators.gradient_ascent - INFO - ------------------------------------- Iteration: 29 -------------------------------------
2021-08-03 15:45:19,100 - deformetrica.core.estimators.gradient_ascent - INFO - >> Log-likelihood = -1.526E+06 	 [ attachment = -1.516E+06 ; regularity = -1.057E+04 ]
2021-08-03 15:45:19,612 - deformetrica.core.estimators.gradient_ascent - INFO - >> Step size and gradient norm: 
2021-08-03 15:45:19,613 - deformetrica.core.estimators.gradient_ascent - INFO - 		2.334E-05   and   1.316E+05 	[ landmark_points ]
2021-08-03 15:45:19,614 - deformetrica.core.estimators.gradient_ascent - INFO - 		6.657E-05   and   5.048E+04 	[ momenta ]
2021-08-03 15:45:19,951 - deformetrica.core.estimators.gradient_ascent - INFO - ------------------------------------- Iteration: 30 -------------------------------------
2021-08-03 15:45:19,952 - deformetrica.core.estimators.gradient_ascent - INFO - >> Log-likelihood = -1.516E+06 	 [ attachment = -1.505E+06 ; regularity = -1.072E+04 ]
2021-08-03 15:45:20,470 - deformetrica.core.estimators.gradient_ascent - INFO - >> Step size and gradient norm: 
2021-08-03 15:45:20,471 - deformetrica.core.estimators.gradient_ascent - INFO - 		3.501E-05   and   1.554E+05 	[ landmark_points ]
2021-08-03 15:45:20,472 - deformetrica.core.estimators.gradient_ascent - INFO - 		9.986E-05   and   5.820E+04 	[ momenta ]
2021-08-03 15:45:21,429 - deformetrica.core.estimators.gradient_ascent - INFO - >> Step size and gradient norm: 
2021-08-03 15:45:21,430 - deformetrica.core.estimators.gradient_ascent - INFO - 		1.751E-05   and   1.554E+05 	[ landmark_points ]
2021-08-03 15:45:21,433 - deformetrica.core.estimators.gradient_ascent - INFO - 		4.993E-05   and   5.820E+04 	[ momenta ]
2021-08-03 15:45:21,774 - deformetrica.core.estimators.gradient_ascent - INFO - ------------------------------------- Iteration: 31 -------------------------------------
2021-08-03 15:45:21,775 - deformetrica.core.estimators.gradient_ascent - INFO - >> Log-likelihood = -1.446E+06 	 [ attachment = -1.436E+06 ; regularity = -1.082E+04 ]
2021-08-03 15:45:22,318 - deformetrica.core.estimators.gradient_ascent - INFO - >> Step size and gradient norm: 
2021-08-03 15:45:22,319 - deformetrica.core.estimators.gradient_ascent - INFO - 		2.626E-05   and   9.818E+04 	[ landmark_points ]
2021-08-03 15:45:22,320 - deformetrica.core.estimators.gradient_ascent - INFO - 		7.490E-05   and   4.090E+04 	[ momenta ]
2021-08-03 15:45:22,636 - deformetrica.core.estimators.gradient_ascent - INFO - ------------------------------------- Iteration: 32 -------------------------------------
2021-08-03 15:45:22,637 - deformetrica.core.estimators.gradient_ascent - INFO - >> Log-likelihood = -1.438E+06 	 [ attachment = -1.427E+06 ; regularity = -1.099E+04 ]
2021-08-03 15:45:23,134 - deformetrica.core.estimators.gradient_ascent - INFO - >> Step size and gradient norm: 
2021-08-03 15:45:23,135 - deformetrica.core.estimators.gradient_ascent - INFO - 		3.939E-05   and   1.435E+05 	[ landmark_points ]
2021-08-03 15:45:23,166 - deformetrica.core.estimators.gradient_ascent - INFO - 		1.123E-04   and   5.487E+04 	[ momenta ]
2021-08-03 15:45:24,188 - deformetrica.core.estimators.gradient_ascent - INFO - >> Step size and gradient norm: 
2021-08-03 15:45:24,189 - deformetrica.core.estimators.gradient_ascent - INFO - 		1.970E-05   and   1.435E+05 	[ landmark_points ]
2021-08-03 15:45:24,190 - deformetrica.core.estimators.gradient_ascent - INFO - 		5.617E-05   and   5.487E+04 	[ momenta ]
2021-08-03 15:45:24,540 - deformetrica.core.estimators.gradient_ascent - INFO - ------------------------------------- Iteration: 33 -------------------------------------
2021-08-03 15:45:24,541 - deformetrica.core.estimators.gradient_ascent - INFO - >> Log-likelihood = -1.390E+06 	 [ attachment = -1.379E+06 ; regularity = -1.110E+04 ]
2021-08-03 15:45:25,109 - deformetrica.core.estimators.gradient_ascent - INFO - >> Step size and gradient norm: 
2021-08-03 15:45:25,110 - deformetrica.core.estimators.gradient_ascent - INFO - 		2.954E-05   and   1.203E+05 	[ landmark_points ]
2021-08-03 15:45:25,111 - deformetrica.core.estimators.gradient_ascent - INFO - 		8.426E-05   and   4.758E+04 	[ momenta ]
2021-08-03 15:45:26,079 - deformetrica.core.estimators.gradient_ascent - INFO - ------------------------------------- Iteration: 34 -------------------------------------
2021-08-03 15:45:26,080 - deformetrica.core.estimators.gradient_ascent - INFO - >> Log-likelihood = -1.361E+06 	 [ attachment = -1.350E+06 ; regularity = -1.118E+04 ]
2021-08-03 15:45:26,648 - deformetrica.core.estimators.gradient_ascent - INFO - >> Step size and gradient norm: 
2021-08-03 15:45:26,649 - deformetrica.core.estimators.gradient_ascent - INFO - 		2.954E-05   and   1.194E+05 	[ landmark_points ]
2021-08-03 15:45:26,650 - deformetrica.core.estimators.gradient_ascent - INFO - 		4.213E-05   and   4.286E+04 	[ momenta ]
2021-08-03 15:45:27,023 - deformetrica.core.estimators.gradient_ascent - INFO - ------------------------------------- Iteration: 35 -------------------------------------
2021-08-03 15:45:27,024 - deformetrica.core.estimators.gradient_ascent - INFO - >> Log-likelihood = -1.336E+06 	 [ attachment = -1.325E+06 ; regularity = -1.127E+04 ]
2021-08-03 15:45:27,562 - deformetrica.core.estimators.gradient_ascent - INFO - >> Step size and gradient norm: 
2021-08-03 15:45:27,563 - deformetrica.core.estimators.gradient_ascent - INFO - 		4.432E-05   and   1.119E+05 	[ landmark_points ]
2021-08-03 15:45:27,564 - deformetrica.core.estimators.gradient_ascent - INFO - 		6.319E-05   and   4.132E+04 	[ momenta ]
2021-08-03 15:45:28,604 - deformetrica.core.estimators.gradient_ascent - INFO - ------------------------------------- Iteration: 36 -------------------------------------
2021-08-03 15:45:28,606 - deformetrica.core.estimators.gradient_ascent - INFO - >> Log-likelihood = -1.316E+06 	 [ attachment = -1.305E+06 ; regularity = -1.139E+04 ]
2021-08-03 15:45:29,226 - deformetrica.core.estimators.gradient_ascent - INFO - >> Step size and gradient norm: 
2021-08-03 15:45:29,227 - deformetrica.core.estimators.gradient_ascent - INFO - 		2.216E-05   and   1.161E+05 	[ landmark_points ]
2021-08-03 15:45:29,228 - deformetrica.core.estimators.gradient_ascent - INFO - 		6.319E-05   and   4.390E+04 	[ momenta ]
2021-08-03 15:45:29,575 - deformetrica.core.estimators.gradient_ascent - INFO - ------------------------------------- Iteration: 37 -------------------------------------
2021-08-03 15:45:29,576 - deformetrica.core.estimators.gradient_ascent - INFO - >> Log-likelihood = -1.299E+06 	 [ attachment = -1.288E+06 ; regularity = -1.150E+04 ]
2021-08-03 15:45:30,139 - deformetrica.core.estimators.gradient_ascent - INFO - >> Step size and gradient norm: 
2021-08-03 15:45:30,141 - deformetrica.core.estimators.gradient_ascent - INFO - 		3.324E-05   and   1.233E+05 	[ landmark_points ]
2021-08-03 15:45:30,142 - deformetrica.core.estimators.gradient_ascent - INFO - 		9.479E-05   and   4.666E+04 	[ momenta ]
2021-08-03 15:45:31,158 - deformetrica.core.estimators.gradient_ascent - INFO - >> Step size and gradient norm: 
2021-08-03 15:45:31,159 - deformetrica.core.estimators.gradient_ascent - INFO - 		1.662E-05   and   1.233E+05 	[ landmark_points ]
2021-08-03 15:45:31,160 - deformetrica.core.estimators.gradient_ascent - INFO - 		4.739E-05   and   4.666E+04 	[ momenta ]
2021-08-03 15:45:31,530 - deformetrica.core.estimators.gradient_ascent - INFO - ------------------------------------- Iteration: 38 -------------------------------------
2021-08-03 15:45:31,531 - deformetrica.core.estimators.gradient_ascent - INFO - >> Log-likelihood = -1.253E+06 	 [ attachment = -1.241E+06 ; regularity = -1.157E+04 ]
2021-08-03 15:45:32,091 - deformetrica.core.estimators.gradient_ascent - INFO - >> Step size and gradient norm: 
2021-08-03 15:45:32,092 - deformetrica.core.estimators.gradient_ascent - INFO - 		2.493E-05   and   7.098E+04 	[ landmark_points ]
2021-08-03 15:45:32,093 - deformetrica.core.estimators.gradient_ascent - INFO - 		7.109E-05   and   2.927E+04 	[ momenta ]
2021-08-03 15:45:32,465 - deformetrica.core.estimators.gradient_ascent - INFO - ------------------------------------- Iteration: 39 -------------------------------------
2021-08-03 15:45:32,466 - deformetrica.core.estimators.gradient_ascent - INFO - >> Log-likelihood = -1.245E+06 	 [ attachment = -1.233E+06 ; regularity = -1.168E+04 ]
2021-08-03 15:45:33,016 - deformetrica.core.estimators.gradient_ascent - INFO - >> Step size and gradient norm: 
2021-08-03 15:45:33,018 - deformetrica.core.estimators.gradient_ascent - INFO - 		3.739E-05   and   9.439E+04 	[ landmark_points ]
2021-08-03 15:45:33,020 - deformetrica.core.estimators.gradient_ascent - INFO - 		1.066E-04   and   3.664E+04 	[ momenta ]
2021-08-03 15:45:34,072 - deformetrica.core.estimators.gradient_ascent - INFO - >> Step size and gradient norm: 
2021-08-03 15:45:34,073 - deformetrica.core.estimators.gradient_ascent - INFO - 		1.870E-05   and   9.439E+04 	[ landmark_points ]
2021-08-03 15:45:34,075 - deformetrica.core.estimators.gradient_ascent - INFO - 		5.332E-05   and   3.664E+04 	[ momenta ]
2021-08-03 15:45:34,413 - deformetrica.core.estimators.gradient_ascent - INFO - ------------------------------------- Iteration: 40 -------------------------------------
2021-08-03 15:45:34,414 - deformetrica.core.estimators.gradient_ascent - INFO - >> Log-likelihood = -1.221E+06 	 [ attachment = -1.209E+06 ; regularity = -1.176E+04 ]
2021-08-03 15:45:34,952 - deformetrica.core.estimators.gradient_ascent - INFO - >> Step size and gradient norm: 
2021-08-03 15:45:34,953 - deformetrica.core.estimators.gradient_ascent - INFO - 		2.804E-05   and   7.363E+04 	[ landmark_points ]
2021-08-03 15:45:34,954 - deformetrica.core.estimators.gradient_ascent - INFO - 		7.998E-05   and   2.933E+04 	[ momenta ]
2021-08-03 15:45:36,115 - deformetrica.core.estimators.gradient_ascent - INFO - ------------------------------------- Iteration: 41 -------------------------------------
2021-08-03 15:45:36,116 - deformetrica.core.estimators.gradient_ascent - INFO - >> Log-likelihood = -1.206E+06 	 [ attachment = -1.195E+06 ; regularity = -1.182E+04 ]
2021-08-03 15:45:36,720 - deformetrica.core.estimators.gradient_ascent - INFO - >> Step size and gradient norm: 
2021-08-03 15:45:36,721 - deformetrica.core.estimators.gradient_ascent - INFO - 		2.804E-05   and   6.645E+04 	[ landmark_points ]
2021-08-03 15:45:36,722 - deformetrica.core.estimators.gradient_ascent - INFO - 		3.999E-05   and   2.498E+04 	[ momenta ]
2021-08-03 15:45:37,079 - deformetrica.core.estimators.gradient_ascent - INFO - ------------------------------------- Iteration: 42 -------------------------------------
2021-08-03 15:45:37,080 - deformetrica.core.estimators.gradient_ascent - INFO - >> Log-likelihood = -1.194E+06 	 [ attachment = -1.182E+06 ; regularity = -1.188E+04 ]
2021-08-03 15:45:37,646 - deformetrica.core.estimators.gradient_ascent - INFO - >> Step size and gradient norm: 
2021-08-03 15:45:37,647 - deformetrica.core.estimators.gradient_ascent - INFO - 		4.207E-05   and   5.838E+04 	[ landmark_points ]
2021-08-03 15:45:37,649 - deformetrica.core.estimators.gradient_ascent - INFO - 		5.998E-05   and   2.272E+04 	[ momenta ]
2021-08-03 15:45:38,835 - deformetrica.core.estimators.gradient_ascent - INFO - ------------------------------------- Iteration: 43 -------------------------------------
2021-08-03 15:45:38,836 - deformetrica.core.estimators.gradient_ascent - INFO - >> Log-likelihood = -1.182E+06 	 [ attachment = -1.170E+06 ; regularity = -1.196E+04 ]
2021-08-03 15:45:39,468 - deformetrica.core.estimators.gradient_ascent - INFO - >> Step size and gradient norm: 
2021-08-03 15:45:39,469 - deformetrica.core.estimators.gradient_ascent - INFO - 		2.103E-05   and   5.482E+04 	[ landmark_points ]
2021-08-03 15:45:39,500 - deformetrica.core.estimators.gradient_ascent - INFO - 		5.998E-05   and   2.271E+04 	[ momenta ]
2021-08-03 15:45:39,923 - deformetrica.core.estimators.gradient_ascent - INFO - ------------------------------------- Iteration: 44 -------------------------------------
2021-08-03 15:45:39,924 - deformetrica.core.estimators.gradient_ascent - INFO - >> Log-likelihood = -1.171E+06 	 [ attachment = -1.159E+06 ; regularity = -1.203E+04 ]
2021-08-03 15:45:40,599 - deformetrica.core.estimators.gradient_ascent - INFO - >> Step size and gradient norm: 
2021-08-03 15:45:40,601 - deformetrica.core.estimators.gradient_ascent - INFO - 		3.155E-05   and   5.528E+04 	[ landmark_points ]
2021-08-03 15:45:40,602 - deformetrica.core.estimators.gradient_ascent - INFO - 		8.998E-05   and   2.260E+04 	[ momenta ]
2021-08-03 15:45:41,730 - deformetrica.core.estimators.gradient_ascent - INFO - ------------------------------------- Iteration: 45 -------------------------------------
2021-08-03 15:45:41,731 - deformetrica.core.estimators.gradient_ascent - INFO - >> Log-likelihood = -1.163E+06 	 [ attachment = -1.151E+06 ; regularity = -1.209E+04 ]
2021-08-03 15:45:42,294 - deformetrica.core.estimators.gradient_ascent - INFO - >> Step size and gradient norm: 
2021-08-03 15:45:42,295 - deformetrica.core.estimators.gradient_ascent - INFO - 		3.155E-05   and   6.349E+04 	[ landmark_points ]
2021-08-03 15:45:42,296 - deformetrica.core.estimators.gradient_ascent - INFO - 		4.499E-05   and   2.338E+04 	[ momenta ]
2021-08-03 15:45:42,654 - deformetrica.core.estimators.gradient_ascent - INFO - ------------------------------------- Iteration: 46 -------------------------------------
2021-08-03 15:45:42,655 - deformetrica.core.estimators.gradient_ascent - INFO - >> Log-likelihood = -1.159E+06 	 [ attachment = -1.147E+06 ; regularity = -1.215E+04 ]
2021-08-03 15:45:43,206 - deformetrica.core.estimators.gradient_ascent - INFO - >> Step size and gradient norm: 
2021-08-03 15:45:43,207 - deformetrica.core.estimators.gradient_ascent - INFO - 		4.732E-05   and   7.209E+04 	[ landmark_points ]
2021-08-03 15:45:43,208 - deformetrica.core.estimators.gradient_ascent - INFO - 		6.748E-05   and   2.569E+04 	[ momenta ]
2021-08-03 15:45:44,164 - deformetrica.core.estimators.gradient_ascent - INFO - ------------------------------------- Iteration: 47 -------------------------------------
2021-08-03 15:45:44,165 - deformetrica.core.estimators.gradient_ascent - INFO - >> Log-likelihood = -1.154E+06 	 [ attachment = -1.142E+06 ; regularity = -1.223E+04 ]
2021-08-03 15:45:44,727 - deformetrica.core.estimators.gradient_ascent - INFO - >> Step size and gradient norm: 
2021-08-03 15:45:44,728 - deformetrica.core.estimators.gradient_ascent - INFO - 		2.366E-05   and   8.548E+04 	[ landmark_points ]
2021-08-03 15:45:44,758 - deformetrica.core.estimators.gradient_ascent - INFO - 		6.748E-05   and   3.157E+04 	[ momenta ]
2021-08-03 15:45:45,813 - deformetrica.core.estimators.gradient_ascent - INFO - ------------------------------------- Iteration: 48 -------------------------------------
2021-08-03 15:45:45,815 - deformetrica.core.estimators.gradient_ascent - INFO - >> Log-likelihood = -1.135E+06 	 [ attachment = -1.123E+06 ; regularity = -1.226E+04 ]
2021-08-03 15:45:46,351 - deformetrica.core.estimators.gradient_ascent - INFO - >> Step size and gradient norm: 
2021-08-03 15:45:46,352 - deformetrica.core.estimators.gradient_ascent - INFO - 		2.366E-05   and   5.654E+04 	[ landmark_points ]
2021-08-03 15:45:46,353 - deformetrica.core.estimators.gradient_ascent - INFO - 		3.374E-05   and   2.023E+04 	[ momenta ]
2021-08-03 15:45:46,681 - deformetrica.core.estimators.gradient_ascent - INFO - ------------------------------------- Iteration: 49 -------------------------------------
2021-08-03 15:45:46,682 - deformetrica.core.estimators.gradient_ascent - INFO - >> Log-likelihood = -1.125E+06 	 [ attachment = -1.112E+06 ; regularity = -1.230E+04 ]
2021-08-03 15:45:47,197 - deformetrica.core.estimators.gradient_ascent - INFO - >> Step size and gradient norm: 
2021-08-03 15:45:47,198 - deformetrica.core.estimators.gradient_ascent - INFO - 		3.549E-05   and   3.654E+04 	[ landmark_points ]
2021-08-03 15:45:47,199 - deformetrica.core.estimators.gradient_ascent - INFO - 		5.061E-05   and   1.558E+04 	[ momenta ]
2021-08-03 15:45:47,556 - deformetrica.core.estimators.gradient_ascent - INFO - ------------------------------------- Iteration: 50 -------------------------------------
2021-08-03 15:45:47,557 - deformetrica.core.estimators.gradient_ascent - INFO - >> Log-likelihood = -1.121E+06 	 [ attachment = -1.109E+06 ; regularity = -1.236E+04 ]
2021-08-03 15:45:48,065 - deformetrica.core.estimators.gradient_ascent - INFO - >> Step size and gradient norm: 
2021-08-03 15:45:48,066 - deformetrica.core.estimators.gradient_ascent - INFO - 		5.324E-05   and   5.574E+04 	[ landmark_points ]
2021-08-03 15:45:48,068 - deformetrica.core.estimators.gradient_ascent - INFO - 		7.592E-05   and   2.005E+04 	[ momenta ]
2021-08-03 15:45:49,025 - deformetrica.core.estimators.gradient_ascent - INFO - >> Step size and gradient norm: 
2021-08-03 15:45:49,026 - deformetrica.core.estimators.gradient_ascent - INFO - 		2.662E-05   and   5.574E+04 	[ landmark_points ]
2021-08-03 15:45:49,029 - deformetrica.core.estimators.gradient_ascent - INFO - 		3.796E-05   and   2.005E+04 	[ momenta ]
2021-08-03 15:45:49,377 - deformetrica.core.estimators.gradient_ascent - INFO - ------------------------------------- Iteration: 51 -------------------------------------
2021-08-03 15:45:49,378 - deformetrica.core.estimators.gradient_ascent - INFO - >> Log-likelihood = -1.115E+06 	 [ attachment = -1.103E+06 ; regularity = -1.240E+04 ]
2021-08-03 15:45:49,891 - deformetrica.core.estimators.gradient_ascent - INFO - >> Step size and gradient norm: 
2021-08-03 15:45:49,892 - deformetrica.core.estimators.gradient_ascent - INFO - 		3.993E-05   and   5.207E+04 	[ landmark_points ]
2021-08-03 15:45:49,923 - deformetrica.core.estimators.gradient_ascent - INFO - 		5.694E-05   and   1.874E+04 	[ momenta ]
2021-08-03 15:45:50,931 - deformetrica.core.estimators.gradient_ascent - INFO - ------------------------------------- Iteration: 52 -------------------------------------
2021-08-03 15:45:50,932 - deformetrica.core.estimators.gradient_ascent - INFO - >> Log-likelihood = -1.106E+06 	 [ attachment = -1.093E+06 ; regularity = -1.246E+04 ]
2021-08-03 15:45:51,449 - deformetrica.core.estimators.gradient_ascent - INFO - >> Step size and gradient norm: 
2021-08-03 15:45:51,450 - deformetrica.core.estimators.gradient_ascent - INFO - 		1.996E-05   and   4.703E+04 	[ landmark_points ]
2021-08-03 15:45:51,451 - deformetrica.core.estimators.gradient_ascent - INFO - 		5.694E-05   and   1.876E+04 	[ momenta ]
2021-08-03 15:45:51,786 - deformetrica.core.estimators.gradient_ascent - INFO - ------------------------------------- Iteration: 53 -------------------------------------
2021-08-03 15:45:51,787 - deformetrica.core.estimators.gradient_ascent - INFO - >> Log-likelihood = -1.097E+06 	 [ attachment = -1.085E+06 ; regularity = -1.252E+04 ]
2021-08-03 15:45:52,295 - deformetrica.core.estimators.gradient_ascent - INFO - >> Step size and gradient norm: 
2021-08-03 15:45:52,296 - deformetrica.core.estimators.gradient_ascent - INFO - 		2.995E-05   and   4.522E+04 	[ landmark_points ]
2021-08-03 15:45:52,297 - deformetrica.core.estimators.gradient_ascent - INFO - 		8.541E-05   and   1.777E+04 	[ momenta ]
2021-08-03 15:45:53,298 - deformetrica.core.estimators.gradient_ascent - INFO - ------------------------------------- Iteration: 54 -------------------------------------
2021-08-03 15:45:53,299 - deformetrica.core.estimators.gradient_ascent - INFO - >> Log-likelihood = -1.092E+06 	 [ attachment = -1.079E+06 ; regularity = -1.260E+04 ]
2021-08-03 15:45:53,805 - deformetrica.core.estimators.gradient_ascent - INFO - >> Step size and gradient norm: 
2021-08-03 15:45:53,807 - deformetrica.core.estimators.gradient_ascent - INFO - 		1.497E-05   and   5.015E+04 	[ landmark_points ]
2021-08-03 15:45:53,808 - deformetrica.core.estimators.gradient_ascent - INFO - 		8.541E-05   and   2.162E+04 	[ momenta ]
2021-08-03 15:45:54,137 - deformetrica.core.estimators.gradient_ascent - INFO - ------------------------------------- Iteration: 55 -------------------------------------
2021-08-03 15:45:54,138 - deformetrica.core.estimators.gradient_ascent - INFO - >> Log-likelihood = -1.089E+06 	 [ attachment = -1.076E+06 ; regularity = -1.268E+04 ]
2021-08-03 15:45:54,640 - deformetrica.core.estimators.gradient_ascent - INFO - >> Step size and gradient norm: 
2021-08-03 15:45:54,641 - deformetrica.core.estimators.gradient_ascent - INFO - 		2.246E-05   and   6.256E+04 	[ landmark_points ]
2021-08-03 15:45:54,642 - deformetrica.core.estimators.gradient_ascent - INFO - 		1.281E-04   and   2.645E+04 	[ momenta ]
2021-08-03 15:45:55,949 - deformetrica.core.estimators.gradient_ascent - INFO - ------------------------------------- Iteration: 56 -------------------------------------
2021-08-03 15:45:55,951 - deformetrica.core.estimators.gradient_ascent - INFO - >> Log-likelihood = -1.086E+06 	 [ attachment = -1.073E+06 ; regularity = -1.274E+04 ]
2021-08-03 15:45:56,494 - deformetrica.core.estimators.gradient_ascent - INFO - >> Step size and gradient norm: 
2021-08-03 15:45:56,495 - deformetrica.core.estimators.gradient_ascent - INFO - 		2.246E-05   and   7.741E+04 	[ landmark_points ]
2021-08-03 15:45:56,496 - deformetrica.core.estimators.gradient_ascent - INFO - 		6.406E-05   and   2.944E+04 	[ momenta ]
2021-08-03 15:45:56,963 - deformetrica.core.estimators.gradient_ascent - INFO - Tolerance threshold met. Stopping the optimization process.
2021-08-03 15:45:57,675 - root - INFO - >> Estimation took: 01 minutes and 15 seconds
