2021-08-03 14:21:01,897 - root - ERROR - Logger has been set to: INFO
2021-08-03 14:21:01,913 - root - INFO - OMP_NUM_THREADS was not found in environment variables. An automatic value will be set.
2021-08-03 14:21:01,917 - root - INFO - OMP_NUM_THREADS will be set to 2
2021-08-03 14:21:01,919 - root - INFO - >> No specified state-file. By default, Deformetrica state will by saved in file: output/deformetrica-state.p.
2021-08-03 14:21:01,922 - root - INFO - >> Removing the pre-existing state file with same path.
2021-08-03 14:21:01,955 - deformetrica.core.models.model_functions - INFO - >> Reading 200 initial control points from file images/mask_initial_control_points/mask_03_initial_control_points.txt.
2021-08-03 14:21:01,957 - deformetrica.core.models.model_functions - INFO - >> Momenta initialized to zero, for 5 subjects.
2021-08-03 14:21:01,958 - root - INFO - >> Started estimator: GradientAscent
2021-08-03 14:21:02,739 - deformetrica.core.estimators.gradient_ascent - INFO - ------------------------------------- Iteration: 0 -------------------------------------
2021-08-03 14:21:02,741 - deformetrica.core.estimators.gradient_ascent - INFO - >> Log-likelihood = -1.654E+05 	 [ attachment = -1.654E+05 ; regularity = 0.000E+00 ]
2021-08-03 14:21:02,743 - deformetrica.core.estimators.gradient_ascent - INFO - >> Step size and gradient norm: 
2021-08-03 14:21:02,745 - deformetrica.core.estimators.gradient_ascent - INFO - 		1.065E-04   and   9.390E+03 	[ landmark_points ]
2021-08-03 14:21:02,747 - deformetrica.core.estimators.gradient_ascent - INFO - 		3.037E-04   and   3.293E+03 	[ momenta ]
2021-08-03 14:21:03,205 - deformetrica.core.estimators.gradient_ascent - INFO - ------------------------------------- Iteration: 1 -------------------------------------
2021-08-03 14:21:03,206 - deformetrica.core.estimators.gradient_ascent - INFO - >> Log-likelihood = -1.606E+05 	 [ attachment = -1.606E+05 ; regularity = -1.820E+00 ]
2021-08-03 14:21:03,837 - deformetrica.core.estimators.gradient_ascent - INFO - >> Step size and gradient norm: 
2021-08-03 14:21:03,838 - deformetrica.core.estimators.gradient_ascent - INFO - 		1.597E-04   and   9.091E+03 	[ landmark_points ]
2021-08-03 14:21:03,841 - deformetrica.core.estimators.gradient_ascent - INFO - 		4.556E-04   and   3.221E+03 	[ momenta ]
2021-08-03 14:21:04,247 - deformetrica.core.estimators.gradient_ascent - INFO - ------------------------------------- Iteration: 2 -------------------------------------
2021-08-03 14:21:04,249 - deformetrica.core.estimators.gradient_ascent - INFO - >> Log-likelihood = -1.536E+05 	 [ attachment = -1.536E+05 ; regularity = -1.107E+01 ]
2021-08-03 14:21:04,853 - deformetrica.core.estimators.gradient_ascent - INFO - >> Step size and gradient norm: 
2021-08-03 14:21:04,854 - deformetrica.core.estimators.gradient_ascent - INFO - 		2.396E-04   and   8.651E+03 	[ landmark_points ]
2021-08-03 14:21:04,856 - deformetrica.core.estimators.gradient_ascent - INFO - 		6.834E-04   and   3.115E+03 	[ momenta ]
2021-08-03 14:21:05,303 - deformetrica.core.estimators.gradient_ascent - INFO - ------------------------------------- Iteration: 3 -------------------------------------
2021-08-03 14:21:05,304 - deformetrica.core.estimators.gradient_ascent - INFO - >> Log-likelihood = -1.441E+05 	 [ attachment = -1.440E+05 ; regularity = -3.836E+01 ]
2021-08-03 14:21:05,942 - deformetrica.core.estimators.gradient_ascent - INFO - >> Step size and gradient norm: 
2021-08-03 14:21:05,943 - deformetrica.core.estimators.gradient_ascent - INFO - 		3.594E-04   and   8.014E+03 	[ landmark_points ]
2021-08-03 14:21:05,944 - deformetrica.core.estimators.gradient_ascent - INFO - 		1.025E-03   and   2.962E+03 	[ momenta ]
2021-08-03 14:21:06,357 - deformetrica.core.estimators.gradient_ascent - INFO - ------------------------------------- Iteration: 4 -------------------------------------
2021-08-03 14:21:06,358 - deformetrica.core.estimators.gradient_ascent - INFO - >> Log-likelihood = -1.314E+05 	 [ attachment = -1.313E+05 ; regularity = -1.055E+02 ]
2021-08-03 14:21:06,984 - deformetrica.core.estimators.gradient_ascent - INFO - >> Step size and gradient norm: 
2021-08-03 14:21:06,985 - deformetrica.core.estimators.gradient_ascent - INFO - 		5.391E-04   and   7.115E+03 	[ landmark_points ]
2021-08-03 14:21:06,986 - deformetrica.core.estimators.gradient_ascent - INFO - 		1.538E-03   and   2.743E+03 	[ momenta ]
2021-08-03 14:21:07,390 - deformetrica.core.estimators.gradient_ascent - INFO - ------------------------------------- Iteration: 5 -------------------------------------
2021-08-03 14:21:07,391 - deformetrica.core.estimators.gradient_ascent - INFO - >> Log-likelihood = -1.157E+05 	 [ attachment = -1.155E+05 ; regularity = -2.531E+02 ]
2021-08-03 14:21:07,981 - deformetrica.core.estimators.gradient_ascent - INFO - >> Step size and gradient norm: 
2021-08-03 14:21:07,983 - deformetrica.core.estimators.gradient_ascent - INFO - 		8.087E-04   and   5.913E+03 	[ landmark_points ]
2021-08-03 14:21:07,984 - deformetrica.core.estimators.gradient_ascent - INFO - 		2.306E-03   and   2.445E+03 	[ momenta ]
2021-08-03 14:21:08,376 - deformetrica.core.estimators.gradient_ascent - INFO - ------------------------------------- Iteration: 6 -------------------------------------
2021-08-03 14:21:08,377 - deformetrica.core.estimators.gradient_ascent - INFO - >> Log-likelihood = -9.802E+04 	 [ attachment = -9.747E+04 ; regularity = -5.463E+02 ]
2021-08-03 14:21:08,991 - deformetrica.core.estimators.gradient_ascent - INFO - >> Step size and gradient norm: 
2021-08-03 14:21:08,992 - deformetrica.core.estimators.gradient_ascent - INFO - 		1.213E-03   and   4.459E+03 	[ landmark_points ]
2021-08-03 14:21:08,994 - deformetrica.core.estimators.gradient_ascent - INFO - 		3.460E-03   and   2.065E+03 	[ momenta ]
2021-08-03 14:21:09,399 - deformetrica.core.estimators.gradient_ascent - INFO - ------------------------------------- Iteration: 7 -------------------------------------
2021-08-03 14:21:09,400 - deformetrica.core.estimators.gradient_ascent - INFO - >> Log-likelihood = -8.036E+04 	 [ attachment = -7.929E+04 ; regularity = -1.065E+03 ]
2021-08-03 14:21:10,007 - deformetrica.core.estimators.gradient_ascent - INFO - >> Step size and gradient norm: 
2021-08-03 14:21:10,009 - deformetrica.core.estimators.gradient_ascent - INFO - 		1.820E-03   and   2.970E+03 	[ landmark_points ]
2021-08-03 14:21:10,011 - deformetrica.core.estimators.gradient_ascent - INFO - 		5.189E-03   and   1.632E+03 	[ momenta ]
2021-08-03 14:21:10,461 - deformetrica.core.estimators.gradient_ascent - INFO - ------------------------------------- Iteration: 8 -------------------------------------
2021-08-03 14:21:10,463 - deformetrica.core.estimators.gradient_ascent - INFO - >> Log-likelihood = -6.517E+04 	 [ attachment = -6.331E+04 ; regularity = -1.858E+03 ]
2021-08-03 14:21:11,070 - deformetrica.core.estimators.gradient_ascent - INFO - >> Step size and gradient norm: 
2021-08-03 14:21:11,071 - deformetrica.core.estimators.gradient_ascent - INFO - 		2.729E-03   and   1.769E+03 	[ landmark_points ]
2021-08-03 14:21:11,073 - deformetrica.core.estimators.gradient_ascent - INFO - 		7.784E-03   and   1.196E+03 	[ momenta ]
2021-08-03 14:21:11,475 - deformetrica.core.estimators.gradient_ascent - INFO - ------------------------------------- Iteration: 9 -------------------------------------
2021-08-03 14:21:11,477 - deformetrica.core.estimators.gradient_ascent - INFO - >> Log-likelihood = -5.400E+04 	 [ attachment = -5.113E+04 ; regularity = -2.868E+03 ]
2021-08-03 14:21:12,101 - deformetrica.core.estimators.gradient_ascent - INFO - >> Step size and gradient norm: 
2021-08-03 14:21:12,102 - deformetrica.core.estimators.gradient_ascent - INFO - 		4.094E-03   and   1.164E+03 	[ landmark_points ]
2021-08-03 14:21:12,133 - deformetrica.core.estimators.gradient_ascent - INFO - 		1.168E-02   and   8.230E+02 	[ momenta ]
2021-08-03 14:21:12,687 - deformetrica.core.estimators.gradient_ascent - INFO - ------------------------------------- Iteration: 10 -------------------------------------
2021-08-03 14:21:12,688 - deformetrica.core.estimators.gradient_ascent - INFO - >> Log-likelihood = -4.586E+04 	 [ attachment = -4.195E+04 ; regularity = -3.901E+03 ]
2021-08-03 14:21:13,307 - deformetrica.core.estimators.gradient_ascent - INFO - >> Step size and gradient norm: 
2021-08-03 14:21:13,309 - deformetrica.core.estimators.gradient_ascent - INFO - 		6.141E-03   and   9.499E+02 	[ landmark_points ]
2021-08-03 14:21:13,310 - deformetrica.core.estimators.gradient_ascent - INFO - 		1.751E-02   and   6.297E+02 	[ momenta ]
2021-08-03 14:21:13,722 - deformetrica.core.estimators.gradient_ascent - INFO - ------------------------------------- Iteration: 11 -------------------------------------
2021-08-03 14:21:13,723 - deformetrica.core.estimators.gradient_ascent - INFO - >> Log-likelihood = -3.912E+04 	 [ attachment = -3.413E+04 ; regularity = -4.994E+03 ]
2021-08-03 14:21:14,315 - deformetrica.core.estimators.gradient_ascent - INFO - >> Step size and gradient norm: 
2021-08-03 14:21:14,317 - deformetrica.core.estimators.gradient_ascent - INFO - 		9.212E-03   and   8.860E+02 	[ landmark_points ]
2021-08-03 14:21:14,318 - deformetrica.core.estimators.gradient_ascent - INFO - 		2.627E-02   and   4.851E+02 	[ momenta ]
2021-08-03 14:21:14,690 - deformetrica.core.estimators.gradient_ascent - INFO - ------------------------------------- Iteration: 12 -------------------------------------
2021-08-03 14:21:14,691 - deformetrica.core.estimators.gradient_ascent - INFO - >> Log-likelihood = -3.666E+04 	 [ attachment = -3.025E+04 ; regularity = -6.403E+03 ]
2021-08-03 14:21:15,341 - deformetrica.core.estimators.gradient_ascent - INFO - >> Step size and gradient norm: 
2021-08-03 14:21:15,343 - deformetrica.core.estimators.gradient_ascent - INFO - 		1.382E-02   and   2.118E+03 	[ landmark_points ]
2021-08-03 14:21:15,344 - deformetrica.core.estimators.gradient_ascent - INFO - 		3.941E-02   and   9.534E+02 	[ momenta ]
2021-08-03 14:21:16,502 - deformetrica.core.estimators.gradient_ascent - INFO - >> Step size and gradient norm: 
2021-08-03 14:21:16,503 - deformetrica.core.estimators.gradient_ascent - INFO - 		6.909E-03   and   2.118E+03 	[ landmark_points ]
2021-08-03 14:21:16,507 - deformetrica.core.estimators.gradient_ascent - INFO - 		1.970E-02   and   9.534E+02 	[ momenta ]
2021-08-03 14:21:17,650 - deformetrica.core.estimators.gradient_ascent - INFO - >> Step size and gradient norm: 
2021-08-03 14:21:17,651 - deformetrica.core.estimators.gradient_ascent - INFO - 		3.454E-03   and   2.118E+03 	[ landmark_points ]
2021-08-03 14:21:17,681 - deformetrica.core.estimators.gradient_ascent - INFO - 		9.852E-03   and   9.534E+02 	[ momenta ]
2021-08-03 14:21:18,349 - deformetrica.core.estimators.gradient_ascent - INFO - ------------------------------------- Iteration: 13 -------------------------------------
2021-08-03 14:21:18,350 - deformetrica.core.estimators.gradient_ascent - INFO - >> Log-likelihood = -3.417E+04 	 [ attachment = -2.772E+04 ; regularity = -6.441E+03 ]
2021-08-03 14:21:19,041 - deformetrica.core.estimators.gradient_ascent - INFO - >> Step size and gradient norm: 
2021-08-03 14:21:19,043 - deformetrica.core.estimators.gradient_ascent - INFO - 		5.182E-03   and   2.259E+03 	[ landmark_points ]
2021-08-03 14:21:19,044 - deformetrica.core.estimators.gradient_ascent - INFO - 		1.478E-02   and   7.955E+02 	[ momenta ]
2021-08-03 14:21:21,104 - deformetrica.core.estimators.gradient_ascent - INFO - >> Step size and gradient norm: 
2021-08-03 14:21:21,106 - deformetrica.core.estimators.gradient_ascent - INFO - 		2.591E-03   and   2.259E+03 	[ landmark_points ]
2021-08-03 14:21:21,108 - deformetrica.core.estimators.gradient_ascent - INFO - 		7.389E-03   and   7.955E+02 	[ momenta ]
2021-08-03 14:21:21,596 - deformetrica.core.estimators.gradient_ascent - INFO - ------------------------------------- Iteration: 14 -------------------------------------
2021-08-03 14:21:21,598 - deformetrica.core.estimators.gradient_ascent - INFO - >> Log-likelihood = -3.171E+04 	 [ attachment = -2.496E+04 ; regularity = -6.751E+03 ]
2021-08-03 14:21:22,253 - deformetrica.core.estimators.gradient_ascent - INFO - >> Step size and gradient norm: 
2021-08-03 14:21:22,254 - deformetrica.core.estimators.gradient_ascent - INFO - 		3.886E-03   and   1.624E+03 	[ landmark_points ]
2021-08-03 14:21:22,255 - deformetrica.core.estimators.gradient_ascent - INFO - 		1.108E-02   and   6.287E+02 	[ momenta ]
2021-08-03 14:21:24,327 - deformetrica.core.estimators.gradient_ascent - INFO - ------------------------------------- Iteration: 15 -------------------------------------
2021-08-03 14:21:24,329 - deformetrica.core.estimators.gradient_ascent - INFO - >> Log-likelihood = -3.127E+04 	 [ attachment = -2.443E+04 ; regularity = -6.839E+03 ]
2021-08-03 14:21:25,123 - deformetrica.core.estimators.gradient_ascent - INFO - >> Step size and gradient norm: 
2021-08-03 14:21:25,124 - deformetrica.core.estimators.gradient_ascent - INFO - 		3.886E-03   and   1.949E+03 	[ landmark_points ]
2021-08-03 14:21:25,125 - deformetrica.core.estimators.gradient_ascent - INFO - 		5.542E-03   and   7.099E+02 	[ momenta ]
2021-08-03 14:21:27,932 - deformetrica.core.estimators.gradient_ascent - INFO - ------------------------------------- Iteration: 16 -------------------------------------
2021-08-03 14:21:27,933 - deformetrica.core.estimators.gradient_ascent - INFO - >> Log-likelihood = -2.991E+04 	 [ attachment = -2.289E+04 ; regularity = -7.022E+03 ]
2021-08-03 14:21:28,686 - deformetrica.core.estimators.gradient_ascent - INFO - >> Step size and gradient norm: 
2021-08-03 14:21:28,687 - deformetrica.core.estimators.gradient_ascent - INFO - 		1.943E-03   and   1.297E+03 	[ landmark_points ]
2021-08-03 14:21:28,689 - deformetrica.core.estimators.gradient_ascent - INFO - 		5.542E-03   and   5.455E+02 	[ momenta ]
2021-08-03 14:21:29,477 - deformetrica.core.estimators.gradient_ascent - INFO - ------------------------------------- Iteration: 17 -------------------------------------
2021-08-03 14:21:29,478 - deformetrica.core.estimators.gradient_ascent - INFO - >> Log-likelihood = -2.910E+04 	 [ attachment = -2.200E+04 ; regularity = -7.103E+03 ]
2021-08-03 14:21:31,723 - deformetrica.core.estimators.gradient_ascent - INFO - >> Step size and gradient norm: 
2021-08-03 14:21:31,725 - deformetrica.core.estimators.gradient_ascent - INFO - 		2.915E-03   and   1.061E+03 	[ landmark_points ]
2021-08-03 14:21:31,727 - deformetrica.core.estimators.gradient_ascent - INFO - 		8.312E-03   and   4.350E+02 	[ momenta ]
2021-08-03 14:21:32,745 - deformetrica.core.estimators.gradient_ascent - INFO - ------------------------------------- Iteration: 18 -------------------------------------
2021-08-03 14:21:32,746 - deformetrica.core.estimators.gradient_ascent - INFO - >> Log-likelihood = -2.884E+04 	 [ attachment = -2.154E+04 ; regularity = -7.303E+03 ]
2021-08-03 14:21:33,674 - deformetrica.core.estimators.gradient_ascent - INFO - >> Step size and gradient norm: 
2021-08-03 14:21:33,677 - deformetrica.core.estimators.gradient_ascent - INFO - 		4.372E-03   and   1.656E+03 	[ landmark_points ]
2021-08-03 14:21:33,706 - deformetrica.core.estimators.gradient_ascent - INFO - 		1.247E-02   and   6.360E+02 	[ momenta ]
2021-08-03 14:21:35,078 - deformetrica.core.estimators.gradient_ascent - INFO - >> Step size and gradient norm: 
2021-08-03 14:21:35,079 - deformetrica.core.estimators.gradient_ascent - INFO - 		2.186E-03   and   1.656E+03 	[ landmark_points ]
2021-08-03 14:21:35,080 - deformetrica.core.estimators.gradient_ascent - INFO - 		6.234E-03   and   6.360E+02 	[ momenta ]
2021-08-03 14:21:35,454 - deformetrica.core.estimators.gradient_ascent - INFO - ------------------------------------- Iteration: 19 -------------------------------------
2021-08-03 14:21:35,456 - deformetrica.core.estimators.gradient_ascent - INFO - >> Log-likelihood = -2.830E+04 	 [ attachment = -2.092E+04 ; regularity = -7.387E+03 ]
2021-08-03 14:21:36,056 - deformetrica.core.estimators.gradient_ascent - INFO - >> Step size and gradient norm: 
2021-08-03 14:21:36,058 - deformetrica.core.estimators.gradient_ascent - INFO - 		3.279E-03   and   1.702E+03 	[ landmark_points ]
2021-08-03 14:21:36,059 - deformetrica.core.estimators.gradient_ascent - INFO - 		9.351E-03   and   6.310E+02 	[ momenta ]
2021-08-03 14:21:37,181 - deformetrica.core.estimators.gradient_ascent - INFO - ------------------------------------- Iteration: 20 -------------------------------------
2021-08-03 14:21:37,183 - deformetrica.core.estimators.gradient_ascent - INFO - >> Log-likelihood = -2.807E+04 	 [ attachment = -2.058E+04 ; regularity = -7.483E+03 ]
2021-08-03 14:21:37,778 - deformetrica.core.estimators.gradient_ascent - INFO - >> Step size and gradient norm: 
2021-08-03 14:21:37,779 - deformetrica.core.estimators.gradient_ascent - INFO - 		3.279E-03   and   1.973E+03 	[ landmark_points ]
2021-08-03 14:21:37,780 - deformetrica.core.estimators.gradient_ascent - INFO - 		4.676E-03   and   6.675E+02 	[ momenta ]
2021-08-03 14:21:38,164 - deformetrica.core.estimators.gradient_ascent - INFO - ------------------------------------- Iteration: 21 -------------------------------------
2021-08-03 14:21:38,165 - deformetrica.core.estimators.gradient_ascent - INFO - >> Log-likelihood = -2.794E+04 	 [ attachment = -2.039E+04 ; regularity = -7.547E+03 ]
2021-08-03 14:21:38,765 - deformetrica.core.estimators.gradient_ascent - INFO - >> Step size and gradient norm: 
2021-08-03 14:21:38,766 - deformetrica.core.estimators.gradient_ascent - INFO - 		4.918E-03   and   2.219E+03 	[ landmark_points ]
2021-08-03 14:21:38,795 - deformetrica.core.estimators.gradient_ascent - INFO - 		7.014E-03   and   7.359E+02 	[ momenta ]
2021-08-03 14:21:40,286 - deformetrica.core.estimators.gradient_ascent - INFO - >> Step size and gradient norm: 
2021-08-03 14:21:40,287 - deformetrica.core.estimators.gradient_ascent - INFO - 		2.459E-03   and   2.219E+03 	[ landmark_points ]
2021-08-03 14:21:40,289 - deformetrica.core.estimators.gradient_ascent - INFO - 		3.507E-03   and   7.359E+02 	[ momenta ]
2021-08-03 14:21:40,673 - deformetrica.core.estimators.gradient_ascent - INFO - ------------------------------------- Iteration: 22 -------------------------------------
2021-08-03 14:21:40,674 - deformetrica.core.estimators.gradient_ascent - INFO - >> Log-likelihood = -2.681E+04 	 [ attachment = -1.920E+04 ; regularity = -7.611E+03 ]
2021-08-03 14:21:41,320 - deformetrica.core.estimators.gradient_ascent - INFO - >> Step size and gradient norm: 
2021-08-03 14:21:41,322 - deformetrica.core.estimators.gradient_ascent - INFO - 		3.689E-03   and   1.361E+03 	[ landmark_points ]
2021-08-03 14:21:41,323 - deformetrica.core.estimators.gradient_ascent - INFO - 		5.260E-03   and   4.754E+02 	[ momenta ]
2021-08-03 14:21:42,511 - deformetrica.core.estimators.gradient_ascent - INFO - ------------------------------------- Iteration: 23 -------------------------------------
2021-08-03 14:21:42,512 - deformetrica.core.estimators.gradient_ascent - INFO - >> Log-likelihood = -2.626E+04 	 [ attachment = -1.858E+04 ; regularity = -7.683E+03 ]
2021-08-03 14:21:43,100 - deformetrica.core.estimators.gradient_ascent - INFO - >> Step size and gradient norm: 
2021-08-03 14:21:43,101 - deformetrica.core.estimators.gradient_ascent - INFO - 		1.844E-03   and   9.148E+02 	[ landmark_points ]
2021-08-03 14:21:43,102 - deformetrica.core.estimators.gradient_ascent - INFO - 		5.260E-03   and   3.765E+02 	[ momenta ]
2021-08-03 14:21:43,453 - deformetrica.core.estimators.gradient_ascent - INFO - ------------------------------------- Iteration: 24 -------------------------------------
2021-08-03 14:21:43,454 - deformetrica.core.estimators.gradient_ascent - INFO - >> Log-likelihood = -2.589E+04 	 [ attachment = -1.814E+04 ; regularity = -7.757E+03 ]
2021-08-03 14:21:44,035 - deformetrica.core.estimators.gradient_ascent - INFO - >> Step size and gradient norm: 
2021-08-03 14:21:44,036 - deformetrica.core.estimators.gradient_ascent - INFO - 		2.767E-03   and   7.006E+02 	[ landmark_points ]
2021-08-03 14:21:44,065 - deformetrica.core.estimators.gradient_ascent - INFO - 		7.890E-03   and   2.976E+02 	[ momenta ]
2021-08-03 14:21:44,532 - deformetrica.core.estimators.gradient_ascent - INFO - ------------------------------------- Iteration: 25 -------------------------------------
2021-08-03 14:21:44,533 - deformetrica.core.estimators.gradient_ascent - INFO - >> Log-likelihood = -2.578E+04 	 [ attachment = -1.792E+04 ; regularity = -7.858E+03 ]
2021-08-03 14:21:45,128 - deformetrica.core.estimators.gradient_ascent - INFO - >> Step size and gradient norm: 
2021-08-03 14:21:45,130 - deformetrica.core.estimators.gradient_ascent - INFO - 		4.150E-03   and   1.070E+03 	[ landmark_points ]
2021-08-03 14:21:45,132 - deformetrica.core.estimators.gradient_ascent - INFO - 		1.184E-02   and   4.108E+02 	[ momenta ]
2021-08-03 14:21:46,256 - deformetrica.core.estimators.gradient_ascent - INFO - >> Step size and gradient norm: 
2021-08-03 14:21:46,257 - deformetrica.core.estimators.gradient_ascent - INFO - 		2.075E-03   and   1.070E+03 	[ landmark_points ]
2021-08-03 14:21:46,259 - deformetrica.core.estimators.gradient_ascent - INFO - 		5.918E-03   and   4.108E+02 	[ momenta ]
2021-08-03 14:21:46,631 - deformetrica.core.estimators.gradient_ascent - INFO - ------------------------------------- Iteration: 26 -------------------------------------
2021-08-03 14:21:46,632 - deformetrica.core.estimators.gradient_ascent - INFO - >> Log-likelihood = -2.553E+04 	 [ attachment = -1.761E+04 ; regularity = -7.923E+03 ]
2021-08-03 14:21:47,231 - deformetrica.core.estimators.gradient_ascent - INFO - >> Step size and gradient norm: 
2021-08-03 14:21:47,232 - deformetrica.core.estimators.gradient_ascent - INFO - 		3.112E-03   and   1.030E+03 	[ landmark_points ]
2021-08-03 14:21:47,233 - deformetrica.core.estimators.gradient_ascent - INFO - 		8.877E-03   and   3.882E+02 	[ momenta ]
2021-08-03 14:21:48,302 - deformetrica.core.estimators.gradient_ascent - INFO - ------------------------------------- Iteration: 27 -------------------------------------
2021-08-03 14:21:48,303 - deformetrica.core.estimators.gradient_ascent - INFO - >> Log-likelihood = -2.540E+04 	 [ attachment = -1.744E+04 ; regularity = -7.965E+03 ]
2021-08-03 14:21:48,924 - deformetrica.core.estimators.gradient_ascent - INFO - >> Step size and gradient norm: 
2021-08-03 14:21:48,925 - deformetrica.core.estimators.gradient_ascent - INFO - 		3.112E-03   and   1.143E+03 	[ landmark_points ]
2021-08-03 14:21:48,926 - deformetrica.core.estimators.gradient_ascent - INFO - 		4.438E-03   and   3.911E+02 	[ momenta ]
2021-08-03 14:21:49,294 - deformetrica.core.estimators.gradient_ascent - INFO - ------------------------------------- Iteration: 28 -------------------------------------
2021-08-03 14:21:49,295 - deformetrica.core.estimators.gradient_ascent - INFO - >> Log-likelihood = -2.532E+04 	 [ attachment = -1.731E+04 ; regularity = -8.008E+03 ]
2021-08-03 14:21:50,010 - deformetrica.core.estimators.gradient_ascent - INFO - >> Step size and gradient norm: 
2021-08-03 14:21:50,011 - deformetrica.core.estimators.gradient_ascent - INFO - 		4.669E-03   and   1.215E+03 	[ landmark_points ]
2021-08-03 14:21:50,013 - deformetrica.core.estimators.gradient_ascent - INFO - 		6.657E-03   and   4.141E+02 	[ momenta ]
2021-08-03 14:21:51,126 - deformetrica.core.estimators.gradient_ascent - INFO - ------------------------------------- Iteration: 29 -------------------------------------
2021-08-03 14:21:51,128 - deformetrica.core.estimators.gradient_ascent - INFO - >> Log-likelihood = -2.530E+04 	 [ attachment = -1.723E+04 ; regularity = -8.064E+03 ]
2021-08-03 14:21:51,766 - deformetrica.core.estimators.gradient_ascent - INFO - >> Step size and gradient norm: 
2021-08-03 14:21:51,767 - deformetrica.core.estimators.gradient_ascent - INFO - 		2.334E-03   and   1.374E+03 	[ landmark_points ]
2021-08-03 14:21:51,769 - deformetrica.core.estimators.gradient_ascent - INFO - 		6.657E-03   and   4.950E+02 	[ momenta ]
2021-08-03 14:21:52,872 - deformetrica.core.estimators.gradient_ascent - INFO - ------------------------------------- Iteration: 30 -------------------------------------
2021-08-03 14:21:52,873 - deformetrica.core.estimators.gradient_ascent - INFO - >> Log-likelihood = -2.482E+04 	 [ attachment = -1.674E+04 ; regularity = -8.085E+03 ]
2021-08-03 14:21:53,478 - deformetrica.core.estimators.gradient_ascent - INFO - >> Step size and gradient norm: 
2021-08-03 14:21:53,479 - deformetrica.core.estimators.gradient_ascent - INFO - 		2.334E-03   and   8.129E+02 	[ landmark_points ]
2021-08-03 14:21:53,481 - deformetrica.core.estimators.gradient_ascent - INFO - 		3.329E-03   and   2.771E+02 	[ momenta ]
2021-08-03 14:21:53,838 - deformetrica.core.estimators.gradient_ascent - INFO - ------------------------------------- Iteration: 31 -------------------------------------
2021-08-03 14:21:53,839 - deformetrica.core.estimators.gradient_ascent - INFO - >> Log-likelihood = -2.460E+04 	 [ attachment = -1.649E+04 ; regularity = -8.110E+03 ]
2021-08-03 14:21:54,412 - deformetrica.core.estimators.gradient_ascent - INFO - >> Step size and gradient norm: 
2021-08-03 14:21:54,414 - deformetrica.core.estimators.gradient_ascent - INFO - 		3.501E-03   and   4.519E+02 	[ landmark_points ]
2021-08-03 14:21:54,442 - deformetrica.core.estimators.gradient_ascent - INFO - 		4.993E-03   and   2.012E+02 	[ momenta ]
2021-08-03 14:21:55,184 - deformetrica.core.estimators.gradient_ascent - INFO - ------------------------------------- Iteration: 32 -------------------------------------
2021-08-03 14:21:55,185 - deformetrica.core.estimators.gradient_ascent - INFO - >> Log-likelihood = -2.450E+04 	 [ attachment = -1.636E+04 ; regularity = -8.143E+03 ]
2021-08-03 14:21:55,790 - deformetrica.core.estimators.gradient_ascent - INFO - >> Step size and gradient norm: 
2021-08-03 14:21:55,791 - deformetrica.core.estimators.gradient_ascent - INFO - 		5.252E-03   and   6.117E+02 	[ landmark_points ]
2021-08-03 14:21:55,793 - deformetrica.core.estimators.gradient_ascent - INFO - 		7.490E-03   and   2.287E+02 	[ momenta ]
2021-08-03 14:21:56,919 - deformetrica.core.estimators.gradient_ascent - INFO - ------------------------------------- Iteration: 33 -------------------------------------
2021-08-03 14:21:56,920 - deformetrica.core.estimators.gradient_ascent - INFO - >> Log-likelihood = -2.447E+04 	 [ attachment = -1.628E+04 ; regularity = -8.196E+03 ]
2021-08-03 14:21:57,522 - deformetrica.core.estimators.gradient_ascent - INFO - >> Step size and gradient norm: 
2021-08-03 14:21:57,524 - deformetrica.core.estimators.gradient_ascent - INFO - 		2.626E-03   and   8.455E+02 	[ landmark_points ]
2021-08-03 14:21:57,525 - deformetrica.core.estimators.gradient_ascent - INFO - 		7.490E-03   and   3.200E+02 	[ momenta ]
2021-08-03 14:21:58,641 - deformetrica.core.estimators.gradient_ascent - INFO - ------------------------------------- Iteration: 34 -------------------------------------
2021-08-03 14:21:58,642 - deformetrica.core.estimators.gradient_ascent - INFO - >> Log-likelihood = -2.430E+04 	 [ attachment = -1.608E+04 ; regularity = -8.214E+03 ]
2021-08-03 14:21:59,234 - deformetrica.core.estimators.gradient_ascent - INFO - >> Step size and gradient norm: 
2021-08-03 14:21:59,236 - deformetrica.core.estimators.gradient_ascent - INFO - 		2.626E-03   and   6.856E+02 	[ landmark_points ]
2021-08-03 14:21:59,237 - deformetrica.core.estimators.gradient_ascent - INFO - 		3.745E-03   and   2.408E+02 	[ momenta ]
2021-08-03 14:21:59,639 - deformetrica.core.estimators.gradient_ascent - INFO - ------------------------------------- Iteration: 35 -------------------------------------
2021-08-03 14:21:59,641 - deformetrica.core.estimators.gradient_ascent - INFO - >> Log-likelihood = -2.416E+04 	 [ attachment = -1.592E+04 ; regularity = -8.238E+03 ]
2021-08-03 14:22:00,352 - deformetrica.core.estimators.gradient_ascent - INFO - >> Step size and gradient norm: 
2021-08-03 14:22:00,354 - deformetrica.core.estimators.gradient_ascent - INFO - 		3.939E-03   and   5.211E+02 	[ landmark_points ]
2021-08-03 14:22:00,355 - deformetrica.core.estimators.gradient_ascent - INFO - 		5.617E-03   and   2.136E+02 	[ momenta ]
2021-08-03 14:22:01,440 - deformetrica.core.estimators.gradient_ascent - INFO - ------------------------------------- Iteration: 36 -------------------------------------
2021-08-03 14:22:01,442 - deformetrica.core.estimators.gradient_ascent - INFO - >> Log-likelihood = -2.403E+04 	 [ attachment = -1.576E+04 ; regularity = -8.266E+03 ]
2021-08-03 14:22:02,228 - deformetrica.core.estimators.gradient_ascent - INFO - >> Step size and gradient norm: 
2021-08-03 14:22:02,229 - deformetrica.core.estimators.gradient_ascent - INFO - 		1.970E-03   and   4.574E+02 	[ landmark_points ]
2021-08-03 14:22:02,230 - deformetrica.core.estimators.gradient_ascent - INFO - 		5.617E-03   and   1.934E+02 	[ momenta ]
2021-08-03 14:22:02,616 - deformetrica.core.estimators.gradient_ascent - INFO - ------------------------------------- Iteration: 37 -------------------------------------
2021-08-03 14:22:02,617 - deformetrica.core.estimators.gradient_ascent - INFO - >> Log-likelihood = -2.390E+04 	 [ attachment = -1.560E+04 ; regularity = -8.300E+03 ]
2021-08-03 14:22:03,215 - deformetrica.core.estimators.gradient_ascent - INFO - >> Step size and gradient norm: 
2021-08-03 14:22:03,216 - deformetrica.core.estimators.gradient_ascent - INFO - 		2.954E-03   and   3.964E+02 	[ landmark_points ]
2021-08-03 14:22:03,218 - deformetrica.core.estimators.gradient_ascent - INFO - 		8.426E-03   and   1.847E+02 	[ momenta ]
2021-08-03 14:22:03,595 - deformetrica.core.estimators.gradient_ascent - INFO - ------------------------------------- Iteration: 38 -------------------------------------
2021-08-03 14:22:03,596 - deformetrica.core.estimators.gradient_ascent - INFO - >> Log-likelihood = -2.383E+04 	 [ attachment = -1.549E+04 ; regularity = -8.343E+03 ]
2021-08-03 14:22:04,276 - deformetrica.core.estimators.gradient_ascent - INFO - >> Step size and gradient norm: 
2021-08-03 14:22:04,277 - deformetrica.core.estimators.gradient_ascent - INFO - 		4.432E-03   and   7.026E+02 	[ landmark_points ]
2021-08-03 14:22:04,281 - deformetrica.core.estimators.gradient_ascent - INFO - 		1.264E-02   and   2.714E+02 	[ momenta ]
2021-08-03 14:22:05,421 - deformetrica.core.estimators.gradient_ascent - INFO - >> Step size and gradient norm: 
2021-08-03 14:22:05,422 - deformetrica.core.estimators.gradient_ascent - INFO - 		2.216E-03   and   7.026E+02 	[ landmark_points ]
2021-08-03 14:22:05,424 - deformetrica.core.estimators.gradient_ascent - INFO - 		6.319E-03   and   2.714E+02 	[ momenta ]
2021-08-03 14:22:05,837 - deformetrica.core.estimators.gradient_ascent - INFO - ------------------------------------- Iteration: 39 -------------------------------------
2021-08-03 14:22:05,838 - deformetrica.core.estimators.gradient_ascent - INFO - >> Log-likelihood = -2.374E+04 	 [ attachment = -1.536E+04 ; regularity = -8.380E+03 ]
2021-08-03 14:22:06,437 - deformetrica.core.estimators.gradient_ascent - INFO - >> Step size and gradient norm: 
2021-08-03 14:22:06,438 - deformetrica.core.estimators.gradient_ascent - INFO - 		3.324E-03   and   7.677E+02 	[ landmark_points ]
2021-08-03 14:22:06,440 - deformetrica.core.estimators.gradient_ascent - INFO - 		9.479E-03   and   3.033E+02 	[ momenta ]
2021-08-03 14:22:08,020 - deformetrica.core.estimators.gradient_ascent - INFO - ------------------------------------- Iteration: 40 -------------------------------------
2021-08-03 14:22:08,021 - deformetrica.core.estimators.gradient_ascent - INFO - >> Log-likelihood = -2.370E+04 	 [ attachment = -1.530E+04 ; regularity = -8.401E+03 ]
2021-08-03 14:22:08,666 - deformetrica.core.estimators.gradient_ascent - INFO - >> Step size and gradient norm: 
2021-08-03 14:22:08,667 - deformetrica.core.estimators.gradient_ascent - INFO - 		3.324E-03   and   9.911E+02 	[ landmark_points ]
2021-08-03 14:22:08,669 - deformetrica.core.estimators.gradient_ascent - INFO - 		4.739E-03   and   3.404E+02 	[ momenta ]
2021-08-03 14:22:09,739 - deformetrica.core.estimators.gradient_ascent - INFO - ------------------------------------- Iteration: 41 -------------------------------------
2021-08-03 14:22:09,740 - deformetrica.core.estimators.gradient_ascent - INFO - >> Log-likelihood = -2.341E+04 	 [ attachment = -1.498E+04 ; regularity = -8.429E+03 ]
2021-08-03 14:22:10,388 - deformetrica.core.estimators.gradient_ascent - INFO - >> Step size and gradient norm: 
2021-08-03 14:22:10,390 - deformetrica.core.estimators.gradient_ascent - INFO - 		1.662E-03   and   5.365E+02 	[ landmark_points ]
2021-08-03 14:22:10,391 - deformetrica.core.estimators.gradient_ascent - INFO - 		4.739E-03   and   2.430E+02 	[ momenta ]
2021-08-03 14:22:10,770 - deformetrica.core.estimators.gradient_ascent - INFO - ------------------------------------- Iteration: 42 -------------------------------------
2021-08-03 14:22:10,771 - deformetrica.core.estimators.gradient_ascent - INFO - >> Log-likelihood = -2.322E+04 	 [ attachment = -1.477E+04 ; regularity = -8.450E+03 ]
2021-08-03 14:22:11,369 - deformetrica.core.estimators.gradient_ascent - INFO - >> Step size and gradient norm: 
2021-08-03 14:22:11,371 - deformetrica.core.estimators.gradient_ascent - INFO - 		2.493E-03   and   3.713E+02 	[ landmark_points ]
2021-08-03 14:22:11,372 - deformetrica.core.estimators.gradient_ascent - INFO - 		7.109E-03   and   1.843E+02 	[ momenta ]
2021-08-03 14:22:11,749 - deformetrica.core.estimators.gradient_ascent - INFO - ------------------------------------- Iteration: 43 -------------------------------------
2021-08-03 14:22:11,750 - deformetrica.core.estimators.gradient_ascent - INFO - >> Log-likelihood = -2.304E+04 	 [ attachment = -1.455E+04 ; regularity = -8.493E+03 ]
2021-08-03 14:22:12,672 - deformetrica.core.estimators.gradient_ascent - INFO - >> Step size and gradient norm: 
2021-08-03 14:22:12,674 - deformetrica.core.estimators.gradient_ascent - INFO - 		3.739E-03   and   4.647E+02 	[ landmark_points ]
2021-08-03 14:22:12,675 - deformetrica.core.estimators.gradient_ascent - INFO - 		1.066E-02   and   2.262E+02 	[ momenta ]
2021-08-03 14:22:13,041 - deformetrica.core.estimators.gradient_ascent - INFO - ------------------------------------- Iteration: 44 -------------------------------------
2021-08-03 14:22:13,042 - deformetrica.core.estimators.gradient_ascent - INFO - >> Log-likelihood = -2.302E+04 	 [ attachment = -1.447E+04 ; regularity = -8.554E+03 ]
2021-08-03 14:22:13,701 - deformetrica.core.estimators.gradient_ascent - INFO - >> Step size and gradient norm: 
2021-08-03 14:22:13,702 - deformetrica.core.estimators.gradient_ascent - INFO - 		5.609E-03   and   1.137E+03 	[ landmark_points ]
2021-08-03 14:22:13,704 - deformetrica.core.estimators.gradient_ascent - INFO - 		1.600E-02   and   4.281E+02 	[ momenta ]
2021-08-03 14:22:14,891 - deformetrica.core.estimators.gradient_ascent - INFO - >> Step size and gradient norm: 
2021-08-03 14:22:14,893 - deformetrica.core.estimators.gradient_ascent - INFO - 		2.804E-03   and   1.137E+03 	[ landmark_points ]
2021-08-03 14:22:14,894 - deformetrica.core.estimators.gradient_ascent - INFO - 		7.998E-03   and   4.281E+02 	[ momenta ]
2021-08-03 14:22:16,105 - deformetrica.core.estimators.gradient_ascent - INFO - ------------------------------------- Iteration: 45 -------------------------------------
2021-08-03 14:22:16,106 - deformetrica.core.estimators.gradient_ascent - INFO - >> Log-likelihood = -2.276E+04 	 [ attachment = -1.417E+04 ; regularity = -8.580E+03 ]
2021-08-03 14:22:16,687 - deformetrica.core.estimators.gradient_ascent - INFO - >> Step size and gradient norm: 
2021-08-03 14:22:16,689 - deformetrica.core.estimators.gradient_ascent - INFO - 		2.804E-03   and   1.054E+03 	[ landmark_points ]
2021-08-03 14:22:16,690 - deformetrica.core.estimators.gradient_ascent - INFO - 		3.999E-03   and   3.768E+02 	[ momenta ]
2021-08-03 14:22:17,063 - deformetrica.core.estimators.gradient_ascent - INFO - ------------------------------------- Iteration: 46 -------------------------------------
2021-08-03 14:22:17,064 - deformetrica.core.estimators.gradient_ascent - INFO - >> Log-likelihood = -2.254E+04 	 [ attachment = -1.394E+04 ; regularity = -8.600E+03 ]
2021-08-03 14:22:17,668 - deformetrica.core.estimators.gradient_ascent - INFO - >> Step size and gradient norm: 
2021-08-03 14:22:17,669 - deformetrica.core.estimators.gradient_ascent - INFO - 		4.207E-03   and   9.475E+02 	[ landmark_points ]
2021-08-03 14:22:17,670 - deformetrica.core.estimators.gradient_ascent - INFO - 		5.998E-03   and   3.423E+02 	[ momenta ]
2021-08-03 14:22:18,787 - deformetrica.core.estimators.gradient_ascent - INFO - ------------------------------------- Iteration: 47 -------------------------------------
2021-08-03 14:22:18,789 - deformetrica.core.estimators.gradient_ascent - INFO - >> Log-likelihood = -2.234E+04 	 [ attachment = -1.370E+04 ; regularity = -8.639E+03 ]
2021-08-03 14:22:19,482 - deformetrica.core.estimators.gradient_ascent - INFO - >> Step size and gradient norm: 
2021-08-03 14:22:19,483 - deformetrica.core.estimators.gradient_ascent - INFO - 		2.103E-03   and   8.826E+02 	[ landmark_points ]
2021-08-03 14:22:19,484 - deformetrica.core.estimators.gradient_ascent - INFO - 		5.998E-03   and   3.507E+02 	[ momenta ]
2021-08-03 14:22:19,904 - deformetrica.core.estimators.gradient_ascent - INFO - ------------------------------------- Iteration: 48 -------------------------------------
2021-08-03 14:22:19,905 - deformetrica.core.estimators.gradient_ascent - INFO - >> Log-likelihood = -2.219E+04 	 [ attachment = -1.353E+04 ; regularity = -8.662E+03 ]
2021-08-03 14:22:20,764 - deformetrica.core.estimators.gradient_ascent - INFO - >> Step size and gradient norm: 
2021-08-03 14:22:20,765 - deformetrica.core.estimators.gradient_ascent - INFO - 		3.155E-03   and   8.990E+02 	[ landmark_points ]
2021-08-03 14:22:20,766 - deformetrica.core.estimators.gradient_ascent - INFO - 		8.998E-03   and   3.400E+02 	[ momenta ]
2021-08-03 14:22:22,216 - deformetrica.core.estimators.gradient_ascent - INFO - ------------------------------------- Iteration: 49 -------------------------------------
2021-08-03 14:22:22,222 - deformetrica.core.estimators.gradient_ascent - INFO - >> Log-likelihood = -2.213E+04 	 [ attachment = -1.344E+04 ; regularity = -8.686E+03 ]
2021-08-03 14:22:23,204 - deformetrica.core.estimators.gradient_ascent - INFO - >> Step size and gradient norm: 
2021-08-03 14:22:23,206 - deformetrica.core.estimators.gradient_ascent - INFO - 		3.155E-03   and   1.050E+03 	[ landmark_points ]
2021-08-03 14:22:23,207 - deformetrica.core.estimators.gradient_ascent - INFO - 		4.499E-03   and   3.676E+02 	[ momenta ]
2021-08-03 14:22:23,758 - deformetrica.core.estimators.gradient_ascent - INFO - Tolerance threshold met. Stopping the optimization process.
2021-08-03 14:22:24,654 - root - INFO - >> Estimation took: 01 minutes and 21 seconds
