2021-07-25 17:07:37,084 - root - ERROR - Logger has been set to: INFO
2021-07-25 17:07:37,096 - root - INFO - OMP_NUM_THREADS was not found in environment variables. An automatic value will be set.
2021-07-25 17:07:37,100 - root - INFO - OMP_NUM_THREADS will be set to 2
2021-07-25 17:07:37,102 - root - INFO - >> No specified state-file. By default, Deformetrica state will by saved in file: output/deformetrica-state.p.
2021-07-25 17:07:37,105 - root - INFO - >> Removing the pre-existing state file with same path.
2021-07-25 17:07:37,140 - deformetrica.core.models.model_functions - INFO - >> Reading 200 initial control points from file images/mask_initial_control_points/mask_03_initial_control_points.txt.
2021-07-25 17:07:37,142 - deformetrica.core.models.model_functions - INFO - >> Momenta initialized to zero, for 5 subjects.
2021-07-25 17:07:37,143 - root - INFO - >> Started estimator: GradientAscent
2021-07-25 17:07:38,160 - deformetrica.core.estimators.gradient_ascent - INFO - ------------------------------------- Iteration: 0 -------------------------------------
2021-07-25 17:07:38,162 - deformetrica.core.estimators.gradient_ascent - INFO - >> Log-likelihood = -7.236E+05 	 [ attachment = -7.236E+05 ; regularity = 0.000E+00 ]
2021-07-25 17:07:38,164 - deformetrica.core.estimators.gradient_ascent - INFO - >> Step size and gradient norm: 
2021-07-25 17:07:38,167 - deformetrica.core.estimators.gradient_ascent - INFO - 		2.627E-05   and   3.807E+04 	[ landmark_points ]
2021-07-25 17:07:38,169 - deformetrica.core.estimators.gradient_ascent - INFO - 		7.573E-05   and   1.320E+04 	[ momenta ]
2021-07-25 17:07:38,628 - deformetrica.core.estimators.gradient_ascent - INFO - ------------------------------------- Iteration: 1 -------------------------------------
2021-07-25 17:07:38,629 - deformetrica.core.estimators.gradient_ascent - INFO - >> Log-likelihood = -7.036E+05 	 [ attachment = -7.036E+05 ; regularity = -1.777E+00 ]
2021-07-25 17:07:39,351 - deformetrica.core.estimators.gradient_ascent - INFO - >> Step size and gradient norm: 
2021-07-25 17:07:39,353 - deformetrica.core.estimators.gradient_ascent - INFO - 		3.940E-05   and   3.690E+04 	[ landmark_points ]
2021-07-25 17:07:39,354 - deformetrica.core.estimators.gradient_ascent - INFO - 		1.136E-04   and   1.295E+04 	[ momenta ]
2021-07-25 17:07:39,807 - deformetrica.core.estimators.gradient_ascent - INFO - ------------------------------------- Iteration: 2 -------------------------------------
2021-07-25 17:07:39,809 - deformetrica.core.estimators.gradient_ascent - INFO - >> Log-likelihood = -6.753E+05 	 [ attachment = -6.753E+05 ; regularity = -1.084E+01 ]
2021-07-25 17:07:40,590 - deformetrica.core.estimators.gradient_ascent - INFO - >> Step size and gradient norm: 
2021-07-25 17:07:40,592 - deformetrica.core.estimators.gradient_ascent - INFO - 		5.910E-05   and   3.518E+04 	[ landmark_points ]
2021-07-25 17:07:40,594 - deformetrica.core.estimators.gradient_ascent - INFO - 		1.704E-04   and   1.256E+04 	[ momenta ]
2021-07-25 17:07:41,077 - deformetrica.core.estimators.gradient_ascent - INFO - ------------------------------------- Iteration: 3 -------------------------------------
2021-07-25 17:07:41,078 - deformetrica.core.estimators.gradient_ascent - INFO - >> Log-likelihood = -6.359E+05 	 [ attachment = -6.358E+05 ; regularity = -3.774E+01 ]
2021-07-25 17:07:41,842 - deformetrica.core.estimators.gradient_ascent - INFO - >> Step size and gradient norm: 
2021-07-25 17:07:41,843 - deformetrica.core.estimators.gradient_ascent - INFO - 		8.865E-05   and   3.266E+04 	[ landmark_points ]
2021-07-25 17:07:41,845 - deformetrica.core.estimators.gradient_ascent - INFO - 		2.556E-04   and   1.200E+04 	[ momenta ]
2021-07-25 17:07:42,323 - deformetrica.core.estimators.gradient_ascent - INFO - ------------------------------------- Iteration: 4 -------------------------------------
2021-07-25 17:07:42,324 - deformetrica.core.estimators.gradient_ascent - INFO - >> Log-likelihood = -5.834E+05 	 [ attachment = -5.833E+05 ; regularity = -1.045E+02 ]
2021-07-25 17:07:43,089 - deformetrica.core.estimators.gradient_ascent - INFO - >> Step size and gradient norm: 
2021-07-25 17:07:43,091 - deformetrica.core.estimators.gradient_ascent - INFO - 		1.330E-04   and   2.909E+04 	[ landmark_points ]
2021-07-25 17:07:43,093 - deformetrica.core.estimators.gradient_ascent - INFO - 		3.834E-04   and   1.120E+04 	[ momenta ]
2021-07-25 17:07:43,539 - deformetrica.core.estimators.gradient_ascent - INFO - ------------------------------------- Iteration: 5 -------------------------------------
2021-07-25 17:07:43,541 - deformetrica.core.estimators.gradient_ascent - INFO - >> Log-likelihood = -5.177E+05 	 [ attachment = -5.174E+05 ; regularity = -2.534E+02 ]
2021-07-25 17:07:44,314 - deformetrica.core.estimators.gradient_ascent - INFO - >> Step size and gradient norm: 
2021-07-25 17:07:44,316 - deformetrica.core.estimators.gradient_ascent - INFO - 		1.995E-04   and   2.424E+04 	[ landmark_points ]
2021-07-25 17:07:44,318 - deformetrica.core.estimators.gradient_ascent - INFO - 		5.751E-04   and   1.008E+04 	[ momenta ]
2021-07-25 17:07:44,786 - deformetrica.core.estimators.gradient_ascent - INFO - ------------------------------------- Iteration: 6 -------------------------------------
2021-07-25 17:07:44,788 - deformetrica.core.estimators.gradient_ascent - INFO - >> Log-likelihood = -4.423E+05 	 [ attachment = -4.418E+05 ; regularity = -5.548E+02 ]
2021-07-25 17:07:45,484 - deformetrica.core.estimators.gradient_ascent - INFO - >> Step size and gradient norm: 
2021-07-25 17:07:45,486 - deformetrica.core.estimators.gradient_ascent - INFO - 		2.992E-04   and   1.827E+04 	[ landmark_points ]
2021-07-25 17:07:45,488 - deformetrica.core.estimators.gradient_ascent - INFO - 		8.627E-04   and   8.623E+03 	[ momenta ]
2021-07-25 17:07:45,941 - deformetrica.core.estimators.gradient_ascent - INFO - ------------------------------------- Iteration: 7 -------------------------------------
2021-07-25 17:07:45,942 - deformetrica.core.estimators.gradient_ascent - INFO - >> Log-likelihood = -3.657E+05 	 [ attachment = -3.646E+05 ; regularity = -1.103E+03 ]
2021-07-25 17:07:46,683 - deformetrica.core.estimators.gradient_ascent - INFO - >> Step size and gradient norm: 
2021-07-25 17:07:46,685 - deformetrica.core.estimators.gradient_ascent - INFO - 		4.488E-04   and   1.208E+04 	[ landmark_points ]
2021-07-25 17:07:46,688 - deformetrica.core.estimators.gradient_ascent - INFO - 		1.294E-03   and   6.910E+03 	[ momenta ]
2021-07-25 17:07:47,122 - deformetrica.core.estimators.gradient_ascent - INFO - ------------------------------------- Iteration: 8 -------------------------------------
2021-07-25 17:07:47,123 - deformetrica.core.estimators.gradient_ascent - INFO - >> Log-likelihood = -2.980E+05 	 [ attachment = -2.961E+05 ; regularity = -1.974E+03 ]
2021-07-25 17:07:48,004 - deformetrica.core.estimators.gradient_ascent - INFO - >> Step size and gradient norm: 
2021-07-25 17:07:48,006 - deformetrica.core.estimators.gradient_ascent - INFO - 		6.732E-04   and   7.303E+03 	[ landmark_points ]
2021-07-25 17:07:48,033 - deformetrica.core.estimators.gradient_ascent - INFO - 		1.941E-03   and   5.137E+03 	[ momenta ]
2021-07-25 17:07:48,725 - deformetrica.core.estimators.gradient_ascent - INFO - ------------------------------------- Iteration: 9 -------------------------------------
2021-07-25 17:07:48,726 - deformetrica.core.estimators.gradient_ascent - INFO - >> Log-likelihood = -2.463E+05 	 [ attachment = -2.432E+05 ; regularity = -3.137E+03 ]
2021-07-25 17:07:49,585 - deformetrica.core.estimators.gradient_ascent - INFO - >> Step size and gradient norm: 
2021-07-25 17:07:49,587 - deformetrica.core.estimators.gradient_ascent - INFO - 		1.010E-03   and   4.836E+03 	[ landmark_points ]
2021-07-25 17:07:49,588 - deformetrica.core.estimators.gradient_ascent - INFO - 		2.911E-03   and   3.491E+03 	[ momenta ]
2021-07-25 17:07:50,029 - deformetrica.core.estimators.gradient_ascent - INFO - ------------------------------------- Iteration: 10 -------------------------------------
2021-07-25 17:07:50,030 - deformetrica.core.estimators.gradient_ascent - INFO - >> Log-likelihood = -2.105E+05 	 [ attachment = -2.061E+05 ; regularity = -4.376E+03 ]
2021-07-25 17:07:50,744 - deformetrica.core.estimators.gradient_ascent - INFO - >> Step size and gradient norm: 
2021-07-25 17:07:50,745 - deformetrica.core.estimators.gradient_ascent - INFO - 		1.515E-03   and   3.974E+03 	[ landmark_points ]
2021-07-25 17:07:50,746 - deformetrica.core.estimators.gradient_ascent - INFO - 		4.367E-03   and   2.425E+03 	[ momenta ]
2021-07-25 17:07:51,223 - deformetrica.core.estimators.gradient_ascent - INFO - ------------------------------------- Iteration: 11 -------------------------------------
2021-07-25 17:07:51,225 - deformetrica.core.estimators.gradient_ascent - INFO - >> Log-likelihood = -1.832E+05 	 [ attachment = -1.776E+05 ; regularity = -5.512E+03 ]
2021-07-25 17:07:51,971 - deformetrica.core.estimators.gradient_ascent - INFO - >> Step size and gradient norm: 
2021-07-25 17:07:51,973 - deformetrica.core.estimators.gradient_ascent - INFO - 		2.272E-03   and   4.067E+03 	[ landmark_points ]
2021-07-25 17:07:51,975 - deformetrica.core.estimators.gradient_ascent - INFO - 		6.551E-03   and   2.179E+03 	[ momenta ]
2021-07-25 17:07:52,425 - deformetrica.core.estimators.gradient_ascent - INFO - ------------------------------------- Iteration: 12 -------------------------------------
2021-07-25 17:07:52,426 - deformetrica.core.estimators.gradient_ascent - INFO - >> Log-likelihood = -1.804E+05 	 [ attachment = -1.732E+05 ; regularity = -7.184E+03 ]
2021-07-25 17:07:53,307 - deformetrica.core.estimators.gradient_ascent - INFO - >> Step size and gradient norm: 
2021-07-25 17:07:53,309 - deformetrica.core.estimators.gradient_ascent - INFO - 		3.408E-03   and   9.638E+03 	[ landmark_points ]
2021-07-25 17:07:53,337 - deformetrica.core.estimators.gradient_ascent - INFO - 		9.826E-03   and   4.515E+03 	[ momenta ]
2021-07-25 17:07:54,623 - deformetrica.core.estimators.gradient_ascent - INFO - >> Step size and gradient norm: 
2021-07-25 17:07:54,624 - deformetrica.core.estimators.gradient_ascent - INFO - 		1.704E-03   and   9.638E+03 	[ landmark_points ]
2021-07-25 17:07:54,625 - deformetrica.core.estimators.gradient_ascent - INFO - 		4.913E-03   and   4.515E+03 	[ momenta ]
2021-07-25 17:07:55,883 - deformetrica.core.estimators.gradient_ascent - INFO - ------------------------------------- Iteration: 13 -------------------------------------
2021-07-25 17:07:55,885 - deformetrica.core.estimators.gradient_ascent - INFO - >> Log-likelihood = -1.803E+05 	 [ attachment = -1.723E+05 ; regularity = -7.947E+03 ]
2021-07-25 17:07:56,578 - deformetrica.core.estimators.gradient_ascent - INFO - >> Step size and gradient norm: 
2021-07-25 17:07:56,579 - deformetrica.core.estimators.gradient_ascent - INFO - 		8.520E-04   and   1.095E+04 	[ landmark_points ]
2021-07-25 17:07:56,580 - deformetrica.core.estimators.gradient_ascent - INFO - 		4.913E-03   and   4.995E+03 	[ momenta ]
2021-07-25 17:07:57,843 - deformetrica.core.estimators.gradient_ascent - INFO - ------------------------------------- Iteration: 14 -------------------------------------
2021-07-25 17:07:57,844 - deformetrica.core.estimators.gradient_ascent - INFO - >> Log-likelihood = -1.641E+05 	 [ attachment = -1.560E+05 ; regularity = -8.102E+03 ]
2021-07-25 17:07:58,558 - deformetrica.core.estimators.gradient_ascent - INFO - >> Step size and gradient norm: 
2021-07-25 17:07:58,560 - deformetrica.core.estimators.gradient_ascent - INFO - 		8.520E-04   and   7.677E+03 	[ landmark_points ]
2021-07-25 17:07:58,588 - deformetrica.core.estimators.gradient_ascent - INFO - 		2.457E-03   and   4.658E+03 	[ momenta ]
2021-07-25 17:07:59,170 - deformetrica.core.estimators.gradient_ascent - INFO - ------------------------------------- Iteration: 15 -------------------------------------
2021-07-25 17:07:59,172 - deformetrica.core.estimators.gradient_ascent - INFO - >> Log-likelihood = -1.503E+05 	 [ attachment = -1.418E+05 ; regularity = -8.538E+03 ]
2021-07-25 17:07:59,851 - deformetrica.core.estimators.gradient_ascent - INFO - >> Step size and gradient norm: 
2021-07-25 17:07:59,852 - deformetrica.core.estimators.gradient_ascent - INFO - 		1.278E-03   and   7.858E+03 	[ landmark_points ]
2021-07-25 17:07:59,853 - deformetrica.core.estimators.gradient_ascent - INFO - 		3.685E-03   and   4.284E+03 	[ momenta ]
2021-07-25 17:08:01,146 - deformetrica.core.estimators.gradient_ascent - INFO - ------------------------------------- Iteration: 16 -------------------------------------
2021-07-25 17:08:01,147 - deformetrica.core.estimators.gradient_ascent - INFO - >> Log-likelihood = -1.484E+05 	 [ attachment = -1.397E+05 ; regularity = -8.691E+03 ]
2021-07-25 17:08:01,876 - deformetrica.core.estimators.gradient_ascent - INFO - >> Step size and gradient norm: 
2021-07-25 17:08:01,878 - deformetrica.core.estimators.gradient_ascent - INFO - 		1.278E-03   and   1.114E+04 	[ landmark_points ]
2021-07-25 17:08:01,879 - deformetrica.core.estimators.gradient_ascent - INFO - 		1.842E-03   and   4.329E+03 	[ momenta ]
2021-07-25 17:08:03,162 - deformetrica.core.estimators.gradient_ascent - INFO - ------------------------------------- Iteration: 17 -------------------------------------
2021-07-25 17:08:03,163 - deformetrica.core.estimators.gradient_ascent - INFO - >> Log-likelihood = -1.304E+05 	 [ attachment = -1.214E+05 ; regularity = -9.024E+03 ]
2021-07-25 17:08:03,840 - deformetrica.core.estimators.gradient_ascent - INFO - >> Step size and gradient norm: 
2021-07-25 17:08:03,843 - deformetrica.core.estimators.gradient_ascent - INFO - 		6.390E-04   and   7.976E+03 	[ landmark_points ]
2021-07-25 17:08:03,870 - deformetrica.core.estimators.gradient_ascent - INFO - 		1.842E-03   and   3.535E+03 	[ momenta ]
2021-07-25 17:08:04,336 - deformetrica.core.estimators.gradient_ascent - INFO - ------------------------------------- Iteration: 18 -------------------------------------
2021-07-25 17:08:04,337 - deformetrica.core.estimators.gradient_ascent - INFO - >> Log-likelihood = -1.258E+05 	 [ attachment = -1.166E+05 ; regularity = -9.167E+03 ]
2021-07-25 17:08:05,032 - deformetrica.core.estimators.gradient_ascent - INFO - >> Step size and gradient norm: 
2021-07-25 17:08:05,033 - deformetrica.core.estimators.gradient_ascent - INFO - 		9.585E-04   and   8.171E+03 	[ landmark_points ]
2021-07-25 17:08:05,035 - deformetrica.core.estimators.gradient_ascent - INFO - 		2.764E-03   and   3.270E+03 	[ momenta ]
2021-07-25 17:08:06,282 - deformetrica.core.estimators.gradient_ascent - INFO - >> Step size and gradient norm: 
2021-07-25 17:08:06,284 - deformetrica.core.estimators.gradient_ascent - INFO - 		4.793E-04   and   8.171E+03 	[ landmark_points ]
2021-07-25 17:08:06,285 - deformetrica.core.estimators.gradient_ascent - INFO - 		1.382E-03   and   3.270E+03 	[ momenta ]
2021-07-25 17:08:06,751 - deformetrica.core.estimators.gradient_ascent - INFO - ------------------------------------- Iteration: 19 -------------------------------------
2021-07-25 17:08:06,752 - deformetrica.core.estimators.gradient_ascent - INFO - >> Log-likelihood = -1.169E+05 	 [ attachment = -1.075E+05 ; regularity = -9.346E+03 ]
2021-07-25 17:08:07,466 - deformetrica.core.estimators.gradient_ascent - INFO - >> Step size and gradient norm: 
2021-07-25 17:08:07,469 - deformetrica.core.estimators.gradient_ascent - INFO - 		7.189E-04   and   4.481E+03 	[ landmark_points ]
2021-07-25 17:08:07,470 - deformetrica.core.estimators.gradient_ascent - INFO - 		2.073E-03   and   2.038E+03 	[ momenta ]
2021-07-25 17:08:07,929 - deformetrica.core.estimators.gradient_ascent - INFO - ------------------------------------- Iteration: 20 -------------------------------------
2021-07-25 17:08:07,931 - deformetrica.core.estimators.gradient_ascent - INFO - >> Log-likelihood = -1.164E+05 	 [ attachment = -1.069E+05 ; regularity = -9.509E+03 ]
2021-07-25 17:08:08,621 - deformetrica.core.estimators.gradient_ascent - INFO - >> Step size and gradient norm: 
2021-07-25 17:08:08,623 - deformetrica.core.estimators.gradient_ascent - INFO - 		1.078E-03   and   6.279E+03 	[ landmark_points ]
2021-07-25 17:08:08,624 - deformetrica.core.estimators.gradient_ascent - INFO - 		3.109E-03   and   2.589E+03 	[ momenta ]
2021-07-25 17:08:10,092 - deformetrica.core.estimators.gradient_ascent - INFO - >> Step size and gradient norm: 
2021-07-25 17:08:10,093 - deformetrica.core.estimators.gradient_ascent - INFO - 		5.392E-04   and   6.279E+03 	[ landmark_points ]
2021-07-25 17:08:10,096 - deformetrica.core.estimators.gradient_ascent - INFO - 		1.555E-03   and   2.589E+03 	[ momenta ]
2021-07-25 17:08:10,518 - deformetrica.core.estimators.gradient_ascent - INFO - ------------------------------------- Iteration: 21 -------------------------------------
2021-07-25 17:08:10,519 - deformetrica.core.estimators.gradient_ascent - INFO - >> Log-likelihood = -1.133E+05 	 [ attachment = -1.036E+05 ; regularity = -9.673E+03 ]
2021-07-25 17:08:11,189 - deformetrica.core.estimators.gradient_ascent - INFO - >> Step size and gradient norm: 
2021-07-25 17:08:11,191 - deformetrica.core.estimators.gradient_ascent - INFO - 		8.087E-04   and   5.199E+03 	[ landmark_points ]
2021-07-25 17:08:11,193 - deformetrica.core.estimators.gradient_ascent - INFO - 		2.332E-03   and   2.291E+03 	[ momenta ]
2021-07-25 17:08:12,545 - deformetrica.core.estimators.gradient_ascent - INFO - ------------------------------------- Iteration: 22 -------------------------------------
2021-07-25 17:08:12,547 - deformetrica.core.estimators.gradient_ascent - INFO - >> Log-likelihood = -1.125E+05 	 [ attachment = -1.028E+05 ; regularity = -9.732E+03 ]
2021-07-25 17:08:13,289 - deformetrica.core.estimators.gradient_ascent - INFO - >> Step size and gradient norm: 
2021-07-25 17:08:13,291 - deformetrica.core.estimators.gradient_ascent - INFO - 		8.087E-04   and   6.014E+03 	[ landmark_points ]
2021-07-25 17:08:13,292 - deformetrica.core.estimators.gradient_ascent - INFO - 		1.166E-03   and   2.213E+03 	[ momenta ]
2021-07-25 17:08:13,711 - deformetrica.core.estimators.gradient_ascent - INFO - ------------------------------------- Iteration: 23 -------------------------------------
2021-07-25 17:08:13,712 - deformetrica.core.estimators.gradient_ascent - INFO - >> Log-likelihood = -1.124E+05 	 [ attachment = -1.025E+05 ; regularity = -9.847E+03 ]
2021-07-25 17:08:14,360 - deformetrica.core.estimators.gradient_ascent - INFO - >> Step size and gradient norm: 
2021-07-25 17:08:14,362 - deformetrica.core.estimators.gradient_ascent - INFO - 		1.213E-03   and   6.371E+03 	[ landmark_points ]
2021-07-25 17:08:14,364 - deformetrica.core.estimators.gradient_ascent - INFO - 		1.749E-03   and   2.615E+03 	[ momenta ]
2021-07-25 17:08:15,563 - deformetrica.core.estimators.gradient_ascent - INFO - ------------------------------------- Iteration: 24 -------------------------------------
2021-07-25 17:08:15,564 - deformetrica.core.estimators.gradient_ascent - INFO - >> Log-likelihood = -1.121E+05 	 [ attachment = -1.021E+05 ; regularity = -9.934E+03 ]
2021-07-25 17:08:16,351 - deformetrica.core.estimators.gradient_ascent - INFO - >> Step size and gradient norm: 
2021-07-25 17:08:16,353 - deformetrica.core.estimators.gradient_ascent - INFO - 		6.066E-04   and   6.827E+03 	[ landmark_points ]
2021-07-25 17:08:16,355 - deformetrica.core.estimators.gradient_ascent - INFO - 		1.749E-03   and   2.840E+03 	[ momenta ]
2021-07-25 17:08:16,849 - deformetrica.core.estimators.gradient_ascent - INFO - ------------------------------------- Iteration: 25 -------------------------------------
2021-07-25 17:08:16,850 - deformetrica.core.estimators.gradient_ascent - INFO - >> Log-likelihood = -1.120E+05 	 [ attachment = -1.019E+05 ; regularity = -1.007E+04 ]
2021-07-25 17:08:17,623 - deformetrica.core.estimators.gradient_ascent - INFO - >> Step size and gradient norm: 
2021-07-25 17:08:17,625 - deformetrica.core.estimators.gradient_ascent - INFO - 		9.098E-04   and   7.257E+03 	[ landmark_points ]
2021-07-25 17:08:17,627 - deformetrica.core.estimators.gradient_ascent - INFO - 		2.623E-03   and   3.165E+03 	[ momenta ]
2021-07-25 17:08:18,887 - deformetrica.core.estimators.gradient_ascent - INFO - >> Step size and gradient norm: 
2021-07-25 17:08:18,888 - deformetrica.core.estimators.gradient_ascent - INFO - 		4.549E-04   and   7.257E+03 	[ landmark_points ]
2021-07-25 17:08:18,890 - deformetrica.core.estimators.gradient_ascent - INFO - 		1.312E-03   and   3.165E+03 	[ momenta ]
2021-07-25 17:08:19,278 - deformetrica.core.estimators.gradient_ascent - INFO - ------------------------------------- Iteration: 26 -------------------------------------
2021-07-25 17:08:19,280 - deformetrica.core.estimators.gradient_ascent - INFO - >> Log-likelihood = -1.065E+05 	 [ attachment = -9.636E+04 ; regularity = -1.012E+04 ]
2021-07-25 17:08:20,128 - deformetrica.core.estimators.gradient_ascent - INFO - >> Step size and gradient norm: 
2021-07-25 17:08:20,130 - deformetrica.core.estimators.gradient_ascent - INFO - 		6.824E-04   and   4.379E+03 	[ landmark_points ]
2021-07-25 17:08:20,131 - deformetrica.core.estimators.gradient_ascent - INFO - 		1.967E-03   and   1.920E+03 	[ momenta ]
2021-07-25 17:08:21,348 - deformetrica.core.estimators.gradient_ascent - INFO - ------------------------------------- Iteration: 27 -------------------------------------
2021-07-25 17:08:21,350 - deformetrica.core.estimators.gradient_ascent - INFO - >> Log-likelihood = -1.046E+05 	 [ attachment = -9.447E+04 ; regularity = -1.018E+04 ]
2021-07-25 17:08:22,347 - deformetrica.core.estimators.gradient_ascent - INFO - >> Step size and gradient norm: 
2021-07-25 17:08:22,349 - deformetrica.core.estimators.gradient_ascent - INFO - 		6.824E-04   and   3.565E+03 	[ landmark_points ]
2021-07-25 17:08:22,351 - deformetrica.core.estimators.gradient_ascent - INFO - 		9.837E-04   and   1.508E+03 	[ momenta ]
2021-07-25 17:08:22,786 - deformetrica.core.estimators.gradient_ascent - INFO - ------------------------------------- Iteration: 28 -------------------------------------
2021-07-25 17:08:22,787 - deformetrica.core.estimators.gradient_ascent - INFO - >> Log-likelihood = -1.033E+05 	 [ attachment = -9.306E+04 ; regularity = -1.024E+04 ]
2021-07-25 17:08:23,569 - deformetrica.core.estimators.gradient_ascent - INFO - >> Step size and gradient norm: 
2021-07-25 17:08:23,570 - deformetrica.core.estimators.gradient_ascent - INFO - 		1.024E-03   and   2.865E+03 	[ landmark_points ]
2021-07-25 17:08:23,573 - deformetrica.core.estimators.gradient_ascent - INFO - 		1.476E-03   and   1.264E+03 	[ momenta ]
2021-07-25 17:08:24,834 - deformetrica.core.estimators.gradient_ascent - INFO - ------------------------------------- Iteration: 29 -------------------------------------
2021-07-25 17:08:24,835 - deformetrica.core.estimators.gradient_ascent - INFO - >> Log-likelihood = -1.022E+05 	 [ attachment = -9.190E+04 ; regularity = -1.033E+04 ]
2021-07-25 17:08:25,546 - deformetrica.core.estimators.gradient_ascent - INFO - >> Step size and gradient norm: 
2021-07-25 17:08:25,547 - deformetrica.core.estimators.gradient_ascent - INFO - 		5.118E-04   and   2.419E+03 	[ landmark_points ]
2021-07-25 17:08:25,549 - deformetrica.core.estimators.gradient_ascent - INFO - 		1.476E-03   and   1.182E+03 	[ momenta ]
2021-07-25 17:08:26,037 - deformetrica.core.estimators.gradient_ascent - INFO - ------------------------------------- Iteration: 30 -------------------------------------
2021-07-25 17:08:26,038 - deformetrica.core.estimators.gradient_ascent - INFO - >> Log-likelihood = -1.012E+05 	 [ attachment = -9.081E+04 ; regularity = -1.040E+04 ]
2021-07-25 17:08:26,712 - deformetrica.core.estimators.gradient_ascent - INFO - >> Step size and gradient norm: 
2021-07-25 17:08:26,713 - deformetrica.core.estimators.gradient_ascent - INFO - 		7.677E-04   and   2.225E+03 	[ landmark_points ]
2021-07-25 17:08:26,743 - deformetrica.core.estimators.gradient_ascent - INFO - 		2.213E-03   and   1.053E+03 	[ momenta ]
2021-07-25 17:08:27,260 - deformetrica.core.estimators.gradient_ascent - INFO - ------------------------------------- Iteration: 31 -------------------------------------
2021-07-25 17:08:27,262 - deformetrica.core.estimators.gradient_ascent - INFO - >> Log-likelihood = -1.012E+05 	 [ attachment = -9.062E+04 ; regularity = -1.054E+04 ]
2021-07-25 17:08:27,996 - deformetrica.core.estimators.gradient_ascent - INFO - >> Step size and gradient norm: 
2021-07-25 17:08:27,998 - deformetrica.core.estimators.gradient_ascent - INFO - 		1.152E-03   and   3.718E+03 	[ landmark_points ]
2021-07-25 17:08:27,999 - deformetrica.core.estimators.gradient_ascent - INFO - 		3.320E-03   and   1.704E+03 	[ momenta ]
2021-07-25 17:08:29,194 - deformetrica.core.estimators.gradient_ascent - INFO - >> Step size and gradient norm: 
2021-07-25 17:08:29,195 - deformetrica.core.estimators.gradient_ascent - INFO - 		5.758E-04   and   3.718E+03 	[ landmark_points ]
2021-07-25 17:08:29,196 - deformetrica.core.estimators.gradient_ascent - INFO - 		1.660E-03   and   1.704E+03 	[ momenta ]
2021-07-25 17:08:29,634 - deformetrica.core.estimators.gradient_ascent - INFO - ------------------------------------- Iteration: 32 -------------------------------------
2021-07-25 17:08:29,636 - deformetrica.core.estimators.gradient_ascent - INFO - >> Log-likelihood = -1.006E+05 	 [ attachment = -9.002E+04 ; regularity = -1.062E+04 ]
2021-07-25 17:08:30,318 - deformetrica.core.estimators.gradient_ascent - INFO - >> Step size and gradient norm: 
2021-07-25 17:08:30,320 - deformetrica.core.estimators.gradient_ascent - INFO - 		8.636E-04   and   4.237E+03 	[ landmark_points ]
2021-07-25 17:08:30,321 - deformetrica.core.estimators.gradient_ascent - INFO - 		2.490E-03   and   1.808E+03 	[ momenta ]
2021-07-25 17:08:31,543 - deformetrica.core.estimators.gradient_ascent - INFO - >> Step size and gradient norm: 
2021-07-25 17:08:31,545 - deformetrica.core.estimators.gradient_ascent - INFO - 		4.318E-04   and   4.237E+03 	[ landmark_points ]
2021-07-25 17:08:31,546 - deformetrica.core.estimators.gradient_ascent - INFO - 		1.245E-03   and   1.808E+03 	[ momenta ]
2021-07-25 17:08:31,963 - deformetrica.core.estimators.gradient_ascent - INFO - ------------------------------------- Iteration: 33 -------------------------------------
2021-07-25 17:08:31,965 - deformetrica.core.estimators.gradient_ascent - INFO - >> Log-likelihood = -9.856E+04 	 [ attachment = -8.787E+04 ; regularity = -1.069E+04 ]
2021-07-25 17:08:32,679 - deformetrica.core.estimators.gradient_ascent - INFO - >> Step size and gradient norm: 
2021-07-25 17:08:32,680 - deformetrica.core.estimators.gradient_ascent - INFO - 		6.477E-04   and   2.531E+03 	[ landmark_points ]
2021-07-25 17:08:32,682 - deformetrica.core.estimators.gradient_ascent - INFO - 		1.868E-03   and   1.209E+03 	[ momenta ]
2021-07-25 17:08:33,241 - deformetrica.core.estimators.gradient_ascent - INFO - ------------------------------------- Iteration: 34 -------------------------------------
2021-07-25 17:08:33,243 - deformetrica.core.estimators.gradient_ascent - INFO - >> Log-likelihood = -9.823E+04 	 [ attachment = -8.744E+04 ; regularity = -1.078E+04 ]
2021-07-25 17:08:34,016 - deformetrica.core.estimators.gradient_ascent - INFO - >> Step size and gradient norm: 
2021-07-25 17:08:34,017 - deformetrica.core.estimators.gradient_ascent - INFO - 		9.716E-04   and   3.551E+03 	[ landmark_points ]
2021-07-25 17:08:34,019 - deformetrica.core.estimators.gradient_ascent - INFO - 		2.801E-03   and   1.514E+03 	[ momenta ]
2021-07-25 17:08:35,767 - deformetrica.core.estimators.gradient_ascent - INFO - >> Step size and gradient norm: 
2021-07-25 17:08:35,769 - deformetrica.core.estimators.gradient_ascent - INFO - 		4.858E-04   and   3.551E+03 	[ landmark_points ]
2021-07-25 17:08:35,771 - deformetrica.core.estimators.gradient_ascent - INFO - 		1.401E-03   and   1.514E+03 	[ momenta ]
2021-07-25 17:08:36,293 - deformetrica.core.estimators.gradient_ascent - INFO - ------------------------------------- Iteration: 35 -------------------------------------
2021-07-25 17:08:36,295 - deformetrica.core.estimators.gradient_ascent - INFO - >> Log-likelihood = -9.689E+04 	 [ attachment = -8.603E+04 ; regularity = -1.086E+04 ]
2021-07-25 17:08:37,127 - deformetrica.core.estimators.gradient_ascent - INFO - >> Step size and gradient norm: 
2021-07-25 17:08:37,128 - deformetrica.core.estimators.gradient_ascent - INFO - 		7.287E-04   and   2.812E+03 	[ landmark_points ]
2021-07-25 17:08:37,129 - deformetrica.core.estimators.gradient_ascent - INFO - 		2.101E-03   and   1.309E+03 	[ momenta ]
2021-07-25 17:08:38,782 - deformetrica.core.estimators.gradient_ascent - INFO - ------------------------------------- Iteration: 36 -------------------------------------
2021-07-25 17:08:38,783 - deformetrica.core.estimators.gradient_ascent - INFO - >> Log-likelihood = -9.604E+04 	 [ attachment = -8.507E+04 ; regularity = -1.097E+04 ]
2021-07-25 17:08:39,517 - deformetrica.core.estimators.gradient_ascent - INFO - >> Step size and gradient norm: 
2021-07-25 17:08:39,519 - deformetrica.core.estimators.gradient_ascent - INFO - 		3.643E-04   and   2.976E+03 	[ landmark_points ]
2021-07-25 17:08:39,520 - deformetrica.core.estimators.gradient_ascent - INFO - 		2.101E-03   and   1.422E+03 	[ momenta ]
2021-07-25 17:08:39,941 - deformetrica.core.estimators.gradient_ascent - INFO - ------------------------------------- Iteration: 37 -------------------------------------
2021-07-25 17:08:39,942 - deformetrica.core.estimators.gradient_ascent - INFO - >> Log-likelihood = -9.528E+04 	 [ attachment = -8.419E+04 ; regularity = -1.109E+04 ]
2021-07-25 17:08:40,621 - deformetrica.core.estimators.gradient_ascent - INFO - >> Step size and gradient norm: 
2021-07-25 17:08:40,622 - deformetrica.core.estimators.gradient_ascent - INFO - 		5.465E-04   and   3.139E+03 	[ landmark_points ]
2021-07-25 17:08:40,624 - deformetrica.core.estimators.gradient_ascent - INFO - 		3.152E-03   and   1.599E+03 	[ momenta ]
2021-07-25 17:08:41,868 - deformetrica.core.estimators.gradient_ascent - INFO - ------------------------------------- Iteration: 38 -------------------------------------
2021-07-25 17:08:41,869 - deformetrica.core.estimators.gradient_ascent - INFO - >> Log-likelihood = -9.430E+04 	 [ attachment = -8.313E+04 ; regularity = -1.117E+04 ]
2021-07-25 17:08:42,544 - deformetrica.core.estimators.gradient_ascent - INFO - >> Step size and gradient norm: 
2021-07-25 17:08:42,546 - deformetrica.core.estimators.gradient_ascent - INFO - 		5.465E-04   and   3.456E+03 	[ landmark_points ]
2021-07-25 17:08:42,574 - deformetrica.core.estimators.gradient_ascent - INFO - 		1.576E-03   and   1.524E+03 	[ momenta ]
2021-07-25 17:08:43,127 - deformetrica.core.estimators.gradient_ascent - INFO - ------------------------------------- Iteration: 39 -------------------------------------
2021-07-25 17:08:43,128 - deformetrica.core.estimators.gradient_ascent - INFO - >> Log-likelihood = -9.348E+04 	 [ attachment = -8.222E+04 ; regularity = -1.126E+04 ]
2021-07-25 17:08:43,828 - deformetrica.core.estimators.gradient_ascent - INFO - >> Step size and gradient norm: 
2021-07-25 17:08:43,829 - deformetrica.core.estimators.gradient_ascent - INFO - 		8.198E-04   and   3.437E+03 	[ landmark_points ]
2021-07-25 17:08:43,830 - deformetrica.core.estimators.gradient_ascent - INFO - 		2.364E-03   and   1.587E+03 	[ momenta ]
2021-07-25 17:08:45,144 - deformetrica.core.estimators.gradient_ascent - INFO - ------------------------------------- Iteration: 40 -------------------------------------
2021-07-25 17:08:45,145 - deformetrica.core.estimators.gradient_ascent - INFO - >> Log-likelihood = -9.315E+04 	 [ attachment = -8.182E+04 ; regularity = -1.133E+04 ]
2021-07-25 17:08:46,075 - deformetrica.core.estimators.gradient_ascent - INFO - >> Step size and gradient norm: 
2021-07-25 17:08:46,076 - deformetrica.core.estimators.gradient_ascent - INFO - 		8.198E-04   and   4.587E+03 	[ landmark_points ]
2021-07-25 17:08:46,077 - deformetrica.core.estimators.gradient_ascent - INFO - 		1.182E-03   and   1.711E+03 	[ momenta ]
2021-07-25 17:08:47,506 - deformetrica.core.estimators.gradient_ascent - INFO - ------------------------------------- Iteration: 41 -------------------------------------
2021-07-25 17:08:47,507 - deformetrica.core.estimators.gradient_ascent - INFO - >> Log-likelihood = -9.089E+04 	 [ attachment = -7.949E+04 ; regularity = -1.140E+04 ]
2021-07-25 17:08:48,259 - deformetrica.core.estimators.gradient_ascent - INFO - >> Step size and gradient norm: 
2021-07-25 17:08:48,261 - deformetrica.core.estimators.gradient_ascent - INFO - 		4.099E-04   and   2.402E+03 	[ landmark_points ]
2021-07-25 17:08:48,288 - deformetrica.core.estimators.gradient_ascent - INFO - 		1.182E-03   and   1.176E+03 	[ momenta ]
2021-07-25 17:08:48,799 - deformetrica.core.estimators.gradient_ascent - INFO - ------------------------------------- Iteration: 42 -------------------------------------
2021-07-25 17:08:48,800 - deformetrica.core.estimators.gradient_ascent - INFO - >> Log-likelihood = -8.967E+04 	 [ attachment = -7.820E+04 ; regularity = -1.146E+04 ]
2021-07-25 17:08:49,473 - deformetrica.core.estimators.gradient_ascent - INFO - >> Step size and gradient norm: 
2021-07-25 17:08:49,475 - deformetrica.core.estimators.gradient_ascent - INFO - 		6.148E-04   and   1.693E+03 	[ landmark_points ]
2021-07-25 17:08:49,476 - deformetrica.core.estimators.gradient_ascent - INFO - 		1.773E-03   and   8.433E+02 	[ momenta ]
2021-07-25 17:08:49,910 - deformetrica.core.estimators.gradient_ascent - INFO - ------------------------------------- Iteration: 43 -------------------------------------
2021-07-25 17:08:49,911 - deformetrica.core.estimators.gradient_ascent - INFO - >> Log-likelihood = -8.851E+04 	 [ attachment = -7.694E+04 ; regularity = -1.158E+04 ]
2021-07-25 17:08:50,689 - deformetrica.core.estimators.gradient_ascent - INFO - >> Step size and gradient norm: 
2021-07-25 17:08:50,691 - deformetrica.core.estimators.gradient_ascent - INFO - 		9.222E-04   and   1.943E+03 	[ landmark_points ]
2021-07-25 17:08:50,693 - deformetrica.core.estimators.gradient_ascent - INFO - 		2.659E-03   and   9.842E+02 	[ momenta ]
2021-07-25 17:08:51,185 - deformetrica.core.estimators.gradient_ascent - INFO - ------------------------------------- Iteration: 44 -------------------------------------
2021-07-25 17:08:51,186 - deformetrica.core.estimators.gradient_ascent - INFO - >> Log-likelihood = -8.817E+04 	 [ attachment = -7.644E+04 ; regularity = -1.173E+04 ]
2021-07-25 17:08:51,906 - deformetrica.core.estimators.gradient_ascent - INFO - >> Step size and gradient norm: 
2021-07-25 17:08:51,908 - deformetrica.core.estimators.gradient_ascent - INFO - 		1.383E-03   and   4.377E+03 	[ landmark_points ]
2021-07-25 17:08:51,909 - deformetrica.core.estimators.gradient_ascent - INFO - 		3.989E-03   and   1.688E+03 	[ momenta ]
2021-07-25 17:08:53,340 - deformetrica.core.estimators.gradient_ascent - INFO - >> Step size and gradient norm: 
2021-07-25 17:08:53,342 - deformetrica.core.estimators.gradient_ascent - INFO - 		6.917E-04   and   4.377E+03 	[ landmark_points ]
2021-07-25 17:08:53,370 - deformetrica.core.estimators.gradient_ascent - INFO - 		1.994E-03   and   1.688E+03 	[ momenta ]
2021-07-25 17:08:54,861 - deformetrica.core.estimators.gradient_ascent - INFO - ------------------------------------- Iteration: 45 -------------------------------------
2021-07-25 17:08:54,862 - deformetrica.core.estimators.gradient_ascent - INFO - >> Log-likelihood = -8.678E+04 	 [ attachment = -7.490E+04 ; regularity = -1.188E+04 ]
2021-07-25 17:08:55,675 - deformetrica.core.estimators.gradient_ascent - INFO - >> Step size and gradient norm: 
2021-07-25 17:08:55,676 - deformetrica.core.estimators.gradient_ascent - INFO - 		3.458E-04   and   3.729E+03 	[ landmark_points ]
2021-07-25 17:08:55,678 - deformetrica.core.estimators.gradient_ascent - INFO - 		1.994E-03   and   1.752E+03 	[ momenta ]
2021-07-25 17:08:56,133 - deformetrica.core.estimators.gradient_ascent - INFO - ------------------------------------- Iteration: 46 -------------------------------------
2021-07-25 17:08:56,135 - deformetrica.core.estimators.gradient_ascent - INFO - >> Log-likelihood = -8.543E+04 	 [ attachment = -7.346E+04 ; regularity = -1.197E+04 ]
2021-07-25 17:08:57,093 - deformetrica.core.estimators.gradient_ascent - INFO - >> Step size and gradient norm: 
2021-07-25 17:08:57,095 - deformetrica.core.estimators.gradient_ascent - INFO - 		5.188E-04   and   3.786E+03 	[ landmark_points ]
2021-07-25 17:08:57,097 - deformetrica.core.estimators.gradient_ascent - INFO - 		2.991E-03   and   1.714E+03 	[ momenta ]
2021-07-25 17:08:59,372 - deformetrica.core.estimators.gradient_ascent - INFO - ------------------------------------- Iteration: 47 -------------------------------------
2021-07-25 17:08:59,373 - deformetrica.core.estimators.gradient_ascent - INFO - >> Log-likelihood = -8.398E+04 	 [ attachment = -7.190E+04 ; regularity = -1.208E+04 ]
2021-07-25 17:09:00,465 - deformetrica.core.estimators.gradient_ascent - INFO - >> Step size and gradient norm: 
2021-07-25 17:09:00,466 - deformetrica.core.estimators.gradient_ascent - INFO - 		5.188E-04   and   3.635E+03 	[ landmark_points ]
2021-07-25 17:09:00,467 - deformetrica.core.estimators.gradient_ascent - INFO - 		1.496E-03   and   1.581E+03 	[ momenta ]
2021-07-25 17:09:01,136 - deformetrica.core.estimators.gradient_ascent - INFO - ------------------------------------- Iteration: 48 -------------------------------------
2021-07-25 17:09:01,138 - deformetrica.core.estimators.gradient_ascent - INFO - >> Log-likelihood = -8.259E+04 	 [ attachment = -7.043E+04 ; regularity = -1.216E+04 ]
2021-07-25 17:09:01,936 - deformetrica.core.estimators.gradient_ascent - INFO - >> Step size and gradient norm: 
2021-07-25 17:09:01,937 - deformetrica.core.estimators.gradient_ascent - INFO - 		7.781E-04   and   3.458E+03 	[ landmark_points ]
2021-07-25 17:09:01,939 - deformetrica.core.estimators.gradient_ascent - INFO - 		2.244E-03   and   1.447E+03 	[ momenta ]
2021-07-25 17:09:04,022 - deformetrica.core.estimators.gradient_ascent - INFO - ------------------------------------- Iteration: 49 -------------------------------------
2021-07-25 17:09:04,024 - deformetrica.core.estimators.gradient_ascent - INFO - >> Log-likelihood = -8.178E+04 	 [ attachment = -6.946E+04 ; regularity = -1.232E+04 ]
2021-07-25 17:09:04,764 - deformetrica.core.estimators.gradient_ascent - INFO - >> Step size and gradient norm: 
2021-07-25 17:09:04,766 - deformetrica.core.estimators.gradient_ascent - INFO - 		3.891E-04   and   3.751E+03 	[ landmark_points ]
2021-07-25 17:09:04,795 - deformetrica.core.estimators.gradient_ascent - INFO - 		2.244E-03   and   1.771E+03 	[ momenta ]
2021-07-25 17:09:05,327 - deformetrica.core.estimators.gradient_ascent - INFO - ------------------------------------- Iteration: 50 -------------------------------------
2021-07-25 17:09:05,328 - deformetrica.core.estimators.gradient_ascent - INFO - >> Log-likelihood = -8.133E+04 	 [ attachment = -6.889E+04 ; regularity = -1.244E+04 ]
2021-07-25 17:09:06,076 - deformetrica.core.estimators.gradient_ascent - INFO - >> Step size and gradient norm: 
2021-07-25 17:09:06,077 - deformetrica.core.estimators.gradient_ascent - INFO - 		5.836E-04   and   4.526E+03 	[ landmark_points ]
2021-07-25 17:09:06,078 - deformetrica.core.estimators.gradient_ascent - INFO - 		3.365E-03   and   2.083E+03 	[ momenta ]
2021-07-25 17:09:07,513 - deformetrica.core.estimators.gradient_ascent - INFO - ------------------------------------- Iteration: 51 -------------------------------------
2021-07-25 17:09:07,515 - deformetrica.core.estimators.gradient_ascent - INFO - >> Log-likelihood = -8.071E+04 	 [ attachment = -6.816E+04 ; regularity = -1.255E+04 ]
2021-07-25 17:09:08,301 - deformetrica.core.estimators.gradient_ascent - INFO - >> Step size and gradient norm: 
2021-07-25 17:09:08,303 - deformetrica.core.estimators.gradient_ascent - INFO - 		5.836E-04   and   5.236E+03 	[ landmark_points ]
2021-07-25 17:09:08,304 - deformetrica.core.estimators.gradient_ascent - INFO - 		1.683E-03   and   2.239E+03 	[ momenta ]
2021-07-25 17:09:08,745 - deformetrica.core.estimators.gradient_ascent - INFO - ------------------------------------- Iteration: 52 -------------------------------------
2021-07-25 17:09:08,746 - deformetrica.core.estimators.gradient_ascent - INFO - >> Log-likelihood = -8.041E+04 	 [ attachment = -6.776E+04 ; regularity = -1.265E+04 ]
2021-07-25 17:09:09,489 - deformetrica.core.estimators.gradient_ascent - INFO - >> Step size and gradient norm: 
2021-07-25 17:09:09,490 - deformetrica.core.estimators.gradient_ascent - INFO - 		8.754E-04   and   5.949E+03 	[ landmark_points ]
2021-07-25 17:09:09,492 - deformetrica.core.estimators.gradient_ascent - INFO - 		2.524E-03   and   2.365E+03 	[ momenta ]
2021-07-25 17:09:10,970 - deformetrica.core.estimators.gradient_ascent - INFO - >> Step size and gradient norm: 
2021-07-25 17:09:10,972 - deformetrica.core.estimators.gradient_ascent - INFO - 		4.377E-04   and   5.949E+03 	[ landmark_points ]
2021-07-25 17:09:10,973 - deformetrica.core.estimators.gradient_ascent - INFO - 		1.262E-03   and   2.365E+03 	[ momenta ]
2021-07-25 17:09:11,394 - deformetrica.core.estimators.gradient_ascent - INFO - ------------------------------------- Iteration: 53 -------------------------------------
2021-07-25 17:09:11,395 - deformetrica.core.estimators.gradient_ascent - INFO - >> Log-likelihood = -7.688E+04 	 [ attachment = -6.416E+04 ; regularity = -1.272E+04 ]
2021-07-25 17:09:12,066 - deformetrica.core.estimators.gradient_ascent - INFO - >> Step size and gradient norm: 
2021-07-25 17:09:12,068 - deformetrica.core.estimators.gradient_ascent - INFO - 		6.566E-04   and   3.607E+03 	[ landmark_points ]
2021-07-25 17:09:12,069 - deformetrica.core.estimators.gradient_ascent - INFO - 		1.893E-03   and   1.514E+03 	[ momenta ]
2021-07-25 17:09:13,525 - deformetrica.core.estimators.gradient_ascent - INFO - ------------------------------------- Iteration: 54 -------------------------------------
2021-07-25 17:09:13,526 - deformetrica.core.estimators.gradient_ascent - INFO - >> Log-likelihood = -7.548E+04 	 [ attachment = -6.265E+04 ; regularity = -1.283E+04 ]
2021-07-25 17:09:14,275 - deformetrica.core.estimators.gradient_ascent - INFO - >> Step size and gradient norm: 
2021-07-25 17:09:14,276 - deformetrica.core.estimators.gradient_ascent - INFO - 		3.283E-04   and   2.776E+03 	[ landmark_points ]
2021-07-25 17:09:14,277 - deformetrica.core.estimators.gradient_ascent - INFO - 		1.893E-03   and   1.351E+03 	[ momenta ]
2021-07-25 17:09:14,753 - deformetrica.core.estimators.gradient_ascent - INFO - ------------------------------------- Iteration: 55 -------------------------------------
2021-07-25 17:09:14,755 - deformetrica.core.estimators.gradient_ascent - INFO - >> Log-likelihood = -7.430E+04 	 [ attachment = -6.136E+04 ; regularity = -1.294E+04 ]
2021-07-25 17:09:15,481 - deformetrica.core.estimators.gradient_ascent - INFO - >> Step size and gradient norm: 
2021-07-25 17:09:15,483 - deformetrica.core.estimators.gradient_ascent - INFO - 		4.924E-04   and   2.473E+03 	[ landmark_points ]
2021-07-25 17:09:15,484 - deformetrica.core.estimators.gradient_ascent - INFO - 		2.840E-03   and   1.246E+03 	[ momenta ]
2021-07-25 17:09:16,789 - deformetrica.core.estimators.gradient_ascent - INFO - ------------------------------------- Iteration: 56 -------------------------------------
2021-07-25 17:09:16,790 - deformetrica.core.estimators.gradient_ascent - INFO - >> Log-likelihood = -7.326E+04 	 [ attachment = -6.024E+04 ; regularity = -1.302E+04 ]
2021-07-25 17:09:17,478 - deformetrica.core.estimators.gradient_ascent - INFO - >> Step size and gradient norm: 
2021-07-25 17:09:17,480 - deformetrica.core.estimators.gradient_ascent - INFO - 		4.924E-04   and   2.166E+03 	[ landmark_points ]
2021-07-25 17:09:17,481 - deformetrica.core.estimators.gradient_ascent - INFO - 		1.420E-03   and   1.016E+03 	[ momenta ]
2021-07-25 17:09:17,926 - deformetrica.core.estimators.gradient_ascent - INFO - ------------------------------------- Iteration: 57 -------------------------------------
2021-07-25 17:09:17,927 - deformetrica.core.estimators.gradient_ascent - INFO - >> Log-likelihood = -7.240E+04 	 [ attachment = -5.930E+04 ; regularity = -1.310E+04 ]
2021-07-25 17:09:18,620 - deformetrica.core.estimators.gradient_ascent - INFO - >> Step size and gradient norm: 
2021-07-25 17:09:18,621 - deformetrica.core.estimators.gradient_ascent - INFO - 		7.386E-04   and   1.890E+03 	[ landmark_points ]
2021-07-25 17:09:18,624 - deformetrica.core.estimators.gradient_ascent - INFO - 		2.130E-03   and   9.302E+02 	[ momenta ]
2021-07-25 17:09:19,065 - deformetrica.core.estimators.gradient_ascent - INFO - ------------------------------------- Iteration: 58 -------------------------------------
2021-07-25 17:09:19,066 - deformetrica.core.estimators.gradient_ascent - INFO - >> Log-likelihood = -7.197E+04 	 [ attachment = -5.875E+04 ; regularity = -1.322E+04 ]
2021-07-25 17:09:19,795 - deformetrica.core.estimators.gradient_ascent - INFO - >> Step size and gradient norm: 
2021-07-25 17:09:19,796 - deformetrica.core.estimators.gradient_ascent - INFO - 		1.108E-03   and   3.168E+03 	[ landmark_points ]
2021-07-25 17:09:19,799 - deformetrica.core.estimators.gradient_ascent - INFO - 		3.195E-03   and   1.299E+03 	[ momenta ]
2021-07-25 17:09:21,456 - deformetrica.core.estimators.gradient_ascent - INFO - >> Step size and gradient norm: 
2021-07-25 17:09:21,457 - deformetrica.core.estimators.gradient_ascent - INFO - 		5.540E-04   and   3.168E+03 	[ landmark_points ]
2021-07-25 17:09:21,458 - deformetrica.core.estimators.gradient_ascent - INFO - 		1.597E-03   and   1.299E+03 	[ momenta ]
2021-07-25 17:09:21,942 - deformetrica.core.estimators.gradient_ascent - INFO - ------------------------------------- Iteration: 59 -------------------------------------
2021-07-25 17:09:21,945 - deformetrica.core.estimators.gradient_ascent - INFO - >> Log-likelihood = -7.135E+04 	 [ attachment = -5.806E+04 ; regularity = -1.330E+04 ]
2021-07-25 17:09:22,785 - deformetrica.core.estimators.gradient_ascent - INFO - >> Step size and gradient norm: 
2021-07-25 17:09:22,787 - deformetrica.core.estimators.gradient_ascent - INFO - 		8.310E-04   and   3.543E+03 	[ landmark_points ]
2021-07-25 17:09:22,789 - deformetrica.core.estimators.gradient_ascent - INFO - 		2.396E-03   and   1.408E+03 	[ momenta ]
2021-07-25 17:09:24,273 - deformetrica.core.estimators.gradient_ascent - INFO - >> Step size and gradient norm: 
2021-07-25 17:09:24,275 - deformetrica.core.estimators.gradient_ascent - INFO - 		4.155E-04   and   3.543E+03 	[ landmark_points ]
2021-07-25 17:09:24,276 - deformetrica.core.estimators.gradient_ascent - INFO - 		1.198E-03   and   1.408E+03 	[ momenta ]
2021-07-25 17:09:24,685 - deformetrica.core.estimators.gradient_ascent - INFO - ------------------------------------- Iteration: 60 -------------------------------------
2021-07-25 17:09:24,686 - deformetrica.core.estimators.gradient_ascent - INFO - >> Log-likelihood = -7.004E+04 	 [ attachment = -5.667E+04 ; regularity = -1.337E+04 ]
2021-07-25 17:09:25,349 - deformetrica.core.estimators.gradient_ascent - INFO - >> Step size and gradient norm: 
2021-07-25 17:09:25,351 - deformetrica.core.estimators.gradient_ascent - INFO - 		6.232E-04   and   2.183E+03 	[ landmark_points ]
2021-07-25 17:09:25,353 - deformetrica.core.estimators.gradient_ascent - INFO - 		1.797E-03   and   9.141E+02 	[ momenta ]
2021-07-25 17:09:25,752 - deformetrica.core.estimators.gradient_ascent - INFO - ------------------------------------- Iteration: 61 -------------------------------------
2021-07-25 17:09:25,754 - deformetrica.core.estimators.gradient_ascent - INFO - >> Log-likelihood = -6.960E+04 	 [ attachment = -5.614E+04 ; regularity = -1.345E+04 ]
2021-07-25 17:09:26,460 - deformetrica.core.estimators.gradient_ascent - INFO - >> Step size and gradient norm: 
2021-07-25 17:09:26,461 - deformetrica.core.estimators.gradient_ascent - INFO - 		9.348E-04   and   3.181E+03 	[ landmark_points ]
2021-07-25 17:09:26,462 - deformetrica.core.estimators.gradient_ascent - INFO - 		2.695E-03   and   1.166E+03 	[ momenta ]
2021-07-25 17:09:27,687 - deformetrica.core.estimators.gradient_ascent - INFO - >> Step size and gradient norm: 
2021-07-25 17:09:27,688 - deformetrica.core.estimators.gradient_ascent - INFO - 		4.674E-04   and   3.181E+03 	[ landmark_points ]
2021-07-25 17:09:27,691 - deformetrica.core.estimators.gradient_ascent - INFO - 		1.348E-03   and   1.166E+03 	[ momenta ]
2021-07-25 17:09:28,154 - deformetrica.core.estimators.gradient_ascent - INFO - ------------------------------------- Iteration: 62 -------------------------------------
2021-07-25 17:09:28,155 - deformetrica.core.estimators.gradient_ascent - INFO - >> Log-likelihood = -6.876E+04 	 [ attachment = -5.523E+04 ; regularity = -1.353E+04 ]
2021-07-25 17:09:28,948 - deformetrica.core.estimators.gradient_ascent - INFO - >> Step size and gradient norm: 
2021-07-25 17:09:28,950 - deformetrica.core.estimators.gradient_ascent - INFO - 		7.011E-04   and   2.733E+03 	[ landmark_points ]
2021-07-25 17:09:28,952 - deformetrica.core.estimators.gradient_ascent - INFO - 		2.022E-03   and   9.789E+02 	[ momenta ]
2021-07-25 17:09:30,190 - deformetrica.core.estimators.gradient_ascent - INFO - ------------------------------------- Iteration: 63 -------------------------------------
2021-07-25 17:09:30,192 - deformetrica.core.estimators.gradient_ascent - INFO - >> Log-likelihood = -6.792E+04 	 [ attachment = -5.431E+04 ; regularity = -1.362E+04 ]
2021-07-25 17:09:30,853 - deformetrica.core.estimators.gradient_ascent - INFO - >> Step size and gradient norm: 
2021-07-25 17:09:30,854 - deformetrica.core.estimators.gradient_ascent - INFO - 		3.506E-04   and   2.574E+03 	[ landmark_points ]
2021-07-25 17:09:30,856 - deformetrica.core.estimators.gradient_ascent - INFO - 		2.022E-03   and   1.026E+03 	[ momenta ]
2021-07-25 17:09:31,278 - deformetrica.core.estimators.gradient_ascent - INFO - ------------------------------------- Iteration: 64 -------------------------------------
2021-07-25 17:09:31,280 - deformetrica.core.estimators.gradient_ascent - INFO - >> Log-likelihood = -6.716E+04 	 [ attachment = -5.344E+04 ; regularity = -1.373E+04 ]
2021-07-25 17:09:31,960 - deformetrica.core.estimators.gradient_ascent - INFO - >> Step size and gradient norm: 
2021-07-25 17:09:31,962 - deformetrica.core.estimators.gradient_ascent - INFO - 		5.258E-04   and   2.525E+03 	[ landmark_points ]
2021-07-25 17:09:31,963 - deformetrica.core.estimators.gradient_ascent - INFO - 		3.032E-03   and   1.028E+03 	[ momenta ]
2021-07-25 17:09:33,459 - deformetrica.core.estimators.gradient_ascent - INFO - ------------------------------------- Iteration: 65 -------------------------------------
2021-07-25 17:09:33,460 - deformetrica.core.estimators.gradient_ascent - INFO - >> Log-likelihood = -6.660E+04 	 [ attachment = -5.281E+04 ; regularity = -1.379E+04 ]
2021-07-25 17:09:34,337 - deformetrica.core.estimators.gradient_ascent - INFO - >> Step size and gradient norm: 
2021-07-25 17:09:34,338 - deformetrica.core.estimators.gradient_ascent - INFO - 		5.258E-04   and   3.092E+03 	[ landmark_points ]
2021-07-25 17:09:34,339 - deformetrica.core.estimators.gradient_ascent - INFO - 		1.516E-03   and   1.054E+03 	[ momenta ]
2021-07-25 17:09:35,167 - deformetrica.core.estimators.gradient_ascent - INFO - ------------------------------------- Iteration: 66 -------------------------------------
2021-07-25 17:09:35,169 - deformetrica.core.estimators.gradient_ascent - INFO - >> Log-likelihood = -6.616E+04 	 [ attachment = -5.229E+04 ; regularity = -1.387E+04 ]
2021-07-25 17:09:36,735 - deformetrica.core.estimators.gradient_ascent - INFO - >> Step size and gradient norm: 
2021-07-25 17:09:36,737 - deformetrica.core.estimators.gradient_ascent - INFO - 		7.888E-04   and   3.496E+03 	[ landmark_points ]
2021-07-25 17:09:36,742 - deformetrica.core.estimators.gradient_ascent - INFO - 		2.274E-03   and   1.102E+03 	[ momenta ]
2021-07-25 17:09:38,587 - deformetrica.core.estimators.gradient_ascent - INFO - ------------------------------------- Iteration: 67 -------------------------------------
2021-07-25 17:09:38,588 - deformetrica.core.estimators.gradient_ascent - INFO - >> Log-likelihood = -6.591E+04 	 [ attachment = -5.196E+04 ; regularity = -1.395E+04 ]
2021-07-25 17:09:39,404 - deformetrica.core.estimators.gradient_ascent - INFO - >> Step size and gradient norm: 
2021-07-25 17:09:39,405 - deformetrica.core.estimators.gradient_ascent - INFO - 		3.944E-04   and   4.153E+03 	[ landmark_points ]
2021-07-25 17:09:39,407 - deformetrica.core.estimators.gradient_ascent - INFO - 		2.274E-03   and   1.378E+03 	[ momenta ]
2021-07-25 17:09:40,910 - deformetrica.core.estimators.gradient_ascent - INFO - ------------------------------------- Iteration: 68 -------------------------------------
2021-07-25 17:09:40,911 - deformetrica.core.estimators.gradient_ascent - INFO - >> Log-likelihood = -6.461E+04 	 [ attachment = -5.061E+04 ; regularity = -1.401E+04 ]
2021-07-25 17:09:41,628 - deformetrica.core.estimators.gradient_ascent - INFO - >> Step size and gradient norm: 
2021-07-25 17:09:41,630 - deformetrica.core.estimators.gradient_ascent - INFO - 		3.944E-04   and   2.696E+03 	[ landmark_points ]
2021-07-25 17:09:41,632 - deformetrica.core.estimators.gradient_ascent - INFO - 		1.137E-03   and   8.474E+02 	[ momenta ]
2021-07-25 17:09:42,272 - deformetrica.core.estimators.gradient_ascent - INFO - ------------------------------------- Iteration: 69 -------------------------------------
2021-07-25 17:09:42,273 - deformetrica.core.estimators.gradient_ascent - INFO - >> Log-likelihood = -6.391E+04 	 [ attachment = -4.987E+04 ; regularity = -1.405E+04 ]
2021-07-25 17:09:42,984 - deformetrica.core.estimators.gradient_ascent - INFO - >> Step size and gradient norm: 
2021-07-25 17:09:42,986 - deformetrica.core.estimators.gradient_ascent - INFO - 		5.916E-04   and   1.838E+03 	[ landmark_points ]
2021-07-25 17:09:42,987 - deformetrica.core.estimators.gradient_ascent - INFO - 		1.706E-03   and   7.009E+02 	[ momenta ]
2021-07-25 17:09:43,446 - deformetrica.core.estimators.gradient_ascent - INFO - ------------------------------------- Iteration: 70 -------------------------------------
2021-07-25 17:09:43,448 - deformetrica.core.estimators.gradient_ascent - INFO - >> Log-likelihood = -6.351E+04 	 [ attachment = -4.939E+04 ; regularity = -1.413E+04 ]
2021-07-25 17:09:44,304 - deformetrica.core.estimators.gradient_ascent - INFO - >> Step size and gradient norm: 
2021-07-25 17:09:44,306 - deformetrica.core.estimators.gradient_ascent - INFO - 		8.874E-04   and   2.533E+03 	[ landmark_points ]
2021-07-25 17:09:44,307 - deformetrica.core.estimators.gradient_ascent - INFO - 		2.558E-03   and   7.951E+02 	[ momenta ]
2021-07-25 17:09:45,631 - deformetrica.core.estimators.gradient_ascent - INFO - ------------------------------------- Iteration: 71 -------------------------------------
2021-07-25 17:09:45,632 - deformetrica.core.estimators.gradient_ascent - INFO - >> Log-likelihood = -6.324E+04 	 [ attachment = -4.903E+04 ; regularity = -1.422E+04 ]
2021-07-25 17:09:46,671 - deformetrica.core.estimators.gradient_ascent - INFO - >> Step size and gradient norm: 
2021-07-25 17:09:46,672 - deformetrica.core.estimators.gradient_ascent - INFO - 		4.437E-04   and   3.617E+03 	[ landmark_points ]
2021-07-25 17:09:46,674 - deformetrica.core.estimators.gradient_ascent - INFO - 		2.558E-03   and   1.117E+03 	[ momenta ]
2021-07-25 17:09:48,140 - deformetrica.core.estimators.gradient_ascent - INFO - ------------------------------------- Iteration: 72 -------------------------------------
2021-07-25 17:09:48,141 - deformetrica.core.estimators.gradient_ascent - INFO - >> Log-likelihood = -6.254E+04 	 [ attachment = -4.821E+04 ; regularity = -1.433E+04 ]
2021-07-25 17:09:49,198 - deformetrica.core.estimators.gradient_ascent - INFO - >> Step size and gradient norm: 
2021-07-25 17:09:49,199 - deformetrica.core.estimators.gradient_ascent - INFO - 		2.218E-04   and   3.120E+03 	[ landmark_points ]
2021-07-25 17:09:49,201 - deformetrica.core.estimators.gradient_ascent - INFO - 		2.558E-03   and   1.178E+03 	[ momenta ]
2021-07-25 17:09:49,695 - deformetrica.core.estimators.gradient_ascent - INFO - ------------------------------------- Iteration: 73 -------------------------------------
2021-07-25 17:09:49,696 - deformetrica.core.estimators.gradient_ascent - INFO - >> Log-likelihood = -6.218E+04 	 [ attachment = -4.777E+04 ; regularity = -1.442E+04 ]
2021-07-25 17:09:50,442 - deformetrica.core.estimators.gradient_ascent - INFO - >> Step size and gradient norm: 
2021-07-25 17:09:50,444 - deformetrica.core.estimators.gradient_ascent - INFO - 		3.328E-04   and   3.372E+03 	[ landmark_points ]
2021-07-25 17:09:50,445 - deformetrica.core.estimators.gradient_ascent - INFO - 		3.838E-03   and   1.361E+03 	[ momenta ]
2021-07-25 17:09:51,907 - deformetrica.core.estimators.gradient_ascent - INFO - ------------------------------------- Iteration: 74 -------------------------------------
2021-07-25 17:09:51,909 - deformetrica.core.estimators.gradient_ascent - INFO - >> Log-likelihood = -6.159E+04 	 [ attachment = -4.712E+04 ; regularity = -1.448E+04 ]
2021-07-25 17:09:54,402 - deformetrica.core.estimators.gradient_ascent - INFO - >> Step size and gradient norm: 
2021-07-25 17:09:54,404 - deformetrica.core.estimators.gradient_ascent - INFO - 		3.328E-04   and   3.188E+03 	[ landmark_points ]
2021-07-25 17:09:54,407 - deformetrica.core.estimators.gradient_ascent - INFO - 		1.919E-03   and   1.242E+03 	[ momenta ]
2021-07-25 17:09:54,926 - deformetrica.core.estimators.gradient_ascent - INFO - ------------------------------------- Iteration: 75 -------------------------------------
2021-07-25 17:09:54,927 - deformetrica.core.estimators.gradient_ascent - INFO - >> Log-likelihood = -6.104E+04 	 [ attachment = -4.650E+04 ; regularity = -1.454E+04 ]
2021-07-25 17:09:55,853 - deformetrica.core.estimators.gradient_ascent - INFO - >> Step size and gradient norm: 
2021-07-25 17:09:55,854 - deformetrica.core.estimators.gradient_ascent - INFO - 		4.991E-04   and   3.186E+03 	[ landmark_points ]
2021-07-25 17:09:55,856 - deformetrica.core.estimators.gradient_ascent - INFO - 		2.878E-03   and   1.210E+03 	[ momenta ]
2021-07-25 17:09:57,117 - deformetrica.core.estimators.gradient_ascent - INFO - ------------------------------------- Iteration: 76 -------------------------------------
2021-07-25 17:09:57,119 - deformetrica.core.estimators.gradient_ascent - INFO - >> Log-likelihood = -6.057E+04 	 [ attachment = -4.598E+04 ; regularity = -1.458E+04 ]
2021-07-25 17:09:58,003 - deformetrica.core.estimators.gradient_ascent - INFO - >> Step size and gradient norm: 
2021-07-25 17:09:58,005 - deformetrica.core.estimators.gradient_ascent - INFO - 		4.991E-04   and   3.407E+03 	[ landmark_points ]
2021-07-25 17:09:58,006 - deformetrica.core.estimators.gradient_ascent - INFO - 		1.439E-03   and   1.087E+03 	[ momenta ]
2021-07-25 17:09:58,453 - deformetrica.core.estimators.gradient_ascent - INFO - ------------------------------------- Iteration: 77 -------------------------------------
2021-07-25 17:09:58,455 - deformetrica.core.estimators.gradient_ascent - INFO - >> Log-likelihood = -6.030E+04 	 [ attachment = -4.568E+04 ; regularity = -1.463E+04 ]
2021-07-25 17:09:59,422 - deformetrica.core.estimators.gradient_ascent - INFO - >> Step size and gradient norm: 
2021-07-25 17:09:59,423 - deformetrica.core.estimators.gradient_ascent - INFO - 		7.487E-04   and   3.948E+03 	[ landmark_points ]
2021-07-25 17:09:59,425 - deformetrica.core.estimators.gradient_ascent - INFO - 		2.159E-03   and   1.162E+03 	[ momenta ]
2021-07-25 17:10:01,045 - deformetrica.core.estimators.gradient_ascent - INFO - ------------------------------------- Iteration: 78 -------------------------------------
2021-07-25 17:10:01,046 - deformetrica.core.estimators.gradient_ascent - INFO - >> Log-likelihood = -6.014E+04 	 [ attachment = -4.544E+04 ; regularity = -1.470E+04 ]
2021-07-25 17:10:02,013 - deformetrica.core.estimators.gradient_ascent - INFO - >> Step size and gradient norm: 
2021-07-25 17:10:02,021 - deformetrica.core.estimators.gradient_ascent - INFO - 		3.744E-04   and   4.157E+03 	[ landmark_points ]
2021-07-25 17:10:02,030 - deformetrica.core.estimators.gradient_ascent - INFO - 		2.159E-03   and   1.367E+03 	[ momenta ]
2021-07-25 17:10:04,049 - deformetrica.core.estimators.gradient_ascent - INFO - ------------------------------------- Iteration: 79 -------------------------------------
2021-07-25 17:10:04,050 - deformetrica.core.estimators.gradient_ascent - INFO - >> Log-likelihood = -5.890E+04 	 [ attachment = -4.418E+04 ; regularity = -1.473E+04 ]
2021-07-25 17:10:04,722 - deformetrica.core.estimators.gradient_ascent - INFO - >> Step size and gradient norm: 
2021-07-25 17:10:04,724 - deformetrica.core.estimators.gradient_ascent - INFO - 		3.744E-04   and   2.806E+03 	[ landmark_points ]
2021-07-25 17:10:04,726 - deformetrica.core.estimators.gradient_ascent - INFO - 		1.079E-03   and   7.918E+02 	[ momenta ]
2021-07-25 17:10:05,121 - deformetrica.core.estimators.gradient_ascent - INFO - ------------------------------------- Iteration: 80 -------------------------------------
2021-07-25 17:10:05,122 - deformetrica.core.estimators.gradient_ascent - INFO - >> Log-likelihood = -5.826E+04 	 [ attachment = -4.350E+04 ; regularity = -1.476E+04 ]
2021-07-25 17:10:05,769 - deformetrica.core.estimators.gradient_ascent - INFO - >> Step size and gradient norm: 
2021-07-25 17:10:05,770 - deformetrica.core.estimators.gradient_ascent - INFO - 		5.615E-04   and   1.572E+03 	[ landmark_points ]
2021-07-25 17:10:05,772 - deformetrica.core.estimators.gradient_ascent - INFO - 		1.619E-03   and   6.153E+02 	[ momenta ]
2021-07-25 17:10:06,231 - deformetrica.core.estimators.gradient_ascent - INFO - ------------------------------------- Iteration: 81 -------------------------------------
2021-07-25 17:10:06,233 - deformetrica.core.estimators.gradient_ascent - INFO - >> Log-likelihood = -5.796E+04 	 [ attachment = -4.315E+04 ; regularity = -1.481E+04 ]
2021-07-25 17:10:06,985 - deformetrica.core.estimators.gradient_ascent - INFO - >> Step size and gradient norm: 
2021-07-25 17:10:06,986 - deformetrica.core.estimators.gradient_ascent - INFO - 		8.423E-04   and   2.386E+03 	[ landmark_points ]
2021-07-25 17:10:06,987 - deformetrica.core.estimators.gradient_ascent - INFO - 		2.429E-03   and   7.080E+02 	[ momenta ]
2021-07-25 17:10:08,502 - deformetrica.core.estimators.gradient_ascent - INFO - ------------------------------------- Iteration: 82 -------------------------------------
2021-07-25 17:10:08,505 - deformetrica.core.estimators.gradient_ascent - INFO - >> Log-likelihood = -5.770E+04 	 [ attachment = -4.280E+04 ; regularity = -1.490E+04 ]
2021-07-25 17:10:09,502 - deformetrica.core.estimators.gradient_ascent - INFO - >> Step size and gradient norm: 
2021-07-25 17:10:09,505 - deformetrica.core.estimators.gradient_ascent - INFO - 		4.211E-04   and   2.836E+03 	[ landmark_points ]
2021-07-25 17:10:09,537 - deformetrica.core.estimators.gradient_ascent - INFO - 		2.429E-03   and   9.439E+02 	[ momenta ]
2021-07-25 17:10:11,018 - deformetrica.core.estimators.gradient_ascent - INFO - ------------------------------------- Iteration: 83 -------------------------------------
2021-07-25 17:10:11,019 - deformetrica.core.estimators.gradient_ascent - INFO - >> Log-likelihood = -5.702E+04 	 [ attachment = -4.205E+04 ; regularity = -1.497E+04 ]
2021-07-25 17:10:11,901 - deformetrica.core.estimators.gradient_ascent - INFO - >> Step size and gradient norm: 
2021-07-25 17:10:11,903 - deformetrica.core.estimators.gradient_ascent - INFO - 		2.106E-04   and   2.428E+03 	[ landmark_points ]
2021-07-25 17:10:11,904 - deformetrica.core.estimators.gradient_ascent - INFO - 		2.429E-03   and   9.350E+02 	[ momenta ]
2021-07-25 17:10:12,488 - deformetrica.core.estimators.gradient_ascent - INFO - ------------------------------------- Iteration: 84 -------------------------------------
2021-07-25 17:10:12,489 - deformetrica.core.estimators.gradient_ascent - INFO - >> Log-likelihood = -5.653E+04 	 [ attachment = -4.149E+04 ; regularity = -1.504E+04 ]
2021-07-25 17:10:13,291 - deformetrica.core.estimators.gradient_ascent - INFO - >> Step size and gradient norm: 
2021-07-25 17:10:13,293 - deformetrica.core.estimators.gradient_ascent - INFO - 		3.159E-04   and   2.184E+03 	[ landmark_points ]
2021-07-25 17:10:13,294 - deformetrica.core.estimators.gradient_ascent - INFO - 		3.643E-03   and   9.623E+02 	[ momenta ]
2021-07-25 17:10:14,607 - deformetrica.core.estimators.gradient_ascent - INFO - ------------------------------------- Iteration: 85 -------------------------------------
2021-07-25 17:10:14,609 - deformetrica.core.estimators.gradient_ascent - INFO - >> Log-likelihood = -5.593E+04 	 [ attachment = -4.082E+04 ; regularity = -1.510E+04 ]
2021-07-25 17:10:15,314 - deformetrica.core.estimators.gradient_ascent - INFO - >> Step size and gradient norm: 
2021-07-25 17:10:15,315 - deformetrica.core.estimators.gradient_ascent - INFO - 		3.159E-04   and   2.119E+03 	[ landmark_points ]
2021-07-25 17:10:15,317 - deformetrica.core.estimators.gradient_ascent - INFO - 		1.821E-03   and   8.580E+02 	[ momenta ]
2021-07-25 17:10:15,755 - deformetrica.core.estimators.gradient_ascent - INFO - ------------------------------------- Iteration: 86 -------------------------------------
2021-07-25 17:10:15,757 - deformetrica.core.estimators.gradient_ascent - INFO - >> Log-likelihood = -5.537E+04 	 [ attachment = -4.020E+04 ; regularity = -1.516E+04 ]
2021-07-25 17:10:16,456 - deformetrica.core.estimators.gradient_ascent - INFO - >> Step size and gradient norm: 
2021-07-25 17:10:16,458 - deformetrica.core.estimators.gradient_ascent - INFO - 		4.738E-04   and   1.714E+03 	[ landmark_points ]
2021-07-25 17:10:16,460 - deformetrica.core.estimators.gradient_ascent - INFO - 		2.732E-03   and   7.734E+02 	[ momenta ]
2021-07-25 17:10:17,741 - deformetrica.core.estimators.gradient_ascent - INFO - ------------------------------------- Iteration: 87 -------------------------------------
2021-07-25 17:10:17,745 - deformetrica.core.estimators.gradient_ascent - INFO - >> Log-likelihood = -5.491E+04 	 [ attachment = -3.970E+04 ; regularity = -1.521E+04 ]
2021-07-25 17:10:18,457 - deformetrica.core.estimators.gradient_ascent - INFO - >> Step size and gradient norm: 
2021-07-25 17:10:18,459 - deformetrica.core.estimators.gradient_ascent - INFO - 		4.738E-04   and   1.861E+03 	[ landmark_points ]
2021-07-25 17:10:18,461 - deformetrica.core.estimators.gradient_ascent - INFO - 		1.366E-03   and   7.027E+02 	[ momenta ]
2021-07-25 17:10:19,026 - deformetrica.core.estimators.gradient_ascent - INFO - ------------------------------------- Iteration: 88 -------------------------------------
2021-07-25 17:10:19,027 - deformetrica.core.estimators.gradient_ascent - INFO - >> Log-likelihood = -5.457E+04 	 [ attachment = -3.931E+04 ; regularity = -1.526E+04 ]
2021-07-25 17:10:19,734 - deformetrica.core.estimators.gradient_ascent - INFO - >> Step size and gradient norm: 
2021-07-25 17:10:19,736 - deformetrica.core.estimators.gradient_ascent - INFO - 		7.107E-04   and   1.778E+03 	[ landmark_points ]
2021-07-25 17:10:19,765 - deformetrica.core.estimators.gradient_ascent - INFO - 		2.049E-03   and   6.729E+02 	[ momenta ]
2021-07-25 17:10:21,184 - deformetrica.core.estimators.gradient_ascent - INFO - ------------------------------------- Iteration: 89 -------------------------------------
2021-07-25 17:10:21,185 - deformetrica.core.estimators.gradient_ascent - INFO - >> Log-likelihood = -5.413E+04 	 [ attachment = -3.881E+04 ; regularity = -1.532E+04 ]
2021-07-25 17:10:21,910 - deformetrica.core.estimators.gradient_ascent - INFO - >> Step size and gradient norm: 
2021-07-25 17:10:21,911 - deformetrica.core.estimators.gradient_ascent - INFO - 		3.553E-04   and   1.841E+03 	[ landmark_points ]
2021-07-25 17:10:21,912 - deformetrica.core.estimators.gradient_ascent - INFO - 		2.049E-03   and   7.294E+02 	[ momenta ]
2021-07-25 17:10:22,359 - deformetrica.core.estimators.gradient_ascent - INFO - ------------------------------------- Iteration: 90 -------------------------------------
2021-07-25 17:10:22,361 - deformetrica.core.estimators.gradient_ascent - INFO - >> Log-likelihood = -5.375E+04 	 [ attachment = -3.836E+04 ; regularity = -1.539E+04 ]
2021-07-25 17:10:23,059 - deformetrica.core.estimators.gradient_ascent - INFO - >> Step size and gradient norm: 
2021-07-25 17:10:23,060 - deformetrica.core.estimators.gradient_ascent - INFO - 		5.330E-04   and   1.910E+03 	[ landmark_points ]
2021-07-25 17:10:23,062 - deformetrica.core.estimators.gradient_ascent - INFO - 		3.074E-03   and   7.508E+02 	[ momenta ]
2021-07-25 17:10:24,473 - deformetrica.core.estimators.gradient_ascent - INFO - ------------------------------------- Iteration: 91 -------------------------------------
2021-07-25 17:10:24,475 - deformetrica.core.estimators.gradient_ascent - INFO - >> Log-likelihood = -5.354E+04 	 [ attachment = -3.809E+04 ; regularity = -1.544E+04 ]
2021-07-25 17:10:25,145 - deformetrica.core.estimators.gradient_ascent - INFO - >> Step size and gradient norm: 
2021-07-25 17:10:25,146 - deformetrica.core.estimators.gradient_ascent - INFO - 		5.330E-04   and   2.526E+03 	[ landmark_points ]
2021-07-25 17:10:25,175 - deformetrica.core.estimators.gradient_ascent - INFO - 		1.537E-03   and   8.445E+02 	[ momenta ]
2021-07-25 17:10:25,716 - deformetrica.core.estimators.gradient_ascent - INFO - ------------------------------------- Iteration: 92 -------------------------------------
2021-07-25 17:10:25,717 - deformetrica.core.estimators.gradient_ascent - INFO - >> Log-likelihood = -5.345E+04 	 [ attachment = -3.796E+04 ; regularity = -1.549E+04 ]
2021-07-25 17:10:26,356 - deformetrica.core.estimators.gradient_ascent - INFO - >> Step size and gradient norm: 
2021-07-25 17:10:26,357 - deformetrica.core.estimators.gradient_ascent - INFO - 		7.995E-04   and   3.113E+03 	[ landmark_points ]
2021-07-25 17:10:26,359 - deformetrica.core.estimators.gradient_ascent - INFO - 		2.305E-03   and   9.681E+02 	[ momenta ]
2021-07-25 17:10:27,584 - deformetrica.core.estimators.gradient_ascent - INFO - >> Step size and gradient norm: 
2021-07-25 17:10:27,585 - deformetrica.core.estimators.gradient_ascent - INFO - 		3.998E-04   and   3.113E+03 	[ landmark_points ]
2021-07-25 17:10:27,586 - deformetrica.core.estimators.gradient_ascent - INFO - 		1.153E-03   and   9.681E+02 	[ momenta ]
2021-07-25 17:10:28,012 - deformetrica.core.estimators.gradient_ascent - INFO - ------------------------------------- Iteration: 93 -------------------------------------
2021-07-25 17:10:28,014 - deformetrica.core.estimators.gradient_ascent - INFO - >> Log-likelihood = -5.278E+04 	 [ attachment = -3.725E+04 ; regularity = -1.553E+04 ]
2021-07-25 17:10:28,706 - deformetrica.core.estimators.gradient_ascent - INFO - >> Step size and gradient norm: 
2021-07-25 17:10:28,708 - deformetrica.core.estimators.gradient_ascent - INFO - 		5.996E-04   and   2.239E+03 	[ landmark_points ]
2021-07-25 17:10:28,710 - deformetrica.core.estimators.gradient_ascent - INFO - 		1.729E-03   and   7.500E+02 	[ momenta ]
2021-07-25 17:10:29,947 - deformetrica.core.estimators.gradient_ascent - INFO - ------------------------------------- Iteration: 94 -------------------------------------
2021-07-25 17:10:29,948 - deformetrica.core.estimators.gradient_ascent - INFO - >> Log-likelihood = -5.230E+04 	 [ attachment = -3.672E+04 ; regularity = -1.558E+04 ]
2021-07-25 17:10:30,764 - deformetrica.core.estimators.gradient_ascent - INFO - >> Step size and gradient norm: 
2021-07-25 17:10:30,767 - deformetrica.core.estimators.gradient_ascent - INFO - 		2.998E-04   and   1.490E+03 	[ landmark_points ]
2021-07-25 17:10:30,796 - deformetrica.core.estimators.gradient_ascent - INFO - 		1.729E-03   and   6.374E+02 	[ momenta ]
2021-07-25 17:10:31,392 - deformetrica.core.estimators.gradient_ascent - INFO - ------------------------------------- Iteration: 95 -------------------------------------
2021-07-25 17:10:31,393 - deformetrica.core.estimators.gradient_ascent - INFO - >> Log-likelihood = -5.187E+04 	 [ attachment = -3.623E+04 ; regularity = -1.564E+04 ]
2021-07-25 17:10:32,057 - deformetrica.core.estimators.gradient_ascent - INFO - >> Step size and gradient norm: 
2021-07-25 17:10:32,058 - deformetrica.core.estimators.gradient_ascent - INFO - 		4.497E-04   and   1.262E+03 	[ landmark_points ]
2021-07-25 17:10:32,060 - deformetrica.core.estimators.gradient_ascent - INFO - 		2.593E-03   and   5.580E+02 	[ momenta ]
2021-07-25 17:10:32,480 - deformetrica.core.estimators.gradient_ascent - INFO - ------------------------------------- Iteration: 96 -------------------------------------
2021-07-25 17:10:32,481 - deformetrica.core.estimators.gradient_ascent - INFO - >> Log-likelihood = -5.164E+04 	 [ attachment = -3.593E+04 ; regularity = -1.571E+04 ]
2021-07-25 17:10:33,155 - deformetrica.core.estimators.gradient_ascent - INFO - >> Step size and gradient norm: 
2021-07-25 17:10:33,157 - deformetrica.core.estimators.gradient_ascent - INFO - 		6.746E-04   and   1.962E+03 	[ landmark_points ]
2021-07-25 17:10:33,158 - deformetrica.core.estimators.gradient_ascent - INFO - 		3.890E-03   and   7.585E+02 	[ momenta ]
2021-07-25 17:10:34,420 - deformetrica.core.estimators.gradient_ascent - INFO - >> Step size and gradient norm: 
2021-07-25 17:10:34,421 - deformetrica.core.estimators.gradient_ascent - INFO - 		3.373E-04   and   1.962E+03 	[ landmark_points ]
2021-07-25 17:10:34,424 - deformetrica.core.estimators.gradient_ascent - INFO - 		1.945E-03   and   7.585E+02 	[ momenta ]
2021-07-25 17:10:34,909 - deformetrica.core.estimators.gradient_ascent - INFO - ------------------------------------- Iteration: 97 -------------------------------------
2021-07-25 17:10:34,911 - deformetrica.core.estimators.gradient_ascent - INFO - >> Log-likelihood = -5.135E+04 	 [ attachment = -3.557E+04 ; regularity = -1.579E+04 ]
2021-07-25 17:10:35,646 - deformetrica.core.estimators.gradient_ascent - INFO - >> Step size and gradient norm: 
2021-07-25 17:10:35,648 - deformetrica.core.estimators.gradient_ascent - INFO - 		5.059E-04   and   2.004E+03 	[ landmark_points ]
2021-07-25 17:10:35,650 - deformetrica.core.estimators.gradient_ascent - INFO - 		2.918E-03   and   8.108E+02 	[ momenta ]
2021-07-25 17:10:36,905 - deformetrica.core.estimators.gradient_ascent - INFO - ------------------------------------- Iteration: 98 -------------------------------------
2021-07-25 17:10:36,906 - deformetrica.core.estimators.gradient_ascent - INFO - >> Log-likelihood = -5.123E+04 	 [ attachment = -3.541E+04 ; regularity = -1.581E+04 ]
2021-07-25 17:10:37,580 - deformetrica.core.estimators.gradient_ascent - INFO - >> Step size and gradient norm: 
2021-07-25 17:10:37,582 - deformetrica.core.estimators.gradient_ascent - INFO - 		5.059E-04   and   2.552E+03 	[ landmark_points ]
2021-07-25 17:10:37,583 - deformetrica.core.estimators.gradient_ascent - INFO - 		1.459E-03   and   8.021E+02 	[ momenta ]
2021-07-25 17:10:38,068 - deformetrica.core.estimators.gradient_ascent - INFO - Tolerance threshold met. Stopping the optimization process.
2021-07-25 17:10:38,809 - root - INFO - >> Estimation took: 03 minutes and 00 seconds
