2021-08-03 13:50:06,597 - root - ERROR - Logger has been set to: INFO
2021-08-03 13:50:06,610 - root - INFO - OMP_NUM_THREADS was not found in environment variables. An automatic value will be set.
2021-08-03 13:50:06,613 - root - INFO - OMP_NUM_THREADS will be set to 2
2021-08-03 13:50:06,615 - root - INFO - >> No specified state-file. By default, Deformetrica state will by saved in file: output/deformetrica-state.p.
2021-08-03 13:50:06,619 - root - INFO - >> Removing the pre-existing state file with same path.
2021-08-03 13:50:06,646 - deformetrica.core.models.model_functions - INFO - >> Reading 200 initial control points from file images/mask_initial_control_points/mask_03_initial_control_points.txt.
2021-08-03 13:50:06,649 - deformetrica.core.models.model_functions - INFO - >> Momenta initialized to zero, for 5 subjects.
2021-08-03 13:50:06,652 - root - INFO - >> Started estimator: GradientAscent
2021-08-03 13:50:07,355 - deformetrica.core.estimators.gradient_ascent - INFO - ------------------------------------- Iteration: 0 -------------------------------------
2021-08-03 13:50:07,357 - deformetrica.core.estimators.gradient_ascent - INFO - >> Log-likelihood = -1.168E+04 	 [ attachment = -1.168E+04 ; regularity = 0.000E+00 ]
2021-08-03 13:50:07,358 - deformetrica.core.estimators.gradient_ascent - INFO - >> Step size and gradient norm: 
2021-08-03 13:50:07,361 - deformetrica.core.estimators.gradient_ascent - INFO - 		5.880E-04   and   1.701E+03 	[ landmark_points ]
2021-08-03 13:50:07,363 - deformetrica.core.estimators.gradient_ascent - INFO - 		1.588E-03   and   6.297E+02 	[ momenta ]
2021-08-03 13:50:07,744 - deformetrica.core.estimators.gradient_ascent - INFO - ------------------------------------- Iteration: 1 -------------------------------------
2021-08-03 13:50:07,745 - deformetrica.core.estimators.gradient_ascent - INFO - >> Log-likelihood = -1.092E+04 	 [ attachment = -1.091E+04 ; regularity = -3.658E+00 ]
2021-08-03 13:50:08,372 - deformetrica.core.estimators.gradient_ascent - INFO - >> Step size and gradient norm: 
2021-08-03 13:50:08,373 - deformetrica.core.estimators.gradient_ascent - INFO - 		8.820E-04   and   1.597E+03 	[ landmark_points ]
2021-08-03 13:50:08,374 - deformetrica.core.estimators.gradient_ascent - INFO - 		2.382E-03   and   5.929E+02 	[ momenta ]
2021-08-03 13:50:08,760 - deformetrica.core.estimators.gradient_ascent - INFO - ------------------------------------- Iteration: 2 -------------------------------------
2021-08-03 13:50:08,761 - deformetrica.core.estimators.gradient_ascent - INFO - >> Log-likelihood = -9.925E+03 	 [ attachment = -9.903E+03 ; regularity = -2.120E+01 ]
2021-08-03 13:50:09,367 - deformetrica.core.estimators.gradient_ascent - INFO - >> Step size and gradient norm: 
2021-08-03 13:50:09,369 - deformetrica.core.estimators.gradient_ascent - INFO - 		1.323E-03   and   1.454E+03 	[ landmark_points ]
2021-08-03 13:50:09,370 - deformetrica.core.estimators.gradient_ascent - INFO - 		3.573E-03   and   5.417E+02 	[ momenta ]
2021-08-03 13:50:09,719 - deformetrica.core.estimators.gradient_ascent - INFO - ------------------------------------- Iteration: 3 -------------------------------------
2021-08-03 13:50:09,720 - deformetrica.core.estimators.gradient_ascent - INFO - >> Log-likelihood = -8.703E+03 	 [ attachment = -8.635E+03 ; regularity = -6.840E+01 ]
2021-08-03 13:50:10,332 - deformetrica.core.estimators.gradient_ascent - INFO - >> Step size and gradient norm: 
2021-08-03 13:50:10,333 - deformetrica.core.estimators.gradient_ascent - INFO - 		1.984E-03   and   1.265E+03 	[ landmark_points ]
2021-08-03 13:50:10,336 - deformetrica.core.estimators.gradient_ascent - INFO - 		5.360E-03   and   4.732E+02 	[ momenta ]
2021-08-03 13:50:10,686 - deformetrica.core.estimators.gradient_ascent - INFO - ------------------------------------- Iteration: 4 -------------------------------------
2021-08-03 13:50:10,688 - deformetrica.core.estimators.gradient_ascent - INFO - >> Log-likelihood = -7.340E+03 	 [ attachment = -7.171E+03 ; regularity = -1.695E+02 ]
2021-08-03 13:50:11,299 - deformetrica.core.estimators.gradient_ascent - INFO - >> Step size and gradient norm: 
2021-08-03 13:50:11,300 - deformetrica.core.estimators.gradient_ascent - INFO - 		2.977E-03   and   1.032E+03 	[ landmark_points ]
2021-08-03 13:50:11,301 - deformetrica.core.estimators.gradient_ascent - INFO - 		8.040E-03   and   3.872E+02 	[ momenta ]
2021-08-03 13:50:11,650 - deformetrica.core.estimators.gradient_ascent - INFO - ------------------------------------- Iteration: 5 -------------------------------------
2021-08-03 13:50:11,652 - deformetrica.core.estimators.gradient_ascent - INFO - >> Log-likelihood = -6.011E+03 	 [ attachment = -5.661E+03 ; regularity = -3.505E+02 ]
2021-08-03 13:50:12,397 - deformetrica.core.estimators.gradient_ascent - INFO - >> Step size and gradient norm: 
2021-08-03 13:50:12,399 - deformetrica.core.estimators.gradient_ascent - INFO - 		4.465E-03   and   7.791E+02 	[ landmark_points ]
2021-08-03 13:50:12,402 - deformetrica.core.estimators.gradient_ascent - INFO - 		1.206E-02   and   2.902E+02 	[ momenta ]
2021-08-03 13:50:12,752 - deformetrica.core.estimators.gradient_ascent - INFO - ------------------------------------- Iteration: 6 -------------------------------------
2021-08-03 13:50:12,753 - deformetrica.core.estimators.gradient_ascent - INFO - >> Log-likelihood = -4.913E+03 	 [ attachment = -4.297E+03 ; regularity = -6.161E+02 ]
2021-08-03 13:50:13,347 - deformetrica.core.estimators.gradient_ascent - INFO - >> Step size and gradient norm: 
2021-08-03 13:50:13,349 - deformetrica.core.estimators.gradient_ascent - INFO - 		6.698E-03   and   5.491E+02 	[ landmark_points ]
2021-08-03 13:50:13,350 - deformetrica.core.estimators.gradient_ascent - INFO - 		1.809E-02   and   1.972E+02 	[ momenta ]
2021-08-03 13:50:13,703 - deformetrica.core.estimators.gradient_ascent - INFO - ------------------------------------- Iteration: 7 -------------------------------------
2021-08-03 13:50:13,705 - deformetrica.core.estimators.gradient_ascent - INFO - >> Log-likelihood = -4.139E+03 	 [ attachment = -3.219E+03 ; regularity = -9.199E+02 ]
2021-08-03 13:50:14,303 - deformetrica.core.estimators.gradient_ascent - INFO - >> Step size and gradient norm: 
2021-08-03 13:50:14,304 - deformetrica.core.estimators.gradient_ascent - INFO - 		1.005E-02   and   3.820E+02 	[ landmark_points ]
2021-08-03 13:50:14,307 - deformetrica.core.estimators.gradient_ascent - INFO - 		2.713E-02   and   1.253E+02 	[ momenta ]
2021-08-03 13:50:14,669 - deformetrica.core.estimators.gradient_ascent - INFO - ------------------------------------- Iteration: 8 -------------------------------------
2021-08-03 13:50:14,670 - deformetrica.core.estimators.gradient_ascent - INFO - >> Log-likelihood = -3.634E+03 	 [ attachment = -2.458E+03 ; regularity = -1.177E+03 ]
2021-08-03 13:50:15,291 - deformetrica.core.estimators.gradient_ascent - INFO - >> Step size and gradient norm: 
2021-08-03 13:50:15,292 - deformetrica.core.estimators.gradient_ascent - INFO - 		1.507E-02   and   2.815E+02 	[ landmark_points ]
2021-08-03 13:50:15,295 - deformetrica.core.estimators.gradient_ascent - INFO - 		4.070E-02   and   7.565E+01 	[ momenta ]
2021-08-03 13:50:15,650 - deformetrica.core.estimators.gradient_ascent - INFO - ------------------------------------- Iteration: 9 -------------------------------------
2021-08-03 13:50:15,651 - deformetrica.core.estimators.gradient_ascent - INFO - >> Log-likelihood = -3.310E+03 	 [ attachment = -1.971E+03 ; regularity = -1.339E+03 ]
2021-08-03 13:50:16,257 - deformetrica.core.estimators.gradient_ascent - INFO - >> Step size and gradient norm: 
2021-08-03 13:50:16,259 - deformetrica.core.estimators.gradient_ascent - INFO - 		2.260E-02   and   2.172E+02 	[ landmark_points ]
2021-08-03 13:50:16,261 - deformetrica.core.estimators.gradient_ascent - INFO - 		6.105E-02   and   4.347E+01 	[ momenta ]
2021-08-03 13:50:16,604 - deformetrica.core.estimators.gradient_ascent - INFO - ------------------------------------- Iteration: 10 -------------------------------------
2021-08-03 13:50:16,605 - deformetrica.core.estimators.gradient_ascent - INFO - >> Log-likelihood = -3.091E+03 	 [ attachment = -1.680E+03 ; regularity = -1.411E+03 ]
2021-08-03 13:50:17,227 - deformetrica.core.estimators.gradient_ascent - INFO - >> Step size and gradient norm: 
2021-08-03 13:50:17,228 - deformetrica.core.estimators.gradient_ascent - INFO - 		3.391E-02   and   1.754E+02 	[ landmark_points ]
2021-08-03 13:50:17,230 - deformetrica.core.estimators.gradient_ascent - INFO - 		9.158E-02   and   2.770E+01 	[ momenta ]
2021-08-03 13:50:17,585 - deformetrica.core.estimators.gradient_ascent - INFO - ------------------------------------- Iteration: 11 -------------------------------------
2021-08-03 13:50:17,586 - deformetrica.core.estimators.gradient_ascent - INFO - >> Log-likelihood = -2.917E+03 	 [ attachment = -1.538E+03 ; regularity = -1.379E+03 ]
2021-08-03 13:50:18,162 - deformetrica.core.estimators.gradient_ascent - INFO - >> Step size and gradient norm: 
2021-08-03 13:50:18,163 - deformetrica.core.estimators.gradient_ascent - INFO - 		5.086E-02   and   1.545E+02 	[ landmark_points ]
2021-08-03 13:50:18,165 - deformetrica.core.estimators.gradient_ascent - INFO - 		1.374E-01   and   3.127E+01 	[ momenta ]
2021-08-03 13:50:19,182 - deformetrica.core.estimators.gradient_ascent - INFO - ------------------------------------- Iteration: 12 -------------------------------------
2021-08-03 13:50:19,184 - deformetrica.core.estimators.gradient_ascent - INFO - >> Log-likelihood = -2.890E+03 	 [ attachment = -1.515E+03 ; regularity = -1.375E+03 ]
2021-08-03 13:50:19,779 - deformetrica.core.estimators.gradient_ascent - INFO - >> Step size and gradient norm: 
2021-08-03 13:50:19,780 - deformetrica.core.estimators.gradient_ascent - INFO - 		5.086E-02   and   4.451E+02 	[ landmark_points ]
2021-08-03 13:50:19,781 - deformetrica.core.estimators.gradient_ascent - INFO - 		6.868E-02   and   1.111E+02 	[ momenta ]
2021-08-03 13:50:20,786 - deformetrica.core.estimators.gradient_ascent - INFO - >> Step size and gradient norm: 
2021-08-03 13:50:20,787 - deformetrica.core.estimators.gradient_ascent - INFO - 		2.543E-02   and   4.451E+02 	[ landmark_points ]
2021-08-03 13:50:20,788 - deformetrica.core.estimators.gradient_ascent - INFO - 		3.434E-02   and   1.111E+02 	[ momenta ]
2021-08-03 13:50:21,775 - deformetrica.core.estimators.gradient_ascent - INFO - ------------------------------------- Iteration: 13 -------------------------------------
2021-08-03 13:50:21,776 - deformetrica.core.estimators.gradient_ascent - INFO - >> Log-likelihood = -2.852E+03 	 [ attachment = -1.503E+03 ; regularity = -1.349E+03 ]
2021-08-03 13:50:22,393 - deformetrica.core.estimators.gradient_ascent - INFO - >> Step size and gradient norm: 
2021-08-03 13:50:22,394 - deformetrica.core.estimators.gradient_ascent - INFO - 		2.543E-02   and   4.757E+02 	[ landmark_points ]
2021-08-03 13:50:22,425 - deformetrica.core.estimators.gradient_ascent - INFO - 		1.717E-02   and   1.071E+02 	[ momenta ]
2021-08-03 13:50:22,882 - deformetrica.core.estimators.gradient_ascent - INFO - ------------------------------------- Iteration: 14 -------------------------------------
2021-08-03 13:50:22,884 - deformetrica.core.estimators.gradient_ascent - INFO - >> Log-likelihood = -2.837E+03 	 [ attachment = -1.504E+03 ; regularity = -1.333E+03 ]
2021-08-03 13:50:23,476 - deformetrica.core.estimators.gradient_ascent - INFO - >> Step size and gradient norm: 
2021-08-03 13:50:23,477 - deformetrica.core.estimators.gradient_ascent - INFO - 		3.814E-02   and   5.120E+02 	[ landmark_points ]
2021-08-03 13:50:23,479 - deformetrica.core.estimators.gradient_ascent - INFO - 		2.576E-02   and   1.169E+02 	[ momenta ]
2021-08-03 13:50:24,447 - deformetrica.core.estimators.gradient_ascent - INFO - >> Step size and gradient norm: 
2021-08-03 13:50:24,448 - deformetrica.core.estimators.gradient_ascent - INFO - 		1.907E-02   and   5.120E+02 	[ landmark_points ]
2021-08-03 13:50:24,450 - deformetrica.core.estimators.gradient_ascent - INFO - 		1.288E-02   and   1.169E+02 	[ momenta ]
2021-08-03 13:50:24,782 - deformetrica.core.estimators.gradient_ascent - INFO - ------------------------------------- Iteration: 15 -------------------------------------
2021-08-03 13:50:24,783 - deformetrica.core.estimators.gradient_ascent - INFO - >> Log-likelihood = -2.734E+03 	 [ attachment = -1.409E+03 ; regularity = -1.325E+03 ]
2021-08-03 13:50:25,380 - deformetrica.core.estimators.gradient_ascent - INFO - >> Step size and gradient norm: 
2021-08-03 13:50:25,381 - deformetrica.core.estimators.gradient_ascent - INFO - 		2.861E-02   and   2.969E+02 	[ landmark_points ]
2021-08-03 13:50:25,383 - deformetrica.core.estimators.gradient_ascent - INFO - 		1.932E-02   and   6.856E+01 	[ momenta ]
2021-08-03 13:50:26,487 - deformetrica.core.estimators.gradient_ascent - INFO - ------------------------------------- Iteration: 16 -------------------------------------
2021-08-03 13:50:26,489 - deformetrica.core.estimators.gradient_ascent - INFO - >> Log-likelihood = -2.696E+03 	 [ attachment = -1.384E+03 ; regularity = -1.312E+03 ]
2021-08-03 13:50:27,156 - deformetrica.core.estimators.gradient_ascent - INFO - >> Step size and gradient norm: 
2021-08-03 13:50:27,158 - deformetrica.core.estimators.gradient_ascent - INFO - 		1.430E-02   and   2.072E+02 	[ landmark_points ]
2021-08-03 13:50:27,159 - deformetrica.core.estimators.gradient_ascent - INFO - 		1.932E-02   and   5.160E+01 	[ momenta ]
2021-08-03 13:50:27,514 - deformetrica.core.estimators.gradient_ascent - INFO - ------------------------------------- Iteration: 17 -------------------------------------
2021-08-03 13:50:27,516 - deformetrica.core.estimators.gradient_ascent - INFO - >> Log-likelihood = -2.671E+03 	 [ attachment = -1.366E+03 ; regularity = -1.305E+03 ]
2021-08-03 13:50:28,200 - deformetrica.core.estimators.gradient_ascent - INFO - >> Step size and gradient norm: 
2021-08-03 13:50:28,202 - deformetrica.core.estimators.gradient_ascent - INFO - 		2.146E-02   and   1.624E+02 	[ landmark_points ]
2021-08-03 13:50:28,204 - deformetrica.core.estimators.gradient_ascent - INFO - 		2.898E-02   and   3.724E+01 	[ momenta ]
2021-08-03 13:50:28,527 - deformetrica.core.estimators.gradient_ascent - INFO - ------------------------------------- Iteration: 18 -------------------------------------
2021-08-03 13:50:28,528 - deformetrica.core.estimators.gradient_ascent - INFO - >> Log-likelihood = -2.665E+03 	 [ attachment = -1.371E+03 ; regularity = -1.294E+03 ]
2021-08-03 13:50:29,125 - deformetrica.core.estimators.gradient_ascent - INFO - >> Step size and gradient norm: 
2021-08-03 13:50:29,126 - deformetrica.core.estimators.gradient_ascent - INFO - 		3.218E-02   and   2.335E+02 	[ landmark_points ]
2021-08-03 13:50:29,127 - deformetrica.core.estimators.gradient_ascent - INFO - 		4.346E-02   and   5.687E+01 	[ momenta ]
2021-08-03 13:50:30,090 - deformetrica.core.estimators.gradient_ascent - INFO - >> Step size and gradient norm: 
2021-08-03 13:50:30,091 - deformetrica.core.estimators.gradient_ascent - INFO - 		1.609E-02   and   2.335E+02 	[ landmark_points ]
2021-08-03 13:50:30,092 - deformetrica.core.estimators.gradient_ascent - INFO - 		2.173E-02   and   5.687E+01 	[ momenta ]
2021-08-03 13:50:30,433 - deformetrica.core.estimators.gradient_ascent - INFO - ------------------------------------- Iteration: 19 -------------------------------------
2021-08-03 13:50:30,435 - deformetrica.core.estimators.gradient_ascent - INFO - >> Log-likelihood = -2.648E+03 	 [ attachment = -1.358E+03 ; regularity = -1.290E+03 ]
2021-08-03 13:50:31,144 - deformetrica.core.estimators.gradient_ascent - INFO - >> Step size and gradient norm: 
2021-08-03 13:50:31,146 - deformetrica.core.estimators.gradient_ascent - INFO - 		2.414E-02   and   2.242E+02 	[ landmark_points ]
2021-08-03 13:50:31,148 - deformetrica.core.estimators.gradient_ascent - INFO - 		3.260E-02   and   5.173E+01 	[ momenta ]
2021-08-03 13:50:32,118 - deformetrica.core.estimators.gradient_ascent - INFO - ------------------------------------- Iteration: 20 -------------------------------------
2021-08-03 13:50:32,119 - deformetrica.core.estimators.gradient_ascent - INFO - >> Log-likelihood = -2.631E+03 	 [ attachment = -1.349E+03 ; regularity = -1.283E+03 ]
2021-08-03 13:50:32,731 - deformetrica.core.estimators.gradient_ascent - INFO - >> Step size and gradient norm: 
2021-08-03 13:50:32,733 - deformetrica.core.estimators.gradient_ascent - INFO - 		2.414E-02   and   2.230E+02 	[ landmark_points ]
2021-08-03 13:50:32,762 - deformetrica.core.estimators.gradient_ascent - INFO - 		1.630E-02   and   5.140E+01 	[ momenta ]
2021-08-03 13:50:33,208 - deformetrica.core.estimators.gradient_ascent - INFO - ------------------------------------- Iteration: 21 -------------------------------------
2021-08-03 13:50:33,210 - deformetrica.core.estimators.gradient_ascent - INFO - >> Log-likelihood = -2.617E+03 	 [ attachment = -1.337E+03 ; regularity = -1.280E+03 ]
2021-08-03 13:50:33,878 - deformetrica.core.estimators.gradient_ascent - INFO - >> Step size and gradient norm: 
2021-08-03 13:50:33,879 - deformetrica.core.estimators.gradient_ascent - INFO - 		3.621E-02   and   2.170E+02 	[ landmark_points ]
2021-08-03 13:50:33,881 - deformetrica.core.estimators.gradient_ascent - INFO - 		2.445E-02   and   5.046E+01 	[ momenta ]
2021-08-03 13:50:34,840 - deformetrica.core.estimators.gradient_ascent - INFO - ------------------------------------- Iteration: 22 -------------------------------------
2021-08-03 13:50:34,841 - deformetrica.core.estimators.gradient_ascent - INFO - >> Log-likelihood = -2.612E+03 	 [ attachment = -1.339E+03 ; regularity = -1.273E+03 ]
2021-08-03 13:50:35,440 - deformetrica.core.estimators.gradient_ascent - INFO - >> Step size and gradient norm: 
2021-08-03 13:50:35,442 - deformetrica.core.estimators.gradient_ascent - INFO - 		1.810E-02   and   2.438E+02 	[ landmark_points ]
2021-08-03 13:50:35,445 - deformetrica.core.estimators.gradient_ascent - INFO - 		2.445E-02   and   5.927E+01 	[ momenta ]
2021-08-03 13:50:35,922 - deformetrica.core.estimators.gradient_ascent - INFO - Tolerance threshold met. Stopping the optimization process.
2021-08-03 13:50:36,499 - root - INFO - >> Estimation took: 29 seconds
