2021-08-03 14:05:23,189 - root - ERROR - Logger has been set to: INFO
2021-08-03 14:05:23,199 - root - INFO - OMP_NUM_THREADS was not found in environment variables. An automatic value will be set.
2021-08-03 14:05:23,203 - root - INFO - OMP_NUM_THREADS will be set to 2
2021-08-03 14:05:23,205 - root - INFO - >> No specified state-file. By default, Deformetrica state will by saved in file: output/deformetrica-state.p.
2021-08-03 14:05:23,208 - root - INFO - >> Removing the pre-existing state file with same path.
2021-08-03 14:05:23,253 - deformetrica.core.models.model_functions - INFO - >> Reading 200 initial control points from file images/mask_initial_control_points/mask_03_initial_control_points.txt.
2021-08-03 14:05:23,255 - deformetrica.core.models.model_functions - INFO - >> Momenta initialized to zero, for 5 subjects.
2021-08-03 14:05:23,256 - root - INFO - >> Started estimator: GradientAscent
2021-08-03 14:05:23,972 - deformetrica.core.estimators.gradient_ascent - INFO - ------------------------------------- Iteration: 0 -------------------------------------
2021-08-03 14:05:23,974 - deformetrica.core.estimators.gradient_ascent - INFO - >> Log-likelihood = -4.136E+04 	 [ attachment = -4.136E+04 ; regularity = 0.000E+00 ]
2021-08-03 14:05:23,975 - deformetrica.core.estimators.gradient_ascent - INFO - >> Step size and gradient norm: 
2021-08-03 14:05:23,977 - deformetrica.core.estimators.gradient_ascent - INFO - 		1.828E-04   and   5.470E+03 	[ landmark_points ]
2021-08-03 14:05:23,979 - deformetrica.core.estimators.gradient_ascent - INFO - 		3.988E-04   and   2.507E+03 	[ momenta ]
2021-08-03 14:05:24,344 - deformetrica.core.estimators.gradient_ascent - INFO - ------------------------------------- Iteration: 1 -------------------------------------
2021-08-03 14:05:24,346 - deformetrica.core.estimators.gradient_ascent - INFO - >> Log-likelihood = -3.896E+04 	 [ attachment = -3.895E+04 ; regularity = -1.240E+01 ]
2021-08-03 14:05:24,786 - deformetrica.core.estimators.gradient_ascent - INFO - >> Step size and gradient norm: 
2021-08-03 14:05:24,787 - deformetrica.core.estimators.gradient_ascent - INFO - 		2.742E-04   and   4.558E+03 	[ landmark_points ]
2021-08-03 14:05:24,789 - deformetrica.core.estimators.gradient_ascent - INFO - 		5.982E-04   and   1.956E+03 	[ momenta ]
2021-08-03 14:05:25,041 - deformetrica.core.estimators.gradient_ascent - INFO - ------------------------------------- Iteration: 2 -------------------------------------
2021-08-03 14:05:25,042 - deformetrica.core.estimators.gradient_ascent - INFO - >> Log-likelihood = -3.677E+04 	 [ attachment = -3.672E+04 ; regularity = -5.319E+01 ]
2021-08-03 14:05:25,441 - deformetrica.core.estimators.gradient_ascent - INFO - >> Step size and gradient norm: 
2021-08-03 14:05:25,442 - deformetrica.core.estimators.gradient_ascent - INFO - 		4.113E-04   and   3.601E+03 	[ landmark_points ]
2021-08-03 14:05:25,444 - deformetrica.core.estimators.gradient_ascent - INFO - 		8.974E-04   and   1.468E+03 	[ momenta ]
2021-08-03 14:05:25,663 - deformetrica.core.estimators.gradient_ascent - INFO - ------------------------------------- Iteration: 3 -------------------------------------
2021-08-03 14:05:25,664 - deformetrica.core.estimators.gradient_ascent - INFO - >> Log-likelihood = -3.493E+04 	 [ attachment = -3.480E+04 ; regularity = -1.242E+02 ]
2021-08-03 14:05:26,066 - deformetrica.core.estimators.gradient_ascent - INFO - >> Step size and gradient norm: 
2021-08-03 14:05:26,067 - deformetrica.core.estimators.gradient_ascent - INFO - 		6.170E-04   and   2.609E+03 	[ landmark_points ]
2021-08-03 14:05:26,069 - deformetrica.core.estimators.gradient_ascent - INFO - 		1.346E-03   and   1.034E+03 	[ momenta ]
2021-08-03 14:05:26,295 - deformetrica.core.estimators.gradient_ascent - INFO - ------------------------------------- Iteration: 4 -------------------------------------
2021-08-03 14:05:26,296 - deformetrica.core.estimators.gradient_ascent - INFO - >> Log-likelihood = -3.351E+04 	 [ attachment = -3.329E+04 ; regularity = -2.187E+02 ]
2021-08-03 14:05:26,696 - deformetrica.core.estimators.gradient_ascent - INFO - >> Step size and gradient norm: 
2021-08-03 14:05:26,697 - deformetrica.core.estimators.gradient_ascent - INFO - 		9.255E-04   and   1.931E+03 	[ landmark_points ]
2021-08-03 14:05:26,699 - deformetrica.core.estimators.gradient_ascent - INFO - 		2.019E-03   and   7.240E+02 	[ momenta ]
2021-08-03 14:05:26,987 - deformetrica.core.estimators.gradient_ascent - INFO - ------------------------------------- Iteration: 5 -------------------------------------
2021-08-03 14:05:26,989 - deformetrica.core.estimators.gradient_ascent - INFO - >> Log-likelihood = -3.236E+04 	 [ attachment = -3.204E+04 ; regularity = -3.177E+02 ]
2021-08-03 14:05:27,402 - deformetrica.core.estimators.gradient_ascent - INFO - >> Step size and gradient norm: 
2021-08-03 14:05:27,403 - deformetrica.core.estimators.gradient_ascent - INFO - 		1.388E-03   and   1.572E+03 	[ landmark_points ]
2021-08-03 14:05:27,405 - deformetrica.core.estimators.gradient_ascent - INFO - 		3.029E-03   and   5.604E+02 	[ momenta ]
2021-08-03 14:05:27,636 - deformetrica.core.estimators.gradient_ascent - INFO - ------------------------------------- Iteration: 6 -------------------------------------
2021-08-03 14:05:27,637 - deformetrica.core.estimators.gradient_ascent - INFO - >> Log-likelihood = -3.127E+04 	 [ attachment = -3.085E+04 ; regularity = -4.244E+02 ]
2021-08-03 14:05:28,057 - deformetrica.core.estimators.gradient_ascent - INFO - >> Step size and gradient norm: 
2021-08-03 14:05:28,059 - deformetrica.core.estimators.gradient_ascent - INFO - 		2.082E-03   and   1.895E+03 	[ landmark_points ]
2021-08-03 14:05:28,060 - deformetrica.core.estimators.gradient_ascent - INFO - 		4.543E-03   and   6.104E+02 	[ momenta ]
2021-08-03 14:05:28,722 - deformetrica.core.estimators.gradient_ascent - INFO - ------------------------------------- Iteration: 7 -------------------------------------
2021-08-03 14:05:28,724 - deformetrica.core.estimators.gradient_ascent - INFO - >> Log-likelihood = -3.106E+04 	 [ attachment = -3.058E+04 ; regularity = -4.829E+02 ]
2021-08-03 14:05:29,124 - deformetrica.core.estimators.gradient_ascent - INFO - >> Step size and gradient norm: 
2021-08-03 14:05:29,125 - deformetrica.core.estimators.gradient_ascent - INFO - 		2.082E-03   and   5.989E+03 	[ landmark_points ]
2021-08-03 14:05:29,126 - deformetrica.core.estimators.gradient_ascent - INFO - 		2.271E-03   and   1.642E+03 	[ momenta ]
2021-08-03 14:05:29,990 - deformetrica.core.estimators.gradient_ascent - INFO - >> Step size and gradient norm: 
2021-08-03 14:05:29,991 - deformetrica.core.estimators.gradient_ascent - INFO - 		1.041E-03   and   5.989E+03 	[ landmark_points ]
2021-08-03 14:05:29,993 - deformetrica.core.estimators.gradient_ascent - INFO - 		1.136E-03   and   1.642E+03 	[ momenta ]
2021-08-03 14:05:30,596 - deformetrica.core.estimators.gradient_ascent - INFO - ------------------------------------- Iteration: 8 -------------------------------------
2021-08-03 14:05:30,598 - deformetrica.core.estimators.gradient_ascent - INFO - >> Log-likelihood = -3.029E+04 	 [ attachment = -2.979E+04 ; regularity = -4.975E+02 ]
2021-08-03 14:05:31,011 - deformetrica.core.estimators.gradient_ascent - INFO - >> Step size and gradient norm: 
2021-08-03 14:05:31,013 - deformetrica.core.estimators.gradient_ascent - INFO - 		1.041E-03   and   3.474E+03 	[ landmark_points ]
2021-08-03 14:05:31,015 - deformetrica.core.estimators.gradient_ascent - INFO - 		5.679E-04   and   9.764E+02 	[ momenta ]
2021-08-03 14:05:31,227 - deformetrica.core.estimators.gradient_ascent - INFO - ------------------------------------- Iteration: 9 -------------------------------------
2021-08-03 14:05:31,228 - deformetrica.core.estimators.gradient_ascent - INFO - >> Log-likelihood = -2.989E+04 	 [ attachment = -2.938E+04 ; regularity = -5.109E+02 ]
2021-08-03 14:05:31,623 - deformetrica.core.estimators.gradient_ascent - INFO - >> Step size and gradient norm: 
2021-08-03 14:05:31,625 - deformetrica.core.estimators.gradient_ascent - INFO - 		1.562E-03   and   2.305E+03 	[ landmark_points ]
2021-08-03 14:05:31,626 - deformetrica.core.estimators.gradient_ascent - INFO - 		8.518E-04   and   7.326E+02 	[ momenta ]
2021-08-03 14:05:31,851 - deformetrica.core.estimators.gradient_ascent - INFO - ------------------------------------- Iteration: 10 -------------------------------------
2021-08-03 14:05:31,852 - deformetrica.core.estimators.gradient_ascent - INFO - >> Log-likelihood = -2.953E+04 	 [ attachment = -2.900E+04 ; regularity = -5.348E+02 ]
2021-08-03 14:05:32,260 - deformetrica.core.estimators.gradient_ascent - INFO - >> Step size and gradient norm: 
2021-08-03 14:05:32,262 - deformetrica.core.estimators.gradient_ascent - INFO - 		2.343E-03   and   3.082E+03 	[ landmark_points ]
2021-08-03 14:05:32,263 - deformetrica.core.estimators.gradient_ascent - INFO - 		1.278E-03   and   9.598E+02 	[ momenta ]
2021-08-03 14:05:32,857 - deformetrica.core.estimators.gradient_ascent - INFO - ------------------------------------- Iteration: 11 -------------------------------------
2021-08-03 14:05:32,858 - deformetrica.core.estimators.gradient_ascent - INFO - >> Log-likelihood = -2.917E+04 	 [ attachment = -2.862E+04 ; regularity = -5.525E+02 ]
2021-08-03 14:05:33,239 - deformetrica.core.estimators.gradient_ascent - INFO - >> Step size and gradient norm: 
2021-08-03 14:05:33,240 - deformetrica.core.estimators.gradient_ascent - INFO - 		2.343E-03   and   4.325E+03 	[ landmark_points ]
2021-08-03 14:05:33,241 - deformetrica.core.estimators.gradient_ascent - INFO - 		6.388E-04   and   1.260E+03 	[ momenta ]
2021-08-03 14:05:33,460 - deformetrica.core.estimators.gradient_ascent - INFO - ------------------------------------- Iteration: 12 -------------------------------------
2021-08-03 14:05:33,462 - deformetrica.core.estimators.gradient_ascent - INFO - >> Log-likelihood = -2.895E+04 	 [ attachment = -2.838E+04 ; regularity = -5.746E+02 ]
2021-08-03 14:05:33,927 - deformetrica.core.estimators.gradient_ascent - INFO - >> Step size and gradient norm: 
2021-08-03 14:05:33,928 - deformetrica.core.estimators.gradient_ascent - INFO - 		3.514E-03   and   5.998E+03 	[ landmark_points ]
2021-08-03 14:05:33,960 - deformetrica.core.estimators.gradient_ascent - INFO - 		9.583E-04   and   1.702E+03 	[ momenta ]
2021-08-03 14:05:34,807 - deformetrica.core.estimators.gradient_ascent - INFO - >> Step size and gradient norm: 
2021-08-03 14:05:34,808 - deformetrica.core.estimators.gradient_ascent - INFO - 		1.757E-03   and   5.998E+03 	[ landmark_points ]
2021-08-03 14:05:34,810 - deformetrica.core.estimators.gradient_ascent - INFO - 		4.791E-04   and   1.702E+03 	[ momenta ]
2021-08-03 14:05:35,070 - deformetrica.core.estimators.gradient_ascent - INFO - ------------------------------------- Iteration: 13 -------------------------------------
2021-08-03 14:05:35,071 - deformetrica.core.estimators.gradient_ascent - INFO - >> Log-likelihood = -2.831E+04 	 [ attachment = -2.772E+04 ; regularity = -5.887E+02 ]
2021-08-03 14:05:35,582 - deformetrica.core.estimators.gradient_ascent - INFO - >> Step size and gradient norm: 
2021-08-03 14:05:35,584 - deformetrica.core.estimators.gradient_ascent - INFO - 		2.636E-03   and   4.945E+03 	[ landmark_points ]
2021-08-03 14:05:35,585 - deformetrica.core.estimators.gradient_ascent - INFO - 		7.187E-04   and   1.451E+03 	[ momenta ]
2021-08-03 14:05:36,795 - deformetrica.core.estimators.gradient_ascent - INFO - ------------------------------------- Iteration: 14 -------------------------------------
2021-08-03 14:05:36,797 - deformetrica.core.estimators.gradient_ascent - INFO - >> Log-likelihood = -2.787E+04 	 [ attachment = -2.727E+04 ; regularity = -6.007E+02 ]
2021-08-03 14:05:37,294 - deformetrica.core.estimators.gradient_ascent - INFO - >> Step size and gradient norm: 
2021-08-03 14:05:37,296 - deformetrica.core.estimators.gradient_ascent - INFO - 		2.636E-03   and   5.119E+03 	[ landmark_points ]
2021-08-03 14:05:37,297 - deformetrica.core.estimators.gradient_ascent - INFO - 		3.593E-04   and   1.488E+03 	[ momenta ]
2021-08-03 14:05:37,566 - deformetrica.core.estimators.gradient_ascent - INFO - ------------------------------------- Iteration: 15 -------------------------------------
2021-08-03 14:05:37,568 - deformetrica.core.estimators.gradient_ascent - INFO - >> Log-likelihood = -2.747E+04 	 [ attachment = -2.686E+04 ; regularity = -6.161E+02 ]
2021-08-03 14:05:38,042 - deformetrica.core.estimators.gradient_ascent - INFO - >> Step size and gradient norm: 
2021-08-03 14:05:38,043 - deformetrica.core.estimators.gradient_ascent - INFO - 		3.953E-03   and   5.325E+03 	[ landmark_points ]
2021-08-03 14:05:38,044 - deformetrica.core.estimators.gradient_ascent - INFO - 		5.390E-04   and   1.552E+03 	[ momenta ]
2021-08-03 14:05:39,074 - deformetrica.core.estimators.gradient_ascent - INFO - ------------------------------------- Iteration: 16 -------------------------------------
2021-08-03 14:05:39,077 - deformetrica.core.estimators.gradient_ascent - INFO - >> Log-likelihood = -2.708E+04 	 [ attachment = -2.644E+04 ; regularity = -6.390E+02 ]
2021-08-03 14:05:39,543 - deformetrica.core.estimators.gradient_ascent - INFO - >> Step size and gradient norm: 
2021-08-03 14:05:39,545 - deformetrica.core.estimators.gradient_ascent - INFO - 		1.977E-03   and   5.477E+03 	[ landmark_points ]
2021-08-03 14:05:39,546 - deformetrica.core.estimators.gradient_ascent - INFO - 		5.390E-04   and   1.596E+03 	[ momenta ]
2021-08-03 14:05:39,767 - deformetrica.core.estimators.gradient_ascent - INFO - ------------------------------------- Iteration: 17 -------------------------------------
2021-08-03 14:05:39,769 - deformetrica.core.estimators.gradient_ascent - INFO - >> Log-likelihood = -2.674E+04 	 [ attachment = -2.608E+04 ; regularity = -6.606E+02 ]
2021-08-03 14:05:40,214 - deformetrica.core.estimators.gradient_ascent - INFO - >> Step size and gradient norm: 
2021-08-03 14:05:40,216 - deformetrica.core.estimators.gradient_ascent - INFO - 		2.965E-03   and   5.723E+03 	[ landmark_points ]
2021-08-03 14:05:40,217 - deformetrica.core.estimators.gradient_ascent - INFO - 		8.085E-04   and   1.629E+03 	[ momenta ]
2021-08-03 14:05:40,879 - deformetrica.core.estimators.gradient_ascent - INFO - >> Step size and gradient norm: 
2021-08-03 14:05:40,881 - deformetrica.core.estimators.gradient_ascent - INFO - 		1.483E-03   and   5.723E+03 	[ landmark_points ]
2021-08-03 14:05:40,883 - deformetrica.core.estimators.gradient_ascent - INFO - 		4.043E-04   and   1.629E+03 	[ momenta ]
2021-08-03 14:05:41,134 - deformetrica.core.estimators.gradient_ascent - INFO - ------------------------------------- Iteration: 18 -------------------------------------
2021-08-03 14:05:41,135 - deformetrica.core.estimators.gradient_ascent - INFO - >> Log-likelihood = -2.606E+04 	 [ attachment = -2.539E+04 ; regularity = -6.757E+02 ]
2021-08-03 14:05:41,566 - deformetrica.core.estimators.gradient_ascent - INFO - >> Step size and gradient norm: 
2021-08-03 14:05:41,568 - deformetrica.core.estimators.gradient_ascent - INFO - 		2.224E-03   and   3.089E+03 	[ landmark_points ]
2021-08-03 14:05:41,570 - deformetrica.core.estimators.gradient_ascent - INFO - 		6.064E-04   and   9.874E+02 	[ momenta ]
2021-08-03 14:05:41,778 - deformetrica.core.estimators.gradient_ascent - INFO - ------------------------------------- Iteration: 19 -------------------------------------
2021-08-03 14:05:41,780 - deformetrica.core.estimators.gradient_ascent - INFO - >> Log-likelihood = -2.587E+04 	 [ attachment = -2.517E+04 ; regularity = -6.997E+02 ]
2021-08-03 14:05:42,247 - deformetrica.core.estimators.gradient_ascent - INFO - >> Step size and gradient norm: 
2021-08-03 14:05:42,248 - deformetrica.core.estimators.gradient_ascent - INFO - 		3.336E-03   and   4.016E+03 	[ landmark_points ]
2021-08-03 14:05:42,250 - deformetrica.core.estimators.gradient_ascent - INFO - 		9.096E-04   and   1.168E+03 	[ momenta ]
2021-08-03 14:05:42,971 - deformetrica.core.estimators.gradient_ascent - INFO - >> Step size and gradient norm: 
2021-08-03 14:05:42,973 - deformetrica.core.estimators.gradient_ascent - INFO - 		1.668E-03   and   4.016E+03 	[ landmark_points ]
2021-08-03 14:05:42,975 - deformetrica.core.estimators.gradient_ascent - INFO - 		4.548E-04   and   1.168E+03 	[ momenta ]
2021-08-03 14:05:43,239 - deformetrica.core.estimators.gradient_ascent - INFO - ------------------------------------- Iteration: 20 -------------------------------------
2021-08-03 14:05:43,240 - deformetrica.core.estimators.gradient_ascent - INFO - >> Log-likelihood = -2.555E+04 	 [ attachment = -2.483E+04 ; regularity = -7.159E+02 ]
2021-08-03 14:05:43,677 - deformetrica.core.estimators.gradient_ascent - INFO - >> Step size and gradient norm: 
2021-08-03 14:05:43,678 - deformetrica.core.estimators.gradient_ascent - INFO - 		2.502E-03   and   2.947E+03 	[ landmark_points ]
2021-08-03 14:05:43,679 - deformetrica.core.estimators.gradient_ascent - INFO - 		6.822E-04   and   8.976E+02 	[ momenta ]
2021-08-03 14:05:43,937 - deformetrica.core.estimators.gradient_ascent - INFO - ------------------------------------- Iteration: 21 -------------------------------------
2021-08-03 14:05:43,939 - deformetrica.core.estimators.gradient_ascent - INFO - >> Log-likelihood = -2.554E+04 	 [ attachment = -2.480E+04 ; regularity = -7.395E+02 ]
2021-08-03 14:05:44,526 - deformetrica.core.estimators.gradient_ascent - INFO - >> Step size and gradient norm: 
2021-08-03 14:05:44,528 - deformetrica.core.estimators.gradient_ascent - INFO - 		3.753E-03   and   4.661E+03 	[ landmark_points ]
2021-08-03 14:05:44,554 - deformetrica.core.estimators.gradient_ascent - INFO - 		1.023E-03   and   1.296E+03 	[ momenta ]
2021-08-03 14:05:45,511 - deformetrica.core.estimators.gradient_ascent - INFO - >> Step size and gradient norm: 
2021-08-03 14:05:45,513 - deformetrica.core.estimators.gradient_ascent - INFO - 		1.876E-03   and   4.661E+03 	[ landmark_points ]
2021-08-03 14:05:45,515 - deformetrica.core.estimators.gradient_ascent - INFO - 		5.117E-04   and   1.296E+03 	[ momenta ]
2021-08-03 14:05:45,839 - deformetrica.core.estimators.gradient_ascent - INFO - ------------------------------------- Iteration: 22 -------------------------------------
2021-08-03 14:05:45,841 - deformetrica.core.estimators.gradient_ascent - INFO - >> Log-likelihood = -2.535E+04 	 [ attachment = -2.459E+04 ; regularity = -7.548E+02 ]
2021-08-03 14:05:46,390 - deformetrica.core.estimators.gradient_ascent - INFO - >> Step size and gradient norm: 
2021-08-03 14:05:46,392 - deformetrica.core.estimators.gradient_ascent - INFO - 		2.814E-03   and   4.387E+03 	[ landmark_points ]
2021-08-03 14:05:46,393 - deformetrica.core.estimators.gradient_ascent - INFO - 		7.675E-04   and   1.219E+03 	[ momenta ]
2021-08-03 14:05:47,311 - deformetrica.core.estimators.gradient_ascent - INFO - ------------------------------------- Iteration: 23 -------------------------------------
2021-08-03 14:05:47,312 - deformetrica.core.estimators.gradient_ascent - INFO - >> Log-likelihood = -2.535E+04 	 [ attachment = -2.458E+04 ; regularity = -7.635E+02 ]
2021-08-03 14:05:47,821 - deformetrica.core.estimators.gradient_ascent - INFO - >> Step size and gradient norm: 
2021-08-03 14:05:47,823 - deformetrica.core.estimators.gradient_ascent - INFO - 		2.814E-03   and   5.229E+03 	[ landmark_points ]
2021-08-03 14:05:47,824 - deformetrica.core.estimators.gradient_ascent - INFO - 		3.837E-04   and   1.398E+03 	[ momenta ]
2021-08-03 14:05:48,863 - deformetrica.core.estimators.gradient_ascent - INFO - ------------------------------------- Iteration: 24 -------------------------------------
2021-08-03 14:05:48,864 - deformetrica.core.estimators.gradient_ascent - INFO - >> Log-likelihood = -2.487E+04 	 [ attachment = -2.409E+04 ; regularity = -7.752E+02 ]
2021-08-03 14:05:49,375 - deformetrica.core.estimators.gradient_ascent - INFO - >> Step size and gradient norm: 
2021-08-03 14:05:49,376 - deformetrica.core.estimators.gradient_ascent - INFO - 		1.407E-03   and   2.370E+03 	[ landmark_points ]
2021-08-03 14:05:49,378 - deformetrica.core.estimators.gradient_ascent - INFO - 		3.837E-04   and   7.265E+02 	[ momenta ]
2021-08-03 14:05:49,594 - deformetrica.core.estimators.gradient_ascent - INFO - ------------------------------------- Iteration: 25 -------------------------------------
2021-08-03 14:05:49,595 - deformetrica.core.estimators.gradient_ascent - INFO - >> Log-likelihood = -2.470E+04 	 [ attachment = -2.392E+04 ; regularity = -7.817E+02 ]
2021-08-03 14:05:50,228 - deformetrica.core.estimators.gradient_ascent - INFO - >> Step size and gradient norm: 
2021-08-03 14:05:50,230 - deformetrica.core.estimators.gradient_ascent - INFO - 		2.111E-03   and   1.208E+03 	[ landmark_points ]
2021-08-03 14:05:50,231 - deformetrica.core.estimators.gradient_ascent - INFO - 		5.756E-04   and   4.496E+02 	[ momenta ]
2021-08-03 14:05:50,563 - deformetrica.core.estimators.gradient_ascent - INFO - ------------------------------------- Iteration: 26 -------------------------------------
2021-08-03 14:05:50,564 - deformetrica.core.estimators.gradient_ascent - INFO - >> Log-likelihood = -2.458E+04 	 [ attachment = -2.379E+04 ; regularity = -7.961E+02 ]
2021-08-03 14:05:51,023 - deformetrica.core.estimators.gradient_ascent - INFO - >> Step size and gradient norm: 
2021-08-03 14:05:51,024 - deformetrica.core.estimators.gradient_ascent - INFO - 		3.166E-03   and   1.373E+03 	[ landmark_points ]
2021-08-03 14:05:51,026 - deformetrica.core.estimators.gradient_ascent - INFO - 		8.634E-04   and   4.828E+02 	[ momenta ]
2021-08-03 14:05:51,411 - deformetrica.core.estimators.gradient_ascent - INFO - ------------------------------------- Iteration: 27 -------------------------------------
2021-08-03 14:05:51,413 - deformetrica.core.estimators.gradient_ascent - INFO - >> Log-likelihood = -2.455E+04 	 [ attachment = -2.374E+04 ; regularity = -8.129E+02 ]
2021-08-03 14:05:51,949 - deformetrica.core.estimators.gradient_ascent - INFO - >> Step size and gradient norm: 
2021-08-03 14:05:51,950 - deformetrica.core.estimators.gradient_ascent - INFO - 		4.749E-03   and   3.069E+03 	[ landmark_points ]
2021-08-03 14:05:51,951 - deformetrica.core.estimators.gradient_ascent - INFO - 		1.295E-03   and   8.567E+02 	[ momenta ]
2021-08-03 14:05:52,805 - deformetrica.core.estimators.gradient_ascent - INFO - >> Step size and gradient norm: 
2021-08-03 14:05:52,806 - deformetrica.core.estimators.gradient_ascent - INFO - 		2.375E-03   and   3.069E+03 	[ landmark_points ]
2021-08-03 14:05:52,808 - deformetrica.core.estimators.gradient_ascent - INFO - 		6.476E-04   and   8.567E+02 	[ momenta ]
2021-08-03 14:05:53,643 - deformetrica.core.estimators.gradient_ascent - INFO - ------------------------------------- Iteration: 28 -------------------------------------
2021-08-03 14:05:53,644 - deformetrica.core.estimators.gradient_ascent - INFO - >> Log-likelihood = -2.442E+04 	 [ attachment = -2.359E+04 ; regularity = -8.305E+02 ]
2021-08-03 14:05:54,145 - deformetrica.core.estimators.gradient_ascent - INFO - >> Step size and gradient norm: 
2021-08-03 14:05:54,149 - deformetrica.core.estimators.gradient_ascent - INFO - 		1.187E-03   and   2.578E+03 	[ landmark_points ]
2021-08-03 14:05:54,150 - deformetrica.core.estimators.gradient_ascent - INFO - 		6.476E-04   and   7.658E+02 	[ momenta ]
2021-08-03 14:05:54,524 - deformetrica.core.estimators.gradient_ascent - INFO - ------------------------------------- Iteration: 29 -------------------------------------
2021-08-03 14:05:54,528 - deformetrica.core.estimators.gradient_ascent - INFO - >> Log-likelihood = -2.431E+04 	 [ attachment = -2.347E+04 ; regularity = -8.380E+02 ]
2021-08-03 14:05:55,170 - deformetrica.core.estimators.gradient_ascent - INFO - >> Step size and gradient norm: 
2021-08-03 14:05:55,171 - deformetrica.core.estimators.gradient_ascent - INFO - 		1.781E-03   and   2.303E+03 	[ landmark_points ]
2021-08-03 14:05:55,172 - deformetrica.core.estimators.gradient_ascent - INFO - 		9.713E-04   and   6.784E+02 	[ momenta ]
2021-08-03 14:05:56,159 - deformetrica.core.estimators.gradient_ascent - INFO - ------------------------------------- Iteration: 30 -------------------------------------
2021-08-03 14:05:56,161 - deformetrica.core.estimators.gradient_ascent - INFO - >> Log-likelihood = -2.420E+04 	 [ attachment = -2.335E+04 ; regularity = -8.494E+02 ]
2021-08-03 14:05:56,804 - deformetrica.core.estimators.gradient_ascent - INFO - >> Step size and gradient norm: 
2021-08-03 14:05:56,805 - deformetrica.core.estimators.gradient_ascent - INFO - 		1.781E-03   and   1.976E+03 	[ landmark_points ]
2021-08-03 14:05:56,807 - deformetrica.core.estimators.gradient_ascent - INFO - 		4.857E-04   and   5.888E+02 	[ momenta ]
2021-08-03 14:05:57,151 - deformetrica.core.estimators.gradient_ascent - INFO - ------------------------------------- Iteration: 31 -------------------------------------
2021-08-03 14:05:57,154 - deformetrica.core.estimators.gradient_ascent - INFO - >> Log-likelihood = -2.411E+04 	 [ attachment = -2.326E+04 ; regularity = -8.560E+02 ]
2021-08-03 14:05:57,677 - deformetrica.core.estimators.gradient_ascent - INFO - >> Step size and gradient norm: 
2021-08-03 14:05:57,679 - deformetrica.core.estimators.gradient_ascent - INFO - 		2.672E-03   and   1.733E+03 	[ landmark_points ]
2021-08-03 14:05:57,680 - deformetrica.core.estimators.gradient_ascent - INFO - 		7.285E-04   and   5.184E+02 	[ momenta ]
2021-08-03 14:05:58,403 - deformetrica.core.estimators.gradient_ascent - INFO - ------------------------------------- Iteration: 32 -------------------------------------
2021-08-03 14:05:58,404 - deformetrica.core.estimators.gradient_ascent - INFO - >> Log-likelihood = -2.404E+04 	 [ attachment = -2.318E+04 ; regularity = -8.633E+02 ]
2021-08-03 14:05:58,795 - deformetrica.core.estimators.gradient_ascent - INFO - >> Step size and gradient norm: 
2021-08-03 14:05:58,796 - deformetrica.core.estimators.gradient_ascent - INFO - 		2.672E-03   and   1.858E+03 	[ landmark_points ]
2021-08-03 14:05:58,797 - deformetrica.core.estimators.gradient_ascent - INFO - 		3.643E-04   and   5.484E+02 	[ momenta ]
2021-08-03 14:05:59,027 - deformetrica.core.estimators.gradient_ascent - INFO - ------------------------------------- Iteration: 33 -------------------------------------
2021-08-03 14:05:59,029 - deformetrica.core.estimators.gradient_ascent - INFO - >> Log-likelihood = -2.398E+04 	 [ attachment = -2.311E+04 ; regularity = -8.682E+02 ]
2021-08-03 14:05:59,422 - deformetrica.core.estimators.gradient_ascent - INFO - >> Step size and gradient norm: 
2021-08-03 14:05:59,424 - deformetrica.core.estimators.gradient_ascent - INFO - 		4.007E-03   and   2.032E+03 	[ landmark_points ]
2021-08-03 14:05:59,425 - deformetrica.core.estimators.gradient_ascent - INFO - 		5.464E-04   and   5.815E+02 	[ momenta ]
2021-08-03 14:06:00,188 - deformetrica.core.estimators.gradient_ascent - INFO - ------------------------------------- Iteration: 34 -------------------------------------
2021-08-03 14:06:00,189 - deformetrica.core.estimators.gradient_ascent - INFO - >> Log-likelihood = -2.392E+04 	 [ attachment = -2.304E+04 ; regularity = -8.792E+02 ]
2021-08-03 14:06:00,872 - deformetrica.core.estimators.gradient_ascent - INFO - >> Step size and gradient norm: 
2021-08-03 14:06:00,873 - deformetrica.core.estimators.gradient_ascent - INFO - 		2.004E-03   and   2.164E+03 	[ landmark_points ]
2021-08-03 14:06:00,875 - deformetrica.core.estimators.gradient_ascent - INFO - 		5.464E-04   and   6.276E+02 	[ momenta ]
2021-08-03 14:06:01,185 - deformetrica.core.estimators.gradient_ascent - INFO - ------------------------------------- Iteration: 35 -------------------------------------
2021-08-03 14:06:01,186 - deformetrica.core.estimators.gradient_ascent - INFO - >> Log-likelihood = -2.386E+04 	 [ attachment = -2.298E+04 ; regularity = -8.852E+02 ]
2021-08-03 14:06:01,698 - deformetrica.core.estimators.gradient_ascent - INFO - >> Step size and gradient norm: 
2021-08-03 14:06:01,699 - deformetrica.core.estimators.gradient_ascent - INFO - 		3.005E-03   and   2.384E+03 	[ landmark_points ]
2021-08-03 14:06:01,700 - deformetrica.core.estimators.gradient_ascent - INFO - 		8.196E-04   and   6.666E+02 	[ momenta ]
2021-08-03 14:06:02,332 - deformetrica.core.estimators.gradient_ascent - INFO - >> Step size and gradient norm: 
2021-08-03 14:06:02,333 - deformetrica.core.estimators.gradient_ascent - INFO - 		1.503E-03   and   2.384E+03 	[ landmark_points ]
2021-08-03 14:06:02,335 - deformetrica.core.estimators.gradient_ascent - INFO - 		4.098E-04   and   6.666E+02 	[ momenta ]
2021-08-03 14:06:02,600 - deformetrica.core.estimators.gradient_ascent - INFO - ------------------------------------- Iteration: 36 -------------------------------------
2021-08-03 14:06:02,601 - deformetrica.core.estimators.gradient_ascent - INFO - >> Log-likelihood = -2.374E+04 	 [ attachment = -2.285E+04 ; regularity = -8.932E+02 ]
2021-08-03 14:06:03,035 - deformetrica.core.estimators.gradient_ascent - INFO - >> Step size and gradient norm: 
2021-08-03 14:06:03,036 - deformetrica.core.estimators.gradient_ascent - INFO - 		2.254E-03   and   1.361E+03 	[ landmark_points ]
2021-08-03 14:06:03,037 - deformetrica.core.estimators.gradient_ascent - INFO - 		6.147E-04   and   4.328E+02 	[ momenta ]
2021-08-03 14:06:03,286 - deformetrica.core.estimators.gradient_ascent - INFO - ------------------------------------- Iteration: 37 -------------------------------------
2021-08-03 14:06:03,287 - deformetrica.core.estimators.gradient_ascent - INFO - >> Log-likelihood = -2.370E+04 	 [ attachment = -2.279E+04 ; regularity = -9.008E+02 ]
2021-08-03 14:06:03,949 - deformetrica.core.estimators.gradient_ascent - INFO - >> Step size and gradient norm: 
2021-08-03 14:06:03,951 - deformetrica.core.estimators.gradient_ascent - INFO - 		3.381E-03   and   1.846E+03 	[ landmark_points ]
2021-08-03 14:06:03,954 - deformetrica.core.estimators.gradient_ascent - INFO - 		9.220E-04   and   5.312E+02 	[ momenta ]
2021-08-03 14:06:05,059 - deformetrica.core.estimators.gradient_ascent - INFO - >> Step size and gradient norm: 
2021-08-03 14:06:05,061 - deformetrica.core.estimators.gradient_ascent - INFO - 		1.691E-03   and   1.846E+03 	[ landmark_points ]
2021-08-03 14:06:05,064 - deformetrica.core.estimators.gradient_ascent - INFO - 		4.610E-04   and   5.312E+02 	[ momenta ]
2021-08-03 14:06:05,523 - deformetrica.core.estimators.gradient_ascent - INFO - ------------------------------------- Iteration: 38 -------------------------------------
2021-08-03 14:06:05,529 - deformetrica.core.estimators.gradient_ascent - INFO - >> Log-likelihood = -2.362E+04 	 [ attachment = -2.271E+04 ; regularity = -9.091E+02 ]
2021-08-03 14:06:06,026 - deformetrica.core.estimators.gradient_ascent - INFO - >> Step size and gradient norm: 
2021-08-03 14:06:06,027 - deformetrica.core.estimators.gradient_ascent - INFO - 		2.536E-03   and   1.404E+03 	[ landmark_points ]
2021-08-03 14:06:06,029 - deformetrica.core.estimators.gradient_ascent - INFO - 		6.915E-04   and   4.364E+02 	[ momenta ]
2021-08-03 14:06:06,249 - deformetrica.core.estimators.gradient_ascent - INFO - ------------------------------------- Iteration: 39 -------------------------------------
2021-08-03 14:06:06,250 - deformetrica.core.estimators.gradient_ascent - INFO - >> Log-likelihood = -2.360E+04 	 [ attachment = -2.269E+04 ; regularity = -9.173E+02 ]
2021-08-03 14:06:06,748 - deformetrica.core.estimators.gradient_ascent - INFO - >> Step size and gradient norm: 
2021-08-03 14:06:06,750 - deformetrica.core.estimators.gradient_ascent - INFO - 		3.804E-03   and   2.304E+03 	[ landmark_points ]
2021-08-03 14:06:06,751 - deformetrica.core.estimators.gradient_ascent - INFO - 		1.037E-03   and   6.389E+02 	[ momenta ]
2021-08-03 14:06:07,785 - deformetrica.core.estimators.gradient_ascent - INFO - >> Step size and gradient norm: 
2021-08-03 14:06:07,786 - deformetrica.core.estimators.gradient_ascent - INFO - 		1.902E-03   and   2.304E+03 	[ landmark_points ]
2021-08-03 14:06:07,789 - deformetrica.core.estimators.gradient_ascent - INFO - 		5.186E-04   and   6.389E+02 	[ momenta ]
2021-08-03 14:06:08,244 - deformetrica.core.estimators.gradient_ascent - INFO - ------------------------------------- Iteration: 40 -------------------------------------
2021-08-03 14:06:08,247 - deformetrica.core.estimators.gradient_ascent - INFO - >> Log-likelihood = -2.355E+04 	 [ attachment = -2.262E+04 ; regularity = -9.269E+02 ]
2021-08-03 14:06:09,103 - deformetrica.core.estimators.gradient_ascent - INFO - >> Step size and gradient norm: 
2021-08-03 14:06:09,105 - deformetrica.core.estimators.gradient_ascent - INFO - 		2.853E-03   and   2.241E+03 	[ landmark_points ]
2021-08-03 14:06:09,108 - deformetrica.core.estimators.gradient_ascent - INFO - 		7.779E-04   and   6.329E+02 	[ momenta ]
2021-08-03 14:06:09,839 - deformetrica.core.estimators.gradient_ascent - INFO - ------------------------------------- Iteration: 41 -------------------------------------
2021-08-03 14:06:09,840 - deformetrica.core.estimators.gradient_ascent - INFO - >> Log-likelihood = -2.353E+04 	 [ attachment = -2.260E+04 ; regularity = -9.301E+02 ]
2021-08-03 14:06:10,270 - deformetrica.core.estimators.gradient_ascent - INFO - >> Step size and gradient norm: 
2021-08-03 14:06:10,275 - deformetrica.core.estimators.gradient_ascent - INFO - 		2.853E-03   and   2.787E+03 	[ landmark_points ]
2021-08-03 14:06:10,277 - deformetrica.core.estimators.gradient_ascent - INFO - 		3.890E-04   and   7.433E+02 	[ momenta ]
2021-08-03 14:06:12,347 - deformetrica.core.estimators.gradient_ascent - INFO - ------------------------------------- Iteration: 42 -------------------------------------
2021-08-03 14:06:12,349 - deformetrica.core.estimators.gradient_ascent - INFO - >> Log-likelihood = -2.339E+04 	 [ attachment = -2.245E+04 ; regularity = -9.377E+02 ]
2021-08-03 14:06:13,195 - deformetrica.core.estimators.gradient_ascent - INFO - >> Step size and gradient norm: 
2021-08-03 14:06:13,199 - deformetrica.core.estimators.gradient_ascent - INFO - 		1.426E-03   and   1.342E+03 	[ landmark_points ]
2021-08-03 14:06:13,201 - deformetrica.core.estimators.gradient_ascent - INFO - 		3.890E-04   and   4.212E+02 	[ momenta ]
2021-08-03 14:06:13,786 - deformetrica.core.estimators.gradient_ascent - INFO - ------------------------------------- Iteration: 43 -------------------------------------
2021-08-03 14:06:13,788 - deformetrica.core.estimators.gradient_ascent - INFO - >> Log-likelihood = -2.332E+04 	 [ attachment = -2.238E+04 ; regularity = -9.409E+02 ]
2021-08-03 14:06:14,295 - deformetrica.core.estimators.gradient_ascent - INFO - >> Step size and gradient norm: 
2021-08-03 14:06:14,298 - deformetrica.core.estimators.gradient_ascent - INFO - 		2.140E-03   and   7.436E+02 	[ landmark_points ]
2021-08-03 14:06:14,300 - deformetrica.core.estimators.gradient_ascent - INFO - 		5.835E-04   and   2.747E+02 	[ momenta ]
2021-08-03 14:06:14,504 - deformetrica.core.estimators.gradient_ascent - INFO - ------------------------------------- Iteration: 44 -------------------------------------
2021-08-03 14:06:14,505 - deformetrica.core.estimators.gradient_ascent - INFO - >> Log-likelihood = -2.328E+04 	 [ attachment = -2.233E+04 ; regularity = -9.493E+02 ]
2021-08-03 14:06:15,035 - deformetrica.core.estimators.gradient_ascent - INFO - >> Step size and gradient norm: 
2021-08-03 14:06:15,037 - deformetrica.core.estimators.gradient_ascent - INFO - 		3.209E-03   and   8.469E+02 	[ landmark_points ]
2021-08-03 14:06:15,039 - deformetrica.core.estimators.gradient_ascent - INFO - 		8.752E-04   and   3.045E+02 	[ momenta ]
2021-08-03 14:06:15,285 - deformetrica.core.estimators.gradient_ascent - INFO - ------------------------------------- Iteration: 45 -------------------------------------
2021-08-03 14:06:15,287 - deformetrica.core.estimators.gradient_ascent - INFO - >> Log-likelihood = -2.325E+04 	 [ attachment = -2.229E+04 ; regularity = -9.583E+02 ]
2021-08-03 14:06:15,754 - deformetrica.core.estimators.gradient_ascent - INFO - >> Step size and gradient norm: 
2021-08-03 14:06:15,756 - deformetrica.core.estimators.gradient_ascent - INFO - 		4.814E-03   and   1.943E+03 	[ landmark_points ]
2021-08-03 14:06:15,758 - deformetrica.core.estimators.gradient_ascent - INFO - 		1.313E-03   and   5.376E+02 	[ momenta ]
2021-08-03 14:06:16,398 - deformetrica.core.estimators.gradient_ascent - INFO - >> Step size and gradient norm: 
2021-08-03 14:06:16,399 - deformetrica.core.estimators.gradient_ascent - INFO - 		2.407E-03   and   1.943E+03 	[ landmark_points ]
2021-08-03 14:06:16,400 - deformetrica.core.estimators.gradient_ascent - INFO - 		6.564E-04   and   5.376E+02 	[ momenta ]
2021-08-03 14:06:17,049 - deformetrica.core.estimators.gradient_ascent - INFO - ------------------------------------- Iteration: 46 -------------------------------------
2021-08-03 14:06:17,050 - deformetrica.core.estimators.gradient_ascent - INFO - >> Log-likelihood = -2.319E+04 	 [ attachment = -2.223E+04 ; regularity = -9.637E+02 ]
2021-08-03 14:06:17,447 - deformetrica.core.estimators.gradient_ascent - INFO - >> Step size and gradient norm: 
2021-08-03 14:06:17,449 - deformetrica.core.estimators.gradient_ascent - INFO - 		2.407E-03   and   1.713E+03 	[ landmark_points ]
2021-08-03 14:06:17,467 - deformetrica.core.estimators.gradient_ascent - INFO - 		3.282E-04   and   4.882E+02 	[ momenta ]
2021-08-03 14:06:17,766 - deformetrica.core.estimators.gradient_ascent - INFO - ------------------------------------- Iteration: 47 -------------------------------------
2021-08-03 14:06:17,768 - deformetrica.core.estimators.gradient_ascent - INFO - >> Log-likelihood = -2.314E+04 	 [ attachment = -2.217E+04 ; regularity = -9.661E+02 ]
2021-08-03 14:06:18,172 - deformetrica.core.estimators.gradient_ascent - INFO - >> Step size and gradient norm: 
2021-08-03 14:06:18,174 - deformetrica.core.estimators.gradient_ascent - INFO - 		3.611E-03   and   1.542E+03 	[ landmark_points ]
2021-08-03 14:06:18,175 - deformetrica.core.estimators.gradient_ascent - INFO - 		4.923E-04   and   4.374E+02 	[ momenta ]
2021-08-03 14:06:18,996 - deformetrica.core.estimators.gradient_ascent - INFO - ------------------------------------- Iteration: 48 -------------------------------------
2021-08-03 14:06:18,997 - deformetrica.core.estimators.gradient_ascent - INFO - >> Log-likelihood = -2.309E+04 	 [ attachment = -2.212E+04 ; regularity = -9.735E+02 ]
2021-08-03 14:06:19,512 - deformetrica.core.estimators.gradient_ascent - INFO - >> Step size and gradient norm: 
2021-08-03 14:06:19,513 - deformetrica.core.estimators.gradient_ascent - INFO - 		1.805E-03   and   1.337E+03 	[ landmark_points ]
2021-08-03 14:06:19,514 - deformetrica.core.estimators.gradient_ascent - INFO - 		4.923E-04   and   4.060E+02 	[ momenta ]
2021-08-03 14:06:19,740 - deformetrica.core.estimators.gradient_ascent - INFO - ------------------------------------- Iteration: 49 -------------------------------------
2021-08-03 14:06:19,741 - deformetrica.core.estimators.gradient_ascent - INFO - >> Log-likelihood = -2.304E+04 	 [ attachment = -2.207E+04 ; regularity = -9.770E+02 ]
2021-08-03 14:06:20,130 - deformetrica.core.estimators.gradient_ascent - INFO - >> Step size and gradient norm: 
2021-08-03 14:06:20,131 - deformetrica.core.estimators.gradient_ascent - INFO - 		2.708E-03   and   1.226E+03 	[ landmark_points ]
2021-08-03 14:06:20,133 - deformetrica.core.estimators.gradient_ascent - INFO - 		7.384E-04   and   3.634E+02 	[ momenta ]
2021-08-03 14:06:20,363 - deformetrica.core.estimators.gradient_ascent - INFO - ------------------------------------- Iteration: 50 -------------------------------------
2021-08-03 14:06:20,364 - deformetrica.core.estimators.gradient_ascent - INFO - >> Log-likelihood = -2.304E+04 	 [ attachment = -2.205E+04 ; regularity = -9.876E+02 ]
2021-08-03 14:06:20,770 - deformetrica.core.estimators.gradient_ascent - INFO - >> Step size and gradient norm: 
2021-08-03 14:06:20,772 - deformetrica.core.estimators.gradient_ascent - INFO - 		4.062E-03   and   2.153E+03 	[ landmark_points ]
2021-08-03 14:06:20,774 - deformetrica.core.estimators.gradient_ascent - INFO - 		1.108E-03   and   6.021E+02 	[ momenta ]
2021-08-03 14:06:21,403 - deformetrica.core.estimators.gradient_ascent - INFO - >> Step size and gradient norm: 
2021-08-03 14:06:21,405 - deformetrica.core.estimators.gradient_ascent - INFO - 		2.031E-03   and   2.153E+03 	[ landmark_points ]
2021-08-03 14:06:21,406 - deformetrica.core.estimators.gradient_ascent - INFO - 		5.538E-04   and   6.021E+02 	[ momenta ]
2021-08-03 14:06:21,612 - deformetrica.core.estimators.gradient_ascent - INFO - ------------------------------------- Iteration: 51 -------------------------------------
2021-08-03 14:06:21,613 - deformetrica.core.estimators.gradient_ascent - INFO - >> Log-likelihood = -2.302E+04 	 [ attachment = -2.203E+04 ; regularity = -9.901E+02 ]
2021-08-03 14:06:22,008 - deformetrica.core.estimators.gradient_ascent - INFO - >> Step size and gradient norm: 
2021-08-03 14:06:22,010 - deformetrica.core.estimators.gradient_ascent - INFO - 		3.046E-03   and   2.447E+03 	[ landmark_points ]
2021-08-03 14:06:22,013 - deformetrica.core.estimators.gradient_ascent - INFO - 		8.307E-04   and   6.593E+02 	[ momenta ]
2021-08-03 14:06:22,743 - deformetrica.core.estimators.gradient_ascent - INFO - >> Step size and gradient norm: 
2021-08-03 14:06:22,744 - deformetrica.core.estimators.gradient_ascent - INFO - 		1.523E-03   and   2.447E+03 	[ landmark_points ]
2021-08-03 14:06:22,775 - deformetrica.core.estimators.gradient_ascent - INFO - 		4.154E-04   and   6.593E+02 	[ momenta ]
2021-08-03 14:06:23,137 - deformetrica.core.estimators.gradient_ascent - INFO - ------------------------------------- Iteration: 52 -------------------------------------
2021-08-03 14:06:23,138 - deformetrica.core.estimators.gradient_ascent - INFO - >> Log-likelihood = -2.292E+04 	 [ attachment = -2.193E+04 ; regularity = -9.967E+02 ]
2021-08-03 14:06:23,734 - deformetrica.core.estimators.gradient_ascent - INFO - >> Step size and gradient norm: 
2021-08-03 14:06:23,735 - deformetrica.core.estimators.gradient_ascent - INFO - 		2.285E-03   and   1.440E+03 	[ landmark_points ]
2021-08-03 14:06:23,737 - deformetrica.core.estimators.gradient_ascent - INFO - 		6.231E-04   and   4.235E+02 	[ momenta ]
2021-08-03 14:06:23,970 - deformetrica.core.estimators.gradient_ascent - INFO - ------------------------------------- Iteration: 53 -------------------------------------
2021-08-03 14:06:23,971 - deformetrica.core.estimators.gradient_ascent - INFO - >> Log-likelihood = -2.291E+04 	 [ attachment = -2.191E+04 ; regularity = -1.001E+03 ]
2021-08-03 14:06:24,403 - deformetrica.core.estimators.gradient_ascent - INFO - >> Step size and gradient norm: 
2021-08-03 14:06:24,404 - deformetrica.core.estimators.gradient_ascent - INFO - 		3.427E-03   and   2.021E+03 	[ landmark_points ]
2021-08-03 14:06:24,405 - deformetrica.core.estimators.gradient_ascent - INFO - 		9.346E-04   and   5.502E+02 	[ momenta ]
2021-08-03 14:06:25,334 - deformetrica.core.estimators.gradient_ascent - INFO - >> Step size and gradient norm: 
2021-08-03 14:06:25,336 - deformetrica.core.estimators.gradient_ascent - INFO - 		1.714E-03   and   2.021E+03 	[ landmark_points ]
2021-08-03 14:06:25,337 - deformetrica.core.estimators.gradient_ascent - INFO - 		4.673E-04   and   5.502E+02 	[ momenta ]
2021-08-03 14:06:25,646 - deformetrica.core.estimators.gradient_ascent - INFO - ------------------------------------- Iteration: 54 -------------------------------------
2021-08-03 14:06:25,648 - deformetrica.core.estimators.gradient_ascent - INFO - >> Log-likelihood = -2.285E+04 	 [ attachment = -2.184E+04 ; regularity = -1.007E+03 ]
2021-08-03 14:06:26,629 - deformetrica.core.estimators.gradient_ascent - INFO - >> Step size and gradient norm: 
2021-08-03 14:06:26,632 - deformetrica.core.estimators.gradient_ascent - INFO - 		2.570E-03   and   1.581E+03 	[ landmark_points ]
2021-08-03 14:06:26,634 - deformetrica.core.estimators.gradient_ascent - INFO - 		7.009E-04   and   4.553E+02 	[ momenta ]
2021-08-03 14:06:27,575 - deformetrica.core.estimators.gradient_ascent - INFO - ------------------------------------- Iteration: 55 -------------------------------------
2021-08-03 14:06:27,576 - deformetrica.core.estimators.gradient_ascent - INFO - >> Log-likelihood = -2.281E+04 	 [ attachment = -2.181E+04 ; regularity = -1.009E+03 ]
2021-08-03 14:06:28,050 - deformetrica.core.estimators.gradient_ascent - INFO - >> Step size and gradient norm: 
2021-08-03 14:06:28,052 - deformetrica.core.estimators.gradient_ascent - INFO - 		2.570E-03   and   1.636E+03 	[ landmark_points ]
2021-08-03 14:06:28,082 - deformetrica.core.estimators.gradient_ascent - INFO - 		3.505E-04   and   4.457E+02 	[ momenta ]
2021-08-03 14:06:28,411 - deformetrica.core.estimators.gradient_ascent - INFO - ------------------------------------- Iteration: 56 -------------------------------------
2021-08-03 14:06:28,412 - deformetrica.core.estimators.gradient_ascent - INFO - >> Log-likelihood = -2.278E+04 	 [ attachment = -2.177E+04 ; regularity = -1.014E+03 ]
2021-08-03 14:06:28,822 - deformetrica.core.estimators.gradient_ascent - INFO - >> Step size and gradient norm: 
2021-08-03 14:06:28,824 - deformetrica.core.estimators.gradient_ascent - INFO - 		3.856E-03   and   1.641E+03 	[ landmark_points ]
2021-08-03 14:06:28,825 - deformetrica.core.estimators.gradient_ascent - INFO - 		5.257E-04   and   4.654E+02 	[ momenta ]
2021-08-03 14:06:29,435 - deformetrica.core.estimators.gradient_ascent - INFO - ------------------------------------- Iteration: 57 -------------------------------------
2021-08-03 14:06:29,436 - deformetrica.core.estimators.gradient_ascent - INFO - >> Log-likelihood = -2.275E+04 	 [ attachment = -2.173E+04 ; regularity = -1.016E+03 ]
2021-08-03 14:06:29,831 - deformetrica.core.estimators.gradient_ascent - INFO - >> Step size and gradient norm: 
2021-08-03 14:06:29,832 - deformetrica.core.estimators.gradient_ascent - INFO - 		1.928E-03   and   1.687E+03 	[ landmark_points ]
2021-08-03 14:06:29,834 - deformetrica.core.estimators.gradient_ascent - INFO - 		5.257E-04   and   4.661E+02 	[ momenta ]
2021-08-03 14:06:30,133 - deformetrica.core.estimators.gradient_ascent - INFO - ------------------------------------- Iteration: 58 -------------------------------------
2021-08-03 14:06:30,137 - deformetrica.core.estimators.gradient_ascent - INFO - >> Log-likelihood = -2.271E+04 	 [ attachment = -2.169E+04 ; regularity = -1.023E+03 ]
2021-08-03 14:06:30,543 - deformetrica.core.estimators.gradient_ascent - INFO - >> Step size and gradient norm: 
2021-08-03 14:06:30,544 - deformetrica.core.estimators.gradient_ascent - INFO - 		2.892E-03   and   1.686E+03 	[ landmark_points ]
2021-08-03 14:06:30,545 - deformetrica.core.estimators.gradient_ascent - INFO - 		7.886E-04   and   4.788E+02 	[ momenta ]
2021-08-03 14:06:31,427 - deformetrica.core.estimators.gradient_ascent - INFO - ------------------------------------- Iteration: 59 -------------------------------------
2021-08-03 14:06:31,429 - deformetrica.core.estimators.gradient_ascent - INFO - >> Log-likelihood = -2.270E+04 	 [ attachment = -2.168E+04 ; regularity = -1.024E+03 ]
2021-08-03 14:06:32,006 - deformetrica.core.estimators.gradient_ascent - INFO - >> Step size and gradient norm: 
2021-08-03 14:06:32,009 - deformetrica.core.estimators.gradient_ascent - INFO - 		2.892E-03   and   2.165E+03 	[ landmark_points ]
2021-08-03 14:06:32,011 - deformetrica.core.estimators.gradient_ascent - INFO - 		3.943E-04   and   5.734E+02 	[ momenta ]
2021-08-03 14:06:32,702 - deformetrica.core.estimators.gradient_ascent - INFO - ------------------------------------- Iteration: 60 -------------------------------------
2021-08-03 14:06:32,703 - deformetrica.core.estimators.gradient_ascent - INFO - >> Log-likelihood = -2.262E+04 	 [ attachment = -2.159E+04 ; regularity = -1.030E+03 ]
2021-08-03 14:06:33,155 - deformetrica.core.estimators.gradient_ascent - INFO - >> Step size and gradient norm: 
2021-08-03 14:06:33,157 - deformetrica.core.estimators.gradient_ascent - INFO - 		1.446E-03   and   1.089E+03 	[ landmark_points ]
2021-08-03 14:06:33,185 - deformetrica.core.estimators.gradient_ascent - INFO - 		3.943E-04   and   3.390E+02 	[ momenta ]
2021-08-03 14:06:33,553 - deformetrica.core.estimators.gradient_ascent - INFO - ------------------------------------- Iteration: 61 -------------------------------------
2021-08-03 14:06:33,554 - deformetrica.core.estimators.gradient_ascent - INFO - >> Log-likelihood = -2.258E+04 	 [ attachment = -2.155E+04 ; regularity = -1.032E+03 ]
2021-08-03 14:06:34,043 - deformetrica.core.estimators.gradient_ascent - INFO - >> Step size and gradient norm: 
2021-08-03 14:06:34,044 - deformetrica.core.estimators.gradient_ascent - INFO - 		2.169E-03   and   6.294E+02 	[ landmark_points ]
2021-08-03 14:06:34,046 - deformetrica.core.estimators.gradient_ascent - INFO - 		5.914E-04   and   2.208E+02 	[ momenta ]
2021-08-03 14:06:34,364 - deformetrica.core.estimators.gradient_ascent - INFO - ------------------------------------- Iteration: 62 -------------------------------------
2021-08-03 14:06:34,365 - deformetrica.core.estimators.gradient_ascent - INFO - >> Log-likelihood = -2.255E+04 	 [ attachment = -2.151E+04 ; regularity = -1.037E+03 ]
2021-08-03 14:06:34,781 - deformetrica.core.estimators.gradient_ascent - INFO - >> Step size and gradient norm: 
2021-08-03 14:06:34,783 - deformetrica.core.estimators.gradient_ascent - INFO - 		3.253E-03   and   7.335E+02 	[ landmark_points ]
2021-08-03 14:06:34,784 - deformetrica.core.estimators.gradient_ascent - INFO - 		8.871E-04   and   2.544E+02 	[ momenta ]
2021-08-03 14:06:34,996 - deformetrica.core.estimators.gradient_ascent - INFO - ------------------------------------- Iteration: 63 -------------------------------------
2021-08-03 14:06:34,997 - deformetrica.core.estimators.gradient_ascent - INFO - >> Log-likelihood = -2.254E+04 	 [ attachment = -2.149E+04 ; regularity = -1.042E+03 ]
2021-08-03 14:06:35,496 - deformetrica.core.estimators.gradient_ascent - INFO - >> Step size and gradient norm: 
2021-08-03 14:06:35,498 - deformetrica.core.estimators.gradient_ascent - INFO - 		4.880E-03   and   1.743E+03 	[ landmark_points ]
2021-08-03 14:06:35,501 - deformetrica.core.estimators.gradient_ascent - INFO - 		1.331E-03   and   4.726E+02 	[ momenta ]
2021-08-03 14:06:36,204 - deformetrica.core.estimators.gradient_ascent - INFO - >> Step size and gradient norm: 
2021-08-03 14:06:36,205 - deformetrica.core.estimators.gradient_ascent - INFO - 		2.440E-03   and   1.743E+03 	[ landmark_points ]
2021-08-03 14:06:36,206 - deformetrica.core.estimators.gradient_ascent - INFO - 		6.653E-04   and   4.726E+02 	[ momenta ]
2021-08-03 14:06:36,981 - deformetrica.core.estimators.gradient_ascent - INFO - ------------------------------------- Iteration: 64 -------------------------------------
2021-08-03 14:06:36,983 - deformetrica.core.estimators.gradient_ascent - INFO - >> Log-likelihood = -2.250E+04 	 [ attachment = -2.145E+04 ; regularity = -1.046E+03 ]
2021-08-03 14:06:37,800 - deformetrica.core.estimators.gradient_ascent - INFO - >> Step size and gradient norm: 
2021-08-03 14:06:37,802 - deformetrica.core.estimators.gradient_ascent - INFO - 		2.440E-03   and   1.588E+03 	[ landmark_points ]
2021-08-03 14:06:37,804 - deformetrica.core.estimators.gradient_ascent - INFO - 		3.327E-04   and   4.438E+02 	[ momenta ]
2021-08-03 14:06:38,209 - deformetrica.core.estimators.gradient_ascent - INFO - ------------------------------------- Iteration: 65 -------------------------------------
2021-08-03 14:06:38,218 - deformetrica.core.estimators.gradient_ascent - INFO - >> Log-likelihood = -2.246E+04 	 [ attachment = -2.141E+04 ; regularity = -1.047E+03 ]
2021-08-03 14:06:39,031 - deformetrica.core.estimators.gradient_ascent - INFO - >> Step size and gradient norm: 
2021-08-03 14:06:39,033 - deformetrica.core.estimators.gradient_ascent - INFO - 		3.660E-03   and   1.477E+03 	[ landmark_points ]
2021-08-03 14:06:39,036 - deformetrica.core.estimators.gradient_ascent - INFO - 		4.990E-04   and   4.045E+02 	[ momenta ]
2021-08-03 14:06:40,240 - deformetrica.core.estimators.gradient_ascent - INFO - ------------------------------------- Iteration: 66 -------------------------------------
2021-08-03 14:06:40,241 - deformetrica.core.estimators.gradient_ascent - INFO - >> Log-likelihood = -2.243E+04 	 [ attachment = -2.137E+04 ; regularity = -1.053E+03 ]
2021-08-03 14:06:41,073 - deformetrica.core.estimators.gradient_ascent - INFO - >> Step size and gradient norm: 
2021-08-03 14:06:41,074 - deformetrica.core.estimators.gradient_ascent - INFO - 		1.830E-03   and   1.318E+03 	[ landmark_points ]
2021-08-03 14:06:41,076 - deformetrica.core.estimators.gradient_ascent - INFO - 		4.990E-04   and   3.861E+02 	[ momenta ]
2021-08-03 14:06:41,320 - deformetrica.core.estimators.gradient_ascent - INFO - ------------------------------------- Iteration: 67 -------------------------------------
2021-08-03 14:06:41,321 - deformetrica.core.estimators.gradient_ascent - INFO - >> Log-likelihood = -2.239E+04 	 [ attachment = -2.134E+04 ; regularity = -1.054E+03 ]
2021-08-03 14:06:41,994 - deformetrica.core.estimators.gradient_ascent - INFO - >> Step size and gradient norm: 
2021-08-03 14:06:41,996 - deformetrica.core.estimators.gradient_ascent - INFO - 		2.745E-03   and   1.246E+03 	[ landmark_points ]
2021-08-03 14:06:41,997 - deformetrica.core.estimators.gradient_ascent - INFO - 		7.485E-04   and   3.505E+02 	[ momenta ]
2021-08-03 14:06:43,237 - deformetrica.core.estimators.gradient_ascent - INFO - ------------------------------------- Iteration: 68 -------------------------------------
2021-08-03 14:06:43,241 - deformetrica.core.estimators.gradient_ascent - INFO - >> Log-likelihood = -2.237E+04 	 [ attachment = -2.131E+04 ; regularity = -1.058E+03 ]
2021-08-03 14:06:44,045 - deformetrica.core.estimators.gradient_ascent - INFO - >> Step size and gradient norm: 
2021-08-03 14:06:44,047 - deformetrica.core.estimators.gradient_ascent - INFO - 		2.745E-03   and   1.421E+03 	[ landmark_points ]
2021-08-03 14:06:44,049 - deformetrica.core.estimators.gradient_ascent - INFO - 		3.743E-04   and   4.028E+02 	[ momenta ]
2021-08-03 14:06:44,295 - deformetrica.core.estimators.gradient_ascent - INFO - ------------------------------------- Iteration: 69 -------------------------------------
2021-08-03 14:06:44,297 - deformetrica.core.estimators.gradient_ascent - INFO - >> Log-likelihood = -2.235E+04 	 [ attachment = -2.129E+04 ; regularity = -1.059E+03 ]
2021-08-03 14:06:44,916 - deformetrica.core.estimators.gradient_ascent - INFO - >> Step size and gradient norm: 
2021-08-03 14:06:44,918 - deformetrica.core.estimators.gradient_ascent - INFO - 		4.117E-03   and   1.661E+03 	[ landmark_points ]
2021-08-03 14:06:44,919 - deformetrica.core.estimators.gradient_ascent - INFO - 		5.614E-04   and   4.471E+02 	[ momenta ]
2021-08-03 14:06:46,399 - deformetrica.core.estimators.gradient_ascent - INFO - ------------------------------------- Iteration: 70 -------------------------------------
2021-08-03 14:06:46,401 - deformetrica.core.estimators.gradient_ascent - INFO - >> Log-likelihood = -2.233E+04 	 [ attachment = -2.127E+04 ; regularity = -1.066E+03 ]
2021-08-03 14:06:46,996 - deformetrica.core.estimators.gradient_ascent - INFO - >> Step size and gradient norm: 
2021-08-03 14:06:46,998 - deformetrica.core.estimators.gradient_ascent - INFO - 		2.059E-03   and   1.870E+03 	[ landmark_points ]
2021-08-03 14:06:47,001 - deformetrica.core.estimators.gradient_ascent - INFO - 		5.614E-04   and   5.209E+02 	[ momenta ]
2021-08-03 14:06:47,258 - deformetrica.core.estimators.gradient_ascent - INFO - ------------------------------------- Iteration: 71 -------------------------------------
2021-08-03 14:06:47,260 - deformetrica.core.estimators.gradient_ascent - INFO - >> Log-likelihood = -2.232E+04 	 [ attachment = -2.126E+04 ; regularity = -1.066E+03 ]
2021-08-03 14:06:47,728 - deformetrica.core.estimators.gradient_ascent - INFO - >> Step size and gradient norm: 
2021-08-03 14:06:47,730 - deformetrica.core.estimators.gradient_ascent - INFO - 		3.088E-03   and   2.195E+03 	[ landmark_points ]
2021-08-03 14:06:47,731 - deformetrica.core.estimators.gradient_ascent - INFO - 		8.421E-04   and   5.846E+02 	[ momenta ]
2021-08-03 14:06:48,558 - deformetrica.core.estimators.gradient_ascent - INFO - >> Step size and gradient norm: 
2021-08-03 14:06:48,560 - deformetrica.core.estimators.gradient_ascent - INFO - 		1.544E-03   and   2.195E+03 	[ landmark_points ]
2021-08-03 14:06:48,562 - deformetrica.core.estimators.gradient_ascent - INFO - 		4.210E-04   and   5.846E+02 	[ momenta ]
2021-08-03 14:06:48,923 - deformetrica.core.estimators.gradient_ascent - INFO - ------------------------------------- Iteration: 72 -------------------------------------
2021-08-03 14:06:48,924 - deformetrica.core.estimators.gradient_ascent - INFO - >> Log-likelihood = -2.225E+04 	 [ attachment = -2.118E+04 ; regularity = -1.071E+03 ]
2021-08-03 14:06:49,341 - deformetrica.core.estimators.gradient_ascent - INFO - >> Step size and gradient norm: 
2021-08-03 14:06:49,342 - deformetrica.core.estimators.gradient_ascent - INFO - 		2.316E-03   and   1.340E+03 	[ landmark_points ]
2021-08-03 14:06:49,344 - deformetrica.core.estimators.gradient_ascent - INFO - 		6.316E-04   and   3.876E+02 	[ momenta ]
2021-08-03 14:06:50,016 - deformetrica.core.estimators.gradient_ascent - INFO - ------------------------------------- Iteration: 73 -------------------------------------
2021-08-03 14:06:50,017 - deformetrica.core.estimators.gradient_ascent - INFO - >> Log-likelihood = -2.221E+04 	 [ attachment = -2.114E+04 ; regularity = -1.072E+03 ]
2021-08-03 14:06:50,404 - deformetrica.core.estimators.gradient_ascent - INFO - >> Step size and gradient norm: 
2021-08-03 14:06:50,406 - deformetrica.core.estimators.gradient_ascent - INFO - 		2.316E-03   and   1.134E+03 	[ landmark_points ]
2021-08-03 14:06:50,407 - deformetrica.core.estimators.gradient_ascent - INFO - 		3.158E-04   and   3.156E+02 	[ momenta ]
2021-08-03 14:06:50,616 - deformetrica.core.estimators.gradient_ascent - INFO - ------------------------------------- Iteration: 74 -------------------------------------
2021-08-03 14:06:50,617 - deformetrica.core.estimators.gradient_ascent - INFO - >> Log-likelihood = -2.218E+04 	 [ attachment = -2.111E+04 ; regularity = -1.075E+03 ]
2021-08-03 14:06:51,010 - deformetrica.core.estimators.gradient_ascent - INFO - >> Step size and gradient norm: 
2021-08-03 14:06:51,012 - deformetrica.core.estimators.gradient_ascent - INFO - 		3.474E-03   and   9.202E+02 	[ landmark_points ]
2021-08-03 14:06:51,014 - deformetrica.core.estimators.gradient_ascent - INFO - 		4.737E-04   and   2.867E+02 	[ momenta ]
2021-08-03 14:06:51,254 - deformetrica.core.estimators.gradient_ascent - INFO - ------------------------------------- Iteration: 75 -------------------------------------
2021-08-03 14:06:51,255 - deformetrica.core.estimators.gradient_ascent - INFO - >> Log-likelihood = -2.218E+04 	 [ attachment = -2.110E+04 ; regularity = -1.076E+03 ]
2021-08-03 14:06:51,653 - deformetrica.core.estimators.gradient_ascent - INFO - >> Step size and gradient norm: 
2021-08-03 14:06:51,654 - deformetrica.core.estimators.gradient_ascent - INFO - 		5.211E-03   and   1.601E+03 	[ landmark_points ]
2021-08-03 14:06:51,655 - deformetrica.core.estimators.gradient_ascent - INFO - 		7.105E-04   and   4.282E+02 	[ momenta ]
2021-08-03 14:06:52,284 - deformetrica.core.estimators.gradient_ascent - INFO - >> Step size and gradient norm: 
2021-08-03 14:06:52,285 - deformetrica.core.estimators.gradient_ascent - INFO - 		2.606E-03   and   1.601E+03 	[ landmark_points ]
2021-08-03 14:06:52,287 - deformetrica.core.estimators.gradient_ascent - INFO - 		3.553E-04   and   4.282E+02 	[ momenta ]
2021-08-03 14:06:52,492 - deformetrica.core.estimators.gradient_ascent - INFO - ------------------------------------- Iteration: 76 -------------------------------------
2021-08-03 14:06:52,493 - deformetrica.core.estimators.gradient_ascent - INFO - >> Log-likelihood = -2.215E+04 	 [ attachment = -2.107E+04 ; regularity = -1.080E+03 ]
2021-08-03 14:06:52,875 - deformetrica.core.estimators.gradient_ascent - INFO - >> Step size and gradient norm: 
2021-08-03 14:06:52,877 - deformetrica.core.estimators.gradient_ascent - INFO - 		3.908E-03   and   1.662E+03 	[ landmark_points ]
2021-08-03 14:06:52,878 - deformetrica.core.estimators.gradient_ascent - INFO - 		5.329E-04   and   4.618E+02 	[ momenta ]
2021-08-03 14:06:53,556 - deformetrica.core.estimators.gradient_ascent - INFO - ------------------------------------- Iteration: 77 -------------------------------------
2021-08-03 14:06:53,557 - deformetrica.core.estimators.gradient_ascent - INFO - >> Log-likelihood = -2.213E+04 	 [ attachment = -2.105E+04 ; regularity = -1.080E+03 ]
2021-08-03 14:06:53,949 - deformetrica.core.estimators.gradient_ascent - INFO - >> Step size and gradient norm: 
2021-08-03 14:06:53,951 - deformetrica.core.estimators.gradient_ascent - INFO - 		1.954E-03   and   1.761E+03 	[ landmark_points ]
2021-08-03 14:06:53,979 - deformetrica.core.estimators.gradient_ascent - INFO - 		5.329E-04   and   4.748E+02 	[ momenta ]
2021-08-03 14:06:54,299 - deformetrica.core.estimators.gradient_ascent - INFO - ------------------------------------- Iteration: 78 -------------------------------------
2021-08-03 14:06:54,300 - deformetrica.core.estimators.gradient_ascent - INFO - >> Log-likelihood = -2.211E+04 	 [ attachment = -2.103E+04 ; regularity = -1.086E+03 ]
2021-08-03 14:06:54,684 - deformetrica.core.estimators.gradient_ascent - INFO - >> Step size and gradient norm: 
2021-08-03 14:06:54,697 - deformetrica.core.estimators.gradient_ascent - INFO - 		2.931E-03   and   1.814E+03 	[ landmark_points ]
2021-08-03 14:06:54,702 - deformetrica.core.estimators.gradient_ascent - INFO - 		7.993E-04   and   5.036E+02 	[ momenta ]
2021-08-03 14:06:55,289 - deformetrica.core.estimators.gradient_ascent - INFO - >> Step size and gradient norm: 
2021-08-03 14:06:55,291 - deformetrica.core.estimators.gradient_ascent - INFO - 		1.466E-03   and   1.814E+03 	[ landmark_points ]
2021-08-03 14:06:55,292 - deformetrica.core.estimators.gradient_ascent - INFO - 		3.997E-04   and   5.036E+02 	[ momenta ]
2021-08-03 14:06:55,488 - deformetrica.core.estimators.gradient_ascent - INFO - ------------------------------------- Iteration: 79 -------------------------------------
2021-08-03 14:06:55,489 - deformetrica.core.estimators.gradient_ascent - INFO - >> Log-likelihood = -2.205E+04 	 [ attachment = -2.096E+04 ; regularity = -1.086E+03 ]
2021-08-03 14:06:55,866 - deformetrica.core.estimators.gradient_ascent - INFO - >> Step size and gradient norm: 
2021-08-03 14:06:55,867 - deformetrica.core.estimators.gradient_ascent - INFO - 		2.198E-03   and   1.013E+03 	[ landmark_points ]
2021-08-03 14:06:55,869 - deformetrica.core.estimators.gradient_ascent - INFO - 		5.995E-04   and   2.913E+02 	[ momenta ]
2021-08-03 14:06:56,071 - deformetrica.core.estimators.gradient_ascent - INFO - ------------------------------------- Iteration: 80 -------------------------------------
2021-08-03 14:06:56,072 - deformetrica.core.estimators.gradient_ascent - INFO - >> Log-likelihood = -2.203E+04 	 [ attachment = -2.094E+04 ; regularity = -1.091E+03 ]
2021-08-03 14:06:56,474 - deformetrica.core.estimators.gradient_ascent - INFO - >> Step size and gradient norm: 
2021-08-03 14:06:56,477 - deformetrica.core.estimators.gradient_ascent - INFO - 		3.298E-03   and   1.276E+03 	[ landmark_points ]
2021-08-03 14:06:56,479 - deformetrica.core.estimators.gradient_ascent - INFO - 		8.992E-04   and   3.685E+02 	[ momenta ]
2021-08-03 14:06:57,084 - deformetrica.core.estimators.gradient_ascent - INFO - >> Step size and gradient norm: 
2021-08-03 14:06:57,085 - deformetrica.core.estimators.gradient_ascent - INFO - 		1.649E-03   and   1.276E+03 	[ landmark_points ]
2021-08-03 14:06:57,087 - deformetrica.core.estimators.gradient_ascent - INFO - 		4.496E-04   and   3.685E+02 	[ momenta ]
2021-08-03 14:06:57,281 - deformetrica.core.estimators.gradient_ascent - INFO - ------------------------------------- Iteration: 81 -------------------------------------
2021-08-03 14:06:57,282 - deformetrica.core.estimators.gradient_ascent - INFO - >> Log-likelihood = -2.200E+04 	 [ attachment = -2.091E+04 ; regularity = -1.091E+03 ]
2021-08-03 14:06:57,684 - deformetrica.core.estimators.gradient_ascent - INFO - >> Step size and gradient norm: 
2021-08-03 14:06:57,685 - deformetrica.core.estimators.gradient_ascent - INFO - 		2.473E-03   and   9.674E+02 	[ landmark_points ]
2021-08-03 14:06:57,688 - deformetrica.core.estimators.gradient_ascent - INFO - 		6.744E-04   and   2.797E+02 	[ momenta ]
2021-08-03 14:06:57,924 - deformetrica.core.estimators.gradient_ascent - INFO - ------------------------------------- Iteration: 82 -------------------------------------
2021-08-03 14:06:57,925 - deformetrica.core.estimators.gradient_ascent - INFO - >> Log-likelihood = -2.199E+04 	 [ attachment = -2.089E+04 ; regularity = -1.097E+03 ]
2021-08-03 14:06:58,389 - deformetrica.core.estimators.gradient_ascent - INFO - >> Step size and gradient norm: 
2021-08-03 14:06:58,391 - deformetrica.core.estimators.gradient_ascent - INFO - 		3.710E-03   and   1.482E+03 	[ landmark_points ]
2021-08-03 14:06:58,392 - deformetrica.core.estimators.gradient_ascent - INFO - 		1.012E-03   and   4.181E+02 	[ momenta ]
2021-08-03 14:06:59,092 - deformetrica.core.estimators.gradient_ascent - INFO - >> Step size and gradient norm: 
2021-08-03 14:06:59,094 - deformetrica.core.estimators.gradient_ascent - INFO - 		1.855E-03   and   1.482E+03 	[ landmark_points ]
2021-08-03 14:06:59,121 - deformetrica.core.estimators.gradient_ascent - INFO - 		5.058E-04   and   4.181E+02 	[ momenta ]
2021-08-03 14:06:59,386 - deformetrica.core.estimators.gradient_ascent - INFO - ------------------------------------- Iteration: 83 -------------------------------------
2021-08-03 14:06:59,387 - deformetrica.core.estimators.gradient_ascent - INFO - >> Log-likelihood = -2.196E+04 	 [ attachment = -2.087E+04 ; regularity = -1.097E+03 ]
2021-08-03 14:06:59,812 - deformetrica.core.estimators.gradient_ascent - INFO - >> Step size and gradient norm: 
2021-08-03 14:06:59,814 - deformetrica.core.estimators.gradient_ascent - INFO - 		2.782E-03   and   1.431E+03 	[ landmark_points ]
2021-08-03 14:06:59,815 - deformetrica.core.estimators.gradient_ascent - INFO - 		7.587E-04   and   3.900E+02 	[ momenta ]
2021-08-03 14:07:00,436 - deformetrica.core.estimators.gradient_ascent - INFO - ------------------------------------- Iteration: 84 -------------------------------------
2021-08-03 14:07:00,437 - deformetrica.core.estimators.gradient_ascent - INFO - >> Log-likelihood = -2.195E+04 	 [ attachment = -2.085E+04 ; regularity = -1.101E+03 ]
2021-08-03 14:07:00,825 - deformetrica.core.estimators.gradient_ascent - INFO - >> Step size and gradient norm: 
2021-08-03 14:07:00,827 - deformetrica.core.estimators.gradient_ascent - INFO - 		2.782E-03   and   1.689E+03 	[ landmark_points ]
2021-08-03 14:07:00,828 - deformetrica.core.estimators.gradient_ascent - INFO - 		3.794E-04   and   4.610E+02 	[ momenta ]
2021-08-03 14:07:01,019 - deformetrica.core.estimators.gradient_ascent - INFO - ------------------------------------- Iteration: 85 -------------------------------------
2021-08-03 14:07:01,020 - deformetrica.core.estimators.gradient_ascent - INFO - >> Log-likelihood = -2.194E+04 	 [ attachment = -2.084E+04 ; regularity = -1.101E+03 ]
2021-08-03 14:07:01,460 - deformetrica.core.estimators.gradient_ascent - INFO - >> Step size and gradient norm: 
2021-08-03 14:07:01,461 - deformetrica.core.estimators.gradient_ascent - INFO - 		4.174E-03   and   2.025E+03 	[ landmark_points ]
2021-08-03 14:07:01,463 - deformetrica.core.estimators.gradient_ascent - INFO - 		5.690E-04   and   5.331E+02 	[ momenta ]
2021-08-03 14:07:02,205 - deformetrica.core.estimators.gradient_ascent - INFO - >> Step size and gradient norm: 
2021-08-03 14:07:02,207 - deformetrica.core.estimators.gradient_ascent - INFO - 		2.087E-03   and   2.025E+03 	[ landmark_points ]
2021-08-03 14:07:02,209 - deformetrica.core.estimators.gradient_ascent - INFO - 		2.845E-04   and   5.331E+02 	[ momenta ]
2021-08-03 14:07:02,505 - deformetrica.core.estimators.gradient_ascent - INFO - ------------------------------------- Iteration: 86 -------------------------------------
2021-08-03 14:07:02,506 - deformetrica.core.estimators.gradient_ascent - INFO - >> Log-likelihood = -2.188E+04 	 [ attachment = -2.078E+04 ; regularity = -1.104E+03 ]
2021-08-03 14:07:02,938 - deformetrica.core.estimators.gradient_ascent - INFO - >> Step size and gradient norm: 
2021-08-03 14:07:02,939 - deformetrica.core.estimators.gradient_ascent - INFO - 		3.130E-03   and   1.304E+03 	[ landmark_points ]
2021-08-03 14:07:02,941 - deformetrica.core.estimators.gradient_ascent - INFO - 		4.268E-04   and   3.681E+02 	[ momenta ]
2021-08-03 14:07:03,634 - deformetrica.core.estimators.gradient_ascent - INFO - ------------------------------------- Iteration: 87 -------------------------------------
2021-08-03 14:07:03,635 - deformetrica.core.estimators.gradient_ascent - INFO - >> Log-likelihood = -2.185E+04 	 [ attachment = -2.074E+04 ; regularity = -1.104E+03 ]
2021-08-03 14:07:04,054 - deformetrica.core.estimators.gradient_ascent - INFO - >> Step size and gradient norm: 
2021-08-03 14:07:04,055 - deformetrica.core.estimators.gradient_ascent - INFO - 		1.565E-03   and   8.594E+02 	[ landmark_points ]
2021-08-03 14:07:04,057 - deformetrica.core.estimators.gradient_ascent - INFO - 		4.268E-04   and   2.573E+02 	[ momenta ]
2021-08-03 14:07:04,244 - deformetrica.core.estimators.gradient_ascent - INFO - ------------------------------------- Iteration: 88 -------------------------------------
2021-08-03 14:07:04,245 - deformetrica.core.estimators.gradient_ascent - INFO - >> Log-likelihood = -2.182E+04 	 [ attachment = -2.072E+04 ; regularity = -1.107E+03 ]
2021-08-03 14:07:04,745 - deformetrica.core.estimators.gradient_ascent - INFO - >> Step size and gradient norm: 
2021-08-03 14:07:04,747 - deformetrica.core.estimators.gradient_ascent - INFO - 		2.348E-03   and   5.610E+02 	[ landmark_points ]
2021-08-03 14:07:04,748 - deformetrica.core.estimators.gradient_ascent - INFO - 		6.402E-04   and   1.997E+02 	[ momenta ]
2021-08-03 14:07:04,953 - deformetrica.core.estimators.gradient_ascent - INFO - ------------------------------------- Iteration: 89 -------------------------------------
2021-08-03 14:07:04,954 - deformetrica.core.estimators.gradient_ascent - INFO - >> Log-likelihood = -2.180E+04 	 [ attachment = -2.069E+04 ; regularity = -1.110E+03 ]
2021-08-03 14:07:05,323 - deformetrica.core.estimators.gradient_ascent - INFO - >> Step size and gradient norm: 
2021-08-03 14:07:05,325 - deformetrica.core.estimators.gradient_ascent - INFO - 		3.521E-03   and   8.161E+02 	[ landmark_points ]
2021-08-03 14:07:05,326 - deformetrica.core.estimators.gradient_ascent - INFO - 		9.603E-04   and   2.448E+02 	[ momenta ]
2021-08-03 14:07:05,976 - deformetrica.core.estimators.gradient_ascent - INFO - ------------------------------------- Iteration: 90 -------------------------------------
2021-08-03 14:07:05,977 - deformetrica.core.estimators.gradient_ascent - INFO - >> Log-likelihood = -2.179E+04 	 [ attachment = -2.068E+04 ; regularity = -1.113E+03 ]
2021-08-03 14:07:06,415 - deformetrica.core.estimators.gradient_ascent - INFO - >> Step size and gradient norm: 
2021-08-03 14:07:06,417 - deformetrica.core.estimators.gradient_ascent - INFO - 		3.521E-03   and   1.411E+03 	[ landmark_points ]
2021-08-03 14:07:06,419 - deformetrica.core.estimators.gradient_ascent - INFO - 		4.801E-04   and   3.906E+02 	[ momenta ]
2021-08-03 14:07:07,122 - deformetrica.core.estimators.gradient_ascent - INFO - ------------------------------------- Iteration: 91 -------------------------------------
2021-08-03 14:07:07,124 - deformetrica.core.estimators.gradient_ascent - INFO - >> Log-likelihood = -2.176E+04 	 [ attachment = -2.065E+04 ; regularity = -1.114E+03 ]
2021-08-03 14:07:07,498 - deformetrica.core.estimators.gradient_ascent - INFO - >> Step size and gradient norm: 
2021-08-03 14:07:07,499 - deformetrica.core.estimators.gradient_ascent - INFO - 		1.761E-03   and   1.203E+03 	[ landmark_points ]
2021-08-03 14:07:07,501 - deformetrica.core.estimators.gradient_ascent - INFO - 		4.801E-04   and   3.376E+02 	[ momenta ]
2021-08-03 14:07:07,710 - deformetrica.core.estimators.gradient_ascent - INFO - ------------------------------------- Iteration: 92 -------------------------------------
2021-08-03 14:07:07,712 - deformetrica.core.estimators.gradient_ascent - INFO - >> Log-likelihood = -2.173E+04 	 [ attachment = -2.062E+04 ; regularity = -1.117E+03 ]
2021-08-03 14:07:08,078 - deformetrica.core.estimators.gradient_ascent - INFO - >> Step size and gradient norm: 
2021-08-03 14:07:08,080 - deformetrica.core.estimators.gradient_ascent - INFO - 		2.641E-03   and   1.017E+03 	[ landmark_points ]
2021-08-03 14:07:08,081 - deformetrica.core.estimators.gradient_ascent - INFO - 		7.202E-04   and   2.979E+02 	[ momenta ]
2021-08-03 14:07:08,797 - deformetrica.core.estimators.gradient_ascent - INFO - ------------------------------------- Iteration: 93 -------------------------------------
2021-08-03 14:07:08,799 - deformetrica.core.estimators.gradient_ascent - INFO - >> Log-likelihood = -2.171E+04 	 [ attachment = -2.059E+04 ; regularity = -1.119E+03 ]
2021-08-03 14:07:09,195 - deformetrica.core.estimators.gradient_ascent - INFO - >> Step size and gradient norm: 
2021-08-03 14:07:09,196 - deformetrica.core.estimators.gradient_ascent - INFO - 		1.321E-03   and   1.104E+03 	[ landmark_points ]
2021-08-03 14:07:09,198 - deformetrica.core.estimators.gradient_ascent - INFO - 		7.202E-04   and   3.185E+02 	[ momenta ]
2021-08-03 14:07:09,430 - deformetrica.core.estimators.gradient_ascent - INFO - ------------------------------------- Iteration: 94 -------------------------------------
2021-08-03 14:07:09,431 - deformetrica.core.estimators.gradient_ascent - INFO - >> Log-likelihood = -2.170E+04 	 [ attachment = -2.057E+04 ; regularity = -1.124E+03 ]
2021-08-03 14:07:09,917 - deformetrica.core.estimators.gradient_ascent - INFO - >> Step size and gradient norm: 
2021-08-03 14:07:09,918 - deformetrica.core.estimators.gradient_ascent - INFO - 		1.981E-03   and   1.187E+03 	[ landmark_points ]
2021-08-03 14:07:09,919 - deformetrica.core.estimators.gradient_ascent - INFO - 		1.080E-03   and   3.458E+02 	[ momenta ]
2021-08-03 14:07:10,509 - deformetrica.core.estimators.gradient_ascent - INFO - ------------------------------------- Iteration: 95 -------------------------------------
2021-08-03 14:07:10,511 - deformetrica.core.estimators.gradient_ascent - INFO - >> Log-likelihood = -2.168E+04 	 [ attachment = -2.056E+04 ; regularity = -1.125E+03 ]
2021-08-03 14:07:10,900 - deformetrica.core.estimators.gradient_ascent - INFO - >> Step size and gradient norm: 
2021-08-03 14:07:10,902 - deformetrica.core.estimators.gradient_ascent - INFO - 		1.981E-03   and   1.305E+03 	[ landmark_points ]
2021-08-03 14:07:10,904 - deformetrica.core.estimators.gradient_ascent - INFO - 		5.401E-04   and   3.596E+02 	[ momenta ]
2021-08-03 14:07:11,101 - deformetrica.core.estimators.gradient_ascent - INFO - ------------------------------------- Iteration: 96 -------------------------------------
2021-08-03 14:07:11,102 - deformetrica.core.estimators.gradient_ascent - INFO - >> Log-likelihood = -2.166E+04 	 [ attachment = -2.053E+04 ; regularity = -1.129E+03 ]
2021-08-03 14:07:11,488 - deformetrica.core.estimators.gradient_ascent - INFO - >> Step size and gradient norm: 
2021-08-03 14:07:11,490 - deformetrica.core.estimators.gradient_ascent - INFO - 		2.971E-03   and   1.395E+03 	[ landmark_points ]
2021-08-03 14:07:11,491 - deformetrica.core.estimators.gradient_ascent - INFO - 		8.102E-04   and   3.883E+02 	[ momenta ]
2021-08-03 14:07:12,072 - deformetrica.core.estimators.gradient_ascent - INFO - >> Step size and gradient norm: 
2021-08-03 14:07:12,073 - deformetrica.core.estimators.gradient_ascent - INFO - 		1.486E-03   and   1.395E+03 	[ landmark_points ]
2021-08-03 14:07:12,074 - deformetrica.core.estimators.gradient_ascent - INFO - 		4.051E-04   and   3.883E+02 	[ momenta ]
2021-08-03 14:07:12,269 - deformetrica.core.estimators.gradient_ascent - INFO - ------------------------------------- Iteration: 97 -------------------------------------
2021-08-03 14:07:12,270 - deformetrica.core.estimators.gradient_ascent - INFO - >> Log-likelihood = -2.162E+04 	 [ attachment = -2.049E+04 ; regularity = -1.129E+03 ]
2021-08-03 14:07:12,686 - deformetrica.core.estimators.gradient_ascent - INFO - >> Step size and gradient norm: 
2021-08-03 14:07:12,688 - deformetrica.core.estimators.gradient_ascent - INFO - 		2.228E-03   and   8.070E+02 	[ landmark_points ]
2021-08-03 14:07:12,689 - deformetrica.core.estimators.gradient_ascent - INFO - 		6.077E-04   and   2.404E+02 	[ momenta ]
2021-08-03 14:07:12,888 - deformetrica.core.estimators.gradient_ascent - INFO - ------------------------------------- Iteration: 98 -------------------------------------
2021-08-03 14:07:12,889 - deformetrica.core.estimators.gradient_ascent - INFO - >> Log-likelihood = -2.161E+04 	 [ attachment = -2.048E+04 ; regularity = -1.133E+03 ]
2021-08-03 14:07:13,278 - deformetrica.core.estimators.gradient_ascent - INFO - >> Step size and gradient norm: 
2021-08-03 14:07:13,280 - deformetrica.core.estimators.gradient_ascent - INFO - 		3.343E-03   and   1.055E+03 	[ landmark_points ]
2021-08-03 14:07:13,281 - deformetrica.core.estimators.gradient_ascent - INFO - 		9.115E-04   and   3.044E+02 	[ momenta ]
2021-08-03 14:07:13,966 - deformetrica.core.estimators.gradient_ascent - INFO - >> Step size and gradient norm: 
2021-08-03 14:07:13,967 - deformetrica.core.estimators.gradient_ascent - INFO - 		1.671E-03   and   1.055E+03 	[ landmark_points ]
2021-08-03 14:07:13,969 - deformetrica.core.estimators.gradient_ascent - INFO - 		4.558E-04   and   3.044E+02 	[ momenta ]
2021-08-03 14:07:14,171 - deformetrica.core.estimators.gradient_ascent - INFO - ------------------------------------- Iteration: 99 -------------------------------------
2021-08-03 14:07:14,172 - deformetrica.core.estimators.gradient_ascent - INFO - >> Log-likelihood = -2.158E+04 	 [ attachment = -2.045E+04 ; regularity = -1.134E+03 ]
2021-08-03 14:07:14,535 - deformetrica.core.estimators.gradient_ascent - INFO - >> Step size and gradient norm: 
2021-08-03 14:07:14,536 - deformetrica.core.estimators.gradient_ascent - INFO - 		2.507E-03   and   8.170E+02 	[ landmark_points ]
2021-08-03 14:07:14,565 - deformetrica.core.estimators.gradient_ascent - INFO - 		6.836E-04   and   2.422E+02 	[ momenta ]
2021-08-03 14:07:14,888 - deformetrica.core.estimators.gradient_ascent - INFO - ------------------------------------- Iteration: 100 -------------------------------------
2021-08-03 14:07:14,890 - deformetrica.core.estimators.gradient_ascent - INFO - >> Log-likelihood = -2.157E+04 	 [ attachment = -2.044E+04 ; regularity = -1.138E+03 ]
2021-08-03 14:07:16,178 - root - INFO - >> Estimation took: 01 minutes and 52 seconds
