2021-08-03 16:07:39,929 - root - ERROR - Logger has been set to: INFO
2021-08-03 16:07:39,939 - root - INFO - OMP_NUM_THREADS was not found in environment variables. An automatic value will be set.
2021-08-03 16:07:39,943 - root - INFO - OMP_NUM_THREADS will be set to 2
2021-08-03 16:07:39,945 - root - INFO - >> No specified state-file. By default, Deformetrica state will by saved in file: output/deformetrica-state.p.
2021-08-03 16:07:39,951 - root - INFO - >> Removing the pre-existing state file with same path.
2021-08-03 16:07:39,974 - deformetrica.core.models.model_functions - INFO - >> Reading 200 initial control points from file images/mask_initial_control_points/mask_03_initial_control_points.txt.
2021-08-03 16:07:39,975 - deformetrica.core.models.model_functions - INFO - >> Momenta initialized to zero, for 5 subjects.
2021-08-03 16:07:39,976 - root - INFO - >> Started estimator: GradientAscent
2021-08-03 16:07:40,631 - deformetrica.core.estimators.gradient_ascent - INFO - ------------------------------------- Iteration: 0 -------------------------------------
2021-08-03 16:07:40,632 - deformetrica.core.estimators.gradient_ascent - INFO - >> Log-likelihood = -4.522E+06 	 [ attachment = -4.522E+06 ; regularity = 0.000E+00 ]
2021-08-03 16:07:40,633 - deformetrica.core.estimators.gradient_ascent - INFO - >> Step size and gradient norm: 
2021-08-03 16:07:40,636 - deformetrica.core.estimators.gradient_ascent - INFO - 		4.203E-06   and   2.379E+05 	[ landmark_points ]
2021-08-03 16:07:40,637 - deformetrica.core.estimators.gradient_ascent - INFO - 		1.212E-05   and   8.253E+04 	[ momenta ]
2021-08-03 16:07:40,983 - deformetrica.core.estimators.gradient_ascent - INFO - ------------------------------------- Iteration: 1 -------------------------------------
2021-08-03 16:07:40,984 - deformetrica.core.estimators.gradient_ascent - INFO - >> Log-likelihood = -4.398E+06 	 [ attachment = -4.398E+06 ; regularity = -1.777E+00 ]
2021-08-03 16:07:41,566 - deformetrica.core.estimators.gradient_ascent - INFO - >> Step size and gradient norm: 
2021-08-03 16:07:41,567 - deformetrica.core.estimators.gradient_ascent - INFO - 		6.304E-06   and   2.307E+05 	[ landmark_points ]
2021-08-03 16:07:41,568 - deformetrica.core.estimators.gradient_ascent - INFO - 		1.818E-05   and   8.093E+04 	[ momenta ]
2021-08-03 16:07:41,924 - deformetrica.core.estimators.gradient_ascent - INFO - ------------------------------------- Iteration: 2 -------------------------------------
2021-08-03 16:07:41,925 - deformetrica.core.estimators.gradient_ascent - INFO - >> Log-likelihood = -4.221E+06 	 [ attachment = -4.221E+06 ; regularity = -1.084E+01 ]
2021-08-03 16:07:42,513 - deformetrica.core.estimators.gradient_ascent - INFO - >> Step size and gradient norm: 
2021-08-03 16:07:42,514 - deformetrica.core.estimators.gradient_ascent - INFO - 		9.456E-06   and   2.199E+05 	[ landmark_points ]
2021-08-03 16:07:42,516 - deformetrica.core.estimators.gradient_ascent - INFO - 		2.726E-05   and   7.857E+04 	[ momenta ]
2021-08-03 16:07:42,874 - deformetrica.core.estimators.gradient_ascent - INFO - ------------------------------------- Iteration: 3 -------------------------------------
2021-08-03 16:07:42,875 - deformetrica.core.estimators.gradient_ascent - INFO - >> Log-likelihood = -3.974E+06 	 [ attachment = -3.974E+06 ; regularity = -3.777E+01 ]
2021-08-03 16:07:43,497 - deformetrica.core.estimators.gradient_ascent - INFO - >> Step size and gradient norm: 
2021-08-03 16:07:43,498 - deformetrica.core.estimators.gradient_ascent - INFO - 		1.418E-05   and   2.041E+05 	[ landmark_points ]
2021-08-03 16:07:43,499 - deformetrica.core.estimators.gradient_ascent - INFO - 		4.090E-05   and   7.511E+04 	[ momenta ]
2021-08-03 16:07:43,863 - deformetrica.core.estimators.gradient_ascent - INFO - ------------------------------------- Iteration: 4 -------------------------------------
2021-08-03 16:07:43,864 - deformetrica.core.estimators.gradient_ascent - INFO - >> Log-likelihood = -3.645E+06 	 [ attachment = -3.645E+06 ; regularity = -1.047E+02 ]
2021-08-03 16:07:44,473 - deformetrica.core.estimators.gradient_ascent - INFO - >> Step size and gradient norm: 
2021-08-03 16:07:44,475 - deformetrica.core.estimators.gradient_ascent - INFO - 		2.128E-05   and   1.818E+05 	[ landmark_points ]
2021-08-03 16:07:44,476 - deformetrica.core.estimators.gradient_ascent - INFO - 		6.135E-05   and   7.012E+04 	[ momenta ]
2021-08-03 16:07:44,823 - deformetrica.core.estimators.gradient_ascent - INFO - ------------------------------------- Iteration: 5 -------------------------------------
2021-08-03 16:07:44,824 - deformetrica.core.estimators.gradient_ascent - INFO - >> Log-likelihood = -3.233E+06 	 [ attachment = -3.233E+06 ; regularity = -2.540E+02 ]
2021-08-03 16:07:45,421 - deformetrica.core.estimators.gradient_ascent - INFO - >> Step size and gradient norm: 
2021-08-03 16:07:45,422 - deformetrica.core.estimators.gradient_ascent - INFO - 		3.191E-05   and   1.515E+05 	[ landmark_points ]
2021-08-03 16:07:45,452 - deformetrica.core.estimators.gradient_ascent - INFO - 		9.202E-05   and   6.320E+04 	[ momenta ]
2021-08-03 16:07:45,883 - deformetrica.core.estimators.gradient_ascent - INFO - ------------------------------------- Iteration: 6 -------------------------------------
2021-08-03 16:07:45,884 - deformetrica.core.estimators.gradient_ascent - INFO - >> Log-likelihood = -2.760E+06 	 [ attachment = -2.759E+06 ; regularity = -5.569E+02 ]
2021-08-03 16:07:46,428 - deformetrica.core.estimators.gradient_ascent - INFO - >> Step size and gradient norm: 
2021-08-03 16:07:46,429 - deformetrica.core.estimators.gradient_ascent - INFO - 		4.787E-05   and   1.141E+05 	[ landmark_points ]
2021-08-03 16:07:46,432 - deformetrica.core.estimators.gradient_ascent - INFO - 		1.380E-04   and   5.417E+04 	[ momenta ]
2021-08-03 16:07:46,782 - deformetrica.core.estimators.gradient_ascent - INFO - ------------------------------------- Iteration: 7 -------------------------------------
2021-08-03 16:07:46,783 - deformetrica.core.estimators.gradient_ascent - INFO - >> Log-likelihood = -2.277E+06 	 [ attachment = -2.276E+06 ; regularity = -1.110E+03 ]
2021-08-03 16:07:47,319 - deformetrica.core.estimators.gradient_ascent - INFO - >> Step size and gradient norm: 
2021-08-03 16:07:47,320 - deformetrica.core.estimators.gradient_ascent - INFO - 		7.181E-05   and   7.534E+04 	[ landmark_points ]
2021-08-03 16:07:47,321 - deformetrica.core.estimators.gradient_ascent - INFO - 		2.070E-04   and   4.354E+04 	[ momenta ]
2021-08-03 16:07:47,696 - deformetrica.core.estimators.gradient_ascent - INFO - ------------------------------------- Iteration: 8 -------------------------------------
2021-08-03 16:07:47,697 - deformetrica.core.estimators.gradient_ascent - INFO - >> Log-likelihood = -1.849E+06 	 [ attachment = -1.847E+06 ; regularity = -1.991E+03 ]
2021-08-03 16:07:48,248 - deformetrica.core.estimators.gradient_ascent - INFO - >> Step size and gradient norm: 
2021-08-03 16:07:48,249 - deformetrica.core.estimators.gradient_ascent - INFO - 		1.077E-04   and   4.547E+04 	[ landmark_points ]
2021-08-03 16:07:48,250 - deformetrica.core.estimators.gradient_ascent - INFO - 		3.106E-04   and   3.248E+04 	[ momenta ]
2021-08-03 16:07:48,608 - deformetrica.core.estimators.gradient_ascent - INFO - ------------------------------------- Iteration: 9 -------------------------------------
2021-08-03 16:07:48,609 - deformetrica.core.estimators.gradient_ascent - INFO - >> Log-likelihood = -1.519E+06 	 [ attachment = -1.515E+06 ; regularity = -3.179E+03 ]
2021-08-03 16:07:49,175 - deformetrica.core.estimators.gradient_ascent - INFO - >> Step size and gradient norm: 
2021-08-03 16:07:49,176 - deformetrica.core.estimators.gradient_ascent - INFO - 		1.616E-04   and   3.021E+04 	[ landmark_points ]
2021-08-03 16:07:49,177 - deformetrica.core.estimators.gradient_ascent - INFO - 		4.658E-04   and   2.218E+04 	[ momenta ]
2021-08-03 16:07:49,509 - deformetrica.core.estimators.gradient_ascent - INFO - ------------------------------------- Iteration: 10 -------------------------------------
2021-08-03 16:07:49,510 - deformetrica.core.estimators.gradient_ascent - INFO - >> Log-likelihood = -1.288E+06 	 [ attachment = -1.284E+06 ; regularity = -4.459E+03 ]
2021-08-03 16:07:50,097 - deformetrica.core.estimators.gradient_ascent - INFO - >> Step size and gradient norm: 
2021-08-03 16:07:50,099 - deformetrica.core.estimators.gradient_ascent - INFO - 		2.423E-04   and   2.484E+04 	[ landmark_points ]
2021-08-03 16:07:50,100 - deformetrica.core.estimators.gradient_ascent - INFO - 		6.988E-04   and   1.551E+04 	[ momenta ]
2021-08-03 16:07:50,481 - deformetrica.core.estimators.gradient_ascent - INFO - ------------------------------------- Iteration: 11 -------------------------------------
2021-08-03 16:07:50,482 - deformetrica.core.estimators.gradient_ascent - INFO - >> Log-likelihood = -1.111E+06 	 [ attachment = -1.105E+06 ; regularity = -5.656E+03 ]
2021-08-03 16:07:51,099 - deformetrica.core.estimators.gradient_ascent - INFO - >> Step size and gradient norm: 
2021-08-03 16:07:51,100 - deformetrica.core.estimators.gradient_ascent - INFO - 		3.635E-04   and   2.569E+04 	[ landmark_points ]
2021-08-03 16:07:51,101 - deformetrica.core.estimators.gradient_ascent - INFO - 		1.048E-03   and   1.402E+04 	[ momenta ]
2021-08-03 16:07:51,445 - deformetrica.core.estimators.gradient_ascent - INFO - ------------------------------------- Iteration: 12 -------------------------------------
2021-08-03 16:07:51,445 - deformetrica.core.estimators.gradient_ascent - INFO - >> Log-likelihood = -1.086E+06 	 [ attachment = -1.078E+06 ; regularity = -7.439E+03 ]
2021-08-03 16:07:51,987 - deformetrica.core.estimators.gradient_ascent - INFO - >> Step size and gradient norm: 
2021-08-03 16:07:51,988 - deformetrica.core.estimators.gradient_ascent - INFO - 		5.453E-04   and   6.041E+04 	[ landmark_points ]
2021-08-03 16:07:51,989 - deformetrica.core.estimators.gradient_ascent - INFO - 		1.572E-03   and   2.828E+04 	[ momenta ]
2021-08-03 16:07:52,963 - deformetrica.core.estimators.gradient_ascent - INFO - >> Step size and gradient norm: 
2021-08-03 16:07:52,964 - deformetrica.core.estimators.gradient_ascent - INFO - 		2.726E-04   and   6.041E+04 	[ landmark_points ]
2021-08-03 16:07:52,965 - deformetrica.core.estimators.gradient_ascent - INFO - 		7.861E-04   and   2.828E+04 	[ momenta ]
2021-08-03 16:07:53,962 - deformetrica.core.estimators.gradient_ascent - INFO - ------------------------------------- Iteration: 13 -------------------------------------
2021-08-03 16:07:53,963 - deformetrica.core.estimators.gradient_ascent - INFO - >> Log-likelihood = -1.075E+06 	 [ attachment = -1.067E+06 ; regularity = -8.310E+03 ]
2021-08-03 16:07:54,526 - deformetrica.core.estimators.gradient_ascent - INFO - >> Step size and gradient norm: 
2021-08-03 16:07:54,527 - deformetrica.core.estimators.gradient_ascent - INFO - 		1.363E-04   and   7.013E+04 	[ landmark_points ]
2021-08-03 16:07:54,529 - deformetrica.core.estimators.gradient_ascent - INFO - 		7.861E-04   and   3.140E+04 	[ momenta ]
2021-08-03 16:07:55,580 - deformetrica.core.estimators.gradient_ascent - INFO - ------------------------------------- Iteration: 14 -------------------------------------
2021-08-03 16:07:55,581 - deformetrica.core.estimators.gradient_ascent - INFO - >> Log-likelihood = -9.752E+05 	 [ attachment = -9.667E+05 ; regularity = -8.487E+03 ]
2021-08-03 16:07:56,138 - deformetrica.core.estimators.gradient_ascent - INFO - >> Step size and gradient norm: 
2021-08-03 16:07:56,139 - deformetrica.core.estimators.gradient_ascent - INFO - 		1.363E-04   and   4.971E+04 	[ landmark_points ]
2021-08-03 16:07:56,141 - deformetrica.core.estimators.gradient_ascent - INFO - 		3.931E-04   and   2.976E+04 	[ momenta ]
2021-08-03 16:07:56,488 - deformetrica.core.estimators.gradient_ascent - INFO - ------------------------------------- Iteration: 15 -------------------------------------
2021-08-03 16:07:56,489 - deformetrica.core.estimators.gradient_ascent - INFO - >> Log-likelihood = -8.901E+05 	 [ attachment = -8.812E+05 ; regularity = -8.955E+03 ]
2021-08-03 16:07:57,065 - deformetrica.core.estimators.gradient_ascent - INFO - >> Step size and gradient norm: 
2021-08-03 16:07:57,067 - deformetrica.core.estimators.gradient_ascent - INFO - 		2.045E-04   and   5.471E+04 	[ landmark_points ]
2021-08-03 16:07:57,068 - deformetrica.core.estimators.gradient_ascent - INFO - 		5.896E-04   and   2.852E+04 	[ momenta ]
2021-08-03 16:07:58,061 - deformetrica.core.estimators.gradient_ascent - INFO - >> Step size and gradient norm: 
2021-08-03 16:07:58,062 - deformetrica.core.estimators.gradient_ascent - INFO - 		1.022E-04   and   5.471E+04 	[ landmark_points ]
2021-08-03 16:07:58,063 - deformetrica.core.estimators.gradient_ascent - INFO - 		2.948E-04   and   2.852E+04 	[ momenta ]
2021-08-03 16:07:58,398 - deformetrica.core.estimators.gradient_ascent - INFO - ------------------------------------- Iteration: 16 -------------------------------------
2021-08-03 16:07:58,399 - deformetrica.core.estimators.gradient_ascent - INFO - >> Log-likelihood = -7.909E+05 	 [ attachment = -7.818E+05 ; regularity = -9.135E+03 ]
2021-08-03 16:07:58,950 - deformetrica.core.estimators.gradient_ascent - INFO - >> Step size and gradient norm: 
2021-08-03 16:07:58,952 - deformetrica.core.estimators.gradient_ascent - INFO - 		1.534E-04   and   4.776E+04 	[ landmark_points ]
2021-08-03 16:07:58,953 - deformetrica.core.estimators.gradient_ascent - INFO - 		4.422E-04   and   2.246E+04 	[ momenta ]
2021-08-03 16:07:59,990 - deformetrica.core.estimators.gradient_ascent - INFO - ------------------------------------- Iteration: 17 -------------------------------------
2021-08-03 16:07:59,992 - deformetrica.core.estimators.gradient_ascent - INFO - >> Log-likelihood = -7.671E+05 	 [ attachment = -7.577E+05 ; regularity = -9.340E+03 ]
2021-08-03 16:08:00,684 - deformetrica.core.estimators.gradient_ascent - INFO - >> Step size and gradient norm: 
2021-08-03 16:08:00,686 - deformetrica.core.estimators.gradient_ascent - INFO - 		1.534E-04   and   5.803E+04 	[ landmark_points ]
2021-08-03 16:08:00,687 - deformetrica.core.estimators.gradient_ascent - INFO - 		2.211E-04   and   2.336E+04 	[ momenta ]
2021-08-03 16:08:01,684 - deformetrica.core.estimators.gradient_ascent - INFO - ------------------------------------- Iteration: 18 -------------------------------------
2021-08-03 16:08:01,685 - deformetrica.core.estimators.gradient_ascent - INFO - >> Log-likelihood = -7.034E+05 	 [ attachment = -6.939E+05 ; regularity = -9.546E+03 ]
2021-08-03 16:08:02,253 - deformetrica.core.estimators.gradient_ascent - INFO - >> Step size and gradient norm: 
2021-08-03 16:08:02,254 - deformetrica.core.estimators.gradient_ascent - INFO - 		7.668E-05   and   3.331E+04 	[ landmark_points ]
2021-08-03 16:08:02,255 - deformetrica.core.estimators.gradient_ascent - INFO - 		2.211E-04   and   1.588E+04 	[ momenta ]
2021-08-03 16:08:02,594 - deformetrica.core.estimators.gradient_ascent - INFO - ------------------------------------- Iteration: 19 -------------------------------------
2021-08-03 16:08:02,595 - deformetrica.core.estimators.gradient_ascent - INFO - >> Log-likelihood = -6.741E+05 	 [ attachment = -6.644E+05 ; regularity = -9.706E+03 ]
2021-08-03 16:08:03,158 - deformetrica.core.estimators.gradient_ascent - INFO - >> Step size and gradient norm: 
2021-08-03 16:08:03,159 - deformetrica.core.estimators.gradient_ascent - INFO - 		1.150E-04   and   2.414E+04 	[ landmark_points ]
2021-08-03 16:08:03,160 - deformetrica.core.estimators.gradient_ascent - INFO - 		3.316E-04   and   1.138E+04 	[ momenta ]
2021-08-03 16:08:03,527 - deformetrica.core.estimators.gradient_ascent - INFO - ------------------------------------- Iteration: 20 -------------------------------------
2021-08-03 16:08:03,528 - deformetrica.core.estimators.gradient_ascent - INFO - >> Log-likelihood = -6.660E+05 	 [ attachment = -6.560E+05 ; regularity = -9.971E+03 ]
2021-08-03 16:08:04,077 - deformetrica.core.estimators.gradient_ascent - INFO - >> Step size and gradient norm: 
2021-08-03 16:08:04,079 - deformetrica.core.estimators.gradient_ascent - INFO - 		1.725E-04   and   3.384E+04 	[ landmark_points ]
2021-08-03 16:08:04,081 - deformetrica.core.estimators.gradient_ascent - INFO - 		4.975E-04   and   1.518E+04 	[ momenta ]
2021-08-03 16:08:05,050 - deformetrica.core.estimators.gradient_ascent - INFO - >> Step size and gradient norm: 
2021-08-03 16:08:05,052 - deformetrica.core.estimators.gradient_ascent - INFO - 		8.627E-05   and   3.384E+04 	[ landmark_points ]
2021-08-03 16:08:05,081 - deformetrica.core.estimators.gradient_ascent - INFO - 		2.487E-04   and   1.518E+04 	[ momenta ]
2021-08-03 16:08:05,473 - deformetrica.core.estimators.gradient_ascent - INFO - ------------------------------------- Iteration: 21 -------------------------------------
2021-08-03 16:08:05,474 - deformetrica.core.estimators.gradient_ascent - INFO - >> Log-likelihood = -6.505E+05 	 [ attachment = -6.404E+05 ; regularity = -1.011E+04 ]
2021-08-03 16:08:06,029 - deformetrica.core.estimators.gradient_ascent - INFO - >> Step size and gradient norm: 
2021-08-03 16:08:06,030 - deformetrica.core.estimators.gradient_ascent - INFO - 		1.294E-04   and   3.131E+04 	[ landmark_points ]
2021-08-03 16:08:06,031 - deformetrica.core.estimators.gradient_ascent - INFO - 		3.731E-04   and   1.372E+04 	[ momenta ]
2021-08-03 16:08:07,022 - deformetrica.core.estimators.gradient_ascent - INFO - ------------------------------------- Iteration: 22 -------------------------------------
2021-08-03 16:08:07,023 - deformetrica.core.estimators.gradient_ascent - INFO - >> Log-likelihood = -6.421E+05 	 [ attachment = -6.319E+05 ; regularity = -1.023E+04 ]
2021-08-03 16:08:07,564 - deformetrica.core.estimators.gradient_ascent - INFO - >> Step size and gradient norm: 
2021-08-03 16:08:07,565 - deformetrica.core.estimators.gradient_ascent - INFO - 		1.294E-04   and   3.353E+04 	[ landmark_points ]
2021-08-03 16:08:07,566 - deformetrica.core.estimators.gradient_ascent - INFO - 		1.865E-04   and   1.334E+04 	[ momenta ]
2021-08-03 16:08:07,902 - deformetrica.core.estimators.gradient_ascent - INFO - ------------------------------------- Iteration: 23 -------------------------------------
2021-08-03 16:08:07,903 - deformetrica.core.estimators.gradient_ascent - INFO - >> Log-likelihood = -6.356E+05 	 [ attachment = -6.253E+05 ; regularity = -1.033E+04 ]
2021-08-03 16:08:08,479 - deformetrica.core.estimators.gradient_ascent - INFO - >> Step size and gradient norm: 
2021-08-03 16:08:08,480 - deformetrica.core.estimators.gradient_ascent - INFO - 		1.941E-04   and   3.556E+04 	[ landmark_points ]
2021-08-03 16:08:08,481 - deformetrica.core.estimators.gradient_ascent - INFO - 		2.798E-04   and   1.394E+04 	[ momenta ]
2021-08-03 16:08:09,454 - deformetrica.core.estimators.gradient_ascent - INFO - ------------------------------------- Iteration: 24 -------------------------------------
2021-08-03 16:08:09,455 - deformetrica.core.estimators.gradient_ascent - INFO - >> Log-likelihood = -6.332E+05 	 [ attachment = -6.226E+05 ; regularity = -1.052E+04 ]
2021-08-03 16:08:09,996 - deformetrica.core.estimators.gradient_ascent - INFO - >> Step size and gradient norm: 
2021-08-03 16:08:09,998 - deformetrica.core.estimators.gradient_ascent - INFO - 		9.705E-05   and   3.805E+04 	[ landmark_points ]
2021-08-03 16:08:09,999 - deformetrica.core.estimators.gradient_ascent - INFO - 		2.798E-04   and   1.643E+04 	[ momenta ]
2021-08-03 16:08:11,004 - deformetrica.core.estimators.gradient_ascent - INFO - ------------------------------------- Iteration: 25 -------------------------------------
2021-08-03 16:08:11,005 - deformetrica.core.estimators.gradient_ascent - INFO - >> Log-likelihood = -6.089E+05 	 [ attachment = -5.984E+05 ; regularity = -1.057E+04 ]
2021-08-03 16:08:11,675 - deformetrica.core.estimators.gradient_ascent - INFO - >> Step size and gradient norm: 
2021-08-03 16:08:11,676 - deformetrica.core.estimators.gradient_ascent - INFO - 		9.705E-05   and   2.373E+04 	[ landmark_points ]
2021-08-03 16:08:11,678 - deformetrica.core.estimators.gradient_ascent - INFO - 		1.399E-04   and   9.309E+03 	[ momenta ]
2021-08-03 16:08:12,012 - deformetrica.core.estimators.gradient_ascent - INFO - ------------------------------------- Iteration: 26 -------------------------------------
2021-08-03 16:08:12,013 - deformetrica.core.estimators.gradient_ascent - INFO - >> Log-likelihood = -5.985E+05 	 [ attachment = -5.878E+05 ; regularity = -1.065E+04 ]
2021-08-03 16:08:12,569 - deformetrica.core.estimators.gradient_ascent - INFO - >> Step size and gradient norm: 
2021-08-03 16:08:12,570 - deformetrica.core.estimators.gradient_ascent - INFO - 		1.456E-04   and   1.376E+04 	[ landmark_points ]
2021-08-03 16:08:12,572 - deformetrica.core.estimators.gradient_ascent - INFO - 		2.099E-04   and   7.023E+03 	[ momenta ]
2021-08-03 16:08:12,895 - deformetrica.core.estimators.gradient_ascent - INFO - ------------------------------------- Iteration: 27 -------------------------------------
2021-08-03 16:08:12,896 - deformetrica.core.estimators.gradient_ascent - INFO - >> Log-likelihood = -5.941E+05 	 [ attachment = -5.834E+05 ; regularity = -1.075E+04 ]
2021-08-03 16:08:13,441 - deformetrica.core.estimators.gradient_ascent - INFO - >> Step size and gradient norm: 
2021-08-03 16:08:13,442 - deformetrica.core.estimators.gradient_ascent - INFO - 		2.184E-04   and   2.017E+04 	[ landmark_points ]
2021-08-03 16:08:13,443 - deformetrica.core.estimators.gradient_ascent - INFO - 		3.148E-04   and   8.481E+03 	[ momenta ]
2021-08-03 16:08:14,437 - deformetrica.core.estimators.gradient_ascent - INFO - ------------------------------------- Iteration: 28 -------------------------------------
2021-08-03 16:08:14,438 - deformetrica.core.estimators.gradient_ascent - INFO - >> Log-likelihood = -5.930E+05 	 [ attachment = -5.821E+05 ; regularity = -1.093E+04 ]
2021-08-03 16:08:14,980 - deformetrica.core.estimators.gradient_ascent - INFO - >> Step size and gradient norm: 
2021-08-03 16:08:14,982 - deformetrica.core.estimators.gradient_ascent - INFO - 		1.092E-04   and   2.777E+04 	[ landmark_points ]
2021-08-03 16:08:14,983 - deformetrica.core.estimators.gradient_ascent - INFO - 		3.148E-04   and   1.185E+04 	[ momenta ]
2021-08-03 16:08:15,970 - deformetrica.core.estimators.gradient_ascent - INFO - ------------------------------------- Iteration: 29 -------------------------------------
2021-08-03 16:08:15,971 - deformetrica.core.estimators.gradient_ascent - INFO - >> Log-likelihood = -5.839E+05 	 [ attachment = -5.729E+05 ; regularity = -1.099E+04 ]
2021-08-03 16:08:16,530 - deformetrica.core.estimators.gradient_ascent - INFO - >> Step size and gradient norm: 
2021-08-03 16:08:16,531 - deformetrica.core.estimators.gradient_ascent - INFO - 		1.092E-04   and   2.515E+04 	[ landmark_points ]
2021-08-03 16:08:16,532 - deformetrica.core.estimators.gradient_ascent - INFO - 		1.574E-04   and   9.732E+03 	[ momenta ]
2021-08-03 16:08:16,868 - deformetrica.core.estimators.gradient_ascent - INFO - ------------------------------------- Iteration: 30 -------------------------------------
2021-08-03 16:08:16,869 - deformetrica.core.estimators.gradient_ascent - INFO - >> Log-likelihood = -5.760E+05 	 [ attachment = -5.649E+05 ; regularity = -1.108E+04 ]
2021-08-03 16:08:17,415 - deformetrica.core.estimators.gradient_ascent - INFO - >> Step size and gradient norm: 
2021-08-03 16:08:17,416 - deformetrica.core.estimators.gradient_ascent - INFO - 		1.638E-04   and   2.125E+04 	[ landmark_points ]
2021-08-03 16:08:17,417 - deformetrica.core.estimators.gradient_ascent - INFO - 		2.361E-04   and   8.761E+03 	[ momenta ]
2021-08-03 16:08:18,417 - deformetrica.core.estimators.gradient_ascent - INFO - ------------------------------------- Iteration: 31 -------------------------------------
2021-08-03 16:08:18,418 - deformetrica.core.estimators.gradient_ascent - INFO - >> Log-likelihood = -5.689E+05 	 [ attachment = -5.577E+05 ; regularity = -1.117E+04 ]
2021-08-03 16:08:18,971 - deformetrica.core.estimators.gradient_ascent - INFO - >> Step size and gradient norm: 
2021-08-03 16:08:18,972 - deformetrica.core.estimators.gradient_ascent - INFO - 		8.188E-05   and   1.846E+04 	[ landmark_points ]
2021-08-03 16:08:18,973 - deformetrica.core.estimators.gradient_ascent - INFO - 		2.361E-04   and   8.409E+03 	[ momenta ]
2021-08-03 16:08:19,327 - deformetrica.core.estimators.gradient_ascent - INFO - ------------------------------------- Iteration: 32 -------------------------------------
2021-08-03 16:08:19,328 - deformetrica.core.estimators.gradient_ascent - INFO - >> Log-likelihood = -5.613E+05 	 [ attachment = -5.501E+05 ; regularity = -1.129E+04 ]
2021-08-03 16:08:19,865 - deformetrica.core.estimators.gradient_ascent - INFO - >> Step size and gradient norm: 
2021-08-03 16:08:19,866 - deformetrica.core.estimators.gradient_ascent - INFO - 		1.228E-04   and   1.691E+04 	[ landmark_points ]
2021-08-03 16:08:19,867 - deformetrica.core.estimators.gradient_ascent - INFO - 		3.541E-04   and   7.730E+03 	[ momenta ]
2021-08-03 16:08:20,833 - deformetrica.core.estimators.gradient_ascent - INFO - ------------------------------------- Iteration: 33 -------------------------------------
2021-08-03 16:08:20,834 - deformetrica.core.estimators.gradient_ascent - INFO - >> Log-likelihood = -5.561E+05 	 [ attachment = -5.446E+05 ; regularity = -1.144E+04 ]
2021-08-03 16:08:21,393 - deformetrica.core.estimators.gradient_ascent - INFO - >> Step size and gradient norm: 
2021-08-03 16:08:21,395 - deformetrica.core.estimators.gradient_ascent - INFO - 		6.141E-05   and   1.875E+04 	[ landmark_points ]
2021-08-03 16:08:21,396 - deformetrica.core.estimators.gradient_ascent - INFO - 		3.541E-04   and   9.443E+03 	[ momenta ]
2021-08-03 16:08:21,732 - deformetrica.core.estimators.gradient_ascent - INFO - ------------------------------------- Iteration: 34 -------------------------------------
2021-08-03 16:08:21,733 - deformetrica.core.estimators.gradient_ascent - INFO - >> Log-likelihood = -5.529E+05 	 [ attachment = -5.413E+05 ; regularity = -1.162E+04 ]
2021-08-03 16:08:22,372 - deformetrica.core.estimators.gradient_ascent - INFO - >> Step size and gradient norm: 
2021-08-03 16:08:22,373 - deformetrica.core.estimators.gradient_ascent - INFO - 		9.212E-05   and   2.346E+04 	[ landmark_points ]
2021-08-03 16:08:22,374 - deformetrica.core.estimators.gradient_ascent - INFO - 		5.312E-04   and   1.157E+04 	[ momenta ]
2021-08-03 16:08:23,612 - deformetrica.core.estimators.gradient_ascent - INFO - ------------------------------------- Iteration: 35 -------------------------------------
2021-08-03 16:08:23,614 - deformetrica.core.estimators.gradient_ascent - INFO - >> Log-likelihood = -5.495E+05 	 [ attachment = -5.378E+05 ; regularity = -1.172E+04 ]
2021-08-03 16:08:24,212 - deformetrica.core.estimators.gradient_ascent - INFO - >> Step size and gradient norm: 
2021-08-03 16:08:24,213 - deformetrica.core.estimators.gradient_ascent - INFO - 		9.212E-05   and   2.801E+04 	[ landmark_points ]
2021-08-03 16:08:24,215 - deformetrica.core.estimators.gradient_ascent - INFO - 		2.656E-04   and   1.247E+04 	[ momenta ]
2021-08-03 16:08:24,580 - deformetrica.core.estimators.gradient_ascent - INFO - ------------------------------------- Iteration: 36 -------------------------------------
2021-08-03 16:08:24,581 - deformetrica.core.estimators.gradient_ascent - INFO - >> Log-likelihood = -5.471E+05 	 [ attachment = -5.353E+05 ; regularity = -1.187E+04 ]
2021-08-03 16:08:25,205 - deformetrica.core.estimators.gradient_ascent - INFO - >> Step size and gradient norm: 
2021-08-03 16:08:25,206 - deformetrica.core.estimators.gradient_ascent - INFO - 		1.382E-04   and   3.180E+04 	[ landmark_points ]
2021-08-03 16:08:25,207 - deformetrica.core.estimators.gradient_ascent - INFO - 		3.984E-04   and   1.381E+04 	[ momenta ]
2021-08-03 16:08:26,358 - deformetrica.core.estimators.gradient_ascent - INFO - >> Step size and gradient norm: 
2021-08-03 16:08:26,359 - deformetrica.core.estimators.gradient_ascent - INFO - 		6.909E-05   and   3.180E+04 	[ landmark_points ]
2021-08-03 16:08:26,360 - deformetrica.core.estimators.gradient_ascent - INFO - 		1.992E-04   and   1.381E+04 	[ momenta ]
2021-08-03 16:08:26,769 - deformetrica.core.estimators.gradient_ascent - INFO - ------------------------------------- Iteration: 37 -------------------------------------
2021-08-03 16:08:26,771 - deformetrica.core.estimators.gradient_ascent - INFO - >> Log-likelihood = -5.298E+05 	 [ attachment = -5.178E+05 ; regularity = -1.194E+04 ]
2021-08-03 16:08:27,583 - deformetrica.core.estimators.gradient_ascent - INFO - >> Step size and gradient norm: 
2021-08-03 16:08:27,585 - deformetrica.core.estimators.gradient_ascent - INFO - 		1.036E-04   and   2.020E+04 	[ landmark_points ]
2021-08-03 16:08:27,586 - deformetrica.core.estimators.gradient_ascent - INFO - 		2.988E-04   and   9.126E+03 	[ momenta ]
2021-08-03 16:08:28,003 - deformetrica.core.estimators.gradient_ascent - INFO - ------------------------------------- Iteration: 38 -------------------------------------
2021-08-03 16:08:28,004 - deformetrica.core.estimators.gradient_ascent - INFO - >> Log-likelihood = -5.292E+05 	 [ attachment = -5.171E+05 ; regularity = -1.210E+04 ]
2021-08-03 16:08:28,543 - deformetrica.core.estimators.gradient_ascent - INFO - >> Step size and gradient norm: 
2021-08-03 16:08:28,544 - deformetrica.core.estimators.gradient_ascent - INFO - 		1.555E-04   and   2.833E+04 	[ landmark_points ]
2021-08-03 16:08:28,545 - deformetrica.core.estimators.gradient_ascent - INFO - 		4.482E-04   and   1.202E+04 	[ momenta ]
2021-08-03 16:08:29,595 - deformetrica.core.estimators.gradient_ascent - INFO - >> Step size and gradient norm: 
2021-08-03 16:08:29,596 - deformetrica.core.estimators.gradient_ascent - INFO - 		7.773E-05   and   2.833E+04 	[ landmark_points ]
2021-08-03 16:08:29,597 - deformetrica.core.estimators.gradient_ascent - INFO - 		2.241E-04   and   1.202E+04 	[ momenta ]
2021-08-03 16:08:29,928 - deformetrica.core.estimators.gradient_ascent - INFO - ------------------------------------- Iteration: 39 -------------------------------------
2021-08-03 16:08:29,929 - deformetrica.core.estimators.gradient_ascent - INFO - >> Log-likelihood = -5.188E+05 	 [ attachment = -5.066E+05 ; regularity = -1.218E+04 ]
2021-08-03 16:08:30,470 - deformetrica.core.estimators.gradient_ascent - INFO - >> Step size and gradient norm: 
2021-08-03 16:08:30,472 - deformetrica.core.estimators.gradient_ascent - INFO - 		1.166E-04   and   2.344E+04 	[ landmark_points ]
2021-08-03 16:08:30,473 - deformetrica.core.estimators.gradient_ascent - INFO - 		3.362E-04   and   1.021E+04 	[ momenta ]
2021-08-03 16:08:31,555 - deformetrica.core.estimators.gradient_ascent - INFO - ------------------------------------- Iteration: 40 -------------------------------------
2021-08-03 16:08:31,556 - deformetrica.core.estimators.gradient_ascent - INFO - >> Log-likelihood = -5.124E+05 	 [ attachment = -5.001E+05 ; regularity = -1.237E+04 ]
2021-08-03 16:08:32,090 - deformetrica.core.estimators.gradient_ascent - INFO - >> Step size and gradient norm: 
2021-08-03 16:08:32,091 - deformetrica.core.estimators.gradient_ascent - INFO - 		5.829E-05   and   2.366E+04 	[ landmark_points ]
2021-08-03 16:08:32,120 - deformetrica.core.estimators.gradient_ascent - INFO - 		3.362E-04   and   1.148E+04 	[ momenta ]
2021-08-03 16:08:32,535 - deformetrica.core.estimators.gradient_ascent - INFO - ------------------------------------- Iteration: 41 -------------------------------------
2021-08-03 16:08:32,536 - deformetrica.core.estimators.gradient_ascent - INFO - >> Log-likelihood = -5.083E+05 	 [ attachment = -4.958E+05 ; regularity = -1.249E+04 ]
2021-08-03 16:08:33,073 - deformetrica.core.estimators.gradient_ascent - INFO - >> Step size and gradient norm: 
2021-08-03 16:08:33,074 - deformetrica.core.estimators.gradient_ascent - INFO - 		8.744E-05   and   2.622E+04 	[ landmark_points ]
2021-08-03 16:08:33,075 - deformetrica.core.estimators.gradient_ascent - INFO - 		5.042E-04   and   1.299E+04 	[ momenta ]
2021-08-03 16:08:34,075 - deformetrica.core.estimators.gradient_ascent - INFO - ------------------------------------- Iteration: 42 -------------------------------------
2021-08-03 16:08:34,076 - deformetrica.core.estimators.gradient_ascent - INFO - >> Log-likelihood = -5.011E+05 	 [ attachment = -4.885E+05 ; regularity = -1.263E+04 ]
2021-08-03 16:08:34,645 - deformetrica.core.estimators.gradient_ascent - INFO - >> Step size and gradient norm: 
2021-08-03 16:08:34,646 - deformetrica.core.estimators.gradient_ascent - INFO - 		8.744E-05   and   2.812E+04 	[ landmark_points ]
2021-08-03 16:08:34,647 - deformetrica.core.estimators.gradient_ascent - INFO - 		2.521E-04   and   1.257E+04 	[ momenta ]
2021-08-03 16:08:35,028 - deformetrica.core.estimators.gradient_ascent - INFO - ------------------------------------- Iteration: 43 -------------------------------------
2021-08-03 16:08:35,030 - deformetrica.core.estimators.gradient_ascent - INFO - >> Log-likelihood = -4.947E+05 	 [ attachment = -4.819E+05 ; regularity = -1.272E+04 ]
2021-08-03 16:08:35,579 - deformetrica.core.estimators.gradient_ascent - INFO - >> Step size and gradient norm: 
2021-08-03 16:08:35,580 - deformetrica.core.estimators.gradient_ascent - INFO - 		1.312E-04   and   2.916E+04 	[ landmark_points ]
2021-08-03 16:08:35,581 - deformetrica.core.estimators.gradient_ascent - INFO - 		3.782E-04   and   1.272E+04 	[ momenta ]
2021-08-03 16:08:36,560 - deformetrica.core.estimators.gradient_ascent - INFO - >> Step size and gradient norm: 
2021-08-03 16:08:36,562 - deformetrica.core.estimators.gradient_ascent - INFO - 		6.558E-05   and   2.916E+04 	[ landmark_points ]
2021-08-03 16:08:36,564 - deformetrica.core.estimators.gradient_ascent - INFO - 		1.891E-04   and   1.272E+04 	[ momenta ]
2021-08-03 16:08:37,024 - deformetrica.core.estimators.gradient_ascent - INFO - ------------------------------------- Iteration: 44 -------------------------------------
2021-08-03 16:08:37,026 - deformetrica.core.estimators.gradient_ascent - INFO - >> Log-likelihood = -4.770E+05 	 [ attachment = -4.642E+05 ; regularity = -1.282E+04 ]
2021-08-03 16:08:37,627 - deformetrica.core.estimators.gradient_ascent - INFO - >> Step size and gradient norm: 
2021-08-03 16:08:37,628 - deformetrica.core.estimators.gradient_ascent - INFO - 		9.837E-05   and   1.613E+04 	[ landmark_points ]
2021-08-03 16:08:37,659 - deformetrica.core.estimators.gradient_ascent - INFO - 		2.836E-04   and   7.651E+03 	[ momenta ]
2021-08-03 16:08:38,056 - deformetrica.core.estimators.gradient_ascent - INFO - ------------------------------------- Iteration: 45 -------------------------------------
2021-08-03 16:08:38,057 - deformetrica.core.estimators.gradient_ascent - INFO - >> Log-likelihood = -4.713E+05 	 [ attachment = -4.584E+05 ; regularity = -1.294E+04 ]
2021-08-03 16:08:38,717 - deformetrica.core.estimators.gradient_ascent - INFO - >> Step size and gradient norm: 
2021-08-03 16:08:38,718 - deformetrica.core.estimators.gradient_ascent - INFO - 		1.476E-04   and   2.057E+04 	[ landmark_points ]
2021-08-03 16:08:38,719 - deformetrica.core.estimators.gradient_ascent - INFO - 		4.255E-04   and   9.124E+03 	[ momenta ]
2021-08-03 16:08:39,884 - deformetrica.core.estimators.gradient_ascent - INFO - >> Step size and gradient norm: 
2021-08-03 16:08:39,885 - deformetrica.core.estimators.gradient_ascent - INFO - 		7.378E-05   and   2.057E+04 	[ landmark_points ]
2021-08-03 16:08:39,886 - deformetrica.core.estimators.gradient_ascent - INFO - 		2.127E-04   and   9.124E+03 	[ momenta ]
2021-08-03 16:08:40,231 - deformetrica.core.estimators.gradient_ascent - INFO - ------------------------------------- Iteration: 46 -------------------------------------
2021-08-03 16:08:40,232 - deformetrica.core.estimators.gradient_ascent - INFO - >> Log-likelihood = -4.614E+05 	 [ attachment = -4.483E+05 ; regularity = -1.305E+04 ]
2021-08-03 16:08:40,818 - deformetrica.core.estimators.gradient_ascent - INFO - >> Step size and gradient norm: 
2021-08-03 16:08:40,820 - deformetrica.core.estimators.gradient_ascent - INFO - 		1.107E-04   and   1.549E+04 	[ landmark_points ]
2021-08-03 16:08:40,821 - deformetrica.core.estimators.gradient_ascent - INFO - 		3.191E-04   and   7.385E+03 	[ momenta ]
2021-08-03 16:08:41,156 - deformetrica.core.estimators.gradient_ascent - INFO - ------------------------------------- Iteration: 47 -------------------------------------
2021-08-03 16:08:41,158 - deformetrica.core.estimators.gradient_ascent - INFO - >> Log-likelihood = -4.573E+05 	 [ attachment = -4.441E+05 ; regularity = -1.319E+04 ]
2021-08-03 16:08:41,768 - deformetrica.core.estimators.gradient_ascent - INFO - >> Step size and gradient norm: 
2021-08-03 16:08:41,769 - deformetrica.core.estimators.gradient_ascent - INFO - 		1.660E-04   and   2.358E+04 	[ landmark_points ]
2021-08-03 16:08:41,770 - deformetrica.core.estimators.gradient_ascent - INFO - 		4.786E-04   and   1.009E+04 	[ momenta ]
2021-08-03 16:08:42,815 - deformetrica.core.estimators.gradient_ascent - INFO - >> Step size and gradient norm: 
2021-08-03 16:08:42,816 - deformetrica.core.estimators.gradient_ascent - INFO - 		8.300E-05   and   2.358E+04 	[ landmark_points ]
2021-08-03 16:08:42,845 - deformetrica.core.estimators.gradient_ascent - INFO - 		2.393E-04   and   1.009E+04 	[ momenta ]
2021-08-03 16:08:43,235 - deformetrica.core.estimators.gradient_ascent - INFO - ------------------------------------- Iteration: 48 -------------------------------------
2021-08-03 16:08:43,236 - deformetrica.core.estimators.gradient_ascent - INFO - >> Log-likelihood = -4.486E+05 	 [ attachment = -4.353E+05 ; regularity = -1.331E+04 ]
2021-08-03 16:08:43,761 - deformetrica.core.estimators.gradient_ascent - INFO - >> Step size and gradient norm: 
2021-08-03 16:08:43,762 - deformetrica.core.estimators.gradient_ascent - INFO - 		1.245E-04   and   2.209E+04 	[ landmark_points ]
2021-08-03 16:08:43,763 - deformetrica.core.estimators.gradient_ascent - INFO - 		3.590E-04   and   9.571E+03 	[ momenta ]
2021-08-03 16:08:44,719 - deformetrica.core.estimators.gradient_ascent - INFO - ------------------------------------- Iteration: 49 -------------------------------------
2021-08-03 16:08:44,720 - deformetrica.core.estimators.gradient_ascent - INFO - >> Log-likelihood = -4.434E+05 	 [ attachment = -4.299E+05 ; regularity = -1.346E+04 ]
2021-08-03 16:08:45,270 - deformetrica.core.estimators.gradient_ascent - INFO - >> Step size and gradient norm: 
2021-08-03 16:08:45,271 - deformetrica.core.estimators.gradient_ascent - INFO - 		6.225E-05   and   2.502E+04 	[ landmark_points ]
2021-08-03 16:08:45,272 - deformetrica.core.estimators.gradient_ascent - INFO - 		3.590E-04   and   1.189E+04 	[ momenta ]
2021-08-03 16:08:45,649 - deformetrica.core.estimators.gradient_ascent - INFO - ------------------------------------- Iteration: 50 -------------------------------------
2021-08-03 16:08:45,650 - deformetrica.core.estimators.gradient_ascent - INFO - >> Log-likelihood = -4.416E+05 	 [ attachment = -4.279E+05 ; regularity = -1.365E+04 ]
2021-08-03 16:08:46,217 - deformetrica.core.estimators.gradient_ascent - INFO - >> Step size and gradient norm: 
2021-08-03 16:08:46,219 - deformetrica.core.estimators.gradient_ascent - INFO - 		9.338E-05   and   2.997E+04 	[ landmark_points ]
2021-08-03 16:08:46,219 - deformetrica.core.estimators.gradient_ascent - INFO - 		5.385E-04   and   1.475E+04 	[ momenta ]
2021-08-03 16:08:47,244 - deformetrica.core.estimators.gradient_ascent - INFO - ------------------------------------- Iteration: 51 -------------------------------------
2021-08-03 16:08:47,245 - deformetrica.core.estimators.gradient_ascent - INFO - >> Log-likelihood = -4.389E+05 	 [ attachment = -4.252E+05 ; regularity = -1.373E+04 ]
2021-08-03 16:08:47,784 - deformetrica.core.estimators.gradient_ascent - INFO - >> Step size and gradient norm: 
2021-08-03 16:08:47,785 - deformetrica.core.estimators.gradient_ascent - INFO - 		9.338E-05   and   3.737E+04 	[ landmark_points ]
2021-08-03 16:08:47,786 - deformetrica.core.estimators.gradient_ascent - INFO - 		2.692E-04   and   1.556E+04 	[ momenta ]
2021-08-03 16:08:48,117 - deformetrica.core.estimators.gradient_ascent - INFO - ------------------------------------- Iteration: 52 -------------------------------------
2021-08-03 16:08:48,118 - deformetrica.core.estimators.gradient_ascent - INFO - >> Log-likelihood = -4.376E+05 	 [ attachment = -4.237E+05 ; regularity = -1.389E+04 ]
2021-08-03 16:08:48,782 - deformetrica.core.estimators.gradient_ascent - INFO - >> Step size and gradient norm: 
2021-08-03 16:08:48,783 - deformetrica.core.estimators.gradient_ascent - INFO - 		1.401E-04   and   4.196E+04 	[ landmark_points ]
2021-08-03 16:08:48,784 - deformetrica.core.estimators.gradient_ascent - INFO - 		4.038E-04   and   1.716E+04 	[ momenta ]
2021-08-03 16:08:49,857 - deformetrica.core.estimators.gradient_ascent - INFO - >> Step size and gradient norm: 
2021-08-03 16:08:49,859 - deformetrica.core.estimators.gradient_ascent - INFO - 		7.003E-05   and   4.196E+04 	[ landmark_points ]
2021-08-03 16:08:49,860 - deformetrica.core.estimators.gradient_ascent - INFO - 		2.019E-04   and   1.716E+04 	[ momenta ]
2021-08-03 16:08:50,197 - deformetrica.core.estimators.gradient_ascent - INFO - ------------------------------------- Iteration: 53 -------------------------------------
2021-08-03 16:08:50,199 - deformetrica.core.estimators.gradient_ascent - INFO - >> Log-likelihood = -4.110E+05 	 [ attachment = -3.971E+05 ; regularity = -1.393E+04 ]
2021-08-03 16:08:50,735 - deformetrica.core.estimators.gradient_ascent - INFO - >> Step size and gradient norm: 
2021-08-03 16:08:50,736 - deformetrica.core.estimators.gradient_ascent - INFO - 		1.050E-04   and   2.721E+04 	[ landmark_points ]
2021-08-03 16:08:50,738 - deformetrica.core.estimators.gradient_ascent - INFO - 		3.029E-04   and   1.089E+04 	[ momenta ]
2021-08-03 16:08:51,733 - deformetrica.core.estimators.gradient_ascent - INFO - ------------------------------------- Iteration: 54 -------------------------------------
2021-08-03 16:08:51,734 - deformetrica.core.estimators.gradient_ascent - INFO - >> Log-likelihood = -4.007E+05 	 [ attachment = -3.866E+05 ; regularity = -1.411E+04 ]
2021-08-03 16:08:52,343 - deformetrica.core.estimators.gradient_ascent - INFO - >> Step size and gradient norm: 
2021-08-03 16:08:52,345 - deformetrica.core.estimators.gradient_ascent - INFO - 		5.252E-05   and   2.080E+04 	[ landmark_points ]
2021-08-03 16:08:52,347 - deformetrica.core.estimators.gradient_ascent - INFO - 		3.029E-04   and   1.017E+04 	[ momenta ]
2021-08-03 16:08:52,798 - deformetrica.core.estimators.gradient_ascent - INFO - ------------------------------------- Iteration: 55 -------------------------------------
2021-08-03 16:08:52,799 - deformetrica.core.estimators.gradient_ascent - INFO - >> Log-likelihood = -3.920E+05 	 [ attachment = -3.778E+05 ; regularity = -1.421E+04 ]
2021-08-03 16:08:53,351 - deformetrica.core.estimators.gradient_ascent - INFO - >> Step size and gradient norm: 
2021-08-03 16:08:53,353 - deformetrica.core.estimators.gradient_ascent - INFO - 		7.879E-05   and   1.988E+04 	[ landmark_points ]
2021-08-03 16:08:53,379 - deformetrica.core.estimators.gradient_ascent - INFO - 		4.543E-04   and   9.594E+03 	[ momenta ]
2021-08-03 16:08:54,345 - deformetrica.core.estimators.gradient_ascent - INFO - ------------------------------------- Iteration: 56 -------------------------------------
2021-08-03 16:08:54,346 - deformetrica.core.estimators.gradient_ascent - INFO - >> Log-likelihood = -3.836E+05 	 [ attachment = -3.693E+05 ; regularity = -1.434E+04 ]
2021-08-03 16:08:54,887 - deformetrica.core.estimators.gradient_ascent - INFO - >> Step size and gradient norm: 
2021-08-03 16:08:54,888 - deformetrica.core.estimators.gradient_ascent - INFO - 		7.879E-05   and   1.758E+04 	[ landmark_points ]
2021-08-03 16:08:54,889 - deformetrica.core.estimators.gradient_ascent - INFO - 		2.272E-04   and   8.049E+03 	[ momenta ]
2021-08-03 16:08:55,228 - deformetrica.core.estimators.gradient_ascent - INFO - ------------------------------------- Iteration: 57 -------------------------------------
2021-08-03 16:08:55,230 - deformetrica.core.estimators.gradient_ascent - INFO - >> Log-likelihood = -3.764E+05 	 [ attachment = -3.620E+05 ; regularity = -1.441E+04 ]
2021-08-03 16:08:55,836 - deformetrica.core.estimators.gradient_ascent - INFO - >> Step size and gradient norm: 
2021-08-03 16:08:55,837 - deformetrica.core.estimators.gradient_ascent - INFO - 		1.182E-04   and   1.680E+04 	[ landmark_points ]
2021-08-03 16:08:55,838 - deformetrica.core.estimators.gradient_ascent - INFO - 		3.407E-04   and   7.256E+03 	[ momenta ]
2021-08-03 16:08:56,977 - deformetrica.core.estimators.gradient_ascent - INFO - ------------------------------------- Iteration: 58 -------------------------------------
2021-08-03 16:08:56,979 - deformetrica.core.estimators.gradient_ascent - INFO - >> Log-likelihood = -3.705E+05 	 [ attachment = -3.559E+05 ; regularity = -1.460E+04 ]
2021-08-03 16:08:57,557 - deformetrica.core.estimators.gradient_ascent - INFO - >> Step size and gradient norm: 
2021-08-03 16:08:57,559 - deformetrica.core.estimators.gradient_ascent - INFO - 		5.909E-05   and   1.732E+04 	[ landmark_points ]
2021-08-03 16:08:57,561 - deformetrica.core.estimators.gradient_ascent - INFO - 		3.407E-04   and   8.158E+03 	[ momenta ]
2021-08-03 16:08:57,957 - deformetrica.core.estimators.gradient_ascent - INFO - ------------------------------------- Iteration: 59 -------------------------------------
2021-08-03 16:08:57,958 - deformetrica.core.estimators.gradient_ascent - INFO - >> Log-likelihood = -3.653E+05 	 [ attachment = -3.506E+05 ; regularity = -1.471E+04 ]
2021-08-03 16:08:58,840 - deformetrica.core.estimators.gradient_ascent - INFO - >> Step size and gradient norm: 
2021-08-03 16:08:58,842 - deformetrica.core.estimators.gradient_ascent - INFO - 		8.864E-05   and   2.089E+04 	[ landmark_points ]
2021-08-03 16:08:58,868 - deformetrica.core.estimators.gradient_ascent - INFO - 		5.111E-04   and   9.410E+03 	[ momenta ]
2021-08-03 16:09:00,118 - deformetrica.core.estimators.gradient_ascent - INFO - ------------------------------------- Iteration: 60 -------------------------------------
2021-08-03 16:09:00,119 - deformetrica.core.estimators.gradient_ascent - INFO - >> Log-likelihood = -3.619E+05 	 [ attachment = -3.470E+05 ; regularity = -1.485E+04 ]
2021-08-03 16:09:00,716 - deformetrica.core.estimators.gradient_ascent - INFO - >> Step size and gradient norm: 
2021-08-03 16:09:00,721 - deformetrica.core.estimators.gradient_ascent - INFO - 		8.864E-05   and   2.528E+04 	[ landmark_points ]
2021-08-03 16:09:00,724 - deformetrica.core.estimators.gradient_ascent - INFO - 		2.556E-04   and   9.757E+03 	[ momenta ]
2021-08-03 16:09:01,109 - deformetrica.core.estimators.gradient_ascent - INFO - ------------------------------------- Iteration: 61 -------------------------------------
2021-08-03 16:09:01,110 - deformetrica.core.estimators.gradient_ascent - INFO - >> Log-likelihood = -3.599E+05 	 [ attachment = -3.450E+05 ; regularity = -1.492E+04 ]
2021-08-03 16:09:01,643 - deformetrica.core.estimators.gradient_ascent - INFO - >> Step size and gradient norm: 
2021-08-03 16:09:01,644 - deformetrica.core.estimators.gradient_ascent - INFO - 		1.330E-04   and   3.353E+04 	[ landmark_points ]
2021-08-03 16:09:01,646 - deformetrica.core.estimators.gradient_ascent - INFO - 		3.833E-04   and   1.092E+04 	[ momenta ]
2021-08-03 16:09:02,658 - deformetrica.core.estimators.gradient_ascent - INFO - >> Step size and gradient norm: 
2021-08-03 16:09:02,659 - deformetrica.core.estimators.gradient_ascent - INFO - 		6.648E-05   and   3.353E+04 	[ landmark_points ]
2021-08-03 16:09:02,660 - deformetrica.core.estimators.gradient_ascent - INFO - 		1.917E-04   and   1.092E+04 	[ momenta ]
2021-08-03 16:09:02,987 - deformetrica.core.estimators.gradient_ascent - INFO - ------------------------------------- Iteration: 62 -------------------------------------
2021-08-03 16:09:02,988 - deformetrica.core.estimators.gradient_ascent - INFO - >> Log-likelihood = -3.494E+05 	 [ attachment = -3.343E+05 ; regularity = -1.503E+04 ]
2021-08-03 16:09:03,547 - deformetrica.core.estimators.gradient_ascent - INFO - >> Step size and gradient norm: 
2021-08-03 16:09:03,549 - deformetrica.core.estimators.gradient_ascent - INFO - 		9.971E-05   and   2.544E+04 	[ landmark_points ]
2021-08-03 16:09:03,550 - deformetrica.core.estimators.gradient_ascent - INFO - 		2.875E-04   and   7.732E+03 	[ momenta ]
2021-08-03 16:09:04,500 - deformetrica.core.estimators.gradient_ascent - INFO - ------------------------------------- Iteration: 63 -------------------------------------
2021-08-03 16:09:04,502 - deformetrica.core.estimators.gradient_ascent - INFO - >> Log-likelihood = -3.425E+05 	 [ attachment = -3.274E+05 ; regularity = -1.511E+04 ]
2021-08-03 16:09:05,237 - deformetrica.core.estimators.gradient_ascent - INFO - >> Step size and gradient norm: 
2021-08-03 16:09:05,238 - deformetrica.core.estimators.gradient_ascent - INFO - 		4.986E-05   and   1.992E+04 	[ landmark_points ]
2021-08-03 16:09:05,239 - deformetrica.core.estimators.gradient_ascent - INFO - 		2.875E-04   and   7.144E+03 	[ momenta ]
2021-08-03 16:09:05,706 - deformetrica.core.estimators.gradient_ascent - INFO - ------------------------------------- Iteration: 64 -------------------------------------
2021-08-03 16:09:05,707 - deformetrica.core.estimators.gradient_ascent - INFO - >> Log-likelihood = -3.366E+05 	 [ attachment = -3.214E+05 ; regularity = -1.525E+04 ]
2021-08-03 16:09:06,329 - deformetrica.core.estimators.gradient_ascent - INFO - >> Step size and gradient norm: 
2021-08-03 16:09:06,330 - deformetrica.core.estimators.gradient_ascent - INFO - 		7.479E-05   and   1.717E+04 	[ landmark_points ]
2021-08-03 16:09:06,332 - deformetrica.core.estimators.gradient_ascent - INFO - 		4.313E-04   and   6.352E+03 	[ momenta ]
2021-08-03 16:09:07,348 - deformetrica.core.estimators.gradient_ascent - INFO - ------------------------------------- Iteration: 65 -------------------------------------
2021-08-03 16:09:07,349 - deformetrica.core.estimators.gradient_ascent - INFO - >> Log-likelihood = -3.328E+05 	 [ attachment = -3.175E+05 ; regularity = -1.532E+04 ]
2021-08-03 16:09:07,933 - deformetrica.core.estimators.gradient_ascent - INFO - >> Step size and gradient norm: 
2021-08-03 16:09:07,934 - deformetrica.core.estimators.gradient_ascent - INFO - 		7.479E-05   and   2.011E+04 	[ landmark_points ]
2021-08-03 16:09:07,936 - deformetrica.core.estimators.gradient_ascent - INFO - 		2.156E-04   and   6.043E+03 	[ momenta ]
2021-08-03 16:09:08,310 - deformetrica.core.estimators.gradient_ascent - INFO - ------------------------------------- Iteration: 66 -------------------------------------
2021-08-03 16:09:08,311 - deformetrica.core.estimators.gradient_ascent - INFO - >> Log-likelihood = -3.296E+05 	 [ attachment = -3.142E+05 ; regularity = -1.542E+04 ]
2021-08-03 16:09:08,976 - deformetrica.core.estimators.gradient_ascent - INFO - >> Step size and gradient norm: 
2021-08-03 16:09:08,977 - deformetrica.core.estimators.gradient_ascent - INFO - 		1.122E-04   and   2.225E+04 	[ landmark_points ]
2021-08-03 16:09:08,978 - deformetrica.core.estimators.gradient_ascent - INFO - 		3.234E-04   and   6.118E+03 	[ momenta ]
2021-08-03 16:09:10,023 - deformetrica.core.estimators.gradient_ascent - INFO - ------------------------------------- Iteration: 67 -------------------------------------
2021-08-03 16:09:10,024 - deformetrica.core.estimators.gradient_ascent - INFO - >> Log-likelihood = -3.259E+05 	 [ attachment = -3.104E+05 ; regularity = -1.551E+04 ]
2021-08-03 16:09:10,710 - deformetrica.core.estimators.gradient_ascent - INFO - >> Step size and gradient norm: 
2021-08-03 16:09:10,712 - deformetrica.core.estimators.gradient_ascent - INFO - 		5.609E-05   and   2.362E+04 	[ landmark_points ]
2021-08-03 16:09:10,713 - deformetrica.core.estimators.gradient_ascent - INFO - 		3.234E-04   and   6.783E+03 	[ momenta ]
2021-08-03 16:09:11,137 - deformetrica.core.estimators.gradient_ascent - INFO - ------------------------------------- Iteration: 68 -------------------------------------
2021-08-03 16:09:11,139 - deformetrica.core.estimators.gradient_ascent - INFO - >> Log-likelihood = -3.232E+05 	 [ attachment = -3.075E+05 ; regularity = -1.566E+04 ]
2021-08-03 16:09:11,750 - deformetrica.core.estimators.gradient_ascent - INFO - >> Step size and gradient norm: 
2021-08-03 16:09:11,751 - deformetrica.core.estimators.gradient_ascent - INFO - 		8.413E-05   and   2.562E+04 	[ landmark_points ]
2021-08-03 16:09:11,752 - deformetrica.core.estimators.gradient_ascent - INFO - 		4.852E-04   and   7.319E+03 	[ momenta ]
2021-08-03 16:09:12,834 - deformetrica.core.estimators.gradient_ascent - INFO - >> Step size and gradient norm: 
2021-08-03 16:09:12,835 - deformetrica.core.estimators.gradient_ascent - INFO - 		4.207E-05   and   2.562E+04 	[ landmark_points ]
2021-08-03 16:09:12,837 - deformetrica.core.estimators.gradient_ascent - INFO - 		2.426E-04   and   7.319E+03 	[ momenta ]
2021-08-03 16:09:13,199 - deformetrica.core.estimators.gradient_ascent - INFO - ------------------------------------- Iteration: 69 -------------------------------------
2021-08-03 16:09:13,200 - deformetrica.core.estimators.gradient_ascent - INFO - >> Log-likelihood = -3.158E+05 	 [ attachment = -3.001E+05 ; regularity = -1.571E+04 ]
2021-08-03 16:09:13,774 - deformetrica.core.estimators.gradient_ascent - INFO - >> Step size and gradient norm: 
2021-08-03 16:09:13,776 - deformetrica.core.estimators.gradient_ascent - INFO - 		6.310E-05   and   1.577E+04 	[ landmark_points ]
2021-08-03 16:09:13,778 - deformetrica.core.estimators.gradient_ascent - INFO - 		3.639E-04   and   5.186E+03 	[ momenta ]
2021-08-03 16:09:14,172 - deformetrica.core.estimators.gradient_ascent - INFO - ------------------------------------- Iteration: 70 -------------------------------------
2021-08-03 16:09:14,173 - deformetrica.core.estimators.gradient_ascent - INFO - >> Log-likelihood = -3.141E+05 	 [ attachment = -2.982E+05 ; regularity = -1.585E+04 ]
2021-08-03 16:09:14,760 - deformetrica.core.estimators.gradient_ascent - INFO - >> Step size and gradient norm: 
2021-08-03 16:09:14,761 - deformetrica.core.estimators.gradient_ascent - INFO - 		9.465E-05   and   2.140E+04 	[ landmark_points ]
2021-08-03 16:09:14,763 - deformetrica.core.estimators.gradient_ascent - INFO - 		5.458E-04   and   6.447E+03 	[ momenta ]
2021-08-03 16:09:15,771 - deformetrica.core.estimators.gradient_ascent - INFO - >> Step size and gradient norm: 
2021-08-03 16:09:15,772 - deformetrica.core.estimators.gradient_ascent - INFO - 		4.733E-05   and   2.140E+04 	[ landmark_points ]
2021-08-03 16:09:15,773 - deformetrica.core.estimators.gradient_ascent - INFO - 		2.729E-04   and   6.447E+03 	[ momenta ]
2021-08-03 16:09:16,139 - deformetrica.core.estimators.gradient_ascent - INFO - ------------------------------------- Iteration: 71 -------------------------------------
2021-08-03 16:09:16,140 - deformetrica.core.estimators.gradient_ascent - INFO - >> Log-likelihood = -3.095E+05 	 [ attachment = -2.936E+05 ; regularity = -1.592E+04 ]
2021-08-03 16:09:16,745 - deformetrica.core.estimators.gradient_ascent - INFO - >> Step size and gradient norm: 
2021-08-03 16:09:16,746 - deformetrica.core.estimators.gradient_ascent - INFO - 		7.099E-05   and   1.812E+04 	[ landmark_points ]
2021-08-03 16:09:16,747 - deformetrica.core.estimators.gradient_ascent - INFO - 		4.094E-04   and   5.616E+03 	[ momenta ]
2021-08-03 16:09:17,906 - deformetrica.core.estimators.gradient_ascent - INFO - ------------------------------------- Iteration: 72 -------------------------------------
2021-08-03 16:09:17,907 - deformetrica.core.estimators.gradient_ascent - INFO - >> Log-likelihood = -3.057E+05 	 [ attachment = -2.897E+05 ; regularity = -1.607E+04 ]
2021-08-03 16:09:18,630 - deformetrica.core.estimators.gradient_ascent - INFO - >> Step size and gradient norm: 
2021-08-03 16:09:18,632 - deformetrica.core.estimators.gradient_ascent - INFO - 		3.549E-05   and   1.784E+04 	[ landmark_points ]
2021-08-03 16:09:18,634 - deformetrica.core.estimators.gradient_ascent - INFO - 		4.094E-04   and   6.512E+03 	[ momenta ]
2021-08-03 16:09:19,218 - deformetrica.core.estimators.gradient_ascent - INFO - ------------------------------------- Iteration: 73 -------------------------------------
2021-08-03 16:09:19,219 - deformetrica.core.estimators.gradient_ascent - INFO - >> Log-likelihood = -3.048E+05 	 [ attachment = -2.887E+05 ; regularity = -1.617E+04 ]
2021-08-03 16:09:19,876 - deformetrica.core.estimators.gradient_ascent - INFO - >> Step size and gradient norm: 
2021-08-03 16:09:19,878 - deformetrica.core.estimators.gradient_ascent - INFO - 		5.324E-05   and   2.092E+04 	[ landmark_points ]
2021-08-03 16:09:19,879 - deformetrica.core.estimators.gradient_ascent - INFO - 		6.140E-04   and   8.053E+03 	[ momenta ]
2021-08-03 16:09:21,076 - deformetrica.core.estimators.gradient_ascent - INFO - ------------------------------------- Iteration: 74 -------------------------------------
2021-08-03 16:09:21,077 - deformetrica.core.estimators.gradient_ascent - INFO - >> Log-likelihood = -3.021E+05 	 [ attachment = -2.858E+05 ; regularity = -1.627E+04 ]
2021-08-03 16:09:21,832 - deformetrica.core.estimators.gradient_ascent - INFO - >> Step size and gradient norm: 
2021-08-03 16:09:21,833 - deformetrica.core.estimators.gradient_ascent - INFO - 		5.324E-05   and   2.253E+04 	[ landmark_points ]
2021-08-03 16:09:21,834 - deformetrica.core.estimators.gradient_ascent - INFO - 		3.070E-04   and   8.042E+03 	[ momenta ]
2021-08-03 16:09:22,223 - deformetrica.core.estimators.gradient_ascent - INFO - ------------------------------------- Iteration: 75 -------------------------------------
2021-08-03 16:09:22,224 - deformetrica.core.estimators.gradient_ascent - INFO - >> Log-likelihood = -2.998E+05 	 [ attachment = -2.835E+05 ; regularity = -1.633E+04 ]
2021-08-03 16:09:22,924 - deformetrica.core.estimators.gradient_ascent - INFO - >> Step size and gradient norm: 
2021-08-03 16:09:22,925 - deformetrica.core.estimators.gradient_ascent - INFO - 		7.986E-05   and   2.537E+04 	[ landmark_points ]
2021-08-03 16:09:22,926 - deformetrica.core.estimators.gradient_ascent - INFO - 		4.605E-04   and   8.305E+03 	[ momenta ]
2021-08-03 16:09:24,217 - deformetrica.core.estimators.gradient_ascent - INFO - >> Step size and gradient norm: 
2021-08-03 16:09:24,218 - deformetrica.core.estimators.gradient_ascent - INFO - 		3.993E-05   and   2.537E+04 	[ landmark_points ]
2021-08-03 16:09:24,220 - deformetrica.core.estimators.gradient_ascent - INFO - 		2.303E-04   and   8.305E+03 	[ momenta ]
2021-08-03 16:09:24,599 - deformetrica.core.estimators.gradient_ascent - INFO - ------------------------------------- Iteration: 76 -------------------------------------
2021-08-03 16:09:24,600 - deformetrica.core.estimators.gradient_ascent - INFO - >> Log-likelihood = -2.924E+05 	 [ attachment = -2.760E+05 ; regularity = -1.641E+04 ]
2021-08-03 16:09:25,296 - deformetrica.core.estimators.gradient_ascent - INFO - >> Step size and gradient norm: 
2021-08-03 16:09:25,297 - deformetrica.core.estimators.gradient_ascent - INFO - 		5.990E-05   and   1.407E+04 	[ landmark_points ]
2021-08-03 16:09:25,298 - deformetrica.core.estimators.gradient_ascent - INFO - 		3.454E-04   and   5.071E+03 	[ momenta ]
2021-08-03 16:09:25,680 - deformetrica.core.estimators.gradient_ascent - INFO - ------------------------------------- Iteration: 77 -------------------------------------
2021-08-03 16:09:25,681 - deformetrica.core.estimators.gradient_ascent - INFO - >> Log-likelihood = -2.905E+05 	 [ attachment = -2.741E+05 ; regularity = -1.649E+04 ]
2021-08-03 16:09:26,273 - deformetrica.core.estimators.gradient_ascent - INFO - >> Step size and gradient norm: 
2021-08-03 16:09:26,274 - deformetrica.core.estimators.gradient_ascent - INFO - 		8.984E-05   and   1.970E+04 	[ landmark_points ]
2021-08-03 16:09:26,303 - deformetrica.core.estimators.gradient_ascent - INFO - 		5.181E-04   and   6.208E+03 	[ momenta ]
2021-08-03 16:09:27,481 - deformetrica.core.estimators.gradient_ascent - INFO - >> Step size and gradient norm: 
2021-08-03 16:09:27,482 - deformetrica.core.estimators.gradient_ascent - INFO - 		4.492E-05   and   1.970E+04 	[ landmark_points ]
2021-08-03 16:09:27,483 - deformetrica.core.estimators.gradient_ascent - INFO - 		2.590E-04   and   6.208E+03 	[ momenta ]
2021-08-03 16:09:27,896 - deformetrica.core.estimators.gradient_ascent - INFO - ------------------------------------- Iteration: 78 -------------------------------------
2021-08-03 16:09:27,898 - deformetrica.core.estimators.gradient_ascent - INFO - >> Log-likelihood = -2.863E+05 	 [ attachment = -2.697E+05 ; regularity = -1.658E+04 ]
2021-08-03 16:09:28,536 - deformetrica.core.estimators.gradient_ascent - INFO - >> Step size and gradient norm: 
2021-08-03 16:09:28,538 - deformetrica.core.estimators.gradient_ascent - INFO - 		6.738E-05   and   1.421E+04 	[ landmark_points ]
2021-08-03 16:09:28,539 - deformetrica.core.estimators.gradient_ascent - INFO - 		3.886E-04   and   5.084E+03 	[ momenta ]
2021-08-03 16:09:29,687 - deformetrica.core.estimators.gradient_ascent - INFO - ------------------------------------- Iteration: 79 -------------------------------------
2021-08-03 16:09:29,688 - deformetrica.core.estimators.gradient_ascent - INFO - >> Log-likelihood = -2.832E+05 	 [ attachment = -2.665E+05 ; regularity = -1.666E+04 ]
2021-08-03 16:09:30,302 - deformetrica.core.estimators.gradient_ascent - INFO - >> Step size and gradient norm: 
2021-08-03 16:09:30,303 - deformetrica.core.estimators.gradient_ascent - INFO - 		3.369E-05   and   1.515E+04 	[ landmark_points ]
2021-08-03 16:09:30,304 - deformetrica.core.estimators.gradient_ascent - INFO - 		3.886E-04   and   5.711E+03 	[ momenta ]
2021-08-03 16:09:30,703 - deformetrica.core.estimators.gradient_ascent - INFO - ------------------------------------- Iteration: 80 -------------------------------------
2021-08-03 16:09:30,704 - deformetrica.core.estimators.gradient_ascent - INFO - >> Log-likelihood = -2.810E+05 	 [ attachment = -2.642E+05 ; regularity = -1.678E+04 ]
2021-08-03 16:09:31,309 - deformetrica.core.estimators.gradient_ascent - INFO - >> Step size and gradient norm: 
2021-08-03 16:09:31,310 - deformetrica.core.estimators.gradient_ascent - INFO - 		5.054E-05   and   1.448E+04 	[ landmark_points ]
2021-08-03 16:09:31,340 - deformetrica.core.estimators.gradient_ascent - INFO - 		5.829E-04   and   6.797E+03 	[ momenta ]
2021-08-03 16:09:32,468 - deformetrica.core.estimators.gradient_ascent - INFO - ------------------------------------- Iteration: 81 -------------------------------------
2021-08-03 16:09:32,469 - deformetrica.core.estimators.gradient_ascent - INFO - >> Log-likelihood = -2.774E+05 	 [ attachment = -2.605E+05 ; regularity = -1.685E+04 ]
2021-08-03 16:09:33,060 - deformetrica.core.estimators.gradient_ascent - INFO - >> Step size and gradient norm: 
2021-08-03 16:09:33,061 - deformetrica.core.estimators.gradient_ascent - INFO - 		5.054E-05   and   1.643E+04 	[ landmark_points ]
2021-08-03 16:09:33,062 - deformetrica.core.estimators.gradient_ascent - INFO - 		2.914E-04   and   6.264E+03 	[ momenta ]
2021-08-03 16:09:33,449 - deformetrica.core.estimators.gradient_ascent - INFO - ------------------------------------- Iteration: 82 -------------------------------------
2021-08-03 16:09:33,450 - deformetrica.core.estimators.gradient_ascent - INFO - >> Log-likelihood = -2.734E+05 	 [ attachment = -2.565E+05 ; regularity = -1.694E+04 ]
2021-08-03 16:09:34,110 - deformetrica.core.estimators.gradient_ascent - INFO - >> Step size and gradient norm: 
2021-08-03 16:09:34,112 - deformetrica.core.estimators.gradient_ascent - INFO - 		7.581E-05   and   1.453E+04 	[ landmark_points ]
2021-08-03 16:09:34,113 - deformetrica.core.estimators.gradient_ascent - INFO - 		4.371E-04   and   6.175E+03 	[ momenta ]
2021-08-03 16:09:35,477 - deformetrica.core.estimators.gradient_ascent - INFO - ------------------------------------- Iteration: 83 -------------------------------------
2021-08-03 16:09:35,478 - deformetrica.core.estimators.gradient_ascent - INFO - >> Log-likelihood = -2.707E+05 	 [ attachment = -2.537E+05 ; regularity = -1.699E+04 ]
2021-08-03 16:09:36,125 - deformetrica.core.estimators.gradient_ascent - INFO - >> Step size and gradient norm: 
2021-08-03 16:09:36,127 - deformetrica.core.estimators.gradient_ascent - INFO - 		7.581E-05   and   1.878E+04 	[ landmark_points ]
2021-08-03 16:09:36,128 - deformetrica.core.estimators.gradient_ascent - INFO - 		2.186E-04   and   5.577E+03 	[ momenta ]
2021-08-03 16:09:36,541 - deformetrica.core.estimators.gradient_ascent - INFO - ------------------------------------- Iteration: 84 -------------------------------------
2021-08-03 16:09:36,542 - deformetrica.core.estimators.gradient_ascent - INFO - >> Log-likelihood = -2.690E+05 	 [ attachment = -2.519E+05 ; regularity = -1.707E+04 ]
2021-08-03 16:09:37,196 - deformetrica.core.estimators.gradient_ascent - INFO - >> Step size and gradient norm: 
2021-08-03 16:09:37,198 - deformetrica.core.estimators.gradient_ascent - INFO - 		1.137E-04   and   2.105E+04 	[ landmark_points ]
2021-08-03 16:09:37,200 - deformetrica.core.estimators.gradient_ascent - INFO - 		3.279E-04   and   6.336E+03 	[ momenta ]
2021-08-03 16:09:38,566 - deformetrica.core.estimators.gradient_ascent - INFO - ------------------------------------- Iteration: 85 -------------------------------------
2021-08-03 16:09:38,567 - deformetrica.core.estimators.gradient_ascent - INFO - >> Log-likelihood = -2.667E+05 	 [ attachment = -2.496E+05 ; regularity = -1.713E+04 ]
2021-08-03 16:09:39,183 - deformetrica.core.estimators.gradient_ascent - INFO - >> Step size and gradient norm: 
2021-08-03 16:09:39,184 - deformetrica.core.estimators.gradient_ascent - INFO - 		5.685E-05   and   2.559E+04 	[ landmark_points ]
2021-08-03 16:09:39,185 - deformetrica.core.estimators.gradient_ascent - INFO - 		3.279E-04   and   7.119E+03 	[ momenta ]
2021-08-03 16:09:39,549 - deformetrica.core.estimators.gradient_ascent - INFO - ------------------------------------- Iteration: 86 -------------------------------------
2021-08-03 16:09:39,550 - deformetrica.core.estimators.gradient_ascent - INFO - >> Log-likelihood = -2.653E+05 	 [ attachment = -2.480E+05 ; regularity = -1.726E+04 ]
2021-08-03 16:09:40,187 - deformetrica.core.estimators.gradient_ascent - INFO - >> Step size and gradient norm: 
2021-08-03 16:09:40,188 - deformetrica.core.estimators.gradient_ascent - INFO - 		8.528E-05   and   2.734E+04 	[ landmark_points ]
2021-08-03 16:09:40,189 - deformetrica.core.estimators.gradient_ascent - INFO - 		4.918E-04   and   8.472E+03 	[ momenta ]
2021-08-03 16:09:41,413 - deformetrica.core.estimators.gradient_ascent - INFO - >> Step size and gradient norm: 
2021-08-03 16:09:41,414 - deformetrica.core.estimators.gradient_ascent - INFO - 		4.264E-05   and   2.734E+04 	[ landmark_points ]
2021-08-03 16:09:41,417 - deformetrica.core.estimators.gradient_ascent - INFO - 		2.459E-04   and   8.472E+03 	[ momenta ]
2021-08-03 16:09:41,844 - deformetrica.core.estimators.gradient_ascent - INFO - ------------------------------------- Iteration: 87 -------------------------------------
2021-08-03 16:09:41,846 - deformetrica.core.estimators.gradient_ascent - INFO - >> Log-likelihood = -2.568E+05 	 [ attachment = -2.395E+05 ; regularity = -1.730E+04 ]
2021-08-03 16:09:42,523 - deformetrica.core.estimators.gradient_ascent - INFO - >> Step size and gradient norm: 
2021-08-03 16:09:42,524 - deformetrica.core.estimators.gradient_ascent - INFO - 		6.396E-05   and   1.861E+04 	[ landmark_points ]
2021-08-03 16:09:42,527 - deformetrica.core.estimators.gradient_ascent - INFO - 		3.688E-04   and   5.819E+03 	[ momenta ]
2021-08-03 16:09:42,922 - deformetrica.core.estimators.gradient_ascent - INFO - Tolerance threshold met. Stopping the optimization process.
2021-08-03 16:09:43,557 - root - INFO - >> Estimation took: 02 minutes and 02 seconds
