2021-07-24 12:35:45,335 - root - ERROR - Logger has been set to: INFO
2021-07-24 12:35:45,342 - root - INFO - OMP_NUM_THREADS was not found in environment variables. An automatic value will be set.
2021-07-24 12:35:45,345 - root - INFO - OMP_NUM_THREADS will be set to 2
2021-07-24 12:35:45,347 - root - INFO - >> No specified state-file. By default, Deformetrica state will by saved in file: output/deformetrica-state.p.
2021-07-24 12:35:45,350 - root - INFO - >> Removing the pre-existing state file with same path.
2021-07-24 12:35:45,378 - deformetrica.core.models.model_functions - INFO - >> Reading 200 initial control points from file images/mask_initial_control_points/mask_03_initial_control_points.txt.
2021-07-24 12:35:45,380 - deformetrica.core.models.model_functions - INFO - >> Momenta initialized to zero, for 5 subjects.
2021-07-24 12:35:45,382 - root - INFO - >> Started estimator: GradientAscent
2021-07-24 12:35:46,348 - deformetrica.core.estimators.gradient_ascent - INFO - ------------------------------------- Iteration: 0 -------------------------------------
2021-07-24 12:35:46,350 - deformetrica.core.estimators.gradient_ascent - INFO - >> Log-likelihood = -7.236E+05 	 [ attachment = -7.236E+05 ; regularity = 0.000E+00 ]
2021-07-24 12:35:46,352 - deformetrica.core.estimators.gradient_ascent - INFO - >> Step size and gradient norm: 
2021-07-24 12:35:46,354 - deformetrica.core.estimators.gradient_ascent - INFO - 		2.627E-05   and   3.807E+04 	[ landmark_points ]
2021-07-24 12:35:46,356 - deformetrica.core.estimators.gradient_ascent - INFO - 		7.573E-05   and   1.320E+04 	[ momenta ]
2021-07-24 12:35:46,865 - deformetrica.core.estimators.gradient_ascent - INFO - ------------------------------------- Iteration: 1 -------------------------------------
2021-07-24 12:35:46,866 - deformetrica.core.estimators.gradient_ascent - INFO - >> Log-likelihood = -7.036E+05 	 [ attachment = -7.036E+05 ; regularity = -1.777E+00 ]
2021-07-24 12:35:47,754 - deformetrica.core.estimators.gradient_ascent - INFO - >> Step size and gradient norm: 
2021-07-24 12:35:47,756 - deformetrica.core.estimators.gradient_ascent - INFO - 		3.940E-05   and   3.690E+04 	[ landmark_points ]
2021-07-24 12:35:47,758 - deformetrica.core.estimators.gradient_ascent - INFO - 		1.136E-04   and   1.295E+04 	[ momenta ]
2021-07-24 12:35:48,398 - deformetrica.core.estimators.gradient_ascent - INFO - ------------------------------------- Iteration: 2 -------------------------------------
2021-07-24 12:35:48,400 - deformetrica.core.estimators.gradient_ascent - INFO - >> Log-likelihood = -6.753E+05 	 [ attachment = -6.753E+05 ; regularity = -1.084E+01 ]
2021-07-24 12:35:49,290 - deformetrica.core.estimators.gradient_ascent - INFO - >> Step size and gradient norm: 
2021-07-24 12:35:49,292 - deformetrica.core.estimators.gradient_ascent - INFO - 		5.910E-05   and   3.518E+04 	[ landmark_points ]
2021-07-24 12:35:49,293 - deformetrica.core.estimators.gradient_ascent - INFO - 		1.704E-04   and   1.256E+04 	[ momenta ]
2021-07-24 12:35:49,878 - deformetrica.core.estimators.gradient_ascent - INFO - ------------------------------------- Iteration: 3 -------------------------------------
2021-07-24 12:35:49,885 - deformetrica.core.estimators.gradient_ascent - INFO - >> Log-likelihood = -6.359E+05 	 [ attachment = -6.358E+05 ; regularity = -3.774E+01 ]
2021-07-24 12:35:50,779 - deformetrica.core.estimators.gradient_ascent - INFO - >> Step size and gradient norm: 
2021-07-24 12:35:50,781 - deformetrica.core.estimators.gradient_ascent - INFO - 		8.865E-05   and   3.266E+04 	[ landmark_points ]
2021-07-24 12:35:50,783 - deformetrica.core.estimators.gradient_ascent - INFO - 		2.556E-04   and   1.200E+04 	[ momenta ]
2021-07-24 12:35:51,376 - deformetrica.core.estimators.gradient_ascent - INFO - ------------------------------------- Iteration: 4 -------------------------------------
2021-07-24 12:35:51,379 - deformetrica.core.estimators.gradient_ascent - INFO - >> Log-likelihood = -5.834E+05 	 [ attachment = -5.833E+05 ; regularity = -1.045E+02 ]
2021-07-24 12:35:52,388 - deformetrica.core.estimators.gradient_ascent - INFO - >> Step size and gradient norm: 
2021-07-24 12:35:52,390 - deformetrica.core.estimators.gradient_ascent - INFO - 		1.330E-04   and   2.909E+04 	[ landmark_points ]
2021-07-24 12:35:52,392 - deformetrica.core.estimators.gradient_ascent - INFO - 		3.834E-04   and   1.120E+04 	[ momenta ]
2021-07-24 12:35:53,037 - deformetrica.core.estimators.gradient_ascent - INFO - ------------------------------------- Iteration: 5 -------------------------------------
2021-07-24 12:35:53,039 - deformetrica.core.estimators.gradient_ascent - INFO - >> Log-likelihood = -5.177E+05 	 [ attachment = -5.174E+05 ; regularity = -2.534E+02 ]
2021-07-24 12:35:53,848 - deformetrica.core.estimators.gradient_ascent - INFO - >> Step size and gradient norm: 
2021-07-24 12:35:53,850 - deformetrica.core.estimators.gradient_ascent - INFO - 		1.995E-04   and   2.424E+04 	[ landmark_points ]
2021-07-24 12:35:53,851 - deformetrica.core.estimators.gradient_ascent - INFO - 		5.751E-04   and   1.008E+04 	[ momenta ]
2021-07-24 12:35:54,360 - deformetrica.core.estimators.gradient_ascent - INFO - ------------------------------------- Iteration: 6 -------------------------------------
2021-07-24 12:35:54,362 - deformetrica.core.estimators.gradient_ascent - INFO - >> Log-likelihood = -4.423E+05 	 [ attachment = -4.418E+05 ; regularity = -5.548E+02 ]
2021-07-24 12:35:55,167 - deformetrica.core.estimators.gradient_ascent - INFO - >> Step size and gradient norm: 
2021-07-24 12:35:55,168 - deformetrica.core.estimators.gradient_ascent - INFO - 		2.992E-04   and   1.827E+04 	[ landmark_points ]
2021-07-24 12:35:55,170 - deformetrica.core.estimators.gradient_ascent - INFO - 		8.627E-04   and   8.623E+03 	[ momenta ]
2021-07-24 12:35:55,697 - deformetrica.core.estimators.gradient_ascent - INFO - ------------------------------------- Iteration: 7 -------------------------------------
2021-07-24 12:35:55,700 - deformetrica.core.estimators.gradient_ascent - INFO - >> Log-likelihood = -3.657E+05 	 [ attachment = -3.646E+05 ; regularity = -1.103E+03 ]
2021-07-24 12:35:56,498 - deformetrica.core.estimators.gradient_ascent - INFO - >> Step size and gradient norm: 
2021-07-24 12:35:56,500 - deformetrica.core.estimators.gradient_ascent - INFO - 		4.488E-04   and   1.208E+04 	[ landmark_points ]
2021-07-24 12:35:56,503 - deformetrica.core.estimators.gradient_ascent - INFO - 		1.294E-03   and   6.910E+03 	[ momenta ]
2021-07-24 12:35:57,038 - deformetrica.core.estimators.gradient_ascent - INFO - ------------------------------------- Iteration: 8 -------------------------------------
2021-07-24 12:35:57,039 - deformetrica.core.estimators.gradient_ascent - INFO - >> Log-likelihood = -2.980E+05 	 [ attachment = -2.961E+05 ; regularity = -1.974E+03 ]
2021-07-24 12:35:57,921 - deformetrica.core.estimators.gradient_ascent - INFO - >> Step size and gradient norm: 
2021-07-24 12:35:57,923 - deformetrica.core.estimators.gradient_ascent - INFO - 		6.732E-04   and   7.303E+03 	[ landmark_points ]
2021-07-24 12:35:57,924 - deformetrica.core.estimators.gradient_ascent - INFO - 		1.941E-03   and   5.137E+03 	[ momenta ]
2021-07-24 12:35:58,381 - deformetrica.core.estimators.gradient_ascent - INFO - ------------------------------------- Iteration: 9 -------------------------------------
2021-07-24 12:35:58,382 - deformetrica.core.estimators.gradient_ascent - INFO - >> Log-likelihood = -2.463E+05 	 [ attachment = -2.432E+05 ; regularity = -3.137E+03 ]
2021-07-24 12:35:59,099 - deformetrica.core.estimators.gradient_ascent - INFO - >> Step size and gradient norm: 
2021-07-24 12:35:59,100 - deformetrica.core.estimators.gradient_ascent - INFO - 		1.010E-03   and   4.836E+03 	[ landmark_points ]
2021-07-24 12:35:59,102 - deformetrica.core.estimators.gradient_ascent - INFO - 		2.911E-03   and   3.491E+03 	[ momenta ]
2021-07-24 12:35:59,548 - deformetrica.core.estimators.gradient_ascent - INFO - ------------------------------------- Iteration: 10 -------------------------------------
2021-07-24 12:35:59,550 - deformetrica.core.estimators.gradient_ascent - INFO - >> Log-likelihood = -2.105E+05 	 [ attachment = -2.061E+05 ; regularity = -4.376E+03 ]
2021-07-24 12:36:00,293 - deformetrica.core.estimators.gradient_ascent - INFO - >> Step size and gradient norm: 
2021-07-24 12:36:00,294 - deformetrica.core.estimators.gradient_ascent - INFO - 		1.515E-03   and   3.974E+03 	[ landmark_points ]
2021-07-24 12:36:00,296 - deformetrica.core.estimators.gradient_ascent - INFO - 		4.367E-03   and   2.425E+03 	[ momenta ]
2021-07-24 12:36:00,767 - deformetrica.core.estimators.gradient_ascent - INFO - ------------------------------------- Iteration: 11 -------------------------------------
2021-07-24 12:36:00,768 - deformetrica.core.estimators.gradient_ascent - INFO - >> Log-likelihood = -1.832E+05 	 [ attachment = -1.776E+05 ; regularity = -5.512E+03 ]
2021-07-24 12:36:01,509 - deformetrica.core.estimators.gradient_ascent - INFO - >> Step size and gradient norm: 
2021-07-24 12:36:01,511 - deformetrica.core.estimators.gradient_ascent - INFO - 		2.272E-03   and   4.067E+03 	[ landmark_points ]
2021-07-24 12:36:01,539 - deformetrica.core.estimators.gradient_ascent - INFO - 		6.551E-03   and   2.179E+03 	[ momenta ]
2021-07-24 12:36:02,075 - deformetrica.core.estimators.gradient_ascent - INFO - ------------------------------------- Iteration: 12 -------------------------------------
2021-07-24 12:36:02,076 - deformetrica.core.estimators.gradient_ascent - INFO - >> Log-likelihood = -1.804E+05 	 [ attachment = -1.732E+05 ; regularity = -7.184E+03 ]
2021-07-24 12:36:02,824 - deformetrica.core.estimators.gradient_ascent - INFO - >> Step size and gradient norm: 
2021-07-24 12:36:02,825 - deformetrica.core.estimators.gradient_ascent - INFO - 		3.408E-03   and   9.638E+03 	[ landmark_points ]
2021-07-24 12:36:02,827 - deformetrica.core.estimators.gradient_ascent - INFO - 		9.826E-03   and   4.515E+03 	[ momenta ]
2021-07-24 12:36:04,141 - deformetrica.core.estimators.gradient_ascent - INFO - >> Step size and gradient norm: 
2021-07-24 12:36:04,142 - deformetrica.core.estimators.gradient_ascent - INFO - 		1.704E-03   and   9.638E+03 	[ landmark_points ]
2021-07-24 12:36:04,144 - deformetrica.core.estimators.gradient_ascent - INFO - 		4.913E-03   and   4.515E+03 	[ momenta ]
2021-07-24 12:36:05,488 - deformetrica.core.estimators.gradient_ascent - INFO - ------------------------------------- Iteration: 13 -------------------------------------
2021-07-24 12:36:05,489 - deformetrica.core.estimators.gradient_ascent - INFO - >> Log-likelihood = -1.803E+05 	 [ attachment = -1.723E+05 ; regularity = -7.947E+03 ]
2021-07-24 12:36:06,301 - deformetrica.core.estimators.gradient_ascent - INFO - >> Step size and gradient norm: 
2021-07-24 12:36:06,302 - deformetrica.core.estimators.gradient_ascent - INFO - 		8.520E-04   and   1.095E+04 	[ landmark_points ]
2021-07-24 12:36:06,303 - deformetrica.core.estimators.gradient_ascent - INFO - 		4.913E-03   and   4.995E+03 	[ momenta ]
2021-07-24 12:36:07,590 - deformetrica.core.estimators.gradient_ascent - INFO - ------------------------------------- Iteration: 14 -------------------------------------
2021-07-24 12:36:07,591 - deformetrica.core.estimators.gradient_ascent - INFO - >> Log-likelihood = -1.641E+05 	 [ attachment = -1.560E+05 ; regularity = -8.102E+03 ]
2021-07-24 12:36:08,294 - deformetrica.core.estimators.gradient_ascent - INFO - >> Step size and gradient norm: 
2021-07-24 12:36:08,295 - deformetrica.core.estimators.gradient_ascent - INFO - 		8.520E-04   and   7.677E+03 	[ landmark_points ]
2021-07-24 12:36:08,296 - deformetrica.core.estimators.gradient_ascent - INFO - 		2.457E-03   and   4.658E+03 	[ momenta ]
2021-07-24 12:36:08,740 - deformetrica.core.estimators.gradient_ascent - INFO - ------------------------------------- Iteration: 15 -------------------------------------
2021-07-24 12:36:08,741 - deformetrica.core.estimators.gradient_ascent - INFO - >> Log-likelihood = -1.503E+05 	 [ attachment = -1.418E+05 ; regularity = -8.538E+03 ]
2021-07-24 12:36:09,445 - deformetrica.core.estimators.gradient_ascent - INFO - >> Step size and gradient norm: 
2021-07-24 12:36:09,446 - deformetrica.core.estimators.gradient_ascent - INFO - 		1.278E-03   and   7.858E+03 	[ landmark_points ]
2021-07-24 12:36:09,448 - deformetrica.core.estimators.gradient_ascent - INFO - 		3.685E-03   and   4.284E+03 	[ momenta ]
2021-07-24 12:36:10,722 - deformetrica.core.estimators.gradient_ascent - INFO - ------------------------------------- Iteration: 16 -------------------------------------
2021-07-24 12:36:10,724 - deformetrica.core.estimators.gradient_ascent - INFO - >> Log-likelihood = -1.484E+05 	 [ attachment = -1.397E+05 ; regularity = -8.691E+03 ]
2021-07-24 12:36:11,423 - deformetrica.core.estimators.gradient_ascent - INFO - >> Step size and gradient norm: 
2021-07-24 12:36:11,424 - deformetrica.core.estimators.gradient_ascent - INFO - 		1.278E-03   and   1.114E+04 	[ landmark_points ]
2021-07-24 12:36:11,425 - deformetrica.core.estimators.gradient_ascent - INFO - 		1.842E-03   and   4.329E+03 	[ momenta ]
2021-07-24 12:36:12,864 - deformetrica.core.estimators.gradient_ascent - INFO - ------------------------------------- Iteration: 17 -------------------------------------
2021-07-24 12:36:12,866 - deformetrica.core.estimators.gradient_ascent - INFO - >> Log-likelihood = -1.304E+05 	 [ attachment = -1.214E+05 ; regularity = -9.024E+03 ]
2021-07-24 12:36:13,603 - deformetrica.core.estimators.gradient_ascent - INFO - >> Step size and gradient norm: 
2021-07-24 12:36:13,605 - deformetrica.core.estimators.gradient_ascent - INFO - 		6.390E-04   and   7.976E+03 	[ landmark_points ]
2021-07-24 12:36:13,609 - deformetrica.core.estimators.gradient_ascent - INFO - 		1.842E-03   and   3.535E+03 	[ momenta ]
2021-07-24 12:36:14,042 - deformetrica.core.estimators.gradient_ascent - INFO - ------------------------------------- Iteration: 18 -------------------------------------
2021-07-24 12:36:14,043 - deformetrica.core.estimators.gradient_ascent - INFO - >> Log-likelihood = -1.258E+05 	 [ attachment = -1.166E+05 ; regularity = -9.167E+03 ]
2021-07-24 12:36:14,733 - deformetrica.core.estimators.gradient_ascent - INFO - >> Step size and gradient norm: 
2021-07-24 12:36:14,734 - deformetrica.core.estimators.gradient_ascent - INFO - 		9.585E-04   and   8.171E+03 	[ landmark_points ]
2021-07-24 12:36:14,736 - deformetrica.core.estimators.gradient_ascent - INFO - 		2.764E-03   and   3.270E+03 	[ momenta ]
2021-07-24 12:36:16,073 - deformetrica.core.estimators.gradient_ascent - INFO - >> Step size and gradient norm: 
2021-07-24 12:36:16,075 - deformetrica.core.estimators.gradient_ascent - INFO - 		4.793E-04   and   8.171E+03 	[ landmark_points ]
2021-07-24 12:36:16,078 - deformetrica.core.estimators.gradient_ascent - INFO - 		1.382E-03   and   3.270E+03 	[ momenta ]
2021-07-24 12:36:16,538 - deformetrica.core.estimators.gradient_ascent - INFO - ------------------------------------- Iteration: 19 -------------------------------------
2021-07-24 12:36:16,539 - deformetrica.core.estimators.gradient_ascent - INFO - >> Log-likelihood = -1.169E+05 	 [ attachment = -1.075E+05 ; regularity = -9.346E+03 ]
2021-07-24 12:36:17,308 - deformetrica.core.estimators.gradient_ascent - INFO - >> Step size and gradient norm: 
2021-07-24 12:36:17,310 - deformetrica.core.estimators.gradient_ascent - INFO - 		7.189E-04   and   4.481E+03 	[ landmark_points ]
2021-07-24 12:36:17,312 - deformetrica.core.estimators.gradient_ascent - INFO - 		2.073E-03   and   2.038E+03 	[ momenta ]
2021-07-24 12:36:17,778 - deformetrica.core.estimators.gradient_ascent - INFO - ------------------------------------- Iteration: 20 -------------------------------------
2021-07-24 12:36:17,779 - deformetrica.core.estimators.gradient_ascent - INFO - >> Log-likelihood = -1.164E+05 	 [ attachment = -1.069E+05 ; regularity = -9.509E+03 ]
2021-07-24 12:36:18,451 - deformetrica.core.estimators.gradient_ascent - INFO - >> Step size and gradient norm: 
2021-07-24 12:36:18,452 - deformetrica.core.estimators.gradient_ascent - INFO - 		1.078E-03   and   6.279E+03 	[ landmark_points ]
2021-07-24 12:36:18,479 - deformetrica.core.estimators.gradient_ascent - INFO - 		3.109E-03   and   2.589E+03 	[ momenta ]
2021-07-24 12:36:19,705 - deformetrica.core.estimators.gradient_ascent - INFO - >> Step size and gradient norm: 
2021-07-24 12:36:19,707 - deformetrica.core.estimators.gradient_ascent - INFO - 		5.392E-04   and   6.279E+03 	[ landmark_points ]
2021-07-24 12:36:19,708 - deformetrica.core.estimators.gradient_ascent - INFO - 		1.555E-03   and   2.589E+03 	[ momenta ]
2021-07-24 12:36:20,143 - deformetrica.core.estimators.gradient_ascent - INFO - ------------------------------------- Iteration: 21 -------------------------------------
2021-07-24 12:36:20,144 - deformetrica.core.estimators.gradient_ascent - INFO - >> Log-likelihood = -1.133E+05 	 [ attachment = -1.036E+05 ; regularity = -9.673E+03 ]
2021-07-24 12:36:20,906 - deformetrica.core.estimators.gradient_ascent - INFO - >> Step size and gradient norm: 
2021-07-24 12:36:20,908 - deformetrica.core.estimators.gradient_ascent - INFO - 		8.087E-04   and   5.199E+03 	[ landmark_points ]
2021-07-24 12:36:20,910 - deformetrica.core.estimators.gradient_ascent - INFO - 		2.332E-03   and   2.291E+03 	[ momenta ]
2021-07-24 12:36:22,626 - deformetrica.core.estimators.gradient_ascent - INFO - ------------------------------------- Iteration: 22 -------------------------------------
2021-07-24 12:36:22,627 - deformetrica.core.estimators.gradient_ascent - INFO - >> Log-likelihood = -1.125E+05 	 [ attachment = -1.028E+05 ; regularity = -9.732E+03 ]
2021-07-24 12:36:23,561 - deformetrica.core.estimators.gradient_ascent - INFO - >> Step size and gradient norm: 
2021-07-24 12:36:23,571 - deformetrica.core.estimators.gradient_ascent - INFO - 		8.087E-04   and   6.014E+03 	[ landmark_points ]
2021-07-24 12:36:23,572 - deformetrica.core.estimators.gradient_ascent - INFO - 		1.166E-03   and   2.213E+03 	[ momenta ]
2021-07-24 12:36:24,373 - deformetrica.core.estimators.gradient_ascent - INFO - ------------------------------------- Iteration: 23 -------------------------------------
2021-07-24 12:36:24,376 - deformetrica.core.estimators.gradient_ascent - INFO - >> Log-likelihood = -1.124E+05 	 [ attachment = -1.025E+05 ; regularity = -9.847E+03 ]
2021-07-24 12:36:25,317 - deformetrica.core.estimators.gradient_ascent - INFO - >> Step size and gradient norm: 
2021-07-24 12:36:25,319 - deformetrica.core.estimators.gradient_ascent - INFO - 		1.213E-03   and   6.371E+03 	[ landmark_points ]
2021-07-24 12:36:25,320 - deformetrica.core.estimators.gradient_ascent - INFO - 		1.749E-03   and   2.615E+03 	[ momenta ]
2021-07-24 12:36:26,893 - deformetrica.core.estimators.gradient_ascent - INFO - ------------------------------------- Iteration: 24 -------------------------------------
2021-07-24 12:36:26,894 - deformetrica.core.estimators.gradient_ascent - INFO - >> Log-likelihood = -1.121E+05 	 [ attachment = -1.021E+05 ; regularity = -9.934E+03 ]
2021-07-24 12:36:27,787 - deformetrica.core.estimators.gradient_ascent - INFO - >> Step size and gradient norm: 
2021-07-24 12:36:27,788 - deformetrica.core.estimators.gradient_ascent - INFO - 		6.066E-04   and   6.827E+03 	[ landmark_points ]
2021-07-24 12:36:27,793 - deformetrica.core.estimators.gradient_ascent - INFO - 		1.749E-03   and   2.840E+03 	[ momenta ]
2021-07-24 12:36:28,356 - deformetrica.core.estimators.gradient_ascent - INFO - ------------------------------------- Iteration: 25 -------------------------------------
2021-07-24 12:36:28,357 - deformetrica.core.estimators.gradient_ascent - INFO - >> Log-likelihood = -1.120E+05 	 [ attachment = -1.019E+05 ; regularity = -1.007E+04 ]
2021-07-24 12:36:29,093 - deformetrica.core.estimators.gradient_ascent - INFO - >> Step size and gradient norm: 
2021-07-24 12:36:29,094 - deformetrica.core.estimators.gradient_ascent - INFO - 		9.098E-04   and   7.257E+03 	[ landmark_points ]
2021-07-24 12:36:29,121 - deformetrica.core.estimators.gradient_ascent - INFO - 		2.623E-03   and   3.165E+03 	[ momenta ]
2021-07-24 12:36:30,717 - deformetrica.core.estimators.gradient_ascent - INFO - >> Step size and gradient norm: 
2021-07-24 12:36:30,718 - deformetrica.core.estimators.gradient_ascent - INFO - 		4.549E-04   and   7.257E+03 	[ landmark_points ]
2021-07-24 12:36:30,720 - deformetrica.core.estimators.gradient_ascent - INFO - 		1.312E-03   and   3.165E+03 	[ momenta ]
2021-07-24 12:36:31,172 - deformetrica.core.estimators.gradient_ascent - INFO - ------------------------------------- Iteration: 26 -------------------------------------
2021-07-24 12:36:31,173 - deformetrica.core.estimators.gradient_ascent - INFO - >> Log-likelihood = -1.065E+05 	 [ attachment = -9.636E+04 ; regularity = -1.012E+04 ]
2021-07-24 12:36:31,870 - deformetrica.core.estimators.gradient_ascent - INFO - >> Step size and gradient norm: 
2021-07-24 12:36:31,871 - deformetrica.core.estimators.gradient_ascent - INFO - 		6.824E-04   and   4.379E+03 	[ landmark_points ]
2021-07-24 12:36:31,872 - deformetrica.core.estimators.gradient_ascent - INFO - 		1.967E-03   and   1.920E+03 	[ momenta ]
2021-07-24 12:36:33,178 - deformetrica.core.estimators.gradient_ascent - INFO - ------------------------------------- Iteration: 27 -------------------------------------
2021-07-24 12:36:33,180 - deformetrica.core.estimators.gradient_ascent - INFO - >> Log-likelihood = -1.046E+05 	 [ attachment = -9.447E+04 ; regularity = -1.018E+04 ]
2021-07-24 12:36:34,208 - deformetrica.core.estimators.gradient_ascent - INFO - >> Step size and gradient norm: 
2021-07-24 12:36:34,210 - deformetrica.core.estimators.gradient_ascent - INFO - 		6.824E-04   and   3.565E+03 	[ landmark_points ]
2021-07-24 12:36:34,236 - deformetrica.core.estimators.gradient_ascent - INFO - 		9.837E-04   and   1.508E+03 	[ momenta ]
2021-07-24 12:36:34,895 - deformetrica.core.estimators.gradient_ascent - INFO - ------------------------------------- Iteration: 28 -------------------------------------
2021-07-24 12:36:34,897 - deformetrica.core.estimators.gradient_ascent - INFO - >> Log-likelihood = -1.033E+05 	 [ attachment = -9.306E+04 ; regularity = -1.024E+04 ]
2021-07-24 12:36:35,670 - deformetrica.core.estimators.gradient_ascent - INFO - >> Step size and gradient norm: 
2021-07-24 12:36:35,672 - deformetrica.core.estimators.gradient_ascent - INFO - 		1.024E-03   and   2.865E+03 	[ landmark_points ]
2021-07-24 12:36:35,674 - deformetrica.core.estimators.gradient_ascent - INFO - 		1.476E-03   and   1.264E+03 	[ momenta ]
2021-07-24 12:36:37,279 - deformetrica.core.estimators.gradient_ascent - INFO - ------------------------------------- Iteration: 29 -------------------------------------
2021-07-24 12:36:37,281 - deformetrica.core.estimators.gradient_ascent - INFO - >> Log-likelihood = -1.022E+05 	 [ attachment = -9.190E+04 ; regularity = -1.033E+04 ]
2021-07-24 12:36:38,215 - deformetrica.core.estimators.gradient_ascent - INFO - >> Step size and gradient norm: 
2021-07-24 12:36:38,217 - deformetrica.core.estimators.gradient_ascent - INFO - 		5.118E-04   and   2.419E+03 	[ landmark_points ]
2021-07-24 12:36:38,221 - deformetrica.core.estimators.gradient_ascent - INFO - 		1.476E-03   and   1.182E+03 	[ momenta ]
2021-07-24 12:36:38,785 - deformetrica.core.estimators.gradient_ascent - INFO - ------------------------------------- Iteration: 30 -------------------------------------
2021-07-24 12:36:38,787 - deformetrica.core.estimators.gradient_ascent - INFO - >> Log-likelihood = -1.012E+05 	 [ attachment = -9.081E+04 ; regularity = -1.040E+04 ]
2021-07-24 12:36:39,575 - deformetrica.core.estimators.gradient_ascent - INFO - >> Step size and gradient norm: 
2021-07-24 12:36:39,577 - deformetrica.core.estimators.gradient_ascent - INFO - 		7.677E-04   and   2.225E+03 	[ landmark_points ]
2021-07-24 12:36:39,606 - deformetrica.core.estimators.gradient_ascent - INFO - 		2.213E-03   and   1.053E+03 	[ momenta ]
2021-07-24 12:36:40,227 - deformetrica.core.estimators.gradient_ascent - INFO - ------------------------------------- Iteration: 31 -------------------------------------
2021-07-24 12:36:40,229 - deformetrica.core.estimators.gradient_ascent - INFO - >> Log-likelihood = -1.012E+05 	 [ attachment = -9.062E+04 ; regularity = -1.054E+04 ]
2021-07-24 12:36:41,599 - deformetrica.core.estimators.gradient_ascent - INFO - >> Step size and gradient norm: 
2021-07-24 12:36:41,600 - deformetrica.core.estimators.gradient_ascent - INFO - 		1.152E-03   and   3.718E+03 	[ landmark_points ]
2021-07-24 12:36:41,602 - deformetrica.core.estimators.gradient_ascent - INFO - 		3.320E-03   and   1.704E+03 	[ momenta ]
2021-07-24 12:36:44,197 - deformetrica.core.estimators.gradient_ascent - INFO - >> Step size and gradient norm: 
2021-07-24 12:36:44,199 - deformetrica.core.estimators.gradient_ascent - INFO - 		5.758E-04   and   3.718E+03 	[ landmark_points ]
2021-07-24 12:36:44,200 - deformetrica.core.estimators.gradient_ascent - INFO - 		1.660E-03   and   1.704E+03 	[ momenta ]
2021-07-24 12:36:45,392 - deformetrica.core.estimators.gradient_ascent - INFO - ------------------------------------- Iteration: 32 -------------------------------------
2021-07-24 12:36:45,394 - deformetrica.core.estimators.gradient_ascent - INFO - >> Log-likelihood = -1.006E+05 	 [ attachment = -9.002E+04 ; regularity = -1.062E+04 ]
2021-07-24 12:36:46,296 - deformetrica.core.estimators.gradient_ascent - INFO - >> Step size and gradient norm: 
2021-07-24 12:36:46,298 - deformetrica.core.estimators.gradient_ascent - INFO - 		8.636E-04   and   4.237E+03 	[ landmark_points ]
2021-07-24 12:36:46,299 - deformetrica.core.estimators.gradient_ascent - INFO - 		2.490E-03   and   1.808E+03 	[ momenta ]
2021-07-24 12:36:50,982 - deformetrica.core.estimators.gradient_ascent - INFO - >> Step size and gradient norm: 
2021-07-24 12:36:50,985 - deformetrica.core.estimators.gradient_ascent - INFO - 		4.318E-04   and   4.237E+03 	[ landmark_points ]
2021-07-24 12:36:50,988 - deformetrica.core.estimators.gradient_ascent - INFO - 		1.245E-03   and   1.808E+03 	[ momenta ]
2021-07-24 12:36:53,224 - deformetrica.core.estimators.gradient_ascent - INFO - ------------------------------------- Iteration: 33 -------------------------------------
2021-07-24 12:36:53,226 - deformetrica.core.estimators.gradient_ascent - INFO - >> Log-likelihood = -9.856E+04 	 [ attachment = -8.787E+04 ; regularity = -1.069E+04 ]
2021-07-24 12:36:56,511 - deformetrica.core.estimators.gradient_ascent - INFO - >> Step size and gradient norm: 
2021-07-24 12:36:56,514 - deformetrica.core.estimators.gradient_ascent - INFO - 		6.477E-04   and   2.531E+03 	[ landmark_points ]
2021-07-24 12:36:56,519 - deformetrica.core.estimators.gradient_ascent - INFO - 		1.868E-03   and   1.209E+03 	[ momenta ]
2021-07-24 12:36:57,650 - deformetrica.core.estimators.gradient_ascent - INFO - ------------------------------------- Iteration: 34 -------------------------------------
2021-07-24 12:36:57,652 - deformetrica.core.estimators.gradient_ascent - INFO - >> Log-likelihood = -9.823E+04 	 [ attachment = -8.744E+04 ; regularity = -1.078E+04 ]
2021-07-24 12:36:58,520 - deformetrica.core.estimators.gradient_ascent - INFO - >> Step size and gradient norm: 
2021-07-24 12:36:58,521 - deformetrica.core.estimators.gradient_ascent - INFO - 		9.716E-04   and   3.551E+03 	[ landmark_points ]
2021-07-24 12:36:58,523 - deformetrica.core.estimators.gradient_ascent - INFO - 		2.801E-03   and   1.514E+03 	[ momenta ]
2021-07-24 12:37:00,265 - deformetrica.core.estimators.gradient_ascent - INFO - >> Step size and gradient norm: 
2021-07-24 12:37:00,266 - deformetrica.core.estimators.gradient_ascent - INFO - 		4.858E-04   and   3.551E+03 	[ landmark_points ]
2021-07-24 12:37:00,268 - deformetrica.core.estimators.gradient_ascent - INFO - 		1.401E-03   and   1.514E+03 	[ momenta ]
2021-07-24 12:37:00,833 - deformetrica.core.estimators.gradient_ascent - INFO - ------------------------------------- Iteration: 35 -------------------------------------
2021-07-24 12:37:00,834 - deformetrica.core.estimators.gradient_ascent - INFO - >> Log-likelihood = -9.689E+04 	 [ attachment = -8.603E+04 ; regularity = -1.086E+04 ]
2021-07-24 12:37:01,676 - deformetrica.core.estimators.gradient_ascent - INFO - >> Step size and gradient norm: 
2021-07-24 12:37:01,678 - deformetrica.core.estimators.gradient_ascent - INFO - 		7.287E-04   and   2.812E+03 	[ landmark_points ]
2021-07-24 12:37:01,686 - deformetrica.core.estimators.gradient_ascent - INFO - 		2.101E-03   and   1.309E+03 	[ momenta ]
2021-07-24 12:37:03,286 - deformetrica.core.estimators.gradient_ascent - INFO - ------------------------------------- Iteration: 36 -------------------------------------
2021-07-24 12:37:03,287 - deformetrica.core.estimators.gradient_ascent - INFO - >> Log-likelihood = -9.604E+04 	 [ attachment = -8.507E+04 ; regularity = -1.097E+04 ]
2021-07-24 12:37:04,104 - deformetrica.core.estimators.gradient_ascent - INFO - >> Step size and gradient norm: 
2021-07-24 12:37:04,105 - deformetrica.core.estimators.gradient_ascent - INFO - 		3.643E-04   and   2.976E+03 	[ landmark_points ]
2021-07-24 12:37:04,106 - deformetrica.core.estimators.gradient_ascent - INFO - 		2.101E-03   and   1.422E+03 	[ momenta ]
2021-07-24 12:37:04,609 - deformetrica.core.estimators.gradient_ascent - INFO - ------------------------------------- Iteration: 37 -------------------------------------
2021-07-24 12:37:04,610 - deformetrica.core.estimators.gradient_ascent - INFO - >> Log-likelihood = -9.528E+04 	 [ attachment = -8.419E+04 ; regularity = -1.109E+04 ]
2021-07-24 12:37:05,393 - deformetrica.core.estimators.gradient_ascent - INFO - >> Step size and gradient norm: 
2021-07-24 12:37:05,394 - deformetrica.core.estimators.gradient_ascent - INFO - 		5.465E-04   and   3.139E+03 	[ landmark_points ]
2021-07-24 12:37:05,397 - deformetrica.core.estimators.gradient_ascent - INFO - 		3.152E-03   and   1.599E+03 	[ momenta ]
2021-07-24 12:37:07,097 - deformetrica.core.estimators.gradient_ascent - INFO - ------------------------------------- Iteration: 38 -------------------------------------
2021-07-24 12:37:07,098 - deformetrica.core.estimators.gradient_ascent - INFO - >> Log-likelihood = -9.430E+04 	 [ attachment = -8.313E+04 ; regularity = -1.117E+04 ]
2021-07-24 12:37:07,876 - deformetrica.core.estimators.gradient_ascent - INFO - >> Step size and gradient norm: 
2021-07-24 12:37:07,878 - deformetrica.core.estimators.gradient_ascent - INFO - 		5.465E-04   and   3.456E+03 	[ landmark_points ]
2021-07-24 12:37:07,881 - deformetrica.core.estimators.gradient_ascent - INFO - 		1.576E-03   and   1.524E+03 	[ momenta ]
2021-07-24 12:37:08,379 - deformetrica.core.estimators.gradient_ascent - INFO - ------------------------------------- Iteration: 39 -------------------------------------
2021-07-24 12:37:08,381 - deformetrica.core.estimators.gradient_ascent - INFO - >> Log-likelihood = -9.348E+04 	 [ attachment = -8.222E+04 ; regularity = -1.126E+04 ]
2021-07-24 12:37:09,137 - deformetrica.core.estimators.gradient_ascent - INFO - >> Step size and gradient norm: 
2021-07-24 12:37:09,138 - deformetrica.core.estimators.gradient_ascent - INFO - 		8.198E-04   and   3.437E+03 	[ landmark_points ]
2021-07-24 12:37:09,140 - deformetrica.core.estimators.gradient_ascent - INFO - 		2.364E-03   and   1.587E+03 	[ momenta ]
2021-07-24 12:37:10,620 - deformetrica.core.estimators.gradient_ascent - INFO - ------------------------------------- Iteration: 40 -------------------------------------
2021-07-24 12:37:10,621 - deformetrica.core.estimators.gradient_ascent - INFO - >> Log-likelihood = -9.315E+04 	 [ attachment = -8.182E+04 ; regularity = -1.133E+04 ]
2021-07-24 12:37:11,504 - deformetrica.core.estimators.gradient_ascent - INFO - >> Step size and gradient norm: 
2021-07-24 12:37:11,506 - deformetrica.core.estimators.gradient_ascent - INFO - 		8.198E-04   and   4.587E+03 	[ landmark_points ]
2021-07-24 12:37:11,507 - deformetrica.core.estimators.gradient_ascent - INFO - 		1.182E-03   and   1.711E+03 	[ momenta ]
2021-07-24 12:37:13,146 - deformetrica.core.estimators.gradient_ascent - INFO - ------------------------------------- Iteration: 41 -------------------------------------
2021-07-24 12:37:13,149 - deformetrica.core.estimators.gradient_ascent - INFO - >> Log-likelihood = -9.089E+04 	 [ attachment = -7.949E+04 ; regularity = -1.140E+04 ]
2021-07-24 12:37:13,990 - deformetrica.core.estimators.gradient_ascent - INFO - >> Step size and gradient norm: 
2021-07-24 12:37:13,991 - deformetrica.core.estimators.gradient_ascent - INFO - 		4.099E-04   and   2.402E+03 	[ landmark_points ]
2021-07-24 12:37:13,993 - deformetrica.core.estimators.gradient_ascent - INFO - 		1.182E-03   and   1.176E+03 	[ momenta ]
2021-07-24 12:37:14,548 - deformetrica.core.estimators.gradient_ascent - INFO - ------------------------------------- Iteration: 42 -------------------------------------
2021-07-24 12:37:14,550 - deformetrica.core.estimators.gradient_ascent - INFO - >> Log-likelihood = -8.967E+04 	 [ attachment = -7.820E+04 ; regularity = -1.146E+04 ]
2021-07-24 12:37:17,143 - deformetrica.core.estimators.gradient_ascent - INFO - >> Step size and gradient norm: 
2021-07-24 12:37:17,145 - deformetrica.core.estimators.gradient_ascent - INFO - 		6.148E-04   and   1.693E+03 	[ landmark_points ]
2021-07-24 12:37:17,148 - deformetrica.core.estimators.gradient_ascent - INFO - 		1.773E-03   and   8.433E+02 	[ momenta ]
2021-07-24 12:37:19,605 - deformetrica.core.estimators.gradient_ascent - INFO - ------------------------------------- Iteration: 43 -------------------------------------
2021-07-24 12:37:19,606 - deformetrica.core.estimators.gradient_ascent - INFO - >> Log-likelihood = -8.851E+04 	 [ attachment = -7.694E+04 ; regularity = -1.158E+04 ]
2021-07-24 12:37:21,536 - deformetrica.core.estimators.gradient_ascent - INFO - >> Step size and gradient norm: 
2021-07-24 12:37:21,539 - deformetrica.core.estimators.gradient_ascent - INFO - 		9.222E-04   and   1.943E+03 	[ landmark_points ]
2021-07-24 12:37:21,541 - deformetrica.core.estimators.gradient_ascent - INFO - 		2.659E-03   and   9.842E+02 	[ momenta ]
2021-07-24 12:37:22,572 - deformetrica.core.estimators.gradient_ascent - INFO - ------------------------------------- Iteration: 44 -------------------------------------
2021-07-24 12:37:22,574 - deformetrica.core.estimators.gradient_ascent - INFO - >> Log-likelihood = -8.817E+04 	 [ attachment = -7.644E+04 ; regularity = -1.173E+04 ]
2021-07-24 12:37:23,770 - deformetrica.core.estimators.gradient_ascent - INFO - >> Step size and gradient norm: 
2021-07-24 12:37:23,771 - deformetrica.core.estimators.gradient_ascent - INFO - 		1.383E-03   and   4.377E+03 	[ landmark_points ]
2021-07-24 12:37:23,773 - deformetrica.core.estimators.gradient_ascent - INFO - 		3.989E-03   and   1.688E+03 	[ momenta ]
2021-07-24 12:37:26,046 - deformetrica.core.estimators.gradient_ascent - INFO - >> Step size and gradient norm: 
2021-07-24 12:37:26,047 - deformetrica.core.estimators.gradient_ascent - INFO - 		6.917E-04   and   4.377E+03 	[ landmark_points ]
2021-07-24 12:37:26,049 - deformetrica.core.estimators.gradient_ascent - INFO - 		1.994E-03   and   1.688E+03 	[ momenta ]
2021-07-24 12:37:29,477 - deformetrica.core.estimators.gradient_ascent - INFO - ------------------------------------- Iteration: 45 -------------------------------------
2021-07-24 12:37:29,479 - deformetrica.core.estimators.gradient_ascent - INFO - >> Log-likelihood = -8.678E+04 	 [ attachment = -7.490E+04 ; regularity = -1.188E+04 ]
2021-07-24 12:37:31,360 - deformetrica.core.estimators.gradient_ascent - INFO - >> Step size and gradient norm: 
2021-07-24 12:37:31,363 - deformetrica.core.estimators.gradient_ascent - INFO - 		3.458E-04   and   3.729E+03 	[ landmark_points ]
2021-07-24 12:37:31,382 - deformetrica.core.estimators.gradient_ascent - INFO - 		1.994E-03   and   1.752E+03 	[ momenta ]
2021-07-24 12:37:32,959 - deformetrica.core.estimators.gradient_ascent - INFO - ------------------------------------- Iteration: 46 -------------------------------------
2021-07-24 12:37:32,961 - deformetrica.core.estimators.gradient_ascent - INFO - >> Log-likelihood = -8.543E+04 	 [ attachment = -7.346E+04 ; regularity = -1.197E+04 ]
2021-07-24 12:37:34,029 - deformetrica.core.estimators.gradient_ascent - INFO - >> Step size and gradient norm: 
2021-07-24 12:37:34,032 - deformetrica.core.estimators.gradient_ascent - INFO - 		5.188E-04   and   3.786E+03 	[ landmark_points ]
2021-07-24 12:37:34,034 - deformetrica.core.estimators.gradient_ascent - INFO - 		2.991E-03   and   1.714E+03 	[ momenta ]
2021-07-24 12:37:35,662 - deformetrica.core.estimators.gradient_ascent - INFO - ------------------------------------- Iteration: 47 -------------------------------------
2021-07-24 12:37:35,663 - deformetrica.core.estimators.gradient_ascent - INFO - >> Log-likelihood = -8.398E+04 	 [ attachment = -7.190E+04 ; regularity = -1.208E+04 ]
2021-07-24 12:37:36,456 - deformetrica.core.estimators.gradient_ascent - INFO - >> Step size and gradient norm: 
2021-07-24 12:37:36,457 - deformetrica.core.estimators.gradient_ascent - INFO - 		5.188E-04   and   3.635E+03 	[ landmark_points ]
2021-07-24 12:37:36,484 - deformetrica.core.estimators.gradient_ascent - INFO - 		1.496E-03   and   1.581E+03 	[ momenta ]
2021-07-24 12:37:37,067 - deformetrica.core.estimators.gradient_ascent - INFO - ------------------------------------- Iteration: 48 -------------------------------------
2021-07-24 12:37:37,069 - deformetrica.core.estimators.gradient_ascent - INFO - >> Log-likelihood = -8.259E+04 	 [ attachment = -7.043E+04 ; regularity = -1.216E+04 ]
2021-07-24 12:37:37,849 - deformetrica.core.estimators.gradient_ascent - INFO - >> Step size and gradient norm: 
2021-07-24 12:37:37,850 - deformetrica.core.estimators.gradient_ascent - INFO - 		7.781E-04   and   3.458E+03 	[ landmark_points ]
2021-07-24 12:37:37,852 - deformetrica.core.estimators.gradient_ascent - INFO - 		2.244E-03   and   1.447E+03 	[ momenta ]
2021-07-24 12:37:39,275 - deformetrica.core.estimators.gradient_ascent - INFO - ------------------------------------- Iteration: 49 -------------------------------------
2021-07-24 12:37:39,276 - deformetrica.core.estimators.gradient_ascent - INFO - >> Log-likelihood = -8.178E+04 	 [ attachment = -6.946E+04 ; regularity = -1.232E+04 ]
2021-07-24 12:37:40,057 - deformetrica.core.estimators.gradient_ascent - INFO - >> Step size and gradient norm: 
2021-07-24 12:37:40,059 - deformetrica.core.estimators.gradient_ascent - INFO - 		3.891E-04   and   3.751E+03 	[ landmark_points ]
2021-07-24 12:37:40,061 - deformetrica.core.estimators.gradient_ascent - INFO - 		2.244E-03   and   1.771E+03 	[ momenta ]
2021-07-24 12:37:40,544 - deformetrica.core.estimators.gradient_ascent - INFO - ------------------------------------- Iteration: 50 -------------------------------------
2021-07-24 12:37:40,545 - deformetrica.core.estimators.gradient_ascent - INFO - >> Log-likelihood = -8.133E+04 	 [ attachment = -6.889E+04 ; regularity = -1.244E+04 ]
2021-07-24 12:37:41,444 - deformetrica.core.estimators.gradient_ascent - INFO - >> Step size and gradient norm: 
2021-07-24 12:37:41,446 - deformetrica.core.estimators.gradient_ascent - INFO - 		5.836E-04   and   4.526E+03 	[ landmark_points ]
2021-07-24 12:37:41,447 - deformetrica.core.estimators.gradient_ascent - INFO - 		3.365E-03   and   2.083E+03 	[ momenta ]
2021-07-24 12:37:43,723 - deformetrica.core.estimators.gradient_ascent - INFO - ------------------------------------- Iteration: 51 -------------------------------------
2021-07-24 12:37:43,724 - deformetrica.core.estimators.gradient_ascent - INFO - >> Log-likelihood = -8.071E+04 	 [ attachment = -6.816E+04 ; regularity = -1.255E+04 ]
2021-07-24 12:37:45,331 - deformetrica.core.estimators.gradient_ascent - INFO - >> Step size and gradient norm: 
2021-07-24 12:37:45,332 - deformetrica.core.estimators.gradient_ascent - INFO - 		5.836E-04   and   5.236E+03 	[ landmark_points ]
2021-07-24 12:37:45,334 - deformetrica.core.estimators.gradient_ascent - INFO - 		1.683E-03   and   2.239E+03 	[ momenta ]
2021-07-24 12:37:46,303 - deformetrica.core.estimators.gradient_ascent - INFO - ------------------------------------- Iteration: 52 -------------------------------------
2021-07-24 12:37:46,304 - deformetrica.core.estimators.gradient_ascent - INFO - >> Log-likelihood = -8.041E+04 	 [ attachment = -6.776E+04 ; regularity = -1.265E+04 ]
2021-07-24 12:37:47,416 - deformetrica.core.estimators.gradient_ascent - INFO - >> Step size and gradient norm: 
2021-07-24 12:37:47,420 - deformetrica.core.estimators.gradient_ascent - INFO - 		8.754E-04   and   5.949E+03 	[ landmark_points ]
2021-07-24 12:37:47,423 - deformetrica.core.estimators.gradient_ascent - INFO - 		2.524E-03   and   2.365E+03 	[ momenta ]
2021-07-24 12:37:49,307 - deformetrica.core.estimators.gradient_ascent - INFO - >> Step size and gradient norm: 
2021-07-24 12:37:49,309 - deformetrica.core.estimators.gradient_ascent - INFO - 		4.377E-04   and   5.949E+03 	[ landmark_points ]
2021-07-24 12:37:49,310 - deformetrica.core.estimators.gradient_ascent - INFO - 		1.262E-03   and   2.365E+03 	[ momenta ]
2021-07-24 12:37:49,941 - deformetrica.core.estimators.gradient_ascent - INFO - ------------------------------------- Iteration: 53 -------------------------------------
2021-07-24 12:37:49,943 - deformetrica.core.estimators.gradient_ascent - INFO - >> Log-likelihood = -7.688E+04 	 [ attachment = -6.416E+04 ; regularity = -1.272E+04 ]
2021-07-24 12:37:50,897 - deformetrica.core.estimators.gradient_ascent - INFO - >> Step size and gradient norm: 
2021-07-24 12:37:50,899 - deformetrica.core.estimators.gradient_ascent - INFO - 		6.566E-04   and   3.607E+03 	[ landmark_points ]
2021-07-24 12:37:50,900 - deformetrica.core.estimators.gradient_ascent - INFO - 		1.893E-03   and   1.514E+03 	[ momenta ]
2021-07-24 12:37:52,870 - deformetrica.core.estimators.gradient_ascent - INFO - ------------------------------------- Iteration: 54 -------------------------------------
2021-07-24 12:37:52,871 - deformetrica.core.estimators.gradient_ascent - INFO - >> Log-likelihood = -7.548E+04 	 [ attachment = -6.265E+04 ; regularity = -1.283E+04 ]
2021-07-24 12:37:54,216 - deformetrica.core.estimators.gradient_ascent - INFO - >> Step size and gradient norm: 
2021-07-24 12:37:54,218 - deformetrica.core.estimators.gradient_ascent - INFO - 		3.283E-04   and   2.776E+03 	[ landmark_points ]
2021-07-24 12:37:54,220 - deformetrica.core.estimators.gradient_ascent - INFO - 		1.893E-03   and   1.351E+03 	[ momenta ]
2021-07-24 12:37:54,801 - deformetrica.core.estimators.gradient_ascent - INFO - ------------------------------------- Iteration: 55 -------------------------------------
2021-07-24 12:37:54,803 - deformetrica.core.estimators.gradient_ascent - INFO - >> Log-likelihood = -7.430E+04 	 [ attachment = -6.136E+04 ; regularity = -1.294E+04 ]
2021-07-24 12:37:56,094 - deformetrica.core.estimators.gradient_ascent - INFO - >> Step size and gradient norm: 
2021-07-24 12:37:56,095 - deformetrica.core.estimators.gradient_ascent - INFO - 		4.924E-04   and   2.473E+03 	[ landmark_points ]
2021-07-24 12:37:56,097 - deformetrica.core.estimators.gradient_ascent - INFO - 		2.840E-03   and   1.246E+03 	[ momenta ]
2021-07-24 12:37:57,811 - deformetrica.core.estimators.gradient_ascent - INFO - ------------------------------------- Iteration: 56 -------------------------------------
2021-07-24 12:37:57,813 - deformetrica.core.estimators.gradient_ascent - INFO - >> Log-likelihood = -7.326E+04 	 [ attachment = -6.024E+04 ; regularity = -1.302E+04 ]
2021-07-24 12:37:58,590 - deformetrica.core.estimators.gradient_ascent - INFO - >> Step size and gradient norm: 
2021-07-24 12:37:58,592 - deformetrica.core.estimators.gradient_ascent - INFO - 		4.924E-04   and   2.166E+03 	[ landmark_points ]
2021-07-24 12:37:58,594 - deformetrica.core.estimators.gradient_ascent - INFO - 		1.420E-03   and   1.016E+03 	[ momenta ]
2021-07-24 12:37:59,072 - deformetrica.core.estimators.gradient_ascent - INFO - ------------------------------------- Iteration: 57 -------------------------------------
2021-07-24 12:37:59,073 - deformetrica.core.estimators.gradient_ascent - INFO - >> Log-likelihood = -7.240E+04 	 [ attachment = -5.930E+04 ; regularity = -1.310E+04 ]
2021-07-24 12:38:00,100 - deformetrica.core.estimators.gradient_ascent - INFO - >> Step size and gradient norm: 
2021-07-24 12:38:00,103 - deformetrica.core.estimators.gradient_ascent - INFO - 		7.386E-04   and   1.890E+03 	[ landmark_points ]
2021-07-24 12:38:00,105 - deformetrica.core.estimators.gradient_ascent - INFO - 		2.130E-03   and   9.302E+02 	[ momenta ]
2021-07-24 12:38:00,671 - deformetrica.core.estimators.gradient_ascent - INFO - ------------------------------------- Iteration: 58 -------------------------------------
2021-07-24 12:38:00,672 - deformetrica.core.estimators.gradient_ascent - INFO - >> Log-likelihood = -7.197E+04 	 [ attachment = -5.875E+04 ; regularity = -1.322E+04 ]
2021-07-24 12:38:01,544 - deformetrica.core.estimators.gradient_ascent - INFO - >> Step size and gradient norm: 
2021-07-24 12:38:01,546 - deformetrica.core.estimators.gradient_ascent - INFO - 		1.108E-03   and   3.168E+03 	[ landmark_points ]
2021-07-24 12:38:01,548 - deformetrica.core.estimators.gradient_ascent - INFO - 		3.195E-03   and   1.299E+03 	[ momenta ]
2021-07-24 12:38:03,037 - deformetrica.core.estimators.gradient_ascent - INFO - >> Step size and gradient norm: 
2021-07-24 12:38:03,038 - deformetrica.core.estimators.gradient_ascent - INFO - 		5.540E-04   and   3.168E+03 	[ landmark_points ]
2021-07-24 12:38:03,040 - deformetrica.core.estimators.gradient_ascent - INFO - 		1.597E-03   and   1.299E+03 	[ momenta ]
2021-07-24 12:38:03,504 - deformetrica.core.estimators.gradient_ascent - INFO - ------------------------------------- Iteration: 59 -------------------------------------
2021-07-24 12:38:03,505 - deformetrica.core.estimators.gradient_ascent - INFO - >> Log-likelihood = -7.135E+04 	 [ attachment = -5.806E+04 ; regularity = -1.330E+04 ]
2021-07-24 12:38:04,274 - deformetrica.core.estimators.gradient_ascent - INFO - >> Step size and gradient norm: 
2021-07-24 12:38:04,276 - deformetrica.core.estimators.gradient_ascent - INFO - 		8.310E-04   and   3.543E+03 	[ landmark_points ]
2021-07-24 12:38:04,277 - deformetrica.core.estimators.gradient_ascent - INFO - 		2.396E-03   and   1.408E+03 	[ momenta ]
2021-07-24 12:38:05,836 - deformetrica.core.estimators.gradient_ascent - INFO - >> Step size and gradient norm: 
2021-07-24 12:38:05,838 - deformetrica.core.estimators.gradient_ascent - INFO - 		4.155E-04   and   3.543E+03 	[ landmark_points ]
2021-07-24 12:38:05,864 - deformetrica.core.estimators.gradient_ascent - INFO - 		1.198E-03   and   1.408E+03 	[ momenta ]
2021-07-24 12:38:06,357 - deformetrica.core.estimators.gradient_ascent - INFO - ------------------------------------- Iteration: 60 -------------------------------------
2021-07-24 12:38:06,359 - deformetrica.core.estimators.gradient_ascent - INFO - >> Log-likelihood = -7.004E+04 	 [ attachment = -5.667E+04 ; regularity = -1.337E+04 ]
2021-07-24 12:38:07,174 - deformetrica.core.estimators.gradient_ascent - INFO - >> Step size and gradient norm: 
2021-07-24 12:38:07,176 - deformetrica.core.estimators.gradient_ascent - INFO - 		6.232E-04   and   2.183E+03 	[ landmark_points ]
2021-07-24 12:38:07,177 - deformetrica.core.estimators.gradient_ascent - INFO - 		1.797E-03   and   9.141E+02 	[ momenta ]
2021-07-24 12:38:07,695 - deformetrica.core.estimators.gradient_ascent - INFO - ------------------------------------- Iteration: 61 -------------------------------------
2021-07-24 12:38:07,696 - deformetrica.core.estimators.gradient_ascent - INFO - >> Log-likelihood = -6.960E+04 	 [ attachment = -5.614E+04 ; regularity = -1.345E+04 ]
2021-07-24 12:38:08,453 - deformetrica.core.estimators.gradient_ascent - INFO - >> Step size and gradient norm: 
2021-07-24 12:38:08,455 - deformetrica.core.estimators.gradient_ascent - INFO - 		9.348E-04   and   3.181E+03 	[ landmark_points ]
2021-07-24 12:38:08,456 - deformetrica.core.estimators.gradient_ascent - INFO - 		2.695E-03   and   1.166E+03 	[ momenta ]
2021-07-24 12:38:09,906 - deformetrica.core.estimators.gradient_ascent - INFO - >> Step size and gradient norm: 
2021-07-24 12:38:09,907 - deformetrica.core.estimators.gradient_ascent - INFO - 		4.674E-04   and   3.181E+03 	[ landmark_points ]
2021-07-24 12:38:09,908 - deformetrica.core.estimators.gradient_ascent - INFO - 		1.348E-03   and   1.166E+03 	[ momenta ]
2021-07-24 12:38:10,451 - deformetrica.core.estimators.gradient_ascent - INFO - ------------------------------------- Iteration: 62 -------------------------------------
2021-07-24 12:38:10,453 - deformetrica.core.estimators.gradient_ascent - INFO - >> Log-likelihood = -6.876E+04 	 [ attachment = -5.523E+04 ; regularity = -1.353E+04 ]
2021-07-24 12:38:11,224 - deformetrica.core.estimators.gradient_ascent - INFO - >> Step size and gradient norm: 
2021-07-24 12:38:11,226 - deformetrica.core.estimators.gradient_ascent - INFO - 		7.011E-04   and   2.733E+03 	[ landmark_points ]
2021-07-24 12:38:11,253 - deformetrica.core.estimators.gradient_ascent - INFO - 		2.022E-03   and   9.789E+02 	[ momenta ]
2021-07-24 12:38:12,748 - deformetrica.core.estimators.gradient_ascent - INFO - ------------------------------------- Iteration: 63 -------------------------------------
2021-07-24 12:38:12,750 - deformetrica.core.estimators.gradient_ascent - INFO - >> Log-likelihood = -6.792E+04 	 [ attachment = -5.431E+04 ; regularity = -1.362E+04 ]
2021-07-24 12:38:13,506 - deformetrica.core.estimators.gradient_ascent - INFO - >> Step size and gradient norm: 
2021-07-24 12:38:13,508 - deformetrica.core.estimators.gradient_ascent - INFO - 		3.506E-04   and   2.574E+03 	[ landmark_points ]
2021-07-24 12:38:13,509 - deformetrica.core.estimators.gradient_ascent - INFO - 		2.022E-03   and   1.026E+03 	[ momenta ]
2021-07-24 12:38:13,983 - deformetrica.core.estimators.gradient_ascent - INFO - ------------------------------------- Iteration: 64 -------------------------------------
2021-07-24 12:38:13,984 - deformetrica.core.estimators.gradient_ascent - INFO - >> Log-likelihood = -6.716E+04 	 [ attachment = -5.344E+04 ; regularity = -1.373E+04 ]
2021-07-24 12:38:14,758 - deformetrica.core.estimators.gradient_ascent - INFO - >> Step size and gradient norm: 
2021-07-24 12:38:14,760 - deformetrica.core.estimators.gradient_ascent - INFO - 		5.258E-04   and   2.525E+03 	[ landmark_points ]
2021-07-24 12:38:14,762 - deformetrica.core.estimators.gradient_ascent - INFO - 		3.032E-03   and   1.028E+03 	[ momenta ]
2021-07-24 12:38:16,281 - deformetrica.core.estimators.gradient_ascent - INFO - ------------------------------------- Iteration: 65 -------------------------------------
2021-07-24 12:38:16,283 - deformetrica.core.estimators.gradient_ascent - INFO - >> Log-likelihood = -6.660E+04 	 [ attachment = -5.281E+04 ; regularity = -1.379E+04 ]
2021-07-24 12:38:17,235 - deformetrica.core.estimators.gradient_ascent - INFO - >> Step size and gradient norm: 
2021-07-24 12:38:17,236 - deformetrica.core.estimators.gradient_ascent - INFO - 		5.258E-04   and   3.092E+03 	[ landmark_points ]
2021-07-24 12:38:17,238 - deformetrica.core.estimators.gradient_ascent - INFO - 		1.516E-03   and   1.054E+03 	[ momenta ]
2021-07-24 12:38:17,795 - deformetrica.core.estimators.gradient_ascent - INFO - ------------------------------------- Iteration: 66 -------------------------------------
2021-07-24 12:38:17,796 - deformetrica.core.estimators.gradient_ascent - INFO - >> Log-likelihood = -6.616E+04 	 [ attachment = -5.229E+04 ; regularity = -1.387E+04 ]
2021-07-24 12:38:18,638 - deformetrica.core.estimators.gradient_ascent - INFO - >> Step size and gradient norm: 
2021-07-24 12:38:18,639 - deformetrica.core.estimators.gradient_ascent - INFO - 		7.888E-04   and   3.496E+03 	[ landmark_points ]
2021-07-24 12:38:18,641 - deformetrica.core.estimators.gradient_ascent - INFO - 		2.274E-03   and   1.102E+03 	[ momenta ]
2021-07-24 12:38:20,051 - deformetrica.core.estimators.gradient_ascent - INFO - ------------------------------------- Iteration: 67 -------------------------------------
2021-07-24 12:38:20,052 - deformetrica.core.estimators.gradient_ascent - INFO - >> Log-likelihood = -6.591E+04 	 [ attachment = -5.196E+04 ; regularity = -1.395E+04 ]
2021-07-24 12:38:20,810 - deformetrica.core.estimators.gradient_ascent - INFO - >> Step size and gradient norm: 
2021-07-24 12:38:20,811 - deformetrica.core.estimators.gradient_ascent - INFO - 		3.944E-04   and   4.153E+03 	[ landmark_points ]
2021-07-24 12:38:20,813 - deformetrica.core.estimators.gradient_ascent - INFO - 		2.274E-03   and   1.378E+03 	[ momenta ]
2021-07-24 12:38:22,226 - deformetrica.core.estimators.gradient_ascent - INFO - ------------------------------------- Iteration: 68 -------------------------------------
2021-07-24 12:38:22,227 - deformetrica.core.estimators.gradient_ascent - INFO - >> Log-likelihood = -6.461E+04 	 [ attachment = -5.061E+04 ; regularity = -1.401E+04 ]
2021-07-24 12:38:23,041 - deformetrica.core.estimators.gradient_ascent - INFO - >> Step size and gradient norm: 
2021-07-24 12:38:23,043 - deformetrica.core.estimators.gradient_ascent - INFO - 		3.944E-04   and   2.696E+03 	[ landmark_points ]
2021-07-24 12:38:23,044 - deformetrica.core.estimators.gradient_ascent - INFO - 		1.137E-03   and   8.474E+02 	[ momenta ]
2021-07-24 12:38:23,670 - deformetrica.core.estimators.gradient_ascent - INFO - ------------------------------------- Iteration: 69 -------------------------------------
2021-07-24 12:38:23,671 - deformetrica.core.estimators.gradient_ascent - INFO - >> Log-likelihood = -6.391E+04 	 [ attachment = -4.987E+04 ; regularity = -1.405E+04 ]
2021-07-24 12:38:24,466 - deformetrica.core.estimators.gradient_ascent - INFO - >> Step size and gradient norm: 
2021-07-24 12:38:24,468 - deformetrica.core.estimators.gradient_ascent - INFO - 		5.916E-04   and   1.838E+03 	[ landmark_points ]
2021-07-24 12:38:24,469 - deformetrica.core.estimators.gradient_ascent - INFO - 		1.706E-03   and   7.009E+02 	[ momenta ]
2021-07-24 12:38:24,969 - deformetrica.core.estimators.gradient_ascent - INFO - ------------------------------------- Iteration: 70 -------------------------------------
2021-07-24 12:38:24,970 - deformetrica.core.estimators.gradient_ascent - INFO - >> Log-likelihood = -6.351E+04 	 [ attachment = -4.939E+04 ; regularity = -1.413E+04 ]
2021-07-24 12:38:25,891 - deformetrica.core.estimators.gradient_ascent - INFO - >> Step size and gradient norm: 
2021-07-24 12:38:25,894 - deformetrica.core.estimators.gradient_ascent - INFO - 		8.874E-04   and   2.533E+03 	[ landmark_points ]
2021-07-24 12:38:25,897 - deformetrica.core.estimators.gradient_ascent - INFO - 		2.558E-03   and   7.951E+02 	[ momenta ]
2021-07-24 12:38:27,552 - deformetrica.core.estimators.gradient_ascent - INFO - ------------------------------------- Iteration: 71 -------------------------------------
2021-07-24 12:38:27,553 - deformetrica.core.estimators.gradient_ascent - INFO - >> Log-likelihood = -6.324E+04 	 [ attachment = -4.903E+04 ; regularity = -1.422E+04 ]
2021-07-24 12:38:28,306 - deformetrica.core.estimators.gradient_ascent - INFO - >> Step size and gradient norm: 
2021-07-24 12:38:28,307 - deformetrica.core.estimators.gradient_ascent - INFO - 		4.437E-04   and   3.617E+03 	[ landmark_points ]
2021-07-24 12:38:28,309 - deformetrica.core.estimators.gradient_ascent - INFO - 		2.558E-03   and   1.117E+03 	[ momenta ]
2021-07-24 12:38:29,716 - deformetrica.core.estimators.gradient_ascent - INFO - ------------------------------------- Iteration: 72 -------------------------------------
2021-07-24 12:38:29,717 - deformetrica.core.estimators.gradient_ascent - INFO - >> Log-likelihood = -6.254E+04 	 [ attachment = -4.821E+04 ; regularity = -1.433E+04 ]
2021-07-24 12:38:30,526 - deformetrica.core.estimators.gradient_ascent - INFO - >> Step size and gradient norm: 
2021-07-24 12:38:30,527 - deformetrica.core.estimators.gradient_ascent - INFO - 		2.218E-04   and   3.120E+03 	[ landmark_points ]
2021-07-24 12:38:30,529 - deformetrica.core.estimators.gradient_ascent - INFO - 		2.558E-03   and   1.178E+03 	[ momenta ]
2021-07-24 12:38:31,097 - deformetrica.core.estimators.gradient_ascent - INFO - ------------------------------------- Iteration: 73 -------------------------------------
2021-07-24 12:38:31,099 - deformetrica.core.estimators.gradient_ascent - INFO - >> Log-likelihood = -6.218E+04 	 [ attachment = -4.777E+04 ; regularity = -1.442E+04 ]
2021-07-24 12:38:31,897 - deformetrica.core.estimators.gradient_ascent - INFO - >> Step size and gradient norm: 
2021-07-24 12:38:31,898 - deformetrica.core.estimators.gradient_ascent - INFO - 		3.328E-04   and   3.372E+03 	[ landmark_points ]
2021-07-24 12:38:31,904 - deformetrica.core.estimators.gradient_ascent - INFO - 		3.838E-03   and   1.361E+03 	[ momenta ]
2021-07-24 12:38:33,345 - deformetrica.core.estimators.gradient_ascent - INFO - ------------------------------------- Iteration: 74 -------------------------------------
2021-07-24 12:38:33,346 - deformetrica.core.estimators.gradient_ascent - INFO - >> Log-likelihood = -6.159E+04 	 [ attachment = -4.712E+04 ; regularity = -1.448E+04 ]
2021-07-24 12:38:34,129 - deformetrica.core.estimators.gradient_ascent - INFO - >> Step size and gradient norm: 
2021-07-24 12:38:34,130 - deformetrica.core.estimators.gradient_ascent - INFO - 		3.328E-04   and   3.188E+03 	[ landmark_points ]
2021-07-24 12:38:34,134 - deformetrica.core.estimators.gradient_ascent - INFO - 		1.919E-03   and   1.242E+03 	[ momenta ]
2021-07-24 12:38:34,623 - deformetrica.core.estimators.gradient_ascent - INFO - ------------------------------------- Iteration: 75 -------------------------------------
2021-07-24 12:38:34,624 - deformetrica.core.estimators.gradient_ascent - INFO - >> Log-likelihood = -6.104E+04 	 [ attachment = -4.650E+04 ; regularity = -1.454E+04 ]
2021-07-24 12:38:35,413 - deformetrica.core.estimators.gradient_ascent - INFO - >> Step size and gradient norm: 
2021-07-24 12:38:35,415 - deformetrica.core.estimators.gradient_ascent - INFO - 		4.991E-04   and   3.186E+03 	[ landmark_points ]
2021-07-24 12:38:35,416 - deformetrica.core.estimators.gradient_ascent - INFO - 		2.878E-03   and   1.210E+03 	[ momenta ]
2021-07-24 12:38:36,973 - deformetrica.core.estimators.gradient_ascent - INFO - ------------------------------------- Iteration: 76 -------------------------------------
2021-07-24 12:38:36,974 - deformetrica.core.estimators.gradient_ascent - INFO - >> Log-likelihood = -6.057E+04 	 [ attachment = -4.598E+04 ; regularity = -1.458E+04 ]
2021-07-24 12:38:37,794 - deformetrica.core.estimators.gradient_ascent - INFO - >> Step size and gradient norm: 
2021-07-24 12:38:37,795 - deformetrica.core.estimators.gradient_ascent - INFO - 		4.991E-04   and   3.407E+03 	[ landmark_points ]
2021-07-24 12:38:37,797 - deformetrica.core.estimators.gradient_ascent - INFO - 		1.439E-03   and   1.087E+03 	[ momenta ]
2021-07-24 12:38:38,285 - deformetrica.core.estimators.gradient_ascent - INFO - ------------------------------------- Iteration: 77 -------------------------------------
2021-07-24 12:38:38,286 - deformetrica.core.estimators.gradient_ascent - INFO - >> Log-likelihood = -6.030E+04 	 [ attachment = -4.568E+04 ; regularity = -1.463E+04 ]
2021-07-24 12:38:39,048 - deformetrica.core.estimators.gradient_ascent - INFO - >> Step size and gradient norm: 
2021-07-24 12:38:39,049 - deformetrica.core.estimators.gradient_ascent - INFO - 		7.487E-04   and   3.948E+03 	[ landmark_points ]
2021-07-24 12:38:39,053 - deformetrica.core.estimators.gradient_ascent - INFO - 		2.159E-03   and   1.162E+03 	[ momenta ]
2021-07-24 12:38:40,578 - deformetrica.core.estimators.gradient_ascent - INFO - ------------------------------------- Iteration: 78 -------------------------------------
2021-07-24 12:38:40,579 - deformetrica.core.estimators.gradient_ascent - INFO - >> Log-likelihood = -6.014E+04 	 [ attachment = -4.544E+04 ; regularity = -1.470E+04 ]
2021-07-24 12:38:41,367 - deformetrica.core.estimators.gradient_ascent - INFO - >> Step size and gradient norm: 
2021-07-24 12:38:41,368 - deformetrica.core.estimators.gradient_ascent - INFO - 		3.744E-04   and   4.157E+03 	[ landmark_points ]
2021-07-24 12:38:41,370 - deformetrica.core.estimators.gradient_ascent - INFO - 		2.159E-03   and   1.367E+03 	[ momenta ]
2021-07-24 12:38:42,972 - deformetrica.core.estimators.gradient_ascent - INFO - ------------------------------------- Iteration: 79 -------------------------------------
2021-07-24 12:38:42,973 - deformetrica.core.estimators.gradient_ascent - INFO - >> Log-likelihood = -5.890E+04 	 [ attachment = -4.418E+04 ; regularity = -1.473E+04 ]
2021-07-24 12:38:43,727 - deformetrica.core.estimators.gradient_ascent - INFO - >> Step size and gradient norm: 
2021-07-24 12:38:43,728 - deformetrica.core.estimators.gradient_ascent - INFO - 		3.744E-04   and   2.806E+03 	[ landmark_points ]
2021-07-24 12:38:43,730 - deformetrica.core.estimators.gradient_ascent - INFO - 		1.079E-03   and   7.918E+02 	[ momenta ]
2021-07-24 12:38:44,207 - deformetrica.core.estimators.gradient_ascent - INFO - ------------------------------------- Iteration: 80 -------------------------------------
2021-07-24 12:38:44,208 - deformetrica.core.estimators.gradient_ascent - INFO - >> Log-likelihood = -5.826E+04 	 [ attachment = -4.350E+04 ; regularity = -1.476E+04 ]
2021-07-24 12:38:44,946 - deformetrica.core.estimators.gradient_ascent - INFO - >> Step size and gradient norm: 
2021-07-24 12:38:44,947 - deformetrica.core.estimators.gradient_ascent - INFO - 		5.615E-04   and   1.572E+03 	[ landmark_points ]
2021-07-24 12:38:44,949 - deformetrica.core.estimators.gradient_ascent - INFO - 		1.619E-03   and   6.153E+02 	[ momenta ]
2021-07-24 12:38:45,432 - deformetrica.core.estimators.gradient_ascent - INFO - ------------------------------------- Iteration: 81 -------------------------------------
2021-07-24 12:38:45,434 - deformetrica.core.estimators.gradient_ascent - INFO - >> Log-likelihood = -5.796E+04 	 [ attachment = -4.315E+04 ; regularity = -1.481E+04 ]
2021-07-24 12:38:46,215 - deformetrica.core.estimators.gradient_ascent - INFO - >> Step size and gradient norm: 
2021-07-24 12:38:46,218 - deformetrica.core.estimators.gradient_ascent - INFO - 		8.423E-04   and   2.386E+03 	[ landmark_points ]
2021-07-24 12:38:46,220 - deformetrica.core.estimators.gradient_ascent - INFO - 		2.429E-03   and   7.080E+02 	[ momenta ]
2021-07-24 12:38:47,674 - deformetrica.core.estimators.gradient_ascent - INFO - ------------------------------------- Iteration: 82 -------------------------------------
2021-07-24 12:38:47,675 - deformetrica.core.estimators.gradient_ascent - INFO - >> Log-likelihood = -5.770E+04 	 [ attachment = -4.280E+04 ; regularity = -1.490E+04 ]
2021-07-24 12:38:48,438 - deformetrica.core.estimators.gradient_ascent - INFO - >> Step size and gradient norm: 
2021-07-24 12:38:48,440 - deformetrica.core.estimators.gradient_ascent - INFO - 		4.211E-04   and   2.836E+03 	[ landmark_points ]
2021-07-24 12:38:48,441 - deformetrica.core.estimators.gradient_ascent - INFO - 		2.429E-03   and   9.439E+02 	[ momenta ]
2021-07-24 12:38:49,869 - deformetrica.core.estimators.gradient_ascent - INFO - ------------------------------------- Iteration: 83 -------------------------------------
2021-07-24 12:38:49,871 - deformetrica.core.estimators.gradient_ascent - INFO - >> Log-likelihood = -5.702E+04 	 [ attachment = -4.205E+04 ; regularity = -1.497E+04 ]
2021-07-24 12:38:50,745 - deformetrica.core.estimators.gradient_ascent - INFO - >> Step size and gradient norm: 
2021-07-24 12:38:50,747 - deformetrica.core.estimators.gradient_ascent - INFO - 		2.106E-04   and   2.428E+03 	[ landmark_points ]
2021-07-24 12:38:50,749 - deformetrica.core.estimators.gradient_ascent - INFO - 		2.429E-03   and   9.350E+02 	[ momenta ]
2021-07-24 12:38:51,242 - deformetrica.core.estimators.gradient_ascent - INFO - ------------------------------------- Iteration: 84 -------------------------------------
2021-07-24 12:38:51,243 - deformetrica.core.estimators.gradient_ascent - INFO - >> Log-likelihood = -5.653E+04 	 [ attachment = -4.149E+04 ; regularity = -1.504E+04 ]
2021-07-24 12:38:52,044 - deformetrica.core.estimators.gradient_ascent - INFO - >> Step size and gradient norm: 
2021-07-24 12:38:52,045 - deformetrica.core.estimators.gradient_ascent - INFO - 		3.159E-04   and   2.184E+03 	[ landmark_points ]
2021-07-24 12:38:52,047 - deformetrica.core.estimators.gradient_ascent - INFO - 		3.643E-03   and   9.623E+02 	[ momenta ]
2021-07-24 12:38:53,473 - deformetrica.core.estimators.gradient_ascent - INFO - ------------------------------------- Iteration: 85 -------------------------------------
2021-07-24 12:38:53,474 - deformetrica.core.estimators.gradient_ascent - INFO - >> Log-likelihood = -5.593E+04 	 [ attachment = -4.082E+04 ; regularity = -1.510E+04 ]
2021-07-24 12:38:54,246 - deformetrica.core.estimators.gradient_ascent - INFO - >> Step size and gradient norm: 
2021-07-24 12:38:54,248 - deformetrica.core.estimators.gradient_ascent - INFO - 		3.159E-04   and   2.119E+03 	[ landmark_points ]
2021-07-24 12:38:54,249 - deformetrica.core.estimators.gradient_ascent - INFO - 		1.821E-03   and   8.580E+02 	[ momenta ]
2021-07-24 12:38:54,701 - deformetrica.core.estimators.gradient_ascent - INFO - ------------------------------------- Iteration: 86 -------------------------------------
2021-07-24 12:38:54,702 - deformetrica.core.estimators.gradient_ascent - INFO - >> Log-likelihood = -5.537E+04 	 [ attachment = -4.020E+04 ; regularity = -1.516E+04 ]
2021-07-24 12:38:55,481 - deformetrica.core.estimators.gradient_ascent - INFO - >> Step size and gradient norm: 
2021-07-24 12:38:55,482 - deformetrica.core.estimators.gradient_ascent - INFO - 		4.738E-04   and   1.714E+03 	[ landmark_points ]
2021-07-24 12:38:55,486 - deformetrica.core.estimators.gradient_ascent - INFO - 		2.732E-03   and   7.734E+02 	[ momenta ]
2021-07-24 12:38:57,003 - deformetrica.core.estimators.gradient_ascent - INFO - ------------------------------------- Iteration: 87 -------------------------------------
2021-07-24 12:38:57,004 - deformetrica.core.estimators.gradient_ascent - INFO - >> Log-likelihood = -5.491E+04 	 [ attachment = -3.970E+04 ; regularity = -1.521E+04 ]
2021-07-24 12:38:57,782 - deformetrica.core.estimators.gradient_ascent - INFO - >> Step size and gradient norm: 
2021-07-24 12:38:57,783 - deformetrica.core.estimators.gradient_ascent - INFO - 		4.738E-04   and   1.861E+03 	[ landmark_points ]
2021-07-24 12:38:57,784 - deformetrica.core.estimators.gradient_ascent - INFO - 		1.366E-03   and   7.027E+02 	[ momenta ]
2021-07-24 12:38:58,289 - deformetrica.core.estimators.gradient_ascent - INFO - ------------------------------------- Iteration: 88 -------------------------------------
2021-07-24 12:38:58,291 - deformetrica.core.estimators.gradient_ascent - INFO - >> Log-likelihood = -5.457E+04 	 [ attachment = -3.931E+04 ; regularity = -1.526E+04 ]
2021-07-24 12:38:59,082 - deformetrica.core.estimators.gradient_ascent - INFO - >> Step size and gradient norm: 
2021-07-24 12:38:59,083 - deformetrica.core.estimators.gradient_ascent - INFO - 		7.107E-04   and   1.778E+03 	[ landmark_points ]
2021-07-24 12:38:59,085 - deformetrica.core.estimators.gradient_ascent - INFO - 		2.049E-03   and   6.729E+02 	[ momenta ]
2021-07-24 12:39:00,548 - deformetrica.core.estimators.gradient_ascent - INFO - ------------------------------------- Iteration: 89 -------------------------------------
2021-07-24 12:39:00,549 - deformetrica.core.estimators.gradient_ascent - INFO - >> Log-likelihood = -5.413E+04 	 [ attachment = -3.881E+04 ; regularity = -1.532E+04 ]
2021-07-24 12:39:01,545 - deformetrica.core.estimators.gradient_ascent - INFO - >> Step size and gradient norm: 
2021-07-24 12:39:01,547 - deformetrica.core.estimators.gradient_ascent - INFO - 		3.553E-04   and   1.841E+03 	[ landmark_points ]
2021-07-24 12:39:01,552 - deformetrica.core.estimators.gradient_ascent - INFO - 		2.049E-03   and   7.294E+02 	[ momenta ]
2021-07-24 12:39:02,104 - deformetrica.core.estimators.gradient_ascent - INFO - ------------------------------------- Iteration: 90 -------------------------------------
2021-07-24 12:39:02,105 - deformetrica.core.estimators.gradient_ascent - INFO - >> Log-likelihood = -5.375E+04 	 [ attachment = -3.836E+04 ; regularity = -1.539E+04 ]
2021-07-24 12:39:02,963 - deformetrica.core.estimators.gradient_ascent - INFO - >> Step size and gradient norm: 
2021-07-24 12:39:02,964 - deformetrica.core.estimators.gradient_ascent - INFO - 		5.330E-04   and   1.910E+03 	[ landmark_points ]
2021-07-24 12:39:02,966 - deformetrica.core.estimators.gradient_ascent - INFO - 		3.074E-03   and   7.508E+02 	[ momenta ]
2021-07-24 12:39:04,355 - deformetrica.core.estimators.gradient_ascent - INFO - ------------------------------------- Iteration: 91 -------------------------------------
2021-07-24 12:39:04,356 - deformetrica.core.estimators.gradient_ascent - INFO - >> Log-likelihood = -5.354E+04 	 [ attachment = -3.809E+04 ; regularity = -1.544E+04 ]
2021-07-24 12:39:05,113 - deformetrica.core.estimators.gradient_ascent - INFO - >> Step size and gradient norm: 
2021-07-24 12:39:05,114 - deformetrica.core.estimators.gradient_ascent - INFO - 		5.330E-04   and   2.526E+03 	[ landmark_points ]
2021-07-24 12:39:05,115 - deformetrica.core.estimators.gradient_ascent - INFO - 		1.537E-03   and   8.445E+02 	[ momenta ]
2021-07-24 12:39:05,622 - deformetrica.core.estimators.gradient_ascent - INFO - ------------------------------------- Iteration: 92 -------------------------------------
2021-07-24 12:39:05,624 - deformetrica.core.estimators.gradient_ascent - INFO - >> Log-likelihood = -5.345E+04 	 [ attachment = -3.796E+04 ; regularity = -1.549E+04 ]
2021-07-24 12:39:06,466 - deformetrica.core.estimators.gradient_ascent - INFO - >> Step size and gradient norm: 
2021-07-24 12:39:06,467 - deformetrica.core.estimators.gradient_ascent - INFO - 		7.995E-04   and   3.113E+03 	[ landmark_points ]
2021-07-24 12:39:06,469 - deformetrica.core.estimators.gradient_ascent - INFO - 		2.305E-03   and   9.681E+02 	[ momenta ]
2021-07-24 12:39:08,013 - deformetrica.core.estimators.gradient_ascent - INFO - >> Step size and gradient norm: 
2021-07-24 12:39:08,015 - deformetrica.core.estimators.gradient_ascent - INFO - 		3.998E-04   and   3.113E+03 	[ landmark_points ]
2021-07-24 12:39:08,016 - deformetrica.core.estimators.gradient_ascent - INFO - 		1.153E-03   and   9.681E+02 	[ momenta ]
2021-07-24 12:39:08,472 - deformetrica.core.estimators.gradient_ascent - INFO - ------------------------------------- Iteration: 93 -------------------------------------
2021-07-24 12:39:08,474 - deformetrica.core.estimators.gradient_ascent - INFO - >> Log-likelihood = -5.278E+04 	 [ attachment = -3.725E+04 ; regularity = -1.553E+04 ]
2021-07-24 12:39:09,238 - deformetrica.core.estimators.gradient_ascent - INFO - >> Step size and gradient norm: 
2021-07-24 12:39:09,240 - deformetrica.core.estimators.gradient_ascent - INFO - 		5.996E-04   and   2.239E+03 	[ landmark_points ]
2021-07-24 12:39:09,242 - deformetrica.core.estimators.gradient_ascent - INFO - 		1.729E-03   and   7.500E+02 	[ momenta ]
2021-07-24 12:39:10,710 - deformetrica.core.estimators.gradient_ascent - INFO - ------------------------------------- Iteration: 94 -------------------------------------
2021-07-24 12:39:10,712 - deformetrica.core.estimators.gradient_ascent - INFO - >> Log-likelihood = -5.230E+04 	 [ attachment = -3.672E+04 ; regularity = -1.558E+04 ]
2021-07-24 12:39:11,521 - deformetrica.core.estimators.gradient_ascent - INFO - >> Step size and gradient norm: 
2021-07-24 12:39:11,523 - deformetrica.core.estimators.gradient_ascent - INFO - 		2.998E-04   and   1.490E+03 	[ landmark_points ]
2021-07-24 12:39:11,529 - deformetrica.core.estimators.gradient_ascent - INFO - 		1.729E-03   and   6.374E+02 	[ momenta ]
2021-07-24 12:39:12,131 - deformetrica.core.estimators.gradient_ascent - INFO - ------------------------------------- Iteration: 95 -------------------------------------
2021-07-24 12:39:12,133 - deformetrica.core.estimators.gradient_ascent - INFO - >> Log-likelihood = -5.187E+04 	 [ attachment = -3.623E+04 ; regularity = -1.564E+04 ]
2021-07-24 12:39:13,046 - deformetrica.core.estimators.gradient_ascent - INFO - >> Step size and gradient norm: 
2021-07-24 12:39:13,048 - deformetrica.core.estimators.gradient_ascent - INFO - 		4.497E-04   and   1.262E+03 	[ landmark_points ]
2021-07-24 12:39:13,079 - deformetrica.core.estimators.gradient_ascent - INFO - 		2.593E-03   and   5.580E+02 	[ momenta ]
2021-07-24 12:39:13,649 - deformetrica.core.estimators.gradient_ascent - INFO - ------------------------------------- Iteration: 96 -------------------------------------
2021-07-24 12:39:13,651 - deformetrica.core.estimators.gradient_ascent - INFO - >> Log-likelihood = -5.164E+04 	 [ attachment = -3.593E+04 ; regularity = -1.571E+04 ]
2021-07-24 12:39:14,487 - deformetrica.core.estimators.gradient_ascent - INFO - >> Step size and gradient norm: 
2021-07-24 12:39:14,489 - deformetrica.core.estimators.gradient_ascent - INFO - 		6.746E-04   and   1.962E+03 	[ landmark_points ]
2021-07-24 12:39:14,492 - deformetrica.core.estimators.gradient_ascent - INFO - 		3.890E-03   and   7.585E+02 	[ momenta ]
2021-07-24 12:39:16,119 - deformetrica.core.estimators.gradient_ascent - INFO - >> Step size and gradient norm: 
2021-07-24 12:39:16,120 - deformetrica.core.estimators.gradient_ascent - INFO - 		3.373E-04   and   1.962E+03 	[ landmark_points ]
2021-07-24 12:39:16,122 - deformetrica.core.estimators.gradient_ascent - INFO - 		1.945E-03   and   7.585E+02 	[ momenta ]
2021-07-24 12:39:16,610 - deformetrica.core.estimators.gradient_ascent - INFO - ------------------------------------- Iteration: 97 -------------------------------------
2021-07-24 12:39:16,612 - deformetrica.core.estimators.gradient_ascent - INFO - >> Log-likelihood = -5.135E+04 	 [ attachment = -3.557E+04 ; regularity = -1.579E+04 ]
2021-07-24 12:39:17,460 - deformetrica.core.estimators.gradient_ascent - INFO - >> Step size and gradient norm: 
2021-07-24 12:39:17,462 - deformetrica.core.estimators.gradient_ascent - INFO - 		5.059E-04   and   2.004E+03 	[ landmark_points ]
2021-07-24 12:39:17,465 - deformetrica.core.estimators.gradient_ascent - INFO - 		2.918E-03   and   8.108E+02 	[ momenta ]
2021-07-24 12:39:18,868 - deformetrica.core.estimators.gradient_ascent - INFO - ------------------------------------- Iteration: 98 -------------------------------------
2021-07-24 12:39:18,869 - deformetrica.core.estimators.gradient_ascent - INFO - >> Log-likelihood = -5.123E+04 	 [ attachment = -3.541E+04 ; regularity = -1.581E+04 ]
2021-07-24 12:39:19,621 - deformetrica.core.estimators.gradient_ascent - INFO - >> Step size and gradient norm: 
2021-07-24 12:39:19,623 - deformetrica.core.estimators.gradient_ascent - INFO - 		5.059E-04   and   2.552E+03 	[ landmark_points ]
2021-07-24 12:39:19,624 - deformetrica.core.estimators.gradient_ascent - INFO - 		1.459E-03   and   8.021E+02 	[ momenta ]
2021-07-24 12:39:20,201 - deformetrica.core.estimators.gradient_ascent - INFO - Tolerance threshold met. Stopping the optimization process.
2021-07-24 12:39:21,058 - root - INFO - >> Estimation took: 03 minutes and 34 seconds
