2021-08-03 14:46:56,782 - root - ERROR - Logger has been set to: INFO
2021-08-03 14:46:56,790 - root - INFO - OMP_NUM_THREADS was not found in environment variables. An automatic value will be set.
2021-08-03 14:46:56,796 - root - INFO - OMP_NUM_THREADS will be set to 2
2021-08-03 14:46:56,797 - root - INFO - >> No specified state-file. By default, Deformetrica state will by saved in file: output/deformetrica-state.p.
2021-08-03 14:46:56,800 - root - INFO - >> Removing the pre-existing state file with same path.
2021-08-03 14:46:56,822 - deformetrica.core.models.model_functions - INFO - >> Reading 200 initial control points from file images/mask_initial_control_points/mask_03_initial_control_points.txt.
2021-08-03 14:46:56,823 - deformetrica.core.models.model_functions - INFO - >> Momenta initialized to zero, for 5 subjects.
2021-08-03 14:46:56,826 - root - INFO - >> Started estimator: GradientAscent
2021-08-03 14:46:57,283 - deformetrica.core.estimators.gradient_ascent - INFO - ------------------------------------- Iteration: 0 -------------------------------------
2021-08-03 14:46:57,284 - deformetrica.core.estimators.gradient_ascent - INFO - >> Log-likelihood = -1.654E+07 	 [ attachment = -1.654E+07 ; regularity = 0.000E+00 ]
2021-08-03 14:46:57,285 - deformetrica.core.estimators.gradient_ascent - INFO - >> Step size and gradient norm: 
2021-08-03 14:46:57,286 - deformetrica.core.estimators.gradient_ascent - INFO - 		1.065E-06   and   9.390E+05 	[ landmark_points ]
2021-08-03 14:46:57,289 - deformetrica.core.estimators.gradient_ascent - INFO - 		3.037E-06   and   3.293E+05 	[ momenta ]
2021-08-03 14:46:57,546 - deformetrica.core.estimators.gradient_ascent - INFO - ------------------------------------- Iteration: 1 -------------------------------------
2021-08-03 14:46:57,547 - deformetrica.core.estimators.gradient_ascent - INFO - >> Log-likelihood = -1.606E+07 	 [ attachment = -1.606E+07 ; regularity = -1.820E+00 ]
2021-08-03 14:46:57,987 - deformetrica.core.estimators.gradient_ascent - INFO - >> Step size and gradient norm: 
2021-08-03 14:46:57,988 - deformetrica.core.estimators.gradient_ascent - INFO - 		1.597E-06   and   9.091E+05 	[ landmark_points ]
2021-08-03 14:46:57,989 - deformetrica.core.estimators.gradient_ascent - INFO - 		4.556E-06   and   3.224E+05 	[ momenta ]
2021-08-03 14:46:58,237 - deformetrica.core.estimators.gradient_ascent - INFO - ------------------------------------- Iteration: 2 -------------------------------------
2021-08-03 14:46:58,238 - deformetrica.core.estimators.gradient_ascent - INFO - >> Log-likelihood = -1.536E+07 	 [ attachment = -1.536E+07 ; regularity = -1.109E+01 ]
2021-08-03 14:46:58,592 - deformetrica.core.estimators.gradient_ascent - INFO - >> Step size and gradient norm: 
2021-08-03 14:46:58,593 - deformetrica.core.estimators.gradient_ascent - INFO - 		2.396E-06   and   8.651E+05 	[ landmark_points ]
2021-08-03 14:46:58,594 - deformetrica.core.estimators.gradient_ascent - INFO - 		6.834E-06   and   3.124E+05 	[ momenta ]
2021-08-03 14:46:58,831 - deformetrica.core.estimators.gradient_ascent - INFO - ------------------------------------- Iteration: 3 -------------------------------------
2021-08-03 14:46:58,832 - deformetrica.core.estimators.gradient_ascent - INFO - >> Log-likelihood = -1.440E+07 	 [ attachment = -1.440E+07 ; regularity = -3.849E+01 ]
2021-08-03 14:46:59,220 - deformetrica.core.estimators.gradient_ascent - INFO - >> Step size and gradient norm: 
2021-08-03 14:46:59,221 - deformetrica.core.estimators.gradient_ascent - INFO - 		3.594E-06   and   8.013E+05 	[ landmark_points ]
2021-08-03 14:46:59,222 - deformetrica.core.estimators.gradient_ascent - INFO - 		1.025E-05   and   2.978E+05 	[ momenta ]
2021-08-03 14:46:59,453 - deformetrica.core.estimators.gradient_ascent - INFO - ------------------------------------- Iteration: 4 -------------------------------------
2021-08-03 14:46:59,454 - deformetrica.core.estimators.gradient_ascent - INFO - >> Log-likelihood = -1.312E+07 	 [ attachment = -1.312E+07 ; regularity = -1.062E+02 ]
2021-08-03 14:46:59,805 - deformetrica.core.estimators.gradient_ascent - INFO - >> Step size and gradient norm: 
2021-08-03 14:46:59,806 - deformetrica.core.estimators.gradient_ascent - INFO - 		5.391E-06   and   7.111E+05 	[ landmark_points ]
2021-08-03 14:46:59,807 - deformetrica.core.estimators.gradient_ascent - INFO - 		1.538E-05   and   2.769E+05 	[ momenta ]
2021-08-03 14:47:00,070 - deformetrica.core.estimators.gradient_ascent - INFO - ------------------------------------- Iteration: 5 -------------------------------------
2021-08-03 14:47:00,071 - deformetrica.core.estimators.gradient_ascent - INFO - >> Log-likelihood = -1.153E+07 	 [ attachment = -1.153E+07 ; regularity = -2.560E+02 ]
2021-08-03 14:47:00,473 - deformetrica.core.estimators.gradient_ascent - INFO - >> Step size and gradient norm: 
2021-08-03 14:47:00,474 - deformetrica.core.estimators.gradient_ascent - INFO - 		8.087E-06   and   5.903E+05 	[ landmark_points ]
2021-08-03 14:47:00,476 - deformetrica.core.estimators.gradient_ascent - INFO - 		2.306E-05   and   2.483E+05 	[ momenta ]
2021-08-03 14:47:00,724 - deformetrica.core.estimators.gradient_ascent - INFO - ------------------------------------- Iteration: 6 -------------------------------------
2021-08-03 14:47:00,726 - deformetrica.core.estimators.gradient_ascent - INFO - >> Log-likelihood = -9.717E+06 	 [ attachment = -9.716E+06 ; regularity = -5.563E+02 ]
2021-08-03 14:47:01,178 - deformetrica.core.estimators.gradient_ascent - INFO - >> Step size and gradient norm: 
2021-08-03 14:47:01,179 - deformetrica.core.estimators.gradient_ascent - INFO - 		1.213E-05   and   4.439E+05 	[ landmark_points ]
2021-08-03 14:47:01,180 - deformetrica.core.estimators.gradient_ascent - INFO - 		3.460E-05   and   2.117E+05 	[ momenta ]
2021-08-03 14:47:01,490 - deformetrica.core.estimators.gradient_ascent - INFO - ------------------------------------- Iteration: 7 -------------------------------------
2021-08-03 14:47:01,491 - deformetrica.core.estimators.gradient_ascent - INFO - >> Log-likelihood = -7.879E+06 	 [ attachment = -7.878E+06 ; regularity = -1.095E+03 ]
2021-08-03 14:47:02,117 - deformetrica.core.estimators.gradient_ascent - INFO - >> Step size and gradient norm: 
2021-08-03 14:47:02,119 - deformetrica.core.estimators.gradient_ascent - INFO - 		1.820E-05   and   2.937E+05 	[ landmark_points ]
2021-08-03 14:47:02,145 - deformetrica.core.estimators.gradient_ascent - INFO - 		5.189E-05   and   1.695E+05 	[ momenta ]
2021-08-03 14:47:02,519 - deformetrica.core.estimators.gradient_ascent - INFO - ------------------------------------- Iteration: 8 -------------------------------------
2021-08-03 14:47:02,520 - deformetrica.core.estimators.gradient_ascent - INFO - >> Log-likelihood = -6.264E+06 	 [ attachment = -6.262E+06 ; regularity = -1.939E+03 ]
2021-08-03 14:47:02,982 - deformetrica.core.estimators.gradient_ascent - INFO - >> Step size and gradient norm: 
2021-08-03 14:47:02,983 - deformetrica.core.estimators.gradient_ascent - INFO - 		2.729E-05   and   1.736E+05 	[ landmark_points ]
2021-08-03 14:47:02,985 - deformetrica.core.estimators.gradient_ascent - INFO - 		7.784E-05   and   1.263E+05 	[ momenta ]
2021-08-03 14:47:03,270 - deformetrica.core.estimators.gradient_ascent - INFO - ------------------------------------- Iteration: 9 -------------------------------------
2021-08-03 14:47:03,271 - deformetrica.core.estimators.gradient_ascent - INFO - >> Log-likelihood = -5.038E+06 	 [ attachment = -5.035E+06 ; regularity = -3.052E+03 ]
2021-08-03 14:47:03,669 - deformetrica.core.estimators.gradient_ascent - INFO - >> Step size and gradient norm: 
2021-08-03 14:47:03,671 - deformetrica.core.estimators.gradient_ascent - INFO - 		4.094E-05   and   1.172E+05 	[ landmark_points ]
2021-08-03 14:47:03,672 - deformetrica.core.estimators.gradient_ascent - INFO - 		1.168E-04   and   8.868E+04 	[ momenta ]
2021-08-03 14:47:04,267 - deformetrica.core.estimators.gradient_ascent - INFO - ------------------------------------- Iteration: 10 -------------------------------------
2021-08-03 14:47:04,271 - deformetrica.core.estimators.gradient_ascent - INFO - >> Log-likelihood = -4.104E+06 	 [ attachment = -4.100E+06 ; regularity = -4.252E+03 ]
2021-08-03 14:47:04,710 - deformetrica.core.estimators.gradient_ascent - INFO - >> Step size and gradient norm: 
2021-08-03 14:47:04,711 - deformetrica.core.estimators.gradient_ascent - INFO - 		6.141E-05   and   9.502E+04 	[ landmark_points ]
2021-08-03 14:47:04,712 - deformetrica.core.estimators.gradient_ascent - INFO - 		1.751E-04   and   6.945E+04 	[ momenta ]
2021-08-03 14:47:04,985 - deformetrica.core.estimators.gradient_ascent - INFO - ------------------------------------- Iteration: 11 -------------------------------------
2021-08-03 14:47:04,986 - deformetrica.core.estimators.gradient_ascent - INFO - >> Log-likelihood = -3.302E+06 	 [ attachment = -3.296E+06 ; regularity = -5.616E+03 ]
2021-08-03 14:47:05,478 - deformetrica.core.estimators.gradient_ascent - INFO - >> Step size and gradient norm: 
2021-08-03 14:47:05,479 - deformetrica.core.estimators.gradient_ascent - INFO - 		9.212E-05   and   9.257E+04 	[ landmark_points ]
2021-08-03 14:47:05,480 - deformetrica.core.estimators.gradient_ascent - INFO - 		2.627E-04   and   5.520E+04 	[ momenta ]
2021-08-03 14:47:05,740 - deformetrica.core.estimators.gradient_ascent - INFO - ------------------------------------- Iteration: 12 -------------------------------------
2021-08-03 14:47:05,741 - deformetrica.core.estimators.gradient_ascent - INFO - >> Log-likelihood = -2.934E+06 	 [ attachment = -2.926E+06 ; regularity = -7.466E+03 ]
2021-08-03 14:47:06,448 - deformetrica.core.estimators.gradient_ascent - INFO - >> Step size and gradient norm: 
2021-08-03 14:47:06,449 - deformetrica.core.estimators.gradient_ascent - INFO - 		1.382E-04   and   2.237E+05 	[ landmark_points ]
2021-08-03 14:47:06,450 - deformetrica.core.estimators.gradient_ascent - INFO - 		3.941E-04   and   9.986E+04 	[ momenta ]
2021-08-03 14:47:07,360 - deformetrica.core.estimators.gradient_ascent - INFO - >> Step size and gradient norm: 
2021-08-03 14:47:07,362 - deformetrica.core.estimators.gradient_ascent - INFO - 		6.909E-05   and   2.237E+05 	[ landmark_points ]
2021-08-03 14:47:07,392 - deformetrica.core.estimators.gradient_ascent - INFO - 		1.970E-04   and   9.986E+04 	[ momenta ]
2021-08-03 14:47:08,947 - deformetrica.core.estimators.gradient_ascent - INFO - >> Step size and gradient norm: 
2021-08-03 14:47:08,949 - deformetrica.core.estimators.gradient_ascent - INFO - 		3.454E-05   and   2.237E+05 	[ landmark_points ]
2021-08-03 14:47:08,950 - deformetrica.core.estimators.gradient_ascent - INFO - 		9.852E-05   and   9.986E+04 	[ momenta ]
2021-08-03 14:47:09,492 - deformetrica.core.estimators.gradient_ascent - INFO - ------------------------------------- Iteration: 13 -------------------------------------
2021-08-03 14:47:09,494 - deformetrica.core.estimators.gradient_ascent - INFO - >> Log-likelihood = -2.618E+06 	 [ attachment = -2.610E+06 ; regularity = -7.668E+03 ]
2021-08-03 14:47:10,165 - deformetrica.core.estimators.gradient_ascent - INFO - >> Step size and gradient norm: 
2021-08-03 14:47:10,168 - deformetrica.core.estimators.gradient_ascent - INFO - 		5.182E-05   and   2.402E+05 	[ landmark_points ]
2021-08-03 14:47:10,170 - deformetrica.core.estimators.gradient_ascent - INFO - 		1.478E-04   and   8.362E+04 	[ momenta ]
2021-08-03 14:47:11,529 - deformetrica.core.estimators.gradient_ascent - INFO - >> Step size and gradient norm: 
2021-08-03 14:47:11,530 - deformetrica.core.estimators.gradient_ascent - INFO - 		2.591E-05   and   2.402E+05 	[ landmark_points ]
2021-08-03 14:47:11,531 - deformetrica.core.estimators.gradient_ascent - INFO - 		7.389E-05   and   8.362E+04 	[ momenta ]
2021-08-03 14:47:11,848 - deformetrica.core.estimators.gradient_ascent - INFO - ------------------------------------- Iteration: 14 -------------------------------------
2021-08-03 14:47:11,850 - deformetrica.core.estimators.gradient_ascent - INFO - >> Log-likelihood = -2.360E+06 	 [ attachment = -2.352E+06 ; regularity = -8.081E+03 ]
2021-08-03 14:47:12,268 - deformetrica.core.estimators.gradient_ascent - INFO - >> Step size and gradient norm: 
2021-08-03 14:47:12,272 - deformetrica.core.estimators.gradient_ascent - INFO - 		3.886E-05   and   1.820E+05 	[ landmark_points ]
2021-08-03 14:47:12,273 - deformetrica.core.estimators.gradient_ascent - INFO - 		1.108E-04   and   6.835E+04 	[ momenta ]
2021-08-03 14:47:13,157 - deformetrica.core.estimators.gradient_ascent - INFO - ------------------------------------- Iteration: 15 -------------------------------------
2021-08-03 14:47:13,158 - deformetrica.core.estimators.gradient_ascent - INFO - >> Log-likelihood = -2.315E+06 	 [ attachment = -2.307E+06 ; regularity = -8.241E+03 ]
2021-08-03 14:47:13,684 - deformetrica.core.estimators.gradient_ascent - INFO - >> Step size and gradient norm: 
2021-08-03 14:47:13,686 - deformetrica.core.estimators.gradient_ascent - INFO - 		3.886E-05   and   2.245E+05 	[ landmark_points ]
2021-08-03 14:47:13,689 - deformetrica.core.estimators.gradient_ascent - INFO - 		5.542E-05   and   7.963E+04 	[ momenta ]
2021-08-03 14:47:14,666 - deformetrica.core.estimators.gradient_ascent - INFO - ------------------------------------- Iteration: 16 -------------------------------------
2021-08-03 14:47:14,667 - deformetrica.core.estimators.gradient_ascent - INFO - >> Log-likelihood = -2.144E+06 	 [ attachment = -2.136E+06 ; regularity = -8.514E+03 ]
2021-08-03 14:47:15,130 - deformetrica.core.estimators.gradient_ascent - INFO - >> Step size and gradient norm: 
2021-08-03 14:47:15,132 - deformetrica.core.estimators.gradient_ascent - INFO - 		1.943E-05   and   1.502E+05 	[ landmark_points ]
2021-08-03 14:47:15,133 - deformetrica.core.estimators.gradient_ascent - INFO - 		5.542E-05   and   6.270E+04 	[ momenta ]
2021-08-03 14:47:15,432 - deformetrica.core.estimators.gradient_ascent - INFO - ------------------------------------- Iteration: 17 -------------------------------------
2021-08-03 14:47:15,433 - deformetrica.core.estimators.gradient_ascent - INFO - >> Log-likelihood = -2.041E+06 	 [ attachment = -2.032E+06 ; regularity = -8.669E+03 ]
2021-08-03 14:47:15,865 - deformetrica.core.estimators.gradient_ascent - INFO - >> Step size and gradient norm: 
2021-08-03 14:47:15,866 - deformetrica.core.estimators.gradient_ascent - INFO - 		2.915E-05   and   1.181E+05 	[ landmark_points ]
2021-08-03 14:47:15,868 - deformetrica.core.estimators.gradient_ascent - INFO - 		8.312E-05   and   5.083E+04 	[ momenta ]
2021-08-03 14:47:16,209 - deformetrica.core.estimators.gradient_ascent - INFO - ------------------------------------- Iteration: 18 -------------------------------------
2021-08-03 14:47:16,210 - deformetrica.core.estimators.gradient_ascent - INFO - >> Log-likelihood = -2.011E+06 	 [ attachment = -2.002E+06 ; regularity = -9.000E+03 ]
2021-08-03 14:47:16,663 - deformetrica.core.estimators.gradient_ascent - INFO - >> Step size and gradient norm: 
2021-08-03 14:47:16,664 - deformetrica.core.estimators.gradient_ascent - INFO - 		4.372E-05   and   1.890E+05 	[ landmark_points ]
2021-08-03 14:47:16,665 - deformetrica.core.estimators.gradient_ascent - INFO - 		1.247E-04   and   7.294E+04 	[ momenta ]
2021-08-03 14:47:17,476 - deformetrica.core.estimators.gradient_ascent - INFO - >> Step size and gradient norm: 
2021-08-03 14:47:17,478 - deformetrica.core.estimators.gradient_ascent - INFO - 		2.186E-05   and   1.890E+05 	[ landmark_points ]
2021-08-03 14:47:17,479 - deformetrica.core.estimators.gradient_ascent - INFO - 		6.234E-05   and   7.294E+04 	[ momenta ]
2021-08-03 14:47:17,739 - deformetrica.core.estimators.gradient_ascent - INFO - ------------------------------------- Iteration: 19 -------------------------------------
2021-08-03 14:47:17,740 - deformetrica.core.estimators.gradient_ascent - INFO - >> Log-likelihood = -1.939E+06 	 [ attachment = -1.930E+06 ; regularity = -9.166E+03 ]
2021-08-03 14:47:18,291 - deformetrica.core.estimators.gradient_ascent - INFO - >> Step size and gradient norm: 
2021-08-03 14:47:18,293 - deformetrica.core.estimators.gradient_ascent - INFO - 		3.279E-05   and   1.881E+05 	[ landmark_points ]
2021-08-03 14:47:18,321 - deformetrica.core.estimators.gradient_ascent - INFO - 		9.351E-05   and   7.162E+04 	[ momenta ]
2021-08-03 14:47:19,234 - deformetrica.core.estimators.gradient_ascent - INFO - ------------------------------------- Iteration: 20 -------------------------------------
2021-08-03 14:47:19,235 - deformetrica.core.estimators.gradient_ascent - INFO - >> Log-likelihood = -1.908E+06 	 [ attachment = -1.899E+06 ; regularity = -9.332E+03 ]
2021-08-03 14:47:19,682 - deformetrica.core.estimators.gradient_ascent - INFO - >> Step size and gradient norm: 
2021-08-03 14:47:19,684 - deformetrica.core.estimators.gradient_ascent - INFO - 		3.279E-05   and   2.161E+05 	[ landmark_points ]
2021-08-03 14:47:19,685 - deformetrica.core.estimators.gradient_ascent - INFO - 		4.676E-05   and   7.383E+04 	[ momenta ]
2021-08-03 14:47:19,953 - deformetrica.core.estimators.gradient_ascent - INFO - ------------------------------------- Iteration: 21 -------------------------------------
2021-08-03 14:47:19,954 - deformetrica.core.estimators.gradient_ascent - INFO - >> Log-likelihood = -1.887E+06 	 [ attachment = -1.878E+06 ; regularity = -9.457E+03 ]
2021-08-03 14:47:20,373 - deformetrica.core.estimators.gradient_ascent - INFO - >> Step size and gradient norm: 
2021-08-03 14:47:20,374 - deformetrica.core.estimators.gradient_ascent - INFO - 		4.918E-05   and   2.365E+05 	[ landmark_points ]
2021-08-03 14:47:20,376 - deformetrica.core.estimators.gradient_ascent - INFO - 		7.014E-05   and   7.967E+04 	[ momenta ]
2021-08-03 14:47:21,143 - deformetrica.core.estimators.gradient_ascent - INFO - >> Step size and gradient norm: 
2021-08-03 14:47:21,144 - deformetrica.core.estimators.gradient_ascent - INFO - 		2.459E-05   and   2.365E+05 	[ landmark_points ]
2021-08-03 14:47:21,146 - deformetrica.core.estimators.gradient_ascent - INFO - 		3.507E-05   and   7.967E+04 	[ momenta ]
2021-08-03 14:47:21,496 - deformetrica.core.estimators.gradient_ascent - INFO - ------------------------------------- Iteration: 22 -------------------------------------
2021-08-03 14:47:21,497 - deformetrica.core.estimators.gradient_ascent - INFO - >> Log-likelihood = -1.752E+06 	 [ attachment = -1.743E+06 ; regularity = -9.573E+03 ]
2021-08-03 14:47:21,932 - deformetrica.core.estimators.gradient_ascent - INFO - >> Step size and gradient norm: 
2021-08-03 14:47:21,934 - deformetrica.core.estimators.gradient_ascent - INFO - 		3.689E-05   and   1.413E+05 	[ landmark_points ]
2021-08-03 14:47:21,934 - deformetrica.core.estimators.gradient_ascent - INFO - 		5.260E-05   and   5.041E+04 	[ momenta ]
2021-08-03 14:47:22,788 - deformetrica.core.estimators.gradient_ascent - INFO - ------------------------------------- Iteration: 23 -------------------------------------
2021-08-03 14:47:22,789 - deformetrica.core.estimators.gradient_ascent - INFO - >> Log-likelihood = -1.689E+06 	 [ attachment = -1.679E+06 ; regularity = -9.712E+03 ]
2021-08-03 14:47:23,211 - deformetrica.core.estimators.gradient_ascent - INFO - >> Step size and gradient norm: 
2021-08-03 14:47:23,212 - deformetrica.core.estimators.gradient_ascent - INFO - 		1.844E-05   and   9.177E+04 	[ landmark_points ]
2021-08-03 14:47:23,213 - deformetrica.core.estimators.gradient_ascent - INFO - 		5.260E-05   and   4.007E+04 	[ momenta ]
2021-08-03 14:47:23,499 - deformetrica.core.estimators.gradient_ascent - INFO - ------------------------------------- Iteration: 24 -------------------------------------
2021-08-03 14:47:23,500 - deformetrica.core.estimators.gradient_ascent - INFO - >> Log-likelihood = -1.645E+06 	 [ attachment = -1.635E+06 ; regularity = -9.857E+03 ]
2021-08-03 14:47:24,008 - deformetrica.core.estimators.gradient_ascent - INFO - >> Step size and gradient norm: 
2021-08-03 14:47:24,011 - deformetrica.core.estimators.gradient_ascent - INFO - 		2.767E-05   and   6.977E+04 	[ landmark_points ]
2021-08-03 14:47:24,012 - deformetrica.core.estimators.gradient_ascent - INFO - 		7.890E-05   and   3.240E+04 	[ momenta ]
2021-08-03 14:47:24,401 - deformetrica.core.estimators.gradient_ascent - INFO - ------------------------------------- Iteration: 25 -------------------------------------
2021-08-03 14:47:24,402 - deformetrica.core.estimators.gradient_ascent - INFO - >> Log-likelihood = -1.621E+06 	 [ attachment = -1.611E+06 ; regularity = -1.006E+04 ]
2021-08-03 14:47:24,867 - deformetrica.core.estimators.gradient_ascent - INFO - >> Step size and gradient norm: 
2021-08-03 14:47:24,868 - deformetrica.core.estimators.gradient_ascent - INFO - 		4.150E-05   and   1.061E+05 	[ landmark_points ]
2021-08-03 14:47:24,870 - deformetrica.core.estimators.gradient_ascent - INFO - 		1.184E-04   and   4.327E+04 	[ momenta ]
2021-08-03 14:47:25,616 - deformetrica.core.estimators.gradient_ascent - INFO - >> Step size and gradient norm: 
2021-08-03 14:47:25,617 - deformetrica.core.estimators.gradient_ascent - INFO - 		2.075E-05   and   1.061E+05 	[ landmark_points ]
2021-08-03 14:47:25,619 - deformetrica.core.estimators.gradient_ascent - INFO - 		5.918E-05   and   4.327E+04 	[ momenta ]
2021-08-03 14:47:25,901 - deformetrica.core.estimators.gradient_ascent - INFO - ------------------------------------- Iteration: 26 -------------------------------------
2021-08-03 14:47:25,902 - deformetrica.core.estimators.gradient_ascent - INFO - >> Log-likelihood = -1.590E+06 	 [ attachment = -1.580E+06 ; regularity = -1.020E+04 ]
2021-08-03 14:47:26,280 - deformetrica.core.estimators.gradient_ascent - INFO - >> Step size and gradient norm: 
2021-08-03 14:47:26,282 - deformetrica.core.estimators.gradient_ascent - INFO - 		3.112E-05   and   1.023E+05 	[ landmark_points ]
2021-08-03 14:47:26,284 - deformetrica.core.estimators.gradient_ascent - INFO - 		8.876E-05   and   4.118E+04 	[ momenta ]
2021-08-03 14:47:27,135 - deformetrica.core.estimators.gradient_ascent - INFO - ------------------------------------- Iteration: 27 -------------------------------------
2021-08-03 14:47:27,136 - deformetrica.core.estimators.gradient_ascent - INFO - >> Log-likelihood = -1.567E+06 	 [ attachment = -1.557E+06 ; regularity = -1.030E+04 ]
2021-08-03 14:47:27,555 - deformetrica.core.estimators.gradient_ascent - INFO - >> Step size and gradient norm: 
2021-08-03 14:47:27,557 - deformetrica.core.estimators.gradient_ascent - INFO - 		3.112E-05   and   1.113E+05 	[ landmark_points ]
2021-08-03 14:47:27,558 - deformetrica.core.estimators.gradient_ascent - INFO - 		4.438E-05   and   4.118E+04 	[ momenta ]
2021-08-03 14:47:27,851 - deformetrica.core.estimators.gradient_ascent - INFO - ------------------------------------- Iteration: 28 -------------------------------------
2021-08-03 14:47:27,852 - deformetrica.core.estimators.gradient_ascent - INFO - >> Log-likelihood = -1.549E+06 	 [ attachment = -1.538E+06 ; regularity = -1.041E+04 ]
2021-08-03 14:47:28,402 - deformetrica.core.estimators.gradient_ascent - INFO - >> Step size and gradient norm: 
2021-08-03 14:47:28,406 - deformetrica.core.estimators.gradient_ascent - INFO - 		4.669E-05   and   1.178E+05 	[ landmark_points ]
2021-08-03 14:47:28,408 - deformetrica.core.estimators.gradient_ascent - INFO - 		6.657E-05   and   4.300E+04 	[ momenta ]
2021-08-03 14:47:29,220 - deformetrica.core.estimators.gradient_ascent - INFO - ------------------------------------- Iteration: 29 -------------------------------------
2021-08-03 14:47:29,221 - deformetrica.core.estimators.gradient_ascent - INFO - >> Log-likelihood = -1.531E+06 	 [ attachment = -1.520E+06 ; regularity = -1.055E+04 ]
2021-08-03 14:47:29,625 - deformetrica.core.estimators.gradient_ascent - INFO - >> Step size and gradient norm: 
2021-08-03 14:47:29,626 - deformetrica.core.estimators.gradient_ascent - INFO - 		2.334E-05   and   1.317E+05 	[ landmark_points ]
2021-08-03 14:47:29,627 - deformetrica.core.estimators.gradient_ascent - INFO - 		6.657E-05   and   5.053E+04 	[ momenta ]
2021-08-03 14:47:29,885 - deformetrica.core.estimators.gradient_ascent - INFO - ------------------------------------- Iteration: 30 -------------------------------------
2021-08-03 14:47:29,886 - deformetrica.core.estimators.gradient_ascent - INFO - >> Log-likelihood = -1.520E+06 	 [ attachment = -1.509E+06 ; regularity = -1.070E+04 ]
2021-08-03 14:47:30,320 - deformetrica.core.estimators.gradient_ascent - INFO - >> Step size and gradient norm: 
2021-08-03 14:47:30,321 - deformetrica.core.estimators.gradient_ascent - INFO - 		3.501E-05   and   1.552E+05 	[ landmark_points ]
2021-08-03 14:47:30,322 - deformetrica.core.estimators.gradient_ascent - INFO - 		9.986E-05   and   5.815E+04 	[ momenta ]
2021-08-03 14:47:31,193 - deformetrica.core.estimators.gradient_ascent - INFO - >> Step size and gradient norm: 
2021-08-03 14:47:31,194 - deformetrica.core.estimators.gradient_ascent - INFO - 		1.751E-05   and   1.552E+05 	[ landmark_points ]
2021-08-03 14:47:31,196 - deformetrica.core.estimators.gradient_ascent - INFO - 		4.993E-05   and   5.815E+04 	[ momenta ]
2021-08-03 14:47:31,514 - deformetrica.core.estimators.gradient_ascent - INFO - ------------------------------------- Iteration: 31 -------------------------------------
2021-08-03 14:47:31,515 - deformetrica.core.estimators.gradient_ascent - INFO - >> Log-likelihood = -1.451E+06 	 [ attachment = -1.440E+06 ; regularity = -1.080E+04 ]
2021-08-03 14:47:31,944 - deformetrica.core.estimators.gradient_ascent - INFO - >> Step size and gradient norm: 
2021-08-03 14:47:31,945 - deformetrica.core.estimators.gradient_ascent - INFO - 		2.626E-05   and   9.776E+04 	[ landmark_points ]
2021-08-03 14:47:31,946 - deformetrica.core.estimators.gradient_ascent - INFO - 		7.490E-05   and   4.082E+04 	[ momenta ]
2021-08-03 14:47:32,230 - deformetrica.core.estimators.gradient_ascent - INFO - ------------------------------------- Iteration: 32 -------------------------------------
2021-08-03 14:47:32,231 - deformetrica.core.estimators.gradient_ascent - INFO - >> Log-likelihood = -1.443E+06 	 [ attachment = -1.432E+06 ; regularity = -1.097E+04 ]
2021-08-03 14:47:32,637 - deformetrica.core.estimators.gradient_ascent - INFO - >> Step size and gradient norm: 
2021-08-03 14:47:32,638 - deformetrica.core.estimators.gradient_ascent - INFO - 		3.939E-05   and   1.426E+05 	[ landmark_points ]
2021-08-03 14:47:32,640 - deformetrica.core.estimators.gradient_ascent - INFO - 		1.123E-04   and   5.461E+04 	[ momenta ]
2021-08-03 14:47:33,529 - deformetrica.core.estimators.gradient_ascent - INFO - >> Step size and gradient norm: 
2021-08-03 14:47:33,531 - deformetrica.core.estimators.gradient_ascent - INFO - 		1.970E-05   and   1.426E+05 	[ landmark_points ]
2021-08-03 14:47:33,532 - deformetrica.core.estimators.gradient_ascent - INFO - 		5.617E-05   and   5.461E+04 	[ momenta ]
2021-08-03 14:47:33,805 - deformetrica.core.estimators.gradient_ascent - INFO - ------------------------------------- Iteration: 33 -------------------------------------
2021-08-03 14:47:33,807 - deformetrica.core.estimators.gradient_ascent - INFO - >> Log-likelihood = -1.393E+06 	 [ attachment = -1.382E+06 ; regularity = -1.108E+04 ]
2021-08-03 14:47:34,226 - deformetrica.core.estimators.gradient_ascent - INFO - >> Step size and gradient norm: 
2021-08-03 14:47:34,228 - deformetrica.core.estimators.gradient_ascent - INFO - 		2.954E-05   and   1.192E+05 	[ landmark_points ]
2021-08-03 14:47:34,253 - deformetrica.core.estimators.gradient_ascent - INFO - 		8.426E-05   and   4.729E+04 	[ momenta ]
2021-08-03 14:47:35,123 - deformetrica.core.estimators.gradient_ascent - INFO - ------------------------------------- Iteration: 34 -------------------------------------
2021-08-03 14:47:35,125 - deformetrica.core.estimators.gradient_ascent - INFO - >> Log-likelihood = -1.365E+06 	 [ attachment = -1.354E+06 ; regularity = -1.116E+04 ]
2021-08-03 14:47:35,633 - deformetrica.core.estimators.gradient_ascent - INFO - >> Step size and gradient norm: 
2021-08-03 14:47:35,635 - deformetrica.core.estimators.gradient_ascent - INFO - 		2.954E-05   and   1.181E+05 	[ landmark_points ]
2021-08-03 14:47:35,636 - deformetrica.core.estimators.gradient_ascent - INFO - 		4.213E-05   and   4.258E+04 	[ momenta ]
2021-08-03 14:47:35,897 - deformetrica.core.estimators.gradient_ascent - INFO - ------------------------------------- Iteration: 35 -------------------------------------
2021-08-03 14:47:35,898 - deformetrica.core.estimators.gradient_ascent - INFO - >> Log-likelihood = -1.340E+06 	 [ attachment = -1.329E+06 ; regularity = -1.124E+04 ]
2021-08-03 14:47:36,311 - deformetrica.core.estimators.gradient_ascent - INFO - >> Step size and gradient norm: 
2021-08-03 14:47:36,312 - deformetrica.core.estimators.gradient_ascent - INFO - 		4.432E-05   and   1.105E+05 	[ landmark_points ]
2021-08-03 14:47:36,313 - deformetrica.core.estimators.gradient_ascent - INFO - 		6.319E-05   and   4.095E+04 	[ momenta ]
2021-08-03 14:47:37,105 - deformetrica.core.estimators.gradient_ascent - INFO - ------------------------------------- Iteration: 36 -------------------------------------
2021-08-03 14:47:37,106 - deformetrica.core.estimators.gradient_ascent - INFO - >> Log-likelihood = -1.318E+06 	 [ attachment = -1.307E+06 ; regularity = -1.136E+04 ]
2021-08-03 14:47:37,521 - deformetrica.core.estimators.gradient_ascent - INFO - >> Step size and gradient norm: 
2021-08-03 14:47:37,522 - deformetrica.core.estimators.gradient_ascent - INFO - 		2.216E-05   and   1.144E+05 	[ landmark_points ]
2021-08-03 14:47:37,523 - deformetrica.core.estimators.gradient_ascent - INFO - 		6.319E-05   and   4.339E+04 	[ momenta ]
2021-08-03 14:47:37,803 - deformetrica.core.estimators.gradient_ascent - INFO - ------------------------------------- Iteration: 37 -------------------------------------
2021-08-03 14:47:37,804 - deformetrica.core.estimators.gradient_ascent - INFO - >> Log-likelihood = -1.302E+06 	 [ attachment = -1.290E+06 ; regularity = -1.147E+04 ]
2021-08-03 14:47:38,285 - deformetrica.core.estimators.gradient_ascent - INFO - >> Step size and gradient norm: 
2021-08-03 14:47:38,286 - deformetrica.core.estimators.gradient_ascent - INFO - 		3.324E-05   and   1.213E+05 	[ landmark_points ]
2021-08-03 14:47:38,287 - deformetrica.core.estimators.gradient_ascent - INFO - 		9.479E-05   and   4.601E+04 	[ momenta ]
2021-08-03 14:47:39,059 - deformetrica.core.estimators.gradient_ascent - INFO - Tolerance threshold met. Stopping the optimization process.
2021-08-03 14:47:39,502 - root - INFO - >> Estimation took: 42 seconds
