2021-07-25 13:09:49,751 - root - ERROR - Logger has been set to: INFO
2021-07-25 13:09:49,770 - root - INFO - OMP_NUM_THREADS was not found in environment variables. An automatic value will be set.
2021-07-25 13:09:49,781 - root - INFO - OMP_NUM_THREADS will be set to 2
2021-07-25 13:09:49,789 - root - INFO - >> No specified state-file. By default, Deformetrica state will by saved in file: output/deformetrica-state.p.
2021-07-25 13:09:49,792 - root - INFO - >> Removing the pre-existing state file with same path.
2021-07-25 13:09:49,823 - deformetrica.core.models.model_functions - INFO - >> Reading 200 initial control points from file images/mask_initial_control_points/mask_03_initial_control_points.txt.
2021-07-25 13:09:49,825 - deformetrica.core.models.model_functions - INFO - >> Momenta initialized to zero, for 5 subjects.
2021-07-25 13:09:49,829 - root - INFO - >> Started estimator: GradientAscent
2021-07-25 13:09:50,680 - deformetrica.core.estimators.gradient_ascent - INFO - ------------------------------------- Iteration: 0 -------------------------------------
2021-07-25 13:09:50,681 - deformetrica.core.estimators.gradient_ascent - INFO - >> Log-likelihood = -7.236E+05 	 [ attachment = -7.236E+05 ; regularity = 0.000E+00 ]
2021-07-25 13:09:50,685 - deformetrica.core.estimators.gradient_ascent - INFO - >> Step size and gradient norm: 
2021-07-25 13:09:50,687 - deformetrica.core.estimators.gradient_ascent - INFO - 		2.627E-05   and   3.807E+04 	[ landmark_points ]
2021-07-25 13:09:50,690 - deformetrica.core.estimators.gradient_ascent - INFO - 		7.573E-05   and   1.320E+04 	[ momenta ]
2021-07-25 13:09:51,172 - deformetrica.core.estimators.gradient_ascent - INFO - ------------------------------------- Iteration: 1 -------------------------------------
2021-07-25 13:09:51,173 - deformetrica.core.estimators.gradient_ascent - INFO - >> Log-likelihood = -7.036E+05 	 [ attachment = -7.036E+05 ; regularity = -1.777E+00 ]
2021-07-25 13:09:51,951 - deformetrica.core.estimators.gradient_ascent - INFO - >> Step size and gradient norm: 
2021-07-25 13:09:51,952 - deformetrica.core.estimators.gradient_ascent - INFO - 		3.940E-05   and   3.690E+04 	[ landmark_points ]
2021-07-25 13:09:51,954 - deformetrica.core.estimators.gradient_ascent - INFO - 		1.136E-04   and   1.295E+04 	[ momenta ]
2021-07-25 13:09:52,383 - deformetrica.core.estimators.gradient_ascent - INFO - ------------------------------------- Iteration: 2 -------------------------------------
2021-07-25 13:09:52,384 - deformetrica.core.estimators.gradient_ascent - INFO - >> Log-likelihood = -6.753E+05 	 [ attachment = -6.753E+05 ; regularity = -1.084E+01 ]
2021-07-25 13:09:53,148 - deformetrica.core.estimators.gradient_ascent - INFO - >> Step size and gradient norm: 
2021-07-25 13:09:53,149 - deformetrica.core.estimators.gradient_ascent - INFO - 		5.910E-05   and   3.518E+04 	[ landmark_points ]
2021-07-25 13:09:53,151 - deformetrica.core.estimators.gradient_ascent - INFO - 		1.704E-04   and   1.256E+04 	[ momenta ]
2021-07-25 13:09:53,644 - deformetrica.core.estimators.gradient_ascent - INFO - ------------------------------------- Iteration: 3 -------------------------------------
2021-07-25 13:09:53,647 - deformetrica.core.estimators.gradient_ascent - INFO - >> Log-likelihood = -6.359E+05 	 [ attachment = -6.358E+05 ; regularity = -3.774E+01 ]
2021-07-25 13:09:54,572 - deformetrica.core.estimators.gradient_ascent - INFO - >> Step size and gradient norm: 
2021-07-25 13:09:54,574 - deformetrica.core.estimators.gradient_ascent - INFO - 		8.865E-05   and   3.266E+04 	[ landmark_points ]
2021-07-25 13:09:54,576 - deformetrica.core.estimators.gradient_ascent - INFO - 		2.556E-04   and   1.200E+04 	[ momenta ]
