2021-08-03 13:58:28,339 - root - ERROR - Logger has been set to: INFO
2021-08-03 13:58:28,353 - root - INFO - OMP_NUM_THREADS was not found in environment variables. An automatic value will be set.
2021-08-03 13:58:28,358 - root - INFO - OMP_NUM_THREADS will be set to 2
2021-08-03 13:58:28,361 - root - INFO - >> No specified state-file. By default, Deformetrica state will by saved in file: output/deformetrica-state.p.
2021-08-03 13:58:28,364 - root - INFO - >> Removing the pre-existing state file with same path.
2021-08-03 13:58:28,390 - deformetrica.core.models.model_functions - INFO - >> Reading 200 initial control points from file images/mask_initial_control_points/mask_03_initial_control_points.txt.
2021-08-03 13:58:28,392 - deformetrica.core.models.model_functions - INFO - >> Momenta initialized to zero, for 5 subjects.
2021-08-03 13:58:28,396 - root - INFO - >> Started estimator: GradientAscent
2021-08-03 13:58:29,303 - deformetrica.core.estimators.gradient_ascent - INFO - ------------------------------------- Iteration: 0 -------------------------------------
2021-08-03 13:58:29,305 - deformetrica.core.estimators.gradient_ascent - INFO - >> Log-likelihood = -4.136E+04 	 [ attachment = -4.136E+04 ; regularity = 0.000E+00 ]
2021-08-03 13:58:29,307 - deformetrica.core.estimators.gradient_ascent - INFO - >> Step size and gradient norm: 
2021-08-03 13:58:29,310 - deformetrica.core.estimators.gradient_ascent - INFO - 		2.807E-04   and   3.562E+03 	[ landmark_points ]
2021-08-03 13:58:29,312 - deformetrica.core.estimators.gradient_ascent - INFO - 		7.456E-04   and   1.341E+03 	[ momenta ]
2021-08-03 13:58:29,693 - deformetrica.core.estimators.gradient_ascent - INFO - ------------------------------------- Iteration: 1 -------------------------------------
2021-08-03 13:58:29,694 - deformetrica.core.estimators.gradient_ascent - INFO - >> Log-likelihood = -3.974E+04 	 [ attachment = -3.973E+04 ; regularity = -3.813E+00 ]
2021-08-03 13:58:30,342 - deformetrica.core.estimators.gradient_ascent - INFO - >> Step size and gradient norm: 
2021-08-03 13:58:30,344 - deformetrica.core.estimators.gradient_ascent - INFO - 		4.211E-04   and   3.362E+03 	[ landmark_points ]
2021-08-03 13:58:30,346 - deformetrica.core.estimators.gradient_ascent - INFO - 		1.118E-03   and   1.267E+03 	[ momenta ]
2021-08-03 13:58:30,708 - deformetrica.core.estimators.gradient_ascent - INFO - ------------------------------------- Iteration: 2 -------------------------------------
2021-08-03 13:58:30,709 - deformetrica.core.estimators.gradient_ascent - INFO - >> Log-likelihood = -3.758E+04 	 [ attachment = -3.756E+04 ; regularity = -2.208E+01 ]
2021-08-03 13:58:31,406 - deformetrica.core.estimators.gradient_ascent - INFO - >> Step size and gradient norm: 
2021-08-03 13:58:31,407 - deformetrica.core.estimators.gradient_ascent - INFO - 		6.316E-04   and   3.084E+03 	[ landmark_points ]
2021-08-03 13:58:31,408 - deformetrica.core.estimators.gradient_ascent - INFO - 		1.678E-03   and   1.164E+03 	[ momenta ]
2021-08-03 13:58:31,759 - deformetrica.core.estimators.gradient_ascent - INFO - ------------------------------------- Iteration: 3 -------------------------------------
2021-08-03 13:58:31,760 - deformetrica.core.estimators.gradient_ascent - INFO - >> Log-likelihood = -3.489E+04 	 [ attachment = -3.482E+04 ; regularity = -7.122E+01 ]
2021-08-03 13:58:32,419 - deformetrica.core.estimators.gradient_ascent - INFO - >> Step size and gradient norm: 
2021-08-03 13:58:32,421 - deformetrica.core.estimators.gradient_ascent - INFO - 		9.474E-04   and   2.714E+03 	[ landmark_points ]
2021-08-03 13:58:32,422 - deformetrica.core.estimators.gradient_ascent - INFO - 		2.516E-03   and   1.028E+03 	[ momenta ]
2021-08-03 13:58:32,760 - deformetrica.core.estimators.gradient_ascent - INFO - ------------------------------------- Iteration: 4 -------------------------------------
2021-08-03 13:58:32,761 - deformetrica.core.estimators.gradient_ascent - INFO - >> Log-likelihood = -3.178E+04 	 [ attachment = -3.161E+04 ; regularity = -1.767E+02 ]
2021-08-03 13:58:33,391 - deformetrica.core.estimators.gradient_ascent - INFO - >> Step size and gradient norm: 
2021-08-03 13:58:33,392 - deformetrica.core.estimators.gradient_ascent - INFO - 		1.421E-03   and   2.253E+03 	[ landmark_points ]
2021-08-03 13:58:33,393 - deformetrica.core.estimators.gradient_ascent - INFO - 		3.775E-03   and   8.589E+02 	[ momenta ]
2021-08-03 13:58:33,770 - deformetrica.core.estimators.gradient_ascent - INFO - ------------------------------------- Iteration: 5 -------------------------------------
2021-08-03 13:58:33,788 - deformetrica.core.estimators.gradient_ascent - INFO - >> Log-likelihood = -2.856E+04 	 [ attachment = -2.819E+04 ; regularity = -3.673E+02 ]
2021-08-03 13:58:34,492 - deformetrica.core.estimators.gradient_ascent - INFO - >> Step size and gradient norm: 
2021-08-03 13:58:34,493 - deformetrica.core.estimators.gradient_ascent - INFO - 		2.132E-03   and   1.741E+03 	[ landmark_points ]
2021-08-03 13:58:34,496 - deformetrica.core.estimators.gradient_ascent - INFO - 		5.662E-03   and   6.730E+02 	[ momenta ]
2021-08-03 13:58:35,033 - deformetrica.core.estimators.gradient_ascent - INFO - ------------------------------------- Iteration: 6 -------------------------------------
2021-08-03 13:58:35,035 - deformetrica.core.estimators.gradient_ascent - INFO - >> Log-likelihood = -2.556E+04 	 [ attachment = -2.490E+04 ; regularity = -6.554E+02 ]
2021-08-03 13:58:35,944 - deformetrica.core.estimators.gradient_ascent - INFO - >> Step size and gradient norm: 
2021-08-03 13:58:35,946 - deformetrica.core.estimators.gradient_ascent - INFO - 		3.198E-03   and   1.274E+03 	[ landmark_points ]
2021-08-03 13:58:35,947 - deformetrica.core.estimators.gradient_ascent - INFO - 		8.493E-03   and   5.029E+02 	[ momenta ]
2021-08-03 13:58:36,355 - deformetrica.core.estimators.gradient_ascent - INFO - ------------------------------------- Iteration: 7 -------------------------------------
2021-08-03 13:58:36,357 - deformetrica.core.estimators.gradient_ascent - INFO - >> Log-likelihood = -2.290E+04 	 [ attachment = -2.189E+04 ; regularity = -1.014E+03 ]
2021-08-03 13:58:36,993 - deformetrica.core.estimators.gradient_ascent - INFO - >> Step size and gradient norm: 
2021-08-03 13:58:36,994 - deformetrica.core.estimators.gradient_ascent - INFO - 		4.796E-03   and   9.394E+02 	[ landmark_points ]
2021-08-03 13:58:36,995 - deformetrica.core.estimators.gradient_ascent - INFO - 		1.274E-02   and   3.778E+02 	[ momenta ]
2021-08-03 13:58:37,396 - deformetrica.core.estimators.gradient_ascent - INFO - ------------------------------------- Iteration: 8 -------------------------------------
2021-08-03 13:58:37,397 - deformetrica.core.estimators.gradient_ascent - INFO - >> Log-likelihood = -2.053E+04 	 [ attachment = -1.913E+04 ; regularity = -1.401E+03 ]
2021-08-03 13:58:38,082 - deformetrica.core.estimators.gradient_ascent - INFO - >> Step size and gradient norm: 
2021-08-03 13:58:38,083 - deformetrica.core.estimators.gradient_ascent - INFO - 		7.194E-03   and   7.127E+02 	[ landmark_points ]
2021-08-03 13:58:38,084 - deformetrica.core.estimators.gradient_ascent - INFO - 		1.911E-02   and   2.883E+02 	[ momenta ]
2021-08-03 13:58:38,451 - deformetrica.core.estimators.gradient_ascent - INFO - ------------------------------------- Iteration: 9 -------------------------------------
2021-08-03 13:58:38,453 - deformetrica.core.estimators.gradient_ascent - INFO - >> Log-likelihood = -1.842E+04 	 [ attachment = -1.658E+04 ; regularity = -1.842E+03 ]
2021-08-03 13:58:39,215 - deformetrica.core.estimators.gradient_ascent - INFO - >> Step size and gradient norm: 
2021-08-03 13:58:39,218 - deformetrica.core.estimators.gradient_ascent - INFO - 		1.079E-02   and   5.424E+02 	[ landmark_points ]
2021-08-03 13:58:39,246 - deformetrica.core.estimators.gradient_ascent - INFO - 		2.866E-02   and   2.164E+02 	[ momenta ]
2021-08-03 13:58:39,760 - deformetrica.core.estimators.gradient_ascent - INFO - ------------------------------------- Iteration: 10 -------------------------------------
2021-08-03 13:58:39,761 - deformetrica.core.estimators.gradient_ascent - INFO - >> Log-likelihood = -1.671E+04 	 [ attachment = -1.436E+04 ; regularity = -2.352E+03 ]
2021-08-03 13:58:40,509 - deformetrica.core.estimators.gradient_ascent - INFO - >> Step size and gradient norm: 
2021-08-03 13:58:40,510 - deformetrica.core.estimators.gradient_ascent - INFO - 		1.619E-02   and   5.472E+02 	[ landmark_points ]
2021-08-03 13:58:40,512 - deformetrica.core.estimators.gradient_ascent - INFO - 		4.299E-02   and   1.773E+02 	[ momenta ]
2021-08-03 13:58:41,954 - deformetrica.core.estimators.gradient_ascent - INFO - ------------------------------------- Iteration: 11 -------------------------------------
2021-08-03 13:58:41,955 - deformetrica.core.estimators.gradient_ascent - INFO - >> Log-likelihood = -1.612E+04 	 [ attachment = -1.355E+04 ; regularity = -2.562E+03 ]
2021-08-03 13:58:42,751 - deformetrica.core.estimators.gradient_ascent - INFO - >> Step size and gradient norm: 
2021-08-03 13:58:42,752 - deformetrica.core.estimators.gradient_ascent - INFO - 		1.619E-02   and   1.490E+03 	[ landmark_points ]
2021-08-03 13:58:42,754 - deformetrica.core.estimators.gradient_ascent - INFO - 		2.150E-02   and   4.574E+02 	[ momenta ]
2021-08-03 13:58:44,257 - deformetrica.core.estimators.gradient_ascent - INFO - >> Step size and gradient norm: 
2021-08-03 13:58:44,259 - deformetrica.core.estimators.gradient_ascent - INFO - 		8.094E-03   and   1.490E+03 	[ landmark_points ]
2021-08-03 13:58:44,287 - deformetrica.core.estimators.gradient_ascent - INFO - 		1.075E-02   and   4.574E+02 	[ momenta ]
2021-08-03 13:58:45,547 - deformetrica.core.estimators.gradient_ascent - INFO - ------------------------------------- Iteration: 12 -------------------------------------
2021-08-03 13:58:45,549 - deformetrica.core.estimators.gradient_ascent - INFO - >> Log-likelihood = -1.601E+04 	 [ attachment = -1.341E+04 ; regularity = -2.597E+03 ]
2021-08-03 13:58:46,154 - deformetrica.core.estimators.gradient_ascent - INFO - >> Step size and gradient norm: 
2021-08-03 13:58:46,155 - deformetrica.core.estimators.gradient_ascent - INFO - 		8.094E-03   and   2.251E+03 	[ landmark_points ]
2021-08-03 13:58:46,158 - deformetrica.core.estimators.gradient_ascent - INFO - 		5.374E-03   and   5.102E+02 	[ momenta ]
2021-08-03 13:58:47,224 - deformetrica.core.estimators.gradient_ascent - INFO - ------------------------------------- Iteration: 13 -------------------------------------
2021-08-03 13:58:47,225 - deformetrica.core.estimators.gradient_ascent - INFO - >> Log-likelihood = -1.560E+04 	 [ attachment = -1.295E+04 ; regularity = -2.655E+03 ]
2021-08-03 13:58:47,870 - deformetrica.core.estimators.gradient_ascent - INFO - >> Step size and gradient norm: 
2021-08-03 13:58:47,871 - deformetrica.core.estimators.gradient_ascent - INFO - 		4.047E-03   and   1.676E+03 	[ landmark_points ]
2021-08-03 13:58:47,873 - deformetrica.core.estimators.gradient_ascent - INFO - 		5.374E-03   and   4.469E+02 	[ momenta ]
2021-08-03 13:58:48,232 - deformetrica.core.estimators.gradient_ascent - INFO - ------------------------------------- Iteration: 14 -------------------------------------
2021-08-03 13:58:48,233 - deformetrica.core.estimators.gradient_ascent - INFO - >> Log-likelihood = -1.534E+04 	 [ attachment = -1.266E+04 ; regularity = -2.677E+03 ]
2021-08-03 13:58:48,908 - deformetrica.core.estimators.gradient_ascent - INFO - >> Step size and gradient norm: 
2021-08-03 13:58:48,909 - deformetrica.core.estimators.gradient_ascent - INFO - 		6.070E-03   and   1.609E+03 	[ landmark_points ]
2021-08-03 13:58:48,911 - deformetrica.core.estimators.gradient_ascent - INFO - 		8.061E-03   and   4.048E+02 	[ momenta ]
2021-08-03 13:58:49,925 - deformetrica.core.estimators.gradient_ascent - INFO - ------------------------------------- Iteration: 15 -------------------------------------
2021-08-03 13:58:49,926 - deformetrica.core.estimators.gradient_ascent - INFO - >> Log-likelihood = -1.521E+04 	 [ attachment = -1.249E+04 ; regularity = -2.717E+03 ]
2021-08-03 13:58:50,538 - deformetrica.core.estimators.gradient_ascent - INFO - >> Step size and gradient norm: 
2021-08-03 13:58:50,539 - deformetrica.core.estimators.gradient_ascent - INFO - 		6.070E-03   and   1.650E+03 	[ landmark_points ]
2021-08-03 13:58:50,541 - deformetrica.core.estimators.gradient_ascent - INFO - 		4.031E-03   and   4.549E+02 	[ momenta ]
2021-08-03 13:58:51,559 - deformetrica.core.estimators.gradient_ascent - INFO - ------------------------------------- Iteration: 16 -------------------------------------
2021-08-03 13:58:51,560 - deformetrica.core.estimators.gradient_ascent - INFO - >> Log-likelihood = -1.485E+04 	 [ attachment = -1.211E+04 ; regularity = -2.747E+03 ]
2021-08-03 13:58:52,162 - deformetrica.core.estimators.gradient_ascent - INFO - >> Step size and gradient norm: 
2021-08-03 13:58:52,163 - deformetrica.core.estimators.gradient_ascent - INFO - 		3.035E-03   and   1.055E+03 	[ landmark_points ]
2021-08-03 13:58:52,165 - deformetrica.core.estimators.gradient_ascent - INFO - 		4.031E-03   and   3.200E+02 	[ momenta ]
2021-08-03 13:58:52,584 - deformetrica.core.estimators.gradient_ascent - INFO - ------------------------------------- Iteration: 17 -------------------------------------
2021-08-03 13:58:52,585 - deformetrica.core.estimators.gradient_ascent - INFO - >> Log-likelihood = -1.466E+04 	 [ attachment = -1.188E+04 ; regularity = -2.780E+03 ]
2021-08-03 13:58:53,177 - deformetrica.core.estimators.gradient_ascent - INFO - >> Step size and gradient norm: 
2021-08-03 13:58:53,178 - deformetrica.core.estimators.gradient_ascent - INFO - 		4.553E-03   and   7.963E+02 	[ landmark_points ]
2021-08-03 13:58:53,179 - deformetrica.core.estimators.gradient_ascent - INFO - 		6.046E-03   and   2.572E+02 	[ momenta ]
2021-08-03 13:58:53,543 - deformetrica.core.estimators.gradient_ascent - INFO - ------------------------------------- Iteration: 18 -------------------------------------
2021-08-03 13:58:53,544 - deformetrica.core.estimators.gradient_ascent - INFO - >> Log-likelihood = -1.461E+04 	 [ attachment = -1.177E+04 ; regularity = -2.837E+03 ]
2021-08-03 13:58:54,129 - deformetrica.core.estimators.gradient_ascent - INFO - >> Step size and gradient norm: 
2021-08-03 13:58:54,130 - deformetrica.core.estimators.gradient_ascent - INFO - 		6.829E-03   and   1.256E+03 	[ landmark_points ]
2021-08-03 13:58:54,131 - deformetrica.core.estimators.gradient_ascent - INFO - 		9.069E-03   and   3.809E+02 	[ momenta ]
2021-08-03 13:58:55,142 - deformetrica.core.estimators.gradient_ascent - INFO - >> Step size and gradient norm: 
2021-08-03 13:58:55,143 - deformetrica.core.estimators.gradient_ascent - INFO - 		3.415E-03   and   1.256E+03 	[ landmark_points ]
2021-08-03 13:58:55,172 - deformetrica.core.estimators.gradient_ascent - INFO - 		4.535E-03   and   3.809E+02 	[ momenta ]
2021-08-03 13:58:55,600 - deformetrica.core.estimators.gradient_ascent - INFO - ------------------------------------- Iteration: 19 -------------------------------------
2021-08-03 13:58:55,601 - deformetrica.core.estimators.gradient_ascent - INFO - >> Log-likelihood = -1.447E+04 	 [ attachment = -1.160E+04 ; regularity = -2.874E+03 ]
2021-08-03 13:58:56,325 - deformetrica.core.estimators.gradient_ascent - INFO - >> Step size and gradient norm: 
2021-08-03 13:58:56,326 - deformetrica.core.estimators.gradient_ascent - INFO - 		5.122E-03   and   1.255E+03 	[ landmark_points ]
2021-08-03 13:58:56,328 - deformetrica.core.estimators.gradient_ascent - INFO - 		6.802E-03   and   3.772E+02 	[ momenta ]
2021-08-03 13:58:57,356 - deformetrica.core.estimators.gradient_ascent - INFO - ------------------------------------- Iteration: 20 -------------------------------------
2021-08-03 13:58:57,357 - deformetrica.core.estimators.gradient_ascent - INFO - >> Log-likelihood = -1.436E+04 	 [ attachment = -1.146E+04 ; regularity = -2.903E+03 ]
2021-08-03 13:58:57,985 - deformetrica.core.estimators.gradient_ascent - INFO - >> Step size and gradient norm: 
2021-08-03 13:58:57,986 - deformetrica.core.estimators.gradient_ascent - INFO - 		5.122E-03   and   1.312E+03 	[ landmark_points ]
2021-08-03 13:58:57,988 - deformetrica.core.estimators.gradient_ascent - INFO - 		3.401E-03   and   3.868E+02 	[ momenta ]
2021-08-03 13:58:58,322 - deformetrica.core.estimators.gradient_ascent - INFO - ------------------------------------- Iteration: 21 -------------------------------------
2021-08-03 13:58:58,323 - deformetrica.core.estimators.gradient_ascent - INFO - >> Log-likelihood = -1.426E+04 	 [ attachment = -1.133E+04 ; regularity = -2.933E+03 ]
2021-08-03 13:58:58,987 - deformetrica.core.estimators.gradient_ascent - INFO - >> Step size and gradient norm: 
2021-08-03 13:58:58,988 - deformetrica.core.estimators.gradient_ascent - INFO - 		7.683E-03   and   1.361E+03 	[ landmark_points ]
2021-08-03 13:58:58,989 - deformetrica.core.estimators.gradient_ascent - INFO - 		5.101E-03   and   4.011E+02 	[ momenta ]
2021-08-03 13:59:00,047 - deformetrica.core.estimators.gradient_ascent - INFO - >> Step size and gradient norm: 
2021-08-03 13:59:00,049 - deformetrica.core.estimators.gradient_ascent - INFO - 		3.841E-03   and   1.361E+03 	[ landmark_points ]
2021-08-03 13:59:00,053 - deformetrica.core.estimators.gradient_ascent - INFO - 		2.551E-03   and   4.011E+02 	[ momenta ]
2021-08-03 13:59:00,435 - deformetrica.core.estimators.gradient_ascent - INFO - ------------------------------------- Iteration: 22 -------------------------------------
2021-08-03 13:59:00,436 - deformetrica.core.estimators.gradient_ascent - INFO - >> Log-likelihood = -1.399E+04 	 [ attachment = -1.104E+04 ; regularity = -2.951E+03 ]
2021-08-03 13:59:01,089 - deformetrica.core.estimators.gradient_ascent - INFO - >> Step size and gradient norm: 
2021-08-03 13:59:01,090 - deformetrica.core.estimators.gradient_ascent - INFO - 		5.762E-03   and   7.481E+02 	[ landmark_points ]
2021-08-03 13:59:01,093 - deformetrica.core.estimators.gradient_ascent - INFO - 		3.826E-03   and   2.419E+02 	[ momenta ]
2021-08-03 13:59:01,479 - deformetrica.core.estimators.gradient_ascent - INFO - ------------------------------------- Iteration: 23 -------------------------------------
2021-08-03 13:59:01,481 - deformetrica.core.estimators.gradient_ascent - INFO - >> Log-likelihood = -1.392E+04 	 [ attachment = -1.093E+04 ; regularity = -2.984E+03 ]
2021-08-03 13:59:02,112 - deformetrica.core.estimators.gradient_ascent - INFO - >> Step size and gradient norm: 
2021-08-03 13:59:02,113 - deformetrica.core.estimators.gradient_ascent - INFO - 		8.643E-03   and   9.602E+02 	[ landmark_points ]
2021-08-03 13:59:02,114 - deformetrica.core.estimators.gradient_ascent - INFO - 		5.739E-03   and   2.940E+02 	[ momenta ]
2021-08-03 13:59:03,210 - deformetrica.core.estimators.gradient_ascent - INFO - >> Step size and gradient norm: 
2021-08-03 13:59:03,211 - deformetrica.core.estimators.gradient_ascent - INFO - 		4.322E-03   and   9.602E+02 	[ landmark_points ]
2021-08-03 13:59:03,213 - deformetrica.core.estimators.gradient_ascent - INFO - 		2.870E-03   and   2.940E+02 	[ momenta ]
2021-08-03 13:59:03,555 - deformetrica.core.estimators.gradient_ascent - INFO - ------------------------------------- Iteration: 24 -------------------------------------
2021-08-03 13:59:03,556 - deformetrica.core.estimators.gradient_ascent - INFO - >> Log-likelihood = -1.377E+04 	 [ attachment = -1.077E+04 ; regularity = -3.005E+03 ]
2021-08-03 13:59:04,379 - deformetrica.core.estimators.gradient_ascent - INFO - >> Step size and gradient norm: 
2021-08-03 13:59:04,380 - deformetrica.core.estimators.gradient_ascent - INFO - 		6.482E-03   and   7.093E+02 	[ landmark_points ]
2021-08-03 13:59:04,383 - deformetrica.core.estimators.gradient_ascent - INFO - 		4.304E-03   and   2.301E+02 	[ momenta ]
2021-08-03 13:59:04,960 - deformetrica.core.estimators.gradient_ascent - INFO - ------------------------------------- Iteration: 25 -------------------------------------
2021-08-03 13:59:04,961 - deformetrica.core.estimators.gradient_ascent - INFO - >> Log-likelihood = -1.375E+04 	 [ attachment = -1.071E+04 ; regularity = -3.040E+03 ]
2021-08-03 13:59:05,739 - deformetrica.core.estimators.gradient_ascent - INFO - >> Step size and gradient norm: 
2021-08-03 13:59:05,742 - deformetrica.core.estimators.gradient_ascent - INFO - 		9.723E-03   and   1.106E+03 	[ landmark_points ]
2021-08-03 13:59:05,745 - deformetrica.core.estimators.gradient_ascent - INFO - 		6.456E-03   and   3.296E+02 	[ momenta ]
2021-08-03 13:59:07,173 - deformetrica.core.estimators.gradient_ascent - INFO - >> Step size and gradient norm: 
2021-08-03 13:59:07,174 - deformetrica.core.estimators.gradient_ascent - INFO - 		4.862E-03   and   1.106E+03 	[ landmark_points ]
2021-08-03 13:59:07,176 - deformetrica.core.estimators.gradient_ascent - INFO - 		3.228E-03   and   3.296E+02 	[ momenta ]
2021-08-03 13:59:07,671 - deformetrica.core.estimators.gradient_ascent - INFO - ------------------------------------- Iteration: 26 -------------------------------------
2021-08-03 13:59:07,672 - deformetrica.core.estimators.gradient_ascent - INFO - >> Log-likelihood = -1.365E+04 	 [ attachment = -1.059E+04 ; regularity = -3.062E+03 ]
2021-08-03 13:59:08,588 - deformetrica.core.estimators.gradient_ascent - INFO - >> Step size and gradient norm: 
2021-08-03 13:59:08,590 - deformetrica.core.estimators.gradient_ascent - INFO - 		7.293E-03   and   1.042E+03 	[ landmark_points ]
2021-08-03 13:59:08,591 - deformetrica.core.estimators.gradient_ascent - INFO - 		4.842E-03   and   3.113E+02 	[ momenta ]
2021-08-03 13:59:09,651 - deformetrica.core.estimators.gradient_ascent - INFO - ------------------------------------- Iteration: 27 -------------------------------------
2021-08-03 13:59:09,652 - deformetrica.core.estimators.gradient_ascent - INFO - >> Log-likelihood = -1.360E+04 	 [ attachment = -1.050E+04 ; regularity = -3.099E+03 ]
2021-08-03 13:59:10,270 - deformetrica.core.estimators.gradient_ascent - INFO - >> Step size and gradient norm: 
2021-08-03 13:59:10,271 - deformetrica.core.estimators.gradient_ascent - INFO - 		3.646E-03   and   1.158E+03 	[ landmark_points ]
2021-08-03 13:59:10,272 - deformetrica.core.estimators.gradient_ascent - INFO - 		4.842E-03   and   3.480E+02 	[ momenta ]
2021-08-03 13:59:10,619 - deformetrica.core.estimators.gradient_ascent - INFO - ------------------------------------- Iteration: 28 -------------------------------------
2021-08-03 13:59:10,620 - deformetrica.core.estimators.gradient_ascent - INFO - >> Log-likelihood = -1.357E+04 	 [ attachment = -1.045E+04 ; regularity = -3.127E+03 ]
2021-08-03 13:59:11,292 - deformetrica.core.estimators.gradient_ascent - INFO - >> Step size and gradient norm: 
2021-08-03 13:59:11,294 - deformetrica.core.estimators.gradient_ascent - INFO - 		5.469E-03   and   1.317E+03 	[ landmark_points ]
2021-08-03 13:59:11,296 - deformetrica.core.estimators.gradient_ascent - INFO - 		7.264E-03   and   3.862E+02 	[ momenta ]
2021-08-03 13:59:12,470 - deformetrica.core.estimators.gradient_ascent - INFO - >> Step size and gradient norm: 
2021-08-03 13:59:12,472 - deformetrica.core.estimators.gradient_ascent - INFO - 		2.735E-03   and   1.317E+03 	[ landmark_points ]
2021-08-03 13:59:12,474 - deformetrica.core.estimators.gradient_ascent - INFO - 		3.632E-03   and   3.862E+02 	[ momenta ]
2021-08-03 13:59:12,991 - deformetrica.core.estimators.gradient_ascent - INFO - ------------------------------------- Iteration: 29 -------------------------------------
2021-08-03 13:59:12,992 - deformetrica.core.estimators.gradient_ascent - INFO - >> Log-likelihood = -1.335E+04 	 [ attachment = -1.020E+04 ; regularity = -3.149E+03 ]
2021-08-03 13:59:13,833 - deformetrica.core.estimators.gradient_ascent - INFO - >> Step size and gradient norm: 
2021-08-03 13:59:13,834 - deformetrica.core.estimators.gradient_ascent - INFO - 		4.102E-03   and   7.952E+02 	[ landmark_points ]
2021-08-03 13:59:13,839 - deformetrica.core.estimators.gradient_ascent - INFO - 		5.448E-03   and   2.469E+02 	[ momenta ]
2021-08-03 13:59:15,417 - deformetrica.core.estimators.gradient_ascent - INFO - ------------------------------------- Iteration: 30 -------------------------------------
2021-08-03 13:59:15,418 - deformetrica.core.estimators.gradient_ascent - INFO - >> Log-likelihood = -1.325E+04 	 [ attachment = -1.008E+04 ; regularity = -3.161E+03 ]
2021-08-03 13:59:16,319 - deformetrica.core.estimators.gradient_ascent - INFO - >> Step size and gradient norm: 
2021-08-03 13:59:16,321 - deformetrica.core.estimators.gradient_ascent - INFO - 		4.102E-03   and   5.396E+02 	[ landmark_points ]
2021-08-03 13:59:16,324 - deformetrica.core.estimators.gradient_ascent - INFO - 		2.724E-03   and   1.719E+02 	[ momenta ]
2021-08-03 13:59:17,004 - deformetrica.core.estimators.gradient_ascent - INFO - ------------------------------------- Iteration: 31 -------------------------------------
2021-08-03 13:59:17,005 - deformetrica.core.estimators.gradient_ascent - INFO - >> Log-likelihood = -1.317E+04 	 [ attachment = -9.993E+03 ; regularity = -3.176E+03 ]
2021-08-03 13:59:17,873 - deformetrica.core.estimators.gradient_ascent - INFO - >> Step size and gradient norm: 
2021-08-03 13:59:17,875 - deformetrica.core.estimators.gradient_ascent - INFO - 		6.153E-03   and   3.622E+02 	[ landmark_points ]
2021-08-03 13:59:17,877 - deformetrica.core.estimators.gradient_ascent - INFO - 		4.086E-03   and   1.374E+02 	[ momenta ]
2021-08-03 13:59:18,305 - deformetrica.core.estimators.gradient_ascent - INFO - ------------------------------------- Iteration: 32 -------------------------------------
2021-08-03 13:59:18,306 - deformetrica.core.estimators.gradient_ascent - INFO - >> Log-likelihood = -1.311E+04 	 [ attachment = -9.915E+03 ; regularity = -3.195E+03 ]
2021-08-03 13:59:18,952 - deformetrica.core.estimators.gradient_ascent - INFO - >> Step size and gradient norm: 
2021-08-03 13:59:18,954 - deformetrica.core.estimators.gradient_ascent - INFO - 		9.230E-03   and   5.089E+02 	[ landmark_points ]
2021-08-03 13:59:18,956 - deformetrica.core.estimators.gradient_ascent - INFO - 		6.129E-03   and   1.638E+02 	[ momenta ]
2021-08-03 13:59:20,161 - deformetrica.core.estimators.gradient_ascent - INFO - ------------------------------------- Iteration: 33 -------------------------------------
2021-08-03 13:59:20,163 - deformetrica.core.estimators.gradient_ascent - INFO - >> Log-likelihood = -1.309E+04 	 [ attachment = -9.862E+03 ; regularity = -3.228E+03 ]
2021-08-03 13:59:20,926 - deformetrica.core.estimators.gradient_ascent - INFO - >> Step size and gradient norm: 
2021-08-03 13:59:20,928 - deformetrica.core.estimators.gradient_ascent - INFO - 		4.615E-03   and   8.135E+02 	[ landmark_points ]
2021-08-03 13:59:20,929 - deformetrica.core.estimators.gradient_ascent - INFO - 		6.129E-03   and   2.488E+02 	[ momenta ]
2021-08-03 13:59:22,442 - deformetrica.core.estimators.gradient_ascent - INFO - ------------------------------------- Iteration: 34 -------------------------------------
2021-08-03 13:59:22,444 - deformetrica.core.estimators.gradient_ascent - INFO - >> Log-likelihood = -1.301E+04 	 [ attachment = -9.775E+03 ; regularity = -3.237E+03 ]
2021-08-03 13:59:23,293 - deformetrica.core.estimators.gradient_ascent - INFO - >> Step size and gradient norm: 
2021-08-03 13:59:23,294 - deformetrica.core.estimators.gradient_ascent - INFO - 		4.615E-03   and   7.160E+02 	[ landmark_points ]
2021-08-03 13:59:23,296 - deformetrica.core.estimators.gradient_ascent - INFO - 		3.064E-03   and   2.092E+02 	[ momenta ]
2021-08-03 13:59:23,849 - deformetrica.core.estimators.gradient_ascent - INFO - ------------------------------------- Iteration: 35 -------------------------------------
2021-08-03 13:59:23,850 - deformetrica.core.estimators.gradient_ascent - INFO - >> Log-likelihood = -1.294E+04 	 [ attachment = -9.686E+03 ; regularity = -3.252E+03 ]
2021-08-03 13:59:24,685 - deformetrica.core.estimators.gradient_ascent - INFO - >> Step size and gradient norm: 
2021-08-03 13:59:24,687 - deformetrica.core.estimators.gradient_ascent - INFO - 		6.922E-03   and   5.983E+02 	[ landmark_points ]
2021-08-03 13:59:24,689 - deformetrica.core.estimators.gradient_ascent - INFO - 		4.596E-03   and   1.905E+02 	[ momenta ]
2021-08-03 13:59:26,193 - deformetrica.core.estimators.gradient_ascent - INFO - ------------------------------------- Iteration: 36 -------------------------------------
2021-08-03 13:59:26,194 - deformetrica.core.estimators.gradient_ascent - INFO - >> Log-likelihood = -1.289E+04 	 [ attachment = -9.628E+03 ; regularity = -3.266E+03 ]
2021-08-03 13:59:26,898 - deformetrica.core.estimators.gradient_ascent - INFO - >> Step size and gradient norm: 
2021-08-03 13:59:26,900 - deformetrica.core.estimators.gradient_ascent - INFO - 		3.461E-03   and   6.345E+02 	[ landmark_points ]
2021-08-03 13:59:26,901 - deformetrica.core.estimators.gradient_ascent - INFO - 		4.596E-03   and   1.909E+02 	[ momenta ]
2021-08-03 13:59:27,247 - deformetrica.core.estimators.gradient_ascent - INFO - ------------------------------------- Iteration: 37 -------------------------------------
2021-08-03 13:59:27,248 - deformetrica.core.estimators.gradient_ascent - INFO - >> Log-likelihood = -1.284E+04 	 [ attachment = -9.558E+03 ; regularity = -3.286E+03 ]
2021-08-03 13:59:27,928 - deformetrica.core.estimators.gradient_ascent - INFO - >> Step size and gradient norm: 
2021-08-03 13:59:27,930 - deformetrica.core.estimators.gradient_ascent - INFO - 		5.192E-03   and   6.372E+02 	[ landmark_points ]
2021-08-03 13:59:27,957 - deformetrica.core.estimators.gradient_ascent - INFO - 		6.895E-03   and   1.992E+02 	[ momenta ]
2021-08-03 13:59:29,222 - deformetrica.core.estimators.gradient_ascent - INFO - ------------------------------------- Iteration: 38 -------------------------------------
2021-08-03 13:59:29,224 - deformetrica.core.estimators.gradient_ascent - INFO - >> Log-likelihood = -1.280E+04 	 [ attachment = -9.509E+03 ; regularity = -3.295E+03 ]
2021-08-03 13:59:29,850 - deformetrica.core.estimators.gradient_ascent - INFO - >> Step size and gradient norm: 
2021-08-03 13:59:29,851 - deformetrica.core.estimators.gradient_ascent - INFO - 		5.192E-03   and   7.080E+02 	[ landmark_points ]
2021-08-03 13:59:29,852 - deformetrica.core.estimators.gradient_ascent - INFO - 		3.447E-03   and   2.050E+02 	[ momenta ]
2021-08-03 13:59:30,216 - deformetrica.core.estimators.gradient_ascent - INFO - ------------------------------------- Iteration: 39 -------------------------------------
2021-08-03 13:59:30,217 - deformetrica.core.estimators.gradient_ascent - INFO - >> Log-likelihood = -1.277E+04 	 [ attachment = -9.456E+03 ; regularity = -3.310E+03 ]
2021-08-03 13:59:30,898 - deformetrica.core.estimators.gradient_ascent - INFO - >> Step size and gradient norm: 
2021-08-03 13:59:30,900 - deformetrica.core.estimators.gradient_ascent - INFO - 		7.788E-03   and   7.498E+02 	[ landmark_points ]
2021-08-03 13:59:30,901 - deformetrica.core.estimators.gradient_ascent - INFO - 		5.171E-03   and   2.265E+02 	[ momenta ]
2021-08-03 13:59:31,987 - deformetrica.core.estimators.gradient_ascent - INFO - >> Step size and gradient norm: 
2021-08-03 13:59:31,988 - deformetrica.core.estimators.gradient_ascent - INFO - 		3.894E-03   and   7.498E+02 	[ landmark_points ]
2021-08-03 13:59:31,989 - deformetrica.core.estimators.gradient_ascent - INFO - 		2.586E-03   and   2.265E+02 	[ momenta ]
2021-08-03 13:59:32,361 - deformetrica.core.estimators.gradient_ascent - INFO - ------------------------------------- Iteration: 40 -------------------------------------
2021-08-03 13:59:32,363 - deformetrica.core.estimators.gradient_ascent - INFO - >> Log-likelihood = -1.268E+04 	 [ attachment = -9.366E+03 ; regularity = -3.314E+03 ]
2021-08-03 13:59:32,994 - deformetrica.core.estimators.gradient_ascent - INFO - >> Step size and gradient norm: 
2021-08-03 13:59:32,996 - deformetrica.core.estimators.gradient_ascent - INFO - 		5.841E-03   and   4.514E+02 	[ landmark_points ]
2021-08-03 13:59:33,023 - deformetrica.core.estimators.gradient_ascent - INFO - 		3.878E-03   and   1.402E+02 	[ momenta ]
2021-08-03 13:59:33,444 - deformetrica.core.estimators.gradient_ascent - INFO - ------------------------------------- Iteration: 41 -------------------------------------
2021-08-03 13:59:33,445 - deformetrica.core.estimators.gradient_ascent - INFO - >> Log-likelihood = -1.265E+04 	 [ attachment = -9.322E+03 ; regularity = -3.329E+03 ]
2021-08-03 13:59:34,085 - deformetrica.core.estimators.gradient_ascent - INFO - >> Step size and gradient norm: 
2021-08-03 13:59:34,086 - deformetrica.core.estimators.gradient_ascent - INFO - 		8.761E-03   and   5.794E+02 	[ landmark_points ]
2021-08-03 13:59:34,087 - deformetrica.core.estimators.gradient_ascent - INFO - 		5.817E-03   and   1.810E+02 	[ momenta ]
2021-08-03 13:59:35,227 - deformetrica.core.estimators.gradient_ascent - INFO - >> Step size and gradient norm: 
2021-08-03 13:59:35,229 - deformetrica.core.estimators.gradient_ascent - INFO - 		4.380E-03   and   5.794E+02 	[ landmark_points ]
2021-08-03 13:59:35,230 - deformetrica.core.estimators.gradient_ascent - INFO - 		2.909E-03   and   1.810E+02 	[ momenta ]
2021-08-03 13:59:35,599 - deformetrica.core.estimators.gradient_ascent - INFO - ------------------------------------- Iteration: 42 -------------------------------------
2021-08-03 13:59:35,601 - deformetrica.core.estimators.gradient_ascent - INFO - >> Log-likelihood = -1.259E+04 	 [ attachment = -9.256E+03 ; regularity = -3.334E+03 ]
2021-08-03 13:59:36,527 - deformetrica.core.estimators.gradient_ascent - INFO - >> Step size and gradient norm: 
2021-08-03 13:59:36,529 - deformetrica.core.estimators.gradient_ascent - INFO - 		6.571E-03   and   4.624E+02 	[ landmark_points ]
2021-08-03 13:59:36,530 - deformetrica.core.estimators.gradient_ascent - INFO - 		4.363E-03   and   1.422E+02 	[ momenta ]
2021-08-03 13:59:37,063 - deformetrica.core.estimators.gradient_ascent - INFO - ------------------------------------- Iteration: 43 -------------------------------------
2021-08-03 13:59:37,065 - deformetrica.core.estimators.gradient_ascent - INFO - >> Log-likelihood = -1.258E+04 	 [ attachment = -9.235E+03 ; regularity = -3.349E+03 ]
2021-08-03 13:59:37,884 - deformetrica.core.estimators.gradient_ascent - INFO - >> Step size and gradient norm: 
2021-08-03 13:59:37,886 - deformetrica.core.estimators.gradient_ascent - INFO - 		9.856E-03   and   7.228E+02 	[ landmark_points ]
2021-08-03 13:59:37,887 - deformetrica.core.estimators.gradient_ascent - INFO - 		6.545E-03   and   2.173E+02 	[ momenta ]
2021-08-03 13:59:39,354 - deformetrica.core.estimators.gradient_ascent - INFO - >> Step size and gradient norm: 
2021-08-03 13:59:39,356 - deformetrica.core.estimators.gradient_ascent - INFO - 		4.928E-03   and   7.228E+02 	[ landmark_points ]
2021-08-03 13:59:39,358 - deformetrica.core.estimators.gradient_ascent - INFO - 		3.272E-03   and   2.173E+02 	[ momenta ]
2021-08-03 13:59:39,912 - deformetrica.core.estimators.gradient_ascent - INFO - ------------------------------------- Iteration: 44 -------------------------------------
2021-08-03 13:59:39,913 - deformetrica.core.estimators.gradient_ascent - INFO - >> Log-likelihood = -1.254E+04 	 [ attachment = -9.189E+03 ; regularity = -3.355E+03 ]
2021-08-03 13:59:40,834 - deformetrica.core.estimators.gradient_ascent - INFO - >> Step size and gradient norm: 
2021-08-03 13:59:40,836 - deformetrica.core.estimators.gradient_ascent - INFO - 		7.392E-03   and   7.249E+02 	[ landmark_points ]
2021-08-03 13:59:40,838 - deformetrica.core.estimators.gradient_ascent - INFO - 		4.908E-03   and   2.082E+02 	[ momenta ]
2021-08-03 13:59:41,926 - deformetrica.core.estimators.gradient_ascent - INFO - ------------------------------------- Iteration: 45 -------------------------------------
2021-08-03 13:59:41,927 - deformetrica.core.estimators.gradient_ascent - INFO - >> Log-likelihood = -1.253E+04 	 [ attachment = -9.154E+03 ; regularity = -3.374E+03 ]
2021-08-03 13:59:42,581 - deformetrica.core.estimators.gradient_ascent - INFO - >> Step size and gradient norm: 
2021-08-03 13:59:42,582 - deformetrica.core.estimators.gradient_ascent - INFO - 		3.696E-03   and   8.145E+02 	[ landmark_points ]
2021-08-03 13:59:42,585 - deformetrica.core.estimators.gradient_ascent - INFO - 		4.908E-03   and   2.455E+02 	[ momenta ]
2021-08-03 13:59:43,656 - deformetrica.core.estimators.gradient_ascent - INFO - ------------------------------------- Iteration: 46 -------------------------------------
2021-08-03 13:59:43,657 - deformetrica.core.estimators.gradient_ascent - INFO - >> Log-likelihood = -1.243E+04 	 [ attachment = -9.057E+03 ; regularity = -3.375E+03 ]
2021-08-03 13:59:44,273 - deformetrica.core.estimators.gradient_ascent - INFO - >> Step size and gradient norm: 
2021-08-03 13:59:44,274 - deformetrica.core.estimators.gradient_ascent - INFO - 		3.696E-03   and   4.335E+02 	[ landmark_points ]
2021-08-03 13:59:44,275 - deformetrica.core.estimators.gradient_ascent - INFO - 		2.454E-03   and   1.292E+02 	[ momenta ]
2021-08-03 13:59:44,635 - deformetrica.core.estimators.gradient_ascent - INFO - ------------------------------------- Iteration: 47 -------------------------------------
2021-08-03 13:59:44,636 - deformetrica.core.estimators.gradient_ascent - INFO - >> Log-likelihood = -1.239E+04 	 [ attachment = -9.008E+03 ; regularity = -3.383E+03 ]
2021-08-03 13:59:45,294 - deformetrica.core.estimators.gradient_ascent - INFO - >> Step size and gradient norm: 
2021-08-03 13:59:45,296 - deformetrica.core.estimators.gradient_ascent - INFO - 		5.544E-03   and   2.229E+02 	[ landmark_points ]
2021-08-03 13:59:45,299 - deformetrica.core.estimators.gradient_ascent - INFO - 		3.681E-03   and   9.395E+01 	[ momenta ]
2021-08-03 13:59:45,720 - deformetrica.core.estimators.gradient_ascent - INFO - ------------------------------------- Iteration: 48 -------------------------------------
2021-08-03 13:59:45,722 - deformetrica.core.estimators.gradient_ascent - INFO - >> Log-likelihood = -1.235E+04 	 [ attachment = -8.961E+03 ; regularity = -3.390E+03 ]
2021-08-03 13:59:46,404 - deformetrica.core.estimators.gradient_ascent - INFO - >> Step size and gradient norm: 
2021-08-03 13:59:46,406 - deformetrica.core.estimators.gradient_ascent - INFO - 		8.316E-03   and   2.812E+02 	[ landmark_points ]
2021-08-03 13:59:46,408 - deformetrica.core.estimators.gradient_ascent - INFO - 		5.522E-03   and   9.552E+01 	[ momenta ]
2021-08-03 13:59:46,796 - deformetrica.core.estimators.gradient_ascent - INFO - ------------------------------------- Iteration: 49 -------------------------------------
2021-08-03 13:59:46,798 - deformetrica.core.estimators.gradient_ascent - INFO - >> Log-likelihood = -1.233E+04 	 [ attachment = -8.928E+03 ; regularity = -3.405E+03 ]
2021-08-03 13:59:47,471 - deformetrica.core.estimators.gradient_ascent - INFO - >> Step size and gradient norm: 
2021-08-03 13:59:47,473 - deformetrica.core.estimators.gradient_ascent - INFO - 		1.247E-02   and   5.754E+02 	[ landmark_points ]
2021-08-03 13:59:47,475 - deformetrica.core.estimators.gradient_ascent - INFO - 		8.283E-03   and   1.780E+02 	[ momenta ]
2021-08-03 13:59:48,712 - deformetrica.core.estimators.gradient_ascent - INFO - >> Step size and gradient norm: 
2021-08-03 13:59:48,713 - deformetrica.core.estimators.gradient_ascent - INFO - 		6.237E-03   and   5.754E+02 	[ landmark_points ]
2021-08-03 13:59:48,715 - deformetrica.core.estimators.gradient_ascent - INFO - 		4.141E-03   and   1.780E+02 	[ momenta ]
2021-08-03 13:59:49,766 - deformetrica.core.estimators.gradient_ascent - INFO - ------------------------------------- Iteration: 50 -------------------------------------
2021-08-03 13:59:49,767 - deformetrica.core.estimators.gradient_ascent - INFO - >> Log-likelihood = -1.229E+04 	 [ attachment = -8.881E+03 ; regularity = -3.410E+03 ]
2021-08-03 13:59:50,544 - deformetrica.core.estimators.gradient_ascent - INFO - >> Step size and gradient norm: 
2021-08-03 13:59:50,546 - deformetrica.core.estimators.gradient_ascent - INFO - 		3.119E-03   and   5.076E+02 	[ landmark_points ]
2021-08-03 13:59:50,550 - deformetrica.core.estimators.gradient_ascent - INFO - 		4.141E-03   and   1.502E+02 	[ momenta ]
2021-08-03 13:59:50,928 - deformetrica.core.estimators.gradient_ascent - INFO - ------------------------------------- Iteration: 51 -------------------------------------
2021-08-03 13:59:50,929 - deformetrica.core.estimators.gradient_ascent - INFO - >> Log-likelihood = -1.225E+04 	 [ attachment = -8.833E+03 ; regularity = -3.421E+03 ]
2021-08-03 13:59:51,704 - deformetrica.core.estimators.gradient_ascent - INFO - >> Step size and gradient norm: 
2021-08-03 13:59:51,706 - deformetrica.core.estimators.gradient_ascent - INFO - 		4.678E-03   and   4.121E+02 	[ landmark_points ]
2021-08-03 13:59:51,707 - deformetrica.core.estimators.gradient_ascent - INFO - 		6.212E-03   and   1.346E+02 	[ momenta ]
2021-08-03 13:59:53,195 - deformetrica.core.estimators.gradient_ascent - INFO - ------------------------------------- Iteration: 52 -------------------------------------
2021-08-03 13:59:53,196 - deformetrica.core.estimators.gradient_ascent - INFO - >> Log-likelihood = -1.222E+04 	 [ attachment = -8.794E+03 ; regularity = -3.426E+03 ]
2021-08-03 13:59:54,032 - deformetrica.core.estimators.gradient_ascent - INFO - >> Step size and gradient norm: 
2021-08-03 13:59:54,034 - deformetrica.core.estimators.gradient_ascent - INFO - 		4.678E-03   and   3.881E+02 	[ landmark_points ]
2021-08-03 13:59:54,035 - deformetrica.core.estimators.gradient_ascent - INFO - 		3.106E-03   and   1.168E+02 	[ momenta ]
2021-08-03 13:59:54,544 - deformetrica.core.estimators.gradient_ascent - INFO - ------------------------------------- Iteration: 53 -------------------------------------
2021-08-03 13:59:54,546 - deformetrica.core.estimators.gradient_ascent - INFO - >> Log-likelihood = -1.219E+04 	 [ attachment = -8.759E+03 ; regularity = -3.433E+03 ]
2021-08-03 13:59:55,560 - deformetrica.core.estimators.gradient_ascent - INFO - >> Step size and gradient norm: 
2021-08-03 13:59:55,563 - deformetrica.core.estimators.gradient_ascent - INFO - 		7.017E-03   and   3.331E+02 	[ landmark_points ]
2021-08-03 13:59:55,566 - deformetrica.core.estimators.gradient_ascent - INFO - 		4.659E-03   and   1.138E+02 	[ momenta ]
2021-08-03 13:59:56,203 - deformetrica.core.estimators.gradient_ascent - INFO - ------------------------------------- Iteration: 54 -------------------------------------
2021-08-03 13:59:56,205 - deformetrica.core.estimators.gradient_ascent - INFO - >> Log-likelihood = -1.218E+04 	 [ attachment = -8.738E+03 ; regularity = -3.440E+03 ]
2021-08-03 13:59:56,930 - deformetrica.core.estimators.gradient_ascent - INFO - >> Step size and gradient norm: 
2021-08-03 13:59:56,931 - deformetrica.core.estimators.gradient_ascent - INFO - 		1.053E-02   and   6.093E+02 	[ landmark_points ]
2021-08-03 13:59:56,932 - deformetrica.core.estimators.gradient_ascent - INFO - 		6.989E-03   and   1.727E+02 	[ momenta ]
2021-08-03 13:59:58,000 - deformetrica.core.estimators.gradient_ascent - INFO - >> Step size and gradient norm: 
2021-08-03 13:59:58,001 - deformetrica.core.estimators.gradient_ascent - INFO - 		5.263E-03   and   6.093E+02 	[ landmark_points ]
2021-08-03 13:59:58,003 - deformetrica.core.estimators.gradient_ascent - INFO - 		3.494E-03   and   1.727E+02 	[ momenta ]
2021-08-03 13:59:58,395 - deformetrica.core.estimators.gradient_ascent - INFO - ------------------------------------- Iteration: 55 -------------------------------------
2021-08-03 13:59:58,396 - deformetrica.core.estimators.gradient_ascent - INFO - >> Log-likelihood = -1.217E+04 	 [ attachment = -8.716E+03 ; regularity = -3.450E+03 ]
2021-08-03 13:59:59,007 - deformetrica.core.estimators.gradient_ascent - INFO - >> Step size and gradient norm: 
2021-08-03 13:59:59,008 - deformetrica.core.estimators.gradient_ascent - INFO - 		7.894E-03   and   6.664E+02 	[ landmark_points ]
2021-08-03 13:59:59,009 - deformetrica.core.estimators.gradient_ascent - INFO - 		5.242E-03   and   1.984E+02 	[ momenta ]
2021-08-03 14:00:00,108 - deformetrica.core.estimators.gradient_ascent - INFO - >> Step size and gradient norm: 
2021-08-03 14:00:00,110 - deformetrica.core.estimators.gradient_ascent - INFO - 		3.947E-03   and   6.664E+02 	[ landmark_points ]
2021-08-03 14:00:00,114 - deformetrica.core.estimators.gradient_ascent - INFO - 		2.621E-03   and   1.984E+02 	[ momenta ]
2021-08-03 14:00:00,754 - deformetrica.core.estimators.gradient_ascent - INFO - ------------------------------------- Iteration: 56 -------------------------------------
2021-08-03 14:00:00,760 - deformetrica.core.estimators.gradient_ascent - INFO - >> Log-likelihood = -1.210E+04 	 [ attachment = -8.651E+03 ; regularity = -3.451E+03 ]
2021-08-03 14:00:01,882 - deformetrica.core.estimators.gradient_ascent - INFO - >> Step size and gradient norm: 
2021-08-03 14:00:01,885 - deformetrica.core.estimators.gradient_ascent - INFO - 		5.920E-03   and   4.191E+02 	[ landmark_points ]
2021-08-03 14:00:01,887 - deformetrica.core.estimators.gradient_ascent - INFO - 		3.931E-03   and   1.242E+02 	[ momenta ]
2021-08-03 14:00:02,500 - deformetrica.core.estimators.gradient_ascent - INFO - ------------------------------------- Iteration: 57 -------------------------------------
2021-08-03 14:00:02,502 - deformetrica.core.estimators.gradient_ascent - INFO - >> Log-likelihood = -1.209E+04 	 [ attachment = -8.632E+03 ; regularity = -3.461E+03 ]
2021-08-03 14:00:03,544 - deformetrica.core.estimators.gradient_ascent - INFO - >> Step size and gradient norm: 
2021-08-03 14:00:03,546 - deformetrica.core.estimators.gradient_ascent - INFO - 		8.880E-03   and   5.573E+02 	[ landmark_points ]
2021-08-03 14:00:03,549 - deformetrica.core.estimators.gradient_ascent - INFO - 		5.897E-03   and   1.688E+02 	[ momenta ]
2021-08-03 14:00:05,431 - deformetrica.core.estimators.gradient_ascent - INFO - >> Step size and gradient norm: 
2021-08-03 14:00:05,433 - deformetrica.core.estimators.gradient_ascent - INFO - 		4.440E-03   and   5.573E+02 	[ landmark_points ]
2021-08-03 14:00:05,436 - deformetrica.core.estimators.gradient_ascent - INFO - 		2.948E-03   and   1.688E+02 	[ momenta ]
2021-08-03 14:00:06,510 - deformetrica.core.estimators.gradient_ascent - INFO - ------------------------------------- Iteration: 58 -------------------------------------
2021-08-03 14:00:06,512 - deformetrica.core.estimators.gradient_ascent - INFO - >> Log-likelihood = -1.205E+04 	 [ attachment = -8.592E+03 ; regularity = -3.463E+03 ]
2021-08-03 14:00:07,702 - deformetrica.core.estimators.gradient_ascent - INFO - >> Step size and gradient norm: 
2021-08-03 14:00:07,705 - deformetrica.core.estimators.gradient_ascent - INFO - 		6.660E-03   and   4.616E+02 	[ landmark_points ]
2021-08-03 14:00:07,707 - deformetrica.core.estimators.gradient_ascent - INFO - 		4.423E-03   and   1.344E+02 	[ momenta ]
2021-08-03 14:00:09,445 - deformetrica.core.estimators.gradient_ascent - INFO - ------------------------------------- Iteration: 59 -------------------------------------
2021-08-03 14:00:09,447 - deformetrica.core.estimators.gradient_ascent - INFO - >> Log-likelihood = -1.203E+04 	 [ attachment = -8.555E+03 ; regularity = -3.473E+03 ]
2021-08-03 14:00:10,201 - deformetrica.core.estimators.gradient_ascent - INFO - >> Step size and gradient norm: 
2021-08-03 14:00:10,203 - deformetrica.core.estimators.gradient_ascent - INFO - 		3.330E-03   and   4.215E+02 	[ landmark_points ]
2021-08-03 14:00:10,204 - deformetrica.core.estimators.gradient_ascent - INFO - 		4.423E-03   and   1.351E+02 	[ momenta ]
2021-08-03 14:00:10,583 - deformetrica.core.estimators.gradient_ascent - INFO - ------------------------------------- Iteration: 60 -------------------------------------
2021-08-03 14:00:10,584 - deformetrica.core.estimators.gradient_ascent - INFO - >> Log-likelihood = -1.200E+04 	 [ attachment = -8.523E+03 ; regularity = -3.478E+03 ]
2021-08-03 14:00:11,544 - deformetrica.core.estimators.gradient_ascent - INFO - >> Step size and gradient norm: 
2021-08-03 14:00:11,547 - deformetrica.core.estimators.gradient_ascent - INFO - 		4.995E-03   and   4.344E+02 	[ landmark_points ]
2021-08-03 14:00:11,548 - deformetrica.core.estimators.gradient_ascent - INFO - 		6.634E-03   and   1.272E+02 	[ momenta ]
2021-08-03 14:00:12,628 - deformetrica.core.estimators.gradient_ascent - INFO - ------------------------------------- Iteration: 61 -------------------------------------
2021-08-03 14:00:12,629 - deformetrica.core.estimators.gradient_ascent - INFO - >> Log-likelihood = -1.198E+04 	 [ attachment = -8.496E+03 ; regularity = -3.485E+03 ]
2021-08-03 14:00:13,312 - deformetrica.core.estimators.gradient_ascent - INFO - >> Step size and gradient norm: 
2021-08-03 14:00:13,314 - deformetrica.core.estimators.gradient_ascent - INFO - 		4.995E-03   and   4.322E+02 	[ landmark_points ]
2021-08-03 14:00:13,316 - deformetrica.core.estimators.gradient_ascent - INFO - 		3.317E-03   and   1.341E+02 	[ momenta ]
2021-08-03 14:00:13,693 - deformetrica.core.estimators.gradient_ascent - INFO - ------------------------------------- Iteration: 62 -------------------------------------
2021-08-03 14:00:13,695 - deformetrica.core.estimators.gradient_ascent - INFO - >> Log-likelihood = -1.195E+04 	 [ attachment = -8.467E+03 ; regularity = -3.488E+03 ]
2021-08-03 14:00:14,313 - deformetrica.core.estimators.gradient_ascent - INFO - >> Step size and gradient norm: 
2021-08-03 14:00:14,315 - deformetrica.core.estimators.gradient_ascent - INFO - 		7.493E-03   and   4.542E+02 	[ landmark_points ]
2021-08-03 14:00:14,318 - deformetrica.core.estimators.gradient_ascent - INFO - 		4.975E-03   and   1.314E+02 	[ momenta ]
2021-08-03 14:00:15,499 - deformetrica.core.estimators.gradient_ascent - INFO - ------------------------------------- Iteration: 63 -------------------------------------
2021-08-03 14:00:15,501 - deformetrica.core.estimators.gradient_ascent - INFO - >> Log-likelihood = -1.194E+04 	 [ attachment = -8.444E+03 ; regularity = -3.499E+03 ]
2021-08-03 14:00:16,147 - deformetrica.core.estimators.gradient_ascent - INFO - >> Step size and gradient norm: 
2021-08-03 14:00:16,148 - deformetrica.core.estimators.gradient_ascent - INFO - 		3.746E-03   and   5.210E+02 	[ landmark_points ]
2021-08-03 14:00:16,179 - deformetrica.core.estimators.gradient_ascent - INFO - 		4.975E-03   and   1.592E+02 	[ momenta ]
2021-08-03 14:00:16,724 - deformetrica.core.estimators.gradient_ascent - INFO - ------------------------------------- Iteration: 64 -------------------------------------
2021-08-03 14:00:16,725 - deformetrica.core.estimators.gradient_ascent - INFO - >> Log-likelihood = -1.194E+04 	 [ attachment = -8.437E+03 ; regularity = -3.503E+03 ]
2021-08-03 14:00:17,423 - deformetrica.core.estimators.gradient_ascent - INFO - >> Step size and gradient norm: 
2021-08-03 14:00:17,425 - deformetrica.core.estimators.gradient_ascent - INFO - 		5.620E-03   and   6.547E+02 	[ landmark_points ]
2021-08-03 14:00:17,427 - deformetrica.core.estimators.gradient_ascent - INFO - 		7.463E-03   and   1.852E+02 	[ momenta ]
2021-08-03 14:00:18,940 - deformetrica.core.estimators.gradient_ascent - INFO - >> Step size and gradient norm: 
2021-08-03 14:00:18,942 - deformetrica.core.estimators.gradient_ascent - INFO - 		2.810E-03   and   6.547E+02 	[ landmark_points ]
2021-08-03 14:00:18,946 - deformetrica.core.estimators.gradient_ascent - INFO - 		3.732E-03   and   1.852E+02 	[ momenta ]
2021-08-03 14:00:19,492 - deformetrica.core.estimators.gradient_ascent - INFO - ------------------------------------- Iteration: 65 -------------------------------------
2021-08-03 14:00:19,493 - deformetrica.core.estimators.gradient_ascent - INFO - >> Log-likelihood = -1.189E+04 	 [ attachment = -8.377E+03 ; regularity = -3.511E+03 ]
2021-08-03 14:00:20,596 - deformetrica.core.estimators.gradient_ascent - INFO - >> Step size and gradient norm: 
2021-08-03 14:00:20,598 - deformetrica.core.estimators.gradient_ascent - INFO - 		4.215E-03   and   4.243E+02 	[ landmark_points ]
2021-08-03 14:00:20,600 - deformetrica.core.estimators.gradient_ascent - INFO - 		5.597E-03   and   1.326E+02 	[ momenta ]
2021-08-03 14:00:22,523 - deformetrica.core.estimators.gradient_ascent - INFO - ------------------------------------- Iteration: 66 -------------------------------------
2021-08-03 14:00:22,525 - deformetrica.core.estimators.gradient_ascent - INFO - >> Log-likelihood = -1.186E+04 	 [ attachment = -8.343E+03 ; regularity = -3.513E+03 ]
2021-08-03 14:00:23,517 - deformetrica.core.estimators.gradient_ascent - INFO - >> Step size and gradient norm: 
2021-08-03 14:00:23,519 - deformetrica.core.estimators.gradient_ascent - INFO - 		4.215E-03   and   3.249E+02 	[ landmark_points ]
2021-08-03 14:00:23,521 - deformetrica.core.estimators.gradient_ascent - INFO - 		2.799E-03   and   9.587E+01 	[ momenta ]
2021-08-03 14:00:24,142 - deformetrica.core.estimators.gradient_ascent - INFO - ------------------------------------- Iteration: 67 -------------------------------------
2021-08-03 14:00:24,143 - deformetrica.core.estimators.gradient_ascent - INFO - >> Log-likelihood = -1.183E+04 	 [ attachment = -8.316E+03 ; regularity = -3.518E+03 ]
2021-08-03 14:00:24,927 - deformetrica.core.estimators.gradient_ascent - INFO - >> Step size and gradient norm: 
2021-08-03 14:00:24,929 - deformetrica.core.estimators.gradient_ascent - INFO - 		6.322E-03   and   2.277E+02 	[ landmark_points ]
2021-08-03 14:00:24,930 - deformetrica.core.estimators.gradient_ascent - INFO - 		4.198E-03   and   8.270E+01 	[ momenta ]
2021-08-03 14:00:25,327 - deformetrica.core.estimators.gradient_ascent - INFO - ------------------------------------- Iteration: 68 -------------------------------------
2021-08-03 14:00:25,328 - deformetrica.core.estimators.gradient_ascent - INFO - >> Log-likelihood = -1.181E+04 	 [ attachment = -8.292E+03 ; regularity = -3.522E+03 ]
2021-08-03 14:00:25,960 - deformetrica.core.estimators.gradient_ascent - INFO - >> Step size and gradient norm: 
2021-08-03 14:00:25,961 - deformetrica.core.estimators.gradient_ascent - INFO - 		9.483E-03   and   3.549E+02 	[ landmark_points ]
2021-08-03 14:00:25,963 - deformetrica.core.estimators.gradient_ascent - INFO - 		6.297E-03   and   1.037E+02 	[ momenta ]
2021-08-03 14:00:27,097 - deformetrica.core.estimators.gradient_ascent - INFO - >> Step size and gradient norm: 
2021-08-03 14:00:27,098 - deformetrica.core.estimators.gradient_ascent - INFO - 		4.742E-03   and   3.549E+02 	[ landmark_points ]
2021-08-03 14:00:27,099 - deformetrica.core.estimators.gradient_ascent - INFO - 		3.148E-03   and   1.037E+02 	[ momenta ]
2021-08-03 14:00:27,458 - deformetrica.core.estimators.gradient_ascent - INFO - ------------------------------------- Iteration: 69 -------------------------------------
2021-08-03 14:00:27,459 - deformetrica.core.estimators.gradient_ascent - INFO - >> Log-likelihood = -1.180E+04 	 [ attachment = -8.270E+03 ; regularity = -3.527E+03 ]
2021-08-03 14:00:28,111 - deformetrica.core.estimators.gradient_ascent - INFO - >> Step size and gradient norm: 
2021-08-03 14:00:28,112 - deformetrica.core.estimators.gradient_ascent - INFO - 		7.112E-03   and   3.160E+02 	[ landmark_points ]
2021-08-03 14:00:28,115 - deformetrica.core.estimators.gradient_ascent - INFO - 		4.723E-03   and   1.034E+02 	[ momenta ]
2021-08-03 14:00:29,112 - deformetrica.core.estimators.gradient_ascent - INFO - ------------------------------------- Iteration: 70 -------------------------------------
2021-08-03 14:00:29,114 - deformetrica.core.estimators.gradient_ascent - INFO - >> Log-likelihood = -1.177E+04 	 [ attachment = -8.243E+03 ; regularity = -3.531E+03 ]
2021-08-03 14:00:29,708 - deformetrica.core.estimators.gradient_ascent - INFO - >> Step size and gradient norm: 
2021-08-03 14:00:29,709 - deformetrica.core.estimators.gradient_ascent - INFO - 		3.556E-03   and   3.656E+02 	[ landmark_points ]
2021-08-03 14:00:29,711 - deformetrica.core.estimators.gradient_ascent - INFO - 		4.723E-03   and   1.076E+02 	[ momenta ]
2021-08-03 14:00:30,092 - deformetrica.core.estimators.gradient_ascent - INFO - ------------------------------------- Iteration: 71 -------------------------------------
2021-08-03 14:00:30,093 - deformetrica.core.estimators.gradient_ascent - INFO - >> Log-likelihood = -1.176E+04 	 [ attachment = -8.221E+03 ; regularity = -3.539E+03 ]
2021-08-03 14:00:30,709 - deformetrica.core.estimators.gradient_ascent - INFO - >> Step size and gradient norm: 
2021-08-03 14:00:30,710 - deformetrica.core.estimators.gradient_ascent - INFO - 		5.334E-03   and   3.844E+02 	[ landmark_points ]
2021-08-03 14:00:30,712 - deformetrica.core.estimators.gradient_ascent - INFO - 		7.084E-03   and   1.200E+02 	[ momenta ]
2021-08-03 14:00:31,792 - deformetrica.core.estimators.gradient_ascent - INFO - ------------------------------------- Iteration: 72 -------------------------------------
2021-08-03 14:00:31,793 - deformetrica.core.estimators.gradient_ascent - INFO - >> Log-likelihood = -1.175E+04 	 [ attachment = -8.205E+03 ; regularity = -3.542E+03 ]
2021-08-03 14:00:32,438 - deformetrica.core.estimators.gradient_ascent - INFO - >> Step size and gradient norm: 
2021-08-03 14:00:32,439 - deformetrica.core.estimators.gradient_ascent - INFO - 		5.334E-03   and   4.613E+02 	[ landmark_points ]
2021-08-03 14:00:32,442 - deformetrica.core.estimators.gradient_ascent - INFO - 		3.542E-03   and   1.296E+02 	[ momenta ]
2021-08-03 14:00:32,789 - deformetrica.core.estimators.gradient_ascent - INFO - ------------------------------------- Iteration: 73 -------------------------------------
2021-08-03 14:00:32,790 - deformetrica.core.estimators.gradient_ascent - INFO - >> Log-likelihood = -1.174E+04 	 [ attachment = -8.188E+03 ; regularity = -3.548E+03 ]
2021-08-03 14:00:33,399 - deformetrica.core.estimators.gradient_ascent - INFO - >> Step size and gradient norm: 
2021-08-03 14:00:33,401 - deformetrica.core.estimators.gradient_ascent - INFO - 		8.001E-03   and   5.208E+02 	[ landmark_points ]
2021-08-03 14:00:33,428 - deformetrica.core.estimators.gradient_ascent - INFO - 		5.313E-03   and   1.545E+02 	[ momenta ]
2021-08-03 14:00:34,557 - deformetrica.core.estimators.gradient_ascent - INFO - >> Step size and gradient norm: 
2021-08-03 14:00:34,558 - deformetrica.core.estimators.gradient_ascent - INFO - 		4.001E-03   and   5.208E+02 	[ landmark_points ]
2021-08-03 14:00:34,561 - deformetrica.core.estimators.gradient_ascent - INFO - 		2.657E-03   and   1.545E+02 	[ momenta ]
2021-08-03 14:00:34,923 - deformetrica.core.estimators.gradient_ascent - INFO - ------------------------------------- Iteration: 74 -------------------------------------
2021-08-03 14:00:34,924 - deformetrica.core.estimators.gradient_ascent - INFO - >> Log-likelihood = -1.170E+04 	 [ attachment = -8.148E+03 ; regularity = -3.549E+03 ]
2021-08-03 14:00:35,522 - deformetrica.core.estimators.gradient_ascent - INFO - >> Step size and gradient norm: 
2021-08-03 14:00:35,523 - deformetrica.core.estimators.gradient_ascent - INFO - 		6.001E-03   and   3.444E+02 	[ landmark_points ]
2021-08-03 14:00:35,525 - deformetrica.core.estimators.gradient_ascent - INFO - 		3.985E-03   and   1.003E+02 	[ momenta ]
2021-08-03 14:00:35,880 - deformetrica.core.estimators.gradient_ascent - INFO - Tolerance threshold met. Stopping the optimization process.
2021-08-03 14:00:36,546 - root - INFO - >> Estimation took: 02 minutes and 07 seconds
