2021-08-03 14:29:30,996 - root - ERROR - Logger has been set to: INFO
2021-08-03 14:29:31,007 - root - INFO - OMP_NUM_THREADS was not found in environment variables. An automatic value will be set.
2021-08-03 14:29:31,014 - root - INFO - OMP_NUM_THREADS will be set to 2
2021-08-03 14:29:31,021 - root - INFO - >> No specified state-file. By default, Deformetrica state will by saved in file: output/deformetrica-state.p.
2021-08-03 14:29:31,024 - root - INFO - >> Removing the pre-existing state file with same path.
2021-08-03 14:29:31,053 - deformetrica.core.models.model_functions - INFO - >> Reading 200 initial control points from file images/mask_initial_control_points/mask_03_initial_control_points.txt.
2021-08-03 14:29:31,055 - deformetrica.core.models.model_functions - INFO - >> Momenta initialized to zero, for 5 subjects.
2021-08-03 14:29:31,057 - root - INFO - >> Started estimator: GradientAscent
2021-08-03 14:29:31,885 - deformetrica.core.estimators.gradient_ascent - INFO - ------------------------------------- Iteration: 0 -------------------------------------
2021-08-03 14:29:31,886 - deformetrica.core.estimators.gradient_ascent - INFO - >> Log-likelihood = -1.654E+07 	 [ attachment = -1.654E+07 ; regularity = 0.000E+00 ]
2021-08-03 14:29:31,888 - deformetrica.core.estimators.gradient_ascent - INFO - >> Step size and gradient norm: 
2021-08-03 14:29:31,891 - deformetrica.core.estimators.gradient_ascent - INFO - 		1.065E-06   and   9.390E+05 	[ landmark_points ]
2021-08-03 14:29:31,893 - deformetrica.core.estimators.gradient_ascent - INFO - 		3.037E-06   and   3.293E+05 	[ momenta ]
2021-08-03 14:29:32,304 - deformetrica.core.estimators.gradient_ascent - INFO - ------------------------------------- Iteration: 1 -------------------------------------
2021-08-03 14:29:32,306 - deformetrica.core.estimators.gradient_ascent - INFO - >> Log-likelihood = -1.606E+07 	 [ attachment = -1.606E+07 ; regularity = -1.820E+00 ]
2021-08-03 14:29:32,935 - deformetrica.core.estimators.gradient_ascent - INFO - >> Step size and gradient norm: 
2021-08-03 14:29:32,936 - deformetrica.core.estimators.gradient_ascent - INFO - 		1.597E-06   and   9.091E+05 	[ landmark_points ]
2021-08-03 14:29:32,937 - deformetrica.core.estimators.gradient_ascent - INFO - 		4.556E-06   and   3.224E+05 	[ momenta ]
2021-08-03 14:29:33,324 - deformetrica.core.estimators.gradient_ascent - INFO - ------------------------------------- Iteration: 2 -------------------------------------
2021-08-03 14:29:33,326 - deformetrica.core.estimators.gradient_ascent - INFO - >> Log-likelihood = -1.536E+07 	 [ attachment = -1.536E+07 ; regularity = -1.109E+01 ]
2021-08-03 14:29:33,916 - deformetrica.core.estimators.gradient_ascent - INFO - >> Step size and gradient norm: 
2021-08-03 14:29:33,918 - deformetrica.core.estimators.gradient_ascent - INFO - 		2.396E-06   and   8.651E+05 	[ landmark_points ]
2021-08-03 14:29:33,920 - deformetrica.core.estimators.gradient_ascent - INFO - 		6.834E-06   and   3.124E+05 	[ momenta ]
2021-08-03 14:29:34,313 - deformetrica.core.estimators.gradient_ascent - INFO - ------------------------------------- Iteration: 3 -------------------------------------
2021-08-03 14:29:34,314 - deformetrica.core.estimators.gradient_ascent - INFO - >> Log-likelihood = -1.440E+07 	 [ attachment = -1.440E+07 ; regularity = -3.849E+01 ]
2021-08-03 14:29:34,912 - deformetrica.core.estimators.gradient_ascent - INFO - >> Step size and gradient norm: 
2021-08-03 14:29:34,914 - deformetrica.core.estimators.gradient_ascent - INFO - 		3.594E-06   and   8.013E+05 	[ landmark_points ]
2021-08-03 14:29:34,916 - deformetrica.core.estimators.gradient_ascent - INFO - 		1.025E-05   and   2.978E+05 	[ momenta ]
2021-08-03 14:29:35,313 - deformetrica.core.estimators.gradient_ascent - INFO - ------------------------------------- Iteration: 4 -------------------------------------
2021-08-03 14:29:35,315 - deformetrica.core.estimators.gradient_ascent - INFO - >> Log-likelihood = -1.313E+07 	 [ attachment = -1.313E+07 ; regularity = -1.062E+02 ]
2021-08-03 14:29:35,920 - deformetrica.core.estimators.gradient_ascent - INFO - >> Step size and gradient norm: 
2021-08-03 14:29:35,922 - deformetrica.core.estimators.gradient_ascent - INFO - 		5.391E-06   and   7.111E+05 	[ landmark_points ]
2021-08-03 14:29:35,924 - deformetrica.core.estimators.gradient_ascent - INFO - 		1.538E-05   and   2.769E+05 	[ momenta ]
2021-08-03 14:29:36,455 - deformetrica.core.estimators.gradient_ascent - INFO - ------------------------------------- Iteration: 5 -------------------------------------
2021-08-03 14:29:36,457 - deformetrica.core.estimators.gradient_ascent - INFO - >> Log-likelihood = -1.153E+07 	 [ attachment = -1.153E+07 ; regularity = -2.560E+02 ]
2021-08-03 14:29:37,114 - deformetrica.core.estimators.gradient_ascent - INFO - >> Step size and gradient norm: 
2021-08-03 14:29:37,115 - deformetrica.core.estimators.gradient_ascent - INFO - 		8.087E-06   and   5.904E+05 	[ landmark_points ]
2021-08-03 14:29:37,117 - deformetrica.core.estimators.gradient_ascent - INFO - 		2.306E-05   and   2.483E+05 	[ momenta ]
2021-08-03 14:29:37,550 - deformetrica.core.estimators.gradient_ascent - INFO - ------------------------------------- Iteration: 6 -------------------------------------
2021-08-03 14:29:37,551 - deformetrica.core.estimators.gradient_ascent - INFO - >> Log-likelihood = -9.716E+06 	 [ attachment = -9.715E+06 ; regularity = -5.562E+02 ]
2021-08-03 14:29:38,161 - deformetrica.core.estimators.gradient_ascent - INFO - >> Step size and gradient norm: 
2021-08-03 14:29:38,162 - deformetrica.core.estimators.gradient_ascent - INFO - 		1.213E-05   and   4.439E+05 	[ landmark_points ]
2021-08-03 14:29:38,164 - deformetrica.core.estimators.gradient_ascent - INFO - 		3.460E-05   and   2.117E+05 	[ momenta ]
2021-08-03 14:29:38,548 - deformetrica.core.estimators.gradient_ascent - INFO - ------------------------------------- Iteration: 7 -------------------------------------
2021-08-03 14:29:38,550 - deformetrica.core.estimators.gradient_ascent - INFO - >> Log-likelihood = -7.880E+06 	 [ attachment = -7.879E+06 ; regularity = -1.095E+03 ]
2021-08-03 14:29:39,226 - deformetrica.core.estimators.gradient_ascent - INFO - >> Step size and gradient norm: 
2021-08-03 14:29:39,228 - deformetrica.core.estimators.gradient_ascent - INFO - 		1.820E-05   and   2.938E+05 	[ landmark_points ]
2021-08-03 14:29:39,230 - deformetrica.core.estimators.gradient_ascent - INFO - 		5.189E-05   and   1.694E+05 	[ momenta ]
2021-08-03 14:29:39,673 - deformetrica.core.estimators.gradient_ascent - INFO - ------------------------------------- Iteration: 8 -------------------------------------
2021-08-03 14:29:39,674 - deformetrica.core.estimators.gradient_ascent - INFO - >> Log-likelihood = -6.265E+06 	 [ attachment = -6.264E+06 ; regularity = -1.938E+03 ]
2021-08-03 14:29:40,289 - deformetrica.core.estimators.gradient_ascent - INFO - >> Step size and gradient norm: 
2021-08-03 14:29:40,291 - deformetrica.core.estimators.gradient_ascent - INFO - 		2.729E-05   and   1.737E+05 	[ landmark_points ]
2021-08-03 14:29:40,292 - deformetrica.core.estimators.gradient_ascent - INFO - 		7.784E-05   and   1.263E+05 	[ momenta ]
2021-08-03 14:29:40,683 - deformetrica.core.estimators.gradient_ascent - INFO - ------------------------------------- Iteration: 9 -------------------------------------
2021-08-03 14:29:40,685 - deformetrica.core.estimators.gradient_ascent - INFO - >> Log-likelihood = -5.040E+06 	 [ attachment = -5.037E+06 ; regularity = -3.051E+03 ]
2021-08-03 14:29:41,289 - deformetrica.core.estimators.gradient_ascent - INFO - >> Step size and gradient norm: 
2021-08-03 14:29:41,290 - deformetrica.core.estimators.gradient_ascent - INFO - 		4.094E-05   and   1.166E+05 	[ landmark_points ]
2021-08-03 14:29:41,291 - deformetrica.core.estimators.gradient_ascent - INFO - 		1.168E-04   and   8.877E+04 	[ momenta ]
2021-08-03 14:29:41,673 - deformetrica.core.estimators.gradient_ascent - INFO - ------------------------------------- Iteration: 10 -------------------------------------
2021-08-03 14:29:41,674 - deformetrica.core.estimators.gradient_ascent - INFO - >> Log-likelihood = -4.106E+06 	 [ attachment = -4.101E+06 ; regularity = -4.253E+03 ]
2021-08-03 14:29:42,402 - deformetrica.core.estimators.gradient_ascent - INFO - >> Step size and gradient norm: 
2021-08-03 14:29:42,404 - deformetrica.core.estimators.gradient_ascent - INFO - 		6.141E-05   and   9.490E+04 	[ landmark_points ]
2021-08-03 14:29:42,405 - deformetrica.core.estimators.gradient_ascent - INFO - 		1.751E-04   and   6.945E+04 	[ momenta ]
2021-08-03 14:29:42,780 - deformetrica.core.estimators.gradient_ascent - INFO - ------------------------------------- Iteration: 11 -------------------------------------
2021-08-03 14:29:42,781 - deformetrica.core.estimators.gradient_ascent - INFO - >> Log-likelihood = -3.301E+06 	 [ attachment = -3.295E+06 ; regularity = -5.617E+03 ]
2021-08-03 14:29:43,359 - deformetrica.core.estimators.gradient_ascent - INFO - >> Step size and gradient norm: 
2021-08-03 14:29:43,360 - deformetrica.core.estimators.gradient_ascent - INFO - 		9.212E-05   and   9.264E+04 	[ landmark_points ]
2021-08-03 14:29:43,361 - deformetrica.core.estimators.gradient_ascent - INFO - 		2.627E-04   and   5.548E+04 	[ momenta ]
2021-08-03 14:29:43,768 - deformetrica.core.estimators.gradient_ascent - INFO - ------------------------------------- Iteration: 12 -------------------------------------
2021-08-03 14:29:43,769 - deformetrica.core.estimators.gradient_ascent - INFO - >> Log-likelihood = -2.917E+06 	 [ attachment = -2.910E+06 ; regularity = -7.484E+03 ]
2021-08-03 14:29:44,372 - deformetrica.core.estimators.gradient_ascent - INFO - >> Step size and gradient norm: 
2021-08-03 14:29:44,374 - deformetrica.core.estimators.gradient_ascent - INFO - 		1.382E-04   and   2.229E+05 	[ landmark_points ]
2021-08-03 14:29:44,376 - deformetrica.core.estimators.gradient_ascent - INFO - 		3.941E-04   and   9.758E+04 	[ momenta ]
2021-08-03 14:29:45,539 - deformetrica.core.estimators.gradient_ascent - INFO - >> Step size and gradient norm: 
2021-08-03 14:29:45,541 - deformetrica.core.estimators.gradient_ascent - INFO - 		6.909E-05   and   2.229E+05 	[ landmark_points ]
2021-08-03 14:29:45,542 - deformetrica.core.estimators.gradient_ascent - INFO - 		1.970E-04   and   9.758E+04 	[ momenta ]
2021-08-03 14:29:46,704 - deformetrica.core.estimators.gradient_ascent - INFO - >> Step size and gradient norm: 
2021-08-03 14:29:46,705 - deformetrica.core.estimators.gradient_ascent - INFO - 		3.454E-05   and   2.229E+05 	[ landmark_points ]
2021-08-03 14:29:46,734 - deformetrica.core.estimators.gradient_ascent - INFO - 		9.852E-05   and   9.758E+04 	[ momenta ]
2021-08-03 14:29:47,233 - deformetrica.core.estimators.gradient_ascent - INFO - ------------------------------------- Iteration: 13 -------------------------------------
2021-08-03 14:29:47,235 - deformetrica.core.estimators.gradient_ascent - INFO - >> Log-likelihood = -2.597E+06 	 [ attachment = -2.589E+06 ; regularity = -7.685E+03 ]
2021-08-03 14:29:47,802 - deformetrica.core.estimators.gradient_ascent - INFO - >> Step size and gradient norm: 
2021-08-03 14:29:47,803 - deformetrica.core.estimators.gradient_ascent - INFO - 		5.182E-05   and   2.354E+05 	[ landmark_points ]
2021-08-03 14:29:47,804 - deformetrica.core.estimators.gradient_ascent - INFO - 		1.478E-04   and   8.175E+04 	[ momenta ]
2021-08-03 14:29:48,941 - deformetrica.core.estimators.gradient_ascent - INFO - >> Step size and gradient norm: 
2021-08-03 14:29:48,943 - deformetrica.core.estimators.gradient_ascent - INFO - 		2.591E-05   and   2.354E+05 	[ landmark_points ]
2021-08-03 14:29:48,944 - deformetrica.core.estimators.gradient_ascent - INFO - 		7.389E-05   and   8.175E+04 	[ momenta ]
2021-08-03 14:29:49,348 - deformetrica.core.estimators.gradient_ascent - INFO - ------------------------------------- Iteration: 14 -------------------------------------
2021-08-03 14:29:49,350 - deformetrica.core.estimators.gradient_ascent - INFO - >> Log-likelihood = -2.351E+06 	 [ attachment = -2.343E+06 ; regularity = -8.092E+03 ]
2021-08-03 14:29:49,933 - deformetrica.core.estimators.gradient_ascent - INFO - >> Step size and gradient norm: 
2021-08-03 14:29:49,934 - deformetrica.core.estimators.gradient_ascent - INFO - 		3.886E-05   and   1.785E+05 	[ landmark_points ]
2021-08-03 14:29:49,936 - deformetrica.core.estimators.gradient_ascent - INFO - 		1.108E-04   and   6.846E+04 	[ momenta ]
2021-08-03 14:29:51,121 - deformetrica.core.estimators.gradient_ascent - INFO - ------------------------------------- Iteration: 15 -------------------------------------
2021-08-03 14:29:51,122 - deformetrica.core.estimators.gradient_ascent - INFO - >> Log-likelihood = -2.303E+06 	 [ attachment = -2.295E+06 ; regularity = -8.251E+03 ]
2021-08-03 14:29:51,728 - deformetrica.core.estimators.gradient_ascent - INFO - >> Step size and gradient norm: 
2021-08-03 14:29:51,730 - deformetrica.core.estimators.gradient_ascent - INFO - 		3.886E-05   and   2.183E+05 	[ landmark_points ]
2021-08-03 14:29:51,758 - deformetrica.core.estimators.gradient_ascent - INFO - 		5.542E-05   and   7.854E+04 	[ momenta ]
2021-08-03 14:29:52,896 - deformetrica.core.estimators.gradient_ascent - INFO - ------------------------------------- Iteration: 16 -------------------------------------
2021-08-03 14:29:52,897 - deformetrica.core.estimators.gradient_ascent - INFO - >> Log-likelihood = -2.130E+06 	 [ attachment = -2.121E+06 ; regularity = -8.521E+03 ]
2021-08-03 14:29:53,473 - deformetrica.core.estimators.gradient_ascent - INFO - >> Step size and gradient norm: 
2021-08-03 14:29:53,474 - deformetrica.core.estimators.gradient_ascent - INFO - 		1.943E-05   and   1.431E+05 	[ landmark_points ]
2021-08-03 14:29:53,475 - deformetrica.core.estimators.gradient_ascent - INFO - 		5.542E-05   and   6.125E+04 	[ momenta ]
2021-08-03 14:29:53,868 - deformetrica.core.estimators.gradient_ascent - INFO - ------------------------------------- Iteration: 17 -------------------------------------
2021-08-03 14:29:53,869 - deformetrica.core.estimators.gradient_ascent - INFO - >> Log-likelihood = -2.025E+06 	 [ attachment = -2.017E+06 ; regularity = -8.681E+03 ]
2021-08-03 14:29:54,489 - deformetrica.core.estimators.gradient_ascent - INFO - >> Step size and gradient norm: 
2021-08-03 14:29:54,491 - deformetrica.core.estimators.gradient_ascent - INFO - 		2.915E-05   and   1.127E+05 	[ landmark_points ]
2021-08-03 14:29:54,492 - deformetrica.core.estimators.gradient_ascent - INFO - 		8.312E-05   and   4.941E+04 	[ momenta ]
2021-08-03 14:29:54,926 - deformetrica.core.estimators.gradient_ascent - INFO - ------------------------------------- Iteration: 18 -------------------------------------
2021-08-03 14:29:54,928 - deformetrica.core.estimators.gradient_ascent - INFO - >> Log-likelihood = -1.988E+06 	 [ attachment = -1.979E+06 ; regularity = -9.010E+03 ]
2021-08-03 14:29:55,556 - deformetrica.core.estimators.gradient_ascent - INFO - >> Step size and gradient norm: 
2021-08-03 14:29:55,558 - deformetrica.core.estimators.gradient_ascent - INFO - 		4.372E-05   and   1.795E+05 	[ landmark_points ]
2021-08-03 14:29:55,559 - deformetrica.core.estimators.gradient_ascent - INFO - 		1.247E-04   and   6.997E+04 	[ momenta ]
2021-08-03 14:29:56,790 - deformetrica.core.estimators.gradient_ascent - INFO - >> Step size and gradient norm: 
2021-08-03 14:29:56,791 - deformetrica.core.estimators.gradient_ascent - INFO - 		2.186E-05   and   1.795E+05 	[ landmark_points ]
2021-08-03 14:29:56,794 - deformetrica.core.estimators.gradient_ascent - INFO - 		6.234E-05   and   6.997E+04 	[ momenta ]
2021-08-03 14:29:57,284 - deformetrica.core.estimators.gradient_ascent - INFO - ------------------------------------- Iteration: 19 -------------------------------------
2021-08-03 14:29:57,286 - deformetrica.core.estimators.gradient_ascent - INFO - >> Log-likelihood = -1.918E+06 	 [ attachment = -1.909E+06 ; regularity = -9.182E+03 ]
2021-08-03 14:29:58,003 - deformetrica.core.estimators.gradient_ascent - INFO - >> Step size and gradient norm: 
2021-08-03 14:29:58,004 - deformetrica.core.estimators.gradient_ascent - INFO - 		3.279E-05   and   1.794E+05 	[ landmark_points ]
2021-08-03 14:29:58,005 - deformetrica.core.estimators.gradient_ascent - INFO - 		9.351E-05   and   6.879E+04 	[ momenta ]
2021-08-03 14:29:59,224 - deformetrica.core.estimators.gradient_ascent - INFO - ------------------------------------- Iteration: 20 -------------------------------------
2021-08-03 14:29:59,225 - deformetrica.core.estimators.gradient_ascent - INFO - >> Log-likelihood = -1.885E+06 	 [ attachment = -1.876E+06 ; regularity = -9.347E+03 ]
2021-08-03 14:29:59,799 - deformetrica.core.estimators.gradient_ascent - INFO - >> Step size and gradient norm: 
2021-08-03 14:29:59,800 - deformetrica.core.estimators.gradient_ascent - INFO - 		3.279E-05   and   2.074E+05 	[ landmark_points ]
2021-08-03 14:29:59,802 - deformetrica.core.estimators.gradient_ascent - INFO - 		4.676E-05   and   7.113E+04 	[ momenta ]
2021-08-03 14:30:00,260 - deformetrica.core.estimators.gradient_ascent - INFO - ------------------------------------- Iteration: 21 -------------------------------------
2021-08-03 14:30:00,261 - deformetrica.core.estimators.gradient_ascent - INFO - >> Log-likelihood = -1.867E+06 	 [ attachment = -1.857E+06 ; regularity = -9.474E+03 ]
2021-08-03 14:30:01,036 - deformetrica.core.estimators.gradient_ascent - INFO - >> Step size and gradient norm: 
2021-08-03 14:30:01,037 - deformetrica.core.estimators.gradient_ascent - INFO - 		4.918E-05   and   2.285E+05 	[ landmark_points ]
2021-08-03 14:30:01,039 - deformetrica.core.estimators.gradient_ascent - INFO - 		7.014E-05   and   7.711E+04 	[ momenta ]
2021-08-03 14:30:02,390 - deformetrica.core.estimators.gradient_ascent - INFO - >> Step size and gradient norm: 
2021-08-03 14:30:02,391 - deformetrica.core.estimators.gradient_ascent - INFO - 		2.459E-05   and   2.285E+05 	[ landmark_points ]
2021-08-03 14:30:02,394 - deformetrica.core.estimators.gradient_ascent - INFO - 		3.507E-05   and   7.711E+04 	[ momenta ]
2021-08-03 14:30:02,891 - deformetrica.core.estimators.gradient_ascent - INFO - ------------------------------------- Iteration: 22 -------------------------------------
2021-08-03 14:30:02,894 - deformetrica.core.estimators.gradient_ascent - INFO - >> Log-likelihood = -1.741E+06 	 [ attachment = -1.731E+06 ; regularity = -9.588E+03 ]
2021-08-03 14:30:03,541 - deformetrica.core.estimators.gradient_ascent - INFO - >> Step size and gradient norm: 
2021-08-03 14:30:03,542 - deformetrica.core.estimators.gradient_ascent - INFO - 		3.689E-05   and   1.376E+05 	[ landmark_points ]
2021-08-03 14:30:03,544 - deformetrica.core.estimators.gradient_ascent - INFO - 		5.260E-05   and   4.926E+04 	[ momenta ]
2021-08-03 14:30:04,723 - deformetrica.core.estimators.gradient_ascent - INFO - ------------------------------------- Iteration: 23 -------------------------------------
2021-08-03 14:30:04,724 - deformetrica.core.estimators.gradient_ascent - INFO - >> Log-likelihood = -1.680E+06 	 [ attachment = -1.671E+06 ; regularity = -9.729E+03 ]
2021-08-03 14:30:05,435 - deformetrica.core.estimators.gradient_ascent - INFO - >> Step size and gradient norm: 
2021-08-03 14:30:05,436 - deformetrica.core.estimators.gradient_ascent - INFO - 		1.844E-05   and   8.989E+04 	[ landmark_points ]
2021-08-03 14:30:05,464 - deformetrica.core.estimators.gradient_ascent - INFO - 		5.260E-05   and   3.940E+04 	[ momenta ]
2021-08-03 14:30:06,494 - deformetrica.core.estimators.gradient_ascent - INFO - ------------------------------------- Iteration: 24 -------------------------------------
2021-08-03 14:30:06,496 - deformetrica.core.estimators.gradient_ascent - INFO - >> Log-likelihood = -1.636E+06 	 [ attachment = -1.626E+06 ; regularity = -9.874E+03 ]
2021-08-03 14:30:07,200 - deformetrica.core.estimators.gradient_ascent - INFO - >> Step size and gradient norm: 
2021-08-03 14:30:07,202 - deformetrica.core.estimators.gradient_ascent - INFO - 		2.767E-05   and   6.863E+04 	[ landmark_points ]
2021-08-03 14:30:07,203 - deformetrica.core.estimators.gradient_ascent - INFO - 		7.890E-05   and   3.203E+04 	[ momenta ]
2021-08-03 14:30:07,576 - deformetrica.core.estimators.gradient_ascent - INFO - ------------------------------------- Iteration: 25 -------------------------------------
2021-08-03 14:30:07,577 - deformetrica.core.estimators.gradient_ascent - INFO - >> Log-likelihood = -1.616E+06 	 [ attachment = -1.606E+06 ; regularity = -1.008E+04 ]
2021-08-03 14:30:08,151 - deformetrica.core.estimators.gradient_ascent - INFO - >> Step size and gradient norm: 
2021-08-03 14:30:08,153 - deformetrica.core.estimators.gradient_ascent - INFO - 		4.150E-05   and   1.048E+05 	[ landmark_points ]
2021-08-03 14:30:08,154 - deformetrica.core.estimators.gradient_ascent - INFO - 		1.184E-04   and   4.283E+04 	[ momenta ]
2021-08-03 14:30:09,281 - deformetrica.core.estimators.gradient_ascent - INFO - >> Step size and gradient norm: 
2021-08-03 14:30:09,283 - deformetrica.core.estimators.gradient_ascent - INFO - 		2.075E-05   and   1.048E+05 	[ landmark_points ]
2021-08-03 14:30:09,284 - deformetrica.core.estimators.gradient_ascent - INFO - 		5.918E-05   and   4.283E+04 	[ momenta ]
2021-08-03 14:30:09,686 - deformetrica.core.estimators.gradient_ascent - INFO - ------------------------------------- Iteration: 26 -------------------------------------
2021-08-03 14:30:09,687 - deformetrica.core.estimators.gradient_ascent - INFO - >> Log-likelihood = -1.583E+06 	 [ attachment = -1.572E+06 ; regularity = -1.022E+04 ]
2021-08-03 14:30:10,301 - deformetrica.core.estimators.gradient_ascent - INFO - >> Step size and gradient norm: 
2021-08-03 14:30:10,302 - deformetrica.core.estimators.gradient_ascent - INFO - 		3.112E-05   and   1.013E+05 	[ landmark_points ]
2021-08-03 14:30:10,304 - deformetrica.core.estimators.gradient_ascent - INFO - 		8.876E-05   and   4.088E+04 	[ momenta ]
2021-08-03 14:30:11,425 - deformetrica.core.estimators.gradient_ascent - INFO - ------------------------------------- Iteration: 27 -------------------------------------
2021-08-03 14:30:11,426 - deformetrica.core.estimators.gradient_ascent - INFO - >> Log-likelihood = -1.561E+06 	 [ attachment = -1.550E+06 ; regularity = -1.032E+04 ]
2021-08-03 14:30:12,027 - deformetrica.core.estimators.gradient_ascent - INFO - >> Step size and gradient norm: 
2021-08-03 14:30:12,028 - deformetrica.core.estimators.gradient_ascent - INFO - 		3.112E-05   and   1.107E+05 	[ landmark_points ]
2021-08-03 14:30:12,030 - deformetrica.core.estimators.gradient_ascent - INFO - 		4.438E-05   and   4.096E+04 	[ momenta ]
2021-08-03 14:30:12,454 - deformetrica.core.estimators.gradient_ascent - INFO - ------------------------------------- Iteration: 28 -------------------------------------
2021-08-03 14:30:12,456 - deformetrica.core.estimators.gradient_ascent - INFO - >> Log-likelihood = -1.542E+06 	 [ attachment = -1.532E+06 ; regularity = -1.043E+04 ]
2021-08-03 14:30:13,115 - deformetrica.core.estimators.gradient_ascent - INFO - >> Step size and gradient norm: 
2021-08-03 14:30:13,117 - deformetrica.core.estimators.gradient_ascent - INFO - 		4.669E-05   and   1.175E+05 	[ landmark_points ]
2021-08-03 14:30:13,118 - deformetrica.core.estimators.gradient_ascent - INFO - 		6.657E-05   and   4.286E+04 	[ momenta ]
2021-08-03 14:30:14,748 - deformetrica.core.estimators.gradient_ascent - INFO - ------------------------------------- Iteration: 29 -------------------------------------
2021-08-03 14:30:14,752 - deformetrica.core.estimators.gradient_ascent - INFO - >> Log-likelihood = -1.526E+06 	 [ attachment = -1.516E+06 ; regularity = -1.057E+04 ]
2021-08-03 14:30:15,725 - deformetrica.core.estimators.gradient_ascent - INFO - >> Step size and gradient norm: 
2021-08-03 14:30:15,726 - deformetrica.core.estimators.gradient_ascent - INFO - 		2.334E-05   and   1.316E+05 	[ landmark_points ]
2021-08-03 14:30:15,727 - deformetrica.core.estimators.gradient_ascent - INFO - 		6.657E-05   and   5.048E+04 	[ momenta ]
2021-08-03 14:30:16,259 - deformetrica.core.estimators.gradient_ascent - INFO - ------------------------------------- Iteration: 30 -------------------------------------
2021-08-03 14:30:16,260 - deformetrica.core.estimators.gradient_ascent - INFO - >> Log-likelihood = -1.516E+06 	 [ attachment = -1.505E+06 ; regularity = -1.072E+04 ]
2021-08-03 14:30:16,926 - deformetrica.core.estimators.gradient_ascent - INFO - >> Step size and gradient norm: 
2021-08-03 14:30:16,927 - deformetrica.core.estimators.gradient_ascent - INFO - 		3.501E-05   and   1.554E+05 	[ landmark_points ]
2021-08-03 14:30:16,957 - deformetrica.core.estimators.gradient_ascent - INFO - 		9.986E-05   and   5.820E+04 	[ momenta ]
2021-08-03 14:30:18,192 - deformetrica.core.estimators.gradient_ascent - INFO - >> Step size and gradient norm: 
2021-08-03 14:30:18,193 - deformetrica.core.estimators.gradient_ascent - INFO - 		1.751E-05   and   1.554E+05 	[ landmark_points ]
2021-08-03 14:30:18,195 - deformetrica.core.estimators.gradient_ascent - INFO - 		4.993E-05   and   5.820E+04 	[ momenta ]
2021-08-03 14:30:18,572 - deformetrica.core.estimators.gradient_ascent - INFO - ------------------------------------- Iteration: 31 -------------------------------------
2021-08-03 14:30:18,574 - deformetrica.core.estimators.gradient_ascent - INFO - >> Log-likelihood = -1.446E+06 	 [ attachment = -1.436E+06 ; regularity = -1.082E+04 ]
2021-08-03 14:30:19,165 - deformetrica.core.estimators.gradient_ascent - INFO - >> Step size and gradient norm: 
2021-08-03 14:30:19,166 - deformetrica.core.estimators.gradient_ascent - INFO - 		2.626E-05   and   9.818E+04 	[ landmark_points ]
2021-08-03 14:30:19,167 - deformetrica.core.estimators.gradient_ascent - INFO - 		7.490E-05   and   4.090E+04 	[ momenta ]
2021-08-03 14:30:19,591 - deformetrica.core.estimators.gradient_ascent - INFO - ------------------------------------- Iteration: 32 -------------------------------------
2021-08-03 14:30:19,593 - deformetrica.core.estimators.gradient_ascent - INFO - >> Log-likelihood = -1.438E+06 	 [ attachment = -1.427E+06 ; regularity = -1.099E+04 ]
2021-08-03 14:30:20,300 - deformetrica.core.estimators.gradient_ascent - INFO - >> Step size and gradient norm: 
2021-08-03 14:30:20,301 - deformetrica.core.estimators.gradient_ascent - INFO - 		3.939E-05   and   1.435E+05 	[ landmark_points ]
2021-08-03 14:30:20,302 - deformetrica.core.estimators.gradient_ascent - INFO - 		1.123E-04   and   5.487E+04 	[ momenta ]
2021-08-03 14:30:21,450 - deformetrica.core.estimators.gradient_ascent - INFO - >> Step size and gradient norm: 
2021-08-03 14:30:21,451 - deformetrica.core.estimators.gradient_ascent - INFO - 		1.970E-05   and   1.435E+05 	[ landmark_points ]
2021-08-03 14:30:21,453 - deformetrica.core.estimators.gradient_ascent - INFO - 		5.617E-05   and   5.487E+04 	[ momenta ]
2021-08-03 14:30:21,861 - deformetrica.core.estimators.gradient_ascent - INFO - ------------------------------------- Iteration: 33 -------------------------------------
2021-08-03 14:30:21,862 - deformetrica.core.estimators.gradient_ascent - INFO - >> Log-likelihood = -1.390E+06 	 [ attachment = -1.379E+06 ; regularity = -1.110E+04 ]
2021-08-03 14:30:22,488 - deformetrica.core.estimators.gradient_ascent - INFO - >> Step size and gradient norm: 
2021-08-03 14:30:22,490 - deformetrica.core.estimators.gradient_ascent - INFO - 		2.954E-05   and   1.203E+05 	[ landmark_points ]
2021-08-03 14:30:22,521 - deformetrica.core.estimators.gradient_ascent - INFO - 		8.426E-05   and   4.758E+04 	[ momenta ]
2021-08-03 14:30:23,790 - deformetrica.core.estimators.gradient_ascent - INFO - ------------------------------------- Iteration: 34 -------------------------------------
2021-08-03 14:30:23,791 - deformetrica.core.estimators.gradient_ascent - INFO - >> Log-likelihood = -1.361E+06 	 [ attachment = -1.350E+06 ; regularity = -1.118E+04 ]
2021-08-03 14:30:24,395 - deformetrica.core.estimators.gradient_ascent - INFO - >> Step size and gradient norm: 
2021-08-03 14:30:24,397 - deformetrica.core.estimators.gradient_ascent - INFO - 		2.954E-05   and   1.194E+05 	[ landmark_points ]
2021-08-03 14:30:24,399 - deformetrica.core.estimators.gradient_ascent - INFO - 		4.213E-05   and   4.286E+04 	[ momenta ]
2021-08-03 14:30:24,826 - deformetrica.core.estimators.gradient_ascent - INFO - ------------------------------------- Iteration: 35 -------------------------------------
2021-08-03 14:30:24,828 - deformetrica.core.estimators.gradient_ascent - INFO - >> Log-likelihood = -1.336E+06 	 [ attachment = -1.325E+06 ; regularity = -1.127E+04 ]
2021-08-03 14:30:25,836 - deformetrica.core.estimators.gradient_ascent - INFO - >> Step size and gradient norm: 
2021-08-03 14:30:25,841 - deformetrica.core.estimators.gradient_ascent - INFO - 		4.432E-05   and   1.119E+05 	[ landmark_points ]
2021-08-03 14:30:25,844 - deformetrica.core.estimators.gradient_ascent - INFO - 		6.319E-05   and   4.132E+04 	[ momenta ]
2021-08-03 14:30:27,254 - deformetrica.core.estimators.gradient_ascent - INFO - ------------------------------------- Iteration: 36 -------------------------------------
2021-08-03 14:30:27,256 - deformetrica.core.estimators.gradient_ascent - INFO - >> Log-likelihood = -1.316E+06 	 [ attachment = -1.305E+06 ; regularity = -1.139E+04 ]
2021-08-03 14:30:27,979 - deformetrica.core.estimators.gradient_ascent - INFO - >> Step size and gradient norm: 
2021-08-03 14:30:27,981 - deformetrica.core.estimators.gradient_ascent - INFO - 		2.216E-05   and   1.161E+05 	[ landmark_points ]
2021-08-03 14:30:28,012 - deformetrica.core.estimators.gradient_ascent - INFO - 		6.319E-05   and   4.390E+04 	[ momenta ]
2021-08-03 14:30:28,561 - deformetrica.core.estimators.gradient_ascent - INFO - ------------------------------------- Iteration: 37 -------------------------------------
2021-08-03 14:30:28,562 - deformetrica.core.estimators.gradient_ascent - INFO - >> Log-likelihood = -1.299E+06 	 [ attachment = -1.288E+06 ; regularity = -1.150E+04 ]
2021-08-03 14:30:29,155 - deformetrica.core.estimators.gradient_ascent - INFO - >> Step size and gradient norm: 
2021-08-03 14:30:29,156 - deformetrica.core.estimators.gradient_ascent - INFO - 		3.324E-05   and   1.233E+05 	[ landmark_points ]
2021-08-03 14:30:29,158 - deformetrica.core.estimators.gradient_ascent - INFO - 		9.479E-05   and   4.666E+04 	[ momenta ]
2021-08-03 14:30:30,577 - deformetrica.core.estimators.gradient_ascent - INFO - >> Step size and gradient norm: 
2021-08-03 14:30:30,579 - deformetrica.core.estimators.gradient_ascent - INFO - 		1.662E-05   and   1.233E+05 	[ landmark_points ]
2021-08-03 14:30:30,580 - deformetrica.core.estimators.gradient_ascent - INFO - 		4.739E-05   and   4.666E+04 	[ momenta ]
2021-08-03 14:30:31,032 - deformetrica.core.estimators.gradient_ascent - INFO - ------------------------------------- Iteration: 38 -------------------------------------
2021-08-03 14:30:31,033 - deformetrica.core.estimators.gradient_ascent - INFO - >> Log-likelihood = -1.253E+06 	 [ attachment = -1.241E+06 ; regularity = -1.157E+04 ]
2021-08-03 14:30:31,768 - deformetrica.core.estimators.gradient_ascent - INFO - >> Step size and gradient norm: 
2021-08-03 14:30:31,770 - deformetrica.core.estimators.gradient_ascent - INFO - 		2.493E-05   and   7.098E+04 	[ landmark_points ]
2021-08-03 14:30:31,771 - deformetrica.core.estimators.gradient_ascent - INFO - 		7.109E-05   and   2.927E+04 	[ momenta ]
2021-08-03 14:30:32,149 - deformetrica.core.estimators.gradient_ascent - INFO - ------------------------------------- Iteration: 39 -------------------------------------
2021-08-03 14:30:32,150 - deformetrica.core.estimators.gradient_ascent - INFO - >> Log-likelihood = -1.245E+06 	 [ attachment = -1.233E+06 ; regularity = -1.168E+04 ]
2021-08-03 14:30:32,841 - deformetrica.core.estimators.gradient_ascent - INFO - >> Step size and gradient norm: 
2021-08-03 14:30:32,844 - deformetrica.core.estimators.gradient_ascent - INFO - 		3.739E-05   and   9.439E+04 	[ landmark_points ]
2021-08-03 14:30:32,846 - deformetrica.core.estimators.gradient_ascent - INFO - 		1.066E-04   and   3.664E+04 	[ momenta ]
2021-08-03 14:30:34,537 - deformetrica.core.estimators.gradient_ascent - INFO - >> Step size and gradient norm: 
2021-08-03 14:30:34,539 - deformetrica.core.estimators.gradient_ascent - INFO - 		1.870E-05   and   9.439E+04 	[ landmark_points ]
2021-08-03 14:30:34,540 - deformetrica.core.estimators.gradient_ascent - INFO - 		5.332E-05   and   3.664E+04 	[ momenta ]
2021-08-03 14:30:35,147 - deformetrica.core.estimators.gradient_ascent - INFO - ------------------------------------- Iteration: 40 -------------------------------------
2021-08-03 14:30:35,149 - deformetrica.core.estimators.gradient_ascent - INFO - >> Log-likelihood = -1.221E+06 	 [ attachment = -1.209E+06 ; regularity = -1.176E+04 ]
2021-08-03 14:30:35,826 - deformetrica.core.estimators.gradient_ascent - INFO - >> Step size and gradient norm: 
2021-08-03 14:30:35,827 - deformetrica.core.estimators.gradient_ascent - INFO - 		2.804E-05   and   7.363E+04 	[ landmark_points ]
2021-08-03 14:30:35,828 - deformetrica.core.estimators.gradient_ascent - INFO - 		7.998E-05   and   2.933E+04 	[ momenta ]
2021-08-03 14:30:37,068 - deformetrica.core.estimators.gradient_ascent - INFO - ------------------------------------- Iteration: 41 -------------------------------------
2021-08-03 14:30:37,069 - deformetrica.core.estimators.gradient_ascent - INFO - >> Log-likelihood = -1.206E+06 	 [ attachment = -1.195E+06 ; regularity = -1.182E+04 ]
2021-08-03 14:30:37,914 - deformetrica.core.estimators.gradient_ascent - INFO - >> Step size and gradient norm: 
2021-08-03 14:30:37,915 - deformetrica.core.estimators.gradient_ascent - INFO - 		2.804E-05   and   6.645E+04 	[ landmark_points ]
2021-08-03 14:30:37,916 - deformetrica.core.estimators.gradient_ascent - INFO - 		3.999E-05   and   2.498E+04 	[ momenta ]
2021-08-03 14:30:38,451 - deformetrica.core.estimators.gradient_ascent - INFO - ------------------------------------- Iteration: 42 -------------------------------------
2021-08-03 14:30:38,452 - deformetrica.core.estimators.gradient_ascent - INFO - >> Log-likelihood = -1.194E+06 	 [ attachment = -1.182E+06 ; regularity = -1.188E+04 ]
2021-08-03 14:30:39,102 - deformetrica.core.estimators.gradient_ascent - INFO - >> Step size and gradient norm: 
2021-08-03 14:30:39,103 - deformetrica.core.estimators.gradient_ascent - INFO - 		4.207E-05   and   5.838E+04 	[ landmark_points ]
2021-08-03 14:30:39,106 - deformetrica.core.estimators.gradient_ascent - INFO - 		5.998E-05   and   2.272E+04 	[ momenta ]
2021-08-03 14:30:40,326 - deformetrica.core.estimators.gradient_ascent - INFO - ------------------------------------- Iteration: 43 -------------------------------------
2021-08-03 14:30:40,328 - deformetrica.core.estimators.gradient_ascent - INFO - >> Log-likelihood = -1.182E+06 	 [ attachment = -1.170E+06 ; regularity = -1.196E+04 ]
2021-08-03 14:30:41,010 - deformetrica.core.estimators.gradient_ascent - INFO - >> Step size and gradient norm: 
2021-08-03 14:30:41,012 - deformetrica.core.estimators.gradient_ascent - INFO - 		2.103E-05   and   5.482E+04 	[ landmark_points ]
2021-08-03 14:30:41,013 - deformetrica.core.estimators.gradient_ascent - INFO - 		5.998E-05   and   2.271E+04 	[ momenta ]
2021-08-03 14:30:41,414 - deformetrica.core.estimators.gradient_ascent - INFO - ------------------------------------- Iteration: 44 -------------------------------------
2021-08-03 14:30:41,415 - deformetrica.core.estimators.gradient_ascent - INFO - >> Log-likelihood = -1.171E+06 	 [ attachment = -1.159E+06 ; regularity = -1.203E+04 ]
2021-08-03 14:30:42,360 - deformetrica.core.estimators.gradient_ascent - INFO - >> Step size and gradient norm: 
2021-08-03 14:30:42,362 - deformetrica.core.estimators.gradient_ascent - INFO - 		3.155E-05   and   5.528E+04 	[ landmark_points ]
2021-08-03 14:30:42,364 - deformetrica.core.estimators.gradient_ascent - INFO - 		8.998E-05   and   2.260E+04 	[ momenta ]
2021-08-03 14:30:43,652 - deformetrica.core.estimators.gradient_ascent - INFO - ------------------------------------- Iteration: 45 -------------------------------------
2021-08-03 14:30:43,653 - deformetrica.core.estimators.gradient_ascent - INFO - >> Log-likelihood = -1.163E+06 	 [ attachment = -1.151E+06 ; regularity = -1.209E+04 ]
2021-08-03 14:30:44,265 - deformetrica.core.estimators.gradient_ascent - INFO - >> Step size and gradient norm: 
2021-08-03 14:30:44,266 - deformetrica.core.estimators.gradient_ascent - INFO - 		3.155E-05   and   6.349E+04 	[ landmark_points ]
2021-08-03 14:30:44,268 - deformetrica.core.estimators.gradient_ascent - INFO - 		4.499E-05   and   2.338E+04 	[ momenta ]
2021-08-03 14:30:44,636 - deformetrica.core.estimators.gradient_ascent - INFO - ------------------------------------- Iteration: 46 -------------------------------------
2021-08-03 14:30:44,637 - deformetrica.core.estimators.gradient_ascent - INFO - >> Log-likelihood = -1.159E+06 	 [ attachment = -1.147E+06 ; regularity = -1.215E+04 ]
2021-08-03 14:30:45,261 - deformetrica.core.estimators.gradient_ascent - INFO - >> Step size and gradient norm: 
2021-08-03 14:30:45,263 - deformetrica.core.estimators.gradient_ascent - INFO - 		4.732E-05   and   7.209E+04 	[ landmark_points ]
2021-08-03 14:30:45,266 - deformetrica.core.estimators.gradient_ascent - INFO - 		6.748E-05   and   2.569E+04 	[ momenta ]
2021-08-03 14:30:46,371 - deformetrica.core.estimators.gradient_ascent - INFO - ------------------------------------- Iteration: 47 -------------------------------------
2021-08-03 14:30:46,373 - deformetrica.core.estimators.gradient_ascent - INFO - >> Log-likelihood = -1.154E+06 	 [ attachment = -1.142E+06 ; regularity = -1.223E+04 ]
2021-08-03 14:30:47,011 - deformetrica.core.estimators.gradient_ascent - INFO - >> Step size and gradient norm: 
2021-08-03 14:30:47,013 - deformetrica.core.estimators.gradient_ascent - INFO - 		2.366E-05   and   8.548E+04 	[ landmark_points ]
2021-08-03 14:30:47,014 - deformetrica.core.estimators.gradient_ascent - INFO - 		6.748E-05   and   3.157E+04 	[ momenta ]
2021-08-03 14:30:48,088 - deformetrica.core.estimators.gradient_ascent - INFO - ------------------------------------- Iteration: 48 -------------------------------------
2021-08-03 14:30:48,089 - deformetrica.core.estimators.gradient_ascent - INFO - >> Log-likelihood = -1.135E+06 	 [ attachment = -1.123E+06 ; regularity = -1.226E+04 ]
2021-08-03 14:30:48,670 - deformetrica.core.estimators.gradient_ascent - INFO - >> Step size and gradient norm: 
2021-08-03 14:30:48,671 - deformetrica.core.estimators.gradient_ascent - INFO - 		2.366E-05   and   5.654E+04 	[ landmark_points ]
2021-08-03 14:30:48,673 - deformetrica.core.estimators.gradient_ascent - INFO - 		3.374E-05   and   2.023E+04 	[ momenta ]
2021-08-03 14:30:49,065 - deformetrica.core.estimators.gradient_ascent - INFO - ------------------------------------- Iteration: 49 -------------------------------------
2021-08-03 14:30:49,067 - deformetrica.core.estimators.gradient_ascent - INFO - >> Log-likelihood = -1.125E+06 	 [ attachment = -1.112E+06 ; regularity = -1.230E+04 ]
2021-08-03 14:30:49,714 - deformetrica.core.estimators.gradient_ascent - INFO - >> Step size and gradient norm: 
2021-08-03 14:30:49,715 - deformetrica.core.estimators.gradient_ascent - INFO - 		3.549E-05   and   3.654E+04 	[ landmark_points ]
2021-08-03 14:30:49,717 - deformetrica.core.estimators.gradient_ascent - INFO - 		5.061E-05   and   1.558E+04 	[ momenta ]
2021-08-03 14:30:50,080 - deformetrica.core.estimators.gradient_ascent - INFO - ------------------------------------- Iteration: 50 -------------------------------------
2021-08-03 14:30:50,081 - deformetrica.core.estimators.gradient_ascent - INFO - >> Log-likelihood = -1.121E+06 	 [ attachment = -1.109E+06 ; regularity = -1.236E+04 ]
2021-08-03 14:30:50,693 - deformetrica.core.estimators.gradient_ascent - INFO - >> Step size and gradient norm: 
2021-08-03 14:30:50,694 - deformetrica.core.estimators.gradient_ascent - INFO - 		5.324E-05   and   5.574E+04 	[ landmark_points ]
2021-08-03 14:30:50,696 - deformetrica.core.estimators.gradient_ascent - INFO - 		7.592E-05   and   2.005E+04 	[ momenta ]
2021-08-03 14:30:51,789 - deformetrica.core.estimators.gradient_ascent - INFO - >> Step size and gradient norm: 
2021-08-03 14:30:51,791 - deformetrica.core.estimators.gradient_ascent - INFO - 		2.662E-05   and   5.574E+04 	[ landmark_points ]
2021-08-03 14:30:51,821 - deformetrica.core.estimators.gradient_ascent - INFO - 		3.796E-05   and   2.005E+04 	[ momenta ]
2021-08-03 14:30:52,292 - deformetrica.core.estimators.gradient_ascent - INFO - ------------------------------------- Iteration: 51 -------------------------------------
2021-08-03 14:30:52,293 - deformetrica.core.estimators.gradient_ascent - INFO - >> Log-likelihood = -1.115E+06 	 [ attachment = -1.103E+06 ; regularity = -1.240E+04 ]
2021-08-03 14:30:52,873 - deformetrica.core.estimators.gradient_ascent - INFO - >> Step size and gradient norm: 
2021-08-03 14:30:52,875 - deformetrica.core.estimators.gradient_ascent - INFO - 		3.993E-05   and   5.207E+04 	[ landmark_points ]
2021-08-03 14:30:52,877 - deformetrica.core.estimators.gradient_ascent - INFO - 		5.694E-05   and   1.874E+04 	[ momenta ]
2021-08-03 14:30:53,999 - deformetrica.core.estimators.gradient_ascent - INFO - ------------------------------------- Iteration: 52 -------------------------------------
2021-08-03 14:30:54,000 - deformetrica.core.estimators.gradient_ascent - INFO - >> Log-likelihood = -1.106E+06 	 [ attachment = -1.093E+06 ; regularity = -1.246E+04 ]
2021-08-03 14:30:54,630 - deformetrica.core.estimators.gradient_ascent - INFO - >> Step size and gradient norm: 
2021-08-03 14:30:54,632 - deformetrica.core.estimators.gradient_ascent - INFO - 		1.996E-05   and   4.703E+04 	[ landmark_points ]
2021-08-03 14:30:54,634 - deformetrica.core.estimators.gradient_ascent - INFO - 		5.694E-05   and   1.876E+04 	[ momenta ]
2021-08-03 14:30:55,050 - deformetrica.core.estimators.gradient_ascent - INFO - ------------------------------------- Iteration: 53 -------------------------------------
2021-08-03 14:30:55,051 - deformetrica.core.estimators.gradient_ascent - INFO - >> Log-likelihood = -1.097E+06 	 [ attachment = -1.085E+06 ; regularity = -1.252E+04 ]
2021-08-03 14:30:55,643 - deformetrica.core.estimators.gradient_ascent - INFO - >> Step size and gradient norm: 
2021-08-03 14:30:55,645 - deformetrica.core.estimators.gradient_ascent - INFO - 		2.995E-05   and   4.522E+04 	[ landmark_points ]
2021-08-03 14:30:55,646 - deformetrica.core.estimators.gradient_ascent - INFO - 		8.541E-05   and   1.777E+04 	[ momenta ]
2021-08-03 14:30:56,755 - deformetrica.core.estimators.gradient_ascent - INFO - ------------------------------------- Iteration: 54 -------------------------------------
2021-08-03 14:30:56,756 - deformetrica.core.estimators.gradient_ascent - INFO - >> Log-likelihood = -1.092E+06 	 [ attachment = -1.079E+06 ; regularity = -1.260E+04 ]
2021-08-03 14:30:57,434 - deformetrica.core.estimators.gradient_ascent - INFO - >> Step size and gradient norm: 
2021-08-03 14:30:57,435 - deformetrica.core.estimators.gradient_ascent - INFO - 		1.497E-05   and   5.015E+04 	[ landmark_points ]
2021-08-03 14:30:57,465 - deformetrica.core.estimators.gradient_ascent - INFO - 		8.541E-05   and   2.162E+04 	[ momenta ]
2021-08-03 14:30:57,955 - deformetrica.core.estimators.gradient_ascent - INFO - ------------------------------------- Iteration: 55 -------------------------------------
2021-08-03 14:30:57,956 - deformetrica.core.estimators.gradient_ascent - INFO - >> Log-likelihood = -1.089E+06 	 [ attachment = -1.076E+06 ; regularity = -1.268E+04 ]
2021-08-03 14:30:58,560 - deformetrica.core.estimators.gradient_ascent - INFO - >> Step size and gradient norm: 
2021-08-03 14:30:58,562 - deformetrica.core.estimators.gradient_ascent - INFO - 		2.246E-05   and   6.256E+04 	[ landmark_points ]
2021-08-03 14:30:58,565 - deformetrica.core.estimators.gradient_ascent - INFO - 		1.281E-04   and   2.645E+04 	[ momenta ]
2021-08-03 14:30:59,878 - deformetrica.core.estimators.gradient_ascent - INFO - ------------------------------------- Iteration: 56 -------------------------------------
2021-08-03 14:30:59,880 - deformetrica.core.estimators.gradient_ascent - INFO - >> Log-likelihood = -1.086E+06 	 [ attachment = -1.073E+06 ; regularity = -1.274E+04 ]
2021-08-03 14:31:00,491 - deformetrica.core.estimators.gradient_ascent - INFO - >> Step size and gradient norm: 
2021-08-03 14:31:00,493 - deformetrica.core.estimators.gradient_ascent - INFO - 		2.246E-05   and   7.741E+04 	[ landmark_points ]
2021-08-03 14:31:00,494 - deformetrica.core.estimators.gradient_ascent - INFO - 		6.406E-05   and   2.944E+04 	[ momenta ]
2021-08-03 14:31:00,889 - deformetrica.core.estimators.gradient_ascent - INFO - Tolerance threshold met. Stopping the optimization process.
2021-08-03 14:31:01,559 - root - INFO - >> Estimation took: 01 minutes and 29 seconds
