2021-08-10 13:49:26,796 - root - INFO - OMP_NUM_THREADS was not found in environment variables. An automatic value will be set.
2021-08-10 13:49:26,808 - root - INFO - OMP_NUM_THREADS will be set to 2
2021-08-10 13:49:26,817 - root - WARNING - context has already been set
2021-08-10 13:49:26,831 - root - INFO - >> No specified state-file. By default, Deformetrica state will by saved in file: output/deformetrica-state.p.
2021-08-10 13:49:26,839 - root - INFO - >> Removing the pre-existing state file with same path.
2021-08-10 13:49:26,909 - deformetrica.core.models.model_functions - INFO - >> Reading 200 initial control points from file images/mask_initial_control_points/mask_03_initial_control_points.txt.
2021-08-10 13:49:26,911 - deformetrica.core.models.model_functions - INFO - >> Momenta initialized to zero, for 5 subjects.
2021-08-10 13:49:26,914 - root - INFO - >> Started estimator: GradientAscent
2021-08-10 13:49:27,770 - deformetrica.core.estimators.gradient_ascent - INFO - ------------------------------------- Iteration: 0 -------------------------------------
2021-08-10 13:49:27,771 - deformetrica.core.estimators.gradient_ascent - INFO - >> Log-likelihood = -1.809E+07 	 [ attachment = -1.809E+07 ; regularity = 0.000E+00 ]
2021-08-10 13:49:27,773 - deformetrica.core.estimators.gradient_ascent - INFO - >> Step size and gradient norm: 
2021-08-10 13:49:27,775 - deformetrica.core.estimators.gradient_ascent - INFO - 		1.051E-06   and   9.518E+05 	[ landmark_points ]
2021-08-10 13:49:27,778 - deformetrica.core.estimators.gradient_ascent - INFO - 		3.029E-06   and   3.301E+05 	[ momenta ]
2021-08-10 13:49:28,216 - deformetrica.core.estimators.gradient_ascent - INFO - ------------------------------------- Iteration: 1 -------------------------------------
2021-08-10 13:49:28,217 - deformetrica.core.estimators.gradient_ascent - INFO - >> Log-likelihood = -1.759E+07 	 [ attachment = -1.759E+07 ; regularity = -1.777E+00 ]
2021-08-10 13:49:28,952 - deformetrica.core.estimators.gradient_ascent - INFO - >> Step size and gradient norm: 
2021-08-10 13:49:28,953 - deformetrica.core.estimators.gradient_ascent - INFO - 		1.576E-06   and   9.226E+05 	[ landmark_points ]
2021-08-10 13:49:28,954 - deformetrica.core.estimators.gradient_ascent - INFO - 		4.544E-06   and   3.237E+05 	[ momenta ]
2021-08-10 13:49:29,392 - deformetrica.core.estimators.gradient_ascent - INFO - ------------------------------------- Iteration: 2 -------------------------------------
2021-08-10 13:49:29,393 - deformetrica.core.estimators.gradient_ascent - INFO - >> Log-likelihood = -1.688E+07 	 [ attachment = -1.688E+07 ; regularity = -1.084E+01 ]
2021-08-10 13:49:30,090 - deformetrica.core.estimators.gradient_ascent - INFO - >> Step size and gradient norm: 
2021-08-10 13:49:30,091 - deformetrica.core.estimators.gradient_ascent - INFO - 		2.364E-06   and   8.795E+05 	[ landmark_points ]
2021-08-10 13:49:30,092 - deformetrica.core.estimators.gradient_ascent - INFO - 		6.816E-06   and   3.143E+05 	[ momenta ]
2021-08-10 13:49:30,589 - deformetrica.core.estimators.gradient_ascent - INFO - ------------------------------------- Iteration: 3 -------------------------------------
2021-08-10 13:49:30,591 - deformetrica.core.estimators.gradient_ascent - INFO - >> Log-likelihood = -1.589E+07 	 [ attachment = -1.589E+07 ; regularity = -3.777E+01 ]
2021-08-10 13:49:31,315 - deformetrica.core.estimators.gradient_ascent - INFO - >> Step size and gradient norm: 
2021-08-10 13:49:31,316 - deformetrica.core.estimators.gradient_ascent - INFO - 		3.546E-06   and   8.166E+05 	[ landmark_points ]
2021-08-10 13:49:31,318 - deformetrica.core.estimators.gradient_ascent - INFO - 		1.022E-05   and   3.005E+05 	[ momenta ]
2021-08-10 13:49:31,795 - deformetrica.core.estimators.gradient_ascent - INFO - ------------------------------------- Iteration: 4 -------------------------------------
2021-08-10 13:49:31,797 - deformetrica.core.estimators.gradient_ascent - INFO - >> Log-likelihood = -1.458E+07 	 [ attachment = -1.458E+07 ; regularity = -1.047E+02 ]
2021-08-10 13:49:32,520 - deformetrica.core.estimators.gradient_ascent - INFO - >> Step size and gradient norm: 
2021-08-10 13:49:32,522 - deformetrica.core.estimators.gradient_ascent - INFO - 		5.319E-06   and   7.271E+05 	[ landmark_points ]
2021-08-10 13:49:32,525 - deformetrica.core.estimators.gradient_ascent - INFO - 		1.534E-05   and   2.806E+05 	[ momenta ]
2021-08-10 13:49:33,048 - deformetrica.core.estimators.gradient_ascent - INFO - ------------------------------------- Iteration: 5 -------------------------------------
2021-08-10 13:49:33,050 - deformetrica.core.estimators.gradient_ascent - INFO - >> Log-likelihood = -1.293E+07 	 [ attachment = -1.293E+07 ; regularity = -2.540E+02 ]
2021-08-10 13:49:33,749 - deformetrica.core.estimators.gradient_ascent - INFO - >> Step size and gradient norm: 
2021-08-10 13:49:33,751 - deformetrica.core.estimators.gradient_ascent - INFO - 		7.978E-06   and   6.059E+05 	[ landmark_points ]
2021-08-10 13:49:33,752 - deformetrica.core.estimators.gradient_ascent - INFO - 		2.300E-05   and   2.529E+05 	[ momenta ]
2021-08-10 13:49:34,327 - deformetrica.core.estimators.gradient_ascent - INFO - ------------------------------------- Iteration: 6 -------------------------------------
2021-08-10 13:49:34,329 - deformetrica.core.estimators.gradient_ascent - INFO - >> Log-likelihood = -1.104E+07 	 [ attachment = -1.104E+07 ; regularity = -5.572E+02 ]
2021-08-10 13:49:35,301 - deformetrica.core.estimators.gradient_ascent - INFO - >> Step size and gradient norm: 
2021-08-10 13:49:35,302 - deformetrica.core.estimators.gradient_ascent - INFO - 		1.197E-05   and   4.563E+05 	[ landmark_points ]
2021-08-10 13:49:35,303 - deformetrica.core.estimators.gradient_ascent - INFO - 		3.451E-05   and   2.169E+05 	[ momenta ]
2021-08-10 13:49:35,746 - deformetrica.core.estimators.gradient_ascent - INFO - ------------------------------------- Iteration: 7 -------------------------------------
2021-08-10 13:49:35,747 - deformetrica.core.estimators.gradient_ascent - INFO - >> Log-likelihood = -9.105E+06 	 [ attachment = -9.104E+06 ; regularity = -1.110E+03 ]
2021-08-10 13:49:36,548 - deformetrica.core.estimators.gradient_ascent - INFO - >> Step size and gradient norm: 
2021-08-10 13:49:36,551 - deformetrica.core.estimators.gradient_ascent - INFO - 		1.795E-05   and   3.013E+05 	[ landmark_points ]
2021-08-10 13:49:36,553 - deformetrica.core.estimators.gradient_ascent - INFO - 		5.176E-05   and   1.743E+05 	[ momenta ]
2021-08-10 13:49:37,106 - deformetrica.core.estimators.gradient_ascent - INFO - ------------------------------------- Iteration: 8 -------------------------------------
2021-08-10 13:49:37,107 - deformetrica.core.estimators.gradient_ascent - INFO - >> Log-likelihood = -7.386E+06 	 [ attachment = -7.384E+06 ; regularity = -1.994E+03 ]
2021-08-10 13:49:37,866 - deformetrica.core.estimators.gradient_ascent - INFO - >> Step size and gradient norm: 
2021-08-10 13:49:37,868 - deformetrica.core.estimators.gradient_ascent - INFO - 		2.693E-05   and   1.818E+05 	[ landmark_points ]
2021-08-10 13:49:37,870 - deformetrica.core.estimators.gradient_ascent - INFO - 		7.764E-05   and   1.302E+05 	[ momenta ]
2021-08-10 13:49:38,703 - deformetrica.core.estimators.gradient_ascent - INFO - ------------------------------------- Iteration: 9 -------------------------------------
2021-08-10 13:49:38,704 - deformetrica.core.estimators.gradient_ascent - INFO - >> Log-likelihood = -6.063E+06 	 [ attachment = -6.060E+06 ; regularity = -3.185E+03 ]
2021-08-10 13:49:39,928 - deformetrica.core.estimators.gradient_ascent - INFO - >> Step size and gradient norm: 
2021-08-10 13:49:39,930 - deformetrica.core.estimators.gradient_ascent - INFO - 		4.039E-05   and   1.208E+05 	[ landmark_points ]
2021-08-10 13:49:39,931 - deformetrica.core.estimators.gradient_ascent - INFO - 		1.165E-04   and   8.892E+04 	[ momenta ]
2021-08-10 13:49:41,039 - deformetrica.core.estimators.gradient_ascent - INFO - ------------------------------------- Iteration: 10 -------------------------------------
2021-08-10 13:49:41,042 - deformetrica.core.estimators.gradient_ascent - INFO - >> Log-likelihood = -5.136E+06 	 [ attachment = -5.131E+06 ; regularity = -4.471E+03 ]
2021-08-10 13:49:43,368 - deformetrica.core.estimators.gradient_ascent - INFO - >> Step size and gradient norm: 
2021-08-10 13:49:43,369 - deformetrica.core.estimators.gradient_ascent - INFO - 		6.059E-05   and   9.939E+04 	[ landmark_points ]
2021-08-10 13:49:43,370 - deformetrica.core.estimators.gradient_ascent - INFO - 		1.747E-04   and   6.224E+04 	[ momenta ]
2021-08-10 13:49:44,182 - deformetrica.core.estimators.gradient_ascent - INFO - ------------------------------------- Iteration: 11 -------------------------------------
2021-08-10 13:49:44,184 - deformetrica.core.estimators.gradient_ascent - INFO - >> Log-likelihood = -4.422E+06 	 [ attachment = -4.416E+06 ; regularity = -5.677E+03 ]
2021-08-10 13:49:45,280 - deformetrica.core.estimators.gradient_ascent - INFO - >> Step size and gradient norm: 
2021-08-10 13:49:45,282 - deformetrica.core.estimators.gradient_ascent - INFO - 		9.088E-05   and   1.027E+05 	[ landmark_points ]
2021-08-10 13:49:45,283 - deformetrica.core.estimators.gradient_ascent - INFO - 		2.620E-04   and   5.625E+04 	[ momenta ]
2021-08-10 13:49:46,104 - deformetrica.core.estimators.gradient_ascent - INFO - ------------------------------------- Iteration: 12 -------------------------------------
2021-08-10 13:49:46,105 - deformetrica.core.estimators.gradient_ascent - INFO - >> Log-likelihood = -4.315E+06 	 [ attachment = -4.307E+06 ; regularity = -7.475E+03 ]
2021-08-10 13:49:47,374 - deformetrica.core.estimators.gradient_ascent - INFO - >> Step size and gradient norm: 
2021-08-10 13:49:47,375 - deformetrica.core.estimators.gradient_ascent - INFO - 		1.363E-04   and   2.418E+05 	[ landmark_points ]
2021-08-10 13:49:47,376 - deformetrica.core.estimators.gradient_ascent - INFO - 		3.931E-04   and   1.130E+05 	[ momenta ]
2021-08-10 13:49:48,876 - deformetrica.core.estimators.gradient_ascent - INFO - >> Step size and gradient norm: 
2021-08-10 13:49:48,878 - deformetrica.core.estimators.gradient_ascent - INFO - 		6.816E-05   and   2.418E+05 	[ landmark_points ]
2021-08-10 13:49:48,906 - deformetrica.core.estimators.gradient_ascent - INFO - 		1.965E-04   and   1.130E+05 	[ momenta ]
2021-08-10 13:49:50,623 - deformetrica.core.estimators.gradient_ascent - INFO - ------------------------------------- Iteration: 13 -------------------------------------
2021-08-10 13:49:50,624 - deformetrica.core.estimators.gradient_ascent - INFO - >> Log-likelihood = -4.267E+06 	 [ attachment = -4.258E+06 ; regularity = -8.362E+03 ]
2021-08-10 13:49:51,524 - deformetrica.core.estimators.gradient_ascent - INFO - >> Step size and gradient norm: 
2021-08-10 13:49:51,526 - deformetrica.core.estimators.gradient_ascent - INFO - 		3.408E-05   and   2.804E+05 	[ landmark_points ]
2021-08-10 13:49:51,528 - deformetrica.core.estimators.gradient_ascent - INFO - 		1.965E-04   and   1.250E+05 	[ momenta ]
2021-08-10 13:49:52,888 - deformetrica.core.estimators.gradient_ascent - INFO - ------------------------------------- Iteration: 14 -------------------------------------
2021-08-10 13:49:52,890 - deformetrica.core.estimators.gradient_ascent - INFO - >> Log-likelihood = -3.864E+06 	 [ attachment = -3.856E+06 ; regularity = -8.541E+03 ]
2021-08-10 13:49:53,932 - deformetrica.core.estimators.gradient_ascent - INFO - >> Step size and gradient norm: 
2021-08-10 13:49:53,934 - deformetrica.core.estimators.gradient_ascent - INFO - 		3.408E-05   and   1.940E+05 	[ landmark_points ]
2021-08-10 13:49:53,960 - deformetrica.core.estimators.gradient_ascent - INFO - 		9.826E-05   and   1.180E+05 	[ momenta ]
2021-08-10 13:49:54,418 - deformetrica.core.estimators.gradient_ascent - INFO - ------------------------------------- Iteration: 15 -------------------------------------
2021-08-10 13:49:54,419 - deformetrica.core.estimators.gradient_ascent - INFO - >> Log-likelihood = -3.498E+06 	 [ attachment = -3.489E+06 ; regularity = -9.014E+03 ]
2021-08-10 13:49:55,154 - deformetrica.core.estimators.gradient_ascent - INFO - >> Step size and gradient norm: 
2021-08-10 13:49:55,155 - deformetrica.core.estimators.gradient_ascent - INFO - 		5.112E-05   and   2.003E+05 	[ landmark_points ]
2021-08-10 13:49:55,156 - deformetrica.core.estimators.gradient_ascent - INFO - 		1.474E-04   and   1.090E+05 	[ momenta ]
2021-08-10 13:49:56,328 - deformetrica.core.estimators.gradient_ascent - INFO - ------------------------------------- Iteration: 16 -------------------------------------
2021-08-10 13:49:56,330 - deformetrica.core.estimators.gradient_ascent - INFO - >> Log-likelihood = -3.468E+06 	 [ attachment = -3.459E+06 ; regularity = -9.194E+03 ]
2021-08-10 13:49:56,995 - deformetrica.core.estimators.gradient_ascent - INFO - >> Step size and gradient norm: 
2021-08-10 13:49:56,997 - deformetrica.core.estimators.gradient_ascent - INFO - 		5.112E-05   and   2.899E+05 	[ landmark_points ]
2021-08-10 13:49:56,998 - deformetrica.core.estimators.gradient_ascent - INFO - 		7.370E-05   and   1.116E+05 	[ momenta ]
2021-08-10 13:49:58,193 - deformetrica.core.estimators.gradient_ascent - INFO - ------------------------------------- Iteration: 17 -------------------------------------
2021-08-10 13:49:58,194 - deformetrica.core.estimators.gradient_ascent - INFO - >> Log-likelihood = -3.017E+06 	 [ attachment = -3.008E+06 ; regularity = -9.567E+03 ]
2021-08-10 13:49:58,901 - deformetrica.core.estimators.gradient_ascent - INFO - >> Step size and gradient norm: 
2021-08-10 13:49:58,903 - deformetrica.core.estimators.gradient_ascent - INFO - 		2.556E-05   and   2.155E+05 	[ landmark_points ]
2021-08-10 13:49:58,904 - deformetrica.core.estimators.gradient_ascent - INFO - 		7.370E-05   and   9.374E+04 	[ momenta ]
2021-08-10 13:49:59,356 - deformetrica.core.estimators.gradient_ascent - INFO - ------------------------------------- Iteration: 18 -------------------------------------
2021-08-10 13:49:59,357 - deformetrica.core.estimators.gradient_ascent - INFO - >> Log-likelihood = -2.920E+06 	 [ attachment = -2.910E+06 ; regularity = -9.729E+03 ]
2021-08-10 13:50:00,090 - deformetrica.core.estimators.gradient_ascent - INFO - >> Step size and gradient norm: 
2021-08-10 13:50:00,091 - deformetrica.core.estimators.gradient_ascent - INFO - 		3.834E-05   and   2.255E+05 	[ landmark_points ]
2021-08-10 13:50:00,094 - deformetrica.core.estimators.gradient_ascent - INFO - 		1.105E-04   and   9.028E+04 	[ momenta ]
2021-08-10 13:50:02,836 - deformetrica.core.estimators.gradient_ascent - INFO - >> Step size and gradient norm: 
2021-08-10 13:50:02,837 - deformetrica.core.estimators.gradient_ascent - INFO - 		1.917E-05   and   2.255E+05 	[ landmark_points ]
2021-08-10 13:50:02,841 - deformetrica.core.estimators.gradient_ascent - INFO - 		5.527E-05   and   9.028E+04 	[ momenta ]
2021-08-10 13:50:03,717 - deformetrica.core.estimators.gradient_ascent - INFO - ------------------------------------- Iteration: 19 -------------------------------------
2021-08-10 13:50:03,718 - deformetrica.core.estimators.gradient_ascent - INFO - >> Log-likelihood = -2.673E+06 	 [ attachment = -2.663E+06 ; regularity = -9.928E+03 ]
2021-08-10 13:50:05,272 - deformetrica.core.estimators.gradient_ascent - INFO - >> Step size and gradient norm: 
2021-08-10 13:50:05,275 - deformetrica.core.estimators.gradient_ascent - INFO - 		2.876E-05   and   1.293E+05 	[ landmark_points ]
2021-08-10 13:50:05,301 - deformetrica.core.estimators.gradient_ascent - INFO - 		8.291E-05   and   5.665E+04 	[ momenta ]
2021-08-10 13:50:07,655 - deformetrica.core.estimators.gradient_ascent - INFO - ------------------------------------- Iteration: 20 -------------------------------------
2021-08-10 13:50:07,656 - deformetrica.core.estimators.gradient_ascent - INFO - >> Log-likelihood = -2.598E+06 	 [ attachment = -2.588E+06 ; regularity = -1.012E+04 ]
2021-08-10 13:50:08,952 - deformetrica.core.estimators.gradient_ascent - INFO - >> Step size and gradient norm: 
2021-08-10 13:50:08,954 - deformetrica.core.estimators.gradient_ascent - INFO - 		1.438E-05   and   1.136E+05 	[ landmark_points ]
2021-08-10 13:50:08,959 - deformetrica.core.estimators.gradient_ascent - INFO - 		8.291E-05   and   5.500E+04 	[ momenta ]
2021-08-10 13:50:09,724 - deformetrica.core.estimators.gradient_ascent - INFO - ------------------------------------- Iteration: 21 -------------------------------------
2021-08-10 13:50:09,725 - deformetrica.core.estimators.gradient_ascent - INFO - >> Log-likelihood = -2.546E+06 	 [ attachment = -2.536E+06 ; regularity = -1.035E+04 ]
2021-08-10 13:50:11,849 - deformetrica.core.estimators.gradient_ascent - INFO - >> Step size and gradient norm: 
2021-08-10 13:50:11,851 - deformetrica.core.estimators.gradient_ascent - INFO - 		2.157E-05   and   1.123E+05 	[ landmark_points ]
2021-08-10 13:50:11,853 - deformetrica.core.estimators.gradient_ascent - INFO - 		1.244E-04   and   5.557E+04 	[ momenta ]
2021-08-10 13:50:14,916 - deformetrica.core.estimators.gradient_ascent - INFO - ------------------------------------- Iteration: 22 -------------------------------------
2021-08-10 13:50:14,920 - deformetrica.core.estimators.gradient_ascent - INFO - >> Log-likelihood = -2.496E+06 	 [ attachment = -2.485E+06 ; regularity = -1.047E+04 ]
2021-08-10 13:50:16,364 - deformetrica.core.estimators.gradient_ascent - INFO - >> Step size and gradient norm: 
2021-08-10 13:50:16,367 - deformetrica.core.estimators.gradient_ascent - INFO - 		2.157E-05   and   1.113E+05 	[ landmark_points ]
2021-08-10 13:50:16,371 - deformetrica.core.estimators.gradient_ascent - INFO - 		6.218E-05   and   4.850E+04 	[ momenta ]
2021-08-10 13:50:16,903 - deformetrica.core.estimators.gradient_ascent - INFO - ------------------------------------- Iteration: 23 -------------------------------------
2021-08-10 13:50:16,905 - deformetrica.core.estimators.gradient_ascent - INFO - >> Log-likelihood = -2.453E+06 	 [ attachment = -2.442E+06 ; regularity = -1.062E+04 ]
2021-08-10 13:50:17,784 - deformetrica.core.estimators.gradient_ascent - INFO - >> Step size and gradient norm: 
2021-08-10 13:50:17,785 - deformetrica.core.estimators.gradient_ascent - INFO - 		3.235E-05   and   1.030E+05 	[ landmark_points ]
2021-08-10 13:50:17,787 - deformetrica.core.estimators.gradient_ascent - INFO - 		9.327E-05   and   4.646E+04 	[ momenta ]
2021-08-10 13:50:20,070 - deformetrica.core.estimators.gradient_ascent - INFO - ------------------------------------- Iteration: 24 -------------------------------------
2021-08-10 13:50:20,071 - deformetrica.core.estimators.gradient_ascent - INFO - >> Log-likelihood = -2.437E+06 	 [ attachment = -2.427E+06 ; regularity = -1.071E+04 ]
2021-08-10 13:50:21,107 - deformetrica.core.estimators.gradient_ascent - INFO - >> Step size and gradient norm: 
2021-08-10 13:50:21,110 - deformetrica.core.estimators.gradient_ascent - INFO - 		3.235E-05   and   1.230E+05 	[ landmark_points ]
2021-08-10 13:50:21,119 - deformetrica.core.estimators.gradient_ascent - INFO - 		4.664E-05   and   4.706E+04 	[ momenta ]
2021-08-10 13:50:22,234 - deformetrica.core.estimators.gradient_ascent - INFO - ------------------------------------- Iteration: 25 -------------------------------------
2021-08-10 13:50:22,236 - deformetrica.core.estimators.gradient_ascent - INFO - >> Log-likelihood = -2.433E+06 	 [ attachment = -2.422E+06 ; regularity = -1.083E+04 ]
2021-08-10 13:50:23,716 - deformetrica.core.estimators.gradient_ascent - INFO - >> Step size and gradient norm: 
2021-08-10 13:50:23,718 - deformetrica.core.estimators.gradient_ascent - INFO - 		4.852E-05   and   1.409E+05 	[ landmark_points ]
2021-08-10 13:50:23,720 - deformetrica.core.estimators.gradient_ascent - INFO - 		6.995E-05   and   5.646E+04 	[ momenta ]
2021-08-10 13:50:25,766 - deformetrica.core.estimators.gradient_ascent - INFO - >> Step size and gradient norm: 
2021-08-10 13:50:25,768 - deformetrica.core.estimators.gradient_ascent - INFO - 		2.426E-05   and   1.409E+05 	[ landmark_points ]
2021-08-10 13:50:25,774 - deformetrica.core.estimators.gradient_ascent - INFO - 		3.498E-05   and   5.646E+04 	[ momenta ]
2021-08-10 13:50:26,344 - deformetrica.core.estimators.gradient_ascent - INFO - ------------------------------------- Iteration: 26 -------------------------------------
2021-08-10 13:50:26,345 - deformetrica.core.estimators.gradient_ascent - INFO - >> Log-likelihood = -2.360E+06 	 [ attachment = -2.349E+06 ; regularity = -1.088E+04 ]
2021-08-10 13:50:27,016 - deformetrica.core.estimators.gradient_ascent - INFO - >> Step size and gradient norm: 
2021-08-10 13:50:27,018 - deformetrica.core.estimators.gradient_ascent - INFO - 		3.639E-05   and   9.296E+04 	[ landmark_points ]
2021-08-10 13:50:27,020 - deformetrica.core.estimators.gradient_ascent - INFO - 		5.247E-05   and   3.681E+04 	[ momenta ]
2021-08-10 13:50:28,596 - deformetrica.core.estimators.gradient_ascent - INFO - ------------------------------------- Iteration: 27 -------------------------------------
2021-08-10 13:50:28,598 - deformetrica.core.estimators.gradient_ascent - INFO - >> Log-likelihood = -2.319E+06 	 [ attachment = -2.308E+06 ; regularity = -1.100E+04 ]
2021-08-10 13:50:29,479 - deformetrica.core.estimators.gradient_ascent - INFO - >> Step size and gradient norm: 
2021-08-10 13:50:29,481 - deformetrica.core.estimators.gradient_ascent - INFO - 		1.820E-05   and   6.320E+04 	[ landmark_points ]
2021-08-10 13:50:29,483 - deformetrica.core.estimators.gradient_ascent - INFO - 		5.247E-05   and   3.047E+04 	[ momenta ]
2021-08-10 13:50:29,966 - deformetrica.core.estimators.gradient_ascent - INFO - ------------------------------------- Iteration: 28 -------------------------------------
2021-08-10 13:50:29,967 - deformetrica.core.estimators.gradient_ascent - INFO - >> Log-likelihood = -2.287E+06 	 [ attachment = -2.276E+06 ; regularity = -1.110E+04 ]
2021-08-10 13:50:30,782 - deformetrica.core.estimators.gradient_ascent - INFO - >> Step size and gradient norm: 
2021-08-10 13:50:30,784 - deformetrica.core.estimators.gradient_ascent - INFO - 		2.729E-05   and   4.912E+04 	[ landmark_points ]
2021-08-10 13:50:30,786 - deformetrica.core.estimators.gradient_ascent - INFO - 		7.870E-05   and   2.435E+04 	[ momenta ]
2021-08-10 13:50:31,379 - deformetrica.core.estimators.gradient_ascent - INFO - ------------------------------------- Iteration: 29 -------------------------------------
2021-08-10 13:50:31,381 - deformetrica.core.estimators.gradient_ascent - INFO - >> Log-likelihood = -2.268E+06 	 [ attachment = -2.257E+06 ; regularity = -1.126E+04 ]
2021-08-10 13:50:32,481 - deformetrica.core.estimators.gradient_ascent - INFO - >> Step size and gradient norm: 
2021-08-10 13:50:32,483 - deformetrica.core.estimators.gradient_ascent - INFO - 		4.094E-05   and   7.148E+04 	[ landmark_points ]
2021-08-10 13:50:32,484 - deformetrica.core.estimators.gradient_ascent - INFO - 		1.180E-04   and   3.288E+04 	[ momenta ]
2021-08-10 13:50:33,710 - deformetrica.core.estimators.gradient_ascent - INFO - >> Step size and gradient norm: 
2021-08-10 13:50:33,711 - deformetrica.core.estimators.gradient_ascent - INFO - 		2.047E-05   and   7.148E+04 	[ landmark_points ]
2021-08-10 13:50:33,724 - deformetrica.core.estimators.gradient_ascent - INFO - 		5.902E-05   and   3.288E+04 	[ momenta ]
2021-08-10 13:50:34,206 - deformetrica.core.estimators.gradient_ascent - INFO - ------------------------------------- Iteration: 30 -------------------------------------
2021-08-10 13:50:34,207 - deformetrica.core.estimators.gradient_ascent - INFO - >> Log-likelihood = -2.240E+06 	 [ attachment = -2.229E+06 ; regularity = -1.137E+04 ]
2021-08-10 13:50:34,989 - deformetrica.core.estimators.gradient_ascent - INFO - >> Step size and gradient norm: 
2021-08-10 13:50:34,991 - deformetrica.core.estimators.gradient_ascent - INFO - 		3.071E-05   and   7.040E+04 	[ landmark_points ]
2021-08-10 13:50:34,995 - deformetrica.core.estimators.gradient_ascent - INFO - 		8.854E-05   and   3.048E+04 	[ momenta ]
2021-08-10 13:50:36,534 - deformetrica.core.estimators.gradient_ascent - INFO - ------------------------------------- Iteration: 31 -------------------------------------
2021-08-10 13:50:36,535 - deformetrica.core.estimators.gradient_ascent - INFO - >> Log-likelihood = -2.216E+06 	 [ attachment = -2.205E+06 ; regularity = -1.156E+04 ]
2021-08-10 13:50:37,485 - deformetrica.core.estimators.gradient_ascent - INFO - >> Step size and gradient norm: 
2021-08-10 13:50:37,488 - deformetrica.core.estimators.gradient_ascent - INFO - 		1.535E-05   and   7.819E+04 	[ landmark_points ]
2021-08-10 13:50:37,490 - deformetrica.core.estimators.gradient_ascent - INFO - 		8.854E-05   and   3.750E+04 	[ momenta ]
2021-08-10 13:50:38,062 - deformetrica.core.estimators.gradient_ascent - INFO - ------------------------------------- Iteration: 32 -------------------------------------
2021-08-10 13:50:38,064 - deformetrica.core.estimators.gradient_ascent - INFO - >> Log-likelihood = -2.204E+06 	 [ attachment = -2.192E+06 ; regularity = -1.171E+04 ]
2021-08-10 13:50:38,995 - deformetrica.core.estimators.gradient_ascent - INFO - >> Step size and gradient norm: 
2021-08-10 13:50:38,998 - deformetrica.core.estimators.gradient_ascent - INFO - 		2.303E-05   and   9.932E+04 	[ landmark_points ]
2021-08-10 13:50:39,000 - deformetrica.core.estimators.gradient_ascent - INFO - 		1.328E-04   and   4.468E+04 	[ momenta ]
2021-08-10 13:50:40,572 - deformetrica.core.estimators.gradient_ascent - INFO - ------------------------------------- Iteration: 33 -------------------------------------
2021-08-10 13:50:40,573 - deformetrica.core.estimators.gradient_ascent - INFO - >> Log-likelihood = -2.193E+06 	 [ attachment = -2.181E+06 ; regularity = -1.185E+04 ]
2021-08-10 13:50:41,360 - deformetrica.core.estimators.gradient_ascent - INFO - >> Step size and gradient norm: 
2021-08-10 13:50:41,362 - deformetrica.core.estimators.gradient_ascent - INFO - 		2.303E-05   and   1.184E+05 	[ landmark_points ]
2021-08-10 13:50:41,364 - deformetrica.core.estimators.gradient_ascent - INFO - 		6.640E-05   and   5.072E+04 	[ momenta ]
2021-08-10 13:50:41,852 - deformetrica.core.estimators.gradient_ascent - INFO - ------------------------------------- Iteration: 34 -------------------------------------
2021-08-10 13:50:41,853 - deformetrica.core.estimators.gradient_ascent - INFO - >> Log-likelihood = -2.190E+06 	 [ attachment = -2.178E+06 ; regularity = -1.196E+04 ]
2021-08-10 13:50:42,590 - deformetrica.core.estimators.gradient_ascent - INFO - >> Step size and gradient norm: 
2021-08-10 13:50:42,591 - deformetrica.core.estimators.gradient_ascent - INFO - 		3.454E-05   and   1.432E+05 	[ landmark_points ]
2021-08-10 13:50:42,594 - deformetrica.core.estimators.gradient_ascent - INFO - 		9.960E-05   and   5.582E+04 	[ momenta ]
2021-08-10 13:50:43,977 - deformetrica.core.estimators.gradient_ascent - INFO - >> Step size and gradient norm: 
2021-08-10 13:50:43,979 - deformetrica.core.estimators.gradient_ascent - INFO - 		1.727E-05   and   1.432E+05 	[ landmark_points ]
2021-08-10 13:50:43,981 - deformetrica.core.estimators.gradient_ascent - INFO - 		4.980E-05   and   5.582E+04 	[ momenta ]
2021-08-10 13:50:44,443 - deformetrica.core.estimators.gradient_ascent - INFO - ------------------------------------- Iteration: 35 -------------------------------------
2021-08-10 13:50:44,445 - deformetrica.core.estimators.gradient_ascent - INFO - >> Log-likelihood = -2.116E+06 	 [ attachment = -2.104E+06 ; regularity = -1.207E+04 ]
2021-08-10 13:50:45,189 - deformetrica.core.estimators.gradient_ascent - INFO - >> Step size and gradient norm: 
2021-08-10 13:50:45,190 - deformetrica.core.estimators.gradient_ascent - INFO - 		2.591E-05   and   9.278E+04 	[ landmark_points ]
2021-08-10 13:50:45,191 - deformetrica.core.estimators.gradient_ascent - INFO - 		7.470E-05   and   3.873E+04 	[ momenta ]
2021-08-10 13:50:46,649 - deformetrica.core.estimators.gradient_ascent - INFO - ------------------------------------- Iteration: 36 -------------------------------------
2021-08-10 13:50:46,650 - deformetrica.core.estimators.gradient_ascent - INFO - >> Log-likelihood = -2.080E+06 	 [ attachment = -2.067E+06 ; regularity = -1.220E+04 ]
2021-08-10 13:50:47,907 - deformetrica.core.estimators.gradient_ascent - INFO - >> Step size and gradient norm: 
2021-08-10 13:50:47,909 - deformetrica.core.estimators.gradient_ascent - INFO - 		1.295E-05   and   7.575E+04 	[ landmark_points ]
2021-08-10 13:50:47,910 - deformetrica.core.estimators.gradient_ascent - INFO - 		7.470E-05   and   3.550E+04 	[ momenta ]
2021-08-10 13:50:48,613 - deformetrica.core.estimators.gradient_ascent - INFO - ------------------------------------- Iteration: 37 -------------------------------------
2021-08-10 13:50:48,614 - deformetrica.core.estimators.gradient_ascent - INFO - >> Log-likelihood = -2.047E+06 	 [ attachment = -2.035E+06 ; regularity = -1.236E+04 ]
2021-08-10 13:50:49,407 - deformetrica.core.estimators.gradient_ascent - INFO - >> Step size and gradient norm: 
2021-08-10 13:50:49,409 - deformetrica.core.estimators.gradient_ascent - INFO - 		1.943E-05   and   6.821E+04 	[ landmark_points ]
2021-08-10 13:50:49,410 - deformetrica.core.estimators.gradient_ascent - INFO - 		1.121E-04   and   3.337E+04 	[ momenta ]
2021-08-10 13:50:51,030 - deformetrica.core.estimators.gradient_ascent - INFO - ------------------------------------- Iteration: 38 -------------------------------------
2021-08-10 13:50:51,032 - deformetrica.core.estimators.gradient_ascent - INFO - >> Log-likelihood = -2.019E+06 	 [ attachment = -2.006E+06 ; regularity = -1.246E+04 ]
2021-08-10 13:50:52,078 - deformetrica.core.estimators.gradient_ascent - INFO - >> Step size and gradient norm: 
2021-08-10 13:50:52,080 - deformetrica.core.estimators.gradient_ascent - INFO - 		1.943E-05   and   6.313E+04 	[ landmark_points ]
2021-08-10 13:50:52,082 - deformetrica.core.estimators.gradient_ascent - INFO - 		5.603E-05   and   2.834E+04 	[ momenta ]
2021-08-10 13:50:52,579 - deformetrica.core.estimators.gradient_ascent - INFO - ------------------------------------- Iteration: 39 -------------------------------------
2021-08-10 13:50:52,580 - deformetrica.core.estimators.gradient_ascent - INFO - >> Log-likelihood = -1.992E+06 	 [ attachment = -1.979E+06 ; regularity = -1.258E+04 ]
2021-08-10 13:50:53,592 - deformetrica.core.estimators.gradient_ascent - INFO - >> Step size and gradient norm: 
2021-08-10 13:50:53,593 - deformetrica.core.estimators.gradient_ascent - INFO - 		2.915E-05   and   5.667E+04 	[ landmark_points ]
2021-08-10 13:50:53,594 - deformetrica.core.estimators.gradient_ascent - INFO - 		8.404E-05   and   2.669E+04 	[ momenta ]
2021-08-10 13:50:54,050 - deformetrica.core.estimators.gradient_ascent - INFO - ------------------------------------- Iteration: 40 -------------------------------------
2021-08-10 13:50:54,051 - deformetrica.core.estimators.gradient_ascent - INFO - >> Log-likelihood = -1.982E+06 	 [ attachment = -1.969E+06 ; regularity = -1.273E+04 ]
2021-08-10 13:50:54,895 - deformetrica.core.estimators.gradient_ascent - INFO - >> Step size and gradient norm: 
2021-08-10 13:50:54,897 - deformetrica.core.estimators.gradient_ascent - INFO - 		4.372E-05   and   9.767E+04 	[ landmark_points ]
2021-08-10 13:50:54,899 - deformetrica.core.estimators.gradient_ascent - INFO - 		1.261E-04   and   3.853E+04 	[ momenta ]
2021-08-10 13:50:56,899 - deformetrica.core.estimators.gradient_ascent - INFO - >> Step size and gradient norm: 
2021-08-10 13:50:56,901 - deformetrica.core.estimators.gradient_ascent - INFO - 		2.186E-05   and   9.767E+04 	[ landmark_points ]
2021-08-10 13:50:56,904 - deformetrica.core.estimators.gradient_ascent - INFO - 		6.303E-05   and   3.853E+04 	[ momenta ]
2021-08-10 13:50:57,551 - deformetrica.core.estimators.gradient_ascent - INFO - ------------------------------------- Iteration: 41 -------------------------------------
2021-08-10 13:50:57,553 - deformetrica.core.estimators.gradient_ascent - INFO - >> Log-likelihood = -1.964E+06 	 [ attachment = -1.951E+06 ; regularity = -1.286E+04 ]
2021-08-10 13:50:58,279 - deformetrica.core.estimators.gradient_ascent - INFO - >> Step size and gradient norm: 
2021-08-10 13:50:58,281 - deformetrica.core.estimators.gradient_ascent - INFO - 		3.279E-05   and   1.062E+05 	[ landmark_points ]
2021-08-10 13:50:58,283 - deformetrica.core.estimators.gradient_ascent - INFO - 		9.455E-05   and   4.253E+04 	[ momenta ]
2021-08-10 13:51:00,037 - deformetrica.core.estimators.gradient_ascent - INFO - >> Step size and gradient norm: 
2021-08-10 13:51:00,040 - deformetrica.core.estimators.gradient_ascent - INFO - 		1.640E-05   and   1.062E+05 	[ landmark_points ]
2021-08-10 13:51:00,041 - deformetrica.core.estimators.gradient_ascent - INFO - 		4.727E-05   and   4.253E+04 	[ momenta ]
2021-08-10 13:51:00,547 - deformetrica.core.estimators.gradient_ascent - INFO - ------------------------------------- Iteration: 42 -------------------------------------
2021-08-10 13:51:00,548 - deformetrica.core.estimators.gradient_ascent - INFO - >> Log-likelihood = -1.913E+06 	 [ attachment = -1.900E+06 ; regularity = -1.294E+04 ]
2021-08-10 13:51:01,406 - deformetrica.core.estimators.gradient_ascent - INFO - >> Step size and gradient norm: 
2021-08-10 13:51:01,407 - deformetrica.core.estimators.gradient_ascent - INFO - 		2.459E-05   and   6.472E+04 	[ landmark_points ]
2021-08-10 13:51:01,408 - deformetrica.core.estimators.gradient_ascent - INFO - 		7.091E-05   and   2.769E+04 	[ momenta ]
2021-08-10 13:51:01,923 - deformetrica.core.estimators.gradient_ascent - INFO - ------------------------------------- Iteration: 43 -------------------------------------
2021-08-10 13:51:01,925 - deformetrica.core.estimators.gradient_ascent - INFO - >> Log-likelihood = -1.895E+06 	 [ attachment = -1.882E+06 ; regularity = -1.308E+04 ]
2021-08-10 13:51:02,921 - deformetrica.core.estimators.gradient_ascent - INFO - >> Step size and gradient norm: 
2021-08-10 13:51:02,923 - deformetrica.core.estimators.gradient_ascent - INFO - 		3.689E-05   and   8.586E+04 	[ landmark_points ]
2021-08-10 13:51:02,925 - deformetrica.core.estimators.gradient_ascent - INFO - 		1.064E-04   and   3.478E+04 	[ momenta ]
2021-08-10 13:51:05,492 - deformetrica.core.estimators.gradient_ascent - INFO - >> Step size and gradient norm: 
2021-08-10 13:51:05,493 - deformetrica.core.estimators.gradient_ascent - INFO - 		1.844E-05   and   8.586E+04 	[ landmark_points ]
2021-08-10 13:51:05,494 - deformetrica.core.estimators.gradient_ascent - INFO - 		5.318E-05   and   3.478E+04 	[ momenta ]
2021-08-10 13:51:05,953 - deformetrica.core.estimators.gradient_ascent - INFO - ------------------------------------- Iteration: 44 -------------------------------------
2021-08-10 13:51:05,954 - deformetrica.core.estimators.gradient_ascent - INFO - >> Log-likelihood = -1.861E+06 	 [ attachment = -1.848E+06 ; regularity = -1.317E+04 ]
2021-08-10 13:51:06,719 - deformetrica.core.estimators.gradient_ascent - INFO - >> Step size and gradient norm: 
2021-08-10 13:51:06,721 - deformetrica.core.estimators.gradient_ascent - INFO - 		2.767E-05   and   6.925E+04 	[ landmark_points ]
2021-08-10 13:51:06,723 - deformetrica.core.estimators.gradient_ascent - INFO - 		7.977E-05   and   2.858E+04 	[ momenta ]
2021-08-10 13:51:07,242 - deformetrica.core.estimators.gradient_ascent - INFO - ------------------------------------- Iteration: 45 -------------------------------------
2021-08-10 13:51:07,244 - deformetrica.core.estimators.gradient_ascent - INFO - >> Log-likelihood = -1.856E+06 	 [ attachment = -1.843E+06 ; regularity = -1.332E+04 ]
2021-08-10 13:51:08,085 - deformetrica.core.estimators.gradient_ascent - INFO - >> Step size and gradient norm: 
2021-08-10 13:51:08,086 - deformetrica.core.estimators.gradient_ascent - INFO - 		4.150E-05   and   1.086E+05 	[ landmark_points ]
2021-08-10 13:51:08,087 - deformetrica.core.estimators.gradient_ascent - INFO - 		1.197E-04   and   4.200E+04 	[ momenta ]
2021-08-10 13:51:09,982 - deformetrica.core.estimators.gradient_ascent - INFO - >> Step size and gradient norm: 
2021-08-10 13:51:09,984 - deformetrica.core.estimators.gradient_ascent - INFO - 		2.075E-05   and   1.086E+05 	[ landmark_points ]
2021-08-10 13:51:09,985 - deformetrica.core.estimators.gradient_ascent - INFO - 		5.983E-05   and   4.200E+04 	[ momenta ]
2021-08-10 13:51:10,422 - deformetrica.core.estimators.gradient_ascent - INFO - ------------------------------------- Iteration: 46 -------------------------------------
2021-08-10 13:51:10,423 - deformetrica.core.estimators.gradient_ascent - INFO - >> Log-likelihood = -1.828E+06 	 [ attachment = -1.814E+06 ; regularity = -1.341E+04 ]
2021-08-10 13:51:11,110 - deformetrica.core.estimators.gradient_ascent - INFO - >> Step size and gradient norm: 
2021-08-10 13:51:11,112 - deformetrica.core.estimators.gradient_ascent - INFO - 		3.113E-05   and   1.084E+05 	[ landmark_points ]
2021-08-10 13:51:11,113 - deformetrica.core.estimators.gradient_ascent - INFO - 		8.974E-05   and   4.003E+04 	[ momenta ]
2021-08-10 13:51:12,378 - deformetrica.core.estimators.gradient_ascent - INFO - ------------------------------------- Iteration: 47 -------------------------------------
2021-08-10 13:51:12,380 - deformetrica.core.estimators.gradient_ascent - INFO - >> Log-likelihood = -1.813E+06 	 [ attachment = -1.799E+06 ; regularity = -1.360E+04 ]
2021-08-10 13:51:13,034 - deformetrica.core.estimators.gradient_ascent - INFO - >> Step size and gradient norm: 
2021-08-10 13:51:13,035 - deformetrica.core.estimators.gradient_ascent - INFO - 		1.556E-05   and   1.168E+05 	[ landmark_points ]
2021-08-10 13:51:13,037 - deformetrica.core.estimators.gradient_ascent - INFO - 		8.974E-05   and   4.990E+04 	[ momenta ]
2021-08-10 13:51:13,462 - deformetrica.core.estimators.gradient_ascent - INFO - ------------------------------------- Iteration: 48 -------------------------------------
2021-08-10 13:51:13,463 - deformetrica.core.estimators.gradient_ascent - INFO - >> Log-likelihood = -1.810E+06 	 [ attachment = -1.797E+06 ; regularity = -1.372E+04 ]
2021-08-10 13:51:14,180 - deformetrica.core.estimators.gradient_ascent - INFO - >> Step size and gradient norm: 
2021-08-10 13:51:14,181 - deformetrica.core.estimators.gradient_ascent - INFO - 		2.334E-05   and   1.390E+05 	[ landmark_points ]
2021-08-10 13:51:14,182 - deformetrica.core.estimators.gradient_ascent - INFO - 		1.346E-04   and   5.879E+04 	[ momenta ]
2021-08-10 13:51:15,546 - deformetrica.core.estimators.gradient_ascent - INFO - >> Step size and gradient norm: 
2021-08-10 13:51:15,548 - deformetrica.core.estimators.gradient_ascent - INFO - 		1.167E-05   and   1.390E+05 	[ landmark_points ]
2021-08-10 13:51:15,549 - deformetrica.core.estimators.gradient_ascent - INFO - 		6.731E-05   and   5.879E+04 	[ momenta ]
2021-08-10 13:51:16,021 - deformetrica.core.estimators.gradient_ascent - INFO - ------------------------------------- Iteration: 49 -------------------------------------
2021-08-10 13:51:16,023 - deformetrica.core.estimators.gradient_ascent - INFO - >> Log-likelihood = -1.731E+06 	 [ attachment = -1.717E+06 ; regularity = -1.384E+04 ]
2021-08-10 13:51:16,826 - deformetrica.core.estimators.gradient_ascent - INFO - >> Step size and gradient norm: 
2021-08-10 13:51:16,827 - deformetrica.core.estimators.gradient_ascent - INFO - 		1.751E-05   and   9.159E+04 	[ landmark_points ]
2021-08-10 13:51:16,829 - deformetrica.core.estimators.gradient_ascent - INFO - 		1.010E-04   and   4.216E+04 	[ momenta ]
2021-08-10 13:51:19,585 - deformetrica.core.estimators.gradient_ascent - INFO - ------------------------------------- Iteration: 50 -------------------------------------
2021-08-10 13:51:19,586 - deformetrica.core.estimators.gradient_ascent - INFO - >> Log-likelihood = -1.686E+06 	 [ attachment = -1.673E+06 ; regularity = -1.391E+04 ]
2021-08-10 13:51:20,745 - deformetrica.core.estimators.gradient_ascent - INFO - >> Step size and gradient norm: 
2021-08-10 13:51:20,746 - deformetrica.core.estimators.gradient_ascent - INFO - 		1.751E-05   and   6.894E+04 	[ landmark_points ]
2021-08-10 13:51:20,748 - deformetrica.core.estimators.gradient_ascent - INFO - 		5.048E-05   and   2.887E+04 	[ momenta ]
2021-08-10 13:51:21,376 - deformetrica.core.estimators.gradient_ascent - INFO - ------------------------------------- Iteration: 51 -------------------------------------
2021-08-10 13:51:21,377 - deformetrica.core.estimators.gradient_ascent - INFO - >> Log-likelihood = -1.654E+06 	 [ attachment = -1.640E+06 ; regularity = -1.400E+04 ]
2021-08-10 13:51:22,050 - deformetrica.core.estimators.gradient_ascent - INFO - >> Step size and gradient norm: 
2021-08-10 13:51:22,051 - deformetrica.core.estimators.gradient_ascent - INFO - 		2.626E-05   and   5.063E+04 	[ landmark_points ]
2021-08-10 13:51:22,052 - deformetrica.core.estimators.gradient_ascent - INFO - 		7.572E-05   and   2.443E+04 	[ momenta ]
2021-08-10 13:51:22,455 - deformetrica.core.estimators.gradient_ascent - INFO - ------------------------------------- Iteration: 52 -------------------------------------
2021-08-10 13:51:22,456 - deformetrica.core.estimators.gradient_ascent - INFO - >> Log-likelihood = -1.635E+06 	 [ attachment = -1.621E+06 ; regularity = -1.412E+04 ]
2021-08-10 13:51:23,382 - deformetrica.core.estimators.gradient_ascent - INFO - >> Step size and gradient norm: 
2021-08-10 13:51:23,384 - deformetrica.core.estimators.gradient_ascent - INFO - 		3.939E-05   and   7.423E+04 	[ landmark_points ]
2021-08-10 13:51:23,385 - deformetrica.core.estimators.gradient_ascent - INFO - 		1.136E-04   and   2.977E+04 	[ momenta ]
2021-08-10 13:51:25,079 - deformetrica.core.estimators.gradient_ascent - INFO - >> Step size and gradient norm: 
2021-08-10 13:51:25,082 - deformetrica.core.estimators.gradient_ascent - INFO - 		1.970E-05   and   7.423E+04 	[ landmark_points ]
2021-08-10 13:51:25,084 - deformetrica.core.estimators.gradient_ascent - INFO - 		5.679E-05   and   2.977E+04 	[ momenta ]
2021-08-10 13:51:25,633 - deformetrica.core.estimators.gradient_ascent - INFO - ------------------------------------- Iteration: 53 -------------------------------------
2021-08-10 13:51:25,634 - deformetrica.core.estimators.gradient_ascent - INFO - >> Log-likelihood = -1.608E+06 	 [ attachment = -1.593E+06 ; regularity = -1.423E+04 ]
2021-08-10 13:51:26,421 - deformetrica.core.estimators.gradient_ascent - INFO - >> Step size and gradient norm: 
2021-08-10 13:51:26,423 - deformetrica.core.estimators.gradient_ascent - INFO - 		2.955E-05   and   6.856E+04 	[ landmark_points ]
2021-08-10 13:51:26,428 - deformetrica.core.estimators.gradient_ascent - INFO - 		8.519E-05   and   2.925E+04 	[ momenta ]
2021-08-10 13:51:28,578 - deformetrica.core.estimators.gradient_ascent - INFO - ------------------------------------- Iteration: 54 -------------------------------------
2021-08-10 13:51:28,579 - deformetrica.core.estimators.gradient_ascent - INFO - >> Log-likelihood = -1.579E+06 	 [ attachment = -1.565E+06 ; regularity = -1.436E+04 ]
2021-08-10 13:51:30,302 - deformetrica.core.estimators.gradient_ascent - INFO - >> Step size and gradient norm: 
2021-08-10 13:51:30,304 - deformetrica.core.estimators.gradient_ascent - INFO - 		1.477E-05   and   7.120E+04 	[ landmark_points ]
2021-08-10 13:51:30,310 - deformetrica.core.estimators.gradient_ascent - INFO - 		8.519E-05   and   3.146E+04 	[ momenta ]
2021-08-10 13:51:31,425 - deformetrica.core.estimators.gradient_ascent - INFO - ------------------------------------- Iteration: 55 -------------------------------------
2021-08-10 13:51:31,426 - deformetrica.core.estimators.gradient_ascent - INFO - >> Log-likelihood = -1.553E+06 	 [ attachment = -1.538E+06 ; regularity = -1.451E+04 ]
2021-08-10 13:51:33,159 - deformetrica.core.estimators.gradient_ascent - INFO - >> Step size and gradient norm: 
2021-08-10 13:51:33,160 - deformetrica.core.estimators.gradient_ascent - INFO - 		2.216E-05   and   7.781E+04 	[ landmark_points ]
2021-08-10 13:51:33,162 - deformetrica.core.estimators.gradient_ascent - INFO - 		1.278E-04   and   3.588E+04 	[ momenta ]
2021-08-10 13:51:37,262 - deformetrica.core.estimators.gradient_ascent - INFO - ------------------------------------- Iteration: 56 -------------------------------------
2021-08-10 13:51:37,264 - deformetrica.core.estimators.gradient_ascent - INFO - >> Log-likelihood = -1.533E+06 	 [ attachment = -1.518E+06 ; regularity = -1.461E+04 ]
2021-08-10 13:51:38,222 - deformetrica.core.estimators.gradient_ascent - INFO - >> Step size and gradient norm: 
2021-08-10 13:51:38,224 - deformetrica.core.estimators.gradient_ascent - INFO - 		2.216E-05   and   9.482E+04 	[ landmark_points ]
2021-08-10 13:51:38,226 - deformetrica.core.estimators.gradient_ascent - INFO - 		6.389E-05   and   3.669E+04 	[ momenta ]
2021-08-10 13:51:39,016 - deformetrica.core.estimators.gradient_ascent - INFO - ------------------------------------- Iteration: 57 -------------------------------------
2021-08-10 13:51:39,025 - deformetrica.core.estimators.gradient_ascent - INFO - >> Log-likelihood = -1.518E+06 	 [ attachment = -1.503E+06 ; regularity = -1.473E+04 ]
2021-08-10 13:51:39,935 - deformetrica.core.estimators.gradient_ascent - INFO - >> Step size and gradient norm: 
2021-08-10 13:51:39,937 - deformetrica.core.estimators.gradient_ascent - INFO - 		3.324E-05   and   1.110E+05 	[ landmark_points ]
2021-08-10 13:51:39,938 - deformetrica.core.estimators.gradient_ascent - INFO - 		9.584E-05   and   4.263E+04 	[ momenta ]
2021-08-10 13:51:41,653 - deformetrica.core.estimators.gradient_ascent - INFO - >> Step size and gradient norm: 
2021-08-10 13:51:41,655 - deformetrica.core.estimators.gradient_ascent - INFO - 		1.662E-05   and   1.110E+05 	[ landmark_points ]
2021-08-10 13:51:41,656 - deformetrica.core.estimators.gradient_ascent - INFO - 		4.792E-05   and   4.263E+04 	[ momenta ]
2021-08-10 13:51:42,162 - deformetrica.core.estimators.gradient_ascent - INFO - ------------------------------------- Iteration: 58 -------------------------------------
2021-08-10 13:51:42,163 - deformetrica.core.estimators.gradient_ascent - INFO - >> Log-likelihood = -1.469E+06 	 [ attachment = -1.454E+06 ; regularity = -1.480E+04 ]
2021-08-10 13:51:43,222 - deformetrica.core.estimators.gradient_ascent - INFO - >> Step size and gradient norm: 
2021-08-10 13:51:43,223 - deformetrica.core.estimators.gradient_ascent - INFO - 		2.493E-05   and   7.546E+04 	[ landmark_points ]
2021-08-10 13:51:43,250 - deformetrica.core.estimators.gradient_ascent - INFO - 		7.188E-05   and   2.887E+04 	[ momenta ]
2021-08-10 13:51:43,904 - deformetrica.core.estimators.gradient_ascent - INFO - ------------------------------------- Iteration: 59 -------------------------------------
2021-08-10 13:51:43,907 - deformetrica.core.estimators.gradient_ascent - INFO - >> Log-likelihood = -1.460E+06 	 [ attachment = -1.445E+06 ; regularity = -1.493E+04 ]
2021-08-10 13:51:44,842 - deformetrica.core.estimators.gradient_ascent - INFO - >> Step size and gradient norm: 
2021-08-10 13:51:44,843 - deformetrica.core.estimators.gradient_ascent - INFO - 		3.739E-05   and   1.103E+05 	[ landmark_points ]
2021-08-10 13:51:44,844 - deformetrica.core.estimators.gradient_ascent - INFO - 		1.078E-04   and   3.941E+04 	[ momenta ]
2021-08-10 13:51:46,350 - deformetrica.core.estimators.gradient_ascent - INFO - >> Step size and gradient norm: 
2021-08-10 13:51:46,351 - deformetrica.core.estimators.gradient_ascent - INFO - 		1.870E-05   and   1.103E+05 	[ landmark_points ]
2021-08-10 13:51:46,352 - deformetrica.core.estimators.gradient_ascent - INFO - 		5.391E-05   and   3.941E+04 	[ momenta ]
2021-08-10 13:51:46,913 - deformetrica.core.estimators.gradient_ascent - INFO - ------------------------------------- Iteration: 60 -------------------------------------
2021-08-10 13:51:46,914 - deformetrica.core.estimators.gradient_ascent - INFO - >> Log-likelihood = -1.428E+06 	 [ attachment = -1.413E+06 ; regularity = -1.502E+04 ]
2021-08-10 13:51:47,814 - deformetrica.core.estimators.gradient_ascent - INFO - >> Step size and gradient norm: 
2021-08-10 13:51:47,816 - deformetrica.core.estimators.gradient_ascent - INFO - 		2.804E-05   and   9.925E+04 	[ landmark_points ]
2021-08-10 13:51:47,818 - deformetrica.core.estimators.gradient_ascent - INFO - 		8.086E-05   and   3.330E+04 	[ momenta ]
2021-08-10 13:51:49,149 - deformetrica.core.estimators.gradient_ascent - INFO - ------------------------------------- Iteration: 61 -------------------------------------
2021-08-10 13:51:49,150 - deformetrica.core.estimators.gradient_ascent - INFO - >> Log-likelihood = -1.398E+06 	 [ attachment = -1.383E+06 ; regularity = -1.516E+04 ]
2021-08-10 13:51:49,779 - deformetrica.core.estimators.gradient_ascent - INFO - >> Step size and gradient norm: 
2021-08-10 13:51:49,780 - deformetrica.core.estimators.gradient_ascent - INFO - 		1.402E-05   and   8.993E+04 	[ landmark_points ]
2021-08-10 13:51:49,782 - deformetrica.core.estimators.gradient_ascent - INFO - 		8.086E-05   and   3.596E+04 	[ momenta ]
2021-08-10 13:51:50,167 - deformetrica.core.estimators.gradient_ascent - INFO - ------------------------------------- Iteration: 62 -------------------------------------
2021-08-10 13:51:50,170 - deformetrica.core.estimators.gradient_ascent - INFO - >> Log-likelihood = -1.371E+06 	 [ attachment = -1.356E+06 ; regularity = -1.529E+04 ]
2021-08-10 13:51:50,826 - deformetrica.core.estimators.gradient_ascent - INFO - >> Step size and gradient norm: 
2021-08-10 13:51:50,828 - deformetrica.core.estimators.gradient_ascent - INFO - 		2.103E-05   and   9.439E+04 	[ landmark_points ]
2021-08-10 13:51:50,830 - deformetrica.core.estimators.gradient_ascent - INFO - 		1.213E-04   and   3.635E+04 	[ momenta ]
2021-08-10 13:51:51,990 - deformetrica.core.estimators.gradient_ascent - INFO - ------------------------------------- Iteration: 63 -------------------------------------
2021-08-10 13:51:51,991 - deformetrica.core.estimators.gradient_ascent - INFO - >> Log-likelihood = -1.355E+06 	 [ attachment = -1.340E+06 ; regularity = -1.540E+04 ]
2021-08-10 13:51:52,749 - deformetrica.core.estimators.gradient_ascent - INFO - >> Step size and gradient norm: 
2021-08-10 13:51:52,750 - deformetrica.core.estimators.gradient_ascent - INFO - 		2.103E-05   and   1.135E+05 	[ landmark_points ]
2021-08-10 13:51:52,751 - deformetrica.core.estimators.gradient_ascent - INFO - 		6.065E-05   and   3.894E+04 	[ momenta ]
2021-08-10 13:51:53,166 - deformetrica.core.estimators.gradient_ascent - INFO - ------------------------------------- Iteration: 64 -------------------------------------
2021-08-10 13:51:53,168 - deformetrica.core.estimators.gradient_ascent - INFO - >> Log-likelihood = -1.345E+06 	 [ attachment = -1.330E+06 ; regularity = -1.550E+04 ]
2021-08-10 13:51:53,837 - deformetrica.core.estimators.gradient_ascent - INFO - >> Step size and gradient norm: 
2021-08-10 13:51:53,838 - deformetrica.core.estimators.gradient_ascent - INFO - 		3.155E-05   and   1.345E+05 	[ landmark_points ]
2021-08-10 13:51:53,840 - deformetrica.core.estimators.gradient_ascent - INFO - 		9.097E-05   and   4.093E+04 	[ momenta ]
2021-08-10 13:51:55,008 - deformetrica.core.estimators.gradient_ascent - INFO - >> Step size and gradient norm: 
2021-08-10 13:51:55,009 - deformetrica.core.estimators.gradient_ascent - INFO - 		1.578E-05   and   1.345E+05 	[ landmark_points ]
2021-08-10 13:51:55,037 - deformetrica.core.estimators.gradient_ascent - INFO - 		4.548E-05   and   4.093E+04 	[ momenta ]
2021-08-10 13:51:55,624 - deformetrica.core.estimators.gradient_ascent - INFO - ------------------------------------- Iteration: 65 -------------------------------------
2021-08-10 13:51:55,625 - deformetrica.core.estimators.gradient_ascent - INFO - >> Log-likelihood = -1.299E+06 	 [ attachment = -1.283E+06 ; regularity = -1.557E+04 ]
2021-08-10 13:51:56,298 - deformetrica.core.estimators.gradient_ascent - INFO - >> Step size and gradient norm: 
2021-08-10 13:51:56,299 - deformetrica.core.estimators.gradient_ascent - INFO - 		2.366E-05   and   9.077E+04 	[ landmark_points ]
2021-08-10 13:51:56,301 - deformetrica.core.estimators.gradient_ascent - INFO - 		6.823E-05   and   2.934E+04 	[ momenta ]
2021-08-10 13:51:57,555 - deformetrica.core.estimators.gradient_ascent - INFO - ------------------------------------- Iteration: 66 -------------------------------------
2021-08-10 13:51:57,556 - deformetrica.core.estimators.gradient_ascent - INFO - >> Log-likelihood = -1.266E+06 	 [ attachment = -1.250E+06 ; regularity = -1.569E+04 ]
2021-08-10 13:51:58,197 - deformetrica.core.estimators.gradient_ascent - INFO - >> Step size and gradient norm: 
2021-08-10 13:51:58,198 - deformetrica.core.estimators.gradient_ascent - INFO - 		1.183E-05   and   6.092E+04 	[ landmark_points ]
2021-08-10 13:51:58,200 - deformetrica.core.estimators.gradient_ascent - INFO - 		6.823E-05   and   2.382E+04 	[ momenta ]
2021-08-10 13:51:58,601 - deformetrica.core.estimators.gradient_ascent - INFO - ------------------------------------- Iteration: 67 -------------------------------------
2021-08-10 13:51:58,603 - deformetrica.core.estimators.gradient_ascent - INFO - >> Log-likelihood = -1.243E+06 	 [ attachment = -1.227E+06 ; regularity = -1.580E+04 ]
2021-08-10 13:51:59,249 - deformetrica.core.estimators.gradient_ascent - INFO - >> Step size and gradient norm: 
2021-08-10 13:51:59,250 - deformetrica.core.estimators.gradient_ascent - INFO - 		1.775E-05   and   4.819E+04 	[ landmark_points ]
2021-08-10 13:51:59,253 - deformetrica.core.estimators.gradient_ascent - INFO - 		1.023E-04   and   2.086E+04 	[ momenta ]
2021-08-10 13:51:59,629 - deformetrica.core.estimators.gradient_ascent - INFO - ------------------------------------- Iteration: 68 -------------------------------------
2021-08-10 13:51:59,630 - deformetrica.core.estimators.gradient_ascent - INFO - >> Log-likelihood = -1.225E+06 	 [ attachment = -1.209E+06 ; regularity = -1.597E+04 ]
2021-08-10 13:52:00,261 - deformetrica.core.estimators.gradient_ascent - INFO - >> Step size and gradient norm: 
2021-08-10 13:52:00,270 - deformetrica.core.estimators.gradient_ascent - INFO - 		2.662E-05   and   7.300E+04 	[ landmark_points ]
2021-08-10 13:52:00,275 - deformetrica.core.estimators.gradient_ascent - INFO - 		1.535E-04   and   2.716E+04 	[ momenta ]
2021-08-10 13:52:01,464 - deformetrica.core.estimators.gradient_ascent - INFO - >> Step size and gradient norm: 
2021-08-10 13:52:01,465 - deformetrica.core.estimators.gradient_ascent - INFO - 		1.331E-05   and   7.300E+04 	[ landmark_points ]
2021-08-10 13:52:01,466 - deformetrica.core.estimators.gradient_ascent - INFO - 		7.675E-05   and   2.716E+04 	[ momenta ]
2021-08-10 13:52:01,954 - deformetrica.core.estimators.gradient_ascent - INFO - ------------------------------------- Iteration: 69 -------------------------------------
2021-08-10 13:52:01,955 - deformetrica.core.estimators.gradient_ascent - INFO - >> Log-likelihood = -1.206E+06 	 [ attachment = -1.190E+06 ; regularity = -1.608E+04 ]
2021-08-10 13:52:02,648 - deformetrica.core.estimators.gradient_ascent - INFO - >> Step size and gradient norm: 
2021-08-10 13:52:02,650 - deformetrica.core.estimators.gradient_ascent - INFO - 		1.997E-05   and   7.624E+04 	[ landmark_points ]
2021-08-10 13:52:02,652 - deformetrica.core.estimators.gradient_ascent - INFO - 		1.151E-04   and   2.782E+04 	[ momenta ]
2021-08-10 13:52:04,023 - deformetrica.core.estimators.gradient_ascent - INFO - ------------------------------------- Iteration: 70 -------------------------------------
2021-08-10 13:52:04,025 - deformetrica.core.estimators.gradient_ascent - INFO - >> Log-likelihood = -1.197E+06 	 [ attachment = -1.181E+06 ; regularity = -1.617E+04 ]
2021-08-10 13:52:04,708 - deformetrica.core.estimators.gradient_ascent - INFO - >> Step size and gradient norm: 
2021-08-10 13:52:04,709 - deformetrica.core.estimators.gradient_ascent - INFO - 		1.997E-05   and   9.577E+04 	[ landmark_points ]
2021-08-10 13:52:04,711 - deformetrica.core.estimators.gradient_ascent - INFO - 		5.757E-05   and   2.814E+04 	[ momenta ]
2021-08-10 13:52:05,123 - deformetrica.core.estimators.gradient_ascent - INFO - ------------------------------------- Iteration: 71 -------------------------------------
2021-08-10 13:52:05,124 - deformetrica.core.estimators.gradient_ascent - INFO - >> Log-likelihood = -1.194E+06 	 [ attachment = -1.178E+06 ; regularity = -1.624E+04 ]
2021-08-10 13:52:05,816 - deformetrica.core.estimators.gradient_ascent - INFO - >> Step size and gradient norm: 
2021-08-10 13:52:05,818 - deformetrica.core.estimators.gradient_ascent - INFO - 		2.995E-05   and   1.309E+05 	[ landmark_points ]
2021-08-10 13:52:05,847 - deformetrica.core.estimators.gradient_ascent - INFO - 		8.635E-05   and   3.335E+04 	[ momenta ]
2021-08-10 13:52:07,157 - deformetrica.core.estimators.gradient_ascent - INFO - >> Step size and gradient norm: 
2021-08-10 13:52:07,159 - deformetrica.core.estimators.gradient_ascent - INFO - 		1.497E-05   and   1.309E+05 	[ landmark_points ]
2021-08-10 13:52:07,160 - deformetrica.core.estimators.gradient_ascent - INFO - 		4.317E-05   and   3.335E+04 	[ momenta ]
2021-08-10 13:52:07,566 - deformetrica.core.estimators.gradient_ascent - INFO - ------------------------------------- Iteration: 72 -------------------------------------
2021-08-10 13:52:07,567 - deformetrica.core.estimators.gradient_ascent - INFO - >> Log-likelihood = -1.169E+06 	 [ attachment = -1.153E+06 ; regularity = -1.632E+04 ]
2021-08-10 13:52:08,212 - deformetrica.core.estimators.gradient_ascent - INFO - >> Step size and gradient norm: 
2021-08-10 13:52:08,214 - deformetrica.core.estimators.gradient_ascent - INFO - 		2.246E-05   and   1.028E+05 	[ landmark_points ]
2021-08-10 13:52:08,216 - deformetrica.core.estimators.gradient_ascent - INFO - 		6.476E-05   and   2.581E+04 	[ momenta ]
2021-08-10 13:52:09,395 - deformetrica.core.estimators.gradient_ascent - INFO - ------------------------------------- Iteration: 73 -------------------------------------
2021-08-10 13:52:09,396 - deformetrica.core.estimators.gradient_ascent - INFO - >> Log-likelihood = -1.144E+06 	 [ attachment = -1.128E+06 ; regularity = -1.639E+04 ]
2021-08-10 13:52:10,041 - deformetrica.core.estimators.gradient_ascent - INFO - >> Step size and gradient norm: 
2021-08-10 13:52:10,043 - deformetrica.core.estimators.gradient_ascent - INFO - 		1.123E-05   and   7.469E+04 	[ landmark_points ]
2021-08-10 13:52:10,045 - deformetrica.core.estimators.gradient_ascent - INFO - 		6.476E-05   and   2.227E+04 	[ momenta ]
2021-08-10 13:52:10,486 - deformetrica.core.estimators.gradient_ascent - INFO - ------------------------------------- Iteration: 74 -------------------------------------
2021-08-10 13:52:10,487 - deformetrica.core.estimators.gradient_ascent - INFO - >> Log-likelihood = -1.126E+06 	 [ attachment = -1.109E+06 ; regularity = -1.649E+04 ]
2021-08-10 13:52:11,131 - deformetrica.core.estimators.gradient_ascent - INFO - >> Step size and gradient norm: 
2021-08-10 13:52:11,132 - deformetrica.core.estimators.gradient_ascent - INFO - 		1.685E-05   and   5.982E+04 	[ landmark_points ]
2021-08-10 13:52:11,133 - deformetrica.core.estimators.gradient_ascent - INFO - 		9.714E-05   and   1.871E+04 	[ momenta ]
2021-08-10 13:52:11,564 - deformetrica.core.estimators.gradient_ascent - INFO - ------------------------------------- Iteration: 75 -------------------------------------
2021-08-10 13:52:11,566 - deformetrica.core.estimators.gradient_ascent - INFO - >> Log-likelihood = -1.117E+06 	 [ attachment = -1.101E+06 ; regularity = -1.662E+04 ]
2021-08-10 13:52:12,187 - deformetrica.core.estimators.gradient_ascent - INFO - >> Step size and gradient norm: 
2021-08-10 13:52:12,188 - deformetrica.core.estimators.gradient_ascent - INFO - 		2.527E-05   and   1.016E+05 	[ landmark_points ]
2021-08-10 13:52:12,191 - deformetrica.core.estimators.gradient_ascent - INFO - 		1.457E-04   and   2.632E+04 	[ momenta ]
2021-08-10 13:52:13,611 - deformetrica.core.estimators.gradient_ascent - INFO - >> Step size and gradient norm: 
2021-08-10 13:52:13,613 - deformetrica.core.estimators.gradient_ascent - INFO - 		1.263E-05   and   1.016E+05 	[ landmark_points ]
2021-08-10 13:52:13,615 - deformetrica.core.estimators.gradient_ascent - INFO - 		7.286E-05   and   2.632E+04 	[ momenta ]
2021-08-10 13:52:14,031 - deformetrica.core.estimators.gradient_ascent - INFO - ------------------------------------- Iteration: 76 -------------------------------------
2021-08-10 13:52:14,032 - deformetrica.core.estimators.gradient_ascent - INFO - >> Log-likelihood = -1.104E+06 	 [ attachment = -1.087E+06 ; regularity = -1.674E+04 ]
2021-08-10 13:52:14,814 - deformetrica.core.estimators.gradient_ascent - INFO - >> Step size and gradient norm: 
2021-08-10 13:52:14,815 - deformetrica.core.estimators.gradient_ascent - INFO - 		1.895E-05   and   1.028E+05 	[ landmark_points ]
2021-08-10 13:52:14,817 - deformetrica.core.estimators.gradient_ascent - INFO - 		1.093E-04   and   2.649E+04 	[ momenta ]
2021-08-10 13:52:16,255 - deformetrica.core.estimators.gradient_ascent - INFO - ------------------------------------- Iteration: 77 -------------------------------------
2021-08-10 13:52:16,256 - deformetrica.core.estimators.gradient_ascent - INFO - >> Log-likelihood = -1.094E+06 	 [ attachment = -1.078E+06 ; regularity = -1.685E+04 ]
2021-08-10 13:52:17,030 - deformetrica.core.estimators.gradient_ascent - INFO - >> Step size and gradient norm: 
2021-08-10 13:52:17,032 - deformetrica.core.estimators.gradient_ascent - INFO - 		9.476E-06   and   1.160E+05 	[ landmark_points ]
2021-08-10 13:52:17,033 - deformetrica.core.estimators.gradient_ascent - INFO - 		1.093E-04   and   3.336E+04 	[ momenta ]
2021-08-10 13:52:18,265 - deformetrica.core.estimators.gradient_ascent - INFO - ------------------------------------- Iteration: 78 -------------------------------------
2021-08-10 13:52:18,266 - deformetrica.core.estimators.gradient_ascent - INFO - >> Log-likelihood = -1.058E+06 	 [ attachment = -1.041E+06 ; regularity = -1.693E+04 ]
2021-08-10 13:52:18,914 - deformetrica.core.estimators.gradient_ascent - INFO - >> Step size and gradient norm: 
2021-08-10 13:52:18,915 - deformetrica.core.estimators.gradient_ascent - INFO - 		9.476E-06   and   6.582E+04 	[ landmark_points ]
2021-08-10 13:52:18,916 - deformetrica.core.estimators.gradient_ascent - INFO - 		5.464E-05   and   1.895E+04 	[ momenta ]
2021-08-10 13:52:19,326 - deformetrica.core.estimators.gradient_ascent - INFO - ------------------------------------- Iteration: 79 -------------------------------------
2021-08-10 13:52:19,327 - deformetrica.core.estimators.gradient_ascent - INFO - >> Log-likelihood = -1.042E+06 	 [ attachment = -1.025E+06 ; regularity = -1.700E+04 ]
2021-08-10 13:52:19,954 - deformetrica.core.estimators.gradient_ascent - INFO - >> Step size and gradient norm: 
2021-08-10 13:52:19,955 - deformetrica.core.estimators.gradient_ascent - INFO - 		1.421E-05   and   3.607E+04 	[ landmark_points ]
2021-08-10 13:52:19,957 - deformetrica.core.estimators.gradient_ascent - INFO - 		8.196E-05   and   1.551E+04 	[ momenta ]
2021-08-10 13:52:20,518 - deformetrica.core.estimators.gradient_ascent - INFO - ------------------------------------- Iteration: 80 -------------------------------------
2021-08-10 13:52:20,519 - deformetrica.core.estimators.gradient_ascent - INFO - >> Log-likelihood = -1.025E+06 	 [ attachment = -1.008E+06 ; regularity = -1.712E+04 ]
2021-08-10 13:52:21,140 - deformetrica.core.estimators.gradient_ascent - INFO - >> Step size and gradient norm: 
2021-08-10 13:52:21,142 - deformetrica.core.estimators.gradient_ascent - INFO - 		2.132E-05   and   4.701E+04 	[ landmark_points ]
2021-08-10 13:52:21,143 - deformetrica.core.estimators.gradient_ascent - INFO - 		1.229E-04   and   1.602E+04 	[ momenta ]
2021-08-10 13:52:21,581 - deformetrica.core.estimators.gradient_ascent - INFO - ------------------------------------- Iteration: 81 -------------------------------------
2021-08-10 13:52:21,583 - deformetrica.core.estimators.gradient_ascent - INFO - >> Log-likelihood = -1.019E+06 	 [ attachment = -1.001E+06 ; regularity = -1.727E+04 ]
2021-08-10 13:52:22,540 - deformetrica.core.estimators.gradient_ascent - INFO - >> Step size and gradient norm: 
2021-08-10 13:52:22,541 - deformetrica.core.estimators.gradient_ascent - INFO - 		3.198E-05   and   1.088E+05 	[ landmark_points ]
2021-08-10 13:52:22,542 - deformetrica.core.estimators.gradient_ascent - INFO - 		1.844E-04   and   2.784E+04 	[ momenta ]
2021-08-10 13:52:23,914 - deformetrica.core.estimators.gradient_ascent - INFO - >> Step size and gradient norm: 
2021-08-10 13:52:23,915 - deformetrica.core.estimators.gradient_ascent - INFO - 		1.599E-05   and   1.088E+05 	[ landmark_points ]
2021-08-10 13:52:23,917 - deformetrica.core.estimators.gradient_ascent - INFO - 		9.221E-05   and   2.784E+04 	[ momenta ]
2021-08-10 13:52:25,434 - deformetrica.core.estimators.gradient_ascent - INFO - ------------------------------------- Iteration: 82 -------------------------------------
2021-08-10 13:52:25,435 - deformetrica.core.estimators.gradient_ascent - INFO - >> Log-likelihood = -9.974E+05 	 [ attachment = -9.800E+05 ; regularity = -1.741E+04 ]
2021-08-10 13:52:26,456 - deformetrica.core.estimators.gradient_ascent - INFO - >> Step size and gradient norm: 
2021-08-10 13:52:26,457 - deformetrica.core.estimators.gradient_ascent - INFO - 		7.995E-06   and   9.361E+04 	[ landmark_points ]
2021-08-10 13:52:26,461 - deformetrica.core.estimators.gradient_ascent - INFO - 		9.221E-05   and   2.734E+04 	[ momenta ]
2021-08-10 13:52:26,951 - deformetrica.core.estimators.gradient_ascent - INFO - ------------------------------------- Iteration: 83 -------------------------------------
2021-08-10 13:52:26,952 - deformetrica.core.estimators.gradient_ascent - INFO - >> Log-likelihood = -9.808E+05 	 [ attachment = -9.633E+05 ; regularity = -1.752E+04 ]
2021-08-10 13:52:27,854 - deformetrica.core.estimators.gradient_ascent - INFO - >> Step size and gradient norm: 
2021-08-10 13:52:27,856 - deformetrica.core.estimators.gradient_ascent - INFO - 		1.199E-05   and   8.581E+04 	[ landmark_points ]
2021-08-10 13:52:27,859 - deformetrica.core.estimators.gradient_ascent - INFO - 		1.383E-04   and   2.828E+04 	[ momenta ]
2021-08-10 13:52:29,398 - deformetrica.core.estimators.gradient_ascent - INFO - ------------------------------------- Iteration: 84 -------------------------------------
2021-08-10 13:52:29,400 - deformetrica.core.estimators.gradient_ascent - INFO - >> Log-likelihood = -9.640E+05 	 [ attachment = -9.464E+05 ; regularity = -1.761E+04 ]
2021-08-10 13:52:30,122 - deformetrica.core.estimators.gradient_ascent - INFO - >> Step size and gradient norm: 
2021-08-10 13:52:30,123 - deformetrica.core.estimators.gradient_ascent - INFO - 		1.199E-05   and   8.934E+04 	[ landmark_points ]
2021-08-10 13:52:30,125 - deformetrica.core.estimators.gradient_ascent - INFO - 		6.916E-05   and   2.444E+04 	[ momenta ]
2021-08-10 13:52:30,588 - deformetrica.core.estimators.gradient_ascent - INFO - ------------------------------------- Iteration: 85 -------------------------------------
2021-08-10 13:52:30,589 - deformetrica.core.estimators.gradient_ascent - INFO - >> Log-likelihood = -9.499E+05 	 [ attachment = -9.322E+05 ; regularity = -1.770E+04 ]
2021-08-10 13:52:31,356 - deformetrica.core.estimators.gradient_ascent - INFO - >> Step size and gradient norm: 
2021-08-10 13:52:31,357 - deformetrica.core.estimators.gradient_ascent - INFO - 		1.799E-05   and   8.667E+04 	[ landmark_points ]
2021-08-10 13:52:31,358 - deformetrica.core.estimators.gradient_ascent - INFO - 		1.037E-04   and   2.433E+04 	[ momenta ]
2021-08-10 13:52:32,748 - deformetrica.core.estimators.gradient_ascent - INFO - ------------------------------------- Iteration: 86 -------------------------------------
2021-08-10 13:52:32,749 - deformetrica.core.estimators.gradient_ascent - INFO - >> Log-likelihood = -9.402E+05 	 [ attachment = -9.223E+05 ; regularity = -1.784E+04 ]
2021-08-10 13:52:33,783 - deformetrica.core.estimators.gradient_ascent - INFO - >> Step size and gradient norm: 
2021-08-10 13:52:33,786 - deformetrica.core.estimators.gradient_ascent - INFO - 		8.995E-06   and   9.996E+04 	[ landmark_points ]
2021-08-10 13:52:33,790 - deformetrica.core.estimators.gradient_ascent - INFO - 		1.037E-04   and   2.906E+04 	[ momenta ]
2021-08-10 13:52:35,305 - deformetrica.core.estimators.gradient_ascent - INFO - ------------------------------------- Iteration: 87 -------------------------------------
2021-08-10 13:52:35,306 - deformetrica.core.estimators.gradient_ascent - INFO - >> Log-likelihood = -9.130E+05 	 [ attachment = -8.952E+05 ; regularity = -1.790E+04 ]
2021-08-10 13:52:36,320 - deformetrica.core.estimators.gradient_ascent - INFO - >> Step size and gradient norm: 
2021-08-10 13:52:36,322 - deformetrica.core.estimators.gradient_ascent - INFO - 		8.995E-06   and   5.628E+04 	[ landmark_points ]
2021-08-10 13:52:36,323 - deformetrica.core.estimators.gradient_ascent - INFO - 		5.187E-05   and   1.686E+04 	[ momenta ]
2021-08-10 13:52:36,837 - deformetrica.core.estimators.gradient_ascent - INFO - ------------------------------------- Iteration: 88 -------------------------------------
2021-08-10 13:52:36,838 - deformetrica.core.estimators.gradient_ascent - INFO - >> Log-likelihood = -9.033E+05 	 [ attachment = -8.853E+05 ; regularity = -1.796E+04 ]
2021-08-10 13:52:37,618 - deformetrica.core.estimators.gradient_ascent - INFO - >> Step size and gradient norm: 
2021-08-10 13:52:37,620 - deformetrica.core.estimators.gradient_ascent - INFO - 		1.349E-05   and   3.320E+04 	[ landmark_points ]
2021-08-10 13:52:37,621 - deformetrica.core.estimators.gradient_ascent - INFO - 		7.780E-05   and   1.247E+04 	[ momenta ]
2021-08-10 13:52:38,113 - deformetrica.core.estimators.gradient_ascent - INFO - ------------------------------------- Iteration: 89 -------------------------------------
2021-08-10 13:52:38,115 - deformetrica.core.estimators.gradient_ascent - INFO - >> Log-likelihood = -8.919E+05 	 [ attachment = -8.739E+05 ; regularity = -1.805E+04 ]
2021-08-10 13:52:40,145 - deformetrica.core.estimators.gradient_ascent - INFO - >> Step size and gradient norm: 
2021-08-10 13:52:40,148 - deformetrica.core.estimators.gradient_ascent - INFO - 		2.024E-05   and   4.111E+04 	[ landmark_points ]
2021-08-10 13:52:40,153 - deformetrica.core.estimators.gradient_ascent - INFO - 		1.167E-04   and   1.375E+04 	[ momenta ]
2021-08-10 13:52:41,017 - deformetrica.core.estimators.gradient_ascent - INFO - Tolerance threshold met. Stopping the optimization process.
2021-08-10 13:52:42,123 - root - INFO - >> Estimation took: 03 minutes and 14 seconds
