2021-08-03 14:01:24,831 - root - ERROR - Logger has been set to: INFO
2021-08-03 14:01:24,846 - root - INFO - OMP_NUM_THREADS was not found in environment variables. An automatic value will be set.
2021-08-03 14:01:24,850 - root - INFO - OMP_NUM_THREADS will be set to 2
2021-08-03 14:01:24,852 - root - INFO - >> No specified state-file. By default, Deformetrica state will by saved in file: output/deformetrica-state.p.
2021-08-03 14:01:24,856 - root - INFO - >> Removing the pre-existing state file with same path.
2021-08-03 14:01:24,886 - deformetrica.core.models.model_functions - INFO - >> Reading 200 initial control points from file images/mask_initial_control_points/mask_03_initial_control_points.txt.
2021-08-03 14:01:24,888 - deformetrica.core.models.model_functions - INFO - >> Momenta initialized to zero, for 5 subjects.
2021-08-03 14:01:24,890 - root - INFO - >> Started estimator: GradientAscent
2021-08-03 14:01:25,513 - deformetrica.core.estimators.gradient_ascent - INFO - ------------------------------------- Iteration: 0 -------------------------------------
2021-08-03 14:01:25,514 - deformetrica.core.estimators.gradient_ascent - INFO - >> Log-likelihood = -4.136E+04 	 [ attachment = -4.136E+04 ; regularity = 0.000E+00 ]
2021-08-03 14:01:25,515 - deformetrica.core.estimators.gradient_ascent - INFO - >> Step size and gradient norm: 
2021-08-03 14:01:25,517 - deformetrica.core.estimators.gradient_ascent - INFO - 		2.314E-04   and   4.322E+03 	[ landmark_points ]
2021-08-03 14:01:25,519 - deformetrica.core.estimators.gradient_ascent - INFO - 		5.662E-04   and   1.766E+03 	[ momenta ]
2021-08-03 14:01:25,871 - deformetrica.core.estimators.gradient_ascent - INFO - ------------------------------------- Iteration: 1 -------------------------------------
2021-08-03 14:01:25,872 - deformetrica.core.estimators.gradient_ascent - INFO - >> Log-likelihood = -3.942E+04 	 [ attachment = -3.942E+04 ; regularity = -6.235E+00 ]
2021-08-03 14:01:26,546 - deformetrica.core.estimators.gradient_ascent - INFO - >> Step size and gradient norm: 
2021-08-03 14:01:26,547 - deformetrica.core.estimators.gradient_ascent - INFO - 		3.470E-04   and   3.951E+03 	[ landmark_points ]
2021-08-03 14:01:26,548 - deformetrica.core.estimators.gradient_ascent - INFO - 		8.493E-04   and   1.586E+03 	[ momenta ]
2021-08-03 14:01:26,867 - deformetrica.core.estimators.gradient_ascent - INFO - ------------------------------------- Iteration: 2 -------------------------------------
2021-08-03 14:01:26,868 - deformetrica.core.estimators.gradient_ascent - INFO - >> Log-likelihood = -3.710E+04 	 [ attachment = -3.706E+04 ; regularity = -3.346E+01 ]
2021-08-03 14:01:27,480 - deformetrica.core.estimators.gradient_ascent - INFO - >> Step size and gradient norm: 
2021-08-03 14:01:27,482 - deformetrica.core.estimators.gradient_ascent - INFO - 		5.205E-04   and   3.485E+03 	[ landmark_points ]
2021-08-03 14:01:27,483 - deformetrica.core.estimators.gradient_ascent - INFO - 		1.274E-03   and   1.364E+03 	[ momenta ]
2021-08-03 14:01:27,866 - deformetrica.core.estimators.gradient_ascent - INFO - ------------------------------------- Iteration: 3 -------------------------------------
2021-08-03 14:01:27,867 - deformetrica.core.estimators.gradient_ascent - INFO - >> Log-likelihood = -3.455E+04 	 [ attachment = -3.445E+04 ; regularity = -9.760E+01 ]
2021-08-03 14:01:28,463 - deformetrica.core.estimators.gradient_ascent - INFO - >> Step size and gradient norm: 
2021-08-03 14:01:28,464 - deformetrica.core.estimators.gradient_ascent - INFO - 		7.808E-04   and   2.921E+03 	[ landmark_points ]
2021-08-03 14:01:28,466 - deformetrica.core.estimators.gradient_ascent - INFO - 		1.911E-03   and   1.109E+03 	[ momenta ]
2021-08-03 14:01:28,809 - deformetrica.core.estimators.gradient_ascent - INFO - ------------------------------------- Iteration: 4 -------------------------------------
2021-08-03 14:01:28,810 - deformetrica.core.estimators.gradient_ascent - INFO - >> Log-likelihood = -3.203E+04 	 [ attachment = -3.182E+04 ; regularity = -2.136E+02 ]
2021-08-03 14:01:29,406 - deformetrica.core.estimators.gradient_ascent - INFO - >> Step size and gradient norm: 
2021-08-03 14:01:29,407 - deformetrica.core.estimators.gradient_ascent - INFO - 		1.171E-03   and   2.297E+03 	[ landmark_points ]
2021-08-03 14:01:29,408 - deformetrica.core.estimators.gradient_ascent - INFO - 		2.866E-03   and   8.450E+02 	[ momenta ]
2021-08-03 14:01:29,831 - deformetrica.core.estimators.gradient_ascent - INFO - ------------------------------------- Iteration: 5 -------------------------------------
2021-08-03 14:01:29,832 - deformetrica.core.estimators.gradient_ascent - INFO - >> Log-likelihood = -2.978E+04 	 [ attachment = -2.940E+04 ; regularity = -3.830E+02 ]
2021-08-03 14:01:30,465 - deformetrica.core.estimators.gradient_ascent - INFO - >> Step size and gradient norm: 
2021-08-03 14:01:30,467 - deformetrica.core.estimators.gradient_ascent - INFO - 		1.757E-03   and   1.744E+03 	[ landmark_points ]
2021-08-03 14:01:30,499 - deformetrica.core.estimators.gradient_ascent - INFO - 		4.299E-03   and   6.226E+02 	[ momenta ]
2021-08-03 14:01:31,105 - deformetrica.core.estimators.gradient_ascent - INFO - ------------------------------------- Iteration: 6 -------------------------------------
2021-08-03 14:01:31,106 - deformetrica.core.estimators.gradient_ascent - INFO - >> Log-likelihood = -2.781E+04 	 [ attachment = -2.723E+04 ; regularity = -5.849E+02 ]
2021-08-03 14:01:31,797 - deformetrica.core.estimators.gradient_ascent - INFO - >> Step size and gradient norm: 
2021-08-03 14:01:31,799 - deformetrica.core.estimators.gradient_ascent - INFO - 		2.635E-03   and   1.336E+03 	[ landmark_points ]
2021-08-03 14:01:31,801 - deformetrica.core.estimators.gradient_ascent - INFO - 		6.449E-03   and   4.732E+02 	[ momenta ]
2021-08-03 14:01:32,187 - deformetrica.core.estimators.gradient_ascent - INFO - ------------------------------------- Iteration: 7 -------------------------------------
2021-08-03 14:01:32,188 - deformetrica.core.estimators.gradient_ascent - INFO - >> Log-likelihood = -2.596E+04 	 [ attachment = -2.516E+04 ; regularity = -8.026E+02 ]
2021-08-03 14:01:32,812 - deformetrica.core.estimators.gradient_ascent - INFO - >> Step size and gradient norm: 
2021-08-03 14:01:32,814 - deformetrica.core.estimators.gradient_ascent - INFO - 		3.953E-03   and   1.054E+03 	[ landmark_points ]
2021-08-03 14:01:32,816 - deformetrica.core.estimators.gradient_ascent - INFO - 		9.674E-03   and   3.771E+02 	[ momenta ]
2021-08-03 14:01:33,116 - deformetrica.core.estimators.gradient_ascent - INFO - ------------------------------------- Iteration: 8 -------------------------------------
2021-08-03 14:01:33,118 - deformetrica.core.estimators.gradient_ascent - INFO - >> Log-likelihood = -2.411E+04 	 [ attachment = -2.304E+04 ; regularity = -1.075E+03 ]
2021-08-03 14:01:33,687 - deformetrica.core.estimators.gradient_ascent - INFO - >> Step size and gradient norm: 
2021-08-03 14:01:33,688 - deformetrica.core.estimators.gradient_ascent - INFO - 		5.929E-03   and   1.042E+03 	[ landmark_points ]
2021-08-03 14:01:33,689 - deformetrica.core.estimators.gradient_ascent - INFO - 		1.451E-02   and   3.974E+02 	[ momenta ]
2021-08-03 14:01:33,988 - deformetrica.core.estimators.gradient_ascent - INFO - ------------------------------------- Iteration: 9 -------------------------------------
2021-08-03 14:01:33,990 - deformetrica.core.estimators.gradient_ascent - INFO - >> Log-likelihood = -2.387E+04 	 [ attachment = -2.234E+04 ; regularity = -1.534E+03 ]
2021-08-03 14:01:34,548 - deformetrica.core.estimators.gradient_ascent - INFO - >> Step size and gradient norm: 
2021-08-03 14:01:34,550 - deformetrica.core.estimators.gradient_ascent - INFO - 		8.894E-03   and   5.074E+03 	[ landmark_points ]
2021-08-03 14:01:34,552 - deformetrica.core.estimators.gradient_ascent - INFO - 		2.177E-02   and   1.591E+03 	[ momenta ]
2021-08-03 14:01:35,524 - deformetrica.core.estimators.gradient_ascent - INFO - >> Step size and gradient norm: 
2021-08-03 14:01:35,525 - deformetrica.core.estimators.gradient_ascent - INFO - 		4.447E-03   and   5.074E+03 	[ landmark_points ]
2021-08-03 14:01:35,556 - deformetrica.core.estimators.gradient_ascent - INFO - 		1.088E-02   and   1.591E+03 	[ momenta ]
2021-08-03 14:01:36,756 - deformetrica.core.estimators.gradient_ascent - INFO - >> Step size and gradient norm: 
2021-08-03 14:01:36,758 - deformetrica.core.estimators.gradient_ascent - INFO - 		2.223E-03   and   5.074E+03 	[ landmark_points ]
2021-08-03 14:01:36,760 - deformetrica.core.estimators.gradient_ascent - INFO - 		5.441E-03   and   1.591E+03 	[ momenta ]
2021-08-03 14:01:37,659 - deformetrica.core.estimators.gradient_ascent - INFO - ------------------------------------- Iteration: 10 -------------------------------------
2021-08-03 14:01:37,660 - deformetrica.core.estimators.gradient_ascent - INFO - >> Log-likelihood = -2.296E+04 	 [ attachment = -2.134E+04 ; regularity = -1.620E+03 ]
2021-08-03 14:01:38,283 - deformetrica.core.estimators.gradient_ascent - INFO - >> Step size and gradient norm: 
2021-08-03 14:01:38,284 - deformetrica.core.estimators.gradient_ascent - INFO - 		2.223E-03   and   5.342E+03 	[ landmark_points ]
2021-08-03 14:01:38,286 - deformetrica.core.estimators.gradient_ascent - INFO - 		2.721E-03   and   1.500E+03 	[ momenta ]
2021-08-03 14:01:38,596 - deformetrica.core.estimators.gradient_ascent - INFO - ------------------------------------- Iteration: 11 -------------------------------------
2021-08-03 14:01:38,597 - deformetrica.core.estimators.gradient_ascent - INFO - >> Log-likelihood = -2.291E+04 	 [ attachment = -2.123E+04 ; regularity = -1.684E+03 ]
2021-08-03 14:01:39,187 - deformetrica.core.estimators.gradient_ascent - INFO - >> Step size and gradient norm: 
2021-08-03 14:01:39,188 - deformetrica.core.estimators.gradient_ascent - INFO - 		3.335E-03   and   5.753E+03 	[ landmark_points ]
2021-08-03 14:01:39,190 - deformetrica.core.estimators.gradient_ascent - INFO - 		4.081E-03   and   1.619E+03 	[ momenta ]
2021-08-03 14:01:40,425 - deformetrica.core.estimators.gradient_ascent - INFO - ------------------------------------- Iteration: 12 -------------------------------------
2021-08-03 14:01:40,426 - deformetrica.core.estimators.gradient_ascent - INFO - >> Log-likelihood = -2.239E+04 	 [ attachment = -2.068E+04 ; regularity = -1.701E+03 ]
2021-08-03 14:01:41,090 - deformetrica.core.estimators.gradient_ascent - INFO - >> Step size and gradient norm: 
2021-08-03 14:01:41,092 - deformetrica.core.estimators.gradient_ascent - INFO - 		3.335E-03   and   5.921E+03 	[ landmark_points ]
2021-08-03 14:01:41,120 - deformetrica.core.estimators.gradient_ascent - INFO - 		2.041E-03   and   1.518E+03 	[ momenta ]
2021-08-03 14:01:42,238 - deformetrica.core.estimators.gradient_ascent - INFO - ------------------------------------- Iteration: 13 -------------------------------------
2021-08-03 14:01:42,239 - deformetrica.core.estimators.gradient_ascent - INFO - >> Log-likelihood = -2.077E+04 	 [ attachment = -1.907E+04 ; regularity = -1.708E+03 ]
2021-08-03 14:01:42,958 - deformetrica.core.estimators.gradient_ascent - INFO - >> Step size and gradient norm: 
2021-08-03 14:01:42,959 - deformetrica.core.estimators.gradient_ascent - INFO - 		3.335E-03   and   3.183E+03 	[ landmark_points ]
2021-08-03 14:01:42,961 - deformetrica.core.estimators.gradient_ascent - INFO - 		1.020E-03   and   8.124E+02 	[ momenta ]
2021-08-03 14:01:43,474 - deformetrica.core.estimators.gradient_ascent - INFO - ------------------------------------- Iteration: 14 -------------------------------------
2021-08-03 14:01:43,475 - deformetrica.core.estimators.gradient_ascent - INFO - >> Log-likelihood = -2.033E+04 	 [ attachment = -1.861E+04 ; regularity = -1.718E+03 ]
2021-08-03 14:01:44,121 - deformetrica.core.estimators.gradient_ascent - INFO - >> Step size and gradient norm: 
2021-08-03 14:01:44,123 - deformetrica.core.estimators.gradient_ascent - INFO - 		5.003E-03   and   2.094E+03 	[ landmark_points ]
2021-08-03 14:01:44,124 - deformetrica.core.estimators.gradient_ascent - INFO - 		1.530E-03   and   5.986E+02 	[ momenta ]
2021-08-03 14:01:45,291 - deformetrica.core.estimators.gradient_ascent - INFO - ------------------------------------- Iteration: 15 -------------------------------------
2021-08-03 14:01:45,292 - deformetrica.core.estimators.gradient_ascent - INFO - >> Log-likelihood = -2.010E+04 	 [ attachment = -1.836E+04 ; regularity = -1.741E+03 ]
2021-08-03 14:01:45,904 - deformetrica.core.estimators.gradient_ascent - INFO - >> Step size and gradient norm: 
2021-08-03 14:01:45,906 - deformetrica.core.estimators.gradient_ascent - INFO - 		2.501E-03   and   1.822E+03 	[ landmark_points ]
2021-08-03 14:01:45,908 - deformetrica.core.estimators.gradient_ascent - INFO - 		1.530E-03   and   5.285E+02 	[ momenta ]
2021-08-03 14:01:46,230 - deformetrica.core.estimators.gradient_ascent - INFO - ------------------------------------- Iteration: 16 -------------------------------------
2021-08-03 14:01:46,232 - deformetrica.core.estimators.gradient_ascent - INFO - >> Log-likelihood = -1.991E+04 	 [ attachment = -1.816E+04 ; regularity = -1.755E+03 ]
2021-08-03 14:01:47,155 - deformetrica.core.estimators.gradient_ascent - INFO - >> Step size and gradient norm: 
2021-08-03 14:01:47,157 - deformetrica.core.estimators.gradient_ascent - INFO - 		3.752E-03   and   1.615E+03 	[ landmark_points ]
2021-08-03 14:01:47,159 - deformetrica.core.estimators.gradient_ascent - INFO - 		2.296E-03   and   4.826E+02 	[ momenta ]
2021-08-03 14:01:48,422 - deformetrica.core.estimators.gradient_ascent - INFO - ------------------------------------- Iteration: 17 -------------------------------------
2021-08-03 14:01:48,424 - deformetrica.core.estimators.gradient_ascent - INFO - >> Log-likelihood = -1.976E+04 	 [ attachment = -1.799E+04 ; regularity = -1.769E+03 ]
2021-08-03 14:01:49,074 - deformetrica.core.estimators.gradient_ascent - INFO - >> Step size and gradient norm: 
2021-08-03 14:01:49,076 - deformetrica.core.estimators.gradient_ascent - INFO - 		3.752E-03   and   1.739E+03 	[ landmark_points ]
2021-08-03 14:01:49,078 - deformetrica.core.estimators.gradient_ascent - INFO - 		1.148E-03   and   4.988E+02 	[ momenta ]
2021-08-03 14:01:49,460 - deformetrica.core.estimators.gradient_ascent - INFO - ------------------------------------- Iteration: 18 -------------------------------------
2021-08-03 14:01:49,461 - deformetrica.core.estimators.gradient_ascent - INFO - >> Log-likelihood = -1.962E+04 	 [ attachment = -1.784E+04 ; regularity = -1.779E+03 ]
2021-08-03 14:01:50,145 - deformetrica.core.estimators.gradient_ascent - INFO - >> Step size and gradient norm: 
2021-08-03 14:01:50,146 - deformetrica.core.estimators.gradient_ascent - INFO - 		5.628E-03   and   1.814E+03 	[ landmark_points ]
2021-08-03 14:01:50,148 - deformetrica.core.estimators.gradient_ascent - INFO - 		1.722E-03   and   5.286E+02 	[ momenta ]
2021-08-03 14:01:51,252 - deformetrica.core.estimators.gradient_ascent - INFO - ------------------------------------- Iteration: 19 -------------------------------------
2021-08-03 14:01:51,253 - deformetrica.core.estimators.gradient_ascent - INFO - >> Log-likelihood = -1.953E+04 	 [ attachment = -1.773E+04 ; regularity = -1.799E+03 ]
2021-08-03 14:01:51,912 - deformetrica.core.estimators.gradient_ascent - INFO - >> Step size and gradient norm: 
2021-08-03 14:01:51,913 - deformetrica.core.estimators.gradient_ascent - INFO - 		2.814E-03   and   2.091E+03 	[ landmark_points ]
2021-08-03 14:01:51,915 - deformetrica.core.estimators.gradient_ascent - INFO - 		1.722E-03   and   6.024E+02 	[ momenta ]
2021-08-03 14:01:52,246 - deformetrica.core.estimators.gradient_ascent - INFO - ------------------------------------- Iteration: 20 -------------------------------------
2021-08-03 14:01:52,247 - deformetrica.core.estimators.gradient_ascent - INFO - >> Log-likelihood = -1.947E+04 	 [ attachment = -1.766E+04 ; regularity = -1.811E+03 ]
2021-08-03 14:01:52,926 - deformetrica.core.estimators.gradient_ascent - INFO - >> Step size and gradient norm: 
2021-08-03 14:01:52,927 - deformetrica.core.estimators.gradient_ascent - INFO - 		4.221E-03   and   2.395E+03 	[ landmark_points ]
2021-08-03 14:01:52,929 - deformetrica.core.estimators.gradient_ascent - INFO - 		2.583E-03   and   6.869E+02 	[ momenta ]
2021-08-03 14:01:53,962 - deformetrica.core.estimators.gradient_ascent - INFO - >> Step size and gradient norm: 
2021-08-03 14:01:53,963 - deformetrica.core.estimators.gradient_ascent - INFO - 		2.111E-03   and   2.395E+03 	[ landmark_points ]
2021-08-03 14:01:53,965 - deformetrica.core.estimators.gradient_ascent - INFO - 		1.291E-03   and   6.869E+02 	[ momenta ]
2021-08-03 14:01:54,302 - deformetrica.core.estimators.gradient_ascent - INFO - ------------------------------------- Iteration: 21 -------------------------------------
2021-08-03 14:01:54,303 - deformetrica.core.estimators.gradient_ascent - INFO - >> Log-likelihood = -1.918E+04 	 [ attachment = -1.736E+04 ; regularity = -1.825E+03 ]
2021-08-03 14:01:54,921 - deformetrica.core.estimators.gradient_ascent - INFO - >> Step size and gradient norm: 
2021-08-03 14:01:54,923 - deformetrica.core.estimators.gradient_ascent - INFO - 		3.166E-03   and   1.525E+03 	[ landmark_points ]
2021-08-03 14:01:54,924 - deformetrica.core.estimators.gradient_ascent - INFO - 		1.937E-03   and   4.501E+02 	[ momenta ]
2021-08-03 14:01:55,274 - deformetrica.core.estimators.gradient_ascent - INFO - ------------------------------------- Iteration: 22 -------------------------------------
2021-08-03 14:01:55,275 - deformetrica.core.estimators.gradient_ascent - INFO - >> Log-likelihood = -1.917E+04 	 [ attachment = -1.733E+04 ; regularity = -1.839E+03 ]
2021-08-03 14:01:55,965 - deformetrica.core.estimators.gradient_ascent - INFO - >> Step size and gradient norm: 
2021-08-03 14:01:55,968 - deformetrica.core.estimators.gradient_ascent - INFO - 		4.749E-03   and   2.137E+03 	[ landmark_points ]
2021-08-03 14:01:55,969 - deformetrica.core.estimators.gradient_ascent - INFO - 		2.905E-03   and   6.150E+02 	[ momenta ]
2021-08-03 14:01:57,069 - deformetrica.core.estimators.gradient_ascent - INFO - >> Step size and gradient norm: 
2021-08-03 14:01:57,070 - deformetrica.core.estimators.gradient_ascent - INFO - 		2.374E-03   and   2.137E+03 	[ landmark_points ]
2021-08-03 14:01:57,071 - deformetrica.core.estimators.gradient_ascent - INFO - 		1.453E-03   and   6.150E+02 	[ momenta ]
2021-08-03 14:01:57,413 - deformetrica.core.estimators.gradient_ascent - INFO - ------------------------------------- Iteration: 23 -------------------------------------
2021-08-03 14:01:57,414 - deformetrica.core.estimators.gradient_ascent - INFO - >> Log-likelihood = -1.899E+04 	 [ attachment = -1.713E+04 ; regularity = -1.855E+03 ]
2021-08-03 14:01:58,244 - deformetrica.core.estimators.gradient_ascent - INFO - >> Step size and gradient norm: 
2021-08-03 14:01:58,246 - deformetrica.core.estimators.gradient_ascent - INFO - 		3.562E-03   and   1.786E+03 	[ landmark_points ]
2021-08-03 14:01:58,247 - deformetrica.core.estimators.gradient_ascent - INFO - 		2.179E-03   and   5.181E+02 	[ momenta ]
2021-08-03 14:01:59,396 - deformetrica.core.estimators.gradient_ascent - INFO - ------------------------------------- Iteration: 24 -------------------------------------
2021-08-03 14:01:59,397 - deformetrica.core.estimators.gradient_ascent - INFO - >> Log-likelihood = -1.886E+04 	 [ attachment = -1.700E+04 ; regularity = -1.860E+03 ]
2021-08-03 14:02:00,035 - deformetrica.core.estimators.gradient_ascent - INFO - >> Step size and gradient norm: 
2021-08-03 14:02:00,037 - deformetrica.core.estimators.gradient_ascent - INFO - 		3.562E-03   and   1.741E+03 	[ landmark_points ]
2021-08-03 14:02:00,064 - deformetrica.core.estimators.gradient_ascent - INFO - 		1.090E-03   and   4.949E+02 	[ momenta ]
2021-08-03 14:02:00,464 - deformetrica.core.estimators.gradient_ascent - INFO - ------------------------------------- Iteration: 25 -------------------------------------
2021-08-03 14:02:00,466 - deformetrica.core.estimators.gradient_ascent - INFO - >> Log-likelihood = -1.874E+04 	 [ attachment = -1.687E+04 ; regularity = -1.871E+03 ]
2021-08-03 14:02:01,387 - deformetrica.core.estimators.gradient_ascent - INFO - >> Step size and gradient norm: 
2021-08-03 14:02:01,389 - deformetrica.core.estimators.gradient_ascent - INFO - 		5.342E-03   and   1.687E+03 	[ landmark_points ]
2021-08-03 14:02:01,392 - deformetrica.core.estimators.gradient_ascent - INFO - 		1.634E-03   and   4.875E+02 	[ momenta ]
2021-08-03 14:02:02,393 - deformetrica.core.estimators.gradient_ascent - INFO - ------------------------------------- Iteration: 26 -------------------------------------
2021-08-03 14:02:02,394 - deformetrica.core.estimators.gradient_ascent - INFO - >> Log-likelihood = -1.866E+04 	 [ attachment = -1.678E+04 ; regularity = -1.880E+03 ]
2021-08-03 14:02:03,033 - deformetrica.core.estimators.gradient_ascent - INFO - >> Step size and gradient norm: 
2021-08-03 14:02:03,035 - deformetrica.core.estimators.gradient_ascent - INFO - 		2.671E-03   and   1.770E+03 	[ landmark_points ]
2021-08-03 14:02:03,036 - deformetrica.core.estimators.gradient_ascent - INFO - 		1.634E-03   and   5.121E+02 	[ momenta ]
2021-08-03 14:02:03,380 - deformetrica.core.estimators.gradient_ascent - INFO - ------------------------------------- Iteration: 27 -------------------------------------
2021-08-03 14:02:03,381 - deformetrica.core.estimators.gradient_ascent - INFO - >> Log-likelihood = -1.858E+04 	 [ attachment = -1.668E+04 ; regularity = -1.897E+03 ]
2021-08-03 14:02:03,998 - deformetrica.core.estimators.gradient_ascent - INFO - >> Step size and gradient norm: 
2021-08-03 14:02:03,999 - deformetrica.core.estimators.gradient_ascent - INFO - 		4.007E-03   and   1.873E+03 	[ landmark_points ]
2021-08-03 14:02:04,002 - deformetrica.core.estimators.gradient_ascent - INFO - 		2.451E-03   and   5.400E+02 	[ momenta ]
2021-08-03 14:02:04,950 - deformetrica.core.estimators.gradient_ascent - INFO - ------------------------------------- Iteration: 28 -------------------------------------
2021-08-03 14:02:04,951 - deformetrica.core.estimators.gradient_ascent - INFO - >> Log-likelihood = -1.856E+04 	 [ attachment = -1.666E+04 ; regularity = -1.902E+03 ]
2021-08-03 14:02:05,575 - deformetrica.core.estimators.gradient_ascent - INFO - >> Step size and gradient norm: 
2021-08-03 14:02:05,576 - deformetrica.core.estimators.gradient_ascent - INFO - 		4.007E-03   and   2.281E+03 	[ landmark_points ]
2021-08-03 14:02:05,605 - deformetrica.core.estimators.gradient_ascent - INFO - 		1.226E-03   and   6.345E+02 	[ momenta ]
2021-08-03 14:02:06,676 - deformetrica.core.estimators.gradient_ascent - INFO - ------------------------------------- Iteration: 29 -------------------------------------
2021-08-03 14:02:06,677 - deformetrica.core.estimators.gradient_ascent - INFO - >> Log-likelihood = -1.830E+04 	 [ attachment = -1.639E+04 ; regularity = -1.916E+03 ]
2021-08-03 14:02:07,314 - deformetrica.core.estimators.gradient_ascent - INFO - >> Step size and gradient norm: 
2021-08-03 14:02:07,316 - deformetrica.core.estimators.gradient_ascent - INFO - 		2.003E-03   and   1.240E+03 	[ landmark_points ]
2021-08-03 14:02:07,317 - deformetrica.core.estimators.gradient_ascent - INFO - 		1.226E-03   and   3.792E+02 	[ momenta ]
2021-08-03 14:02:07,674 - deformetrica.core.estimators.gradient_ascent - INFO - ------------------------------------- Iteration: 30 -------------------------------------
2021-08-03 14:02:07,676 - deformetrica.core.estimators.gradient_ascent - INFO - >> Log-likelihood = -1.818E+04 	 [ attachment = -1.626E+04 ; regularity = -1.920E+03 ]
2021-08-03 14:02:08,257 - deformetrica.core.estimators.gradient_ascent - INFO - >> Step size and gradient norm: 
2021-08-03 14:02:08,259 - deformetrica.core.estimators.gradient_ascent - INFO - 		3.005E-03   and   7.553E+02 	[ landmark_points ]
2021-08-03 14:02:08,260 - deformetrica.core.estimators.gradient_ascent - INFO - 		1.839E-03   and   2.458E+02 	[ momenta ]
2021-08-03 14:02:08,664 - deformetrica.core.estimators.gradient_ascent - INFO - ------------------------------------- Iteration: 31 -------------------------------------
2021-08-03 14:02:08,665 - deformetrica.core.estimators.gradient_ascent - INFO - >> Log-likelihood = -1.810E+04 	 [ attachment = -1.616E+04 ; regularity = -1.937E+03 ]
2021-08-03 14:02:09,271 - deformetrica.core.estimators.gradient_ascent - INFO - >> Step size and gradient norm: 
2021-08-03 14:02:09,272 - deformetrica.core.estimators.gradient_ascent - INFO - 		4.508E-03   and   9.338E+02 	[ landmark_points ]
2021-08-03 14:02:09,274 - deformetrica.core.estimators.gradient_ascent - INFO - 		2.758E-03   and   2.975E+02 	[ momenta ]
2021-08-03 14:02:10,242 - deformetrica.core.estimators.gradient_ascent - INFO - ------------------------------------- Iteration: 32 -------------------------------------
2021-08-03 14:02:10,243 - deformetrica.core.estimators.gradient_ascent - INFO - >> Log-likelihood = -1.804E+04 	 [ attachment = -1.610E+04 ; regularity = -1.944E+03 ]
2021-08-03 14:02:10,839 - deformetrica.core.estimators.gradient_ascent - INFO - >> Step size and gradient norm: 
2021-08-03 14:02:10,840 - deformetrica.core.estimators.gradient_ascent - INFO - 		4.508E-03   and   1.380E+03 	[ landmark_points ]
2021-08-03 14:02:10,841 - deformetrica.core.estimators.gradient_ascent - INFO - 		1.379E-03   and   3.939E+02 	[ momenta ]
2021-08-03 14:02:11,778 - deformetrica.core.estimators.gradient_ascent - INFO - ------------------------------------- Iteration: 33 -------------------------------------
2021-08-03 14:02:11,779 - deformetrica.core.estimators.gradient_ascent - INFO - >> Log-likelihood = -1.793E+04 	 [ attachment = -1.597E+04 ; regularity = -1.959E+03 ]
2021-08-03 14:02:12,427 - deformetrica.core.estimators.gradient_ascent - INFO - >> Step size and gradient norm: 
2021-08-03 14:02:12,429 - deformetrica.core.estimators.gradient_ascent - INFO - 		2.254E-03   and   1.011E+03 	[ landmark_points ]
2021-08-03 14:02:12,431 - deformetrica.core.estimators.gradient_ascent - INFO - 		1.379E-03   and   3.200E+02 	[ momenta ]
2021-08-03 14:02:12,763 - deformetrica.core.estimators.gradient_ascent - INFO - ------------------------------------- Iteration: 34 -------------------------------------
2021-08-03 14:02:12,765 - deformetrica.core.estimators.gradient_ascent - INFO - >> Log-likelihood = -1.785E+04 	 [ attachment = -1.588E+04 ; regularity = -1.964E+03 ]
2021-08-03 14:02:13,367 - deformetrica.core.estimators.gradient_ascent - INFO - >> Step size and gradient norm: 
2021-08-03 14:02:13,369 - deformetrica.core.estimators.gradient_ascent - INFO - 		3.381E-03   and   8.150E+02 	[ landmark_points ]
2021-08-03 14:02:13,370 - deformetrica.core.estimators.gradient_ascent - INFO - 		2.068E-03   and   2.545E+02 	[ momenta ]
2021-08-03 14:02:13,704 - deformetrica.core.estimators.gradient_ascent - INFO - ------------------------------------- Iteration: 35 -------------------------------------
2021-08-03 14:02:13,706 - deformetrica.core.estimators.gradient_ascent - INFO - >> Log-likelihood = -1.779E+04 	 [ attachment = -1.581E+04 ; regularity = -1.983E+03 ]
2021-08-03 14:02:14,350 - deformetrica.core.estimators.gradient_ascent - INFO - >> Step size and gradient norm: 
2021-08-03 14:02:14,351 - deformetrica.core.estimators.gradient_ascent - INFO - 		5.071E-03   and   1.212E+03 	[ landmark_points ]
2021-08-03 14:02:14,353 - deformetrica.core.estimators.gradient_ascent - INFO - 		3.103E-03   and   3.690E+02 	[ momenta ]
2021-08-03 14:02:15,357 - deformetrica.core.estimators.gradient_ascent - INFO - >> Step size and gradient norm: 
2021-08-03 14:02:15,358 - deformetrica.core.estimators.gradient_ascent - INFO - 		2.536E-03   and   1.212E+03 	[ landmark_points ]
2021-08-03 14:02:15,361 - deformetrica.core.estimators.gradient_ascent - INFO - 		1.551E-03   and   3.690E+02 	[ momenta ]
2021-08-03 14:02:15,684 - deformetrica.core.estimators.gradient_ascent - INFO - ------------------------------------- Iteration: 36 -------------------------------------
2021-08-03 14:02:15,685 - deformetrica.core.estimators.gradient_ascent - INFO - >> Log-likelihood = -1.772E+04 	 [ attachment = -1.573E+04 ; regularity = -1.988E+03 ]
2021-08-03 14:02:16,266 - deformetrica.core.estimators.gradient_ascent - INFO - >> Step size and gradient norm: 
2021-08-03 14:02:16,268 - deformetrica.core.estimators.gradient_ascent - INFO - 		3.803E-03   and   1.211E+03 	[ landmark_points ]
2021-08-03 14:02:16,298 - deformetrica.core.estimators.gradient_ascent - INFO - 		2.327E-03   and   3.506E+02 	[ momenta ]
2021-08-03 14:02:17,462 - deformetrica.core.estimators.gradient_ascent - INFO - ------------------------------------- Iteration: 37 -------------------------------------
2021-08-03 14:02:17,464 - deformetrica.core.estimators.gradient_ascent - INFO - >> Log-likelihood = -1.766E+04 	 [ attachment = -1.566E+04 ; regularity = -2.000E+03 ]
2021-08-03 14:02:18,112 - deformetrica.core.estimators.gradient_ascent - INFO - >> Step size and gradient norm: 
2021-08-03 14:02:18,114 - deformetrica.core.estimators.gradient_ascent - INFO - 		3.803E-03   and   1.329E+03 	[ landmark_points ]
2021-08-03 14:02:18,116 - deformetrica.core.estimators.gradient_ascent - INFO - 		1.163E-03   and   3.925E+02 	[ momenta ]
2021-08-03 14:02:18,471 - deformetrica.core.estimators.gradient_ascent - INFO - ------------------------------------- Iteration: 38 -------------------------------------
2021-08-03 14:02:18,472 - deformetrica.core.estimators.gradient_ascent - INFO - >> Log-likelihood = -1.760E+04 	 [ attachment = -1.560E+04 ; regularity = -2.004E+03 ]
2021-08-03 14:02:19,243 - deformetrica.core.estimators.gradient_ascent - INFO - >> Step size and gradient norm: 
2021-08-03 14:02:19,245 - deformetrica.core.estimators.gradient_ascent - INFO - 		5.705E-03   and   1.504E+03 	[ landmark_points ]
2021-08-03 14:02:19,249 - deformetrica.core.estimators.gradient_ascent - INFO - 		1.745E-03   and   4.230E+02 	[ momenta ]
2021-08-03 14:02:20,327 - deformetrica.core.estimators.gradient_ascent - INFO - ------------------------------------- Iteration: 39 -------------------------------------
2021-08-03 14:02:20,329 - deformetrica.core.estimators.gradient_ascent - INFO - >> Log-likelihood = -1.758E+04 	 [ attachment = -1.556E+04 ; regularity = -2.023E+03 ]
2021-08-03 14:02:21,016 - deformetrica.core.estimators.gradient_ascent - INFO - >> Step size and gradient norm: 
2021-08-03 14:02:21,017 - deformetrica.core.estimators.gradient_ascent - INFO - 		2.852E-03   and   1.757E+03 	[ landmark_points ]
2021-08-03 14:02:21,018 - deformetrica.core.estimators.gradient_ascent - INFO - 		1.745E-03   and   5.113E+02 	[ momenta ]
2021-08-03 14:02:21,393 - deformetrica.core.estimators.gradient_ascent - INFO - Tolerance threshold met. Stopping the optimization process.
2021-08-03 14:02:22,249 - root - INFO - >> Estimation took: 56 seconds
