2021-07-25 17:46:55,521 - root - ERROR - Logger has been set to: INFO
2021-07-25 17:46:55,576 - root - INFO - >> No initial CP spacing given: using diffeo kernel width of 40.0
2021-07-25 17:46:55,579 - root - INFO - OMP_NUM_THREADS was not found in environment variables. An automatic value will be set.
2021-07-25 17:46:55,594 - root - INFO - OMP_NUM_THREADS will be set to 2
2021-07-25 17:46:55,599 - root - INFO - >> No specified state-file. By default, Deformetrica state will by saved in file: output/deformetrica-state.p.
2021-07-25 17:46:55,609 - root - INFO - >> Removing the pre-existing state file with same path.
2021-07-25 17:46:55,643 - deformetrica.core.models.model_functions - INFO - >> Set of 16 control points defined.
2021-07-25 17:46:55,646 - deformetrica.core.models.model_functions - INFO - >> Momenta initialized to zero, for 5 subjects.
2021-07-25 17:46:55,650 - root - INFO - >> Started estimator: GradientAscent
2021-07-25 17:46:56,140 - deformetrica.core.estimators.gradient_ascent - INFO - ------------------------------------- Iteration: 0 -------------------------------------
2021-07-25 17:46:56,142 - deformetrica.core.estimators.gradient_ascent - INFO - >> Log-likelihood = -1.773E+05 	 [ attachment = -1.773E+05 ; regularity = 0.000E+00 ]
2021-07-25 17:46:56,143 - deformetrica.core.estimators.gradient_ascent - INFO - >> Step size and gradient norm: 
2021-07-25 17:46:56,145 - deformetrica.core.estimators.gradient_ascent - INFO - 		6.227E-05   and   1.606E+04 	[ landmark_points ]
2021-07-25 17:46:56,147 - deformetrica.core.estimators.gradient_ascent - INFO - 		5.306E-04   and   1.885E+03 	[ momenta ]
2021-07-25 17:46:56,213 - deformetrica.core.estimators.gradient_ascent - INFO - ------------------------------------- Iteration: 1 -------------------------------------
2021-07-25 17:46:56,214 - deformetrica.core.estimators.gradient_ascent - INFO - >> Log-likelihood = -1.748E+05 	 [ attachment = -1.748E+05 ; regularity = -1.706E+00 ]
2021-07-25 17:46:56,328 - deformetrica.core.estimators.gradient_ascent - INFO - >> Step size and gradient norm: 
2021-07-25 17:46:56,329 - deformetrica.core.estimators.gradient_ascent - INFO - 		9.340E-05   and   1.610E+04 	[ landmark_points ]
2021-07-25 17:46:56,331 - deformetrica.core.estimators.gradient_ascent - INFO - 		7.960E-04   and   1.881E+03 	[ momenta ]
2021-07-25 17:46:56,377 - deformetrica.core.estimators.gradient_ascent - INFO - ------------------------------------- Iteration: 2 -------------------------------------
2021-07-25 17:46:56,378 - deformetrica.core.estimators.gradient_ascent - INFO - >> Log-likelihood = -1.711E+05 	 [ attachment = -1.711E+05 ; regularity = -1.066E+01 ]
2021-07-25 17:46:56,488 - deformetrica.core.estimators.gradient_ascent - INFO - >> Step size and gradient norm: 
2021-07-25 17:46:56,489 - deformetrica.core.estimators.gradient_ascent - INFO - 		1.401E-04   and   1.612E+04 	[ landmark_points ]
2021-07-25 17:46:56,491 - deformetrica.core.estimators.gradient_ascent - INFO - 		1.194E-03   and   1.873E+03 	[ momenta ]
2021-07-25 17:46:56,541 - deformetrica.core.estimators.gradient_ascent - INFO - ------------------------------------- Iteration: 3 -------------------------------------
2021-07-25 17:46:56,543 - deformetrica.core.estimators.gradient_ascent - INFO - >> Log-likelihood = -1.655E+05 	 [ attachment = -1.655E+05 ; regularity = -3.841E+01 ]
2021-07-25 17:46:56,636 - deformetrica.core.estimators.gradient_ascent - INFO - >> Step size and gradient norm: 
2021-07-25 17:46:56,637 - deformetrica.core.estimators.gradient_ascent - INFO - 		2.102E-04   and   1.605E+04 	[ landmark_points ]
2021-07-25 17:46:56,639 - deformetrica.core.estimators.gradient_ascent - INFO - 		1.791E-03   and   1.853E+03 	[ momenta ]
2021-07-25 17:46:56,682 - deformetrica.core.estimators.gradient_ascent - INFO - ------------------------------------- Iteration: 4 -------------------------------------
2021-07-25 17:46:56,684 - deformetrica.core.estimators.gradient_ascent - INFO - >> Log-likelihood = -1.574E+05 	 [ attachment = -1.573E+05 ; regularity = -1.115E+02 ]
2021-07-25 17:46:56,780 - deformetrica.core.estimators.gradient_ascent - INFO - >> Step size and gradient norm: 
2021-07-25 17:46:56,781 - deformetrica.core.estimators.gradient_ascent - INFO - 		3.152E-04   and   1.575E+04 	[ landmark_points ]
2021-07-25 17:46:56,782 - deformetrica.core.estimators.gradient_ascent - INFO - 		2.686E-03   and   1.809E+03 	[ momenta ]
2021-07-25 17:46:56,831 - deformetrica.core.estimators.gradient_ascent - INFO - ------------------------------------- Iteration: 5 -------------------------------------
2021-07-25 17:46:56,832 - deformetrica.core.estimators.gradient_ascent - INFO - >> Log-likelihood = -1.460E+05 	 [ attachment = -1.457E+05 ; regularity = -2.880E+02 ]
2021-07-25 17:46:56,932 - deformetrica.core.estimators.gradient_ascent - INFO - >> Step size and gradient norm: 
2021-07-25 17:46:56,933 - deformetrica.core.estimators.gradient_ascent - INFO - 		4.729E-04   and   1.492E+04 	[ landmark_points ]
2021-07-25 17:46:56,934 - deformetrica.core.estimators.gradient_ascent - INFO - 		4.030E-03   and   1.723E+03 	[ momenta ]
2021-07-25 17:46:56,993 - deformetrica.core.estimators.gradient_ascent - INFO - ------------------------------------- Iteration: 6 -------------------------------------
2021-07-25 17:46:56,995 - deformetrica.core.estimators.gradient_ascent - INFO - >> Log-likelihood = -1.309E+05 	 [ attachment = -1.302E+05 ; regularity = -6.823E+02 ]
2021-07-25 17:46:57,095 - deformetrica.core.estimators.gradient_ascent - INFO - >> Step size and gradient norm: 
2021-07-25 17:46:57,096 - deformetrica.core.estimators.gradient_ascent - INFO - 		7.093E-04   and   1.314E+04 	[ landmark_points ]
2021-07-25 17:46:57,098 - deformetrica.core.estimators.gradient_ascent - INFO - 		6.044E-03   and   1.581E+03 	[ momenta ]
2021-07-25 17:46:57,145 - deformetrica.core.estimators.gradient_ascent - INFO - ------------------------------------- Iteration: 7 -------------------------------------
2021-07-25 17:46:57,146 - deformetrica.core.estimators.gradient_ascent - INFO - >> Log-likelihood = -1.126E+05 	 [ attachment = -1.111E+05 ; regularity = -1.487E+03 ]
2021-07-25 17:46:57,243 - deformetrica.core.estimators.gradient_ascent - INFO - >> Step size and gradient norm: 
2021-07-25 17:46:57,244 - deformetrica.core.estimators.gradient_ascent - INFO - 		1.064E-03   and   1.016E+04 	[ landmark_points ]
2021-07-25 17:46:57,245 - deformetrica.core.estimators.gradient_ascent - INFO - 		9.067E-03   and   1.375E+03 	[ momenta ]
2021-07-25 17:46:57,297 - deformetrica.core.estimators.gradient_ascent - INFO - ------------------------------------- Iteration: 8 -------------------------------------
2021-07-25 17:46:57,299 - deformetrica.core.estimators.gradient_ascent - INFO - >> Log-likelihood = -9.337E+04 	 [ attachment = -9.044E+04 ; regularity = -2.933E+03 ]
2021-07-25 17:46:57,394 - deformetrica.core.estimators.gradient_ascent - INFO - >> Step size and gradient norm: 
2021-07-25 17:46:57,395 - deformetrica.core.estimators.gradient_ascent - INFO - 		1.596E-03   and   6.700E+03 	[ landmark_points ]
2021-07-25 17:46:57,396 - deformetrica.core.estimators.gradient_ascent - INFO - 		1.360E-02   and   1.068E+03 	[ momenta ]
2021-07-25 17:46:57,443 - deformetrica.core.estimators.gradient_ascent - INFO - ------------------------------------- Iteration: 9 -------------------------------------
2021-07-25 17:46:57,445 - deformetrica.core.estimators.gradient_ascent - INFO - >> Log-likelihood = -7.685E+04 	 [ attachment = -7.184E+04 ; regularity = -5.013E+03 ]
2021-07-25 17:46:57,542 - deformetrica.core.estimators.gradient_ascent - INFO - >> Step size and gradient norm: 
2021-07-25 17:46:57,543 - deformetrica.core.estimators.gradient_ascent - INFO - 		2.394E-03   and   4.596E+03 	[ landmark_points ]
2021-07-25 17:46:57,545 - deformetrica.core.estimators.gradient_ascent - INFO - 		2.040E-02   and   7.385E+02 	[ momenta ]
2021-07-25 17:46:57,590 - deformetrica.core.estimators.gradient_ascent - INFO - ------------------------------------- Iteration: 10 -------------------------------------
2021-07-25 17:46:57,591 - deformetrica.core.estimators.gradient_ascent - INFO - >> Log-likelihood = -6.346E+04 	 [ attachment = -5.629E+04 ; regularity = -7.174E+03 ]
2021-07-25 17:46:57,683 - deformetrica.core.estimators.gradient_ascent - INFO - >> Step size and gradient norm: 
2021-07-25 17:46:57,685 - deformetrica.core.estimators.gradient_ascent - INFO - 		3.591E-03   and   3.390E+03 	[ landmark_points ]
2021-07-25 17:46:57,686 - deformetrica.core.estimators.gradient_ascent - INFO - 		3.060E-02   and   5.527E+02 	[ momenta ]
2021-07-25 17:46:57,732 - deformetrica.core.estimators.gradient_ascent - INFO - ------------------------------------- Iteration: 11 -------------------------------------
2021-07-25 17:46:57,733 - deformetrica.core.estimators.gradient_ascent - INFO - >> Log-likelihood = -5.136E+04 	 [ attachment = -4.208E+04 ; regularity = -9.275E+03 ]
2021-07-25 17:46:57,831 - deformetrica.core.estimators.gradient_ascent - INFO - >> Step size and gradient norm: 
2021-07-25 17:46:57,832 - deformetrica.core.estimators.gradient_ascent - INFO - 		5.386E-03   and   2.687E+03 	[ landmark_points ]
2021-07-25 17:46:57,833 - deformetrica.core.estimators.gradient_ascent - INFO - 		4.590E-02   and   4.198E+02 	[ momenta ]
2021-07-25 17:46:57,878 - deformetrica.core.estimators.gradient_ascent - INFO - ------------------------------------- Iteration: 12 -------------------------------------
2021-07-25 17:46:57,879 - deformetrica.core.estimators.gradient_ascent - INFO - >> Log-likelihood = -4.278E+04 	 [ attachment = -3.197E+04 ; regularity = -1.081E+04 ]
2021-07-25 17:46:57,976 - deformetrica.core.estimators.gradient_ascent - INFO - >> Step size and gradient norm: 
2021-07-25 17:46:57,977 - deformetrica.core.estimators.gradient_ascent - INFO - 		8.079E-03   and   5.125E+03 	[ landmark_points ]
2021-07-25 17:46:57,979 - deformetrica.core.estimators.gradient_ascent - INFO - 		6.885E-02   and   6.106E+02 	[ momenta ]
2021-07-25 17:46:58,100 - deformetrica.core.estimators.gradient_ascent - INFO - >> Step size and gradient norm: 
2021-07-25 17:46:58,101 - deformetrica.core.estimators.gradient_ascent - INFO - 		4.040E-03   and   5.125E+03 	[ landmark_points ]
2021-07-25 17:46:58,102 - deformetrica.core.estimators.gradient_ascent - INFO - 		3.442E-02   and   6.106E+02 	[ momenta ]
2021-07-25 17:46:58,225 - deformetrica.core.estimators.gradient_ascent - INFO - ------------------------------------- Iteration: 13 -------------------------------------
2021-07-25 17:46:58,226 - deformetrica.core.estimators.gradient_ascent - INFO - >> Log-likelihood = -4.135E+04 	 [ attachment = -2.962E+04 ; regularity = -1.173E+04 ]
2021-07-25 17:46:58,320 - deformetrica.core.estimators.gradient_ascent - INFO - >> Step size and gradient norm: 
2021-07-25 17:46:58,321 - deformetrica.core.estimators.gradient_ascent - INFO - 		4.040E-03   and   7.281E+03 	[ landmark_points ]
2021-07-25 17:46:58,323 - deformetrica.core.estimators.gradient_ascent - INFO - 		1.721E-02   and   8.628E+02 	[ momenta ]
2021-07-25 17:46:58,437 - deformetrica.core.estimators.gradient_ascent - INFO - ------------------------------------- Iteration: 14 -------------------------------------
2021-07-25 17:46:58,439 - deformetrica.core.estimators.gradient_ascent - INFO - >> Log-likelihood = -3.759E+04 	 [ attachment = -2.655E+04 ; regularity = -1.104E+04 ]
2021-07-25 17:46:58,535 - deformetrica.core.estimators.gradient_ascent - INFO - >> Step size and gradient norm: 
2021-07-25 17:46:58,536 - deformetrica.core.estimators.gradient_ascent - INFO - 		4.040E-03   and   5.690E+03 	[ landmark_points ]
2021-07-25 17:46:58,537 - deformetrica.core.estimators.gradient_ascent - INFO - 		8.606E-03   and   5.880E+02 	[ momenta ]
2021-07-25 17:46:58,581 - deformetrica.core.estimators.gradient_ascent - INFO - ------------------------------------- Iteration: 15 -------------------------------------
2021-07-25 17:46:58,583 - deformetrica.core.estimators.gradient_ascent - INFO - >> Log-likelihood = -3.505E+04 	 [ attachment = -2.353E+04 ; regularity = -1.153E+04 ]
2021-07-25 17:46:58,672 - deformetrica.core.estimators.gradient_ascent - INFO - >> Step size and gradient norm: 
2021-07-25 17:46:58,673 - deformetrica.core.estimators.gradient_ascent - INFO - 		6.059E-03   and   3.865E+03 	[ landmark_points ]
2021-07-25 17:46:58,675 - deformetrica.core.estimators.gradient_ascent - INFO - 		1.291E-02   and   4.909E+02 	[ momenta ]
2021-07-25 17:46:58,719 - deformetrica.core.estimators.gradient_ascent - INFO - ------------------------------------- Iteration: 16 -------------------------------------
2021-07-25 17:46:58,721 - deformetrica.core.estimators.gradient_ascent - INFO - >> Log-likelihood = -3.422E+04 	 [ attachment = -2.329E+04 ; regularity = -1.093E+04 ]
2021-07-25 17:46:58,814 - deformetrica.core.estimators.gradient_ascent - INFO - >> Step size and gradient norm: 
2021-07-25 17:46:58,815 - deformetrica.core.estimators.gradient_ascent - INFO - 		9.089E-03   and   6.703E+03 	[ landmark_points ]
2021-07-25 17:46:58,817 - deformetrica.core.estimators.gradient_ascent - INFO - 		1.936E-02   and   6.697E+02 	[ momenta ]
2021-07-25 17:46:58,939 - deformetrica.core.estimators.gradient_ascent - INFO - >> Step size and gradient norm: 
2021-07-25 17:46:58,940 - deformetrica.core.estimators.gradient_ascent - INFO - 		4.545E-03   and   6.703E+03 	[ landmark_points ]
2021-07-25 17:46:58,941 - deformetrica.core.estimators.gradient_ascent - INFO - 		9.682E-03   and   6.697E+02 	[ momenta ]
2021-07-25 17:46:58,991 - deformetrica.core.estimators.gradient_ascent - INFO - ------------------------------------- Iteration: 17 -------------------------------------
2021-07-25 17:46:58,992 - deformetrica.core.estimators.gradient_ascent - INFO - >> Log-likelihood = -3.260E+04 	 [ attachment = -2.103E+04 ; regularity = -1.157E+04 ]
2021-07-25 17:46:59,081 - deformetrica.core.estimators.gradient_ascent - INFO - >> Step size and gradient norm: 
2021-07-25 17:46:59,082 - deformetrica.core.estimators.gradient_ascent - INFO - 		6.817E-03   and   5.851E+03 	[ landmark_points ]
2021-07-25 17:46:59,083 - deformetrica.core.estimators.gradient_ascent - INFO - 		1.452E-02   and   6.843E+02 	[ momenta ]
2021-07-25 17:46:59,219 - deformetrica.core.estimators.gradient_ascent - INFO - ------------------------------------- Iteration: 18 -------------------------------------
2021-07-25 17:46:59,220 - deformetrica.core.estimators.gradient_ascent - INFO - >> Log-likelihood = -3.224E+04 	 [ attachment = -2.165E+04 ; regularity = -1.059E+04 ]
2021-07-25 17:46:59,323 - deformetrica.core.estimators.gradient_ascent - INFO - >> Step size and gradient norm: 
2021-07-25 17:46:59,324 - deformetrica.core.estimators.gradient_ascent - INFO - 		3.408E-03   and   7.335E+03 	[ landmark_points ]
2021-07-25 17:46:59,326 - deformetrica.core.estimators.gradient_ascent - INFO - 		1.452E-02   and   7.447E+02 	[ momenta ]
2021-07-25 17:46:59,369 - deformetrica.core.estimators.gradient_ascent - INFO - ------------------------------------- Iteration: 19 -------------------------------------
2021-07-25 17:46:59,370 - deformetrica.core.estimators.gradient_ascent - INFO - >> Log-likelihood = -3.207E+04 	 [ attachment = -2.042E+04 ; regularity = -1.165E+04 ]
2021-07-25 17:46:59,463 - deformetrica.core.estimators.gradient_ascent - INFO - >> Step size and gradient norm: 
2021-07-25 17:46:59,464 - deformetrica.core.estimators.gradient_ascent - INFO - 		5.113E-03   and   7.689E+03 	[ landmark_points ]
2021-07-25 17:46:59,465 - deformetrica.core.estimators.gradient_ascent - INFO - 		2.178E-02   and   8.756E+02 	[ momenta ]
2021-07-25 17:46:59,581 - deformetrica.core.estimators.gradient_ascent - INFO - >> Step size and gradient norm: 
2021-07-25 17:46:59,583 - deformetrica.core.estimators.gradient_ascent - INFO - 		2.556E-03   and   7.689E+03 	[ landmark_points ]
2021-07-25 17:46:59,584 - deformetrica.core.estimators.gradient_ascent - INFO - 		1.089E-02   and   8.756E+02 	[ momenta ]
2021-07-25 17:46:59,625 - deformetrica.core.estimators.gradient_ascent - INFO - ------------------------------------- Iteration: 20 -------------------------------------
2021-07-25 17:46:59,626 - deformetrica.core.estimators.gradient_ascent - INFO - >> Log-likelihood = -2.916E+04 	 [ attachment = -1.848E+04 ; regularity = -1.069E+04 ]
2021-07-25 17:46:59,715 - deformetrica.core.estimators.gradient_ascent - INFO - >> Step size and gradient norm: 
2021-07-25 17:46:59,716 - deformetrica.core.estimators.gradient_ascent - INFO - 		3.834E-03   and   5.309E+03 	[ landmark_points ]
2021-07-25 17:46:59,717 - deformetrica.core.estimators.gradient_ascent - INFO - 		1.634E-02   and   5.318E+02 	[ momenta ]
2021-07-25 17:46:59,835 - deformetrica.core.estimators.gradient_ascent - INFO - ------------------------------------- Iteration: 21 -------------------------------------
2021-07-25 17:46:59,836 - deformetrica.core.estimators.gradient_ascent - INFO - >> Log-likelihood = -2.758E+04 	 [ attachment = -1.655E+04 ; regularity = -1.103E+04 ]
2021-07-25 17:46:59,931 - deformetrica.core.estimators.gradient_ascent - INFO - >> Step size and gradient norm: 
2021-07-25 17:46:59,933 - deformetrica.core.estimators.gradient_ascent - INFO - 		3.834E-03   and   3.192E+03 	[ landmark_points ]
2021-07-25 17:46:59,936 - deformetrica.core.estimators.gradient_ascent - INFO - 		8.169E-03   and   3.777E+02 	[ momenta ]
2021-07-25 17:46:59,984 - deformetrica.core.estimators.gradient_ascent - INFO - ------------------------------------- Iteration: 22 -------------------------------------
2021-07-25 17:46:59,986 - deformetrica.core.estimators.gradient_ascent - INFO - >> Log-likelihood = -2.662E+04 	 [ attachment = -1.590E+04 ; regularity = -1.073E+04 ]
2021-07-25 17:47:00,091 - deformetrica.core.estimators.gradient_ascent - INFO - >> Step size and gradient norm: 
2021-07-25 17:47:00,093 - deformetrica.core.estimators.gradient_ascent - INFO - 		5.752E-03   and   2.542E+03 	[ landmark_points ]
2021-07-25 17:47:00,094 - deformetrica.core.estimators.gradient_ascent - INFO - 		1.225E-02   and   2.491E+02 	[ momenta ]
2021-07-25 17:47:00,160 - deformetrica.core.estimators.gradient_ascent - INFO - ------------------------------------- Iteration: 23 -------------------------------------
2021-07-25 17:47:00,161 - deformetrica.core.estimators.gradient_ascent - INFO - >> Log-likelihood = -2.614E+04 	 [ attachment = -1.528E+04 ; regularity = -1.087E+04 ]
2021-07-25 17:47:00,254 - deformetrica.core.estimators.gradient_ascent - INFO - >> Step size and gradient norm: 
2021-07-25 17:47:00,256 - deformetrica.core.estimators.gradient_ascent - INFO - 		8.628E-03   and   3.151E+03 	[ landmark_points ]
2021-07-25 17:47:00,257 - deformetrica.core.estimators.gradient_ascent - INFO - 		1.838E-02   and   3.817E+02 	[ momenta ]
2021-07-25 17:47:00,391 - deformetrica.core.estimators.gradient_ascent - INFO - >> Step size and gradient norm: 
2021-07-25 17:47:00,392 - deformetrica.core.estimators.gradient_ascent - INFO - 		4.314E-03   and   3.151E+03 	[ landmark_points ]
2021-07-25 17:47:00,394 - deformetrica.core.estimators.gradient_ascent - INFO - 		9.190E-03   and   3.817E+02 	[ momenta ]
2021-07-25 17:47:00,439 - deformetrica.core.estimators.gradient_ascent - INFO - ------------------------------------- Iteration: 24 -------------------------------------
2021-07-25 17:47:00,440 - deformetrica.core.estimators.gradient_ascent - INFO - >> Log-likelihood = -2.547E+04 	 [ attachment = -1.496E+04 ; regularity = -1.051E+04 ]
2021-07-25 17:47:00,543 - deformetrica.core.estimators.gradient_ascent - INFO - >> Step size and gradient norm: 
2021-07-25 17:47:00,544 - deformetrica.core.estimators.gradient_ascent - INFO - 		6.471E-03   and   3.199E+03 	[ landmark_points ]
2021-07-25 17:47:00,545 - deformetrica.core.estimators.gradient_ascent - INFO - 		1.379E-02   and   3.020E+02 	[ momenta ]
2021-07-25 17:47:00,685 - deformetrica.core.estimators.gradient_ascent - INFO - ------------------------------------- Iteration: 25 -------------------------------------
2021-07-25 17:47:00,687 - deformetrica.core.estimators.gradient_ascent - INFO - >> Log-likelihood = -2.503E+04 	 [ attachment = -1.442E+04 ; regularity = -1.061E+04 ]
2021-07-25 17:47:00,909 - root - INFO - >> Estimation took: 05 seconds
